Lmod has detected the following error: The following module(s) are unknown:
"python/3.10"

Please check the spelling or version number. Also try "module spider ..."
It is also possible your cache file is out-of-date; it may help to try:
  $ module --ignore_cache load "python/3.10"

Also make sure that all modulefiles written in TCL start with the string
#%Module



[INFO] CNN+BiLSTM | TRAIN=130703 | VAL=2804
=== DEVICE: cuda ===
=== START TRAIN ===
[E01] b0000 | loss=1.6075 | acc=0.219
[E01] b0010 | loss=1.3246 | acc=0.367
[E01] b0020 | loss=1.1643 | acc=0.523
[E01] b0030 | loss=0.9232 | acc=0.648
[E01] b0040 | loss=0.8577 | acc=0.758
[E01] b0050 | loss=0.8889 | acc=0.680
[E01] b0060 | loss=0.7649 | acc=0.711
[E01] b0070 | loss=0.7955 | acc=0.703
[E01] b0080 | loss=0.8193 | acc=0.719
[E01] b0090 | loss=0.7553 | acc=0.758
[E01] b0100 | loss=0.7604 | acc=0.773
[E01] b0110 | loss=0.8142 | acc=0.758
[E01] b0120 | loss=0.7650 | acc=0.695
[E01] b0130 | loss=0.6077 | acc=0.812
[E01] b0140 | loss=0.8444 | acc=0.672
[E01] b0150 | loss=0.7879 | acc=0.750
[E01] b0160 | loss=0.7234 | acc=0.734
[E01] b0170 | loss=0.8128 | acc=0.742
[E01] b0180 | loss=0.7018 | acc=0.781
[E01] b0190 | loss=0.7651 | acc=0.711
[E01] b0200 | loss=0.7039 | acc=0.797
[E01] b0210 | loss=0.8109 | acc=0.711
[E01] b0220 | loss=0.6765 | acc=0.734
[E01] b0230 | loss=0.8198 | acc=0.719
[E01] b0240 | loss=0.6921 | acc=0.805
[E01] b0250 | loss=0.6960 | acc=0.758
[E01] b0260 | loss=0.6092 | acc=0.836
[E01] b0270 | loss=0.7708 | acc=0.727
[E01] b0280 | loss=0.5910 | acc=0.820
[E01] b0290 | loss=0.6547 | acc=0.797
[E01] b0300 | loss=0.7071 | acc=0.742
[E01] b0310 | loss=0.6214 | acc=0.797
[E01] b0320 | loss=0.7940 | acc=0.695
[E01] b0330 | loss=0.7062 | acc=0.773
[E01] b0340 | loss=0.8031 | acc=0.750
[E01] b0350 | loss=0.6968 | acc=0.805
[E01] b0360 | loss=0.7213 | acc=0.742
[E01] b0370 | loss=0.7244 | acc=0.758
[E01] b0380 | loss=0.6376 | acc=0.820
[E01] b0390 | loss=0.4972 | acc=0.898
[E01] b0400 | loss=0.6349 | acc=0.758
[E01] b0410 | loss=0.5989 | acc=0.820
[E01] b0420 | loss=0.6621 | acc=0.789
[E01] b0430 | loss=0.6394 | acc=0.812
[E01] b0440 | loss=0.7347 | acc=0.781
[E01] b0450 | loss=0.5894 | acc=0.828
[E01] b0460 | loss=0.6065 | acc=0.812
[E01] b0470 | loss=0.6338 | acc=0.773
[E01] b0480 | loss=0.6074 | acc=0.820
[E01] b0490 | loss=0.5763 | acc=0.812
[E01] b0500 | loss=0.6908 | acc=0.805
[E01] b0510 | loss=0.5998 | acc=0.805
[E01] b0520 | loss=0.7653 | acc=0.719
[E01] b0530 | loss=0.7401 | acc=0.750
[E01] b0540 | loss=0.7569 | acc=0.758
[E01] b0550 | loss=0.5842 | acc=0.836
[E01] b0560 | loss=0.6609 | acc=0.820
[E01] b0570 | loss=0.6074 | acc=0.867
[E01] b0580 | loss=0.5756 | acc=0.836
[E01] b0590 | loss=0.6948 | acc=0.758
[E01] b0600 | loss=0.5257 | acc=0.867
[E01] b0610 | loss=0.7066 | acc=0.773
[E01] b0620 | loss=0.5792 | acc=0.820
[E01] b0630 | loss=0.6268 | acc=0.773
[E01] b0640 | loss=0.6723 | acc=0.852
[E01] b0650 | loss=0.5406 | acc=0.859
[E01] b0660 | loss=0.6049 | acc=0.828
[E01] b0670 | loss=0.7108 | acc=0.789
[E01] b0680 | loss=0.5645 | acc=0.820
[E01] b0690 | loss=0.6138 | acc=0.852
[E01] b0700 | loss=0.5830 | acc=0.852
[E01] b0710 | loss=0.7351 | acc=0.727
[E01] b0720 | loss=0.6385 | acc=0.828
[E01] b0730 | loss=0.6095 | acc=0.828
[E01] b0740 | loss=0.6438 | acc=0.812
[E01] b0750 | loss=0.5760 | acc=0.852
[E01] b0760 | loss=0.5525 | acc=0.828
[E01] b0770 | loss=0.6069 | acc=0.828
[E01] b0780 | loss=0.6759 | acc=0.797
[E01] b0790 | loss=0.6884 | acc=0.773
[E01] b0800 | loss=0.6360 | acc=0.781
[E01] b0810 | loss=0.6892 | acc=0.805
[E01] b0820 | loss=0.5944 | acc=0.852
[E01] b0830 | loss=0.6032 | acc=0.828
[E01] b0840 | loss=0.5321 | acc=0.828
[E01] b0850 | loss=0.6479 | acc=0.773
[E01] b0860 | loss=0.6319 | acc=0.820
[E01] b0870 | loss=0.6748 | acc=0.789
[E01] b0880 | loss=0.5566 | acc=0.852
[E01] b0890 | loss=0.6806 | acc=0.805
[E01] b0900 | loss=0.6084 | acc=0.852
[E01] b0910 | loss=0.6120 | acc=0.797
[E01] b0920 | loss=0.6676 | acc=0.781
[E01] b0930 | loss=0.5899 | acc=0.836
[E01] b0940 | loss=0.6601 | acc=0.828
[E01] b0950 | loss=0.6082 | acc=0.805
[E01] b0960 | loss=0.5989 | acc=0.844
[E01] b0970 | loss=0.6447 | acc=0.797
[E01] b0980 | loss=0.6571 | acc=0.812
[E01] b0990 | loss=0.6022 | acc=0.820
[E01] b1000 | loss=0.5633 | acc=0.836
[E01] b1010 | loss=0.6414 | acc=0.812
[E01] b1020 | loss=0.5955 | acc=0.789
[E01] total_loss=700.338 | VAL acc=0.874 | F1=0.704 | kappa=0.761
[SAVE] New best BiLSTM (by F1)
[E02] b0000 | loss=0.7261 | acc=0.766
[E02] b0010 | loss=0.6175 | acc=0.852
[E02] b0020 | loss=0.6049 | acc=0.820
[E02] b0030 | loss=0.5867 | acc=0.812
[E02] b0040 | loss=0.6565 | acc=0.820
[E02] b0050 | loss=0.6118 | acc=0.797
[E02] b0060 | loss=0.5867 | acc=0.844
[E02] b0070 | loss=0.5798 | acc=0.828
[E02] b0080 | loss=0.5819 | acc=0.820
[E02] b0090 | loss=0.6672 | acc=0.812
[E02] b0100 | loss=0.6013 | acc=0.828
[E02] b0110 | loss=0.5328 | acc=0.836
[E02] b0120 | loss=0.5002 | acc=0.883
[E02] b0130 | loss=0.5542 | acc=0.836
[E02] b0140 | loss=0.6742 | acc=0.797
[E02] b0150 | loss=0.5236 | acc=0.883
[E02] b0160 | loss=0.5708 | acc=0.844
[E02] b0170 | loss=0.7208 | acc=0.688
[E02] b0180 | loss=0.5928 | acc=0.852
[E02] b0190 | loss=0.6594 | acc=0.797
[E02] b0200 | loss=0.5846 | acc=0.836
[E02] b0210 | loss=0.5380 | acc=0.891
[E02] b0220 | loss=0.6001 | acc=0.789
[E02] b0230 | loss=0.6979 | acc=0.758
[E02] b0240 | loss=0.5997 | acc=0.812
[E02] b0250 | loss=0.7078 | acc=0.750
[E02] b0260 | loss=0.6206 | acc=0.836
[E02] b0270 | loss=0.6287 | acc=0.836
[E02] b0280 | loss=0.5706 | acc=0.852
[E02] b0290 | loss=0.5918 | acc=0.852
[E02] b0300 | loss=0.6168 | acc=0.812
[E02] b0310 | loss=0.5993 | acc=0.805
[E02] b0320 | loss=0.5678 | acc=0.805
[E02] b0330 | loss=0.5142 | acc=0.875
[E02] b0340 | loss=0.5474 | acc=0.859
[E02] b0350 | loss=0.6344 | acc=0.805
[E02] b0360 | loss=0.6547 | acc=0.773
[E02] b0370 | loss=0.6722 | acc=0.766
[E02] b0380 | loss=0.6235 | acc=0.828
[E02] b0390 | loss=0.5026 | acc=0.859
[E02] b0400 | loss=0.6496 | acc=0.828
[E02] b0410 | loss=0.6382 | acc=0.805
[E02] b0420 | loss=0.6324 | acc=0.789
[E02] b0430 | loss=0.5087 | acc=0.883
[E02] b0440 | loss=0.5091 | acc=0.844
[E02] b0450 | loss=0.7834 | acc=0.734
[E02] b0460 | loss=0.5932 | acc=0.836
[E02] b0470 | loss=0.5948 | acc=0.836
[E02] b0480 | loss=0.6437 | acc=0.812
[E02] b0490 | loss=0.6616 | acc=0.820
[E02] b0500 | loss=0.5632 | acc=0.883
[E02] b0510 | loss=0.5494 | acc=0.867
[E02] b0520 | loss=0.4833 | acc=0.883
[E02] b0530 | loss=0.5576 | acc=0.852
[E02] b0540 | loss=0.6112 | acc=0.820
[E02] b0550 | loss=0.5628 | acc=0.828
[E02] b0560 | loss=0.4943 | acc=0.891
[E02] b0570 | loss=0.5144 | acc=0.852
[E02] b0580 | loss=0.5383 | acc=0.859
[E02] b0590 | loss=0.5884 | acc=0.844
[E02] b0600 | loss=0.6078 | acc=0.805
[E02] b0610 | loss=0.5060 | acc=0.852
[E02] b0620 | loss=0.5508 | acc=0.859
[E02] b0630 | loss=0.5115 | acc=0.859
[E02] b0640 | loss=0.5565 | acc=0.844
[E02] b0650 | loss=0.4865 | acc=0.883
[E02] b0660 | loss=0.6662 | acc=0.805
[E02] b0670 | loss=0.5518 | acc=0.805
[E02] b0680 | loss=0.5227 | acc=0.867
[E02] b0690 | loss=0.5178 | acc=0.852
[E02] b0700 | loss=0.5974 | acc=0.820
[E02] b0710 | loss=0.6268 | acc=0.828
[E02] b0720 | loss=0.6525 | acc=0.812
[E02] b0730 | loss=0.5338 | acc=0.859
[E02] b0740 | loss=0.5923 | acc=0.812
[E02] b0750 | loss=0.6895 | acc=0.797
[E02] b0760 | loss=0.6378 | acc=0.805
[E02] b0770 | loss=0.5598 | acc=0.828
[E02] b0780 | loss=0.5743 | acc=0.867
[E02] b0790 | loss=0.5759 | acc=0.820
[E02] b0800 | loss=0.5724 | acc=0.836
[E02] b0810 | loss=0.5205 | acc=0.836
[E02] b0820 | loss=0.5664 | acc=0.836
[E02] b0830 | loss=0.5070 | acc=0.891
[E02] b0840 | loss=0.5611 | acc=0.805
[E02] b0850 | loss=0.4649 | acc=0.891
[E02] b0860 | loss=0.5955 | acc=0.820
[E02] b0870 | loss=0.5466 | acc=0.828
[E02] b0880 | loss=0.4501 | acc=0.906
[E02] b0890 | loss=0.5391 | acc=0.852
[E02] b0900 | loss=0.5817 | acc=0.859
[E02] b0910 | loss=0.6029 | acc=0.820
[E02] b0920 | loss=0.6336 | acc=0.773
[E02] b0930 | loss=0.6527 | acc=0.797
[E02] b0940 | loss=0.5504 | acc=0.844
[E02] b0950 | loss=0.6052 | acc=0.812
[E02] b0960 | loss=0.5903 | acc=0.805
[E02] b0970 | loss=0.6408 | acc=0.820
[E02] b0980 | loss=0.5360 | acc=0.828
[E02] b0990 | loss=0.5515 | acc=0.859
[E02] b1000 | loss=0.5688 | acc=0.828
[E02] b1010 | loss=0.6021 | acc=0.828
[E02] b1020 | loss=0.5766 | acc=0.836
[E02] total_loss=591.244 | VAL acc=0.916 | F1=0.770 | kappa=0.835
[SAVE] New best BiLSTM (by F1)
[E03] b0000 | loss=0.5301 | acc=0.875
[E03] b0010 | loss=0.5749 | acc=0.828
[E03] b0020 | loss=0.5017 | acc=0.898
[E03] b0030 | loss=0.4988 | acc=0.867
[E03] b0040 | loss=0.6266 | acc=0.805
[E03] b0050 | loss=0.5614 | acc=0.867
[E03] b0060 | loss=0.6132 | acc=0.820
[E03] b0070 | loss=0.5444 | acc=0.859
[E03] b0080 | loss=0.4622 | acc=0.914
[E03] b0090 | loss=0.6018 | acc=0.828
[E03] b0100 | loss=0.7351 | acc=0.789
[E03] b0110 | loss=0.5259 | acc=0.883
[E03] b0120 | loss=0.5975 | acc=0.812
[E03] b0130 | loss=0.6906 | acc=0.789
[E03] b0140 | loss=0.5297 | acc=0.859
[E03] b0150 | loss=0.5703 | acc=0.812
[E03] b0160 | loss=0.4631 | acc=0.906
[E03] b0170 | loss=0.4924 | acc=0.883
[E03] b0180 | loss=0.5451 | acc=0.852
[E03] b0190 | loss=0.6828 | acc=0.820
[E03] b0200 | loss=0.5199 | acc=0.883
[E03] b0210 | loss=0.4602 | acc=0.883
[E03] b0220 | loss=0.5064 | acc=0.883
[E03] b0230 | loss=0.4555 | acc=0.898
[E03] b0240 | loss=0.4613 | acc=0.891
[E03] b0250 | loss=0.4388 | acc=0.898
[E03] b0260 | loss=0.5474 | acc=0.867
[E03] b0270 | loss=0.5324 | acc=0.867
[E03] b0280 | loss=0.5792 | acc=0.828
[E03] b0290 | loss=0.4912 | acc=0.883
[E03] b0300 | loss=0.5143 | acc=0.875
[E03] b0310 | loss=0.5790 | acc=0.844
[E03] b0320 | loss=0.5155 | acc=0.867
[E03] b0330 | loss=0.5479 | acc=0.820
[E03] b0340 | loss=0.5473 | acc=0.867
[E03] b0350 | loss=0.5058 | acc=0.859
[E03] b0360 | loss=0.5843 | acc=0.812
[E03] b0370 | loss=0.5053 | acc=0.883
[E03] b0380 | loss=0.5093 | acc=0.852
[E03] b0390 | loss=0.4931 | acc=0.859
[E03] b0400 | loss=0.7489 | acc=0.789
[E03] b0410 | loss=0.5144 | acc=0.883
[E03] b0420 | loss=0.5255 | acc=0.891
[E03] b0430 | loss=0.4447 | acc=0.898
[E03] b0440 | loss=0.5147 | acc=0.867
[E03] b0450 | loss=0.7043 | acc=0.789
[E03] b0460 | loss=0.4757 | acc=0.898
[E03] b0470 | loss=0.5165 | acc=0.852
[E03] b0480 | loss=0.6319 | acc=0.789
[E03] b0490 | loss=0.5440 | acc=0.852
[E03] b0500 | loss=0.5208 | acc=0.859
[E03] b0510 | loss=0.5958 | acc=0.805
[E03] b0520 | loss=0.5254 | acc=0.898
[E03] b0530 | loss=0.5154 | acc=0.891
[E03] b0540 | loss=0.5272 | acc=0.883
[E03] b0550 | loss=0.5256 | acc=0.867
[E03] b0560 | loss=0.5371 | acc=0.844
[E03] b0570 | loss=0.5672 | acc=0.828
[E03] b0580 | loss=0.5453 | acc=0.867
[E03] b0590 | loss=0.6720 | acc=0.820
[E03] b0600 | loss=0.6200 | acc=0.828
[E03] b0610 | loss=0.5368 | acc=0.867
[E03] b0620 | loss=0.5056 | acc=0.859
[E03] b0630 | loss=0.5082 | acc=0.875
[E03] b0640 | loss=0.4629 | acc=0.883
[E03] b0650 | loss=0.5007 | acc=0.867
[E03] b0660 | loss=0.6009 | acc=0.812
[E03] b0670 | loss=0.5406 | acc=0.852
[E03] b0680 | loss=0.5827 | acc=0.836
[E03] b0690 | loss=0.6415 | acc=0.805
[E03] b0700 | loss=0.4637 | acc=0.883
[E03] b0710 | loss=0.5651 | acc=0.828
[E03] b0720 | loss=0.5457 | acc=0.844
[E03] b0730 | loss=0.6036 | acc=0.820
[E03] b0740 | loss=0.6005 | acc=0.859
[E03] b0750 | loss=0.6789 | acc=0.797
[E03] b0760 | loss=0.5967 | acc=0.820
[E03] b0770 | loss=0.5931 | acc=0.836
[E03] b0780 | loss=0.5999 | acc=0.797
[E03] b0790 | loss=0.5895 | acc=0.820
[E03] b0800 | loss=0.5225 | acc=0.844
[E03] b0810 | loss=0.5191 | acc=0.883
[E03] b0820 | loss=0.5637 | acc=0.836
[E03] b0830 | loss=0.4555 | acc=0.914
[E03] b0840 | loss=0.4674 | acc=0.867
[E03] b0850 | loss=0.4460 | acc=0.922
[E03] b0860 | loss=0.5221 | acc=0.883
[E03] b0870 | loss=0.5169 | acc=0.852
[E03] b0880 | loss=0.5761 | acc=0.875
[E03] b0890 | loss=0.5226 | acc=0.852
[E03] b0900 | loss=0.5063 | acc=0.859
[E03] b0910 | loss=0.4913 | acc=0.898
[E03] b0920 | loss=0.6584 | acc=0.836
[E03] b0930 | loss=0.4866 | acc=0.906
[E03] b0940 | loss=0.4669 | acc=0.891
[E03] b0950 | loss=0.5488 | acc=0.867
[E03] b0960 | loss=0.5405 | acc=0.859
[E03] b0970 | loss=0.4290 | acc=0.938
[E03] b0980 | loss=0.4242 | acc=0.914
[E03] b0990 | loss=0.5755 | acc=0.852
[E03] b1000 | loss=0.5155 | acc=0.891
[E03] b1010 | loss=0.5851 | acc=0.836
[E03] b1020 | loss=0.5019 | acc=0.867
[E03] total_loss=552.380 | VAL acc=0.888 | F1=0.716 | kappa=0.781
[E04] b0000 | loss=0.4599 | acc=0.922
[E04] b0010 | loss=0.5198 | acc=0.859
[E04] b0020 | loss=0.4810 | acc=0.906
[E04] b0030 | loss=0.5202 | acc=0.852
[E04] b0040 | loss=0.4039 | acc=0.930
[E04] b0050 | loss=0.5049 | acc=0.867
[E04] b0060 | loss=0.5497 | acc=0.852
[E04] b0070 | loss=0.4688 | acc=0.883
[E04] b0080 | loss=0.4725 | acc=0.906
[E04] b0090 | loss=0.5279 | acc=0.867
[E04] b0100 | loss=0.5124 | acc=0.852
[E04] b0110 | loss=0.5437 | acc=0.883
[E04] b0120 | loss=0.5450 | acc=0.883
[E04] b0130 | loss=0.5090 | acc=0.883
[E04] b0140 | loss=0.5813 | acc=0.820
[E04] b0150 | loss=0.4555 | acc=0.914
[E04] b0160 | loss=0.4921 | acc=0.914
[E04] b0170 | loss=0.4727 | acc=0.914
[E04] b0180 | loss=0.4968 | acc=0.859
[E04] b0190 | loss=0.5097 | acc=0.867
[E04] b0200 | loss=0.5491 | acc=0.891
[E04] b0210 | loss=0.4871 | acc=0.883
[E04] b0220 | loss=0.6298 | acc=0.805
[E04] b0230 | loss=0.5708 | acc=0.852
[E04] b0240 | loss=0.5655 | acc=0.852
[E04] b0250 | loss=0.5204 | acc=0.836
[E04] b0260 | loss=0.5244 | acc=0.867
[E04] b0270 | loss=0.4718 | acc=0.883
[E04] b0280 | loss=0.4937 | acc=0.914
[E04] b0290 | loss=0.5031 | acc=0.844
[E04] b0300 | loss=0.4581 | acc=0.883
[E04] b0310 | loss=0.5037 | acc=0.883
[E04] b0320 | loss=0.5587 | acc=0.844
[E04] b0330 | loss=0.5098 | acc=0.906
[E04] b0340 | loss=0.5618 | acc=0.867
[E04] b0350 | loss=0.4954 | acc=0.891
[E04] b0360 | loss=0.4960 | acc=0.898
[E04] b0370 | loss=0.4683 | acc=0.891
[E04] b0380 | loss=0.5555 | acc=0.859
[E04] b0390 | loss=0.5234 | acc=0.859
[E04] b0400 | loss=0.5220 | acc=0.859
[E04] b0410 | loss=0.5549 | acc=0.828
[E04] b0420 | loss=0.5184 | acc=0.883
[E04] b0430 | loss=0.5370 | acc=0.867
[E04] b0440 | loss=0.5902 | acc=0.820
[E04] b0450 | loss=0.4107 | acc=0.938
[E04] b0460 | loss=0.4752 | acc=0.883
[E04] b0470 | loss=0.5342 | acc=0.859
[E04] b0480 | loss=0.5900 | acc=0.859
[E04] b0490 | loss=0.5651 | acc=0.852
[E04] b0500 | loss=0.4023 | acc=0.930
[E04] b0510 | loss=0.4941 | acc=0.875
[E04] b0520 | loss=0.4911 | acc=0.875
[E04] b0530 | loss=0.4934 | acc=0.883
[E04] b0540 | loss=0.4614 | acc=0.914
[E04] b0550 | loss=0.5091 | acc=0.867
[E04] b0560 | loss=0.5078 | acc=0.867
[E04] b0570 | loss=0.5624 | acc=0.797
[E04] b0580 | loss=0.5403 | acc=0.883
[E04] b0590 | loss=0.4731 | acc=0.875
[E04] b0600 | loss=0.5940 | acc=0.852
[E04] b0610 | loss=0.5048 | acc=0.875
[E04] b0620 | loss=0.4625 | acc=0.906
[E04] b0630 | loss=0.5511 | acc=0.859
[E04] b0640 | loss=0.4822 | acc=0.867
[E04] b0650 | loss=0.5295 | acc=0.859
[E04] b0660 | loss=0.6043 | acc=0.828
[E04] b0670 | loss=0.5603 | acc=0.875
[E04] b0680 | loss=0.4707 | acc=0.883
[E04] b0690 | loss=0.4858 | acc=0.859
[E04] b0700 | loss=0.4867 | acc=0.875
[E04] b0710 | loss=0.4756 | acc=0.875
[E04] b0720 | loss=0.4867 | acc=0.891
[E04] b0730 | loss=0.4465 | acc=0.906
[E04] b0740 | loss=0.4319 | acc=0.898
[E04] b0750 | loss=0.4650 | acc=0.906
[E04] b0760 | loss=0.4310 | acc=0.922
[E04] b0770 | loss=0.5179 | acc=0.859
[E04] b0780 | loss=0.4781 | acc=0.891
[E04] b0790 | loss=0.5334 | acc=0.867
[E04] b0800 | loss=0.4545 | acc=0.906
[E04] b0810 | loss=0.4888 | acc=0.891
[E04] b0820 | loss=0.4453 | acc=0.914
[E04] b0830 | loss=0.5258 | acc=0.836
[E04] b0840 | loss=0.4229 | acc=0.898
[E04] b0850 | loss=0.4990 | acc=0.859
[E04] b0860 | loss=0.4799 | acc=0.883
[E04] b0870 | loss=0.5476 | acc=0.875
[E04] b0880 | loss=0.4856 | acc=0.883
[E04] b0890 | loss=0.4735 | acc=0.906
[E04] b0900 | loss=0.5315 | acc=0.883
[E04] b0910 | loss=0.4641 | acc=0.883
[E04] b0920 | loss=0.4995 | acc=0.883
[E04] b0930 | loss=0.4427 | acc=0.922
[E04] b0940 | loss=0.5514 | acc=0.875
[E04] b0950 | loss=0.5288 | acc=0.859
[E04] b0960 | loss=0.5026 | acc=0.875
[E04] b0970 | loss=0.5344 | acc=0.867
[E04] b0980 | loss=0.4110 | acc=0.930
[E04] b0990 | loss=0.4658 | acc=0.867
[E04] b1000 | loss=0.4682 | acc=0.922
[E04] b1010 | loss=0.5079 | acc=0.891
[E04] b1020 | loss=0.4853 | acc=0.875
[E04] total_loss=519.686 | VAL acc=0.891 | F1=0.716 | kappa=0.786
[E05] b0000 | loss=0.4940 | acc=0.883
[E05] b0010 | loss=0.4211 | acc=0.922
[E05] b0020 | loss=0.4545 | acc=0.891
[E05] b0030 | loss=0.4284 | acc=0.906
[E05] b0040 | loss=0.4821 | acc=0.875
[E05] b0050 | loss=0.6548 | acc=0.812
[E05] b0060 | loss=0.4660 | acc=0.914
[E05] b0070 | loss=0.4181 | acc=0.922
[E05] b0080 | loss=0.5246 | acc=0.867
[E05] b0090 | loss=0.5411 | acc=0.891
[E05] b0100 | loss=0.5074 | acc=0.859
[E05] b0110 | loss=0.4710 | acc=0.867
[E05] b0120 | loss=0.5633 | acc=0.836
[E05] b0130 | loss=0.4508 | acc=0.906
[E05] b0140 | loss=0.4818 | acc=0.883
[E05] b0150 | loss=0.4298 | acc=0.906
[E05] b0160 | loss=0.4494 | acc=0.883
[E05] b0170 | loss=0.4597 | acc=0.922
[E05] b0180 | loss=0.5411 | acc=0.836
[E05] b0190 | loss=0.4707 | acc=0.867
[E05] b0200 | loss=0.5404 | acc=0.844
[E05] b0210 | loss=0.4163 | acc=0.922
[E05] b0220 | loss=0.4356 | acc=0.906
[E05] b0230 | loss=0.4820 | acc=0.883
[E05] b0240 | loss=0.4832 | acc=0.875
[E05] b0250 | loss=0.4607 | acc=0.906
[E05] b0260 | loss=0.4351 | acc=0.898
[E05] b0270 | loss=0.4715 | acc=0.875
[E05] b0280 | loss=0.4373 | acc=0.930
[E05] b0290 | loss=0.5785 | acc=0.859
[E05] b0300 | loss=0.4862 | acc=0.891
[E05] b0310 | loss=0.4071 | acc=0.906
[E05] b0320 | loss=0.4061 | acc=0.945
[E05] b0330 | loss=0.4759 | acc=0.883
[E05] b0340 | loss=0.4675 | acc=0.891
[E05] b0350 | loss=0.5394 | acc=0.836
[E05] b0360 | loss=0.4691 | acc=0.867
[E05] b0370 | loss=0.4283 | acc=0.898
[E05] b0380 | loss=0.4183 | acc=0.906
[E05] b0390 | loss=0.5034 | acc=0.883
[E05] b0400 | loss=0.4761 | acc=0.891
[E05] b0410 | loss=0.4220 | acc=0.938
[E05] b0420 | loss=0.6073 | acc=0.820
[E05] b0430 | loss=0.4246 | acc=0.891
[E05] b0440 | loss=0.4088 | acc=0.922
[E05] b0450 | loss=0.4638 | acc=0.891
[E05] b0460 | loss=0.4647 | acc=0.922
[E05] b0470 | loss=0.4705 | acc=0.914
[E05] b0480 | loss=0.4862 | acc=0.914
[E05] b0490 | loss=0.5056 | acc=0.883
[E05] b0500 | loss=0.4039 | acc=0.938
[E05] b0510 | loss=0.3971 | acc=0.938
[E05] b0520 | loss=0.4443 | acc=0.906
[E05] b0530 | loss=0.5079 | acc=0.891
[E05] b0540 | loss=0.4891 | acc=0.867
[E05] b0550 | loss=0.4416 | acc=0.914
[E05] b0560 | loss=0.4393 | acc=0.883
[E05] b0570 | loss=0.5230 | acc=0.852
[E05] b0580 | loss=0.4030 | acc=0.922
[E05] b0590 | loss=0.4986 | acc=0.867
[E05] b0600 | loss=0.5488 | acc=0.875
[E05] b0610 | loss=0.4857 | acc=0.883
[E05] b0620 | loss=0.5126 | acc=0.875
[E05] b0630 | loss=0.5011 | acc=0.844
[E05] b0640 | loss=0.4897 | acc=0.859
[E05] b0650 | loss=0.5712 | acc=0.867
[E05] b0660 | loss=0.5139 | acc=0.844
[E05] b0670 | loss=0.4106 | acc=0.922
[E05] b0680 | loss=0.4455 | acc=0.898
[E05] b0690 | loss=0.4255 | acc=0.898
[E05] b0700 | loss=0.4590 | acc=0.891
[E05] b0710 | loss=0.4935 | acc=0.906
[E05] b0720 | loss=0.4653 | acc=0.883
[E05] b0730 | loss=0.5309 | acc=0.898
[E05] b0740 | loss=0.4238 | acc=0.922
[E05] b0750 | loss=0.4339 | acc=0.891
[E05] b0760 | loss=0.4670 | acc=0.898
[E05] b0770 | loss=0.4873 | acc=0.891
[E05] b0780 | loss=0.5373 | acc=0.867
[E05] b0790 | loss=0.3990 | acc=0.914
[E05] b0800 | loss=0.4320 | acc=0.898
[E05] b0810 | loss=0.4680 | acc=0.883
[E05] b0820 | loss=0.4734 | acc=0.898
[E05] b0830 | loss=0.4588 | acc=0.914
[E05] b0840 | loss=0.4063 | acc=0.938
[E05] b0850 | loss=0.4232 | acc=0.930
[E05] b0860 | loss=0.5104 | acc=0.906
[E05] b0870 | loss=0.4809 | acc=0.883
[E05] b0880 | loss=0.3719 | acc=0.938
[E05] b0890 | loss=0.4724 | acc=0.914
[E05] b0900 | loss=0.4543 | acc=0.914
[E05] b0910 | loss=0.4548 | acc=0.914
[E05] b0920 | loss=0.4374 | acc=0.898
[E05] b0930 | loss=0.5649 | acc=0.875
[E05] b0940 | loss=0.4700 | acc=0.867
[E05] b0950 | loss=0.3418 | acc=0.969
[E05] b0960 | loss=0.4888 | acc=0.859
[E05] b0970 | loss=0.4467 | acc=0.875
[E05] b0980 | loss=0.3662 | acc=0.953
[E05] b0990 | loss=0.5009 | acc=0.867
[E05] b1000 | loss=0.5565 | acc=0.867
[E05] b1010 | loss=0.4540 | acc=0.875
[E05] b1020 | loss=0.6004 | acc=0.844
[E05] total_loss=482.346 | VAL acc=0.888 | F1=0.706 | kappa=0.779
[E06] b0000 | loss=0.4104 | acc=0.930
[E06] b0010 | loss=0.4154 | acc=0.953
[E06] b0020 | loss=0.3780 | acc=0.930
[E06] b0030 | loss=0.4830 | acc=0.906
[E06] b0040 | loss=0.4622 | acc=0.914
[E06] b0050 | loss=0.5079 | acc=0.898
[E06] b0060 | loss=0.4904 | acc=0.898
[E06] b0070 | loss=0.5298 | acc=0.844
[E06] b0080 | loss=0.4035 | acc=0.945
[E06] b0090 | loss=0.4335 | acc=0.906
[E06] b0100 | loss=0.3838 | acc=0.930
[E06] b0110 | loss=0.5025 | acc=0.883
[E06] b0120 | loss=0.4325 | acc=0.922
[E06] b0130 | loss=0.4318 | acc=0.938
[E06] b0140 | loss=0.3872 | acc=0.922
[E06] b0150 | loss=0.4316 | acc=0.906
[E06] b0160 | loss=0.4513 | acc=0.938
[E06] b0170 | loss=0.4084 | acc=0.914
[E06] b0180 | loss=0.5362 | acc=0.852
[E06] b0190 | loss=0.4657 | acc=0.898
[E06] b0200 | loss=0.4767 | acc=0.914
[E06] b0210 | loss=0.3771 | acc=0.953
[E06] b0220 | loss=0.4770 | acc=0.875
[E06] b0230 | loss=0.4865 | acc=0.883
[E06] b0240 | loss=0.4016 | acc=0.930
[E06] b0250 | loss=0.3619 | acc=0.938
[E06] b0260 | loss=0.5625 | acc=0.859
[E06] b0270 | loss=0.4759 | acc=0.883
[E06] b0280 | loss=0.3753 | acc=0.938
[E06] b0290 | loss=0.4656 | acc=0.914
[E06] b0300 | loss=0.4265 | acc=0.914
[E06] b0310 | loss=0.4211 | acc=0.914
[E06] b0320 | loss=0.4775 | acc=0.891
[E06] b0330 | loss=0.3642 | acc=0.953
[E06] b0340 | loss=0.3803 | acc=0.938
[E06] b0350 | loss=0.4393 | acc=0.898
[E06] b0360 | loss=0.4005 | acc=0.914
[E06] b0370 | loss=0.4439 | acc=0.906
[E06] b0380 | loss=0.4989 | acc=0.875
[E06] b0390 | loss=0.4812 | acc=0.867
[E06] b0400 | loss=0.4297 | acc=0.906
[E06] b0410 | loss=0.4602 | acc=0.883
[E06] b0420 | loss=0.4694 | acc=0.891
[E06] b0430 | loss=0.4160 | acc=0.922
[E06] b0440 | loss=0.4235 | acc=0.906
[E06] b0450 | loss=0.4209 | acc=0.906
[E06] b0460 | loss=0.4039 | acc=0.930
[E06] b0470 | loss=0.5430 | acc=0.875
[E06] b0480 | loss=0.3778 | acc=0.953
[E06] b0490 | loss=0.4456 | acc=0.906
[E06] b0500 | loss=0.3952 | acc=0.922
[E06] b0510 | loss=0.4152 | acc=0.922
[E06] b0520 | loss=0.4885 | acc=0.859
[E06] b0530 | loss=0.4261 | acc=0.930
[E06] b0540 | loss=0.3903 | acc=0.922
[E06] b0550 | loss=0.4117 | acc=0.945
[E06] b0560 | loss=0.4300 | acc=0.914
[E06] b0570 | loss=0.3718 | acc=0.930
[E06] b0580 | loss=0.5343 | acc=0.859
[E06] b0590 | loss=0.4299 | acc=0.922
[E06] b0600 | loss=0.5159 | acc=0.883
[E06] b0610 | loss=0.4405 | acc=0.914
[E06] b0620 | loss=0.4784 | acc=0.883
[E06] b0630 | loss=0.4503 | acc=0.891
[E06] b0640 | loss=0.4340 | acc=0.891
[E06] b0650 | loss=0.4021 | acc=0.922
[E06] b0660 | loss=0.3519 | acc=0.945
[E06] b0670 | loss=0.4918 | acc=0.883
[E06] b0680 | loss=0.4784 | acc=0.875
[E06] b0690 | loss=0.3912 | acc=0.938
[E06] b0700 | loss=0.3749 | acc=0.938
[E06] b0710 | loss=0.4157 | acc=0.906
[E06] b0720 | loss=0.4039 | acc=0.930
[E06] b0730 | loss=0.4125 | acc=0.906
[E06] b0740 | loss=0.3611 | acc=0.938
[E06] b0750 | loss=0.4271 | acc=0.914
[E06] b0760 | loss=0.3863 | acc=0.945
[E06] b0770 | loss=0.4003 | acc=0.938
[E06] b0780 | loss=0.4161 | acc=0.914
[E06] b0790 | loss=0.4351 | acc=0.930
[E06] b0800 | loss=0.4122 | acc=0.914
[E06] b0810 | loss=0.4825 | acc=0.898
[E06] b0820 | loss=0.4006 | acc=0.938
[E06] b0830 | loss=0.4914 | acc=0.891
[E06] b0840 | loss=0.4476 | acc=0.891
[E06] b0850 | loss=0.4959 | acc=0.891
[E06] b0860 | loss=0.3988 | acc=0.914
[E06] b0870 | loss=0.4024 | acc=0.930
[E06] b0880 | loss=0.5079 | acc=0.891
[E06] b0890 | loss=0.3812 | acc=0.945
[E06] b0900 | loss=0.5255 | acc=0.875
[E06] b0910 | loss=0.4839 | acc=0.906
[E06] b0920 | loss=0.4529 | acc=0.914
[E06] b0930 | loss=0.4424 | acc=0.891
[E06] b0940 | loss=0.3986 | acc=0.930
[E06] b0950 | loss=0.3715 | acc=0.930
[E06] b0960 | loss=0.3727 | acc=0.930
[E06] b0970 | loss=0.4412 | acc=0.914
[E06] b0980 | loss=0.4552 | acc=0.891
[E06] b0990 | loss=0.3964 | acc=0.945
[E06] b1000 | loss=0.4006 | acc=0.945
[E06] b1010 | loss=0.4665 | acc=0.883
[E06] b1020 | loss=0.4322 | acc=0.922
[E06] total_loss=446.866 | VAL acc=0.913 | F1=0.771 | kappa=0.830
[SAVE] New best BiLSTM (by F1)
[E07] b0000 | loss=0.4708 | acc=0.906
[E07] b0010 | loss=0.4830 | acc=0.891
[E07] b0020 | loss=0.3609 | acc=0.953
[E07] b0030 | loss=0.4220 | acc=0.891
[E07] b0040 | loss=0.4203 | acc=0.906
[E07] b0050 | loss=0.3932 | acc=0.930
[E07] b0060 | loss=0.3348 | acc=0.961
[E07] b0070 | loss=0.5200 | acc=0.898
[E07] b0080 | loss=0.3601 | acc=0.945
[E07] b0090 | loss=0.3366 | acc=0.953
[E07] b0100 | loss=0.4351 | acc=0.906
[E07] b0110 | loss=0.3951 | acc=0.930
[E07] b0120 | loss=0.4044 | acc=0.922
[E07] b0130 | loss=0.4882 | acc=0.891
[E07] b0140 | loss=0.4299 | acc=0.906
[E07] b0150 | loss=0.4771 | acc=0.875
[E07] b0160 | loss=0.3681 | acc=0.945
[E07] b0170 | loss=0.3710 | acc=0.961
[E07] b0180 | loss=0.4412 | acc=0.891
[E07] b0190 | loss=0.3613 | acc=0.930
[E07] b0200 | loss=0.4372 | acc=0.906
[E07] b0210 | loss=0.4233 | acc=0.922
[E07] b0220 | loss=0.3546 | acc=0.945
[E07] b0230 | loss=0.4936 | acc=0.891
[E07] b0240 | loss=0.4343 | acc=0.891
[E07] b0250 | loss=0.5059 | acc=0.875
[E07] b0260 | loss=0.3800 | acc=0.945
[E07] b0270 | loss=0.3773 | acc=0.922
[E07] b0280 | loss=0.4209 | acc=0.922
[E07] b0290 | loss=0.4092 | acc=0.930
[E07] b0300 | loss=0.4503 | acc=0.914
[E07] b0310 | loss=0.4252 | acc=0.922
[E07] b0320 | loss=0.3988 | acc=0.922
[E07] b0330 | loss=0.3785 | acc=0.938
[E07] b0340 | loss=0.4085 | acc=0.930
[E07] b0350 | loss=0.3360 | acc=0.961
[E07] b0360 | loss=0.3550 | acc=0.945
[E07] b0370 | loss=0.3862 | acc=0.938
[E07] b0380 | loss=0.4201 | acc=0.914
[E07] b0390 | loss=0.3196 | acc=0.969
[E07] b0400 | loss=0.3962 | acc=0.945
[E07] b0410 | loss=0.3642 | acc=0.930
[E07] b0420 | loss=0.3765 | acc=0.930
[E07] b0430 | loss=0.3471 | acc=0.938
[E07] b0440 | loss=0.3302 | acc=0.953
[E07] b0450 | loss=0.3727 | acc=0.930
[E07] b0460 | loss=0.3809 | acc=0.922
[E07] b0470 | loss=0.4321 | acc=0.922
[E07] b0480 | loss=0.4917 | acc=0.867
[E07] b0490 | loss=0.4460 | acc=0.898
[E07] b0500 | loss=0.3836 | acc=0.938
[E07] b0510 | loss=0.4585 | acc=0.898
[E07] b0520 | loss=0.3772 | acc=0.953
[E07] b0530 | loss=0.5243 | acc=0.883
[E07] b0540 | loss=0.3939 | acc=0.938
[E07] b0550 | loss=0.4631 | acc=0.914
[E07] b0560 | loss=0.3681 | acc=0.945
[E07] b0570 | loss=0.4581 | acc=0.914
[E07] b0580 | loss=0.4373 | acc=0.906
[E07] b0590 | loss=0.4967 | acc=0.867
[E07] b0600 | loss=0.3631 | acc=0.938
[E07] b0610 | loss=0.3798 | acc=0.945
[E07] b0620 | loss=0.3713 | acc=0.945
[E07] b0630 | loss=0.3897 | acc=0.945
[E07] b0640 | loss=0.4488 | acc=0.898
[E07] b0650 | loss=0.3609 | acc=0.961
[E07] b0660 | loss=0.4136 | acc=0.930
[E07] b0670 | loss=0.4315 | acc=0.906
[E07] b0680 | loss=0.3639 | acc=0.922
[E07] b0690 | loss=0.2974 | acc=0.984
[E07] b0700 | loss=0.3993 | acc=0.938
[E07] b0710 | loss=0.4228 | acc=0.922
[E07] b0720 | loss=0.3750 | acc=0.922
[E07] b0730 | loss=0.4968 | acc=0.859
[E07] b0740 | loss=0.4310 | acc=0.922
[E07] b0750 | loss=0.4180 | acc=0.930
[E07] b0760 | loss=0.4123 | acc=0.930
[E07] b0770 | loss=0.3885 | acc=0.930
[E07] b0780 | loss=0.4436 | acc=0.906
[E07] b0790 | loss=0.3860 | acc=0.938
[E07] b0800 | loss=0.3134 | acc=0.977
[E07] b0810 | loss=0.4656 | acc=0.898
[E07] b0820 | loss=0.4284 | acc=0.930
[E07] b0830 | loss=0.3636 | acc=0.945
[E07] b0840 | loss=0.3167 | acc=0.969
[E07] b0850 | loss=0.3860 | acc=0.938
[E07] b0860 | loss=0.4214 | acc=0.922
[E07] b0870 | loss=0.3466 | acc=0.945
[E07] b0880 | loss=0.4428 | acc=0.898
[E07] b0890 | loss=0.3622 | acc=0.922
[E07] b0900 | loss=0.3666 | acc=0.945
[E07] b0910 | loss=0.5425 | acc=0.859
[E07] b0920 | loss=0.3556 | acc=0.938
[E07] b0930 | loss=0.3842 | acc=0.930
[E07] b0940 | loss=0.4032 | acc=0.953
[E07] b0950 | loss=0.3511 | acc=0.953
[E07] b0960 | loss=0.4126 | acc=0.914
[E07] b0970 | loss=0.3687 | acc=0.961
[E07] b0980 | loss=0.3932 | acc=0.906
[E07] b0990 | loss=0.3932 | acc=0.898
[E07] b1000 | loss=0.3971 | acc=0.906
[E07] b1010 | loss=0.4410 | acc=0.906
[E07] b1020 | loss=0.3602 | acc=0.938
[E07] total_loss=418.093 | VAL acc=0.878 | F1=0.696 | kappa=0.761
[E08] b0000 | loss=0.3869 | acc=0.945
[E08] b0010 | loss=0.3520 | acc=0.930
[E08] b0020 | loss=0.3000 | acc=0.977
[E08] b0030 | loss=0.3916 | acc=0.938
[E08] b0040 | loss=0.4253 | acc=0.906
[E08] b0050 | loss=0.4008 | acc=0.953
[E08] b0060 | loss=0.3932 | acc=0.922
[E08] b0070 | loss=0.3278 | acc=0.969
[E08] b0080 | loss=0.3991 | acc=0.922
[E08] b0090 | loss=0.3045 | acc=0.969
[E08] b0100 | loss=0.4052 | acc=0.938
[E08] b0110 | loss=0.4197 | acc=0.898
[E08] b0120 | loss=0.3745 | acc=0.961
[E08] b0130 | loss=0.4391 | acc=0.898
[E08] b0140 | loss=0.4419 | acc=0.914
[E08] b0150 | loss=0.3318 | acc=0.953
[E08] b0160 | loss=0.3656 | acc=0.961
[E08] b0170 | loss=0.3212 | acc=0.961
[E08] b0180 | loss=0.3770 | acc=0.961
[E08] b0190 | loss=0.3496 | acc=0.922
[E08] b0200 | loss=0.4639 | acc=0.891
[E08] b0210 | loss=0.3551 | acc=0.938
[E08] b0220 | loss=0.3916 | acc=0.922
[E08] b0230 | loss=0.3503 | acc=0.938
[E08] b0240 | loss=0.4087 | acc=0.922
[E08] b0250 | loss=0.4527 | acc=0.891
[E08] b0260 | loss=0.4004 | acc=0.906
[E08] b0270 | loss=0.4139 | acc=0.922
[E08] b0280 | loss=0.3942 | acc=0.914
[E08] b0290 | loss=0.3945 | acc=0.930
[E08] b0300 | loss=0.4261 | acc=0.914
[E08] b0310 | loss=0.4403 | acc=0.914
[E08] b0320 | loss=0.4340 | acc=0.906
[E08] b0330 | loss=0.3700 | acc=0.945
[E08] b0340 | loss=0.3940 | acc=0.938
[E08] b0350 | loss=0.3457 | acc=0.961
[E08] b0360 | loss=0.4361 | acc=0.938
[E08] b0370 | loss=0.3688 | acc=0.938
[E08] b0380 | loss=0.3484 | acc=0.953
[E08] b0390 | loss=0.3878 | acc=0.938
[E08] b0400 | loss=0.3698 | acc=0.938
[E08] b0410 | loss=0.3716 | acc=0.945
[E08] b0420 | loss=0.3054 | acc=0.953
[E08] b0430 | loss=0.4272 | acc=0.922
[E08] b0440 | loss=0.3564 | acc=0.953
[E08] b0450 | loss=0.3571 | acc=0.938
[E08] b0460 | loss=0.4221 | acc=0.922
[E08] b0470 | loss=0.3604 | acc=0.938
[E08] b0480 | loss=0.3667 | acc=0.953
[E08] b0490 | loss=0.4413 | acc=0.891
[E08] b0500 | loss=0.4317 | acc=0.922
[E08] b0510 | loss=0.4409 | acc=0.914
[E08] b0520 | loss=0.3968 | acc=0.938
[E08] b0530 | loss=0.3593 | acc=0.938
[E08] b0540 | loss=0.3097 | acc=0.961
[E08] b0550 | loss=0.4237 | acc=0.922
[E08] b0560 | loss=0.3554 | acc=0.961
[E08] b0570 | loss=0.3210 | acc=0.961
[E08] b0580 | loss=0.4248 | acc=0.914
[E08] b0590 | loss=0.3706 | acc=0.953
[E08] b0600 | loss=0.4058 | acc=0.930
[E08] b0610 | loss=0.3462 | acc=0.961
[E08] b0620 | loss=0.3778 | acc=0.930
[E08] b0630 | loss=0.3890 | acc=0.922
[E08] b0640 | loss=0.3740 | acc=0.938
[E08] b0650 | loss=0.4112 | acc=0.930
[E08] b0660 | loss=0.4146 | acc=0.930
[E08] b0670 | loss=0.3834 | acc=0.930
[E08] b0680 | loss=0.3627 | acc=0.938
[E08] b0690 | loss=0.3590 | acc=0.961
[E08] b0700 | loss=0.3720 | acc=0.953
[E08] b0710 | loss=0.4178 | acc=0.930
[E08] b0720 | loss=0.3760 | acc=0.938
[E08] b0730 | loss=0.4332 | acc=0.906
[E08] b0740 | loss=0.3898 | acc=0.953
[E08] b0750 | loss=0.3028 | acc=0.961
[E08] b0760 | loss=0.3761 | acc=0.930
[E08] b0770 | loss=0.3780 | acc=0.938
[E08] b0780 | loss=0.3429 | acc=0.953
[E08] b0790 | loss=0.3724 | acc=0.945
[E08] b0800 | loss=0.4589 | acc=0.914
[E08] b0810 | loss=0.4040 | acc=0.938
[E08] b0820 | loss=0.3507 | acc=0.953
[E08] b0830 | loss=0.4025 | acc=0.930
[E08] b0840 | loss=0.3902 | acc=0.945
[E08] b0850 | loss=0.4458 | acc=0.898
[E08] b0860 | loss=0.4206 | acc=0.922
[E08] b0870 | loss=0.3613 | acc=0.969
[E08] b0880 | loss=0.3906 | acc=0.914
[E08] b0890 | loss=0.3616 | acc=0.930
[E08] b0900 | loss=0.3335 | acc=0.953
[E08] b0910 | loss=0.3291 | acc=0.953
[E08] b0920 | loss=0.4064 | acc=0.914
[E08] b0930 | loss=0.4643 | acc=0.914
[E08] b0940 | loss=0.4085 | acc=0.922
[E08] b0950 | loss=0.3299 | acc=0.961
[E08] b0960 | loss=0.4063 | acc=0.930
[E08] b0970 | loss=0.3540 | acc=0.953
[E08] b0980 | loss=0.3380 | acc=0.961
[E08] b0990 | loss=0.3828 | acc=0.922
[E08] b1000 | loss=0.3730 | acc=0.945
[E08] b1010 | loss=0.3913 | acc=0.930
[E08] b1020 | loss=0.3851 | acc=0.961
[E08] total_loss=390.485 | VAL acc=0.888 | F1=0.708 | kappa=0.780
[E09] b0000 | loss=0.4999 | acc=0.852
[E09] b0010 | loss=0.4771 | acc=0.891
[E09] b0020 | loss=0.3517 | acc=0.969
[E09] b0030 | loss=0.3752 | acc=0.930
[E09] b0040 | loss=0.3247 | acc=0.953
[E09] b0050 | loss=0.3399 | acc=0.961
[E09] b0060 | loss=0.3527 | acc=0.953
[E09] b0070 | loss=0.3996 | acc=0.922
[E09] b0080 | loss=0.3905 | acc=0.953
[E09] b0090 | loss=0.3081 | acc=0.977
[E09] b0100 | loss=0.3896 | acc=0.938
[E09] b0110 | loss=0.3463 | acc=0.961
[E09] b0120 | loss=0.3257 | acc=0.969
[E09] b0130 | loss=0.3376 | acc=0.953
[E09] b0140 | loss=0.3766 | acc=0.930
[E09] b0150 | loss=0.4097 | acc=0.930
[E09] b0160 | loss=0.3831 | acc=0.945
[E09] b0170 | loss=0.4110 | acc=0.922
[E09] b0180 | loss=0.3808 | acc=0.938
[E09] b0190 | loss=0.3261 | acc=0.953
[E09] b0200 | loss=0.3057 | acc=0.977
[E09] b0210 | loss=0.3893 | acc=0.914
[E09] b0220 | loss=0.3660 | acc=0.922
[E09] b0230 | loss=0.4205 | acc=0.914
[E09] b0240 | loss=0.3837 | acc=0.945
[E09] b0250 | loss=0.3210 | acc=0.977
[E09] b0260 | loss=0.3549 | acc=0.945
[E09] b0270 | loss=0.3540 | acc=0.938
[E09] b0280 | loss=0.4003 | acc=0.930
[E09] b0290 | loss=0.4227 | acc=0.930
[E09] b0300 | loss=0.4001 | acc=0.938
[E09] b0310 | loss=0.4497 | acc=0.898
[E09] b0320 | loss=0.3707 | acc=0.938
[E09] b0330 | loss=0.4079 | acc=0.914
[E09] b0340 | loss=0.3269 | acc=0.961
[E09] b0350 | loss=0.4372 | acc=0.898
[E09] b0360 | loss=0.3244 | acc=0.953
[E09] b0370 | loss=0.3089 | acc=0.945
[E09] b0380 | loss=0.3473 | acc=0.961
[E09] b0390 | loss=0.3839 | acc=0.938
[E09] b0400 | loss=0.3531 | acc=0.945
[E09] b0410 | loss=0.3538 | acc=0.953
[E09] b0420 | loss=0.4004 | acc=0.938
[E09] b0430 | loss=0.3969 | acc=0.930
[E09] b0440 | loss=0.3651 | acc=0.945
[E09] b0450 | loss=0.4047 | acc=0.906
[E09] b0460 | loss=0.3503 | acc=0.930
[E09] b0470 | loss=0.3269 | acc=0.961
[E09] b0480 | loss=0.3897 | acc=0.914
[E09] b0490 | loss=0.3597 | acc=0.945
[E09] b0500 | loss=0.3505 | acc=0.938
[E09] b0510 | loss=0.4243 | acc=0.930
[E09] b0520 | loss=0.4700 | acc=0.891
[E09] b0530 | loss=0.3940 | acc=0.938
[E09] b0540 | loss=0.3512 | acc=0.945
[E09] b0550 | loss=0.3899 | acc=0.938
[E09] b0560 | loss=0.4035 | acc=0.914
[E09] b0570 | loss=0.3467 | acc=0.961
[E09] b0580 | loss=0.3238 | acc=0.961
[E09] b0590 | loss=0.3674 | acc=0.953
[E09] b0600 | loss=0.3536 | acc=0.945
[E09] b0610 | loss=0.3365 | acc=0.961
[E09] b0620 | loss=0.3795 | acc=0.922
[E09] b0630 | loss=0.2756 | acc=0.992
[E09] b0640 | loss=0.3965 | acc=0.891
[E09] b0650 | loss=0.4359 | acc=0.898
[E09] b0660 | loss=0.3710 | acc=0.961
[E09] b0670 | loss=0.3918 | acc=0.930
[E09] b0680 | loss=0.3162 | acc=0.977
[E09] b0690 | loss=0.3613 | acc=0.945
[E09] b0700 | loss=0.3237 | acc=0.977
[E09] b0710 | loss=0.4090 | acc=0.945
[E09] b0720 | loss=0.3349 | acc=0.930
[E09] b0730 | loss=0.3987 | acc=0.930
[E09] b0740 | loss=0.3304 | acc=0.961
[E09] b0750 | loss=0.3544 | acc=0.945
[E09] b0760 | loss=0.2643 | acc=0.992
[E09] b0770 | loss=0.4348 | acc=0.906
[E09] b0780 | loss=0.4080 | acc=0.922
[E09] b0790 | loss=0.3729 | acc=0.945
[E09] b0800 | loss=0.3651 | acc=0.945
[E09] b0810 | loss=0.3444 | acc=0.961
[E09] b0820 | loss=0.3614 | acc=0.930
[E09] b0830 | loss=0.3677 | acc=0.930
[E09] b0840 | loss=0.3424 | acc=0.953
[E09] b0850 | loss=0.3001 | acc=0.977
[E09] b0860 | loss=0.3688 | acc=0.930
[E09] b0870 | loss=0.4535 | acc=0.914
[E09] b0880 | loss=0.3411 | acc=0.961
[E09] b0890 | loss=0.3756 | acc=0.953
[E09] b0900 | loss=0.3082 | acc=0.977
[E09] b0910 | loss=0.3521 | acc=0.953
[E09] b0920 | loss=0.3480 | acc=0.945
[E09] b0930 | loss=0.3875 | acc=0.953
[E09] b0940 | loss=0.3635 | acc=0.945
[E09] b0950 | loss=0.3647 | acc=0.914
[E09] b0960 | loss=0.3773 | acc=0.922
[E09] b0970 | loss=0.3467 | acc=0.953
[E09] b0980 | loss=0.3432 | acc=0.961
[E09] b0990 | loss=0.3480 | acc=0.953
[E09] b1000 | loss=0.3424 | acc=0.977
[E09] b1010 | loss=0.3877 | acc=0.938
[E09] b1020 | loss=0.3293 | acc=0.945
[E09] total_loss=373.105 | VAL acc=0.902 | F1=0.753 | kappa=0.810
[E10] b0000 | loss=0.3789 | acc=0.938
[E10] b0010 | loss=0.3541 | acc=0.930
[E10] b0020 | loss=0.3232 | acc=0.961
[E10] b0030 | loss=0.3125 | acc=0.961
[E10] b0040 | loss=0.3376 | acc=0.961
[E10] b0050 | loss=0.4037 | acc=0.938
[E10] b0060 | loss=0.3414 | acc=0.938
[E10] b0070 | loss=0.2873 | acc=0.984
[E10] b0080 | loss=0.3419 | acc=0.953
[E10] b0090 | loss=0.2929 | acc=0.984
[E10] b0100 | loss=0.3496 | acc=0.953
[E10] b0110 | loss=0.3051 | acc=0.984
[E10] b0120 | loss=0.3931 | acc=0.930
[E10] b0130 | loss=0.3587 | acc=0.945
[E10] b0140 | loss=0.3498 | acc=0.945
[E10] b0150 | loss=0.3464 | acc=0.961
[E10] b0160 | loss=0.3527 | acc=0.961
[E10] b0170 | loss=0.3819 | acc=0.938
[E10] b0180 | loss=0.3537 | acc=0.945
[E10] b0190 | loss=0.3216 | acc=0.969
[E10] b0200 | loss=0.3521 | acc=0.945
[E10] b0210 | loss=0.2754 | acc=1.000
[E10] b0220 | loss=0.3391 | acc=0.945
[E10] b0230 | loss=0.3704 | acc=0.953
[E10] b0240 | loss=0.2815 | acc=0.992
[E10] b0250 | loss=0.3437 | acc=0.961
[E10] b0260 | loss=0.3862 | acc=0.930
[E10] b0270 | loss=0.3902 | acc=0.898
[E10] b0280 | loss=0.3550 | acc=0.961
[E10] b0290 | loss=0.3637 | acc=0.945
[E10] b0300 | loss=0.3650 | acc=0.945
[E10] b0310 | loss=0.3842 | acc=0.953
[E10] b0320 | loss=0.3511 | acc=0.984
[E10] b0330 | loss=0.3721 | acc=0.945
[E10] b0340 | loss=0.3486 | acc=0.953
[E10] b0350 | loss=0.3202 | acc=0.969
[E10] b0360 | loss=0.4329 | acc=0.898
[E10] b0370 | loss=0.3218 | acc=0.961
[E10] b0380 | loss=0.3176 | acc=0.969
[E10] b0390 | loss=0.3782 | acc=0.938
[E10] b0400 | loss=0.4815 | acc=0.922
[E10] b0410 | loss=0.3502 | acc=0.969
[E10] b0420 | loss=0.2988 | acc=0.977
[E10] b0430 | loss=0.3090 | acc=0.961
[E10] b0440 | loss=0.3365 | acc=0.961
[E10] b0450 | loss=0.2984 | acc=0.969
[E10] b0460 | loss=0.3208 | acc=0.969
[E10] b0470 | loss=0.3270 | acc=0.969
[E10] b0480 | loss=0.2906 | acc=0.977
[E10] b0490 | loss=0.3989 | acc=0.930
[E10] b0500 | loss=0.3278 | acc=0.961
[E10] b0510 | loss=0.3558 | acc=0.945
[E10] b0520 | loss=0.3190 | acc=0.977
[E10] b0530 | loss=0.4125 | acc=0.914
[E10] b0540 | loss=0.3350 | acc=0.945
[E10] b0550 | loss=0.3590 | acc=0.961
[E10] b0560 | loss=0.3129 | acc=0.953
[E10] b0570 | loss=0.3738 | acc=0.961
[E10] b0580 | loss=0.3659 | acc=0.938
[E10] b0590 | loss=0.3911 | acc=0.945
[E10] b0600 | loss=0.3595 | acc=0.945
[E10] b0610 | loss=0.3275 | acc=0.961
[E10] b0620 | loss=0.3216 | acc=0.969
[E10] b0630 | loss=0.3883 | acc=0.938
[E10] b0640 | loss=0.3434 | acc=0.961
[E10] b0650 | loss=0.3420 | acc=0.953
[E10] b0660 | loss=0.4597 | acc=0.906
[E10] b0670 | loss=0.2980 | acc=0.969
[E10] b0680 | loss=0.3652 | acc=0.938
[E10] b0690 | loss=0.2948 | acc=0.984
[E10] b0700 | loss=0.2922 | acc=0.977
[E10] b0710 | loss=0.3259 | acc=0.961
[E10] b0720 | loss=0.2740 | acc=0.984
[E10] b0730 | loss=0.3673 | acc=0.938
[E10] b0740 | loss=0.3614 | acc=0.945
[E10] b0750 | loss=0.2946 | acc=0.984
[E10] b0760 | loss=0.3577 | acc=0.953
[E10] b0770 | loss=0.3102 | acc=0.977
[E10] b0780 | loss=0.2997 | acc=0.977
[E10] b0790 | loss=0.3041 | acc=0.961
[E10] b0800 | loss=0.3566 | acc=0.945
[E10] b0810 | loss=0.3147 | acc=0.953
[E10] b0820 | loss=0.3355 | acc=0.945
[E10] b0830 | loss=0.3402 | acc=0.953
[E10] b0840 | loss=0.3048 | acc=0.969
[E10] b0850 | loss=0.3654 | acc=0.953
[E10] b0860 | loss=0.3434 | acc=0.969
[E10] b0870 | loss=0.3096 | acc=0.961
[E10] b0880 | loss=0.3962 | acc=0.930
[E10] b0890 | loss=0.3542 | acc=0.945
[E10] b0900 | loss=0.3619 | acc=0.961
[E10] b0910 | loss=0.3449 | acc=0.953
[E10] b0920 | loss=0.3437 | acc=0.945
[E10] b0930 | loss=0.3183 | acc=0.961
[E10] b0940 | loss=0.3500 | acc=0.945
[E10] b0950 | loss=0.3332 | acc=0.961
[E10] b0960 | loss=0.3892 | acc=0.930
[E10] b0970 | loss=0.3449 | acc=0.930
[E10] b0980 | loss=0.3489 | acc=0.953
[E10] b0990 | loss=0.3327 | acc=0.953
[E10] b1000 | loss=0.3360 | acc=0.961
[E10] b1010 | loss=0.2933 | acc=0.977
[E10] b1020 | loss=0.2923 | acc=0.969
[E10] total_loss=356.547 | VAL acc=0.898 | F1=0.730 | kappa=0.800
[E11] b0000 | loss=0.3987 | acc=0.953
[E11] b0010 | loss=0.3086 | acc=0.953
[E11] b0020 | loss=0.3268 | acc=0.953
[E11] b0030 | loss=0.3804 | acc=0.938
[E11] b0040 | loss=0.3557 | acc=0.953
[E11] b0050 | loss=0.3677 | acc=0.953
[E11] b0060 | loss=0.3549 | acc=0.953
[E11] b0070 | loss=0.3993 | acc=0.914
[E11] b0080 | loss=0.4180 | acc=0.922
[E11] b0090 | loss=0.3003 | acc=0.977
[E11] b0100 | loss=0.4401 | acc=0.930
[E11] b0110 | loss=0.3085 | acc=0.945
[E11] b0120 | loss=0.2885 | acc=0.992
[E11] b0130 | loss=0.3324 | acc=0.969
[E11] b0140 | loss=0.2985 | acc=0.977
[E11] b0150 | loss=0.3726 | acc=0.938
[E11] b0160 | loss=0.2998 | acc=0.984
[E11] b0170 | loss=0.3085 | acc=0.969
[E11] b0180 | loss=0.3650 | acc=0.945
[E11] b0190 | loss=0.2944 | acc=0.977
[E11] b0200 | loss=0.3256 | acc=0.945
[E11] b0210 | loss=0.3344 | acc=0.953
[E11] b0220 | loss=0.3628 | acc=0.945
[E11] b0230 | loss=0.2899 | acc=0.977
[E11] b0240 | loss=0.2875 | acc=0.984
[E11] b0250 | loss=0.3256 | acc=0.977
[E11] b0260 | loss=0.2896 | acc=0.977
[E11] b0270 | loss=0.2925 | acc=0.984
[E11] b0280 | loss=0.3679 | acc=0.945
[E11] b0290 | loss=0.3282 | acc=0.961
[E11] b0300 | loss=0.3641 | acc=0.938
[E11] b0310 | loss=0.3266 | acc=0.969
[E11] b0320 | loss=0.3447 | acc=0.945
[E11] b0330 | loss=0.2932 | acc=0.977
[E11] b0340 | loss=0.3269 | acc=0.969
[E11] b0350 | loss=0.3123 | acc=0.961
[E11] b0360 | loss=0.3338 | acc=0.961
[E11] b0370 | loss=0.3289 | acc=0.938
[E11] b0380 | loss=0.3247 | acc=0.969
[E11] b0390 | loss=0.3410 | acc=0.953
[E11] b0400 | loss=0.2871 | acc=0.992
[E11] b0410 | loss=0.2749 | acc=0.984
[E11] b0420 | loss=0.3573 | acc=0.945
[E11] b0430 | loss=0.2823 | acc=0.984
[E11] b0440 | loss=0.2591 | acc=0.992
[E11] b0450 | loss=0.3152 | acc=0.977
[E11] b0460 | loss=0.2864 | acc=0.977
[E11] b0470 | loss=0.3761 | acc=0.938
[E11] b0480 | loss=0.3258 | acc=0.961
[E11] b0490 | loss=0.3524 | acc=0.961
[E11] b0500 | loss=0.2839 | acc=0.953
[E11] b0510 | loss=0.2862 | acc=0.984
[E11] b0520 | loss=0.2937 | acc=0.977
[E11] b0530 | loss=0.3093 | acc=0.961
[E11] b0540 | loss=0.2891 | acc=0.969
[E11] b0550 | loss=0.3080 | acc=0.977
[E11] b0560 | loss=0.2697 | acc=0.984
[E11] b0570 | loss=0.2873 | acc=0.977
[E11] b0580 | loss=0.3596 | acc=0.945
[E11] b0590 | loss=0.3455 | acc=0.953
[E11] b0600 | loss=0.3187 | acc=0.977
[E11] b0610 | loss=0.2668 | acc=0.984
[E11] b0620 | loss=0.3202 | acc=0.953
[E11] b0630 | loss=0.2945 | acc=0.969
[E11] b0640 | loss=0.3018 | acc=0.984
[E11] b0650 | loss=0.2879 | acc=0.977
[E11] b0660 | loss=0.2725 | acc=0.977
[E11] b0670 | loss=0.3337 | acc=0.945
[E11] b0680 | loss=0.2927 | acc=0.961
[E11] b0690 | loss=0.3535 | acc=0.953
[E11] b0700 | loss=0.2871 | acc=0.969
[E11] b0710 | loss=0.3348 | acc=0.953
[E11] b0720 | loss=0.3213 | acc=0.969
[E11] b0730 | loss=0.3051 | acc=0.961
[E11] b0740 | loss=0.2988 | acc=0.984
[E11] b0750 | loss=0.3339 | acc=0.961
[E11] b0760 | loss=0.2591 | acc=0.984
[E11] b0770 | loss=0.3100 | acc=0.977
[E11] b0780 | loss=0.3175 | acc=0.961
[E11] b0790 | loss=0.2687 | acc=0.992
[E11] b0800 | loss=0.3109 | acc=0.969
[E11] b0810 | loss=0.2966 | acc=0.977
[E11] b0820 | loss=0.3116 | acc=0.977
[E11] b0830 | loss=0.2826 | acc=0.992
[E11] b0840 | loss=0.3196 | acc=0.961
[E11] b0850 | loss=0.3366 | acc=0.961
[E11] b0860 | loss=0.2702 | acc=0.984
[E11] b0870 | loss=0.2910 | acc=0.984
[E11] b0880 | loss=0.2832 | acc=0.977
[E11] b0890 | loss=0.2440 | acc=1.000
[E11] b0900 | loss=0.2483 | acc=1.000
[E11] b0910 | loss=0.3362 | acc=0.953
[E11] b0920 | loss=0.2770 | acc=0.977
[E11] b0930 | loss=0.2573 | acc=0.984
[E11] b0940 | loss=0.2985 | acc=0.984
[E11] b0950 | loss=0.3189 | acc=0.969
[E11] b0960 | loss=0.2889 | acc=0.969
[E11] b0970 | loss=0.3016 | acc=0.984
[E11] b0980 | loss=0.2808 | acc=0.969
[E11] b0990 | loss=0.3510 | acc=0.961
[E11] b1000 | loss=0.2708 | acc=0.984
[E11] b1010 | loss=0.2991 | acc=0.977
[E11] b1020 | loss=0.2671 | acc=0.984
[E11] total_loss=320.070 | VAL acc=0.908 | F1=0.738 | kappa=0.817
[E12] b0000 | loss=0.2936 | acc=0.977
[E12] b0010 | loss=0.2531 | acc=1.000
[E12] b0020 | loss=0.2949 | acc=0.977
[E12] b0030 | loss=0.2854 | acc=0.984
[E12] b0040 | loss=0.2766 | acc=0.984
[E12] b0050 | loss=0.2639 | acc=0.977
[E12] b0060 | loss=0.3167 | acc=0.961
[E12] b0070 | loss=0.2678 | acc=0.984
[E12] b0080 | loss=0.2909 | acc=0.984
[E12] b0090 | loss=0.3542 | acc=0.938
[E12] b0100 | loss=0.2979 | acc=0.977
[E12] b0110 | loss=0.2997 | acc=0.969
[E12] b0120 | loss=0.3487 | acc=0.953
[E12] b0130 | loss=0.3566 | acc=0.953
[E12] b0140 | loss=0.3413 | acc=0.953
[E12] b0150 | loss=0.2682 | acc=0.984
[E12] b0160 | loss=0.3287 | acc=0.961
[E12] b0170 | loss=0.2764 | acc=0.977
[E12] b0180 | loss=0.2717 | acc=0.969
[E12] b0190 | loss=0.2818 | acc=0.977
[E12] b0200 | loss=0.2771 | acc=0.992
[E12] b0210 | loss=0.2853 | acc=0.977
[E12] b0220 | loss=0.2731 | acc=0.984
[E12] b0230 | loss=0.3070 | acc=0.977
[E12] b0240 | loss=0.2858 | acc=0.992
[E12] b0250 | loss=0.3009 | acc=0.977
[E12] b0260 | loss=0.3075 | acc=0.953
[E12] b0270 | loss=0.2975 | acc=0.977
[E12] b0280 | loss=0.2901 | acc=0.984
[E12] b0290 | loss=0.2786 | acc=0.984
[E12] b0300 | loss=0.3046 | acc=0.977
[E12] b0310 | loss=0.2498 | acc=0.992
[E12] b0320 | loss=0.3134 | acc=0.961
[E12] b0330 | loss=0.2998 | acc=0.977
[E12] b0340 | loss=0.3525 | acc=0.938
[E12] b0350 | loss=0.2850 | acc=0.984
[E12] b0360 | loss=0.2641 | acc=0.992
[E12] b0370 | loss=0.3251 | acc=0.969
[E12] b0380 | loss=0.3120 | acc=0.961
[E12] b0390 | loss=0.3111 | acc=0.977
[E12] b0400 | loss=0.3253 | acc=0.969
[E12] b0410 | loss=0.3455 | acc=0.961
[E12] b0420 | loss=0.2935 | acc=0.977
[E12] b0430 | loss=0.3026 | acc=0.977
[E12] b0440 | loss=0.3459 | acc=0.945
[E12] b0450 | loss=0.3125 | acc=0.961
[E12] b0460 | loss=0.2898 | acc=0.977
[E12] b0470 | loss=0.3184 | acc=0.961
[E12] b0480 | loss=0.3139 | acc=0.969
[E12] b0490 | loss=0.2847 | acc=0.992
[E12] b0500 | loss=0.3167 | acc=0.977
[E12] b0510 | loss=0.2669 | acc=0.984
[E12] b0520 | loss=0.2842 | acc=0.977
[E12] b0530 | loss=0.2966 | acc=0.977
[E12] b0540 | loss=0.2973 | acc=0.969
[E12] b0550 | loss=0.2914 | acc=0.984
[E12] b0560 | loss=0.3139 | acc=0.961
[E12] b0570 | loss=0.2906 | acc=0.977
[E12] b0580 | loss=0.2942 | acc=0.969
[E12] b0590 | loss=0.2863 | acc=0.984
[E12] b0600 | loss=0.2811 | acc=0.984
[E12] b0610 | loss=0.3051 | acc=0.977
[E12] b0620 | loss=0.3144 | acc=0.969
[E12] b0630 | loss=0.2797 | acc=0.977
[E12] b0640 | loss=0.3279 | acc=0.961
[E12] b0650 | loss=0.3150 | acc=0.977
[E12] b0660 | loss=0.2758 | acc=0.977
[E12] b0670 | loss=0.3052 | acc=0.969
[E12] b0680 | loss=0.3126 | acc=0.969
[E12] b0690 | loss=0.3147 | acc=0.969
[E12] b0700 | loss=0.3588 | acc=0.938
[E12] b0710 | loss=0.2921 | acc=0.984
[E12] b0720 | loss=0.3074 | acc=0.984
[E12] b0730 | loss=0.3301 | acc=0.969
[E12] b0740 | loss=0.3026 | acc=0.977
[E12] b0750 | loss=0.2716 | acc=0.977
[E12] b0760 | loss=0.3119 | acc=0.961
[E12] b0770 | loss=0.2777 | acc=0.984
[E12] b0780 | loss=0.2798 | acc=0.977
[E12] b0790 | loss=0.2884 | acc=0.961
[E12] b0800 | loss=0.3175 | acc=0.961
[E12] b0810 | loss=0.2669 | acc=0.992
[E12] b0820 | loss=0.3030 | acc=0.969
[E12] b0830 | loss=0.2587 | acc=0.992
[E12] b0840 | loss=0.2798 | acc=0.969
[E12] b0850 | loss=0.2511 | acc=0.992
[E12] b0860 | loss=0.2956 | acc=0.984
[E12] b0870 | loss=0.2717 | acc=0.984
[E12] b0880 | loss=0.2747 | acc=0.984
[E12] b0890 | loss=0.3026 | acc=0.969
[E12] b0900 | loss=0.2825 | acc=0.984
[E12] b0910 | loss=0.2637 | acc=0.992
[E12] b0920 | loss=0.3676 | acc=0.945
[E12] b0930 | loss=0.2586 | acc=0.992
[E12] b0940 | loss=0.2897 | acc=0.969
[E12] b0950 | loss=0.3115 | acc=0.969
[E12] b0960 | loss=0.3531 | acc=0.945
[E12] b0970 | loss=0.3936 | acc=0.922
[E12] b0980 | loss=0.2648 | acc=0.984
[E12] b0990 | loss=0.2885 | acc=0.969
[E12] b1000 | loss=0.2800 | acc=0.984
[E12] b1010 | loss=0.3037 | acc=0.977
[E12] b1020 | loss=0.2842 | acc=0.984
[E12] total_loss=303.429 | VAL acc=0.916 | F1=0.766 | kappa=0.833
[E13] b0000 | loss=0.2541 | acc=0.992
[E13] b0010 | loss=0.2413 | acc=1.000
[E13] b0020 | loss=0.2643 | acc=0.984
[E13] b0030 | loss=0.2754 | acc=0.992
[E13] b0040 | loss=0.3005 | acc=0.984
[E13] b0050 | loss=0.3791 | acc=0.938
[E13] b0060 | loss=0.2590 | acc=0.992
[E13] b0070 | loss=0.2661 | acc=0.992
[E13] b0080 | loss=0.2855 | acc=0.977
[E13] b0090 | loss=0.2633 | acc=0.984
[E13] b0100 | loss=0.2702 | acc=0.984
[E13] b0110 | loss=0.3034 | acc=0.961
[E13] b0120 | loss=0.2478 | acc=1.000
[E13] b0130 | loss=0.2844 | acc=0.969
[E13] b0140 | loss=0.2431 | acc=1.000
[E13] b0150 | loss=0.3123 | acc=0.977
[E13] b0160 | loss=0.3389 | acc=0.953
[E13] b0170 | loss=0.2977 | acc=0.984
[E13] b0180 | loss=0.2751 | acc=0.984
[E13] b0190 | loss=0.2553 | acc=0.984
[E13] b0200 | loss=0.2736 | acc=0.992
[E13] b0210 | loss=0.2346 | acc=1.000
[E13] b0220 | loss=0.2645 | acc=0.992
[E13] b0230 | loss=0.3403 | acc=0.945
[E13] b0240 | loss=0.3056 | acc=0.984
[E13] b0250 | loss=0.2843 | acc=0.977
[E13] b0260 | loss=0.3142 | acc=0.969
[E13] b0270 | loss=0.2923 | acc=0.977
[E13] b0280 | loss=0.2928 | acc=0.984
[E13] b0290 | loss=0.3110 | acc=0.977
[E13] b0300 | loss=0.3057 | acc=0.969
[E13] b0310 | loss=0.3021 | acc=0.977
[E13] b0320 | loss=0.2704 | acc=0.984
[E13] b0330 | loss=0.2854 | acc=0.977
[E13] b0340 | loss=0.2900 | acc=0.977
[E13] b0350 | loss=0.3239 | acc=0.961
[E13] b0360 | loss=0.3377 | acc=0.961
[E13] b0370 | loss=0.2522 | acc=0.992
[E13] b0380 | loss=0.2529 | acc=0.992
[E13] b0390 | loss=0.2794 | acc=0.992
[E13] b0400 | loss=0.2665 | acc=0.992
[E13] b0410 | loss=0.2746 | acc=0.992
[E13] b0420 | loss=0.3029 | acc=0.977
[E13] b0430 | loss=0.3353 | acc=0.977
[E13] b0440 | loss=0.2683 | acc=0.977
[E13] b0450 | loss=0.2793 | acc=0.984
[E13] b0460 | loss=0.2681 | acc=0.992
[E13] b0470 | loss=0.2658 | acc=0.984
[E13] b0480 | loss=0.2674 | acc=0.984
[E13] b0490 | loss=0.2993 | acc=0.977
[E13] b0500 | loss=0.2786 | acc=0.977
[E13] b0510 | loss=0.2848 | acc=0.977
[E13] b0520 | loss=0.3061 | acc=0.969
[E13] b0530 | loss=0.2543 | acc=0.992
[E13] b0540 | loss=0.2465 | acc=0.992
[E13] b0550 | loss=0.2882 | acc=0.977
[E13] b0560 | loss=0.2442 | acc=1.000
[E13] b0570 | loss=0.2788 | acc=0.984
[E13] b0580 | loss=0.2915 | acc=0.977
[E13] b0590 | loss=0.2946 | acc=0.969
[E13] b0600 | loss=0.2405 | acc=1.000
[E13] b0610 | loss=0.2978 | acc=0.961
[E13] b0620 | loss=0.2812 | acc=0.977
[E13] b0630 | loss=0.3167 | acc=0.969
[E13] b0640 | loss=0.3096 | acc=0.969
[E13] b0650 | loss=0.3276 | acc=0.961
[E13] b0660 | loss=0.2744 | acc=0.977
[E13] b0670 | loss=0.2591 | acc=0.992
[E13] b0680 | loss=0.2483 | acc=1.000
[E13] b0690 | loss=0.2550 | acc=1.000
[E13] b0700 | loss=0.2745 | acc=0.977
[E13] b0710 | loss=0.2834 | acc=0.969
[E13] b0720 | loss=0.2403 | acc=1.000
[E13] b0730 | loss=0.3379 | acc=0.961
[E13] b0740 | loss=0.2681 | acc=0.992
[E13] b0750 | loss=0.3061 | acc=0.977
[E13] b0760 | loss=0.2534 | acc=0.992
[E13] b0770 | loss=0.3282 | acc=0.961
[E13] b0780 | loss=0.2529 | acc=0.984
[E13] b0790 | loss=0.2954 | acc=0.969
[E13] b0800 | loss=0.3250 | acc=0.977
[E13] b0810 | loss=0.2527 | acc=0.992
[E13] b0820 | loss=0.3293 | acc=0.961
[E13] b0830 | loss=0.3403 | acc=0.938
[E13] b0840 | loss=0.3334 | acc=0.953
[E13] b0850 | loss=0.2686 | acc=0.984
[E13] b0860 | loss=0.2410 | acc=1.000
[E13] b0870 | loss=0.2421 | acc=1.000
[E13] b0880 | loss=0.2880 | acc=0.977
[E13] b0890 | loss=0.2517 | acc=0.992
[E13] b0900 | loss=0.2374 | acc=1.000
[E13] b0910 | loss=0.2902 | acc=0.977
[E13] b0920 | loss=0.2853 | acc=0.977
[E13] b0930 | loss=0.2825 | acc=0.984
[E13] b0940 | loss=0.2537 | acc=0.992
[E13] b0950 | loss=0.2766 | acc=0.977
[E13] b0960 | loss=0.3151 | acc=0.961
[E13] b0970 | loss=0.2737 | acc=0.984
[E13] b0980 | loss=0.2826 | acc=0.977
[E13] b0990 | loss=0.2508 | acc=0.992
[E13] b1000 | loss=0.3173 | acc=0.969
[E13] b1010 | loss=0.3347 | acc=0.953
[E13] b1020 | loss=0.3091 | acc=0.984
[E13] total_loss=294.189 | VAL acc=0.918 | F1=0.765 | kappa=0.837
[E14] b0000 | loss=0.2964 | acc=0.961
[E14] b0010 | loss=0.2670 | acc=0.977
[E14] b0020 | loss=0.3181 | acc=0.969
[E14] b0030 | loss=0.3373 | acc=0.961
[E14] b0040 | loss=0.2773 | acc=0.984
[E14] b0050 | loss=0.2636 | acc=0.992
[E14] b0060 | loss=0.3089 | acc=0.977
[E14] b0070 | loss=0.3394 | acc=0.969
[E14] b0080 | loss=0.2876 | acc=0.969
[E14] b0090 | loss=0.2639 | acc=0.984
[E14] b0100 | loss=0.2768 | acc=0.992
[E14] b0110 | loss=0.2923 | acc=0.984
[E14] b0120 | loss=0.3422 | acc=0.945
[E14] b0130 | loss=0.2762 | acc=0.977
[E14] b0140 | loss=0.2741 | acc=0.977
[E14] b0150 | loss=0.2977 | acc=0.961
[E14] b0160 | loss=0.2382 | acc=1.000
[E14] b0170 | loss=0.2666 | acc=0.984
[E14] b0180 | loss=0.3069 | acc=0.969
[E14] b0190 | loss=0.3172 | acc=0.969
[E14] b0200 | loss=0.2486 | acc=0.992
[E14] b0210 | loss=0.3198 | acc=0.977
[E14] b0220 | loss=0.2638 | acc=0.984
[E14] b0230 | loss=0.3989 | acc=0.938
[E14] b0240 | loss=0.2704 | acc=0.984
[E14] b0250 | loss=0.2594 | acc=0.984
[E14] b0260 | loss=0.2773 | acc=0.984
[E14] b0270 | loss=0.2733 | acc=0.977
[E14] b0280 | loss=0.2578 | acc=0.992
[E14] b0290 | loss=0.2726 | acc=0.977
[E14] b0300 | loss=0.2951 | acc=0.977
[E14] b0310 | loss=0.2641 | acc=0.992
[E14] b0320 | loss=0.2728 | acc=0.984
[E14] b0330 | loss=0.2530 | acc=0.984
[E14] b0340 | loss=0.2565 | acc=0.992
[E14] b0350 | loss=0.3488 | acc=0.969
[E14] b0360 | loss=0.2827 | acc=0.977
[E14] b0370 | loss=0.2565 | acc=0.992
[E14] b0380 | loss=0.3249 | acc=0.961
[E14] b0390 | loss=0.2704 | acc=0.984
[E14] b0400 | loss=0.3763 | acc=0.945
[E14] b0410 | loss=0.3072 | acc=0.977
[E14] b0420 | loss=0.2646 | acc=0.984
[E14] b0430 | loss=0.2602 | acc=0.984
[E14] b0440 | loss=0.2745 | acc=0.977
[E14] b0450 | loss=0.2885 | acc=0.984
[E14] b0460 | loss=0.2983 | acc=0.969
[E14] b0470 | loss=0.2858 | acc=0.984
[E14] b0480 | loss=0.3370 | acc=0.961
[E14] b0490 | loss=0.2584 | acc=0.992
[E14] b0500 | loss=0.2837 | acc=0.977
[E14] b0510 | loss=0.3075 | acc=0.977
[E14] b0520 | loss=0.2783 | acc=0.977
[E14] b0530 | loss=0.2816 | acc=0.977
[E14] b0540 | loss=0.2876 | acc=0.977
[E14] b0550 | loss=0.2611 | acc=0.984
[E14] b0560 | loss=0.2677 | acc=0.984
[E14] b0570 | loss=0.3132 | acc=0.977
[E14] b0580 | loss=0.2475 | acc=0.992
[E14] b0590 | loss=0.2826 | acc=0.969
[E14] b0600 | loss=0.3037 | acc=0.969
[E14] b0610 | loss=0.2532 | acc=0.992
[E14] b0620 | loss=0.2773 | acc=0.969
[E14] b0630 | loss=0.2528 | acc=0.992
[E14] b0640 | loss=0.2614 | acc=0.992
[E14] b0650 | loss=0.2597 | acc=0.992
[E14] b0660 | loss=0.2841 | acc=0.977
[E14] b0670 | loss=0.3373 | acc=0.969
[E14] b0680 | loss=0.2449 | acc=0.992
[E14] b0690 | loss=0.2569 | acc=0.992
[E14] b0700 | loss=0.2706 | acc=0.984
[E14] b0710 | loss=0.3365 | acc=0.969
[E14] b0720 | loss=0.2781 | acc=0.977
[E14] b0730 | loss=0.3121 | acc=0.969
[E14] b0740 | loss=0.2786 | acc=0.984
[E14] b0750 | loss=0.3764 | acc=0.961
[E14] b0760 | loss=0.2709 | acc=0.984
[E14] b0770 | loss=0.3059 | acc=0.969
[E14] b0780 | loss=0.2476 | acc=0.992
[E14] b0790 | loss=0.2975 | acc=0.969
[E14] b0800 | loss=0.2575 | acc=0.984
[E14] b0810 | loss=0.2873 | acc=0.984
[E14] b0820 | loss=0.2479 | acc=1.000
[E14] b0830 | loss=0.2540 | acc=0.992
[E14] b0840 | loss=0.2604 | acc=0.984
[E14] b0850 | loss=0.3399 | acc=0.961
[E14] b0860 | loss=0.2627 | acc=0.984
[E14] b0870 | loss=0.2744 | acc=0.977
[E14] b0880 | loss=0.2664 | acc=0.992
[E14] b0890 | loss=0.2779 | acc=0.984
[E14] b0900 | loss=0.3132 | acc=0.961
[E14] b0910 | loss=0.2936 | acc=0.977
[E14] b0920 | loss=0.2465 | acc=1.000
[E14] b0930 | loss=0.2554 | acc=0.992
[E14] b0940 | loss=0.2426 | acc=1.000
[E14] b0950 | loss=0.3600 | acc=0.945
[E14] b0960 | loss=0.3105 | acc=0.961
[E14] b0970 | loss=0.2569 | acc=0.992
[E14] b0980 | loss=0.2386 | acc=1.000
[E14] b0990 | loss=0.2566 | acc=0.984
[E14] b1000 | loss=0.2472 | acc=0.992
[E14] b1010 | loss=0.2601 | acc=0.992
[E14] b1020 | loss=0.2449 | acc=0.992
[E14] total_loss=289.362 | VAL acc=0.917 | F1=0.761 | kappa=0.834
[E15] b0000 | loss=0.2964 | acc=0.977
[E15] b0010 | loss=0.2998 | acc=0.984
[E15] b0020 | loss=0.2735 | acc=0.992
[E15] b0030 | loss=0.2744 | acc=0.992
[E15] b0040 | loss=0.2514 | acc=0.992
[E15] b0050 | loss=0.2384 | acc=1.000
[E15] b0060 | loss=0.2446 | acc=0.992
[E15] b0070 | loss=0.2431 | acc=1.000
[E15] b0080 | loss=0.2632 | acc=0.984
[E15] b0090 | loss=0.2730 | acc=0.977
[E15] b0100 | loss=0.3040 | acc=0.969
[E15] b0110 | loss=0.2540 | acc=0.984
[E15] b0120 | loss=0.2932 | acc=0.977
[E15] b0130 | loss=0.2902 | acc=0.977
[E15] b0140 | loss=0.2744 | acc=0.977
[E15] b0150 | loss=0.2724 | acc=0.977
[E15] b0160 | loss=0.2524 | acc=0.984
[E15] b0170 | loss=0.2868 | acc=0.984
[E15] b0180 | loss=0.2549 | acc=0.992
[E15] b0190 | loss=0.2434 | acc=1.000
[E15] b0200 | loss=0.2388 | acc=1.000
[E15] b0210 | loss=0.2585 | acc=0.992
[E15] b0220 | loss=0.2690 | acc=0.984
[E15] b0230 | loss=0.3026 | acc=0.977
[E15] b0240 | loss=0.2718 | acc=0.984
[E15] b0250 | loss=0.2967 | acc=0.969
[E15] b0260 | loss=0.2609 | acc=0.984
[E15] b0270 | loss=0.2582 | acc=0.992
[E15] b0280 | loss=0.2671 | acc=0.992
[E15] b0290 | loss=0.2897 | acc=0.977
[E15] b0300 | loss=0.2674 | acc=0.984
[E15] b0310 | loss=0.3225 | acc=0.977
[E15] b0320 | loss=0.3117 | acc=0.969
[E15] b0330 | loss=0.2685 | acc=0.984
[E15] b0340 | loss=0.2430 | acc=1.000
[E15] b0350 | loss=0.2472 | acc=1.000
[E15] b0360 | loss=0.2638 | acc=0.984
[E15] b0370 | loss=0.2971 | acc=0.984
[E15] b0380 | loss=0.2600 | acc=0.992
[E15] b0390 | loss=0.3139 | acc=0.961
[E15] b0400 | loss=0.3187 | acc=0.969
[E15] b0410 | loss=0.2547 | acc=0.992
[E15] b0420 | loss=0.2563 | acc=0.992
[E15] b0430 | loss=0.2458 | acc=0.992
[E15] b0440 | loss=0.2666 | acc=0.977
[E15] b0450 | loss=0.2699 | acc=0.977
[E15] b0460 | loss=0.2843 | acc=0.977
[E15] b0470 | loss=0.2446 | acc=0.992
[E15] b0480 | loss=0.2668 | acc=0.992
[E15] b0490 | loss=0.2610 | acc=0.992
[E15] b0500 | loss=0.2804 | acc=0.977
[E15] b0510 | loss=0.2693 | acc=0.992
[E15] b0520 | loss=0.2822 | acc=0.984
[E15] b0530 | loss=0.2984 | acc=0.977
[E15] b0540 | loss=0.2789 | acc=0.984
[E15] b0550 | loss=0.2509 | acc=0.992
[E15] b0560 | loss=0.2572 | acc=0.984
[E15] b0570 | loss=0.2490 | acc=0.992
[E15] b0580 | loss=0.3005 | acc=0.961
[E15] b0590 | loss=0.2510 | acc=0.984
[E15] b0600 | loss=0.2472 | acc=0.992
[E15] b0610 | loss=0.2384 | acc=1.000
[E15] b0620 | loss=0.2400 | acc=1.000
[E15] b0630 | loss=0.3269 | acc=0.961
[E15] b0640 | loss=0.2675 | acc=0.977
[E15] b0650 | loss=0.2623 | acc=0.977
[E15] b0660 | loss=0.2580 | acc=0.984
[E15] b0670 | loss=0.2519 | acc=0.992
[E15] b0680 | loss=0.2554 | acc=0.992
[E15] b0690 | loss=0.2954 | acc=0.977
[E15] b0700 | loss=0.2584 | acc=0.977
[E15] b0710 | loss=0.2514 | acc=0.992
[E15] b0720 | loss=0.2839 | acc=0.969
[E15] b0730 | loss=0.2423 | acc=1.000
[E15] b0740 | loss=0.2464 | acc=1.000
[E15] b0750 | loss=0.2792 | acc=0.984
[E15] b0760 | loss=0.3557 | acc=0.969
[E15] b0770 | loss=0.2457 | acc=1.000
[E15] b0780 | loss=0.2721 | acc=0.984
[E15] b0790 | loss=0.2534 | acc=0.992
[E15] b0800 | loss=0.2522 | acc=0.992
[E15] b0810 | loss=0.2655 | acc=0.984
[E15] b0820 | loss=0.2520 | acc=0.984
[E15] b0830 | loss=0.2846 | acc=0.977
[E15] b0840 | loss=0.2695 | acc=0.984
[E15] b0850 | loss=0.2725 | acc=0.984
[E15] b0860 | loss=0.2778 | acc=0.984
[E15] b0870 | loss=0.2456 | acc=1.000
[E15] b0880 | loss=0.2990 | acc=0.984
[E15] b0890 | loss=0.2577 | acc=0.992
[E15] b0900 | loss=0.2741 | acc=0.977
[E15] b0910 | loss=0.2506 | acc=0.992
[E15] b0920 | loss=0.2510 | acc=1.000
[E15] b0930 | loss=0.2631 | acc=0.984
[E15] b0940 | loss=0.2807 | acc=0.992
[E15] b0950 | loss=0.2854 | acc=0.984
[E15] b0960 | loss=0.2545 | acc=0.992
[E15] b0970 | loss=0.3154 | acc=0.961
[E15] b0980 | loss=0.2428 | acc=1.000
[E15] b0990 | loss=0.2516 | acc=0.984
[E15] b1000 | loss=0.2444 | acc=1.000
[E15] b1010 | loss=0.2778 | acc=0.984
[E15] b1020 | loss=0.2377 | acc=1.000
[E15] total_loss=274.039 | VAL acc=0.916 | F1=0.756 | kappa=0.833
[E16] b0000 | loss=0.2351 | acc=1.000
[E16] b0010 | loss=0.2647 | acc=0.992
[E16] b0020 | loss=0.2347 | acc=1.000
[E16] b0030 | loss=0.2549 | acc=0.992
[E16] b0040 | loss=0.2639 | acc=0.992
[E16] b0050 | loss=0.2588 | acc=0.992
[E16] b0060 | loss=0.2715 | acc=0.977
[E16] b0070 | loss=0.2844 | acc=0.969
[E16] b0080 | loss=0.3218 | acc=0.961
[E16] b0090 | loss=0.2820 | acc=0.977
[E16] b0100 | loss=0.2621 | acc=0.984
[E16] b0110 | loss=0.2814 | acc=0.977
[E16] b0120 | loss=0.2709 | acc=0.984
[E16] b0130 | loss=0.2392 | acc=1.000
[E16] b0140 | loss=0.3532 | acc=0.953
[E16] b0150 | loss=0.2830 | acc=0.977
[E16] b0160 | loss=0.2725 | acc=0.984
[E16] b0170 | loss=0.2876 | acc=0.969
[E16] b0180 | loss=0.2659 | acc=0.984
[E16] b0190 | loss=0.2548 | acc=0.992
[E16] b0200 | loss=0.2431 | acc=0.992
[E16] b0210 | loss=0.2684 | acc=0.992
[E16] b0220 | loss=0.2721 | acc=0.977
[E16] b0230 | loss=0.2565 | acc=0.984
[E16] b0240 | loss=0.2396 | acc=0.992
[E16] b0250 | loss=0.2739 | acc=0.992
[E16] b0260 | loss=0.2908 | acc=0.961
[E16] b0270 | loss=0.2352 | acc=1.000
[E16] b0280 | loss=0.2453 | acc=0.992
[E16] b0290 | loss=0.2557 | acc=0.992
[E16] b0300 | loss=0.2988 | acc=0.977
[E16] b0310 | loss=0.2733 | acc=0.992
[E16] b0320 | loss=0.2560 | acc=0.984
[E16] b0330 | loss=0.2760 | acc=0.977
[E16] b0340 | loss=0.2722 | acc=0.984
[E16] b0350 | loss=0.2442 | acc=1.000
[E16] b0360 | loss=0.2599 | acc=0.992
[E16] b0370 | loss=0.2652 | acc=0.977
[E16] b0380 | loss=0.2448 | acc=0.992
[E16] b0390 | loss=0.2888 | acc=0.977
[E16] b0400 | loss=0.3126 | acc=0.977
[E16] b0410 | loss=0.2563 | acc=0.992
[E16] b0420 | loss=0.2841 | acc=0.984
[E16] b0430 | loss=0.2672 | acc=0.984
[E16] b0440 | loss=0.2796 | acc=0.977
[E16] b0450 | loss=0.2715 | acc=0.992
[E16] b0460 | loss=0.2468 | acc=1.000
[E16] b0470 | loss=0.2638 | acc=0.992
[E16] b0480 | loss=0.2716 | acc=0.992
[E16] b0490 | loss=0.2847 | acc=0.984
[E16] b0500 | loss=0.2963 | acc=0.977
[E16] b0510 | loss=0.2364 | acc=1.000
[E16] b0520 | loss=0.3025 | acc=0.969
[E16] b0530 | loss=0.2369 | acc=1.000
[E16] b0540 | loss=0.2454 | acc=0.992
[E16] b0550 | loss=0.2398 | acc=1.000
[E16] b0560 | loss=0.2380 | acc=1.000
[E16] b0570 | loss=0.2892 | acc=0.977
[E16] b0580 | loss=0.2558 | acc=0.992
[E16] b0590 | loss=0.2668 | acc=0.984
[E16] b0600 | loss=0.3083 | acc=0.969
[E16] b0610 | loss=0.2335 | acc=1.000
[E16] b0620 | loss=0.2355 | acc=1.000
[E16] b0630 | loss=0.2746 | acc=0.984
[E16] b0640 | loss=0.2783 | acc=0.969
[E16] b0650 | loss=0.2980 | acc=0.977
[E16] b0660 | loss=0.2454 | acc=0.992
[E16] b0670 | loss=0.2507 | acc=1.000
[E16] b0680 | loss=0.2825 | acc=0.977
[E16] b0690 | loss=0.2613 | acc=0.992
[E16] b0700 | loss=0.2416 | acc=1.000
[E16] b0710 | loss=0.2351 | acc=1.000
[E16] b0720 | loss=0.2391 | acc=1.000
[E16] b0730 | loss=0.2784 | acc=0.969
[E16] b0740 | loss=0.2398 | acc=1.000
[E16] b0750 | loss=0.2759 | acc=0.984
[E16] b0760 | loss=0.2827 | acc=0.953
[E16] b0770 | loss=0.2544 | acc=0.992
[E16] b0780 | loss=0.2441 | acc=0.992
[E16] b0790 | loss=0.2438 | acc=0.992
[E16] b0800 | loss=0.2524 | acc=0.992
[E16] b0810 | loss=0.3069 | acc=0.969
[E16] b0820 | loss=0.2947 | acc=0.977
[E16] b0830 | loss=0.2545 | acc=0.992
[E16] b0840 | loss=0.2918 | acc=0.984
[E16] b0850 | loss=0.2535 | acc=0.992
[E16] b0860 | loss=0.2842 | acc=0.977
[E16] b0870 | loss=0.2541 | acc=0.992
[E16] b0880 | loss=0.2589 | acc=0.992
[E16] b0890 | loss=0.2801 | acc=0.977
[E16] b0900 | loss=0.2464 | acc=0.992
[E16] b0910 | loss=0.2414 | acc=1.000
[E16] b0920 | loss=0.2665 | acc=0.977
[E16] b0930 | loss=0.2350 | acc=1.000
[E16] b0940 | loss=0.2739 | acc=0.977
[E16] b0950 | loss=0.2602 | acc=0.984
[E16] b0960 | loss=0.2923 | acc=0.969
[E16] b0970 | loss=0.2508 | acc=0.992
[E16] b0980 | loss=0.2355 | acc=1.000
[E16] b0990 | loss=0.2480 | acc=1.000
[E16] b1000 | loss=0.2653 | acc=0.984
[E16] b1010 | loss=0.2523 | acc=0.992
[E16] b1020 | loss=0.3006 | acc=0.969
[E16] total_loss=268.340 | VAL acc=0.914 | F1=0.746 | kappa=0.829
[STOP] Early stopping (no improvement)
=== TRAIN DONE ===
