[INFO] CNN+BiLSTM | TRAIN=130703 | VAL=2804
=== DEVICE: cuda ===
=== START TRAIN ===
[E01] b0000 | loss=1.6097 | acc=0.203
[E01] b0010 | loss=1.5337 | acc=0.344
[E01] b0020 | loss=1.4214 | acc=0.320
[E01] b0030 | loss=1.1928 | acc=0.508
[E01] b0040 | loss=1.0395 | acc=0.656
[E01] b0050 | loss=0.9240 | acc=0.625
[E01] b0060 | loss=0.8099 | acc=0.695
[E01] b0070 | loss=0.8004 | acc=0.773
[E01] b0080 | loss=0.8227 | acc=0.680
[E01] b0090 | loss=0.7805 | acc=0.719
[E01] b0100 | loss=0.7305 | acc=0.750
[E01] b0110 | loss=0.8128 | acc=0.742
[E01] b0120 | loss=0.8093 | acc=0.711
[E01] b0130 | loss=0.6949 | acc=0.797
[E01] b0140 | loss=0.8567 | acc=0.711
[E01] b0150 | loss=0.7711 | acc=0.773
[E01] b0160 | loss=0.7662 | acc=0.719
[E01] b0170 | loss=0.8212 | acc=0.711
[E01] b0180 | loss=0.7629 | acc=0.734
[E01] b0190 | loss=0.8351 | acc=0.719
[E01] b0200 | loss=0.7211 | acc=0.781
[E01] b0210 | loss=0.7667 | acc=0.758
[E01] b0220 | loss=0.6872 | acc=0.773
[E01] b0230 | loss=0.7936 | acc=0.695
[E01] b0240 | loss=0.7126 | acc=0.734
[E01] b0250 | loss=0.7018 | acc=0.766
[E01] b0260 | loss=0.5929 | acc=0.805
[E01] b0270 | loss=0.7557 | acc=0.781
[E01] b0280 | loss=0.6906 | acc=0.750
[E01] b0290 | loss=0.7247 | acc=0.758
[E01] b0300 | loss=0.6749 | acc=0.742
[E01] b0310 | loss=0.6892 | acc=0.734
[E01] b0320 | loss=0.8112 | acc=0.742
[E01] b0330 | loss=0.7212 | acc=0.766
[E01] b0340 | loss=0.7866 | acc=0.734
[E01] b0350 | loss=0.7008 | acc=0.797
[E01] b0360 | loss=0.7388 | acc=0.750
[E01] b0370 | loss=0.7180 | acc=0.734
[E01] b0380 | loss=0.6645 | acc=0.812
[E01] b0390 | loss=0.5400 | acc=0.867
[E01] b0400 | loss=0.6193 | acc=0.797
[E01] b0410 | loss=0.5931 | acc=0.852
[E01] b0420 | loss=0.7822 | acc=0.734
[E01] b0430 | loss=0.5918 | acc=0.844
[E01] b0440 | loss=0.8570 | acc=0.734
[E01] b0450 | loss=0.5723 | acc=0.828
[E01] b0460 | loss=0.6060 | acc=0.812
[E01] b0470 | loss=0.6418 | acc=0.789
[E01] b0480 | loss=0.6543 | acc=0.797
[E01] b0490 | loss=0.5215 | acc=0.836
[E01] b0500 | loss=0.6929 | acc=0.781
[E01] b0510 | loss=0.6001 | acc=0.836
[E01] b0520 | loss=0.7812 | acc=0.695
[E01] b0530 | loss=0.8130 | acc=0.688
[E01] b0540 | loss=0.6909 | acc=0.781
[E01] b0550 | loss=0.6272 | acc=0.805
[E01] b0560 | loss=0.6045 | acc=0.820
[E01] b0570 | loss=0.6373 | acc=0.844
[E01] b0580 | loss=0.6765 | acc=0.781
[E01] b0590 | loss=0.7364 | acc=0.711
[E01] b0600 | loss=0.5831 | acc=0.805
[E01] b0610 | loss=0.7070 | acc=0.750
[E01] b0620 | loss=0.6428 | acc=0.773
[E01] b0630 | loss=0.6820 | acc=0.727
[E01] b0640 | loss=0.6539 | acc=0.812
[E01] b0650 | loss=0.6014 | acc=0.812
[E01] b0660 | loss=0.6832 | acc=0.750
[E01] b0670 | loss=0.6688 | acc=0.781
[E01] b0680 | loss=0.6057 | acc=0.820
[E01] b0690 | loss=0.5466 | acc=0.867
[E01] b0700 | loss=0.5823 | acc=0.828
[E01] b0710 | loss=0.7301 | acc=0.711
[E01] b0720 | loss=0.6750 | acc=0.805
[E01] b0730 | loss=0.6358 | acc=0.812
[E01] b0740 | loss=0.6589 | acc=0.805
[E01] b0750 | loss=0.6083 | acc=0.812
[E01] b0760 | loss=0.6206 | acc=0.812
[E01] b0770 | loss=0.6273 | acc=0.820
[E01] b0780 | loss=0.6660 | acc=0.797
[E01] b0790 | loss=0.6792 | acc=0.812
[E01] b0800 | loss=0.6417 | acc=0.805
[E01] b0810 | loss=0.6975 | acc=0.789
[E01] b0820 | loss=0.6167 | acc=0.812
[E01] b0830 | loss=0.6440 | acc=0.766
[E01] b0840 | loss=0.5315 | acc=0.867
[E01] b0850 | loss=0.6442 | acc=0.789
[E01] b0860 | loss=0.6981 | acc=0.781
[E01] b0870 | loss=0.6497 | acc=0.805
[E01] b0880 | loss=0.5706 | acc=0.820
[E01] b0890 | loss=0.6830 | acc=0.820
[E01] b0900 | loss=0.6276 | acc=0.820
[E01] b0910 | loss=0.6633 | acc=0.797
[E01] b0920 | loss=0.6211 | acc=0.828
[E01] b0930 | loss=0.6333 | acc=0.805
[E01] b0940 | loss=0.7552 | acc=0.766
[E01] b0950 | loss=0.6506 | acc=0.820
[E01] b0960 | loss=0.6175 | acc=0.820
[E01] b0970 | loss=0.6464 | acc=0.781
[E01] b0980 | loss=0.6815 | acc=0.750
[E01] b0990 | loss=0.6185 | acc=0.836
[E01] b1000 | loss=0.5418 | acc=0.836
[E01] b1010 | loss=0.7087 | acc=0.766
[E01] b1020 | loss=0.6277 | acc=0.797
[E01] total_loss=726.269 | VAL acc=0.890 | F1=0.733 | kappa=0.789
[SAVE] New best BiLSTM (by F1)
[E02] b0000 | loss=0.7369 | acc=0.758
[E02] b0010 | loss=0.6138 | acc=0.812
[E02] b0020 | loss=0.6094 | acc=0.805
[E02] b0030 | loss=0.6485 | acc=0.805
[E02] b0040 | loss=0.6824 | acc=0.828
[E02] b0050 | loss=0.6007 | acc=0.828
[E02] b0060 | loss=0.5647 | acc=0.836
[E02] b0070 | loss=0.6274 | acc=0.812
[E02] b0080 | loss=0.5973 | acc=0.812
[E02] b0090 | loss=0.6926 | acc=0.766
[E02] b0100 | loss=0.5734 | acc=0.820
[E02] b0110 | loss=0.5338 | acc=0.859
[E02] b0120 | loss=0.5665 | acc=0.844
[E02] b0130 | loss=0.5898 | acc=0.820
[E02] b0140 | loss=0.6768 | acc=0.820
[E02] b0150 | loss=0.5836 | acc=0.797
[E02] b0160 | loss=0.5498 | acc=0.852
[E02] b0170 | loss=0.6979 | acc=0.750
[E02] b0180 | loss=0.5945 | acc=0.836
[E02] b0190 | loss=0.6791 | acc=0.742
[E02] b0200 | loss=0.5804 | acc=0.844
[E02] b0210 | loss=0.5947 | acc=0.805
[E02] b0220 | loss=0.6272 | acc=0.789
[E02] b0230 | loss=0.6789 | acc=0.781
[E02] b0240 | loss=0.5920 | acc=0.820
[E02] b0250 | loss=0.6981 | acc=0.773
[E02] b0260 | loss=0.6498 | acc=0.820
[E02] b0270 | loss=0.6553 | acc=0.797
[E02] b0280 | loss=0.5777 | acc=0.859
[E02] b0290 | loss=0.6346 | acc=0.812
[E02] b0300 | loss=0.6507 | acc=0.773
[E02] b0310 | loss=0.6203 | acc=0.797
[E02] b0320 | loss=0.6238 | acc=0.820
[E02] b0330 | loss=0.5066 | acc=0.852
[E02] b0340 | loss=0.5163 | acc=0.867
[E02] b0350 | loss=0.7124 | acc=0.758
[E02] b0360 | loss=0.6127 | acc=0.789
[E02] b0370 | loss=0.6223 | acc=0.781
[E02] b0380 | loss=0.6720 | acc=0.797
[E02] b0390 | loss=0.5149 | acc=0.828
[E02] b0400 | loss=0.6347 | acc=0.820
[E02] b0410 | loss=0.6386 | acc=0.789
[E02] b0420 | loss=0.6614 | acc=0.750
[E02] b0430 | loss=0.5469 | acc=0.844
[E02] b0440 | loss=0.5520 | acc=0.789
[E02] b0450 | loss=0.7136 | acc=0.773
[E02] b0460 | loss=0.6473 | acc=0.805
[E02] b0470 | loss=0.6288 | acc=0.797
[E02] b0480 | loss=0.6918 | acc=0.797
[E02] b0490 | loss=0.6630 | acc=0.812
[E02] b0500 | loss=0.5612 | acc=0.852
[E02] b0510 | loss=0.6123 | acc=0.828
[E02] b0520 | loss=0.5438 | acc=0.844
[E02] b0530 | loss=0.6231 | acc=0.867
[E02] b0540 | loss=0.6938 | acc=0.781
[E02] b0550 | loss=0.5672 | acc=0.844
[E02] b0560 | loss=0.5926 | acc=0.844
[E02] b0570 | loss=0.5555 | acc=0.852
[E02] b0580 | loss=0.5477 | acc=0.844
[E02] b0590 | loss=0.6031 | acc=0.820
[E02] b0600 | loss=0.6767 | acc=0.781
[E02] b0610 | loss=0.5525 | acc=0.875
[E02] b0620 | loss=0.6686 | acc=0.797
[E02] b0630 | loss=0.5029 | acc=0.906
[E02] b0640 | loss=0.5770 | acc=0.844
[E02] b0650 | loss=0.5670 | acc=0.859
[E02] b0660 | loss=0.6749 | acc=0.797
[E02] b0670 | loss=0.5762 | acc=0.797
[E02] b0680 | loss=0.5791 | acc=0.828
[E02] b0690 | loss=0.5243 | acc=0.844
[E02] b0700 | loss=0.6381 | acc=0.805
[E02] b0710 | loss=0.6578 | acc=0.797
[E02] b0720 | loss=0.6919 | acc=0.797
[E02] b0730 | loss=0.5722 | acc=0.852
[E02] b0740 | loss=0.6189 | acc=0.844
[E02] b0750 | loss=0.7912 | acc=0.727
[E02] b0760 | loss=0.6901 | acc=0.773
[E02] b0770 | loss=0.5740 | acc=0.836
[E02] b0780 | loss=0.5812 | acc=0.828
[E02] b0790 | loss=0.6555 | acc=0.812
[E02] b0800 | loss=0.6011 | acc=0.797
[E02] b0810 | loss=0.5606 | acc=0.828
[E02] b0820 | loss=0.5730 | acc=0.859
[E02] b0830 | loss=0.5021 | acc=0.906
[E02] b0840 | loss=0.6000 | acc=0.844
[E02] b0850 | loss=0.5065 | acc=0.859
[E02] b0860 | loss=0.5883 | acc=0.852
[E02] b0870 | loss=0.6274 | acc=0.805
[E02] b0880 | loss=0.5034 | acc=0.891
[E02] b0890 | loss=0.6059 | acc=0.820
[E02] b0900 | loss=0.5816 | acc=0.828
[E02] b0910 | loss=0.6060 | acc=0.797
[E02] b0920 | loss=0.6598 | acc=0.773
[E02] b0930 | loss=0.6720 | acc=0.805
[E02] b0940 | loss=0.5678 | acc=0.844
[E02] b0950 | loss=0.6748 | acc=0.789
[E02] b0960 | loss=0.6011 | acc=0.812
[E02] b0970 | loss=0.6547 | acc=0.797
[E02] b0980 | loss=0.5840 | acc=0.805
[E02] b0990 | loss=0.5564 | acc=0.852
[E02] b1000 | loss=0.6426 | acc=0.805
[E02] b1010 | loss=0.6227 | acc=0.812
[E02] b1020 | loss=0.6499 | acc=0.828
[E02] total_loss=620.351 | VAL acc=0.892 | F1=0.732 | kappa=0.789
[E03] b0000 | loss=0.4794 | acc=0.883
[E03] b0010 | loss=0.6594 | acc=0.805
[E03] b0020 | loss=0.5449 | acc=0.867
[E03] b0030 | loss=0.5734 | acc=0.820
[E03] b0040 | loss=0.6042 | acc=0.828
[E03] b0050 | loss=0.5849 | acc=0.828
[E03] b0060 | loss=0.6113 | acc=0.836
[E03] b0070 | loss=0.5815 | acc=0.828
[E03] b0080 | loss=0.5109 | acc=0.852
[E03] b0090 | loss=0.6197 | acc=0.820
[E03] b0100 | loss=0.7763 | acc=0.781
[E03] b0110 | loss=0.5426 | acc=0.820
[E03] b0120 | loss=0.5516 | acc=0.875
[E03] b0130 | loss=0.7059 | acc=0.766
[E03] b0140 | loss=0.5151 | acc=0.852
[E03] b0150 | loss=0.5845 | acc=0.828
[E03] b0160 | loss=0.5675 | acc=0.836
[E03] b0170 | loss=0.5715 | acc=0.773
[E03] b0180 | loss=0.5774 | acc=0.828
[E03] b0190 | loss=0.7059 | acc=0.789
[E03] b0200 | loss=0.5480 | acc=0.867
[E03] b0210 | loss=0.5258 | acc=0.867
[E03] b0220 | loss=0.5708 | acc=0.828
[E03] b0230 | loss=0.5215 | acc=0.883
[E03] b0240 | loss=0.5620 | acc=0.828
[E03] b0250 | loss=0.4140 | acc=0.914
[E03] b0260 | loss=0.5966 | acc=0.828
[E03] b0270 | loss=0.5676 | acc=0.844
[E03] b0280 | loss=0.6093 | acc=0.828
[E03] b0290 | loss=0.5746 | acc=0.828
[E03] b0300 | loss=0.5614 | acc=0.859
[E03] b0310 | loss=0.5752 | acc=0.844
[E03] b0320 | loss=0.5678 | acc=0.828
[E03] b0330 | loss=0.5818 | acc=0.852
[E03] b0340 | loss=0.5660 | acc=0.852
[E03] b0350 | loss=0.5692 | acc=0.867
[E03] b0360 | loss=0.6801 | acc=0.789
[E03] b0370 | loss=0.6112 | acc=0.781
[E03] b0380 | loss=0.5443 | acc=0.828
[E03] b0390 | loss=0.5062 | acc=0.852
[E03] b0400 | loss=0.7950 | acc=0.727
[E03] b0410 | loss=0.5781 | acc=0.836
[E03] b0420 | loss=0.6073 | acc=0.844
[E03] b0430 | loss=0.4856 | acc=0.867
[E03] b0440 | loss=0.5218 | acc=0.891
[E03] b0450 | loss=0.7490 | acc=0.766
[E03] b0460 | loss=0.5444 | acc=0.859
[E03] b0470 | loss=0.5682 | acc=0.812
[E03] b0480 | loss=0.6685 | acc=0.773
[E03] b0490 | loss=0.6579 | acc=0.781
[E03] b0500 | loss=0.5855 | acc=0.852
[E03] b0510 | loss=0.7233 | acc=0.711
[E03] b0520 | loss=0.6267 | acc=0.836
[E03] b0530 | loss=0.5837 | acc=0.820
[E03] b0540 | loss=0.5522 | acc=0.859
[E03] b0550 | loss=0.5686 | acc=0.852
[E03] b0560 | loss=0.5700 | acc=0.820
[E03] b0570 | loss=0.6148 | acc=0.805
[E03] b0580 | loss=0.5594 | acc=0.820
[E03] b0590 | loss=0.6816 | acc=0.812
[E03] b0600 | loss=0.6601 | acc=0.828
[E03] b0610 | loss=0.5697 | acc=0.836
[E03] b0620 | loss=0.5610 | acc=0.844
[E03] b0630 | loss=0.5173 | acc=0.883
[E03] b0640 | loss=0.5155 | acc=0.836
[E03] b0650 | loss=0.5875 | acc=0.820
[E03] b0660 | loss=0.6445 | acc=0.805
[E03] b0670 | loss=0.4991 | acc=0.867
[E03] b0680 | loss=0.5276 | acc=0.875
[E03] b0690 | loss=0.6698 | acc=0.820
[E03] b0700 | loss=0.5142 | acc=0.875
[E03] b0710 | loss=0.6787 | acc=0.805
[E03] b0720 | loss=0.6138 | acc=0.836
[E03] b0730 | loss=0.6394 | acc=0.828
[E03] b0740 | loss=0.6406 | acc=0.812
[E03] b0750 | loss=0.6340 | acc=0.820
[E03] b0760 | loss=0.6544 | acc=0.820
[E03] b0770 | loss=0.6204 | acc=0.828
[E03] b0780 | loss=0.6261 | acc=0.789
[E03] b0790 | loss=0.6556 | acc=0.805
[E03] b0800 | loss=0.5578 | acc=0.852
[E03] b0810 | loss=0.5562 | acc=0.844
[E03] b0820 | loss=0.6895 | acc=0.766
[E03] b0830 | loss=0.5420 | acc=0.852
[E03] b0840 | loss=0.5443 | acc=0.852
[E03] b0850 | loss=0.5031 | acc=0.883
[E03] b0860 | loss=0.6004 | acc=0.836
[E03] b0870 | loss=0.5760 | acc=0.883
[E03] b0880 | loss=0.6684 | acc=0.797
[E03] b0890 | loss=0.6612 | acc=0.789
[E03] b0900 | loss=0.5512 | acc=0.820
[E03] b0910 | loss=0.5887 | acc=0.820
[E03] b0920 | loss=0.6354 | acc=0.805
[E03] b0930 | loss=0.5098 | acc=0.883
[E03] b0940 | loss=0.5511 | acc=0.867
[E03] b0950 | loss=0.6020 | acc=0.812
[E03] b0960 | loss=0.6354 | acc=0.805
[E03] b0970 | loss=0.4853 | acc=0.922
[E03] b0980 | loss=0.4359 | acc=0.906
[E03] b0990 | loss=0.5829 | acc=0.852
[E03] b1000 | loss=0.6008 | acc=0.789
[E03] b1010 | loss=0.6033 | acc=0.836
[E03] b1020 | loss=0.5161 | acc=0.836
[E03] total_loss=600.936 | VAL acc=0.873 | F1=0.711 | kappa=0.756
[E04] b0000 | loss=0.4882 | acc=0.906
[E04] b0010 | loss=0.5457 | acc=0.852
[E04] b0020 | loss=0.5434 | acc=0.828
[E04] b0030 | loss=0.5228 | acc=0.852
[E04] b0040 | loss=0.4539 | acc=0.898
[E04] b0050 | loss=0.5385 | acc=0.859
[E04] b0060 | loss=0.5913 | acc=0.852
[E04] b0070 | loss=0.5782 | acc=0.844
[E04] b0080 | loss=0.5407 | acc=0.828
[E04] b0090 | loss=0.5847 | acc=0.852
[E04] b0100 | loss=0.5596 | acc=0.852
[E04] b0110 | loss=0.6107 | acc=0.852
[E04] b0120 | loss=0.5925 | acc=0.859
[E04] b0130 | loss=0.6045 | acc=0.789
[E04] b0140 | loss=0.6378 | acc=0.789
[E04] b0150 | loss=0.5465 | acc=0.859
[E04] b0160 | loss=0.5607 | acc=0.836
[E04] b0170 | loss=0.5098 | acc=0.852
[E04] b0180 | loss=0.5255 | acc=0.844
[E04] b0190 | loss=0.5766 | acc=0.844
[E04] b0200 | loss=0.5917 | acc=0.844
[E04] b0210 | loss=0.6559 | acc=0.781
[E04] b0220 | loss=0.6375 | acc=0.797
[E04] b0230 | loss=0.6217 | acc=0.820
[E04] b0240 | loss=0.6628 | acc=0.812
[E04] b0250 | loss=0.6021 | acc=0.844
[E04] b0260 | loss=0.5895 | acc=0.820
[E04] b0270 | loss=0.5436 | acc=0.812
[E04] b0280 | loss=0.5274 | acc=0.875
[E04] b0290 | loss=0.5793 | acc=0.820
[E04] b0300 | loss=0.5384 | acc=0.859
[E04] b0310 | loss=0.5350 | acc=0.859
[E04] b0320 | loss=0.6585 | acc=0.805
[E04] b0330 | loss=0.5995 | acc=0.828
[E04] b0340 | loss=0.6936 | acc=0.773
[E04] b0350 | loss=0.5530 | acc=0.844
[E04] b0360 | loss=0.5600 | acc=0.844
[E04] b0370 | loss=0.5262 | acc=0.844
[E04] b0380 | loss=0.5244 | acc=0.875
[E04] b0390 | loss=0.5269 | acc=0.883
[E04] b0400 | loss=0.6125 | acc=0.820
[E04] b0410 | loss=0.6450 | acc=0.805
[E04] b0420 | loss=0.6033 | acc=0.852
[E04] b0430 | loss=0.6347 | acc=0.797
[E04] b0440 | loss=0.6251 | acc=0.820
[E04] b0450 | loss=0.4744 | acc=0.898
[E04] b0460 | loss=0.5373 | acc=0.875
[E04] b0470 | loss=0.6284 | acc=0.812
[E04] b0480 | loss=0.6664 | acc=0.805
[E04] b0490 | loss=0.5995 | acc=0.852
[E04] b0500 | loss=0.4988 | acc=0.875
[E04] b0510 | loss=0.6012 | acc=0.836
[E04] b0520 | loss=0.5546 | acc=0.859
[E04] b0530 | loss=0.6099 | acc=0.789
[E04] b0540 | loss=0.5382 | acc=0.875
[E04] b0550 | loss=0.5879 | acc=0.812
[E04] b0560 | loss=0.5853 | acc=0.852
[E04] b0570 | loss=0.7102 | acc=0.766
[E04] b0580 | loss=0.6264 | acc=0.812
[E04] b0590 | loss=0.5121 | acc=0.828
[E04] b0600 | loss=0.6295 | acc=0.797
[E04] b0610 | loss=0.5522 | acc=0.852
[E04] b0620 | loss=0.5171 | acc=0.875
[E04] b0630 | loss=0.5471 | acc=0.875
[E04] b0640 | loss=0.5422 | acc=0.867
[E04] b0650 | loss=0.5627 | acc=0.867
[E04] b0660 | loss=0.6218 | acc=0.844
[E04] b0670 | loss=0.5933 | acc=0.812
[E04] b0680 | loss=0.4849 | acc=0.883
[E04] b0690 | loss=0.5652 | acc=0.812
[E04] b0700 | loss=0.5045 | acc=0.891
[E04] b0710 | loss=0.5481 | acc=0.867
[E04] b0720 | loss=0.6260 | acc=0.805
[E04] b0730 | loss=0.5277 | acc=0.875
[E04] b0740 | loss=0.4690 | acc=0.906
[E04] b0750 | loss=0.5533 | acc=0.836
[E04] b0760 | loss=0.4923 | acc=0.875
[E04] b0770 | loss=0.5839 | acc=0.844
[E04] b0780 | loss=0.5695 | acc=0.820
[E04] b0790 | loss=0.5632 | acc=0.836
[E04] b0800 | loss=0.5310 | acc=0.883
[E04] b0810 | loss=0.4891 | acc=0.883
[E04] b0820 | loss=0.5289 | acc=0.844
[E04] b0830 | loss=0.5925 | acc=0.828
[E04] b0840 | loss=0.5137 | acc=0.875
[E04] b0850 | loss=0.5327 | acc=0.867
[E04] b0860 | loss=0.5934 | acc=0.828
[E04] b0870 | loss=0.6177 | acc=0.820
[E04] b0880 | loss=0.5569 | acc=0.844
[E04] b0890 | loss=0.5511 | acc=0.844
[E04] b0900 | loss=0.6062 | acc=0.828
[E04] b0910 | loss=0.5391 | acc=0.828
[E04] b0920 | loss=0.5255 | acc=0.891
[E04] b0930 | loss=0.4973 | acc=0.898
[E04] b0940 | loss=0.6270 | acc=0.781
[E04] b0950 | loss=0.5479 | acc=0.844
[E04] b0960 | loss=0.5514 | acc=0.852
[E04] b0970 | loss=0.5396 | acc=0.883
[E04] b0980 | loss=0.5074 | acc=0.898
[E04] b0990 | loss=0.4862 | acc=0.891
[E04] b1000 | loss=0.5583 | acc=0.844
[E04] b1010 | loss=0.5138 | acc=0.867
[E04] b1020 | loss=0.5879 | acc=0.812
[E04] total_loss=585.069 | VAL acc=0.866 | F1=0.698 | kappa=0.739
[E05] b0000 | loss=0.5571 | acc=0.852
[E05] b0010 | loss=0.5129 | acc=0.891
[E05] b0020 | loss=0.4843 | acc=0.898
[E05] b0030 | loss=0.4858 | acc=0.891
[E05] b0040 | loss=0.5723 | acc=0.828
[E05] b0050 | loss=0.7543 | acc=0.766
[E05] b0060 | loss=0.5342 | acc=0.867
[E05] b0070 | loss=0.4659 | acc=0.891
[E05] b0080 | loss=0.5706 | acc=0.859
[E05] b0090 | loss=0.6050 | acc=0.812
[E05] b0100 | loss=0.5514 | acc=0.852
[E05] b0110 | loss=0.5277 | acc=0.859
[E05] b0120 | loss=0.5718 | acc=0.844
[E05] b0130 | loss=0.5109 | acc=0.875
[E05] b0140 | loss=0.5266 | acc=0.875
[E05] b0150 | loss=0.5468 | acc=0.867
[E05] b0160 | loss=0.5147 | acc=0.875
[E05] b0170 | loss=0.5915 | acc=0.844
[E05] b0180 | loss=0.6035 | acc=0.797
[E05] b0190 | loss=0.5352 | acc=0.852
[E05] b0200 | loss=0.5962 | acc=0.836
[E05] b0210 | loss=0.4921 | acc=0.867
[E05] b0220 | loss=0.5419 | acc=0.828
[E05] b0230 | loss=0.5196 | acc=0.883
[E05] b0240 | loss=0.5775 | acc=0.828
[E05] b0250 | loss=0.5652 | acc=0.867
[E05] b0260 | loss=0.5616 | acc=0.852
[E05] b0270 | loss=0.5107 | acc=0.883
[E05] b0280 | loss=0.6258 | acc=0.812
[E05] b0290 | loss=0.5785 | acc=0.836
[E05] b0300 | loss=0.5941 | acc=0.828
[E05] b0310 | loss=0.4571 | acc=0.883
[E05] b0320 | loss=0.5504 | acc=0.844
[E05] b0330 | loss=0.6423 | acc=0.805
[E05] b0340 | loss=0.5254 | acc=0.875
[E05] b0350 | loss=0.5819 | acc=0.859
[E05] b0360 | loss=0.5496 | acc=0.836
[E05] b0370 | loss=0.4575 | acc=0.898
[E05] b0380 | loss=0.5140 | acc=0.891
[E05] b0390 | loss=0.5739 | acc=0.852
[E05] b0400 | loss=0.5765 | acc=0.859
[E05] b0410 | loss=0.5232 | acc=0.828
[E05] b0420 | loss=0.5981 | acc=0.812
[E05] b0430 | loss=0.4675 | acc=0.875
[E05] b0440 | loss=0.5043 | acc=0.852
[E05] b0450 | loss=0.5341 | acc=0.844
[E05] b0460 | loss=0.5965 | acc=0.797
[E05] b0470 | loss=0.5864 | acc=0.836
[E05] b0480 | loss=0.5522 | acc=0.844
[E05] b0490 | loss=0.6025 | acc=0.812
[E05] b0500 | loss=0.4581 | acc=0.898
[E05] b0510 | loss=0.4716 | acc=0.859
[E05] b0520 | loss=0.5173 | acc=0.867
[E05] b0530 | loss=0.5878 | acc=0.805
[E05] b0540 | loss=0.5155 | acc=0.883
[E05] b0550 | loss=0.5687 | acc=0.820
[E05] b0560 | loss=0.5458 | acc=0.852
[E05] b0570 | loss=0.5481 | acc=0.852
[E05] b0580 | loss=0.4649 | acc=0.883
[E05] b0590 | loss=0.5730 | acc=0.852
[E05] b0600 | loss=0.5716 | acc=0.820
[E05] b0610 | loss=0.5600 | acc=0.844
[E05] b0620 | loss=0.5908 | acc=0.820
[E05] b0630 | loss=0.6266 | acc=0.797
[E05] b0640 | loss=0.5526 | acc=0.844
[E05] b0650 | loss=0.6485 | acc=0.797
[E05] b0660 | loss=0.5597 | acc=0.852
[E05] b0670 | loss=0.5190 | acc=0.867
[E05] b0680 | loss=0.5250 | acc=0.852
[E05] b0690 | loss=0.5457 | acc=0.852
[E05] b0700 | loss=0.5746 | acc=0.859
[E05] b0710 | loss=0.5804 | acc=0.844
[E05] b0720 | loss=0.5475 | acc=0.859
[E05] b0730 | loss=0.5493 | acc=0.875
[E05] b0740 | loss=0.5075 | acc=0.867
[E05] b0750 | loss=0.5882 | acc=0.844
[E05] b0760 | loss=0.5987 | acc=0.836
[E05] b0770 | loss=0.5218 | acc=0.883
[E05] b0780 | loss=0.6393 | acc=0.773
[E05] b0790 | loss=0.4933 | acc=0.867
[E05] b0800 | loss=0.5773 | acc=0.836
[E05] b0810 | loss=0.5809 | acc=0.805
[E05] b0820 | loss=0.5560 | acc=0.820
[E05] b0830 | loss=0.5229 | acc=0.875
[E05] b0840 | loss=0.4876 | acc=0.891
[E05] b0850 | loss=0.4744 | acc=0.891
[E05] b0860 | loss=0.5617 | acc=0.844
[E05] b0870 | loss=0.5284 | acc=0.844
[E05] b0880 | loss=0.5207 | acc=0.867
[E05] b0890 | loss=0.5132 | acc=0.852
[E05] b0900 | loss=0.5172 | acc=0.852
[E05] b0910 | loss=0.5898 | acc=0.859
[E05] b0920 | loss=0.4996 | acc=0.875
[E05] b0930 | loss=0.7121 | acc=0.789
[E05] b0940 | loss=0.5047 | acc=0.852
[E05] b0950 | loss=0.4579 | acc=0.883
[E05] b0960 | loss=0.5395 | acc=0.867
[E05] b0970 | loss=0.5467 | acc=0.828
[E05] b0980 | loss=0.4798 | acc=0.867
[E05] b0990 | loss=0.5229 | acc=0.852
[E05] b1000 | loss=0.5671 | acc=0.859
[E05] b1010 | loss=0.5229 | acc=0.836
[E05] b1020 | loss=0.6750 | acc=0.820
[E05] total_loss=565.226 | VAL acc=0.872 | F1=0.656 | kappa=0.752
[E06] b0000 | loss=0.5511 | acc=0.852
[E06] b0010 | loss=0.4652 | acc=0.891
[E06] b0020 | loss=0.5311 | acc=0.844
[E06] b0030 | loss=0.5819 | acc=0.836
[E06] b0040 | loss=0.5078 | acc=0.891
[E06] b0050 | loss=0.5950 | acc=0.836
[E06] b0060 | loss=0.6061 | acc=0.828
[E06] b0070 | loss=0.5664 | acc=0.828
[E06] b0080 | loss=0.5114 | acc=0.883
[E06] b0090 | loss=0.5113 | acc=0.867
[E06] b0100 | loss=0.5270 | acc=0.867
[E06] b0110 | loss=0.5825 | acc=0.828
[E06] b0120 | loss=0.4628 | acc=0.891
[E06] b0130 | loss=0.4888 | acc=0.891
[E06] b0140 | loss=0.4780 | acc=0.883
[E06] b0150 | loss=0.5201 | acc=0.891
[E06] b0160 | loss=0.5493 | acc=0.828
[E06] b0170 | loss=0.4652 | acc=0.883
[E06] b0180 | loss=0.5834 | acc=0.867
[E06] b0190 | loss=0.5927 | acc=0.844
[E06] b0200 | loss=0.5296 | acc=0.875
[E06] b0210 | loss=0.4617 | acc=0.883
[E06] b0220 | loss=0.5664 | acc=0.852
[E06] b0230 | loss=0.5826 | acc=0.844
[E06] b0240 | loss=0.4590 | acc=0.883
[E06] b0250 | loss=0.4886 | acc=0.867
[E06] b0260 | loss=0.6456 | acc=0.812
[E06] b0270 | loss=0.5759 | acc=0.836
[E06] b0280 | loss=0.4365 | acc=0.891
[E06] b0290 | loss=0.5864 | acc=0.859
[E06] b0300 | loss=0.5478 | acc=0.875
[E06] b0310 | loss=0.5015 | acc=0.883
[E06] b0320 | loss=0.5585 | acc=0.867
[E06] b0330 | loss=0.4753 | acc=0.906
[E06] b0340 | loss=0.4492 | acc=0.930
[E06] b0350 | loss=0.5153 | acc=0.867
[E06] b0360 | loss=0.4748 | acc=0.875
[E06] b0370 | loss=0.4876 | acc=0.906
[E06] b0380 | loss=0.5570 | acc=0.852
[E06] b0390 | loss=0.5608 | acc=0.836
[E06] b0400 | loss=0.5500 | acc=0.820
[E06] b0410 | loss=0.5315 | acc=0.891
[E06] b0420 | loss=0.5203 | acc=0.875
[E06] b0430 | loss=0.4815 | acc=0.891
[E06] b0440 | loss=0.5015 | acc=0.867
[E06] b0450 | loss=0.5140 | acc=0.891
[E06] b0460 | loss=0.5513 | acc=0.859
[E06] b0470 | loss=0.5510 | acc=0.844
[E06] b0480 | loss=0.5215 | acc=0.883
[E06] b0490 | loss=0.5695 | acc=0.844
[E06] b0500 | loss=0.4869 | acc=0.891
[E06] b0510 | loss=0.4772 | acc=0.906
[E06] b0520 | loss=0.5841 | acc=0.844
[E06] b0530 | loss=0.5528 | acc=0.844
[E06] b0540 | loss=0.4676 | acc=0.914
[E06] b0550 | loss=0.5369 | acc=0.875
[E06] b0560 | loss=0.5304 | acc=0.875
[E06] b0570 | loss=0.4812 | acc=0.922
[E06] b0580 | loss=0.5778 | acc=0.844
[E06] b0590 | loss=0.5138 | acc=0.875
[E06] b0600 | loss=0.5979 | acc=0.820
[E06] b0610 | loss=0.5281 | acc=0.852
[E06] b0620 | loss=0.5142 | acc=0.891
[E06] b0630 | loss=0.5420 | acc=0.852
[E06] b0640 | loss=0.5145 | acc=0.859
[E06] b0650 | loss=0.4417 | acc=0.898
[E06] b0660 | loss=0.4517 | acc=0.883
[E06] b0670 | loss=0.6288 | acc=0.828
[E06] b0680 | loss=0.5799 | acc=0.836
[E06] b0690 | loss=0.5014 | acc=0.891
[E06] b0700 | loss=0.4906 | acc=0.914
[E06] b0710 | loss=0.5206 | acc=0.852
[E06] b0720 | loss=0.4727 | acc=0.898
[E06] b0730 | loss=0.5790 | acc=0.859
[E06] b0740 | loss=0.5082 | acc=0.883
[E06] b0750 | loss=0.5350 | acc=0.852
[E06] b0760 | loss=0.4647 | acc=0.898
[E06] b0770 | loss=0.5091 | acc=0.875
[E06] b0780 | loss=0.4844 | acc=0.891
[E06] b0790 | loss=0.5263 | acc=0.891
[E06] b0800 | loss=0.4793 | acc=0.875
[E06] b0810 | loss=0.5726 | acc=0.852
[E06] b0820 | loss=0.5959 | acc=0.797
[E06] b0830 | loss=0.5974 | acc=0.797
[E06] b0840 | loss=0.5263 | acc=0.844
[E06] b0850 | loss=0.5048 | acc=0.867
[E06] b0860 | loss=0.4776 | acc=0.875
[E06] b0870 | loss=0.4976 | acc=0.891
[E06] b0880 | loss=0.6291 | acc=0.789
[E06] b0890 | loss=0.4812 | acc=0.875
[E06] b0900 | loss=0.5652 | acc=0.844
[E06] b0910 | loss=0.5865 | acc=0.859
[E06] b0920 | loss=0.5376 | acc=0.852
[E06] b0930 | loss=0.4879 | acc=0.875
[E06] b0940 | loss=0.4830 | acc=0.891
[E06] b0950 | loss=0.5032 | acc=0.852
[E06] b0960 | loss=0.4375 | acc=0.922
[E06] b0970 | loss=0.5284 | acc=0.875
[E06] b0980 | loss=0.6315 | acc=0.781
[E06] b0990 | loss=0.4139 | acc=0.930
[E06] b1000 | loss=0.4789 | acc=0.914
[E06] b1010 | loss=0.6073 | acc=0.828
[E06] b1020 | loss=0.5805 | acc=0.859
[E06] total_loss=535.996 | VAL acc=0.879 | F1=0.703 | kappa=0.764
[E07] b0000 | loss=0.6522 | acc=0.805
[E07] b0010 | loss=0.6113 | acc=0.836
[E07] b0020 | loss=0.5125 | acc=0.883
[E07] b0030 | loss=0.5037 | acc=0.859
[E07] b0040 | loss=0.5447 | acc=0.844
[E07] b0050 | loss=0.4772 | acc=0.891
[E07] b0060 | loss=0.3997 | acc=0.914
[E07] b0070 | loss=0.6496 | acc=0.797
[E07] b0080 | loss=0.5312 | acc=0.844
[E07] b0090 | loss=0.4123 | acc=0.945
[E07] b0100 | loss=0.5350 | acc=0.867
[E07] b0110 | loss=0.4880 | acc=0.883
[E07] b0120 | loss=0.5206 | acc=0.852
[E07] b0130 | loss=0.5118 | acc=0.852
[E07] b0140 | loss=0.5550 | acc=0.852
[E07] b0150 | loss=0.5397 | acc=0.844
[E07] b0160 | loss=0.4632 | acc=0.891
[E07] b0170 | loss=0.4618 | acc=0.883
[E07] b0180 | loss=0.6302 | acc=0.812
[E07] b0190 | loss=0.5019 | acc=0.891
[E07] b0200 | loss=0.5240 | acc=0.875
[E07] b0210 | loss=0.5141 | acc=0.844
[E07] b0220 | loss=0.5445 | acc=0.844
[E07] b0230 | loss=0.5338 | acc=0.844
[E07] b0240 | loss=0.5041 | acc=0.852
[E07] b0250 | loss=0.6020 | acc=0.820
[E07] b0260 | loss=0.4744 | acc=0.891
[E07] b0270 | loss=0.5223 | acc=0.891
[E07] b0280 | loss=0.5192 | acc=0.867
[E07] b0290 | loss=0.4667 | acc=0.875
[E07] b0300 | loss=0.5327 | acc=0.820
[E07] b0310 | loss=0.5053 | acc=0.914
[E07] b0320 | loss=0.5334 | acc=0.891
[E07] b0330 | loss=0.5118 | acc=0.883
[E07] b0340 | loss=0.4639 | acc=0.875
[E07] b0350 | loss=0.4495 | acc=0.883
[E07] b0360 | loss=0.4512 | acc=0.914
[E07] b0370 | loss=0.4516 | acc=0.891
[E07] b0380 | loss=0.5337 | acc=0.867
[E07] b0390 | loss=0.4988 | acc=0.867
[E07] b0400 | loss=0.5820 | acc=0.828
[E07] b0410 | loss=0.5610 | acc=0.836
[E07] b0420 | loss=0.4819 | acc=0.883
[E07] b0430 | loss=0.4301 | acc=0.891
[E07] b0440 | loss=0.4940 | acc=0.867
[E07] b0450 | loss=0.5404 | acc=0.820
[E07] b0460 | loss=0.4508 | acc=0.922
[E07] b0470 | loss=0.5613 | acc=0.836
[E07] b0480 | loss=0.6824 | acc=0.766
[E07] b0490 | loss=0.5245 | acc=0.875
[E07] b0500 | loss=0.4256 | acc=0.922
[E07] b0510 | loss=0.4902 | acc=0.859
[E07] b0520 | loss=0.4978 | acc=0.867
[E07] b0530 | loss=0.5678 | acc=0.828
[E07] b0540 | loss=0.4659 | acc=0.891
[E07] b0550 | loss=0.5894 | acc=0.836
[E07] b0560 | loss=0.4629 | acc=0.883
[E07] b0570 | loss=0.5782 | acc=0.844
[E07] b0580 | loss=0.4761 | acc=0.883
[E07] b0590 | loss=0.5292 | acc=0.859
[E07] b0600 | loss=0.4692 | acc=0.883
[E07] b0610 | loss=0.4710 | acc=0.883
[E07] b0620 | loss=0.5527 | acc=0.852
[E07] b0630 | loss=0.4942 | acc=0.883
[E07] b0640 | loss=0.5073 | acc=0.859
[E07] b0650 | loss=0.5276 | acc=0.836
[E07] b0660 | loss=0.5298 | acc=0.875
[E07] b0670 | loss=0.5776 | acc=0.852
[E07] b0680 | loss=0.5294 | acc=0.867
[E07] b0690 | loss=0.4410 | acc=0.914
[E07] b0700 | loss=0.5508 | acc=0.867
[E07] b0710 | loss=0.4822 | acc=0.859
[E07] b0720 | loss=0.5128 | acc=0.875
[E07] b0730 | loss=0.5952 | acc=0.820
[E07] b0740 | loss=0.5464 | acc=0.859
[E07] b0750 | loss=0.4923 | acc=0.914
[E07] b0760 | loss=0.5039 | acc=0.867
[E07] b0770 | loss=0.5418 | acc=0.844
[E07] b0780 | loss=0.5394 | acc=0.891
[E07] b0790 | loss=0.4992 | acc=0.883
[E07] b0800 | loss=0.3991 | acc=0.930
[E07] b0810 | loss=0.5232 | acc=0.883
[E07] b0820 | loss=0.5348 | acc=0.867
[E07] b0830 | loss=0.4899 | acc=0.875
[E07] b0840 | loss=0.4313 | acc=0.922
[E07] b0850 | loss=0.5202 | acc=0.859
[E07] b0860 | loss=0.5808 | acc=0.844
[E07] b0870 | loss=0.4789 | acc=0.883
[E07] b0880 | loss=0.4838 | acc=0.867
[E07] b0890 | loss=0.4664 | acc=0.867
[E07] b0900 | loss=0.4785 | acc=0.906
[E07] b0910 | loss=0.7052 | acc=0.828
[E07] b0920 | loss=0.4817 | acc=0.898
[E07] b0930 | loss=0.5183 | acc=0.867
[E07] b0940 | loss=0.5074 | acc=0.883
[E07] b0950 | loss=0.4214 | acc=0.906
[E07] b0960 | loss=0.5994 | acc=0.805
[E07] b0970 | loss=0.4273 | acc=0.914
[E07] b0980 | loss=0.5534 | acc=0.867
[E07] b0990 | loss=0.5812 | acc=0.828
[E07] b1000 | loss=0.4482 | acc=0.859
[E07] b1010 | loss=0.5174 | acc=0.867
[E07] b1020 | loss=0.4674 | acc=0.914
[E07] total_loss=523.645 | VAL acc=0.864 | F1=0.683 | kappa=0.741
[E08] b0000 | loss=0.4941 | acc=0.891
[E08] b0010 | loss=0.4007 | acc=0.930
[E08] b0020 | loss=0.4600 | acc=0.891
[E08] b0030 | loss=0.4755 | acc=0.875
[E08] b0040 | loss=0.5335 | acc=0.852
[E08] b0050 | loss=0.5947 | acc=0.844
[E08] b0060 | loss=0.5690 | acc=0.836
[E08] b0070 | loss=0.4651 | acc=0.875
[E08] b0080 | loss=0.5155 | acc=0.859
[E08] b0090 | loss=0.4464 | acc=0.906
[E08] b0100 | loss=0.5113 | acc=0.852
[E08] b0110 | loss=0.5015 | acc=0.883
[E08] b0120 | loss=0.5268 | acc=0.852
[E08] b0130 | loss=0.5533 | acc=0.836
[E08] b0140 | loss=0.6528 | acc=0.805
[E08] b0150 | loss=0.3628 | acc=0.961
[E08] b0160 | loss=0.4224 | acc=0.930
[E08] b0170 | loss=0.4490 | acc=0.906
[E08] b0180 | loss=0.4257 | acc=0.914
[E08] b0190 | loss=0.4168 | acc=0.914
[E08] b0200 | loss=0.5587 | acc=0.828
[E08] b0210 | loss=0.5289 | acc=0.859
[E08] b0220 | loss=0.5941 | acc=0.875
[E08] b0230 | loss=0.4746 | acc=0.867
[E08] b0240 | loss=0.6055 | acc=0.820
[E08] b0250 | loss=0.5127 | acc=0.875
[E08] b0260 | loss=0.5241 | acc=0.859
[E08] b0270 | loss=0.5407 | acc=0.852
[E08] b0280 | loss=0.6144 | acc=0.844
[E08] b0290 | loss=0.5834 | acc=0.836
[E08] b0300 | loss=0.5286 | acc=0.852
[E08] b0310 | loss=0.4856 | acc=0.883
[E08] b0320 | loss=0.5836 | acc=0.812
[E08] b0330 | loss=0.4891 | acc=0.914
[E08] b0340 | loss=0.5994 | acc=0.844
[E08] b0350 | loss=0.4797 | acc=0.859
[E08] b0360 | loss=0.5688 | acc=0.867
[E08] b0370 | loss=0.5001 | acc=0.852
[E08] b0380 | loss=0.4706 | acc=0.898
[E08] b0390 | loss=0.4972 | acc=0.883
[E08] b0400 | loss=0.5223 | acc=0.867
[E08] b0410 | loss=0.5360 | acc=0.859
[E08] b0420 | loss=0.4862 | acc=0.867
[E08] b0430 | loss=0.5319 | acc=0.883
[E08] b0440 | loss=0.4330 | acc=0.906
[E08] b0450 | loss=0.4823 | acc=0.883
[E08] b0460 | loss=0.6082 | acc=0.836
[E08] b0470 | loss=0.4673 | acc=0.883
[E08] b0480 | loss=0.5190 | acc=0.906
[E08] b0490 | loss=0.4862 | acc=0.875
[E08] b0500 | loss=0.5624 | acc=0.852
[E08] b0510 | loss=0.6171 | acc=0.797
[E08] b0520 | loss=0.5347 | acc=0.844
[E08] b0530 | loss=0.5476 | acc=0.828
[E08] b0540 | loss=0.4869 | acc=0.859
[E08] b0550 | loss=0.5216 | acc=0.875
[E08] b0560 | loss=0.4892 | acc=0.844
[E08] b0570 | loss=0.5146 | acc=0.875
[E08] b0580 | loss=0.4796 | acc=0.883
[E08] b0590 | loss=0.4818 | acc=0.906
[E08] b0600 | loss=0.5043 | acc=0.859
[E08] b0610 | loss=0.5018 | acc=0.852
[E08] b0620 | loss=0.5630 | acc=0.867
[E08] b0630 | loss=0.5510 | acc=0.836
[E08] b0640 | loss=0.4745 | acc=0.906
[E08] b0650 | loss=0.6061 | acc=0.812
[E08] b0660 | loss=0.5300 | acc=0.852
[E08] b0670 | loss=0.6263 | acc=0.844
[E08] b0680 | loss=0.4747 | acc=0.875
[E08] b0690 | loss=0.4694 | acc=0.891
[E08] b0700 | loss=0.5017 | acc=0.891
[E08] b0710 | loss=0.6027 | acc=0.812
[E08] b0720 | loss=0.5506 | acc=0.844
[E08] b0730 | loss=0.5557 | acc=0.828
[E08] b0740 | loss=0.5783 | acc=0.828
[E08] b0750 | loss=0.4767 | acc=0.883
[E08] b0760 | loss=0.5306 | acc=0.867
[E08] b0770 | loss=0.4757 | acc=0.906
[E08] b0780 | loss=0.4853 | acc=0.883
[E08] b0790 | loss=0.5283 | acc=0.828
[E08] b0800 | loss=0.5865 | acc=0.859
[E08] b0810 | loss=0.4943 | acc=0.891
[E08] b0820 | loss=0.4478 | acc=0.891
[E08] b0830 | loss=0.5345 | acc=0.867
[E08] b0840 | loss=0.5214 | acc=0.883
[E08] b0850 | loss=0.5277 | acc=0.844
[E08] b0860 | loss=0.5030 | acc=0.859
[E08] b0870 | loss=0.5158 | acc=0.852
[E08] b0880 | loss=0.4983 | acc=0.859
[E08] b0890 | loss=0.5340 | acc=0.852
[E08] b0900 | loss=0.5116 | acc=0.891
[E08] b0910 | loss=0.4663 | acc=0.906
[E08] b0920 | loss=0.5367 | acc=0.820
[E08] b0930 | loss=0.6151 | acc=0.836
[E08] b0940 | loss=0.5289 | acc=0.867
[E08] b0950 | loss=0.5142 | acc=0.875
[E08] b0960 | loss=0.5207 | acc=0.875
[E08] b0970 | loss=0.4901 | acc=0.859
[E08] b0980 | loss=0.4740 | acc=0.891
[E08] b0990 | loss=0.4265 | acc=0.945
[E08] b1000 | loss=0.5018 | acc=0.867
[E08] b1010 | loss=0.5411 | acc=0.844
[E08] b1020 | loss=0.5125 | acc=0.875
[E08] total_loss=514.033 | VAL acc=0.886 | F1=0.728 | kappa=0.783
[E09] b0000 | loss=0.5470 | acc=0.820
[E09] b0010 | loss=0.5849 | acc=0.828
[E09] b0020 | loss=0.5777 | acc=0.820
[E09] b0030 | loss=0.4676 | acc=0.898
[E09] b0040 | loss=0.5151 | acc=0.852
[E09] b0050 | loss=0.4920 | acc=0.867
[E09] b0060 | loss=0.4601 | acc=0.914
[E09] b0070 | loss=0.5566 | acc=0.859
[E09] b0080 | loss=0.5538 | acc=0.859
[E09] b0090 | loss=0.4634 | acc=0.914
[E09] b0100 | loss=0.5123 | acc=0.883
[E09] b0110 | loss=0.4524 | acc=0.891
[E09] b0120 | loss=0.4503 | acc=0.883
[E09] b0130 | loss=0.4432 | acc=0.891
[E09] b0140 | loss=0.6487 | acc=0.828
[E09] b0150 | loss=0.5670 | acc=0.859
[E09] b0160 | loss=0.5087 | acc=0.891
[E09] b0170 | loss=0.5044 | acc=0.859
[E09] b0180 | loss=0.5578 | acc=0.867
[E09] b0190 | loss=0.4839 | acc=0.875
[E09] b0200 | loss=0.5118 | acc=0.898
[E09] b0210 | loss=0.4913 | acc=0.898
[E09] b0220 | loss=0.4917 | acc=0.883
[E09] b0230 | loss=0.4662 | acc=0.875
[E09] b0240 | loss=0.4694 | acc=0.891
[E09] b0250 | loss=0.4068 | acc=0.930
[E09] b0260 | loss=0.4714 | acc=0.898
[E09] b0270 | loss=0.5439 | acc=0.875
[E09] b0280 | loss=0.5791 | acc=0.852
[E09] b0290 | loss=0.6137 | acc=0.836
[E09] b0300 | loss=0.5399 | acc=0.844
[E09] b0310 | loss=0.5907 | acc=0.812
[E09] b0320 | loss=0.4887 | acc=0.875
[E09] b0330 | loss=0.4972 | acc=0.867
[E09] b0340 | loss=0.4769 | acc=0.891
[E09] b0350 | loss=0.4876 | acc=0.867
[E09] b0360 | loss=0.5162 | acc=0.867
[E09] b0370 | loss=0.5257 | acc=0.875
[E09] b0380 | loss=0.4393 | acc=0.914
[E09] b0390 | loss=0.6306 | acc=0.828
[E09] b0400 | loss=0.5176 | acc=0.867
[E09] b0410 | loss=0.4397 | acc=0.898
[E09] b0420 | loss=0.6080 | acc=0.812
[E09] b0430 | loss=0.5818 | acc=0.820
[E09] b0440 | loss=0.4426 | acc=0.930
[E09] b0450 | loss=0.5929 | acc=0.852
[E09] b0460 | loss=0.4835 | acc=0.898
[E09] b0470 | loss=0.4229 | acc=0.898
[E09] b0480 | loss=0.5078 | acc=0.891
[E09] b0490 | loss=0.4076 | acc=0.922
[E09] b0500 | loss=0.4367 | acc=0.891
[E09] b0510 | loss=0.4021 | acc=0.938
[E09] b0520 | loss=0.6424 | acc=0.812
[E09] b0530 | loss=0.4640 | acc=0.914
[E09] b0540 | loss=0.4087 | acc=0.922
[E09] b0550 | loss=0.4558 | acc=0.922
[E09] b0560 | loss=0.4844 | acc=0.898
[E09] b0570 | loss=0.4344 | acc=0.914
[E09] b0580 | loss=0.4600 | acc=0.906
[E09] b0590 | loss=0.4694 | acc=0.875
[E09] b0600 | loss=0.5226 | acc=0.859
[E09] b0610 | loss=0.4253 | acc=0.891
[E09] b0620 | loss=0.4848 | acc=0.898
[E09] b0630 | loss=0.4106 | acc=0.922
[E09] b0640 | loss=0.4783 | acc=0.891
[E09] b0650 | loss=0.4907 | acc=0.891
[E09] b0660 | loss=0.4926 | acc=0.852
[E09] b0670 | loss=0.5447 | acc=0.867
[E09] b0680 | loss=0.4546 | acc=0.922
[E09] b0690 | loss=0.5256 | acc=0.852
[E09] b0700 | loss=0.4488 | acc=0.898
[E09] b0710 | loss=0.5387 | acc=0.836
[E09] b0720 | loss=0.4394 | acc=0.898
[E09] b0730 | loss=0.5257 | acc=0.867
[E09] b0740 | loss=0.4756 | acc=0.875
[E09] b0750 | loss=0.4493 | acc=0.914
[E09] b0760 | loss=0.3944 | acc=0.922
[E09] b0770 | loss=0.5998 | acc=0.836
[E09] b0780 | loss=0.5188 | acc=0.859
[E09] b0790 | loss=0.5151 | acc=0.891
[E09] b0800 | loss=0.4392 | acc=0.906
[E09] b0810 | loss=0.5358 | acc=0.859
[E09] b0820 | loss=0.4739 | acc=0.867
[E09] b0830 | loss=0.4666 | acc=0.875
[E09] b0840 | loss=0.4804 | acc=0.867
[E09] b0850 | loss=0.4950 | acc=0.883
[E09] b0860 | loss=0.4687 | acc=0.883
[E09] b0870 | loss=0.5117 | acc=0.859
[E09] b0880 | loss=0.4388 | acc=0.898
[E09] b0890 | loss=0.5307 | acc=0.867
[E09] b0900 | loss=0.4222 | acc=0.922
[E09] b0910 | loss=0.4863 | acc=0.898
[E09] b0920 | loss=0.4522 | acc=0.898
[E09] b0930 | loss=0.4873 | acc=0.898
[E09] b0940 | loss=0.5398 | acc=0.875
[E09] b0950 | loss=0.5103 | acc=0.844
[E09] b0960 | loss=0.5105 | acc=0.875
[E09] b0970 | loss=0.5247 | acc=0.891
[E09] b0980 | loss=0.4245 | acc=0.922
[E09] b0990 | loss=0.5100 | acc=0.859
[E09] b1000 | loss=0.5448 | acc=0.867
[E09] b1010 | loss=0.5622 | acc=0.805
[E09] b1020 | loss=0.4474 | acc=0.906
[E09] total_loss=502.147 | VAL acc=0.871 | F1=0.684 | kappa=0.750
[E10] b0000 | loss=0.5187 | acc=0.852
[E10] b0010 | loss=0.4729 | acc=0.883
[E10] b0020 | loss=0.4691 | acc=0.906
[E10] b0030 | loss=0.4514 | acc=0.922
[E10] b0040 | loss=0.4330 | acc=0.891
[E10] b0050 | loss=0.4257 | acc=0.914
[E10] b0060 | loss=0.4916 | acc=0.891
[E10] b0070 | loss=0.4901 | acc=0.883
[E10] b0080 | loss=0.4208 | acc=0.922
[E10] b0090 | loss=0.4130 | acc=0.906
[E10] b0100 | loss=0.5162 | acc=0.891
[E10] b0110 | loss=0.4532 | acc=0.891
[E10] b0120 | loss=0.4389 | acc=0.906
[E10] b0130 | loss=0.4225 | acc=0.906
[E10] b0140 | loss=0.4729 | acc=0.875
[E10] b0150 | loss=0.4553 | acc=0.867
[E10] b0160 | loss=0.5087 | acc=0.875
[E10] b0170 | loss=0.5771 | acc=0.844
[E10] b0180 | loss=0.4797 | acc=0.891
[E10] b0190 | loss=0.4912 | acc=0.906
[E10] b0200 | loss=0.4586 | acc=0.906
[E10] b0210 | loss=0.4143 | acc=0.922
[E10] b0220 | loss=0.5150 | acc=0.875
[E10] b0230 | loss=0.4935 | acc=0.891
[E10] b0240 | loss=0.4637 | acc=0.875
[E10] b0250 | loss=0.4752 | acc=0.875
[E10] b0260 | loss=0.4763 | acc=0.883
[E10] b0270 | loss=0.5413 | acc=0.852
[E10] b0280 | loss=0.4196 | acc=0.922
[E10] b0290 | loss=0.4693 | acc=0.906
[E10] b0300 | loss=0.4218 | acc=0.906
[E10] b0310 | loss=0.5035 | acc=0.883
[E10] b0320 | loss=0.4781 | acc=0.914
[E10] b0330 | loss=0.4411 | acc=0.922
[E10] b0340 | loss=0.4106 | acc=0.930
[E10] b0350 | loss=0.4560 | acc=0.891
[E10] b0360 | loss=0.5989 | acc=0.852
[E10] b0370 | loss=0.4240 | acc=0.898
[E10] b0380 | loss=0.4514 | acc=0.898
[E10] b0390 | loss=0.5139 | acc=0.891
[E10] b0400 | loss=0.5488 | acc=0.852
[E10] b0410 | loss=0.5294 | acc=0.898
[E10] b0420 | loss=0.4245 | acc=0.953
[E10] b0430 | loss=0.4518 | acc=0.898
[E10] b0440 | loss=0.4267 | acc=0.906
[E10] b0450 | loss=0.4079 | acc=0.930
[E10] b0460 | loss=0.4666 | acc=0.914
[E10] b0470 | loss=0.5125 | acc=0.867
[E10] b0480 | loss=0.4405 | acc=0.930
[E10] b0490 | loss=0.5634 | acc=0.836
[E10] b0500 | loss=0.4755 | acc=0.914
[E10] b0510 | loss=0.4517 | acc=0.906
[E10] b0520 | loss=0.4557 | acc=0.914
[E10] b0530 | loss=0.4565 | acc=0.914
[E10] b0540 | loss=0.4663 | acc=0.898
[E10] b0550 | loss=0.4270 | acc=0.922
[E10] b0560 | loss=0.4234 | acc=0.914
[E10] b0570 | loss=0.5132 | acc=0.875
[E10] b0580 | loss=0.5378 | acc=0.883
[E10] b0590 | loss=0.4558 | acc=0.891
[E10] b0600 | loss=0.4989 | acc=0.859
[E10] b0610 | loss=0.4862 | acc=0.891
[E10] b0620 | loss=0.4326 | acc=0.922
[E10] b0630 | loss=0.5019 | acc=0.906
[E10] b0640 | loss=0.4597 | acc=0.922
[E10] b0650 | loss=0.5126 | acc=0.859
[E10] b0660 | loss=0.5625 | acc=0.859
[E10] b0670 | loss=0.4002 | acc=0.906
[E10] b0680 | loss=0.4925 | acc=0.883
[E10] b0690 | loss=0.3966 | acc=0.930
[E10] b0700 | loss=0.4636 | acc=0.883
[E10] b0710 | loss=0.4210 | acc=0.914
[E10] b0720 | loss=0.4343 | acc=0.906
[E10] b0730 | loss=0.5456 | acc=0.859
[E10] b0740 | loss=0.5529 | acc=0.836
[E10] b0750 | loss=0.4444 | acc=0.898
[E10] b0760 | loss=0.3842 | acc=0.938
[E10] b0770 | loss=0.4393 | acc=0.922
[E10] b0780 | loss=0.4140 | acc=0.922
[E10] b0790 | loss=0.4408 | acc=0.883
[E10] b0800 | loss=0.4943 | acc=0.875
[E10] b0810 | loss=0.4645 | acc=0.883
[E10] b0820 | loss=0.4530 | acc=0.898
[E10] b0830 | loss=0.4211 | acc=0.922
[E10] b0840 | loss=0.5068 | acc=0.875
[E10] b0850 | loss=0.5230 | acc=0.867
[E10] b0860 | loss=0.4191 | acc=0.922
[E10] b0870 | loss=0.4583 | acc=0.898
[E10] b0880 | loss=0.5174 | acc=0.883
[E10] b0890 | loss=0.5140 | acc=0.852
[E10] b0900 | loss=0.5250 | acc=0.867
[E10] b0910 | loss=0.4499 | acc=0.906
[E10] b0920 | loss=0.4717 | acc=0.898
[E10] b0930 | loss=0.4519 | acc=0.914
[E10] b0940 | loss=0.4545 | acc=0.914
[E10] b0950 | loss=0.4619 | acc=0.875
[E10] b0960 | loss=0.5298 | acc=0.898
[E10] b0970 | loss=0.4412 | acc=0.891
[E10] b0980 | loss=0.4605 | acc=0.898
[E10] b0990 | loss=0.3885 | acc=0.922
[E10] b1000 | loss=0.3843 | acc=0.953
[E10] b1010 | loss=0.4365 | acc=0.922
[E10] b1020 | loss=0.4148 | acc=0.930
[E10] total_loss=480.089 | VAL acc=0.891 | F1=0.722 | kappa=0.787
[E11] b0000 | loss=0.4760 | acc=0.898
[E11] b0010 | loss=0.5015 | acc=0.891
[E11] b0020 | loss=0.5094 | acc=0.867
[E11] b0030 | loss=0.5293 | acc=0.844
[E11] b0040 | loss=0.5644 | acc=0.867
[E11] b0050 | loss=0.4941 | acc=0.891
[E11] b0060 | loss=0.5855 | acc=0.844
[E11] b0070 | loss=0.5080 | acc=0.883
[E11] b0080 | loss=0.5862 | acc=0.836
[E11] b0090 | loss=0.4134 | acc=0.930
[E11] b0100 | loss=0.5577 | acc=0.867
[E11] b0110 | loss=0.3728 | acc=0.945
[E11] b0120 | loss=0.4428 | acc=0.891
[E11] b0130 | loss=0.4550 | acc=0.883
[E11] b0140 | loss=0.4150 | acc=0.922
[E11] b0150 | loss=0.4875 | acc=0.898
[E11] b0160 | loss=0.4864 | acc=0.883
[E11] b0170 | loss=0.4760 | acc=0.867
[E11] b0180 | loss=0.4673 | acc=0.906
[E11] b0190 | loss=0.4200 | acc=0.938
[E11] b0200 | loss=0.5446 | acc=0.852
[E11] b0210 | loss=0.4176 | acc=0.930
[E11] b0220 | loss=0.4852 | acc=0.875
[E11] b0230 | loss=0.3774 | acc=0.969
[E11] b0240 | loss=0.3877 | acc=0.945
[E11] b0250 | loss=0.4626 | acc=0.922
[E11] b0260 | loss=0.4137 | acc=0.914
[E11] b0270 | loss=0.3829 | acc=0.945
[E11] b0280 | loss=0.4832 | acc=0.891
[E11] b0290 | loss=0.4738 | acc=0.883
[E11] b0300 | loss=0.5197 | acc=0.852
[E11] b0310 | loss=0.3983 | acc=0.930
[E11] b0320 | loss=0.4576 | acc=0.906
[E11] b0330 | loss=0.4504 | acc=0.891
[E11] b0340 | loss=0.4285 | acc=0.930
[E11] b0350 | loss=0.4649 | acc=0.875
[E11] b0360 | loss=0.5409 | acc=0.883
[E11] b0370 | loss=0.5096 | acc=0.867
[E11] b0380 | loss=0.5234 | acc=0.875
[E11] b0390 | loss=0.5099 | acc=0.891
[E11] b0400 | loss=0.4185 | acc=0.930
[E11] b0410 | loss=0.4152 | acc=0.906
[E11] b0420 | loss=0.4319 | acc=0.914
[E11] b0430 | loss=0.4142 | acc=0.938
[E11] b0440 | loss=0.4225 | acc=0.914
[E11] b0450 | loss=0.4742 | acc=0.891
[E11] b0460 | loss=0.4728 | acc=0.867
[E11] b0470 | loss=0.5113 | acc=0.852
[E11] b0480 | loss=0.4165 | acc=0.922
[E11] b0490 | loss=0.4313 | acc=0.930
[E11] b0500 | loss=0.4020 | acc=0.938
[E11] b0510 | loss=0.4403 | acc=0.906
[E11] b0520 | loss=0.4018 | acc=0.930
[E11] b0530 | loss=0.4025 | acc=0.906
[E11] b0540 | loss=0.3833 | acc=0.938
[E11] b0550 | loss=0.4011 | acc=0.930
[E11] b0560 | loss=0.3983 | acc=0.930
[E11] b0570 | loss=0.3727 | acc=0.953
[E11] b0580 | loss=0.4789 | acc=0.914
[E11] b0590 | loss=0.5220 | acc=0.852
[E11] b0600 | loss=0.4663 | acc=0.898
[E11] b0610 | loss=0.4453 | acc=0.914
[E11] b0620 | loss=0.5118 | acc=0.875
[E11] b0630 | loss=0.5753 | acc=0.852
[E11] b0640 | loss=0.4056 | acc=0.930
[E11] b0650 | loss=0.4489 | acc=0.898
[E11] b0660 | loss=0.4555 | acc=0.906
[E11] b0670 | loss=0.5254 | acc=0.859
[E11] b0680 | loss=0.4341 | acc=0.898
[E11] b0690 | loss=0.4676 | acc=0.914
[E11] b0700 | loss=0.4185 | acc=0.922
[E11] b0710 | loss=0.5006 | acc=0.883
[E11] b0720 | loss=0.4989 | acc=0.922
[E11] b0730 | loss=0.4473 | acc=0.891
[E11] b0740 | loss=0.4777 | acc=0.906
[E11] b0750 | loss=0.4619 | acc=0.922
[E11] b0760 | loss=0.3805 | acc=0.930
[E11] b0770 | loss=0.4315 | acc=0.906
[E11] b0780 | loss=0.4237 | acc=0.906
[E11] b0790 | loss=0.3556 | acc=0.922
[E11] b0800 | loss=0.4843 | acc=0.867
[E11] b0810 | loss=0.3991 | acc=0.914
[E11] b0820 | loss=0.4043 | acc=0.938
[E11] b0830 | loss=0.4519 | acc=0.875
[E11] b0840 | loss=0.4670 | acc=0.898
[E11] b0850 | loss=0.4775 | acc=0.922
[E11] b0860 | loss=0.4128 | acc=0.945
[E11] b0870 | loss=0.3820 | acc=0.945
[E11] b0880 | loss=0.4480 | acc=0.906
[E11] b0890 | loss=0.4602 | acc=0.906
[E11] b0900 | loss=0.3599 | acc=0.945
[E11] b0910 | loss=0.4125 | acc=0.930
[E11] b0920 | loss=0.4630 | acc=0.906
[E11] b0930 | loss=0.3571 | acc=0.945
[E11] b0940 | loss=0.4761 | acc=0.914
[E11] b0950 | loss=0.4715 | acc=0.883
[E11] b0960 | loss=0.4325 | acc=0.906
[E11] b0970 | loss=0.4966 | acc=0.883
[E11] b0980 | loss=0.4645 | acc=0.875
[E11] b0990 | loss=0.4865 | acc=0.922
[E11] b1000 | loss=0.5100 | acc=0.891
[E11] b1010 | loss=0.4214 | acc=0.930
[E11] b1020 | loss=0.4887 | acc=0.891
[E11] total_loss=475.808 | VAL acc=0.881 | F1=0.701 | kappa=0.769
[STOP] Early stopping (no improvement)
=== TRAIN DONE ===
