[INFO] CNN+BiLSTM | TRAIN=130703 | VAL=2804
=== DEVICE: cuda ===
=== START TRAIN ===
[E01] b0000 | loss=1.6097 | acc=0.203
[E01] b0010 | loss=1.5337 | acc=0.344
[E01] b0020 | loss=1.4214 | acc=0.320
[E01] b0030 | loss=1.1928 | acc=0.508
[E01] b0040 | loss=1.0395 | acc=0.656
[E01] b0050 | loss=0.9240 | acc=0.625
[E01] b0060 | loss=0.8097 | acc=0.695
[E01] b0070 | loss=0.8004 | acc=0.773
[E01] b0080 | loss=0.8230 | acc=0.680
[E01] b0090 | loss=0.7804 | acc=0.719
[E01] b0100 | loss=0.7301 | acc=0.750
[E01] b0110 | loss=0.8131 | acc=0.742
[E01] b0120 | loss=0.8101 | acc=0.711
[E01] b0130 | loss=0.6956 | acc=0.789
[E01] b0140 | loss=0.8568 | acc=0.695
[E01] b0150 | loss=0.7705 | acc=0.766
[E01] b0160 | loss=0.7666 | acc=0.719
[E01] b0170 | loss=0.8195 | acc=0.711
[E01] b0180 | loss=0.7631 | acc=0.742
[E01] b0190 | loss=0.8344 | acc=0.719
[E01] b0200 | loss=0.7219 | acc=0.773
[E01] b0210 | loss=0.7650 | acc=0.766
[E01] b0220 | loss=0.6880 | acc=0.773
[E01] b0230 | loss=0.7930 | acc=0.695
[E01] b0240 | loss=0.7137 | acc=0.742
[E01] b0250 | loss=0.7036 | acc=0.766
[E01] b0260 | loss=0.5928 | acc=0.805
[E01] b0270 | loss=0.7581 | acc=0.781
[E01] b0280 | loss=0.6906 | acc=0.758
[E01] b0290 | loss=0.7231 | acc=0.766
[E01] b0300 | loss=0.6737 | acc=0.742
[E01] b0310 | loss=0.6884 | acc=0.742
[E01] b0320 | loss=0.8133 | acc=0.742
[E01] b0330 | loss=0.7215 | acc=0.758
[E01] b0340 | loss=0.7867 | acc=0.734
[E01] b0350 | loss=0.7018 | acc=0.797
[E01] b0360 | loss=0.7380 | acc=0.750
[E01] b0370 | loss=0.7171 | acc=0.742
[E01] b0380 | loss=0.6636 | acc=0.812
[E01] b0390 | loss=0.5392 | acc=0.867
[E01] b0400 | loss=0.6210 | acc=0.797
[E01] b0410 | loss=0.5908 | acc=0.852
[E01] b0420 | loss=0.7829 | acc=0.734
[E01] b0430 | loss=0.5948 | acc=0.844
[E01] b0440 | loss=0.8568 | acc=0.734
[E01] b0450 | loss=0.5707 | acc=0.812
[E01] b0460 | loss=0.6023 | acc=0.812
[E01] b0470 | loss=0.6403 | acc=0.789
[E01] b0480 | loss=0.6551 | acc=0.789
[E01] b0490 | loss=0.5210 | acc=0.859
[E01] b0500 | loss=0.6914 | acc=0.781
[E01] b0510 | loss=0.6008 | acc=0.836
[E01] b0520 | loss=0.7817 | acc=0.703
[E01] b0530 | loss=0.8147 | acc=0.688
[E01] b0540 | loss=0.6908 | acc=0.781
[E01] b0550 | loss=0.6280 | acc=0.805
[E01] b0560 | loss=0.6055 | acc=0.812
[E01] b0570 | loss=0.6376 | acc=0.844
[E01] b0580 | loss=0.6744 | acc=0.789
[E01] b0590 | loss=0.7332 | acc=0.711
[E01] b0600 | loss=0.5857 | acc=0.812
[E01] b0610 | loss=0.7099 | acc=0.758
[E01] b0620 | loss=0.6438 | acc=0.773
[E01] b0630 | loss=0.6829 | acc=0.734
[E01] b0640 | loss=0.6555 | acc=0.820
[E01] b0650 | loss=0.6014 | acc=0.820
[E01] b0660 | loss=0.6835 | acc=0.758
[E01] b0670 | loss=0.6686 | acc=0.789
[E01] b0680 | loss=0.6065 | acc=0.820
[E01] b0690 | loss=0.5480 | acc=0.867
[E01] b0700 | loss=0.5851 | acc=0.805
[E01] b0710 | loss=0.7285 | acc=0.719
[E01] b0720 | loss=0.6736 | acc=0.797
[E01] b0730 | loss=0.6361 | acc=0.805
[E01] b0740 | loss=0.6582 | acc=0.805
[E01] b0750 | loss=0.6100 | acc=0.805
[E01] b0760 | loss=0.6216 | acc=0.805
[E01] b0770 | loss=0.6304 | acc=0.805
[E01] b0780 | loss=0.6657 | acc=0.805
[E01] b0790 | loss=0.6823 | acc=0.805
[E01] b0800 | loss=0.6426 | acc=0.805
[E01] b0810 | loss=0.6972 | acc=0.789
[E01] b0820 | loss=0.6149 | acc=0.812
[E01] b0830 | loss=0.6457 | acc=0.773
[E01] b0840 | loss=0.5302 | acc=0.867
[E01] b0850 | loss=0.6445 | acc=0.773
[E01] b0860 | loss=0.6954 | acc=0.781
[E01] b0870 | loss=0.6510 | acc=0.805
[E01] b0880 | loss=0.5719 | acc=0.820
[E01] b0890 | loss=0.6822 | acc=0.828
[E01] b0900 | loss=0.6270 | acc=0.812
[E01] b0910 | loss=0.6601 | acc=0.805
[E01] b0920 | loss=0.6219 | acc=0.820
[E01] b0930 | loss=0.6328 | acc=0.805
[E01] b0940 | loss=0.7581 | acc=0.750
[E01] b0950 | loss=0.6507 | acc=0.812
[E01] b0960 | loss=0.6192 | acc=0.828
[E01] b0970 | loss=0.6466 | acc=0.766
[E01] b0980 | loss=0.6827 | acc=0.766
[E01] b0990 | loss=0.6189 | acc=0.844
[E01] b1000 | loss=0.5442 | acc=0.844
[E01] b1010 | loss=0.7073 | acc=0.773
[E01] b1020 | loss=0.6303 | acc=0.797
[E01] total_loss=726.252 | VAL acc=0.885 | F1=0.732 | kappa=0.781
[SAVE] New best BiLSTM (by F1)
[E02] b0000 | loss=0.7368 | acc=0.758
[E02] b0010 | loss=0.6135 | acc=0.812
[E02] b0020 | loss=0.6119 | acc=0.805
[E02] b0030 | loss=0.6460 | acc=0.805
[E02] b0040 | loss=0.6842 | acc=0.828
[E02] b0050 | loss=0.5999 | acc=0.828
[E02] b0060 | loss=0.5614 | acc=0.836
[E02] b0070 | loss=0.6311 | acc=0.805
[E02] b0080 | loss=0.5972 | acc=0.812
[E02] b0090 | loss=0.6923 | acc=0.773
[E02] b0100 | loss=0.5749 | acc=0.828
[E02] b0110 | loss=0.5311 | acc=0.867
[E02] b0120 | loss=0.5679 | acc=0.844
[E02] b0130 | loss=0.5918 | acc=0.820
[E02] b0140 | loss=0.6822 | acc=0.820
[E02] b0150 | loss=0.5869 | acc=0.789
[E02] b0160 | loss=0.5520 | acc=0.852
[E02] b0170 | loss=0.6947 | acc=0.742
[E02] b0180 | loss=0.5952 | acc=0.836
[E02] b0190 | loss=0.6789 | acc=0.742
[E02] b0200 | loss=0.5774 | acc=0.852
[E02] b0210 | loss=0.5945 | acc=0.812
[E02] b0220 | loss=0.6236 | acc=0.781
[E02] b0230 | loss=0.6771 | acc=0.773
[E02] b0240 | loss=0.5881 | acc=0.820
[E02] b0250 | loss=0.6982 | acc=0.766
[E02] b0260 | loss=0.6491 | acc=0.820
[E02] b0270 | loss=0.6586 | acc=0.805
[E02] b0280 | loss=0.5803 | acc=0.859
[E02] b0290 | loss=0.6351 | acc=0.805
[E02] b0300 | loss=0.6538 | acc=0.789
[E02] b0310 | loss=0.6220 | acc=0.789
[E02] b0320 | loss=0.6261 | acc=0.812
[E02] b0330 | loss=0.5098 | acc=0.852
[E02] b0340 | loss=0.5156 | acc=0.867
[E02] b0350 | loss=0.7141 | acc=0.766
[E02] b0360 | loss=0.6118 | acc=0.805
[E02] b0370 | loss=0.6201 | acc=0.789
[E02] b0380 | loss=0.6701 | acc=0.797
[E02] b0390 | loss=0.5151 | acc=0.836
[E02] b0400 | loss=0.6344 | acc=0.820
[E02] b0410 | loss=0.6330 | acc=0.812
[E02] b0420 | loss=0.6606 | acc=0.750
[E02] b0430 | loss=0.5506 | acc=0.844
[E02] b0440 | loss=0.5494 | acc=0.805
[E02] b0450 | loss=0.7126 | acc=0.773
[E02] b0460 | loss=0.6472 | acc=0.797
[E02] b0470 | loss=0.6278 | acc=0.797
[E02] b0480 | loss=0.6922 | acc=0.797
[E02] b0490 | loss=0.6650 | acc=0.812
[E02] b0500 | loss=0.5616 | acc=0.852
[E02] b0510 | loss=0.6115 | acc=0.828
[E02] b0520 | loss=0.5425 | acc=0.844
[E02] b0530 | loss=0.6277 | acc=0.859
[E02] b0540 | loss=0.6945 | acc=0.781
[E02] b0550 | loss=0.5634 | acc=0.836
[E02] b0560 | loss=0.5961 | acc=0.836
[E02] b0570 | loss=0.5535 | acc=0.836
[E02] b0580 | loss=0.5474 | acc=0.852
[E02] b0590 | loss=0.6026 | acc=0.820
[E02] b0600 | loss=0.6776 | acc=0.781
[E02] b0610 | loss=0.5502 | acc=0.867
[E02] b0620 | loss=0.6664 | acc=0.797
[E02] b0630 | loss=0.4996 | acc=0.906
[E02] b0640 | loss=0.5782 | acc=0.844
[E02] b0650 | loss=0.5706 | acc=0.852
[E02] b0660 | loss=0.6726 | acc=0.805
[E02] b0670 | loss=0.5795 | acc=0.797
[E02] b0680 | loss=0.5782 | acc=0.828
[E02] b0690 | loss=0.5240 | acc=0.844
[E02] b0700 | loss=0.6352 | acc=0.805
[E02] b0710 | loss=0.6529 | acc=0.812
[E02] b0720 | loss=0.6940 | acc=0.781
[E02] b0730 | loss=0.5703 | acc=0.844
[E02] b0740 | loss=0.6182 | acc=0.852
[E02] b0750 | loss=0.7916 | acc=0.711
[E02] b0760 | loss=0.6975 | acc=0.766
[E02] b0770 | loss=0.5744 | acc=0.820
[E02] b0780 | loss=0.5825 | acc=0.828
[E02] b0790 | loss=0.6515 | acc=0.805
[E02] b0800 | loss=0.6004 | acc=0.797
[E02] b0810 | loss=0.5630 | acc=0.820
[E02] b0820 | loss=0.5707 | acc=0.852
[E02] b0830 | loss=0.4995 | acc=0.906
[E02] b0840 | loss=0.6020 | acc=0.844
[E02] b0850 | loss=0.5049 | acc=0.859
[E02] b0860 | loss=0.5900 | acc=0.859
[E02] b0870 | loss=0.6271 | acc=0.828
[E02] b0880 | loss=0.5028 | acc=0.883
[E02] b0890 | loss=0.6078 | acc=0.820
[E02] b0900 | loss=0.5833 | acc=0.812
[E02] b0910 | loss=0.6115 | acc=0.797
[E02] b0920 | loss=0.6584 | acc=0.781
[E02] b0930 | loss=0.6722 | acc=0.797
[E02] b0940 | loss=0.5676 | acc=0.844
[E02] b0950 | loss=0.6781 | acc=0.797
[E02] b0960 | loss=0.5997 | acc=0.820
[E02] b0970 | loss=0.6571 | acc=0.797
[E02] b0980 | loss=0.5927 | acc=0.805
[E02] b0990 | loss=0.5571 | acc=0.852
[E02] b1000 | loss=0.6438 | acc=0.805
[E02] b1010 | loss=0.6231 | acc=0.805
[E02] b1020 | loss=0.6441 | acc=0.828
[E02] total_loss=620.400 | VAL acc=0.889 | F1=0.723 | kappa=0.783
[E03] b0000 | loss=0.4774 | acc=0.891
[E03] b0010 | loss=0.6609 | acc=0.797
[E03] b0020 | loss=0.5444 | acc=0.859
[E03] b0030 | loss=0.5726 | acc=0.812
[E03] b0040 | loss=0.6055 | acc=0.828
[E03] b0050 | loss=0.5823 | acc=0.852
[E03] b0060 | loss=0.6091 | acc=0.820
[E03] b0070 | loss=0.5790 | acc=0.828
[E03] b0080 | loss=0.5128 | acc=0.852
[E03] b0090 | loss=0.6220 | acc=0.820
[E03] b0100 | loss=0.7786 | acc=0.781
[E03] b0110 | loss=0.5420 | acc=0.820
[E03] b0120 | loss=0.5519 | acc=0.883
[E03] b0130 | loss=0.7058 | acc=0.766
[E03] b0140 | loss=0.5145 | acc=0.844
[E03] b0150 | loss=0.5885 | acc=0.844
[E03] b0160 | loss=0.5700 | acc=0.836
[E03] b0170 | loss=0.5653 | acc=0.781
[E03] b0180 | loss=0.5834 | acc=0.844
[E03] b0190 | loss=0.7067 | acc=0.797
[E03] b0200 | loss=0.5539 | acc=0.875
[E03] b0210 | loss=0.5230 | acc=0.867
[E03] b0220 | loss=0.5706 | acc=0.836
[E03] b0230 | loss=0.5194 | acc=0.891
[E03] b0240 | loss=0.5566 | acc=0.820
[E03] b0250 | loss=0.4157 | acc=0.914
[E03] b0260 | loss=0.5949 | acc=0.828
[E03] b0270 | loss=0.5728 | acc=0.844
[E03] b0280 | loss=0.6115 | acc=0.828
[E03] b0290 | loss=0.5742 | acc=0.820
[E03] b0300 | loss=0.5633 | acc=0.859
[E03] b0310 | loss=0.5709 | acc=0.836
[E03] b0320 | loss=0.5677 | acc=0.828
[E03] b0330 | loss=0.5773 | acc=0.852
[E03] b0340 | loss=0.5672 | acc=0.852
[E03] b0350 | loss=0.5699 | acc=0.875
[E03] b0360 | loss=0.6844 | acc=0.789
[E03] b0370 | loss=0.6107 | acc=0.766
[E03] b0380 | loss=0.5446 | acc=0.836
[E03] b0390 | loss=0.5105 | acc=0.859
[E03] b0400 | loss=0.7922 | acc=0.734
[E03] b0410 | loss=0.5730 | acc=0.836
[E03] b0420 | loss=0.6005 | acc=0.852
[E03] b0430 | loss=0.4818 | acc=0.875
[E03] b0440 | loss=0.5205 | acc=0.875
[E03] b0450 | loss=0.7497 | acc=0.766
[E03] b0460 | loss=0.5466 | acc=0.852
[E03] b0470 | loss=0.5674 | acc=0.828
[E03] b0480 | loss=0.6692 | acc=0.766
[E03] b0490 | loss=0.6608 | acc=0.797
[E03] b0500 | loss=0.5933 | acc=0.844
[E03] b0510 | loss=0.7221 | acc=0.703
[E03] b0520 | loss=0.6307 | acc=0.812
[E03] b0530 | loss=0.5800 | acc=0.828
[E03] b0540 | loss=0.5514 | acc=0.859
[E03] b0550 | loss=0.5692 | acc=0.836
[E03] b0560 | loss=0.5726 | acc=0.805
[E03] b0570 | loss=0.6152 | acc=0.797
[E03] b0580 | loss=0.5603 | acc=0.828
[E03] b0590 | loss=0.6890 | acc=0.812
[E03] b0600 | loss=0.6601 | acc=0.836
[E03] b0610 | loss=0.5692 | acc=0.828
[E03] b0620 | loss=0.5571 | acc=0.844
[E03] b0630 | loss=0.5159 | acc=0.891
[E03] b0640 | loss=0.5135 | acc=0.852
[E03] b0650 | loss=0.5893 | acc=0.820
[E03] b0660 | loss=0.6478 | acc=0.789
[E03] b0670 | loss=0.5036 | acc=0.867
[E03] b0680 | loss=0.5301 | acc=0.875
[E03] b0690 | loss=0.6720 | acc=0.828
[E03] b0700 | loss=0.5147 | acc=0.867
[E03] b0710 | loss=0.6764 | acc=0.797
[E03] b0720 | loss=0.6187 | acc=0.820
[E03] b0730 | loss=0.6433 | acc=0.820
[E03] b0740 | loss=0.6386 | acc=0.828
[E03] b0750 | loss=0.6389 | acc=0.820
[E03] b0760 | loss=0.6581 | acc=0.828
[E03] b0770 | loss=0.6199 | acc=0.828
[E03] b0780 | loss=0.6367 | acc=0.805
[E03] b0790 | loss=0.6617 | acc=0.805
[E03] b0800 | loss=0.5557 | acc=0.836
[E03] b0810 | loss=0.5526 | acc=0.844
[E03] b0820 | loss=0.6767 | acc=0.766
[E03] b0830 | loss=0.5446 | acc=0.852
[E03] b0840 | loss=0.5412 | acc=0.852
[E03] b0850 | loss=0.4997 | acc=0.875
[E03] b0860 | loss=0.5966 | acc=0.836
[E03] b0870 | loss=0.5759 | acc=0.883
[E03] b0880 | loss=0.6691 | acc=0.789
[E03] b0890 | loss=0.6581 | acc=0.789
[E03] b0900 | loss=0.5424 | acc=0.828
[E03] b0910 | loss=0.5925 | acc=0.828
[E03] b0920 | loss=0.6354 | acc=0.805
[E03] b0930 | loss=0.5092 | acc=0.875
[E03] b0940 | loss=0.5521 | acc=0.859
[E03] b0950 | loss=0.5999 | acc=0.812
[E03] b0960 | loss=0.6320 | acc=0.797
[E03] b0970 | loss=0.4859 | acc=0.922
[E03] b0980 | loss=0.4319 | acc=0.898
[E03] b0990 | loss=0.5803 | acc=0.852
[E03] b1000 | loss=0.5949 | acc=0.789
[E03] b1010 | loss=0.6042 | acc=0.844
[E03] b1020 | loss=0.5154 | acc=0.844
[E03] total_loss=601.153 | VAL acc=0.871 | F1=0.702 | kappa=0.752
[E04] b0000 | loss=0.4908 | acc=0.914
[E04] b0010 | loss=0.5481 | acc=0.852
[E04] b0020 | loss=0.5395 | acc=0.852
[E04] b0030 | loss=0.5283 | acc=0.859
[E04] b0040 | loss=0.4573 | acc=0.906
[E04] b0050 | loss=0.5405 | acc=0.844
[E04] b0060 | loss=0.5975 | acc=0.859
[E04] b0070 | loss=0.5759 | acc=0.844
[E04] b0080 | loss=0.5340 | acc=0.859
[E04] b0090 | loss=0.5863 | acc=0.852
[E04] b0100 | loss=0.5620 | acc=0.852
[E04] b0110 | loss=0.6145 | acc=0.844
[E04] b0120 | loss=0.5969 | acc=0.859
[E04] b0130 | loss=0.6012 | acc=0.805
[E04] b0140 | loss=0.6355 | acc=0.805
[E04] b0150 | loss=0.5446 | acc=0.867
[E04] b0160 | loss=0.5606 | acc=0.820
[E04] b0170 | loss=0.5074 | acc=0.875
[E04] b0180 | loss=0.5273 | acc=0.836
[E04] b0190 | loss=0.5696 | acc=0.852
[E04] b0200 | loss=0.5820 | acc=0.852
[E04] b0210 | loss=0.6539 | acc=0.773
[E04] b0220 | loss=0.6380 | acc=0.805
[E04] b0230 | loss=0.6258 | acc=0.828
[E04] b0240 | loss=0.6650 | acc=0.820
[E04] b0250 | loss=0.5995 | acc=0.828
[E04] b0260 | loss=0.5877 | acc=0.820
[E04] b0270 | loss=0.5458 | acc=0.828
[E04] b0280 | loss=0.5210 | acc=0.906
[E04] b0290 | loss=0.5735 | acc=0.836
[E04] b0300 | loss=0.5433 | acc=0.852
[E04] b0310 | loss=0.5387 | acc=0.852
[E04] b0320 | loss=0.6576 | acc=0.812
[E04] b0330 | loss=0.6087 | acc=0.836
[E04] b0340 | loss=0.6876 | acc=0.773
[E04] b0350 | loss=0.5544 | acc=0.844
[E04] b0360 | loss=0.5591 | acc=0.859
[E04] b0370 | loss=0.5254 | acc=0.844
[E04] b0380 | loss=0.5259 | acc=0.875
[E04] b0390 | loss=0.5302 | acc=0.883
[E04] b0400 | loss=0.6083 | acc=0.812
[E04] b0410 | loss=0.6479 | acc=0.805
[E04] b0420 | loss=0.5972 | acc=0.844
[E04] b0430 | loss=0.6380 | acc=0.797
[E04] b0440 | loss=0.6315 | acc=0.820
[E04] b0450 | loss=0.4765 | acc=0.891
[E04] b0460 | loss=0.5374 | acc=0.875
[E04] b0470 | loss=0.6316 | acc=0.805
[E04] b0480 | loss=0.6643 | acc=0.820
[E04] b0490 | loss=0.6025 | acc=0.852
[E04] b0500 | loss=0.4995 | acc=0.875
[E04] b0510 | loss=0.6074 | acc=0.820
[E04] b0520 | loss=0.5579 | acc=0.867
[E04] b0530 | loss=0.6089 | acc=0.797
[E04] b0540 | loss=0.5443 | acc=0.852
[E04] b0550 | loss=0.5861 | acc=0.820
[E04] b0560 | loss=0.5819 | acc=0.859
[E04] b0570 | loss=0.6952 | acc=0.766
[E04] b0580 | loss=0.6319 | acc=0.789
[E04] b0590 | loss=0.5065 | acc=0.836
[E04] b0600 | loss=0.6356 | acc=0.797
[E04] b0610 | loss=0.5479 | acc=0.844
[E04] b0620 | loss=0.5193 | acc=0.875
[E04] b0630 | loss=0.5436 | acc=0.875
[E04] b0640 | loss=0.5438 | acc=0.844
[E04] b0650 | loss=0.5618 | acc=0.859
[E04] b0660 | loss=0.6159 | acc=0.844
[E04] b0670 | loss=0.5944 | acc=0.820
[E04] b0680 | loss=0.4855 | acc=0.883
[E04] b0690 | loss=0.5679 | acc=0.797
[E04] b0700 | loss=0.5021 | acc=0.883
[E04] b0710 | loss=0.5481 | acc=0.867
[E04] b0720 | loss=0.6332 | acc=0.789
[E04] b0730 | loss=0.5248 | acc=0.867
[E04] b0740 | loss=0.4714 | acc=0.891
[E04] b0750 | loss=0.5578 | acc=0.820
[E04] b0760 | loss=0.4925 | acc=0.875
[E04] b0770 | loss=0.5851 | acc=0.836
[E04] b0780 | loss=0.5674 | acc=0.812
[E04] b0790 | loss=0.5605 | acc=0.844
[E04] b0800 | loss=0.5323 | acc=0.867
[E04] b0810 | loss=0.4930 | acc=0.891
[E04] b0820 | loss=0.5398 | acc=0.836
[E04] b0830 | loss=0.5894 | acc=0.828
[E04] b0840 | loss=0.5239 | acc=0.867
[E04] b0850 | loss=0.5336 | acc=0.867
[E04] b0860 | loss=0.5893 | acc=0.820
[E04] b0870 | loss=0.6228 | acc=0.820
[E04] b0880 | loss=0.5603 | acc=0.844
[E04] b0890 | loss=0.5473 | acc=0.859
[E04] b0900 | loss=0.6158 | acc=0.820
[E04] b0910 | loss=0.5382 | acc=0.836
[E04] b0920 | loss=0.5258 | acc=0.898
[E04] b0930 | loss=0.4914 | acc=0.906
[E04] b0940 | loss=0.6224 | acc=0.805
[E04] b0950 | loss=0.5459 | acc=0.852
[E04] b0960 | loss=0.5497 | acc=0.852
[E04] b0970 | loss=0.5411 | acc=0.867
[E04] b0980 | loss=0.5073 | acc=0.898
[E04] b0990 | loss=0.4897 | acc=0.883
[E04] b1000 | loss=0.5581 | acc=0.867
[E04] b1010 | loss=0.5196 | acc=0.852
[E04] b1020 | loss=0.5756 | acc=0.812
[E04] total_loss=585.093 | VAL acc=0.867 | F1=0.703 | kappa=0.742
[E05] b0000 | loss=0.5623 | acc=0.852
[E05] b0010 | loss=0.5235 | acc=0.883
[E05] b0020 | loss=0.4849 | acc=0.891
[E05] b0030 | loss=0.4898 | acc=0.883
[E05] b0040 | loss=0.5725 | acc=0.828
[E05] b0050 | loss=0.7543 | acc=0.758
[E05] b0060 | loss=0.5285 | acc=0.859
[E05] b0070 | loss=0.4702 | acc=0.891
[E05] b0080 | loss=0.5698 | acc=0.852
[E05] b0090 | loss=0.5933 | acc=0.820
[E05] b0100 | loss=0.5529 | acc=0.844
[E05] b0110 | loss=0.5247 | acc=0.867
[E05] b0120 | loss=0.5763 | acc=0.828
[E05] b0130 | loss=0.5073 | acc=0.883
[E05] b0140 | loss=0.5318 | acc=0.883
[E05] b0150 | loss=0.5398 | acc=0.883
[E05] b0160 | loss=0.5238 | acc=0.867
[E05] b0170 | loss=0.5797 | acc=0.852
[E05] b0180 | loss=0.6072 | acc=0.789
[E05] b0190 | loss=0.5324 | acc=0.844
[E05] b0200 | loss=0.6026 | acc=0.844
[E05] b0210 | loss=0.4939 | acc=0.867
[E05] b0220 | loss=0.5467 | acc=0.828
[E05] b0230 | loss=0.5216 | acc=0.867
[E05] b0240 | loss=0.5783 | acc=0.836
[E05] b0250 | loss=0.5674 | acc=0.852
[E05] b0260 | loss=0.5661 | acc=0.844
[E05] b0270 | loss=0.5144 | acc=0.875
[E05] b0280 | loss=0.6216 | acc=0.820
[E05] b0290 | loss=0.5772 | acc=0.844
[E05] b0300 | loss=0.5931 | acc=0.836
[E05] b0310 | loss=0.4577 | acc=0.883
[E05] b0320 | loss=0.5473 | acc=0.844
[E05] b0330 | loss=0.6355 | acc=0.805
[E05] b0340 | loss=0.5265 | acc=0.875
[E05] b0350 | loss=0.5837 | acc=0.859
[E05] b0360 | loss=0.5538 | acc=0.836
[E05] b0370 | loss=0.4568 | acc=0.898
[E05] b0380 | loss=0.5199 | acc=0.891
[E05] b0390 | loss=0.5759 | acc=0.852
[E05] b0400 | loss=0.5698 | acc=0.867
[E05] b0410 | loss=0.5287 | acc=0.820
[E05] b0420 | loss=0.5976 | acc=0.812
[E05] b0430 | loss=0.4687 | acc=0.867
[E05] b0440 | loss=0.4984 | acc=0.859
[E05] b0450 | loss=0.5428 | acc=0.836
[E05] b0460 | loss=0.5961 | acc=0.797
[E05] b0470 | loss=0.5842 | acc=0.844
[E05] b0480 | loss=0.5544 | acc=0.844
[E05] b0490 | loss=0.6007 | acc=0.812
[E05] b0500 | loss=0.4605 | acc=0.891
[E05] b0510 | loss=0.4639 | acc=0.875
[E05] b0520 | loss=0.5132 | acc=0.883
[E05] b0530 | loss=0.5771 | acc=0.805
[E05] b0540 | loss=0.5173 | acc=0.883
[E05] b0550 | loss=0.5741 | acc=0.820
[E05] b0560 | loss=0.5482 | acc=0.852
[E05] b0570 | loss=0.5423 | acc=0.859
[E05] b0580 | loss=0.4625 | acc=0.898
[E05] b0590 | loss=0.5707 | acc=0.859
[E05] b0600 | loss=0.5708 | acc=0.820
[E05] b0610 | loss=0.5491 | acc=0.844
[E05] b0620 | loss=0.5959 | acc=0.828
[E05] b0630 | loss=0.6245 | acc=0.797
[E05] b0640 | loss=0.5415 | acc=0.836
[E05] b0650 | loss=0.6552 | acc=0.805
[E05] b0660 | loss=0.5649 | acc=0.844
[E05] b0670 | loss=0.5309 | acc=0.852
[E05] b0680 | loss=0.5255 | acc=0.852
[E05] b0690 | loss=0.5526 | acc=0.836
[E05] b0700 | loss=0.5830 | acc=0.859
[E05] b0710 | loss=0.5795 | acc=0.836
[E05] b0720 | loss=0.5499 | acc=0.867
[E05] b0730 | loss=0.5486 | acc=0.867
[E05] b0740 | loss=0.5087 | acc=0.867
[E05] b0750 | loss=0.5840 | acc=0.859
[E05] b0760 | loss=0.6063 | acc=0.844
[E05] b0770 | loss=0.5217 | acc=0.875
[E05] b0780 | loss=0.6344 | acc=0.781
[E05] b0790 | loss=0.4982 | acc=0.875
[E05] b0800 | loss=0.5738 | acc=0.828
[E05] b0810 | loss=0.5725 | acc=0.812
[E05] b0820 | loss=0.5541 | acc=0.828
[E05] b0830 | loss=0.5222 | acc=0.875
[E05] b0840 | loss=0.4903 | acc=0.891
[E05] b0850 | loss=0.4779 | acc=0.891
[E05] b0860 | loss=0.5717 | acc=0.836
[E05] b0870 | loss=0.5288 | acc=0.852
[E05] b0880 | loss=0.5203 | acc=0.852
[E05] b0890 | loss=0.5246 | acc=0.844
[E05] b0900 | loss=0.5099 | acc=0.852
[E05] b0910 | loss=0.5820 | acc=0.859
[E05] b0920 | loss=0.4937 | acc=0.891
[E05] b0930 | loss=0.7075 | acc=0.797
[E05] b0940 | loss=0.5074 | acc=0.852
[E05] b0950 | loss=0.4533 | acc=0.875
[E05] b0960 | loss=0.5443 | acc=0.859
[E05] b0970 | loss=0.5486 | acc=0.844
[E05] b0980 | loss=0.4757 | acc=0.859
[E05] b0990 | loss=0.5201 | acc=0.859
[E05] b1000 | loss=0.5797 | acc=0.844
[E05] b1010 | loss=0.5046 | acc=0.859
[E05] b1020 | loss=0.6727 | acc=0.820
[E05] total_loss=565.526 | VAL acc=0.874 | F1=0.669 | kappa=0.756
[E06] b0000 | loss=0.5615 | acc=0.844
[E06] b0010 | loss=0.4674 | acc=0.898
[E06] b0020 | loss=0.5271 | acc=0.836
[E06] b0030 | loss=0.5837 | acc=0.820
[E06] b0040 | loss=0.5029 | acc=0.891
[E06] b0050 | loss=0.5869 | acc=0.836
[E06] b0060 | loss=0.6138 | acc=0.812
[E06] b0070 | loss=0.5691 | acc=0.820
[E06] b0080 | loss=0.5085 | acc=0.883
[E06] b0090 | loss=0.5199 | acc=0.883
[E06] b0100 | loss=0.5246 | acc=0.875
[E06] b0110 | loss=0.5872 | acc=0.820
[E06] b0120 | loss=0.4597 | acc=0.891
[E06] b0130 | loss=0.4878 | acc=0.898
[E06] b0140 | loss=0.4825 | acc=0.883
[E06] b0150 | loss=0.5160 | acc=0.891
[E06] b0160 | loss=0.5492 | acc=0.844
[E06] b0170 | loss=0.4714 | acc=0.875
[E06] b0180 | loss=0.5916 | acc=0.852
[E06] b0190 | loss=0.5847 | acc=0.836
[E06] b0200 | loss=0.5350 | acc=0.852
[E06] b0210 | loss=0.4622 | acc=0.898
[E06] b0220 | loss=0.5662 | acc=0.852
[E06] b0230 | loss=0.5807 | acc=0.852
[E06] b0240 | loss=0.4640 | acc=0.875
[E06] b0250 | loss=0.4824 | acc=0.867
[E06] b0260 | loss=0.6378 | acc=0.828
[E06] b0270 | loss=0.5730 | acc=0.844
[E06] b0280 | loss=0.4353 | acc=0.898
[E06] b0290 | loss=0.5740 | acc=0.852
[E06] b0300 | loss=0.5472 | acc=0.867
[E06] b0310 | loss=0.5036 | acc=0.867
[E06] b0320 | loss=0.5581 | acc=0.844
[E06] b0330 | loss=0.4697 | acc=0.914
[E06] b0340 | loss=0.4444 | acc=0.922
[E06] b0350 | loss=0.5120 | acc=0.867
[E06] b0360 | loss=0.4752 | acc=0.883
[E06] b0370 | loss=0.4824 | acc=0.906
[E06] b0380 | loss=0.5542 | acc=0.852
[E06] b0390 | loss=0.5626 | acc=0.836
[E06] b0400 | loss=0.5460 | acc=0.836
[E06] b0410 | loss=0.5285 | acc=0.875
[E06] b0420 | loss=0.5194 | acc=0.891
[E06] b0430 | loss=0.4758 | acc=0.875
[E06] b0440 | loss=0.5005 | acc=0.875
[E06] b0450 | loss=0.5142 | acc=0.883
[E06] b0460 | loss=0.5531 | acc=0.875
[E06] b0470 | loss=0.5563 | acc=0.852
[E06] b0480 | loss=0.5123 | acc=0.875
[E06] b0490 | loss=0.5700 | acc=0.844
[E06] b0500 | loss=0.4841 | acc=0.891
[E06] b0510 | loss=0.4728 | acc=0.898
[E06] b0520 | loss=0.5810 | acc=0.859
[E06] b0530 | loss=0.5510 | acc=0.836
[E06] b0540 | loss=0.4738 | acc=0.906
[E06] b0550 | loss=0.5410 | acc=0.852
[E06] b0560 | loss=0.5210 | acc=0.891
[E06] b0570 | loss=0.4863 | acc=0.914
[E06] b0580 | loss=0.5723 | acc=0.844
[E06] b0590 | loss=0.5089 | acc=0.891
[E06] b0600 | loss=0.6059 | acc=0.820
[E06] b0610 | loss=0.5234 | acc=0.852
[E06] b0620 | loss=0.5183 | acc=0.867
[E06] b0630 | loss=0.5428 | acc=0.859
[E06] b0640 | loss=0.5104 | acc=0.859
[E06] b0650 | loss=0.4438 | acc=0.898
[E06] b0660 | loss=0.4615 | acc=0.875
[E06] b0670 | loss=0.6292 | acc=0.820
[E06] b0680 | loss=0.5764 | acc=0.859
[E06] b0690 | loss=0.5039 | acc=0.883
[E06] b0700 | loss=0.4898 | acc=0.898
[E06] b0710 | loss=0.5139 | acc=0.852
[E06] b0720 | loss=0.4856 | acc=0.883
[E06] b0730 | loss=0.5689 | acc=0.867
[E06] b0740 | loss=0.5196 | acc=0.891
[E06] b0750 | loss=0.5327 | acc=0.852
[E06] b0760 | loss=0.4666 | acc=0.906
[E06] b0770 | loss=0.5027 | acc=0.867
[E06] b0780 | loss=0.4858 | acc=0.867
[E06] b0790 | loss=0.5216 | acc=0.891
[E06] b0800 | loss=0.4735 | acc=0.891
[E06] b0810 | loss=0.5718 | acc=0.844
[E06] b0820 | loss=0.5884 | acc=0.836
[E06] b0830 | loss=0.6008 | acc=0.805
[E06] b0840 | loss=0.5240 | acc=0.852
[E06] b0850 | loss=0.5072 | acc=0.875
[E06] b0860 | loss=0.4769 | acc=0.875
[E06] b0870 | loss=0.4911 | acc=0.898
[E06] b0880 | loss=0.6305 | acc=0.797
[E06] b0890 | loss=0.4857 | acc=0.891
[E06] b0900 | loss=0.5662 | acc=0.852
[E06] b0910 | loss=0.5883 | acc=0.867
[E06] b0920 | loss=0.5488 | acc=0.844
[E06] b0930 | loss=0.4922 | acc=0.859
[E06] b0940 | loss=0.4873 | acc=0.898
[E06] b0950 | loss=0.4970 | acc=0.859
[E06] b0960 | loss=0.4393 | acc=0.914
[E06] b0970 | loss=0.5268 | acc=0.875
[E06] b0980 | loss=0.6358 | acc=0.789
[E06] b0990 | loss=0.4178 | acc=0.930
[E06] b1000 | loss=0.4839 | acc=0.898
[E06] b1010 | loss=0.6075 | acc=0.805
[E06] b1020 | loss=0.5772 | acc=0.859
[E06] total_loss=536.102 | VAL acc=0.881 | F1=0.708 | kappa=0.768
[E07] b0000 | loss=0.6473 | acc=0.836
[E07] b0010 | loss=0.6060 | acc=0.844
[E07] b0020 | loss=0.5212 | acc=0.891
[E07] b0030 | loss=0.5009 | acc=0.852
[E07] b0040 | loss=0.5328 | acc=0.844
[E07] b0050 | loss=0.4733 | acc=0.891
[E07] b0060 | loss=0.3985 | acc=0.914
[E07] b0070 | loss=0.6302 | acc=0.789
[E07] b0080 | loss=0.5376 | acc=0.859
[E07] b0090 | loss=0.4106 | acc=0.938
[E07] b0100 | loss=0.5398 | acc=0.859
[E07] b0110 | loss=0.4860 | acc=0.898
[E07] b0120 | loss=0.5275 | acc=0.867
[E07] b0130 | loss=0.5145 | acc=0.867
[E07] b0140 | loss=0.5582 | acc=0.859
[E07] b0150 | loss=0.5386 | acc=0.836
[E07] b0160 | loss=0.4644 | acc=0.891
[E07] b0170 | loss=0.4649 | acc=0.891
[E07] b0180 | loss=0.6366 | acc=0.812
[E07] b0190 | loss=0.5035 | acc=0.875
[E07] b0200 | loss=0.5318 | acc=0.875
[E07] b0210 | loss=0.5040 | acc=0.844
[E07] b0220 | loss=0.5413 | acc=0.836
[E07] b0230 | loss=0.5378 | acc=0.844
[E07] b0240 | loss=0.5128 | acc=0.844
[E07] b0250 | loss=0.6059 | acc=0.820
[E07] b0260 | loss=0.4733 | acc=0.898
[E07] b0270 | loss=0.5259 | acc=0.883
[E07] b0280 | loss=0.5102 | acc=0.875
[E07] b0290 | loss=0.4675 | acc=0.883
[E07] b0300 | loss=0.5420 | acc=0.836
[E07] b0310 | loss=0.5127 | acc=0.898
[E07] b0320 | loss=0.5258 | acc=0.883
[E07] b0330 | loss=0.5116 | acc=0.867
[E07] b0340 | loss=0.4678 | acc=0.883
[E07] b0350 | loss=0.4464 | acc=0.891
[E07] b0360 | loss=0.4454 | acc=0.914
[E07] b0370 | loss=0.4518 | acc=0.883
[E07] b0380 | loss=0.5221 | acc=0.883
[E07] b0390 | loss=0.5037 | acc=0.859
[E07] b0400 | loss=0.5933 | acc=0.820
[E07] b0410 | loss=0.5578 | acc=0.828
[E07] b0420 | loss=0.4972 | acc=0.867
[E07] b0430 | loss=0.4273 | acc=0.898
[E07] b0440 | loss=0.4897 | acc=0.875
[E07] b0450 | loss=0.5267 | acc=0.836
[E07] b0460 | loss=0.4483 | acc=0.914
[E07] b0470 | loss=0.5577 | acc=0.836
[E07] b0480 | loss=0.6742 | acc=0.789
[E07] b0490 | loss=0.5243 | acc=0.867
[E07] b0500 | loss=0.4271 | acc=0.922
[E07] b0510 | loss=0.4973 | acc=0.867
[E07] b0520 | loss=0.4864 | acc=0.875
[E07] b0530 | loss=0.5764 | acc=0.805
[E07] b0540 | loss=0.4683 | acc=0.883
[E07] b0550 | loss=0.5878 | acc=0.820
[E07] b0560 | loss=0.4751 | acc=0.883
[E07] b0570 | loss=0.5847 | acc=0.828
[E07] b0580 | loss=0.4773 | acc=0.883
[E07] b0590 | loss=0.5347 | acc=0.844
[E07] b0600 | loss=0.4737 | acc=0.875
[E07] b0610 | loss=0.4738 | acc=0.859
[E07] b0620 | loss=0.5519 | acc=0.852
[E07] b0630 | loss=0.4897 | acc=0.883
[E07] b0640 | loss=0.5096 | acc=0.867
[E07] b0650 | loss=0.5223 | acc=0.852
[E07] b0660 | loss=0.5329 | acc=0.875
[E07] b0670 | loss=0.5715 | acc=0.859
[E07] b0680 | loss=0.5322 | acc=0.859
[E07] b0690 | loss=0.4395 | acc=0.914
[E07] b0700 | loss=0.5590 | acc=0.852
[E07] b0710 | loss=0.4873 | acc=0.867
[E07] b0720 | loss=0.5117 | acc=0.875
[E07] b0730 | loss=0.5932 | acc=0.820
[E07] b0740 | loss=0.5542 | acc=0.867
[E07] b0750 | loss=0.4953 | acc=0.914
[E07] b0760 | loss=0.4984 | acc=0.883
[E07] b0770 | loss=0.5261 | acc=0.867
[E07] b0780 | loss=0.5337 | acc=0.883
[E07] b0790 | loss=0.5013 | acc=0.883
[E07] b0800 | loss=0.3967 | acc=0.938
[E07] b0810 | loss=0.5220 | acc=0.875
[E07] b0820 | loss=0.5450 | acc=0.867
[E07] b0830 | loss=0.4818 | acc=0.875
[E07] b0840 | loss=0.4255 | acc=0.930
[E07] b0850 | loss=0.5189 | acc=0.844
[E07] b0860 | loss=0.5794 | acc=0.844
[E07] b0870 | loss=0.4796 | acc=0.867
[E07] b0880 | loss=0.4965 | acc=0.875
[E07] b0890 | loss=0.4688 | acc=0.867
[E07] b0900 | loss=0.4726 | acc=0.914
[E07] b0910 | loss=0.6978 | acc=0.805
[E07] b0920 | loss=0.4707 | acc=0.906
[E07] b0930 | loss=0.5236 | acc=0.859
[E07] b0940 | loss=0.5132 | acc=0.883
[E07] b0950 | loss=0.4162 | acc=0.906
[E07] b0960 | loss=0.5944 | acc=0.805
[E07] b0970 | loss=0.4295 | acc=0.922
[E07] b0980 | loss=0.5593 | acc=0.859
[E07] b0990 | loss=0.5758 | acc=0.844
[E07] b1000 | loss=0.4531 | acc=0.852
[E07] b1010 | loss=0.5091 | acc=0.883
[E07] b1020 | loss=0.4661 | acc=0.906
[E07] total_loss=523.371 | VAL acc=0.866 | F1=0.684 | kappa=0.744
[E08] b0000 | loss=0.4885 | acc=0.867
[E08] b0010 | loss=0.3918 | acc=0.922
[E08] b0020 | loss=0.4726 | acc=0.891
[E08] b0030 | loss=0.4670 | acc=0.875
[E08] b0040 | loss=0.5394 | acc=0.852
[E08] b0050 | loss=0.6031 | acc=0.844
[E08] b0060 | loss=0.5734 | acc=0.828
[E08] b0070 | loss=0.4660 | acc=0.875
[E08] b0080 | loss=0.5080 | acc=0.859
[E08] b0090 | loss=0.4328 | acc=0.906
[E08] b0100 | loss=0.5147 | acc=0.852
[E08] b0110 | loss=0.5099 | acc=0.883
[E08] b0120 | loss=0.5118 | acc=0.859
[E08] b0130 | loss=0.5570 | acc=0.844
[E08] b0140 | loss=0.6630 | acc=0.805
[E08] b0150 | loss=0.3598 | acc=0.953
[E08] b0160 | loss=0.4216 | acc=0.922
[E08] b0170 | loss=0.4543 | acc=0.898
[E08] b0180 | loss=0.4217 | acc=0.906
[E08] b0190 | loss=0.4132 | acc=0.914
[E08] b0200 | loss=0.5647 | acc=0.852
[E08] b0210 | loss=0.5151 | acc=0.867
[E08] b0220 | loss=0.5956 | acc=0.859
[E08] b0230 | loss=0.4692 | acc=0.867
[E08] b0240 | loss=0.5965 | acc=0.844
[E08] b0250 | loss=0.5188 | acc=0.875
[E08] b0260 | loss=0.5197 | acc=0.859
[E08] b0270 | loss=0.5366 | acc=0.844
[E08] b0280 | loss=0.6136 | acc=0.852
[E08] b0290 | loss=0.5759 | acc=0.836
[E08] b0300 | loss=0.5360 | acc=0.844
[E08] b0310 | loss=0.4638 | acc=0.906
[E08] b0320 | loss=0.5716 | acc=0.844
[E08] b0330 | loss=0.4826 | acc=0.922
[E08] b0340 | loss=0.6075 | acc=0.836
[E08] b0350 | loss=0.4783 | acc=0.867
[E08] b0360 | loss=0.5637 | acc=0.852
[E08] b0370 | loss=0.4885 | acc=0.859
[E08] b0380 | loss=0.4740 | acc=0.898
[E08] b0390 | loss=0.5003 | acc=0.875
[E08] b0400 | loss=0.5186 | acc=0.875
[E08] b0410 | loss=0.5420 | acc=0.852
[E08] b0420 | loss=0.4837 | acc=0.875
[E08] b0430 | loss=0.5273 | acc=0.867
[E08] b0440 | loss=0.4434 | acc=0.906
[E08] b0450 | loss=0.4878 | acc=0.883
[E08] b0460 | loss=0.6103 | acc=0.844
[E08] b0470 | loss=0.4600 | acc=0.891
[E08] b0480 | loss=0.5172 | acc=0.867
[E08] b0490 | loss=0.5039 | acc=0.875
[E08] b0500 | loss=0.5524 | acc=0.852
[E08] b0510 | loss=0.6144 | acc=0.797
[E08] b0520 | loss=0.5269 | acc=0.859
[E08] b0530 | loss=0.5591 | acc=0.812
[E08] b0540 | loss=0.4846 | acc=0.875
[E08] b0550 | loss=0.5272 | acc=0.875
[E08] b0560 | loss=0.4854 | acc=0.836
[E08] b0570 | loss=0.5134 | acc=0.875
[E08] b0580 | loss=0.4822 | acc=0.867
[E08] b0590 | loss=0.4859 | acc=0.891
[E08] b0600 | loss=0.5017 | acc=0.867
[E08] b0610 | loss=0.5120 | acc=0.859
[E08] b0620 | loss=0.5519 | acc=0.867
[E08] b0630 | loss=0.5590 | acc=0.844
[E08] b0640 | loss=0.4747 | acc=0.891
[E08] b0650 | loss=0.5958 | acc=0.812
[E08] b0660 | loss=0.5344 | acc=0.867
[E08] b0670 | loss=0.6244 | acc=0.820
[E08] b0680 | loss=0.4696 | acc=0.883
[E08] b0690 | loss=0.4674 | acc=0.891
[E08] b0700 | loss=0.5102 | acc=0.883
[E08] b0710 | loss=0.6070 | acc=0.820
[E08] b0720 | loss=0.5547 | acc=0.836
[E08] b0730 | loss=0.5507 | acc=0.812
[E08] b0740 | loss=0.5663 | acc=0.836
[E08] b0750 | loss=0.4757 | acc=0.891
[E08] b0760 | loss=0.5494 | acc=0.867
[E08] b0770 | loss=0.4745 | acc=0.891
[E08] b0780 | loss=0.4855 | acc=0.883
[E08] b0790 | loss=0.5368 | acc=0.828
[E08] b0800 | loss=0.5880 | acc=0.852
[E08] b0810 | loss=0.4941 | acc=0.883
[E08] b0820 | loss=0.4463 | acc=0.891
[E08] b0830 | loss=0.5251 | acc=0.859
[E08] b0840 | loss=0.5299 | acc=0.891
[E08] b0850 | loss=0.5240 | acc=0.852
[E08] b0860 | loss=0.5012 | acc=0.859
[E08] b0870 | loss=0.5213 | acc=0.828
[E08] b0880 | loss=0.5005 | acc=0.867
[E08] b0890 | loss=0.5305 | acc=0.852
[E08] b0900 | loss=0.4972 | acc=0.898
[E08] b0910 | loss=0.4600 | acc=0.906
[E08] b0920 | loss=0.5351 | acc=0.844
[E08] b0930 | loss=0.6082 | acc=0.836
[E08] b0940 | loss=0.5398 | acc=0.867
[E08] b0950 | loss=0.5164 | acc=0.867
[E08] b0960 | loss=0.5150 | acc=0.875
[E08] b0970 | loss=0.4903 | acc=0.875
[E08] b0980 | loss=0.4855 | acc=0.891
[E08] b0990 | loss=0.4401 | acc=0.922
[E08] b1000 | loss=0.5033 | acc=0.875
[E08] b1010 | loss=0.5554 | acc=0.844
[E08] b1020 | loss=0.5255 | acc=0.867
[E08] total_loss=514.309 | VAL acc=0.889 | F1=0.727 | kappa=0.788
[E09] b0000 | loss=0.5289 | acc=0.820
[E09] b0010 | loss=0.5844 | acc=0.820
[E09] b0020 | loss=0.5778 | acc=0.820
[E09] b0030 | loss=0.4632 | acc=0.891
[E09] b0040 | loss=0.5309 | acc=0.844
[E09] b0050 | loss=0.4973 | acc=0.852
[E09] b0060 | loss=0.4702 | acc=0.922
[E09] b0070 | loss=0.5456 | acc=0.852
[E09] b0080 | loss=0.5479 | acc=0.867
[E09] b0090 | loss=0.4672 | acc=0.898
[E09] b0100 | loss=0.5067 | acc=0.875
[E09] b0110 | loss=0.4378 | acc=0.898
[E09] b0120 | loss=0.4509 | acc=0.898
[E09] b0130 | loss=0.4489 | acc=0.891
[E09] b0140 | loss=0.6398 | acc=0.820
[E09] b0150 | loss=0.5697 | acc=0.852
[E09] b0160 | loss=0.4968 | acc=0.906
[E09] b0170 | loss=0.5107 | acc=0.852
[E09] b0180 | loss=0.5500 | acc=0.875
[E09] b0190 | loss=0.4891 | acc=0.867
[E09] b0200 | loss=0.5094 | acc=0.898
[E09] b0210 | loss=0.4855 | acc=0.914
[E09] b0220 | loss=0.4855 | acc=0.891
[E09] b0230 | loss=0.4723 | acc=0.891
[E09] b0240 | loss=0.4820 | acc=0.883
[E09] b0250 | loss=0.4133 | acc=0.930
[E09] b0260 | loss=0.4771 | acc=0.883
[E09] b0270 | loss=0.5372 | acc=0.891
[E09] b0280 | loss=0.5679 | acc=0.859
[E09] b0290 | loss=0.5982 | acc=0.875
[E09] b0300 | loss=0.5491 | acc=0.828
[E09] b0310 | loss=0.5758 | acc=0.820
[E09] b0320 | loss=0.5040 | acc=0.859
[E09] b0330 | loss=0.4908 | acc=0.867
[E09] b0340 | loss=0.4822 | acc=0.875
[E09] b0350 | loss=0.4751 | acc=0.867
[E09] b0360 | loss=0.5057 | acc=0.867
[E09] b0370 | loss=0.5360 | acc=0.867
[E09] b0380 | loss=0.4190 | acc=0.938
[E09] b0390 | loss=0.6427 | acc=0.820
[E09] b0400 | loss=0.5233 | acc=0.844
[E09] b0410 | loss=0.4359 | acc=0.883
[E09] b0420 | loss=0.5918 | acc=0.812
[E09] b0430 | loss=0.5823 | acc=0.836
[E09] b0440 | loss=0.4485 | acc=0.914
[E09] b0450 | loss=0.6000 | acc=0.852
[E09] b0460 | loss=0.4819 | acc=0.891
[E09] b0470 | loss=0.4126 | acc=0.898
[E09] b0480 | loss=0.5180 | acc=0.875
[E09] b0490 | loss=0.4091 | acc=0.930
[E09] b0500 | loss=0.4324 | acc=0.914
[E09] b0510 | loss=0.4099 | acc=0.945
[E09] b0520 | loss=0.6487 | acc=0.820
[E09] b0530 | loss=0.4706 | acc=0.906
[E09] b0540 | loss=0.4026 | acc=0.938
[E09] b0550 | loss=0.4597 | acc=0.906
[E09] b0560 | loss=0.4794 | acc=0.875
[E09] b0570 | loss=0.4490 | acc=0.898
[E09] b0580 | loss=0.4630 | acc=0.898
[E09] b0590 | loss=0.4823 | acc=0.852
[E09] b0600 | loss=0.5200 | acc=0.867
[E09] b0610 | loss=0.4239 | acc=0.883
[E09] b0620 | loss=0.4906 | acc=0.898
[E09] b0630 | loss=0.4010 | acc=0.938
[E09] b0640 | loss=0.4847 | acc=0.883
[E09] b0650 | loss=0.4773 | acc=0.914
[E09] b0660 | loss=0.4969 | acc=0.867
[E09] b0670 | loss=0.5414 | acc=0.867
[E09] b0680 | loss=0.4466 | acc=0.930
[E09] b0690 | loss=0.5140 | acc=0.859
[E09] b0700 | loss=0.4437 | acc=0.914
[E09] b0710 | loss=0.5388 | acc=0.852
[E09] b0720 | loss=0.4274 | acc=0.922
[E09] b0730 | loss=0.5337 | acc=0.867
[E09] b0740 | loss=0.4646 | acc=0.875
[E09] b0750 | loss=0.4590 | acc=0.922
[E09] b0760 | loss=0.3886 | acc=0.914
[E09] b0770 | loss=0.5861 | acc=0.844
[E09] b0780 | loss=0.5201 | acc=0.859
[E09] b0790 | loss=0.5138 | acc=0.891
[E09] b0800 | loss=0.4405 | acc=0.906
[E09] b0810 | loss=0.5564 | acc=0.844
[E09] b0820 | loss=0.4583 | acc=0.891
[E09] b0830 | loss=0.4688 | acc=0.883
[E09] b0840 | loss=0.4814 | acc=0.867
[E09] b0850 | loss=0.5013 | acc=0.852
[E09] b0860 | loss=0.4656 | acc=0.883
[E09] b0870 | loss=0.5279 | acc=0.844
[E09] b0880 | loss=0.4569 | acc=0.906
[E09] b0890 | loss=0.5210 | acc=0.852
[E09] b0900 | loss=0.4319 | acc=0.914
[E09] b0910 | loss=0.4811 | acc=0.914
[E09] b0920 | loss=0.4489 | acc=0.906
[E09] b0930 | loss=0.4836 | acc=0.906
[E09] b0940 | loss=0.5365 | acc=0.891
[E09] b0950 | loss=0.5188 | acc=0.844
[E09] b0960 | loss=0.5044 | acc=0.875
[E09] b0970 | loss=0.5150 | acc=0.883
[E09] b0980 | loss=0.4287 | acc=0.930
[E09] b0990 | loss=0.4971 | acc=0.844
[E09] b1000 | loss=0.5412 | acc=0.859
[E09] b1010 | loss=0.5701 | acc=0.805
[E09] b1020 | loss=0.4556 | acc=0.898
[E09] total_loss=502.207 | VAL acc=0.869 | F1=0.682 | kappa=0.748
[E10] b0000 | loss=0.5148 | acc=0.859
[E10] b0010 | loss=0.4548 | acc=0.891
[E10] b0020 | loss=0.4679 | acc=0.898
[E10] b0030 | loss=0.4581 | acc=0.930
[E10] b0040 | loss=0.4381 | acc=0.891
[E10] b0050 | loss=0.4282 | acc=0.922
[E10] b0060 | loss=0.5036 | acc=0.875
[E10] b0070 | loss=0.4690 | acc=0.891
[E10] b0080 | loss=0.4216 | acc=0.930
[E10] b0090 | loss=0.4093 | acc=0.914
[E10] b0100 | loss=0.5354 | acc=0.867
[E10] b0110 | loss=0.4643 | acc=0.898
[E10] b0120 | loss=0.4374 | acc=0.914
[E10] b0130 | loss=0.4262 | acc=0.914
[E10] b0140 | loss=0.4879 | acc=0.875
[E10] b0150 | loss=0.4621 | acc=0.859
[E10] b0160 | loss=0.5094 | acc=0.867
[E10] b0170 | loss=0.5689 | acc=0.844
[E10] b0180 | loss=0.4802 | acc=0.898
[E10] b0190 | loss=0.4822 | acc=0.898
[E10] b0200 | loss=0.4671 | acc=0.898
[E10] b0210 | loss=0.4163 | acc=0.922
[E10] b0220 | loss=0.5098 | acc=0.875
[E10] b0230 | loss=0.4929 | acc=0.898
[E10] b0240 | loss=0.4549 | acc=0.875
[E10] b0250 | loss=0.4621 | acc=0.898
[E10] b0260 | loss=0.4788 | acc=0.875
[E10] b0270 | loss=0.5450 | acc=0.844
[E10] b0280 | loss=0.4231 | acc=0.922
[E10] b0290 | loss=0.4625 | acc=0.914
[E10] b0300 | loss=0.4247 | acc=0.906
[E10] b0310 | loss=0.4980 | acc=0.875
[E10] b0320 | loss=0.4799 | acc=0.906
[E10] b0330 | loss=0.4467 | acc=0.914
[E10] b0340 | loss=0.4121 | acc=0.945
[E10] b0350 | loss=0.4494 | acc=0.891
[E10] b0360 | loss=0.5948 | acc=0.844
[E10] b0370 | loss=0.4259 | acc=0.914
[E10] b0380 | loss=0.4511 | acc=0.875
[E10] b0390 | loss=0.5140 | acc=0.891
[E10] b0400 | loss=0.5496 | acc=0.883
[E10] b0410 | loss=0.5370 | acc=0.883
[E10] b0420 | loss=0.4192 | acc=0.953
[E10] b0430 | loss=0.4389 | acc=0.906
[E10] b0440 | loss=0.4310 | acc=0.891
[E10] b0450 | loss=0.4179 | acc=0.922
[E10] b0460 | loss=0.4821 | acc=0.914
[E10] b0470 | loss=0.5220 | acc=0.867
[E10] b0480 | loss=0.4402 | acc=0.938
[E10] b0490 | loss=0.5420 | acc=0.852
[E10] b0500 | loss=0.4744 | acc=0.906
[E10] b0510 | loss=0.4569 | acc=0.898
[E10] b0520 | loss=0.4476 | acc=0.906
[E10] b0530 | loss=0.4436 | acc=0.930
[E10] b0540 | loss=0.4615 | acc=0.898
[E10] b0550 | loss=0.4229 | acc=0.930
[E10] b0560 | loss=0.4331 | acc=0.906
[E10] b0570 | loss=0.5117 | acc=0.859
[E10] b0580 | loss=0.5224 | acc=0.883
[E10] b0590 | loss=0.4676 | acc=0.891
[E10] b0600 | loss=0.4973 | acc=0.836
[E10] b0610 | loss=0.4845 | acc=0.875
[E10] b0620 | loss=0.4287 | acc=0.930
[E10] b0630 | loss=0.4890 | acc=0.930
[E10] b0640 | loss=0.4592 | acc=0.914
[E10] b0650 | loss=0.4913 | acc=0.898
[E10] b0660 | loss=0.5614 | acc=0.859
[E10] b0670 | loss=0.4132 | acc=0.898
[E10] b0680 | loss=0.4840 | acc=0.883
[E10] b0690 | loss=0.3894 | acc=0.938
[E10] b0700 | loss=0.4652 | acc=0.891
[E10] b0710 | loss=0.4206 | acc=0.914
[E10] b0720 | loss=0.4368 | acc=0.922
[E10] b0730 | loss=0.5335 | acc=0.852
[E10] b0740 | loss=0.5598 | acc=0.844
[E10] b0750 | loss=0.4349 | acc=0.891
[E10] b0760 | loss=0.3882 | acc=0.922
[E10] b0770 | loss=0.4441 | acc=0.914
[E10] b0780 | loss=0.4104 | acc=0.930
[E10] b0790 | loss=0.4408 | acc=0.898
[E10] b0800 | loss=0.5032 | acc=0.859
[E10] b0810 | loss=0.4615 | acc=0.898
[E10] b0820 | loss=0.4418 | acc=0.906
[E10] b0830 | loss=0.4287 | acc=0.914
[E10] b0840 | loss=0.5006 | acc=0.891
[E10] b0850 | loss=0.5419 | acc=0.859
[E10] b0860 | loss=0.4323 | acc=0.906
[E10] b0870 | loss=0.4301 | acc=0.898
[E10] b0880 | loss=0.5164 | acc=0.891
[E10] b0890 | loss=0.5207 | acc=0.852
[E10] b0900 | loss=0.5094 | acc=0.867
[E10] b0910 | loss=0.4446 | acc=0.898
[E10] b0920 | loss=0.4663 | acc=0.898
[E10] b0930 | loss=0.4319 | acc=0.914
[E10] b0940 | loss=0.4598 | acc=0.906
[E10] b0950 | loss=0.4693 | acc=0.875
[E10] b0960 | loss=0.5297 | acc=0.898
[E10] b0970 | loss=0.4362 | acc=0.898
[E10] b0980 | loss=0.4613 | acc=0.914
[E10] b0990 | loss=0.3954 | acc=0.922
[E10] b1000 | loss=0.3900 | acc=0.945
[E10] b1010 | loss=0.4365 | acc=0.891
[E10] b1020 | loss=0.4099 | acc=0.922
[E10] total_loss=480.300 | VAL acc=0.892 | F1=0.721 | kappa=0.789
[E11] b0000 | loss=0.4781 | acc=0.898
[E11] b0010 | loss=0.4872 | acc=0.898
[E11] b0020 | loss=0.5084 | acc=0.867
[E11] b0030 | loss=0.5236 | acc=0.828
[E11] b0040 | loss=0.5662 | acc=0.859
[E11] b0050 | loss=0.4901 | acc=0.891
[E11] b0060 | loss=0.5720 | acc=0.844
[E11] b0070 | loss=0.4902 | acc=0.875
[E11] b0080 | loss=0.6020 | acc=0.836
[E11] b0090 | loss=0.4043 | acc=0.938
[E11] b0100 | loss=0.5399 | acc=0.898
[E11] b0110 | loss=0.3695 | acc=0.945
[E11] b0120 | loss=0.4268 | acc=0.898
[E11] b0130 | loss=0.4634 | acc=0.906
[E11] b0140 | loss=0.4212 | acc=0.898
[E11] b0150 | loss=0.4856 | acc=0.883
[E11] b0160 | loss=0.4842 | acc=0.883
[E11] b0170 | loss=0.4761 | acc=0.844
[E11] b0180 | loss=0.4687 | acc=0.891
[E11] b0190 | loss=0.4167 | acc=0.945
[E11] b0200 | loss=0.5373 | acc=0.836
[E11] b0210 | loss=0.4110 | acc=0.938
[E11] b0220 | loss=0.4745 | acc=0.883
[E11] b0230 | loss=0.3806 | acc=0.961
[E11] b0240 | loss=0.3829 | acc=0.945
[E11] b0250 | loss=0.4643 | acc=0.922
[E11] b0260 | loss=0.4119 | acc=0.930
[E11] b0270 | loss=0.3828 | acc=0.938
[E11] b0280 | loss=0.5082 | acc=0.875
[E11] b0290 | loss=0.4893 | acc=0.891
[E11] b0300 | loss=0.5138 | acc=0.883
[E11] b0310 | loss=0.4011 | acc=0.922
[E11] b0320 | loss=0.4559 | acc=0.914
[E11] b0330 | loss=0.4463 | acc=0.883
[E11] b0340 | loss=0.4249 | acc=0.922
[E11] b0350 | loss=0.4630 | acc=0.883
[E11] b0360 | loss=0.5337 | acc=0.891
[E11] b0370 | loss=0.5104 | acc=0.859
[E11] b0380 | loss=0.5172 | acc=0.867
[E11] b0390 | loss=0.5094 | acc=0.867
[E11] b0400 | loss=0.4178 | acc=0.930
[E11] b0410 | loss=0.4193 | acc=0.922
[E11] b0420 | loss=0.4380 | acc=0.914
[E11] b0430 | loss=0.4156 | acc=0.930
[E11] b0440 | loss=0.4221 | acc=0.914
[E11] b0450 | loss=0.4605 | acc=0.906
[E11] b0460 | loss=0.4870 | acc=0.859
[E11] b0470 | loss=0.5015 | acc=0.859
[E11] b0480 | loss=0.4262 | acc=0.922
[E11] b0490 | loss=0.4364 | acc=0.914
[E11] b0500 | loss=0.4030 | acc=0.930
[E11] b0510 | loss=0.4443 | acc=0.914
[E11] b0520 | loss=0.4027 | acc=0.922
[E11] b0530 | loss=0.3991 | acc=0.906
[E11] b0540 | loss=0.3785 | acc=0.938
[E11] b0550 | loss=0.3972 | acc=0.945
[E11] b0560 | loss=0.3975 | acc=0.914
[E11] b0570 | loss=0.3668 | acc=0.945
[E11] b0580 | loss=0.4638 | acc=0.914
[E11] b0590 | loss=0.5174 | acc=0.852
[E11] b0600 | loss=0.4584 | acc=0.898
[E11] b0610 | loss=0.4338 | acc=0.906
[E11] b0620 | loss=0.5028 | acc=0.898
[E11] b0630 | loss=0.5936 | acc=0.844
[E11] b0640 | loss=0.4084 | acc=0.938
[E11] b0650 | loss=0.4477 | acc=0.922
[E11] b0660 | loss=0.4454 | acc=0.906
[E11] b0670 | loss=0.5246 | acc=0.859
[E11] b0680 | loss=0.4273 | acc=0.898
[E11] b0690 | loss=0.4603 | acc=0.898
[E11] b0700 | loss=0.4299 | acc=0.914
[E11] b0710 | loss=0.5112 | acc=0.875
[E11] b0720 | loss=0.5171 | acc=0.875
[E11] b0730 | loss=0.4556 | acc=0.914
[E11] b0740 | loss=0.4925 | acc=0.883
[E11] b0750 | loss=0.4743 | acc=0.906
[E11] b0760 | loss=0.3798 | acc=0.938
[E11] b0770 | loss=0.4298 | acc=0.914
[E11] b0780 | loss=0.4199 | acc=0.914
[E11] b0790 | loss=0.3438 | acc=0.945
[E11] b0800 | loss=0.4806 | acc=0.844
[E11] b0810 | loss=0.3997 | acc=0.922
[E11] b0820 | loss=0.4079 | acc=0.938
[E11] b0830 | loss=0.4476 | acc=0.883
[E11] b0840 | loss=0.4683 | acc=0.914
[E11] b0850 | loss=0.4853 | acc=0.898
[E11] b0860 | loss=0.4218 | acc=0.914
[E11] b0870 | loss=0.3778 | acc=0.930
[E11] b0880 | loss=0.4401 | acc=0.922
[E11] b0890 | loss=0.4562 | acc=0.914
[E11] b0900 | loss=0.3518 | acc=0.953
[E11] b0910 | loss=0.4199 | acc=0.930
[E11] b0920 | loss=0.4844 | acc=0.875
[E11] b0930 | loss=0.3630 | acc=0.953
[E11] b0940 | loss=0.4860 | acc=0.898
[E11] b0950 | loss=0.4691 | acc=0.875
[E11] b0960 | loss=0.4244 | acc=0.898
[E11] b0970 | loss=0.5057 | acc=0.875
[E11] b0980 | loss=0.4710 | acc=0.898
[E11] b0990 | loss=0.4858 | acc=0.922
[E11] b1000 | loss=0.5142 | acc=0.883
[E11] b1010 | loss=0.4320 | acc=0.938
[E11] b1020 | loss=0.4873 | acc=0.906
[E11] total_loss=475.824 | VAL acc=0.883 | F1=0.709 | kappa=0.773
[STOP] Early stopping (no improvement)
=== TRAIN DONE ===
