Python 3.10.12
Wed Nov  5 13:43:44 2025       
+-----------------------------------------------------------------------------------------+
| NVIDIA-SMI 550.144.03             Driver Version: 550.144.03     CUDA Version: 12.4     |
|-----------------------------------------+------------------------+----------------------+
| GPU  Name                 Persistence-M | Bus-Id          Disp.A | Volatile Uncorr. ECC |
| Fan  Temp   Perf          Pwr:Usage/Cap |           Memory-Usage | GPU-Util  Compute M. |
|                                         |                        |               MIG M. |
|=========================================+========================+======================|
|   0  Tesla V100-SXM2-32GB           On  |   00000000:0A:00.0 Off |                    0 |
| N/A   33C    P0             41W /  300W |       1MiB /  32768MiB |      0%      Default |
|                                         |                        |                  N/A |
+-----------------------------------------+------------------------+----------------------+
                                                                                         
+-----------------------------------------------------------------------------------------+
| Processes:                                                                              |
|  GPU   GI   CI        PID   Type   Process name                              GPU Memory |
|        ID   ID                                                               Usage      |
|=========================================================================================|
|  No running processes found                                                             |
+-----------------------------------------------------------------------------------------+
/scratch/lustre/home/viju8335/projects/sleep-staging-bsc/.venv/bin/python
Package                  Version
------------------------ -----------
certifi                  2025.10.5
charset-normalizer       3.4.4
contourpy                1.3.2
cycler                   0.12.1
decorator                5.2.1
filelock                 3.20.0
fonttools                4.60.1
fsspec                   2025.10.0
