[CV] k=10 fold=5
[CV] TRAIN subjects (45): ['SC4011E0', 'SC4012E0', 'SC4021E0', 'SC4022E0', 'SC4031E0'] ...
[CV] VAL   subjects (1):   ['SC4002E0']
[CV] TEST  subjects (5):  ['SC4001E0', 'SC4052E0', 'SC4141E0', 'SC4172E0', 'SC4231E0'] ...
=== DEVICE: cuda ===
=== START TRAIN (CV fold) ===
[F5] [E01] batch 0000 | loss=1.6680 | acc=0.172
[F5] [E01] batch 0010 | loss=1.5271 | acc=0.266
[F5] [E01] batch 0020 | loss=1.4211 | acc=0.480
[F5] [E01] batch 0030 | loss=1.3387 | acc=0.512
[F5] [E01] batch 0040 | loss=1.2847 | acc=0.574
[F5] [E01] batch 0050 | loss=1.2455 | acc=0.547
[F5] [E01] batch 0060 | loss=1.2075 | acc=0.574
[F5] [E01] batch 0070 | loss=1.1616 | acc=0.570
[F5] [E01] batch 0080 | loss=1.1270 | acc=0.559
[F5] [E01] batch 0090 | loss=1.1151 | acc=0.562
[F5] [E01] batch 0100 | loss=1.0196 | acc=0.660
[F5] [E01] batch 0110 | loss=1.0323 | acc=0.633
[F5] [E01] batch 0120 | loss=1.0072 | acc=0.652
[F5] [E01] batch 0130 | loss=0.9298 | acc=0.719
[F5] [E01] batch 0140 | loss=0.9837 | acc=0.656
[F5] [E01] batch 0150 | loss=0.9703 | acc=0.656
[F5] [E01] batch 0160 | loss=0.8971 | acc=0.703
[F5] [E01] batch 0170 | loss=0.8843 | acc=0.734
[F5] [E01] batch 0180 | loss=0.8849 | acc=0.711
[F5] [E01] batch 0190 | loss=0.8539 | acc=0.730
[F5] [E01] batch 0200 | loss=0.9033 | acc=0.676
[F5] [E01] batch 0210 | loss=0.8404 | acc=0.754
[F5] [E01] batch 0220 | loss=0.8214 | acc=0.723
[F5] [E01] batch 0230 | loss=0.8433 | acc=0.758
[F5] [E01] batch 0240 | loss=0.9017 | acc=0.672
[F5] [E01] batch 0250 | loss=0.8116 | acc=0.738
[F5] [E01] batch 0260 | loss=0.7835 | acc=0.773
[F5] [E01] batch 0270 | loss=0.8181 | acc=0.723
[F5] [E01] batch 0280 | loss=0.8128 | acc=0.750
[F5] [E01] batch 0290 | loss=0.7851 | acc=0.766
[F5] [E01] batch 0300 | loss=0.7767 | acc=0.777
[F5] [E01] batch 0310 | loss=0.8627 | acc=0.684
[F5] [E01] batch 0320 | loss=0.8684 | acc=0.699
[F5] [E01] batch 0330 | loss=0.8316 | acc=0.727
[F5] [E01] batch 0340 | loss=0.7424 | acc=0.789
[F5] [E01] batch 0350 | loss=0.7938 | acc=0.742
[F5] [E01] batch 0360 | loss=0.7617 | acc=0.762
[F5] [E01] batch 0370 | loss=0.8593 | acc=0.715
[F5] [E01] batch 0380 | loss=0.7267 | acc=0.801
[F5] [E01] batch 0390 | loss=0.8206 | acc=0.711
[F5] [E01] batch 0400 | loss=0.7871 | acc=0.766
[F5] [E01] batch 0410 | loss=0.7761 | acc=0.750
[F5] [E01] batch 0420 | loss=0.7696 | acc=0.770
[F5] [E01] batch 0430 | loss=0.8216 | acc=0.707
[F5] [E01] batch 0440 | loss=0.7683 | acc=0.746
[F5] [E01] batch 0450 | loss=0.8371 | acc=0.742
[F5] [E01] batch 0460 | loss=0.7756 | acc=0.730
[F5] [E01] batch 0470 | loss=0.7999 | acc=0.727
[F5] [E01] total_loss=449.956 | VAL acc=0.891 | F1=0.705 | kappa=0.800
[SAVE] best fold=5 (by VAL F1)
[F5] [E02] batch 0000 | loss=0.8042 | acc=0.742
[F5] [E02] batch 0010 | loss=0.7542 | acc=0.762
[F5] [E02] batch 0020 | loss=0.7710 | acc=0.754
[F5] [E02] batch 0030 | loss=0.7624 | acc=0.762
[F5] [E02] batch 0040 | loss=0.7523 | acc=0.758
[F5] [E02] batch 0050 | loss=0.7736 | acc=0.730
[F5] [E02] batch 0060 | loss=0.7330 | acc=0.801
[F5] [E02] batch 0070 | loss=0.7785 | acc=0.738
[F5] [E02] batch 0080 | loss=0.7694 | acc=0.758
[F5] [E02] batch 0090 | loss=0.7501 | acc=0.793
[F5] [E02] batch 0100 | loss=0.6943 | acc=0.789
[F5] [E02] batch 0110 | loss=0.7762 | acc=0.723
[F5] [E02] batch 0120 | loss=0.8328 | acc=0.703
[F5] [E02] batch 0130 | loss=0.7367 | acc=0.793
[F5] [E02] batch 0140 | loss=0.7372 | acc=0.754
[F5] [E02] batch 0150 | loss=0.7557 | acc=0.754
[F5] [E02] batch 0160 | loss=0.7562 | acc=0.777
[F5] [E02] batch 0170 | loss=0.8118 | acc=0.738
[F5] [E02] batch 0180 | loss=0.7615 | acc=0.750
[F5] [E02] batch 0190 | loss=0.7684 | acc=0.734
[F5] [E02] batch 0200 | loss=0.7727 | acc=0.734
[F5] [E02] batch 0210 | loss=0.7360 | acc=0.789
[F5] [E02] batch 0220 | loss=0.7859 | acc=0.746
[F5] [E02] batch 0230 | loss=0.7425 | acc=0.770
[F5] [E02] batch 0240 | loss=0.7658 | acc=0.770
[F5] [E02] batch 0250 | loss=0.7395 | acc=0.773
[F5] [E02] batch 0260 | loss=0.7683 | acc=0.746
[F5] [E02] batch 0270 | loss=0.8116 | acc=0.715
[F5] [E02] batch 0280 | loss=0.7638 | acc=0.730
[F5] [E02] batch 0290 | loss=0.7639 | acc=0.766
[F5] [E02] batch 0300 | loss=0.6934 | acc=0.797
[F5] [E02] batch 0310 | loss=0.7295 | acc=0.754
[F5] [E02] batch 0320 | loss=0.7650 | acc=0.754
[F5] [E02] batch 0330 | loss=0.6853 | acc=0.785
[F5] [E02] batch 0340 | loss=0.7743 | acc=0.758
[F5] [E02] batch 0350 | loss=0.7611 | acc=0.770
[F5] [E02] batch 0360 | loss=0.7126 | acc=0.777
[F5] [E02] batch 0370 | loss=0.7524 | acc=0.750
[F5] [E02] batch 0380 | loss=0.7464 | acc=0.773
[F5] [E02] batch 0390 | loss=0.8129 | acc=0.734
[F5] [E02] batch 0400 | loss=0.7100 | acc=0.758
[F5] [E02] batch 0410 | loss=0.7361 | acc=0.770
[F5] [E02] batch 0420 | loss=0.6816 | acc=0.793
[F5] [E02] batch 0430 | loss=0.7422 | acc=0.773
[F5] [E02] batch 0440 | loss=0.6830 | acc=0.805
[F5] [E02] batch 0450 | loss=0.7835 | acc=0.758
[F5] [E02] batch 0460 | loss=0.7214 | acc=0.777
[F5] [E02] batch 0470 | loss=0.7794 | acc=0.762
[F5] [E02] total_loss=360.805 | VAL acc=0.917 | F1=0.726 | kappa=0.845
[SAVE] best fold=5 (by VAL F1)
[F5] [E03] batch 0000 | loss=0.8125 | acc=0.762
[F5] [E03] batch 0010 | loss=0.7690 | acc=0.738
[F5] [E03] batch 0020 | loss=0.7001 | acc=0.805
[F5] [E03] batch 0030 | loss=0.7818 | acc=0.750
[F5] [E03] batch 0040 | loss=0.7796 | acc=0.719
[F5] [E03] batch 0050 | loss=0.7329 | acc=0.777
[F5] [E03] batch 0060 | loss=0.7952 | acc=0.754
[F5] [E03] batch 0070 | loss=0.7299 | acc=0.781
[F5] [E03] batch 0080 | loss=0.6308 | acc=0.805
[F5] [E03] batch 0090 | loss=0.7197 | acc=0.785
[F5] [E03] batch 0100 | loss=0.7031 | acc=0.766
[F5] [E03] batch 0110 | loss=0.7272 | acc=0.766
[F5] [E03] batch 0120 | loss=0.7496 | acc=0.789
[F5] [E03] batch 0130 | loss=0.7368 | acc=0.773
[F5] [E03] batch 0140 | loss=0.7374 | acc=0.777
[F5] [E03] batch 0150 | loss=0.7291 | acc=0.766
[F5] [E03] batch 0160 | loss=0.6799 | acc=0.781
[F5] [E03] batch 0170 | loss=0.7028 | acc=0.785
[F5] [E03] batch 0180 | loss=0.7748 | acc=0.746
[F5] [E03] batch 0190 | loss=0.7198 | acc=0.758
[F5] [E03] batch 0200 | loss=0.7229 | acc=0.793
[F5] [E03] batch 0210 | loss=0.6988 | acc=0.781
[F5] [E03] batch 0220 | loss=0.7533 | acc=0.766
[F5] [E03] batch 0230 | loss=0.7380 | acc=0.770
[F5] [E03] batch 0240 | loss=0.7163 | acc=0.785
[F5] [E03] batch 0250 | loss=0.7037 | acc=0.793
[F5] [E03] batch 0260 | loss=0.7095 | acc=0.797
[F5] [E03] batch 0270 | loss=0.6834 | acc=0.793
[F5] [E03] batch 0280 | loss=0.7152 | acc=0.758
[F5] [E03] batch 0290 | loss=0.6755 | acc=0.801
[F5] [E03] batch 0300 | loss=0.6841 | acc=0.777
[F5] [E03] batch 0310 | loss=0.7348 | acc=0.770
[F5] [E03] batch 0320 | loss=0.7159 | acc=0.828
[F5] [E03] batch 0330 | loss=0.7471 | acc=0.762
[F5] [E03] batch 0340 | loss=0.7209 | acc=0.742
[F5] [E03] batch 0350 | loss=0.7438 | acc=0.770
[F5] [E03] batch 0360 | loss=0.7208 | acc=0.785
[F5] [E03] batch 0370 | loss=0.6507 | acc=0.816
[F5] [E03] batch 0380 | loss=0.7728 | acc=0.707
[F5] [E03] batch 0390 | loss=0.7201 | acc=0.797
[F5] [E03] batch 0400 | loss=0.7173 | acc=0.758
[F5] [E03] batch 0410 | loss=0.7424 | acc=0.762
[F5] [E03] batch 0420 | loss=0.6778 | acc=0.789
[F5] [E03] batch 0430 | loss=0.6762 | acc=0.816
[F5] [E03] batch 0440 | loss=0.7262 | acc=0.770
[F5] [E03] batch 0450 | loss=0.7363 | acc=0.758
[F5] [E03] batch 0460 | loss=0.7376 | acc=0.762
[F5] [E03] batch 0470 | loss=0.8063 | acc=0.727
[F5] [E03] total_loss=348.404 | VAL acc=0.928 | F1=0.772 | kappa=0.866
[SAVE] best fold=5 (by VAL F1)
[F5] [E04] batch 0000 | loss=0.7191 | acc=0.785
[F5] [E04] batch 0010 | loss=0.7131 | acc=0.777
[F5] [E04] batch 0020 | loss=0.6649 | acc=0.812
[F5] [E04] batch 0030 | loss=0.7529 | acc=0.793
[F5] [E04] batch 0040 | loss=0.7033 | acc=0.785
[F5] [E04] batch 0050 | loss=0.7514 | acc=0.789
[F5] [E04] batch 0060 | loss=0.6971 | acc=0.781
[F5] [E04] batch 0070 | loss=0.7438 | acc=0.789
[F5] [E04] batch 0080 | loss=0.6844 | acc=0.785
[F5] [E04] batch 0090 | loss=0.6844 | acc=0.836
[F5] [E04] batch 0100 | loss=0.7527 | acc=0.777
[F5] [E04] batch 0110 | loss=0.7017 | acc=0.781
[F5] [E04] batch 0120 | loss=0.7140 | acc=0.781
[F5] [E04] batch 0130 | loss=0.7586 | acc=0.738
[F5] [E04] batch 0140 | loss=0.7536 | acc=0.781
[F5] [E04] batch 0150 | loss=0.7473 | acc=0.781
[F5] [E04] batch 0160 | loss=0.6966 | acc=0.785
[F5] [E04] batch 0170 | loss=0.7186 | acc=0.785
[F5] [E04] batch 0180 | loss=0.7859 | acc=0.734
[F5] [E04] batch 0190 | loss=0.6914 | acc=0.785
[F5] [E04] batch 0200 | loss=0.7580 | acc=0.762
[F5] [E04] batch 0210 | loss=0.7285 | acc=0.777
[F5] [E04] batch 0220 | loss=0.6934 | acc=0.812
[F5] [E04] batch 0230 | loss=0.7340 | acc=0.781
[F5] [E04] batch 0240 | loss=0.7426 | acc=0.770
[F5] [E04] batch 0250 | loss=0.7099 | acc=0.773
[F5] [E04] batch 0260 | loss=0.7077 | acc=0.754
[F5] [E04] batch 0270 | loss=0.7589 | acc=0.758
[F5] [E04] batch 0280 | loss=0.6463 | acc=0.824
[F5] [E04] batch 0290 | loss=0.6871 | acc=0.797
[F5] [E04] batch 0300 | loss=0.6915 | acc=0.801
[F5] [E04] batch 0310 | loss=0.6378 | acc=0.805
[F5] [E04] batch 0320 | loss=0.7174 | acc=0.770
[F5] [E04] batch 0330 | loss=0.7247 | acc=0.770
[F5] [E04] batch 0340 | loss=0.7412 | acc=0.773
[F5] [E04] batch 0350 | loss=0.7453 | acc=0.742
[F5] [E04] batch 0360 | loss=0.7414 | acc=0.762
[F5] [E04] batch 0370 | loss=0.6910 | acc=0.781
[F5] [E04] batch 0380 | loss=0.6570 | acc=0.797
[F5] [E04] batch 0390 | loss=0.7188 | acc=0.742
[F5] [E04] batch 0400 | loss=0.7638 | acc=0.742
[F5] [E04] batch 0410 | loss=0.7112 | acc=0.773
[F5] [E04] batch 0420 | loss=0.7033 | acc=0.785
[F5] [E04] batch 0430 | loss=0.7718 | acc=0.734
[F5] [E04] batch 0440 | loss=0.6563 | acc=0.801
[F5] [E04] batch 0450 | loss=0.6675 | acc=0.820
[F5] [E04] batch 0460 | loss=0.6776 | acc=0.766
[F5] [E04] batch 0470 | loss=0.7429 | acc=0.742
[F5] [E04] total_loss=342.904 | VAL acc=0.903 | F1=0.723 | kappa=0.821
[F5] [E05] batch 0000 | loss=0.7275 | acc=0.766
[F5] [E05] batch 0010 | loss=0.7096 | acc=0.773
[F5] [E05] batch 0020 | loss=0.7023 | acc=0.812
[F5] [E05] batch 0030 | loss=0.6723 | acc=0.781
[F5] [E05] batch 0040 | loss=0.6959 | acc=0.781
[F5] [E05] batch 0050 | loss=0.7048 | acc=0.789
[F5] [E05] batch 0060 | loss=0.6518 | acc=0.840
[F5] [E05] batch 0070 | loss=0.7601 | acc=0.750
[F5] [E05] batch 0080 | loss=0.7271 | acc=0.789
[F5] [E05] batch 0090 | loss=0.7343 | acc=0.766
[F5] [E05] batch 0100 | loss=0.7272 | acc=0.781
[F5] [E05] batch 0110 | loss=0.6339 | acc=0.844
[F5] [E05] batch 0120 | loss=0.6612 | acc=0.789
[F5] [E05] batch 0130 | loss=0.6911 | acc=0.801
[F5] [E05] batch 0140 | loss=0.7326 | acc=0.758
[F5] [E05] batch 0150 | loss=0.6967 | acc=0.777
[F5] [E05] batch 0160 | loss=0.7254 | acc=0.781
[F5] [E05] batch 0170 | loss=0.6336 | acc=0.820
[F5] [E05] batch 0180 | loss=0.7292 | acc=0.762
[F5] [E05] batch 0190 | loss=0.6721 | acc=0.805
[F5] [E05] batch 0200 | loss=0.7761 | acc=0.766
[F5] [E05] batch 0210 | loss=0.7271 | acc=0.777
[F5] [E05] batch 0220 | loss=0.6732 | acc=0.805
[F5] [E05] batch 0230 | loss=0.6973 | acc=0.785
[F5] [E05] batch 0240 | loss=0.6702 | acc=0.809
[F5] [E05] batch 0250 | loss=0.6444 | acc=0.816
[F5] [E05] batch 0260 | loss=0.7564 | acc=0.766
[F5] [E05] batch 0270 | loss=0.6954 | acc=0.809
[F5] [E05] batch 0280 | loss=0.6155 | acc=0.836
[F5] [E05] batch 0290 | loss=0.7015 | acc=0.777
[F5] [E05] batch 0300 | loss=0.7182 | acc=0.793
[F5] [E05] batch 0310 | loss=0.7362 | acc=0.770
[F5] [E05] batch 0320 | loss=0.6817 | acc=0.820
[F5] [E05] batch 0330 | loss=0.6511 | acc=0.840
[F5] [E05] batch 0340 | loss=0.7252 | acc=0.770
[F5] [E05] batch 0350 | loss=0.6952 | acc=0.793
[F5] [E05] batch 0360 | loss=0.6423 | acc=0.805
[F5] [E05] batch 0370 | loss=0.7666 | acc=0.742
[F5] [E05] batch 0380 | loss=0.6841 | acc=0.793
[F5] [E05] batch 0390 | loss=0.6863 | acc=0.781
[F5] [E05] batch 0400 | loss=0.6443 | acc=0.840
[F5] [E05] batch 0410 | loss=0.7087 | acc=0.828
[F5] [E05] batch 0420 | loss=0.7037 | acc=0.797
[F5] [E05] batch 0430 | loss=0.7649 | acc=0.742
[F5] [E05] batch 0440 | loss=0.7428 | acc=0.777
[F5] [E05] batch 0450 | loss=0.7413 | acc=0.754
[F5] [E05] batch 0460 | loss=0.6943 | acc=0.797
[F5] [E05] batch 0470 | loss=0.7774 | acc=0.754
[F5] [E05] total_loss=337.899 | VAL acc=0.905 | F1=0.725 | kappa=0.826
[F5] [E06] batch 0000 | loss=0.6910 | acc=0.754
[F5] [E06] batch 0010 | loss=0.7202 | acc=0.762
[F5] [E06] batch 0020 | loss=0.7239 | acc=0.777
[F5] [E06] batch 0030 | loss=0.7143 | acc=0.770
[F5] [E06] batch 0040 | loss=0.6744 | acc=0.816
[F5] [E06] batch 0050 | loss=0.7068 | acc=0.809
[F5] [E06] batch 0060 | loss=0.7483 | acc=0.777
[F5] [E06] batch 0070 | loss=0.6432 | acc=0.812
[F5] [E06] batch 0080 | loss=0.6829 | acc=0.812
[F5] [E06] batch 0090 | loss=0.7519 | acc=0.770
[F5] [E06] batch 0100 | loss=0.6527 | acc=0.801
[F5] [E06] batch 0110 | loss=0.7700 | acc=0.762
[F5] [E06] batch 0120 | loss=0.6690 | acc=0.801
[F5] [E06] batch 0130 | loss=0.6861 | acc=0.797
[F5] [E06] batch 0140 | loss=0.7165 | acc=0.789
[F5] [E06] batch 0150 | loss=0.7229 | acc=0.762
[F5] [E06] batch 0160 | loss=0.7485 | acc=0.781
[F5] [E06] batch 0170 | loss=0.6907 | acc=0.793
[F5] [E06] batch 0180 | loss=0.7097 | acc=0.801
[F5] [E06] batch 0190 | loss=0.7857 | acc=0.766
[F5] [E06] batch 0200 | loss=0.6743 | acc=0.816
[F5] [E06] batch 0210 | loss=0.7189 | acc=0.801
[F5] [E06] batch 0220 | loss=0.7220 | acc=0.770
[F5] [E06] batch 0230 | loss=0.7104 | acc=0.773
[F5] [E06] batch 0240 | loss=0.7271 | acc=0.781
[F5] [E06] batch 0250 | loss=0.7167 | acc=0.773
[F5] [E06] batch 0260 | loss=0.6728 | acc=0.805
[F5] [E06] batch 0270 | loss=0.7056 | acc=0.789
[F5] [E06] batch 0280 | loss=0.6332 | acc=0.820
[F5] [E06] batch 0290 | loss=0.6724 | acc=0.785
[F5] [E06] batch 0300 | loss=0.6891 | acc=0.824
[F5] [E06] batch 0310 | loss=0.7689 | acc=0.754
[F5] [E06] batch 0320 | loss=0.7352 | acc=0.777
[F5] [E06] batch 0330 | loss=0.6933 | acc=0.789
[F5] [E06] batch 0340 | loss=0.7069 | acc=0.773
[F5] [E06] batch 0350 | loss=0.6769 | acc=0.805
[F5] [E06] batch 0360 | loss=0.7416 | acc=0.746
[F5] [E06] batch 0370 | loss=0.6737 | acc=0.789
[F5] [E06] batch 0380 | loss=0.6693 | acc=0.816
[F5] [E06] batch 0390 | loss=0.7601 | acc=0.766
[F5] [E06] batch 0400 | loss=0.7665 | acc=0.750
[F5] [E06] batch 0410 | loss=0.7240 | acc=0.809
[F5] [E06] batch 0420 | loss=0.6778 | acc=0.801
[F5] [E06] batch 0430 | loss=0.6882 | acc=0.805
[F5] [E06] batch 0440 | loss=0.7218 | acc=0.785
[F5] [E06] batch 0450 | loss=0.7447 | acc=0.754
[F5] [E06] batch 0460 | loss=0.6559 | acc=0.820
[F5] [E06] batch 0470 | loss=0.6611 | acc=0.805
[F5] [E06] total_loss=335.033 | VAL acc=0.920 | F1=0.755 | kappa=0.852
[F5] [E07] batch 0000 | loss=0.7479 | acc=0.797
[F5] [E07] batch 0010 | loss=0.6199 | acc=0.844
[F5] [E07] batch 0020 | loss=0.6849 | acc=0.812
[F5] [E07] batch 0030 | loss=0.6475 | acc=0.844
[F5] [E07] batch 0040 | loss=0.6499 | acc=0.816
[F5] [E07] batch 0050 | loss=0.7223 | acc=0.793
[F5] [E07] batch 0060 | loss=0.7276 | acc=0.766
[F5] [E07] batch 0070 | loss=0.6646 | acc=0.809
[F5] [E07] batch 0080 | loss=0.7275 | acc=0.723
[F5] [E07] batch 0090 | loss=0.6874 | acc=0.789
[F5] [E07] batch 0100 | loss=0.6746 | acc=0.785
[F5] [E07] batch 0110 | loss=0.6863 | acc=0.773
[F5] [E07] batch 0120 | loss=0.6807 | acc=0.832
[F5] [E07] batch 0130 | loss=0.6586 | acc=0.801
[F5] [E07] batch 0140 | loss=0.7108 | acc=0.805
[F5] [E07] batch 0150 | loss=0.7045 | acc=0.805
[F5] [E07] batch 0160 | loss=0.6669 | acc=0.816
[F5] [E07] batch 0170 | loss=0.6549 | acc=0.816
[F5] [E07] batch 0180 | loss=0.7285 | acc=0.758
[F5] [E07] batch 0190 | loss=0.6568 | acc=0.820
[F5] [E07] batch 0200 | loss=0.7400 | acc=0.766
[F5] [E07] batch 0210 | loss=0.7144 | acc=0.797
[F5] [E07] batch 0220 | loss=0.6451 | acc=0.828
[F5] [E07] batch 0230 | loss=0.6990 | acc=0.781
[F5] [E07] batch 0240 | loss=0.6972 | acc=0.766
[F5] [E07] batch 0250 | loss=0.8188 | acc=0.719
[F5] [E07] batch 0260 | loss=0.7123 | acc=0.773
[F5] [E07] batch 0270 | loss=0.7146 | acc=0.785
[F5] [E07] batch 0280 | loss=0.7214 | acc=0.754
[F5] [E07] batch 0290 | loss=0.6897 | acc=0.793
[F5] [E07] batch 0300 | loss=0.7248 | acc=0.762
[F5] [E07] batch 0310 | loss=0.6656 | acc=0.809
[F5] [E07] batch 0320 | loss=0.6829 | acc=0.781
[F5] [E07] batch 0330 | loss=0.7968 | acc=0.746
[F5] [E07] batch 0340 | loss=0.7580 | acc=0.754
[F5] [E07] batch 0350 | loss=0.6678 | acc=0.812
[F5] [E07] batch 0360 | loss=0.7182 | acc=0.797
[F5] [E07] batch 0370 | loss=0.6613 | acc=0.805
[F5] [E07] batch 0380 | loss=0.6737 | acc=0.820
[F5] [E07] batch 0390 | loss=0.6926 | acc=0.816
[F5] [E07] batch 0400 | loss=0.7503 | acc=0.758
[F5] [E07] batch 0410 | loss=0.7376 | acc=0.758
[F5] [E07] batch 0420 | loss=0.6350 | acc=0.840
[F5] [E07] batch 0430 | loss=0.6750 | acc=0.820
[F5] [E07] batch 0440 | loss=0.6517 | acc=0.812
[F5] [E07] batch 0450 | loss=0.6415 | acc=0.852
[F5] [E07] batch 0460 | loss=0.6874 | acc=0.797
[F5] [E07] batch 0470 | loss=0.7597 | acc=0.766
[F5] [E07] total_loss=330.446 | VAL acc=0.925 | F1=0.769 | kappa=0.861
[F5] [E08] batch 0000 | loss=0.6986 | acc=0.789
[F5] [E08] batch 0010 | loss=0.6722 | acc=0.801
[F5] [E08] batch 0020 | loss=0.6525 | acc=0.820
[F5] [E08] batch 0030 | loss=0.6971 | acc=0.789
[F5] [E08] batch 0040 | loss=0.7519 | acc=0.766
[F5] [E08] batch 0050 | loss=0.6846 | acc=0.797
[F5] [E08] batch 0060 | loss=0.6592 | acc=0.781
[F5] [E08] batch 0070 | loss=0.7328 | acc=0.738
[F5] [E08] batch 0080 | loss=0.6954 | acc=0.785
[F5] [E08] batch 0090 | loss=0.6982 | acc=0.773
[F5] [E08] batch 0100 | loss=0.6706 | acc=0.781
[F5] [E08] batch 0110 | loss=0.6908 | acc=0.801
[F5] [E08] batch 0120 | loss=0.6968 | acc=0.797
[F5] [E08] batch 0130 | loss=0.6740 | acc=0.820
[F5] [E08] batch 0140 | loss=0.6878 | acc=0.797
[F5] [E08] batch 0150 | loss=0.6819 | acc=0.793
[F5] [E08] batch 0160 | loss=0.6470 | acc=0.801
[F5] [E08] batch 0170 | loss=0.6139 | acc=0.816
[F5] [E08] batch 0180 | loss=0.6971 | acc=0.801
[F5] [E08] batch 0190 | loss=0.6348 | acc=0.801
[F5] [E08] batch 0200 | loss=0.6420 | acc=0.809
[F5] [E08] batch 0210 | loss=0.7012 | acc=0.805
[F5] [E08] batch 0220 | loss=0.6453 | acc=0.820
[F5] [E08] batch 0230 | loss=0.6666 | acc=0.812
[F5] [E08] batch 0240 | loss=0.6550 | acc=0.820
[F5] [E08] batch 0250 | loss=0.6935 | acc=0.766
[F5] [E08] batch 0260 | loss=0.7610 | acc=0.766
[F5] [E08] batch 0270 | loss=0.6504 | acc=0.812
[F5] [E08] batch 0280 | loss=0.6817 | acc=0.789
[F5] [E08] batch 0290 | loss=0.7270 | acc=0.762
[F5] [E08] batch 0300 | loss=0.6643 | acc=0.828
[F5] [E08] batch 0310 | loss=0.6499 | acc=0.816
[F5] [E08] batch 0320 | loss=0.6524 | acc=0.836
[F5] [E08] batch 0330 | loss=0.6904 | acc=0.773
[F5] [E08] batch 0340 | loss=0.6828 | acc=0.820
[F5] [E08] batch 0350 | loss=0.7069 | acc=0.777
[F5] [E08] batch 0360 | loss=0.7268 | acc=0.754
[F5] [E08] batch 0370 | loss=0.6359 | acc=0.801
[F5] [E08] batch 0380 | loss=0.6510 | acc=0.812
[F5] [E08] batch 0390 | loss=0.7022 | acc=0.762
[F5] [E08] batch 0400 | loss=0.6790 | acc=0.805
[F5] [E08] batch 0410 | loss=0.7483 | acc=0.750
[F5] [E08] batch 0420 | loss=0.7382 | acc=0.770
[F5] [E08] batch 0430 | loss=0.6682 | acc=0.789
[F5] [E08] batch 0440 | loss=0.6951 | acc=0.793
[F5] [E08] batch 0450 | loss=0.6743 | acc=0.816
[F5] [E08] batch 0460 | loss=0.6649 | acc=0.820
[F5] [E08] batch 0470 | loss=0.6692 | acc=0.801
[F5] [E08] total_loss=327.788 | VAL acc=0.916 | F1=0.757 | kappa=0.844
[F5] [E09] batch 0000 | loss=0.6216 | acc=0.867
[F5] [E09] batch 0010 | loss=0.6542 | acc=0.816
[F5] [E09] batch 0020 | loss=0.6036 | acc=0.859
[F5] [E09] batch 0030 | loss=0.6515 | acc=0.812
[F5] [E09] batch 0040 | loss=0.6761 | acc=0.789
[F5] [E09] batch 0050 | loss=0.6528 | acc=0.812
[F5] [E09] batch 0060 | loss=0.6166 | acc=0.824
[F5] [E09] batch 0070 | loss=0.6711 | acc=0.793
[F5] [E09] batch 0080 | loss=0.7616 | acc=0.766
[F5] [E09] batch 0090 | loss=0.7107 | acc=0.773
[F5] [E09] batch 0100 | loss=0.7319 | acc=0.770
[F5] [E09] batch 0110 | loss=0.7429 | acc=0.789
[F5] [E09] batch 0120 | loss=0.6309 | acc=0.824
[F5] [E09] batch 0130 | loss=0.7057 | acc=0.762
[F5] [E09] batch 0140 | loss=0.7038 | acc=0.797
[F5] [E09] batch 0150 | loss=0.6954 | acc=0.789
[F5] [E09] batch 0160 | loss=0.7297 | acc=0.781
[F5] [E09] batch 0170 | loss=0.6787 | acc=0.781
[F5] [E09] batch 0180 | loss=0.7897 | acc=0.754
[F5] [E09] batch 0190 | loss=0.6797 | acc=0.805
[F5] [E09] batch 0200 | loss=0.7281 | acc=0.738
[F5] [E09] batch 0210 | loss=0.7143 | acc=0.773
[F5] [E09] batch 0220 | loss=0.7141 | acc=0.805
[F5] [E09] batch 0230 | loss=0.7200 | acc=0.758
[F5] [E09] batch 0240 | loss=0.6294 | acc=0.820
[F5] [E09] batch 0250 | loss=0.7194 | acc=0.789
[F5] [E09] batch 0260 | loss=0.7577 | acc=0.762
[F5] [E09] batch 0270 | loss=0.6940 | acc=0.789
[F5] [E09] batch 0280 | loss=0.7041 | acc=0.797
[F5] [E09] batch 0290 | loss=0.7574 | acc=0.742
[F5] [E09] batch 0300 | loss=0.6942 | acc=0.773
[F5] [E09] batch 0310 | loss=0.6311 | acc=0.844
[F5] [E09] batch 0320 | loss=0.6668 | acc=0.801
[F5] [E09] batch 0330 | loss=0.6906 | acc=0.793
[F5] [E09] batch 0340 | loss=0.6836 | acc=0.832
[F5] [E09] batch 0350 | loss=0.6934 | acc=0.785
[F5] [E09] batch 0360 | loss=0.7313 | acc=0.770
[F5] [E09] batch 0370 | loss=0.6522 | acc=0.836
[F5] [E09] batch 0380 | loss=0.6856 | acc=0.773
[F5] [E09] batch 0390 | loss=0.6366 | acc=0.805
[F5] [E09] batch 0400 | loss=0.7048 | acc=0.785
[F5] [E09] batch 0410 | loss=0.6703 | acc=0.801
[F5] [E09] batch 0420 | loss=0.6716 | acc=0.805
[F5] [E09] batch 0430 | loss=0.5930 | acc=0.836
[F5] [E09] batch 0440 | loss=0.6546 | acc=0.812
[F5] [E09] batch 0450 | loss=0.7194 | acc=0.781
[F5] [E09] batch 0460 | loss=0.5859 | acc=0.832
[F5] [E09] batch 0470 | loss=0.7769 | acc=0.746
[F5] [E09] total_loss=328.522 | VAL acc=0.921 | F1=0.766 | kappa=0.854
[F5] [E10] batch 0000 | loss=0.6398 | acc=0.844
[F5] [E10] batch 0010 | loss=0.6214 | acc=0.828
[F5] [E10] batch 0020 | loss=0.6919 | acc=0.789
[F5] [E10] batch 0030 | loss=0.6583 | acc=0.797
[F5] [E10] batch 0040 | loss=0.6660 | acc=0.820
[F5] [E10] batch 0050 | loss=0.6988 | acc=0.789
[F5] [E10] batch 0060 | loss=0.6492 | acc=0.812
[F5] [E10] batch 0070 | loss=0.6392 | acc=0.809
[F5] [E10] batch 0080 | loss=0.6217 | acc=0.832
[F5] [E10] batch 0090 | loss=0.6089 | acc=0.828
[F5] [E10] batch 0100 | loss=0.6961 | acc=0.789
[F5] [E10] batch 0110 | loss=0.7197 | acc=0.738
[F5] [E10] batch 0120 | loss=0.6215 | acc=0.836
[F5] [E10] batch 0130 | loss=0.6526 | acc=0.828
[F5] [E10] batch 0140 | loss=0.6229 | acc=0.836
[F5] [E10] batch 0150 | loss=0.6719 | acc=0.793
[F5] [E10] batch 0160 | loss=0.6272 | acc=0.840
[F5] [E10] batch 0170 | loss=0.7085 | acc=0.754
[F5] [E10] batch 0180 | loss=0.6594 | acc=0.816
[F5] [E10] batch 0190 | loss=0.6801 | acc=0.793
[F5] [E10] batch 0200 | loss=0.6857 | acc=0.801
[F5] [E10] batch 0210 | loss=0.6212 | acc=0.840
[F5] [E10] batch 0220 | loss=0.6572 | acc=0.844
[F5] [E10] batch 0230 | loss=0.7042 | acc=0.785
[F5] [E10] batch 0240 | loss=0.6460 | acc=0.789
[F5] [E10] batch 0250 | loss=0.7028 | acc=0.785
[F5] [E10] batch 0260 | loss=0.7423 | acc=0.777
[F5] [E10] batch 0270 | loss=0.6681 | acc=0.797
[F5] [E10] batch 0280 | loss=0.6505 | acc=0.805
[F5] [E10] batch 0290 | loss=0.7700 | acc=0.773
[F5] [E10] batch 0300 | loss=0.6050 | acc=0.840
[F5] [E10] batch 0310 | loss=0.6296 | acc=0.836
[F5] [E10] batch 0320 | loss=0.6684 | acc=0.781
[F5] [E10] batch 0330 | loss=0.6260 | acc=0.824
[F5] [E10] batch 0340 | loss=0.6940 | acc=0.793
[F5] [E10] batch 0350 | loss=0.6681 | acc=0.816
[F5] [E10] batch 0360 | loss=0.6448 | acc=0.832
[F5] [E10] batch 0370 | loss=0.6885 | acc=0.801
[F5] [E10] batch 0380 | loss=0.6854 | acc=0.785
[F5] [E10] batch 0390 | loss=0.6622 | acc=0.816
[F5] [E10] batch 0400 | loss=0.7212 | acc=0.766
[F5] [E10] batch 0410 | loss=0.6798 | acc=0.805
[F5] [E10] batch 0420 | loss=0.6854 | acc=0.801
[F5] [E10] batch 0430 | loss=0.7274 | acc=0.781
[F5] [E10] batch 0440 | loss=0.6809 | acc=0.797
[F5] [E10] batch 0450 | loss=0.6600 | acc=0.793
[F5] [E10] batch 0460 | loss=0.6753 | acc=0.777
[F5] [E10] batch 0470 | loss=0.6516 | acc=0.840
[F5] [E10] total_loss=325.419 | VAL acc=0.905 | F1=0.745 | kappa=0.827
[F5] [E11] batch 0000 | loss=0.7024 | acc=0.793
[F5] [E11] batch 0010 | loss=0.6811 | acc=0.805
[F5] [E11] batch 0020 | loss=0.6333 | acc=0.824
[F5] [E11] batch 0030 | loss=0.6968 | acc=0.758
[F5] [E11] batch 0040 | loss=0.7100 | acc=0.789
[F5] [E11] batch 0050 | loss=0.6264 | acc=0.828
[F5] [E11] batch 0060 | loss=0.6232 | acc=0.859
[F5] [E11] batch 0070 | loss=0.6994 | acc=0.793
[F5] [E11] batch 0080 | loss=0.7011 | acc=0.770
[F5] [E11] batch 0090 | loss=0.6442 | acc=0.801
[F5] [E11] batch 0100 | loss=0.6919 | acc=0.801
[F5] [E11] batch 0110 | loss=0.6392 | acc=0.828
[F5] [E11] batch 0120 | loss=0.6973 | acc=0.777
[F5] [E11] batch 0130 | loss=0.7665 | acc=0.754
[F5] [E11] batch 0140 | loss=0.7525 | acc=0.797
[F5] [E11] batch 0150 | loss=0.7184 | acc=0.797
[F5] [E11] batch 0160 | loss=0.6896 | acc=0.793
[F5] [E11] batch 0170 | loss=0.6416 | acc=0.832
[F5] [E11] batch 0180 | loss=0.6906 | acc=0.785
[F5] [E11] batch 0190 | loss=0.6718 | acc=0.805
[F5] [E11] batch 0200 | loss=0.7143 | acc=0.781
[F5] [E11] batch 0210 | loss=0.7076 | acc=0.773
[F5] [E11] batch 0220 | loss=0.7116 | acc=0.785
[F5] [E11] batch 0230 | loss=0.6523 | acc=0.828
[F5] [E11] batch 0240 | loss=0.7030 | acc=0.793
[F5] [E11] batch 0250 | loss=0.7035 | acc=0.789
[F5] [E11] batch 0260 | loss=0.7085 | acc=0.793
[F5] [E11] batch 0270 | loss=0.6843 | acc=0.766
[F5] [E11] batch 0280 | loss=0.6374 | acc=0.836
[F5] [E11] batch 0290 | loss=0.6973 | acc=0.809
[F5] [E11] batch 0300 | loss=0.6517 | acc=0.816
[F5] [E11] batch 0310 | loss=0.6537 | acc=0.824
[F5] [E11] batch 0320 | loss=0.6847 | acc=0.785
[F5] [E11] batch 0330 | loss=0.6736 | acc=0.797
[F5] [E11] batch 0340 | loss=0.7066 | acc=0.801
[F5] [E11] batch 0350 | loss=0.6611 | acc=0.836
[F5] [E11] batch 0360 | loss=0.6449 | acc=0.816
[F5] [E11] batch 0370 | loss=0.6909 | acc=0.789
[F5] [E11] batch 0380 | loss=0.7093 | acc=0.762
[F5] [E11] batch 0390 | loss=0.6498 | acc=0.809
[F5] [E11] batch 0400 | loss=0.6982 | acc=0.793
[F5] [E11] batch 0410 | loss=0.6310 | acc=0.836
[F5] [E11] batch 0420 | loss=0.6642 | acc=0.809
[F5] [E11] batch 0430 | loss=0.6798 | acc=0.770
[F5] [E11] batch 0440 | loss=0.7164 | acc=0.793
[F5] [E11] batch 0450 | loss=0.6689 | acc=0.773
[F5] [E11] batch 0460 | loss=0.6492 | acc=0.805
[F5] [E11] batch 0470 | loss=0.6730 | acc=0.812
[F5] [E11] total_loss=324.496 | VAL acc=0.928 | F1=0.775 | kappa=0.867
[SAVE] best fold=5 (by VAL F1)
[F5] [E12] batch 0000 | loss=0.7405 | acc=0.789
[F5] [E12] batch 0010 | loss=0.7013 | acc=0.770
[F5] [E12] batch 0020 | loss=0.6274 | acc=0.809
[F5] [E12] batch 0030 | loss=0.6870 | acc=0.805
[F5] [E12] batch 0040 | loss=0.7244 | acc=0.762
[F5] [E12] batch 0050 | loss=0.6713 | acc=0.789
[F5] [E12] batch 0060 | loss=0.6624 | acc=0.820
[F5] [E12] batch 0070 | loss=0.7437 | acc=0.762
[F5] [E12] batch 0080 | loss=0.6304 | acc=0.793
[F5] [E12] batch 0090 | loss=0.7256 | acc=0.777
[F5] [E12] batch 0100 | loss=0.6445 | acc=0.812
[F5] [E12] batch 0110 | loss=0.6660 | acc=0.797
[F5] [E12] batch 0120 | loss=0.7059 | acc=0.797
[F5] [E12] batch 0130 | loss=0.6956 | acc=0.809
[F5] [E12] batch 0140 | loss=0.6612 | acc=0.816
[F5] [E12] batch 0150 | loss=0.6282 | acc=0.816
[F5] [E12] batch 0160 | loss=0.6642 | acc=0.809
[F5] [E12] batch 0170 | loss=0.6923 | acc=0.812
[F5] [E12] batch 0180 | loss=0.7080 | acc=0.781
[F5] [E12] batch 0190 | loss=0.6567 | acc=0.816
[F5] [E12] batch 0200 | loss=0.7228 | acc=0.781
[F5] [E12] batch 0210 | loss=0.7124 | acc=0.793
[F5] [E12] batch 0220 | loss=0.7588 | acc=0.754
[F5] [E12] batch 0230 | loss=0.6994 | acc=0.785
[F5] [E12] batch 0240 | loss=0.6143 | acc=0.828
[F5] [E12] batch 0250 | loss=0.7923 | acc=0.742
[F5] [E12] batch 0260 | loss=0.6985 | acc=0.781
[F5] [E12] batch 0270 | loss=0.7236 | acc=0.785
[F5] [E12] batch 0280 | loss=0.6793 | acc=0.801
[F5] [E12] batch 0290 | loss=0.6094 | acc=0.844
[F5] [E12] batch 0300 | loss=0.6674 | acc=0.801
[F5] [E12] batch 0310 | loss=0.7036 | acc=0.785
[F5] [E12] batch 0320 | loss=0.7278 | acc=0.770
[F5] [E12] batch 0330 | loss=0.6936 | acc=0.777
[F5] [E12] batch 0340 | loss=0.7580 | acc=0.777
[F5] [E12] batch 0350 | loss=0.6731 | acc=0.816
[F5] [E12] batch 0360 | loss=0.5977 | acc=0.836
[F5] [E12] batch 0370 | loss=0.6871 | acc=0.812
[F5] [E12] batch 0380 | loss=0.6671 | acc=0.797
[F5] [E12] batch 0390 | loss=0.7493 | acc=0.758
[F5] [E12] batch 0400 | loss=0.6719 | acc=0.789
[F5] [E12] batch 0410 | loss=0.6981 | acc=0.789
[F5] [E12] batch 0420 | loss=0.6656 | acc=0.805
[F5] [E12] batch 0430 | loss=0.7136 | acc=0.770
[F5] [E12] batch 0440 | loss=0.6654 | acc=0.805
[F5] [E12] batch 0450 | loss=0.6604 | acc=0.805
[F5] [E12] batch 0460 | loss=0.6818 | acc=0.777
[F5] [E12] batch 0470 | loss=0.7334 | acc=0.797
[F5] [E12] total_loss=322.834 | VAL acc=0.902 | F1=0.742 | kappa=0.820
[F5] [E13] batch 0000 | loss=0.6876 | acc=0.809
[F5] [E13] batch 0010 | loss=0.6646 | acc=0.793
[F5] [E13] batch 0020 | loss=0.6755 | acc=0.840
[F5] [E13] batch 0030 | loss=0.7194 | acc=0.766
[F5] [E13] batch 0040 | loss=0.6904 | acc=0.785
[F5] [E13] batch 0050 | loss=0.6635 | acc=0.809
[F5] [E13] batch 0060 | loss=0.7119 | acc=0.746
[F5] [E13] batch 0070 | loss=0.6590 | acc=0.789
[F5] [E13] batch 0080 | loss=0.6802 | acc=0.777
[F5] [E13] batch 0090 | loss=0.6114 | acc=0.816
[F5] [E13] batch 0100 | loss=0.7102 | acc=0.805
[F5] [E13] batch 0110 | loss=0.6549 | acc=0.832
[F5] [E13] batch 0120 | loss=0.7210 | acc=0.766
[F5] [E13] batch 0130 | loss=0.7160 | acc=0.801
[F5] [E13] batch 0140 | loss=0.7512 | acc=0.742
[F5] [E13] batch 0150 | loss=0.6406 | acc=0.793
[F5] [E13] batch 0160 | loss=0.7122 | acc=0.777
[F5] [E13] batch 0170 | loss=0.6464 | acc=0.832
[F5] [E13] batch 0180 | loss=0.6696 | acc=0.809
[F5] [E13] batch 0190 | loss=0.6482 | acc=0.809
[F5] [E13] batch 0200 | loss=0.7050 | acc=0.801
[F5] [E13] batch 0210 | loss=0.6369 | acc=0.820
[F5] [E13] batch 0220 | loss=0.5668 | acc=0.863
[F5] [E13] batch 0230 | loss=0.7014 | acc=0.785
[F5] [E13] batch 0240 | loss=0.7053 | acc=0.812
[F5] [E13] batch 0250 | loss=0.6801 | acc=0.781
[F5] [E13] batch 0260 | loss=0.6202 | acc=0.852
[F5] [E13] batch 0270 | loss=0.6497 | acc=0.805
[F5] [E13] batch 0280 | loss=0.6850 | acc=0.805
[F5] [E13] batch 0290 | loss=0.7144 | acc=0.766
[F5] [E13] batch 0300 | loss=0.7104 | acc=0.754
[F5] [E13] batch 0310 | loss=0.6467 | acc=0.809
[F5] [E13] batch 0320 | loss=0.6808 | acc=0.793
[F5] [E13] batch 0330 | loss=0.6163 | acc=0.855
[F5] [E13] batch 0340 | loss=0.6917 | acc=0.793
[F5] [E13] batch 0350 | loss=0.6476 | acc=0.781
[F5] [E13] batch 0360 | loss=0.7237 | acc=0.777
[F5] [E13] batch 0370 | loss=0.6367 | acc=0.805
[F5] [E13] batch 0380 | loss=0.6399 | acc=0.797
[F5] [E13] batch 0390 | loss=0.6552 | acc=0.812
[F5] [E13] batch 0400 | loss=0.6773 | acc=0.820
[F5] [E13] batch 0410 | loss=0.7219 | acc=0.773
[F5] [E13] batch 0420 | loss=0.7244 | acc=0.770
[F5] [E13] batch 0430 | loss=0.6833 | acc=0.777
[F5] [E13] batch 0440 | loss=0.6754 | acc=0.812
[F5] [E13] batch 0450 | loss=0.6724 | acc=0.824
[F5] [E13] batch 0460 | loss=0.6728 | acc=0.809
[F5] [E13] batch 0470 | loss=0.6634 | acc=0.789
[F5] [E13] total_loss=321.666 | VAL acc=0.922 | F1=0.771 | kappa=0.857
[F5] [E14] batch 0000 | loss=0.6893 | acc=0.801
[F5] [E14] batch 0010 | loss=0.6507 | acc=0.832
[F5] [E14] batch 0020 | loss=0.6039 | acc=0.840
[F5] [E14] batch 0030 | loss=0.7197 | acc=0.762
[F5] [E14] batch 0040 | loss=0.7218 | acc=0.762
[F5] [E14] batch 0050 | loss=0.6762 | acc=0.789
[F5] [E14] batch 0060 | loss=0.7094 | acc=0.785
[F5] [E14] batch 0070 | loss=0.6893 | acc=0.785
[F5] [E14] batch 0080 | loss=0.6787 | acc=0.801
[F5] [E14] batch 0090 | loss=0.6768 | acc=0.785
[F5] [E14] batch 0100 | loss=0.6786 | acc=0.832
[F5] [E14] batch 0110 | loss=0.6613 | acc=0.816
[F5] [E14] batch 0120 | loss=0.7195 | acc=0.797
[F5] [E14] batch 0130 | loss=0.6599 | acc=0.828
[F5] [E14] batch 0140 | loss=0.6850 | acc=0.797
[F5] [E14] batch 0150 | loss=0.7134 | acc=0.785
[F5] [E14] batch 0160 | loss=0.6630 | acc=0.789
[F5] [E14] batch 0170 | loss=0.6564 | acc=0.809
[F5] [E14] batch 0180 | loss=0.7192 | acc=0.785
[F5] [E14] batch 0190 | loss=0.5790 | acc=0.863
[F5] [E14] batch 0200 | loss=0.6734 | acc=0.793
[F5] [E14] batch 0210 | loss=0.6894 | acc=0.801
[F5] [E14] batch 0220 | loss=0.7023 | acc=0.789
[F5] [E14] batch 0230 | loss=0.6755 | acc=0.816
[F5] [E14] batch 0240 | loss=0.6408 | acc=0.809
[F5] [E14] batch 0250 | loss=0.6402 | acc=0.820
[F5] [E14] batch 0260 | loss=0.6197 | acc=0.852
[F5] [E14] batch 0270 | loss=0.7244 | acc=0.777
[F5] [E14] batch 0280 | loss=0.6780 | acc=0.789
[F5] [E14] batch 0290 | loss=0.7006 | acc=0.801
[F5] [E14] batch 0300 | loss=0.6440 | acc=0.816
[F5] [E14] batch 0310 | loss=0.7332 | acc=0.777
[F5] [E14] batch 0320 | loss=0.6567 | acc=0.816
[F5] [E14] batch 0330 | loss=0.6384 | acc=0.832
[F5] [E14] batch 0340 | loss=0.6428 | acc=0.809
[F5] [E14] batch 0350 | loss=0.7020 | acc=0.820
[F5] [E14] batch 0360 | loss=0.7000 | acc=0.793
[F5] [E14] batch 0370 | loss=0.7197 | acc=0.750
[F5] [E14] batch 0380 | loss=0.6460 | acc=0.844
[F5] [E14] batch 0390 | loss=0.6564 | acc=0.797
[F5] [E14] batch 0400 | loss=0.7173 | acc=0.781
[F5] [E14] batch 0410 | loss=0.6392 | acc=0.840
[F5] [E14] batch 0420 | loss=0.7177 | acc=0.801
[F5] [E14] batch 0430 | loss=0.7687 | acc=0.762
[F5] [E14] batch 0440 | loss=0.6720 | acc=0.793
[F5] [E14] batch 0450 | loss=0.7261 | acc=0.754
[F5] [E14] batch 0460 | loss=0.6374 | acc=0.848
[F5] [E14] batch 0470 | loss=0.7294 | acc=0.805
[F5] [E14] total_loss=322.404 | VAL acc=0.917 | F1=0.766 | kappa=0.847
[F5] [E15] batch 0000 | loss=0.6495 | acc=0.816
[F5] [E15] batch 0010 | loss=0.7091 | acc=0.754
[F5] [E15] batch 0020 | loss=0.6742 | acc=0.805
[F5] [E15] batch 0030 | loss=0.7051 | acc=0.754
[F5] [E15] batch 0040 | loss=0.6794 | acc=0.816
[F5] [E15] batch 0050 | loss=0.7092 | acc=0.801
[F5] [E15] batch 0060 | loss=0.7493 | acc=0.762
[F5] [E15] batch 0070 | loss=0.6384 | acc=0.828
[F5] [E15] batch 0080 | loss=0.6349 | acc=0.840
[F5] [E15] batch 0090 | loss=0.6759 | acc=0.793
[F5] [E15] batch 0100 | loss=0.6677 | acc=0.801
[F5] [E15] batch 0110 | loss=0.6781 | acc=0.809
[F5] [E15] batch 0120 | loss=0.6992 | acc=0.762
[F5] [E15] batch 0130 | loss=0.6901 | acc=0.777
[F5] [E15] batch 0140 | loss=0.7495 | acc=0.762
[F5] [E15] batch 0150 | loss=0.6781 | acc=0.773
[F5] [E15] batch 0160 | loss=0.6452 | acc=0.832
[F5] [E15] batch 0170 | loss=0.7836 | acc=0.746
[F5] [E15] batch 0180 | loss=0.6867 | acc=0.781
[F5] [E15] batch 0190 | loss=0.6553 | acc=0.828
[F5] [E15] batch 0200 | loss=0.6913 | acc=0.781
[F5] [E15] batch 0210 | loss=0.6431 | acc=0.844
[F5] [E15] batch 0220 | loss=0.6609 | acc=0.824
[F5] [E15] batch 0230 | loss=0.7312 | acc=0.812
[F5] [E15] batch 0240 | loss=0.6495 | acc=0.777
[F5] [E15] batch 0250 | loss=0.6361 | acc=0.820
[F5] [E15] batch 0260 | loss=0.6958 | acc=0.785
[F5] [E15] batch 0270 | loss=0.6473 | acc=0.801
[F5] [E15] batch 0280 | loss=0.6643 | acc=0.812
[F5] [E15] batch 0290 | loss=0.7292 | acc=0.777
[F5] [E15] batch 0300 | loss=0.6296 | acc=0.828
[F5] [E15] batch 0310 | loss=0.6063 | acc=0.840
[F5] [E15] batch 0320 | loss=0.6921 | acc=0.773
[F5] [E15] batch 0330 | loss=0.6567 | acc=0.824
[F5] [E15] batch 0340 | loss=0.6736 | acc=0.809
[F5] [E15] batch 0350 | loss=0.6806 | acc=0.793
[F5] [E15] batch 0360 | loss=0.6668 | acc=0.809
[F5] [E15] batch 0370 | loss=0.6142 | acc=0.828
[F5] [E15] batch 0380 | loss=0.6485 | acc=0.824
[F5] [E15] batch 0390 | loss=0.6631 | acc=0.812
[F5] [E15] batch 0400 | loss=0.6109 | acc=0.828
[F5] [E15] batch 0410 | loss=0.7344 | acc=0.785
[F5] [E15] batch 0420 | loss=0.6250 | acc=0.836
[F5] [E15] batch 0430 | loss=0.6532 | acc=0.812
[F5] [E15] batch 0440 | loss=0.6807 | acc=0.789
[F5] [E15] batch 0450 | loss=0.6576 | acc=0.809
[F5] [E15] batch 0460 | loss=0.7126 | acc=0.773
[F5] [E15] batch 0470 | loss=0.6785 | acc=0.809
[F5] [E15] total_loss=322.556 | VAL acc=0.893 | F1=0.731 | kappa=0.803
[F5] [E16] batch 0000 | loss=0.6375 | acc=0.824
[F5] [E16] batch 0010 | loss=0.6945 | acc=0.797
[F5] [E16] batch 0020 | loss=0.6440 | acc=0.801
[F5] [E16] batch 0030 | loss=0.6944 | acc=0.805
[F5] [E16] batch 0040 | loss=0.6266 | acc=0.840
[F5] [E16] batch 0050 | loss=0.6612 | acc=0.789
[F5] [E16] batch 0060 | loss=0.6858 | acc=0.777
[F5] [E16] batch 0070 | loss=0.6656 | acc=0.824
[F5] [E16] batch 0080 | loss=0.7030 | acc=0.805
[F5] [E16] batch 0090 | loss=0.6712 | acc=0.781
[F5] [E16] batch 0100 | loss=0.7709 | acc=0.754
[F5] [E16] batch 0110 | loss=0.7171 | acc=0.770
[F5] [E16] batch 0120 | loss=0.6609 | acc=0.809
[F5] [E16] batch 0130 | loss=0.7385 | acc=0.742
[F5] [E16] batch 0140 | loss=0.6630 | acc=0.832
[F5] [E16] batch 0150 | loss=0.6646 | acc=0.809
[F5] [E16] batch 0160 | loss=0.6558 | acc=0.812
[F5] [E16] batch 0170 | loss=0.7250 | acc=0.781
[F5] [E16] batch 0180 | loss=0.6532 | acc=0.832
[F5] [E16] batch 0190 | loss=0.7278 | acc=0.777
[F5] [E16] batch 0200 | loss=0.6518 | acc=0.805
[F5] [E16] batch 0210 | loss=0.6615 | acc=0.816
[F5] [E16] batch 0220 | loss=0.6190 | acc=0.863
[F5] [E16] batch 0230 | loss=0.6843 | acc=0.801
[F5] [E16] batch 0240 | loss=0.6155 | acc=0.852
[F5] [E16] batch 0250 | loss=0.6139 | acc=0.852
[F5] [E16] batch 0260 | loss=0.6529 | acc=0.793
[F5] [E16] batch 0270 | loss=0.6729 | acc=0.801
[F5] [E16] batch 0280 | loss=0.6759 | acc=0.801
[F5] [E16] batch 0290 | loss=0.6610 | acc=0.816
[F5] [E16] batch 0300 | loss=0.6782 | acc=0.781
[F5] [E16] batch 0310 | loss=0.6471 | acc=0.812
[F5] [E16] batch 0320 | loss=0.7051 | acc=0.789
[F5] [E16] batch 0330 | loss=0.6338 | acc=0.812
[F5] [E16] batch 0340 | loss=0.6471 | acc=0.816
[F5] [E16] batch 0350 | loss=0.7299 | acc=0.770
[F5] [E16] batch 0360 | loss=0.6301 | acc=0.832
[F5] [E16] batch 0370 | loss=0.6228 | acc=0.816
[F5] [E16] batch 0380 | loss=0.6656 | acc=0.789
[F5] [E16] batch 0390 | loss=0.7038 | acc=0.766
[F5] [E16] batch 0400 | loss=0.7229 | acc=0.789
[F5] [E16] batch 0410 | loss=0.6679 | acc=0.816
[F5] [E16] batch 0420 | loss=0.7057 | acc=0.793
[F5] [E16] batch 0430 | loss=0.6422 | acc=0.820
[F5] [E16] batch 0440 | loss=0.6015 | acc=0.840
[F5] [E16] batch 0450 | loss=0.6203 | acc=0.832
[F5] [E16] batch 0460 | loss=0.8083 | acc=0.758
[F5] [E16] batch 0470 | loss=0.6071 | acc=0.848
[F5] [E16] total_loss=320.090 | VAL acc=0.918 | F1=0.768 | kappa=0.849
[F5] [E17] batch 0000 | loss=0.6789 | acc=0.797
[F5] [E17] batch 0010 | loss=0.7000 | acc=0.785
[F5] [E17] batch 0020 | loss=0.6643 | acc=0.820
[F5] [E17] batch 0030 | loss=0.7032 | acc=0.793
[F5] [E17] batch 0040 | loss=0.6915 | acc=0.797
[F5] [E17] batch 0050 | loss=0.6337 | acc=0.824
[F5] [E17] batch 0060 | loss=0.7281 | acc=0.754
[F5] [E17] batch 0070 | loss=0.6445 | acc=0.809
[F5] [E17] batch 0080 | loss=0.7081 | acc=0.789
[F5] [E17] batch 0090 | loss=0.6579 | acc=0.805
[F5] [E17] batch 0100 | loss=0.6437 | acc=0.812
[F5] [E17] batch 0110 | loss=0.7167 | acc=0.754
[F5] [E17] batch 0120 | loss=0.6227 | acc=0.844
[F5] [E17] batch 0130 | loss=0.7093 | acc=0.793
[F5] [E17] batch 0140 | loss=0.6032 | acc=0.859
[F5] [E17] batch 0150 | loss=0.6410 | acc=0.836
[F5] [E17] batch 0160 | loss=0.6743 | acc=0.793
[F5] [E17] batch 0170 | loss=0.6405 | acc=0.820
[F5] [E17] batch 0180 | loss=0.7141 | acc=0.789
[F5] [E17] batch 0190 | loss=0.6615 | acc=0.812
[F5] [E17] batch 0200 | loss=0.5882 | acc=0.840
[F5] [E17] batch 0210 | loss=0.5956 | acc=0.836
[F5] [E17] batch 0220 | loss=0.7222 | acc=0.781
[F5] [E17] batch 0230 | loss=0.6276 | acc=0.824
[F5] [E17] batch 0240 | loss=0.7237 | acc=0.785
[F5] [E17] batch 0250 | loss=0.6343 | acc=0.848
[F5] [E17] batch 0260 | loss=0.6538 | acc=0.801
[F5] [E17] batch 0270 | loss=0.6659 | acc=0.816
[F5] [E17] batch 0280 | loss=0.6640 | acc=0.824
[F5] [E17] batch 0290 | loss=0.6210 | acc=0.848
[F5] [E17] batch 0300 | loss=0.6606 | acc=0.816
[F5] [E17] batch 0310 | loss=0.6536 | acc=0.828
[F5] [E17] batch 0320 | loss=0.6557 | acc=0.809
[F5] [E17] batch 0330 | loss=0.6572 | acc=0.832
[F5] [E17] batch 0340 | loss=0.6600 | acc=0.820
[F5] [E17] batch 0350 | loss=0.7272 | acc=0.762
[F5] [E17] batch 0360 | loss=0.6765 | acc=0.797
[F5] [E17] batch 0370 | loss=0.6667 | acc=0.820
[F5] [E17] batch 0380 | loss=0.6271 | acc=0.844
[F5] [E17] batch 0390 | loss=0.6890 | acc=0.773
[F5] [E17] batch 0400 | loss=0.5830 | acc=0.855
[F5] [E17] batch 0410 | loss=0.6816 | acc=0.812
[F5] [E17] batch 0420 | loss=0.6740 | acc=0.809
[F5] [E17] batch 0430 | loss=0.6477 | acc=0.809
[F5] [E17] batch 0440 | loss=0.6793 | acc=0.820
[F5] [E17] batch 0450 | loss=0.6318 | acc=0.840
[F5] [E17] batch 0460 | loss=0.6142 | acc=0.840
[F5] [E17] batch 0470 | loss=0.6997 | acc=0.785
[F5] [E17] total_loss=320.124 | VAL acc=0.906 | F1=0.748 | kappa=0.828
[F5] [E18] batch 0000 | loss=0.6598 | acc=0.805
[F5] [E18] batch 0010 | loss=0.6756 | acc=0.809
[F5] [E18] batch 0020 | loss=0.6595 | acc=0.824
[F5] [E18] batch 0030 | loss=0.6739 | acc=0.793
[F5] [E18] batch 0040 | loss=0.7335 | acc=0.777
[F5] [E18] batch 0050 | loss=0.6704 | acc=0.770
[F5] [E18] batch 0060 | loss=0.7365 | acc=0.777
[F5] [E18] batch 0070 | loss=0.6469 | acc=0.828
[F5] [E18] batch 0080 | loss=0.6804 | acc=0.793
[F5] [E18] batch 0090 | loss=0.7293 | acc=0.793
[F5] [E18] batch 0100 | loss=0.6579 | acc=0.809
[F5] [E18] batch 0110 | loss=0.6968 | acc=0.773
[F5] [E18] batch 0120 | loss=0.6013 | acc=0.836
[F5] [E18] batch 0130 | loss=0.6594 | acc=0.824
[F5] [E18] batch 0140 | loss=0.7068 | acc=0.781
[F5] [E18] batch 0150 | loss=0.6334 | acc=0.820
[F5] [E18] batch 0160 | loss=0.6870 | acc=0.812
[F5] [E18] batch 0170 | loss=0.6695 | acc=0.781
[F5] [E18] batch 0180 | loss=0.6852 | acc=0.793
[F5] [E18] batch 0190 | loss=0.7047 | acc=0.777
[F5] [E18] batch 0200 | loss=0.6509 | acc=0.809
[F5] [E18] batch 0210 | loss=0.6526 | acc=0.832
[F5] [E18] batch 0220 | loss=0.6715 | acc=0.816
[F5] [E18] batch 0230 | loss=0.6813 | acc=0.762
[F5] [E18] batch 0240 | loss=0.6443 | acc=0.820
[F5] [E18] batch 0250 | loss=0.6968 | acc=0.797
[F5] [E18] batch 0260 | loss=0.7148 | acc=0.770
[F5] [E18] batch 0270 | loss=0.6533 | acc=0.812
[F5] [E18] batch 0280 | loss=0.5815 | acc=0.820
[F5] [E18] batch 0290 | loss=0.6127 | acc=0.863
[F5] [E18] batch 0300 | loss=0.7150 | acc=0.793
[F5] [E18] batch 0310 | loss=0.6517 | acc=0.785
[F5] [E18] batch 0320 | loss=0.6916 | acc=0.797
[F5] [E18] batch 0330 | loss=0.7347 | acc=0.773
[F5] [E18] batch 0340 | loss=0.6666 | acc=0.797
[F5] [E18] batch 0350 | loss=0.6175 | acc=0.848
[F5] [E18] batch 0360 | loss=0.6505 | acc=0.812
[F5] [E18] batch 0370 | loss=0.7068 | acc=0.766
[F5] [E18] batch 0380 | loss=0.6316 | acc=0.812
[F5] [E18] batch 0390 | loss=0.6244 | acc=0.836
[F5] [E18] batch 0400 | loss=0.6884 | acc=0.805
[F5] [E18] batch 0410 | loss=0.6339 | acc=0.848
[F5] [E18] batch 0420 | loss=0.7553 | acc=0.773
[F5] [E18] batch 0430 | loss=0.6892 | acc=0.770
[F5] [E18] batch 0440 | loss=0.5950 | acc=0.863
[F5] [E18] batch 0450 | loss=0.7062 | acc=0.789
[F5] [E18] batch 0460 | loss=0.6397 | acc=0.820
[F5] [E18] batch 0470 | loss=0.7170 | acc=0.809
[F5] [E18] total_loss=319.387 | VAL acc=0.910 | F1=0.754 | kappa=0.835
[F5] [E19] batch 0000 | loss=0.6898 | acc=0.773
[F5] [E19] batch 0010 | loss=0.6588 | acc=0.840
[F5] [E19] batch 0020 | loss=0.6612 | acc=0.801
[F5] [E19] batch 0030 | loss=0.6726 | acc=0.809
[F5] [E19] batch 0040 | loss=0.7316 | acc=0.770
[F5] [E19] batch 0050 | loss=0.6167 | acc=0.809
[F5] [E19] batch 0060 | loss=0.6574 | acc=0.801
[F5] [E19] batch 0070 | loss=0.6271 | acc=0.820
[F5] [E19] batch 0080 | loss=0.6227 | acc=0.840
[F5] [E19] batch 0090 | loss=0.6699 | acc=0.773
[F5] [E19] batch 0100 | loss=0.6330 | acc=0.820
[F5] [E19] batch 0110 | loss=0.6205 | acc=0.848
[F5] [E19] batch 0120 | loss=0.6482 | acc=0.789
[F5] [E19] batch 0130 | loss=0.7030 | acc=0.797
[F5] [E19] batch 0140 | loss=0.6881 | acc=0.777
[F5] [E19] batch 0150 | loss=0.6337 | acc=0.852
[F5] [E19] batch 0160 | loss=0.6732 | acc=0.789
[F5] [E19] batch 0170 | loss=0.6297 | acc=0.828
[F5] [E19] batch 0180 | loss=0.6212 | acc=0.840
[F5] [E19] batch 0190 | loss=0.7122 | acc=0.766
[F5] [E19] batch 0200 | loss=0.6489 | acc=0.797
[F5] [E19] batch 0210 | loss=0.6199 | acc=0.840
[F5] [E19] batch 0220 | loss=0.7008 | acc=0.777
[F5] [E19] batch 0230 | loss=0.6531 | acc=0.824
[F5] [E19] batch 0240 | loss=0.6604 | acc=0.824
[F5] [E19] batch 0250 | loss=0.6518 | acc=0.820
[F5] [E19] batch 0260 | loss=0.6596 | acc=0.805
[F5] [E19] batch 0270 | loss=0.6953 | acc=0.809
[F5] [E19] batch 0280 | loss=0.6844 | acc=0.797
[F5] [E19] batch 0290 | loss=0.6132 | acc=0.836
[F5] [E19] batch 0300 | loss=0.6466 | acc=0.820
[F5] [E19] batch 0310 | loss=0.6967 | acc=0.801
[F5] [E19] batch 0320 | loss=0.6358 | acc=0.836
[F5] [E19] batch 0330 | loss=0.6738 | acc=0.812
[F5] [E19] batch 0340 | loss=0.6370 | acc=0.824
[F5] [E19] batch 0350 | loss=0.5707 | acc=0.867
[F5] [E19] batch 0360 | loss=0.6082 | acc=0.840
[F5] [E19] batch 0370 | loss=0.6947 | acc=0.785
[F5] [E19] batch 0380 | loss=0.6791 | acc=0.805
[F5] [E19] batch 0390 | loss=0.6463 | acc=0.832
[F5] [E19] batch 0400 | loss=0.6312 | acc=0.828
[F5] [E19] batch 0410 | loss=0.6600 | acc=0.824
[F5] [E19] batch 0420 | loss=0.6944 | acc=0.789
[F5] [E19] batch 0430 | loss=0.7302 | acc=0.777
[F5] [E19] batch 0440 | loss=0.6683 | acc=0.812
[F5] [E19] batch 0450 | loss=0.7027 | acc=0.777
[F5] [E19] batch 0460 | loss=0.6241 | acc=0.820
[F5] [E19] batch 0470 | loss=0.5984 | acc=0.832
[F5] [E19] total_loss=318.878 | VAL acc=0.917 | F1=0.762 | kappa=0.846
[F5] [E20] batch 0000 | loss=0.6169 | acc=0.820
[F5] [E20] batch 0010 | loss=0.7106 | acc=0.824
[F5] [E20] batch 0020 | loss=0.6669 | acc=0.801
[F5] [E20] batch 0030 | loss=0.7093 | acc=0.781
[F5] [E20] batch 0040 | loss=0.7022 | acc=0.770
[F5] [E20] batch 0050 | loss=0.7172 | acc=0.762
[F5] [E20] batch 0060 | loss=0.7148 | acc=0.766
[F5] [E20] batch 0070 | loss=0.6882 | acc=0.801
[F5] [E20] batch 0080 | loss=0.7462 | acc=0.789
[F5] [E20] batch 0090 | loss=0.6943 | acc=0.785
[F5] [E20] batch 0100 | loss=0.6998 | acc=0.781
[F5] [E20] batch 0110 | loss=0.7106 | acc=0.785
[F5] [E20] batch 0120 | loss=0.6176 | acc=0.805
[F5] [E20] batch 0130 | loss=0.6192 | acc=0.824
[F5] [E20] batch 0140 | loss=0.6576 | acc=0.789
[F5] [E20] batch 0150 | loss=0.6678 | acc=0.816
[F5] [E20] batch 0160 | loss=0.6988 | acc=0.797
[F5] [E20] batch 0170 | loss=0.6510 | acc=0.805
[F5] [E20] batch 0180 | loss=0.6270 | acc=0.816
[F5] [E20] batch 0190 | loss=0.6764 | acc=0.789
[F5] [E20] batch 0200 | loss=0.6444 | acc=0.824
[F5] [E20] batch 0210 | loss=0.6527 | acc=0.832
[F5] [E20] batch 0220 | loss=0.6819 | acc=0.801
[F5] [E20] batch 0230 | loss=0.6173 | acc=0.848
[F5] [E20] batch 0240 | loss=0.7123 | acc=0.793
[F5] [E20] batch 0250 | loss=0.6595 | acc=0.805
[F5] [E20] batch 0260 | loss=0.6957 | acc=0.797
[F5] [E20] batch 0270 | loss=0.6322 | acc=0.824
[F5] [E20] batch 0280 | loss=0.6137 | acc=0.812
[F5] [E20] batch 0290 | loss=0.6641 | acc=0.812
[F5] [E20] batch 0300 | loss=0.6471 | acc=0.812
[F5] [E20] batch 0310 | loss=0.6023 | acc=0.820
[F5] [E20] batch 0320 | loss=0.6928 | acc=0.789
[F5] [E20] batch 0330 | loss=0.6452 | acc=0.824
[F5] [E20] batch 0340 | loss=0.6008 | acc=0.824
[F5] [E20] batch 0350 | loss=0.6973 | acc=0.789
[F5] [E20] batch 0360 | loss=0.6561 | acc=0.828
[F5] [E20] batch 0370 | loss=0.7217 | acc=0.781
[F5] [E20] batch 0380 | loss=0.6751 | acc=0.809
[F5] [E20] batch 0390 | loss=0.6983 | acc=0.781
[F5] [E20] batch 0400 | loss=0.6620 | acc=0.820
[F5] [E20] batch 0410 | loss=0.6907 | acc=0.789
[F5] [E20] batch 0420 | loss=0.6187 | acc=0.828
[F5] [E20] batch 0430 | loss=0.6322 | acc=0.828
[F5] [E20] batch 0440 | loss=0.6783 | acc=0.812
[F5] [E20] batch 0450 | loss=0.7271 | acc=0.789
[F5] [E20] batch 0460 | loss=0.6790 | acc=0.801
[F5] [E20] batch 0470 | loss=0.7129 | acc=0.770
[F5] [E20] total_loss=319.602 | VAL acc=0.916 | F1=0.761 | kappa=0.844
[F5] [E21] batch 0000 | loss=0.6460 | acc=0.816
[F5] [E21] batch 0010 | loss=0.6610 | acc=0.820
[F5] [E21] batch 0020 | loss=0.7091 | acc=0.797
[F5] [E21] batch 0030 | loss=0.7081 | acc=0.777
[F5] [E21] batch 0040 | loss=0.6802 | acc=0.793
[F5] [E21] batch 0050 | loss=0.6376 | acc=0.836
[F5] [E21] batch 0060 | loss=0.6736 | acc=0.797
[F5] [E21] batch 0070 | loss=0.6686 | acc=0.801
[F5] [E21] batch 0080 | loss=0.7377 | acc=0.777
[F5] [E21] batch 0090 | loss=0.6732 | acc=0.812
[F5] [E21] batch 0100 | loss=0.6251 | acc=0.828
[F5] [E21] batch 0110 | loss=0.6906 | acc=0.785
[F5] [E21] batch 0120 | loss=0.6397 | acc=0.844
[F5] [E21] batch 0130 | loss=0.6843 | acc=0.824
[F5] [E21] batch 0140 | loss=0.5851 | acc=0.852
[F5] [E21] batch 0150 | loss=0.6662 | acc=0.805
[F5] [E21] batch 0160 | loss=0.6403 | acc=0.840
[F5] [E21] batch 0170 | loss=0.6358 | acc=0.844
[F5] [E21] batch 0180 | loss=0.6899 | acc=0.816
[F5] [E21] batch 0190 | loss=0.6593 | acc=0.805
[F5] [E21] batch 0200 | loss=0.6569 | acc=0.820
[F5] [E21] batch 0210 | loss=0.6375 | acc=0.816
[F5] [E21] batch 0220 | loss=0.6295 | acc=0.824
[F5] [E21] batch 0230 | loss=0.6582 | acc=0.789
[F5] [E21] batch 0240 | loss=0.6707 | acc=0.781
[F5] [E21] batch 0250 | loss=0.6580 | acc=0.801
[F5] [E21] batch 0260 | loss=0.6523 | acc=0.812
[F5] [E21] batch 0270 | loss=0.6358 | acc=0.832
[F5] [E21] batch 0280 | loss=0.7149 | acc=0.789
[F5] [E21] batch 0290 | loss=0.6638 | acc=0.809
[F5] [E21] batch 0300 | loss=0.6471 | acc=0.820
[F5] [E21] batch 0310 | loss=0.6110 | acc=0.832
[F5] [E21] batch 0320 | loss=0.7075 | acc=0.797
[F5] [E21] batch 0330 | loss=0.6614 | acc=0.812
[F5] [E21] batch 0340 | loss=0.6954 | acc=0.789
[F5] [E21] batch 0350 | loss=0.7344 | acc=0.766
[F5] [E21] batch 0360 | loss=0.6325 | acc=0.812
[F5] [E21] batch 0370 | loss=0.6332 | acc=0.832
[F5] [E21] batch 0380 | loss=0.6151 | acc=0.840
[F5] [E21] batch 0390 | loss=0.6792 | acc=0.773
[F5] [E21] batch 0400 | loss=0.6298 | acc=0.805
[F5] [E21] batch 0410 | loss=0.6810 | acc=0.812
[F5] [E21] batch 0420 | loss=0.7374 | acc=0.785
[F5] [E21] batch 0430 | loss=0.6073 | acc=0.852
[F5] [E21] batch 0440 | loss=0.6615 | acc=0.836
[F5] [E21] batch 0450 | loss=0.6423 | acc=0.828
[F5] [E21] batch 0460 | loss=0.6478 | acc=0.801
[F5] [E21] batch 0470 | loss=0.6820 | acc=0.809
[F5] [E21] total_loss=317.850 | VAL acc=0.916 | F1=0.761 | kappa=0.844
[STOP] Early stopping fold=5
[F5] TEST acc=0.868 | macro-F1=0.700 | kappa=0.755
[F5] time=1.6 min
[SAVE] /scratch/lustre/home/viju8335/projects/sleep-staging-bsc/results/cv_cnn_fold5.json
