[CV] k=5 fold=4
[CV] TRAIN subjects (40): ['SC4002E0', 'SC4011E0', 'SC4012E0', 'SC4021E0', 'SC4022E0'] ...
[CV] VAL   subjects (1):   ['SC4001E0']
[CV] TEST  subjects (10):  ['SC4032E0', 'SC4051E0', 'SC4071E0', 'SC4091E0', 'SC4101E0'] ...
=== DEVICE: cuda ===
=== START TRAIN (CV fold) ===
[F4] [E01] batch 0000 | loss=1.6490 | acc=0.227
[F4] [E01] batch 0010 | loss=1.5097 | acc=0.250
[F4] [E01] batch 0020 | loss=1.4075 | acc=0.516
[F4] [E01] batch 0030 | loss=1.3338 | acc=0.539
[F4] [E01] batch 0040 | loss=1.2532 | acc=0.586
[F4] [E01] batch 0050 | loss=1.2036 | acc=0.609
[F4] [E01] batch 0060 | loss=1.1943 | acc=0.598
[F4] [E01] batch 0070 | loss=1.1351 | acc=0.621
[F4] [E01] batch 0080 | loss=1.1167 | acc=0.562
[F4] [E01] batch 0090 | loss=1.0541 | acc=0.629
[F4] [E01] batch 0100 | loss=1.0571 | acc=0.590
[F4] [E01] batch 0110 | loss=1.0353 | acc=0.602
[F4] [E01] batch 0120 | loss=0.9518 | acc=0.656
[F4] [E01] batch 0130 | loss=0.9756 | acc=0.656
[F4] [E01] batch 0140 | loss=0.9402 | acc=0.645
[F4] [E01] batch 0150 | loss=0.9986 | acc=0.625
[F4] [E01] batch 0160 | loss=0.8920 | acc=0.695
[F4] [E01] batch 0170 | loss=0.8814 | acc=0.699
[F4] [E01] batch 0180 | loss=0.9156 | acc=0.637
[F4] [E01] batch 0190 | loss=0.9478 | acc=0.656
[F4] [E01] batch 0200 | loss=0.9283 | acc=0.648
[F4] [E01] batch 0210 | loss=0.8797 | acc=0.703
[F4] [E01] batch 0220 | loss=0.8483 | acc=0.711
[F4] [E01] batch 0230 | loss=0.8400 | acc=0.738
[F4] [E01] batch 0240 | loss=0.8362 | acc=0.742
[F4] [E01] batch 0250 | loss=0.8385 | acc=0.719
[F4] [E01] batch 0260 | loss=0.8407 | acc=0.707
[F4] [E01] batch 0270 | loss=0.8325 | acc=0.707
[F4] [E01] batch 0280 | loss=0.7641 | acc=0.754
[F4] [E01] batch 0290 | loss=0.8178 | acc=0.746
[F4] [E01] batch 0300 | loss=0.7715 | acc=0.742
[F4] [E01] batch 0310 | loss=0.7713 | acc=0.746
[F4] [E01] batch 0320 | loss=0.7729 | acc=0.766
[F4] [E01] batch 0330 | loss=0.7392 | acc=0.781
[F4] [E01] batch 0340 | loss=0.8320 | acc=0.723
[F4] [E01] batch 0350 | loss=0.8129 | acc=0.746
[F4] [E01] batch 0360 | loss=0.7690 | acc=0.754
[F4] [E01] batch 0370 | loss=0.8061 | acc=0.742
[F4] [E01] batch 0380 | loss=0.8291 | acc=0.703
[F4] [E01] batch 0390 | loss=0.7939 | acc=0.781
[F4] [E01] batch 0400 | loss=0.7063 | acc=0.758
[F4] [E01] batch 0410 | loss=0.8034 | acc=0.723
[F4] [E01] batch 0420 | loss=0.7798 | acc=0.758
[F4] [E01] total_loss=407.735 | VAL acc=0.937 | F1=0.759 | kappa=0.853
[SAVE] best fold=4 (by VAL F1)
[F4] [E02] batch 0000 | loss=0.7844 | acc=0.719
[F4] [E02] batch 0010 | loss=0.7889 | acc=0.727
[F4] [E02] batch 0020 | loss=0.8003 | acc=0.730
[F4] [E02] batch 0030 | loss=0.7139 | acc=0.773
[F4] [E02] batch 0040 | loss=0.8084 | acc=0.715
[F4] [E02] batch 0050 | loss=0.7500 | acc=0.777
[F4] [E02] batch 0060 | loss=0.7690 | acc=0.762
[F4] [E02] batch 0070 | loss=0.7026 | acc=0.797
[F4] [E02] batch 0080 | loss=0.7889 | acc=0.750
[F4] [E02] batch 0090 | loss=0.8283 | acc=0.734
[F4] [E02] batch 0100 | loss=0.7849 | acc=0.734
[F4] [E02] batch 0110 | loss=0.7943 | acc=0.738
[F4] [E02] batch 0120 | loss=0.8484 | acc=0.695
[F4] [E02] batch 0130 | loss=0.6953 | acc=0.832
[F4] [E02] batch 0140 | loss=0.7369 | acc=0.773
[F4] [E02] batch 0150 | loss=0.7510 | acc=0.770
[F4] [E02] batch 0160 | loss=0.6864 | acc=0.777
[F4] [E02] batch 0170 | loss=0.8597 | acc=0.691
[F4] [E02] batch 0180 | loss=0.7554 | acc=0.758
[F4] [E02] batch 0190 | loss=0.7885 | acc=0.730
[F4] [E02] batch 0200 | loss=0.7182 | acc=0.766
[F4] [E02] batch 0210 | loss=0.7077 | acc=0.781
[F4] [E02] batch 0220 | loss=0.7778 | acc=0.750
[F4] [E02] batch 0230 | loss=0.7432 | acc=0.738
[F4] [E02] batch 0240 | loss=0.7924 | acc=0.730
[F4] [E02] batch 0250 | loss=0.6657 | acc=0.793
[F4] [E02] batch 0260 | loss=0.7263 | acc=0.793
[F4] [E02] batch 0270 | loss=0.8151 | acc=0.707
[F4] [E02] batch 0280 | loss=0.7557 | acc=0.785
[F4] [E02] batch 0290 | loss=0.7472 | acc=0.758
[F4] [E02] batch 0300 | loss=0.8480 | acc=0.699
[F4] [E02] batch 0310 | loss=0.6992 | acc=0.797
[F4] [E02] batch 0320 | loss=0.7382 | acc=0.781
[F4] [E02] batch 0330 | loss=0.7763 | acc=0.738
[F4] [E02] batch 0340 | loss=0.7117 | acc=0.770
[F4] [E02] batch 0350 | loss=0.7354 | acc=0.754
[F4] [E02] batch 0360 | loss=0.7112 | acc=0.773
[F4] [E02] batch 0370 | loss=0.6650 | acc=0.828
[F4] [E02] batch 0380 | loss=0.7765 | acc=0.746
[F4] [E02] batch 0390 | loss=0.7300 | acc=0.758
[F4] [E02] batch 0400 | loss=0.7430 | acc=0.742
[F4] [E02] batch 0410 | loss=0.7056 | acc=0.773
[F4] [E02] batch 0420 | loss=0.7821 | acc=0.738
[F4] [E02] total_loss=322.903 | VAL acc=0.936 | F1=0.784 | kappa=0.851
[SAVE] best fold=4 (by VAL F1)
[F4] [E03] batch 0000 | loss=0.6887 | acc=0.777
[F4] [E03] batch 0010 | loss=0.7237 | acc=0.801
[F4] [E03] batch 0020 | loss=0.7193 | acc=0.781
[F4] [E03] batch 0030 | loss=0.6994 | acc=0.797
[F4] [E03] batch 0040 | loss=0.6996 | acc=0.781
[F4] [E03] batch 0050 | loss=0.7568 | acc=0.734
[F4] [E03] batch 0060 | loss=0.7976 | acc=0.742
[F4] [E03] batch 0070 | loss=0.7877 | acc=0.734
[F4] [E03] batch 0080 | loss=0.7820 | acc=0.754
[F4] [E03] batch 0090 | loss=0.7056 | acc=0.781
[F4] [E03] batch 0100 | loss=0.7121 | acc=0.789
[F4] [E03] batch 0110 | loss=0.6592 | acc=0.812
[F4] [E03] batch 0120 | loss=0.7240 | acc=0.762
[F4] [E03] batch 0130 | loss=0.6801 | acc=0.793
[F4] [E03] batch 0140 | loss=0.7108 | acc=0.781
[F4] [E03] batch 0150 | loss=0.6747 | acc=0.820
[F4] [E03] batch 0160 | loss=0.6988 | acc=0.797
[F4] [E03] batch 0170 | loss=0.7423 | acc=0.793
[F4] [E03] batch 0180 | loss=0.7478 | acc=0.777
[F4] [E03] batch 0190 | loss=0.7214 | acc=0.762
[F4] [E03] batch 0200 | loss=0.7295 | acc=0.781
[F4] [E03] batch 0210 | loss=0.7027 | acc=0.812
[F4] [E03] batch 0220 | loss=0.7590 | acc=0.746
[F4] [E03] batch 0230 | loss=0.7469 | acc=0.758
[F4] [E03] batch 0240 | loss=0.7201 | acc=0.773
[F4] [E03] batch 0250 | loss=0.6553 | acc=0.816
[F4] [E03] batch 0260 | loss=0.7472 | acc=0.746
[F4] [E03] batch 0270 | loss=0.6990 | acc=0.793
[F4] [E03] batch 0280 | loss=0.7204 | acc=0.773
[F4] [E03] batch 0290 | loss=0.7358 | acc=0.770
[F4] [E03] batch 0300 | loss=0.7626 | acc=0.758
[F4] [E03] batch 0310 | loss=0.7610 | acc=0.758
[F4] [E03] batch 0320 | loss=0.7082 | acc=0.777
[F4] [E03] batch 0330 | loss=0.7142 | acc=0.805
[F4] [E03] batch 0340 | loss=0.7440 | acc=0.789
[F4] [E03] batch 0350 | loss=0.7329 | acc=0.781
[F4] [E03] batch 0360 | loss=0.7093 | acc=0.805
[F4] [E03] batch 0370 | loss=0.7084 | acc=0.793
[F4] [E03] batch 0380 | loss=0.7301 | acc=0.762
[F4] [E03] batch 0390 | loss=0.7498 | acc=0.785
[F4] [E03] batch 0400 | loss=0.6852 | acc=0.797
[F4] [E03] batch 0410 | loss=0.7560 | acc=0.777
[F4] [E03] batch 0420 | loss=0.7495 | acc=0.770
[F4] [E03] total_loss=310.351 | VAL acc=0.941 | F1=0.793 | kappa=0.862
[SAVE] best fold=4 (by VAL F1)
[F4] [E04] batch 0000 | loss=0.7346 | acc=0.781
[F4] [E04] batch 0010 | loss=0.7582 | acc=0.785
[F4] [E04] batch 0020 | loss=0.6424 | acc=0.816
[F4] [E04] batch 0030 | loss=0.7125 | acc=0.785
[F4] [E04] batch 0040 | loss=0.6939 | acc=0.793
[F4] [E04] batch 0050 | loss=0.7185 | acc=0.812
[F4] [E04] batch 0060 | loss=0.7602 | acc=0.793
[F4] [E04] batch 0070 | loss=0.7442 | acc=0.758
[F4] [E04] batch 0080 | loss=0.7013 | acc=0.797
[F4] [E04] batch 0090 | loss=0.6775 | acc=0.809
[F4] [E04] batch 0100 | loss=0.7512 | acc=0.777
[F4] [E04] batch 0110 | loss=0.6770 | acc=0.809
[F4] [E04] batch 0120 | loss=0.7797 | acc=0.766
[F4] [E04] batch 0130 | loss=0.6755 | acc=0.797
[F4] [E04] batch 0140 | loss=0.7550 | acc=0.746
[F4] [E04] batch 0150 | loss=0.6913 | acc=0.785
[F4] [E04] batch 0160 | loss=0.7370 | acc=0.773
[F4] [E04] batch 0170 | loss=0.6983 | acc=0.773
[F4] [E04] batch 0180 | loss=0.6947 | acc=0.805
[F4] [E04] batch 0190 | loss=0.8099 | acc=0.703
[F4] [E04] batch 0200 | loss=0.7774 | acc=0.766
[F4] [E04] batch 0210 | loss=0.7801 | acc=0.746
[F4] [E04] batch 0220 | loss=0.6841 | acc=0.789
[F4] [E04] batch 0230 | loss=0.7162 | acc=0.758
[F4] [E04] batch 0240 | loss=0.6843 | acc=0.781
[F4] [E04] batch 0250 | loss=0.7061 | acc=0.789
[F4] [E04] batch 0260 | loss=0.7426 | acc=0.762
[F4] [E04] batch 0270 | loss=0.7269 | acc=0.762
[F4] [E04] batch 0280 | loss=0.6451 | acc=0.816
[F4] [E04] batch 0290 | loss=0.7451 | acc=0.781
[F4] [E04] batch 0300 | loss=0.7829 | acc=0.715
[F4] [E04] batch 0310 | loss=0.7016 | acc=0.785
[F4] [E04] batch 0320 | loss=0.7026 | acc=0.793
[F4] [E04] batch 0330 | loss=0.6960 | acc=0.809
[F4] [E04] batch 0340 | loss=0.6834 | acc=0.781
[F4] [E04] batch 0350 | loss=0.6778 | acc=0.789
[F4] [E04] batch 0360 | loss=0.7357 | acc=0.785
[F4] [E04] batch 0370 | loss=0.7211 | acc=0.773
[F4] [E04] batch 0380 | loss=0.6517 | acc=0.812
[F4] [E04] batch 0390 | loss=0.6833 | acc=0.797
[F4] [E04] batch 0400 | loss=0.7334 | acc=0.781
[F4] [E04] batch 0410 | loss=0.6678 | acc=0.809
[F4] [E04] batch 0420 | loss=0.7130 | acc=0.797
[F4] [E04] total_loss=303.426 | VAL acc=0.940 | F1=0.789 | kappa=0.861
[F4] [E05] batch 0000 | loss=0.7451 | acc=0.758
[F4] [E05] batch 0010 | loss=0.7537 | acc=0.727
[F4] [E05] batch 0020 | loss=0.7002 | acc=0.789
[F4] [E05] batch 0030 | loss=0.6984 | acc=0.766
[F4] [E05] batch 0040 | loss=0.7416 | acc=0.781
[F4] [E05] batch 0050 | loss=0.7017 | acc=0.766
[F4] [E05] batch 0060 | loss=0.7335 | acc=0.750
[F4] [E05] batch 0070 | loss=0.6656 | acc=0.793
[F4] [E05] batch 0080 | loss=0.6756 | acc=0.812
[F4] [E05] batch 0090 | loss=0.6728 | acc=0.797
[F4] [E05] batch 0100 | loss=0.7218 | acc=0.766
[F4] [E05] batch 0110 | loss=0.6813 | acc=0.816
[F4] [E05] batch 0120 | loss=0.7028 | acc=0.793
[F4] [E05] batch 0130 | loss=0.7180 | acc=0.797
[F4] [E05] batch 0140 | loss=0.7492 | acc=0.762
[F4] [E05] batch 0150 | loss=0.7754 | acc=0.742
[F4] [E05] batch 0160 | loss=0.6531 | acc=0.820
[F4] [E05] batch 0170 | loss=0.7701 | acc=0.742
[F4] [E05] batch 0180 | loss=0.7118 | acc=0.789
[F4] [E05] batch 0190 | loss=0.7150 | acc=0.773
[F4] [E05] batch 0200 | loss=0.7032 | acc=0.781
[F4] [E05] batch 0210 | loss=0.7255 | acc=0.762
[F4] [E05] batch 0220 | loss=0.6732 | acc=0.809
[F4] [E05] batch 0230 | loss=0.6958 | acc=0.797
[F4] [E05] batch 0240 | loss=0.7403 | acc=0.758
[F4] [E05] batch 0250 | loss=0.7051 | acc=0.793
[F4] [E05] batch 0260 | loss=0.7036 | acc=0.766
[F4] [E05] batch 0270 | loss=0.7069 | acc=0.781
[F4] [E05] batch 0280 | loss=0.6740 | acc=0.793
[F4] [E05] batch 0290 | loss=0.6427 | acc=0.805
[F4] [E05] batch 0300 | loss=0.7764 | acc=0.746
[F4] [E05] batch 0310 | loss=0.6378 | acc=0.812
[F4] [E05] batch 0320 | loss=0.6030 | acc=0.832
[F4] [E05] batch 0330 | loss=0.6995 | acc=0.801
[F4] [E05] batch 0340 | loss=0.6927 | acc=0.801
[F4] [E05] batch 0350 | loss=0.6671 | acc=0.809
[F4] [E05] batch 0360 | loss=0.6847 | acc=0.793
[F4] [E05] batch 0370 | loss=0.6719 | acc=0.777
[F4] [E05] batch 0380 | loss=0.6418 | acc=0.828
[F4] [E05] batch 0390 | loss=0.7327 | acc=0.766
[F4] [E05] batch 0400 | loss=0.7118 | acc=0.809
[F4] [E05] batch 0410 | loss=0.6891 | acc=0.820
[F4] [E05] batch 0420 | loss=0.7327 | acc=0.730
[F4] [E05] total_loss=300.865 | VAL acc=0.941 | F1=0.784 | kappa=0.862
[F4] [E06] batch 0000 | loss=0.7147 | acc=0.766
[F4] [E06] batch 0010 | loss=0.6562 | acc=0.793
[F4] [E06] batch 0020 | loss=0.7029 | acc=0.801
[F4] [E06] batch 0030 | loss=0.6153 | acc=0.855
[F4] [E06] batch 0040 | loss=0.6772 | acc=0.805
[F4] [E06] batch 0050 | loss=0.7108 | acc=0.801
[F4] [E06] batch 0060 | loss=0.7516 | acc=0.777
[F4] [E06] batch 0070 | loss=0.7411 | acc=0.762
[F4] [E06] batch 0080 | loss=0.6879 | acc=0.832
[F4] [E06] batch 0090 | loss=0.6524 | acc=0.805
[F4] [E06] batch 0100 | loss=0.7529 | acc=0.789
[F4] [E06] batch 0110 | loss=0.7333 | acc=0.766
[F4] [E06] batch 0120 | loss=0.7371 | acc=0.773
[F4] [E06] batch 0130 | loss=0.6592 | acc=0.809
[F4] [E06] batch 0140 | loss=0.6675 | acc=0.809
[F4] [E06] batch 0150 | loss=0.6775 | acc=0.812
[F4] [E06] batch 0160 | loss=0.7060 | acc=0.762
[F4] [E06] batch 0170 | loss=0.6432 | acc=0.797
[F4] [E06] batch 0180 | loss=0.7104 | acc=0.773
[F4] [E06] batch 0190 | loss=0.6974 | acc=0.805
[F4] [E06] batch 0200 | loss=0.7220 | acc=0.758
[F4] [E06] batch 0210 | loss=0.7014 | acc=0.781
[F4] [E06] batch 0220 | loss=0.6962 | acc=0.777
[F4] [E06] batch 0230 | loss=0.6764 | acc=0.777
[F4] [E06] batch 0240 | loss=0.6928 | acc=0.777
[F4] [E06] batch 0250 | loss=0.7293 | acc=0.777
[F4] [E06] batch 0260 | loss=0.7010 | acc=0.789
[F4] [E06] batch 0270 | loss=0.6243 | acc=0.812
[F4] [E06] batch 0280 | loss=0.6434 | acc=0.828
[F4] [E06] batch 0290 | loss=0.6995 | acc=0.766
[F4] [E06] batch 0300 | loss=0.7199 | acc=0.793
[F4] [E06] batch 0310 | loss=0.7252 | acc=0.805
[F4] [E06] batch 0320 | loss=0.6407 | acc=0.844
[F4] [E06] batch 0330 | loss=0.6791 | acc=0.809
[F4] [E06] batch 0340 | loss=0.6167 | acc=0.832
[F4] [E06] batch 0350 | loss=0.6381 | acc=0.816
[F4] [E06] batch 0360 | loss=0.6956 | acc=0.789
[F4] [E06] batch 0370 | loss=0.6779 | acc=0.801
[F4] [E06] batch 0380 | loss=0.6855 | acc=0.797
[F4] [E06] batch 0390 | loss=0.7116 | acc=0.785
[F4] [E06] batch 0400 | loss=0.6414 | acc=0.812
[F4] [E06] batch 0410 | loss=0.7025 | acc=0.773
[F4] [E06] batch 0420 | loss=0.6904 | acc=0.805
[F4] [E06] total_loss=295.720 | VAL acc=0.937 | F1=0.786 | kappa=0.853
[F4] [E07] batch 0000 | loss=0.7477 | acc=0.789
[F4] [E07] batch 0010 | loss=0.6600 | acc=0.785
[F4] [E07] batch 0020 | loss=0.7090 | acc=0.809
[F4] [E07] batch 0030 | loss=0.6795 | acc=0.758
[F4] [E07] batch 0040 | loss=0.6907 | acc=0.801
[F4] [E07] batch 0050 | loss=0.6922 | acc=0.777
[F4] [E07] batch 0060 | loss=0.6733 | acc=0.809
[F4] [E07] batch 0070 | loss=0.7443 | acc=0.770
[F4] [E07] batch 0080 | loss=0.6829 | acc=0.805
[F4] [E07] batch 0090 | loss=0.6571 | acc=0.820
[F4] [E07] batch 0100 | loss=0.7038 | acc=0.781
[F4] [E07] batch 0110 | loss=0.6990 | acc=0.793
[F4] [E07] batch 0120 | loss=0.6513 | acc=0.805
[F4] [E07] batch 0130 | loss=0.6369 | acc=0.828
[F4] [E07] batch 0140 | loss=0.6250 | acc=0.832
[F4] [E07] batch 0150 | loss=0.6319 | acc=0.832
[F4] [E07] batch 0160 | loss=0.7352 | acc=0.801
[F4] [E07] batch 0170 | loss=0.6893 | acc=0.801
[F4] [E07] batch 0180 | loss=0.6238 | acc=0.836
[F4] [E07] batch 0190 | loss=0.7222 | acc=0.766
[F4] [E07] batch 0200 | loss=0.6508 | acc=0.820
[F4] [E07] batch 0210 | loss=0.7408 | acc=0.785
[F4] [E07] batch 0220 | loss=0.6700 | acc=0.809
[F4] [E07] batch 0230 | loss=0.6610 | acc=0.812
[F4] [E07] batch 0240 | loss=0.6227 | acc=0.852
[F4] [E07] batch 0250 | loss=0.6628 | acc=0.832
[F4] [E07] batch 0260 | loss=0.6945 | acc=0.766
[F4] [E07] batch 0270 | loss=0.7050 | acc=0.781
[F4] [E07] batch 0280 | loss=0.6825 | acc=0.797
[F4] [E07] batch 0290 | loss=0.5990 | acc=0.848
[F4] [E07] batch 0300 | loss=0.7096 | acc=0.777
[F4] [E07] batch 0310 | loss=0.6618 | acc=0.770
[F4] [E07] batch 0320 | loss=0.6486 | acc=0.824
[F4] [E07] batch 0330 | loss=0.6031 | acc=0.824
[F4] [E07] batch 0340 | loss=0.7815 | acc=0.754
[F4] [E07] batch 0350 | loss=0.6779 | acc=0.805
[F4] [E07] batch 0360 | loss=0.6878 | acc=0.785
[F4] [E07] batch 0370 | loss=0.6954 | acc=0.801
[F4] [E07] batch 0380 | loss=0.6399 | acc=0.781
[F4] [E07] batch 0390 | loss=0.6639 | acc=0.805
[F4] [E07] batch 0400 | loss=0.7200 | acc=0.754
[F4] [E07] batch 0410 | loss=0.6491 | acc=0.793
[F4] [E07] batch 0420 | loss=0.7194 | acc=0.777
[F4] [E07] total_loss=293.068 | VAL acc=0.943 | F1=0.799 | kappa=0.866
[SAVE] best fold=4 (by VAL F1)
[F4] [E08] batch 0000 | loss=0.6952 | acc=0.766
[F4] [E08] batch 0010 | loss=0.6968 | acc=0.797
[F4] [E08] batch 0020 | loss=0.7164 | acc=0.758
[F4] [E08] batch 0030 | loss=0.6319 | acc=0.844
[F4] [E08] batch 0040 | loss=0.6886 | acc=0.809
[F4] [E08] batch 0050 | loss=0.6938 | acc=0.785
[F4] [E08] batch 0060 | loss=0.6899 | acc=0.773
[F4] [E08] batch 0070 | loss=0.6213 | acc=0.828
[F4] [E08] batch 0080 | loss=0.7133 | acc=0.773
[F4] [E08] batch 0090 | loss=0.6266 | acc=0.824
[F4] [E08] batch 0100 | loss=0.6782 | acc=0.797
[F4] [E08] batch 0110 | loss=0.6603 | acc=0.801
[F4] [E08] batch 0120 | loss=0.6246 | acc=0.848
[F4] [E08] batch 0130 | loss=0.6610 | acc=0.816
[F4] [E08] batch 0140 | loss=0.6902 | acc=0.789
[F4] [E08] batch 0150 | loss=0.6487 | acc=0.832
[F4] [E08] batch 0160 | loss=0.6398 | acc=0.832
[F4] [E08] batch 0170 | loss=0.6740 | acc=0.812
[F4] [E08] batch 0180 | loss=0.7443 | acc=0.770
[F4] [E08] batch 0190 | loss=0.7171 | acc=0.777
[F4] [E08] batch 0200 | loss=0.6850 | acc=0.762
[F4] [E08] batch 0210 | loss=0.6892 | acc=0.801
[F4] [E08] batch 0220 | loss=0.6319 | acc=0.816
[F4] [E08] batch 0230 | loss=0.6795 | acc=0.777
[F4] [E08] batch 0240 | loss=0.6516 | acc=0.805
[F4] [E08] batch 0250 | loss=0.6812 | acc=0.777
[F4] [E08] batch 0260 | loss=0.6372 | acc=0.828
[F4] [E08] batch 0270 | loss=0.7620 | acc=0.750
[F4] [E08] batch 0280 | loss=0.6705 | acc=0.793
[F4] [E08] batch 0290 | loss=0.6941 | acc=0.805
[F4] [E08] batch 0300 | loss=0.6309 | acc=0.832
[F4] [E08] batch 0310 | loss=0.6821 | acc=0.812
[F4] [E08] batch 0320 | loss=0.6103 | acc=0.824
[F4] [E08] batch 0330 | loss=0.6595 | acc=0.816
[F4] [E08] batch 0340 | loss=0.6531 | acc=0.844
[F4] [E08] batch 0350 | loss=0.6480 | acc=0.816
[F4] [E08] batch 0360 | loss=0.6433 | acc=0.824
[F4] [E08] batch 0370 | loss=0.7184 | acc=0.785
[F4] [E08] batch 0380 | loss=0.7214 | acc=0.801
[F4] [E08] batch 0390 | loss=0.7006 | acc=0.801
[F4] [E08] batch 0400 | loss=0.7101 | acc=0.793
[F4] [E08] batch 0410 | loss=0.6535 | acc=0.789
[F4] [E08] batch 0420 | loss=0.6696 | acc=0.812
[F4] [E08] total_loss=291.740 | VAL acc=0.942 | F1=0.792 | kappa=0.863
[F4] [E09] batch 0000 | loss=0.6896 | acc=0.805
[F4] [E09] batch 0010 | loss=0.6369 | acc=0.852
[F4] [E09] batch 0020 | loss=0.6445 | acc=0.828
[F4] [E09] batch 0030 | loss=0.6721 | acc=0.797
[F4] [E09] batch 0040 | loss=0.6617 | acc=0.812
[F4] [E09] batch 0050 | loss=0.7119 | acc=0.812
[F4] [E09] batch 0060 | loss=0.6539 | acc=0.793
[F4] [E09] batch 0070 | loss=0.7390 | acc=0.781
[F4] [E09] batch 0080 | loss=0.7196 | acc=0.777
[F4] [E09] batch 0090 | loss=0.7312 | acc=0.754
[F4] [E09] batch 0100 | loss=0.6962 | acc=0.785
[F4] [E09] batch 0110 | loss=0.6894 | acc=0.801
[F4] [E09] batch 0120 | loss=0.6900 | acc=0.816
[F4] [E09] batch 0130 | loss=0.6237 | acc=0.832
[F4] [E09] batch 0140 | loss=0.7165 | acc=0.762
[F4] [E09] batch 0150 | loss=0.6782 | acc=0.789
[F4] [E09] batch 0160 | loss=0.6672 | acc=0.797
[F4] [E09] batch 0170 | loss=0.6877 | acc=0.801
[F4] [E09] batch 0180 | loss=0.6597 | acc=0.828
[F4] [E09] batch 0190 | loss=0.7433 | acc=0.770
[F4] [E09] batch 0200 | loss=0.7417 | acc=0.758
[F4] [E09] batch 0210 | loss=0.6064 | acc=0.852
[F4] [E09] batch 0220 | loss=0.6892 | acc=0.801
[F4] [E09] batch 0230 | loss=0.6561 | acc=0.809
[F4] [E09] batch 0240 | loss=0.7502 | acc=0.754
[F4] [E09] batch 0250 | loss=0.6646 | acc=0.812
[F4] [E09] batch 0260 | loss=0.6195 | acc=0.820
[F4] [E09] batch 0270 | loss=0.7020 | acc=0.789
[F4] [E09] batch 0280 | loss=0.6966 | acc=0.750
[F4] [E09] batch 0290 | loss=0.6315 | acc=0.820
[F4] [E09] batch 0300 | loss=0.7277 | acc=0.758
[F4] [E09] batch 0310 | loss=0.6894 | acc=0.785
[F4] [E09] batch 0320 | loss=0.6733 | acc=0.789
[F4] [E09] batch 0330 | loss=0.6815 | acc=0.773
[F4] [E09] batch 0340 | loss=0.6333 | acc=0.832
[F4] [E09] batch 0350 | loss=0.7529 | acc=0.773
[F4] [E09] batch 0360 | loss=0.6829 | acc=0.793
[F4] [E09] batch 0370 | loss=0.7016 | acc=0.766
[F4] [E09] batch 0380 | loss=0.7118 | acc=0.770
[F4] [E09] batch 0390 | loss=0.7261 | acc=0.770
[F4] [E09] batch 0400 | loss=0.7527 | acc=0.785
[F4] [E09] batch 0410 | loss=0.6748 | acc=0.793
[F4] [E09] batch 0420 | loss=0.5693 | acc=0.879
[F4] [E09] total_loss=290.219 | VAL acc=0.926 | F1=0.752 | kappa=0.828
[F4] [E10] batch 0000 | loss=0.5782 | acc=0.875
[F4] [E10] batch 0010 | loss=0.6619 | acc=0.812
[F4] [E10] batch 0020 | loss=0.6867 | acc=0.797
[F4] [E10] batch 0030 | loss=0.6961 | acc=0.801
[F4] [E10] batch 0040 | loss=0.6976 | acc=0.801
[F4] [E10] batch 0050 | loss=0.7181 | acc=0.785
[F4] [E10] batch 0060 | loss=0.7492 | acc=0.773
[F4] [E10] batch 0070 | loss=0.7282 | acc=0.781
[F4] [E10] batch 0080 | loss=0.6198 | acc=0.828
[F4] [E10] batch 0090 | loss=0.7341 | acc=0.793
[F4] [E10] batch 0100 | loss=0.6717 | acc=0.797
[F4] [E10] batch 0110 | loss=0.6647 | acc=0.832
[F4] [E10] batch 0120 | loss=0.7230 | acc=0.777
[F4] [E10] batch 0130 | loss=0.6667 | acc=0.801
[F4] [E10] batch 0140 | loss=0.6498 | acc=0.816
[F4] [E10] batch 0150 | loss=0.7090 | acc=0.773
[F4] [E10] batch 0160 | loss=0.6565 | acc=0.793
[F4] [E10] batch 0170 | loss=0.6563 | acc=0.785
[F4] [E10] batch 0180 | loss=0.6607 | acc=0.793
[F4] [E10] batch 0190 | loss=0.6340 | acc=0.836
[F4] [E10] batch 0200 | loss=0.6675 | acc=0.824
[F4] [E10] batch 0210 | loss=0.6201 | acc=0.855
[F4] [E10] batch 0220 | loss=0.5969 | acc=0.840
[F4] [E10] batch 0230 | loss=0.6649 | acc=0.812
[F4] [E10] batch 0240 | loss=0.7135 | acc=0.773
[F4] [E10] batch 0250 | loss=0.7203 | acc=0.746
[F4] [E10] batch 0260 | loss=0.6374 | acc=0.812
[F4] [E10] batch 0270 | loss=0.7119 | acc=0.777
[F4] [E10] batch 0280 | loss=0.6650 | acc=0.809
[F4] [E10] batch 0290 | loss=0.6337 | acc=0.828
[F4] [E10] batch 0300 | loss=0.6311 | acc=0.824
[F4] [E10] batch 0310 | loss=0.6586 | acc=0.809
[F4] [E10] batch 0320 | loss=0.6293 | acc=0.844
[F4] [E10] batch 0330 | loss=0.6391 | acc=0.812
[F4] [E10] batch 0340 | loss=0.6637 | acc=0.820
[F4] [E10] batch 0350 | loss=0.7026 | acc=0.777
[F4] [E10] batch 0360 | loss=0.6324 | acc=0.832
[F4] [E10] batch 0370 | loss=0.5984 | acc=0.840
[F4] [E10] batch 0380 | loss=0.6856 | acc=0.785
[F4] [E10] batch 0390 | loss=0.6586 | acc=0.828
[F4] [E10] batch 0400 | loss=0.6437 | acc=0.793
[F4] [E10] batch 0410 | loss=0.7163 | acc=0.785
[F4] [E10] batch 0420 | loss=0.7400 | acc=0.766
[F4] [E10] total_loss=288.148 | VAL acc=0.939 | F1=0.787 | kappa=0.859
[F4] [E11] batch 0000 | loss=0.6811 | acc=0.797
[F4] [E11] batch 0010 | loss=0.7014 | acc=0.793
[F4] [E11] batch 0020 | loss=0.6453 | acc=0.816
[F4] [E11] batch 0030 | loss=0.6968 | acc=0.777
[F4] [E11] batch 0040 | loss=0.6888 | acc=0.793
[F4] [E11] batch 0050 | loss=0.6879 | acc=0.777
[F4] [E11] batch 0060 | loss=0.6665 | acc=0.801
[F4] [E11] batch 0070 | loss=0.6313 | acc=0.828
[F4] [E11] batch 0080 | loss=0.6650 | acc=0.777
[F4] [E11] batch 0090 | loss=0.6420 | acc=0.840
[F4] [E11] batch 0100 | loss=0.7075 | acc=0.785
[F4] [E11] batch 0110 | loss=0.7085 | acc=0.762
[F4] [E11] batch 0120 | loss=0.6467 | acc=0.816
[F4] [E11] batch 0130 | loss=0.7013 | acc=0.781
[F4] [E11] batch 0140 | loss=0.7178 | acc=0.797
[F4] [E11] batch 0150 | loss=0.6413 | acc=0.840
[F4] [E11] batch 0160 | loss=0.6604 | acc=0.797
[F4] [E11] batch 0170 | loss=0.7027 | acc=0.801
[F4] [E11] batch 0180 | loss=0.6752 | acc=0.777
[F4] [E11] batch 0190 | loss=0.7122 | acc=0.785
[F4] [E11] batch 0200 | loss=0.6679 | acc=0.809
[F4] [E11] batch 0210 | loss=0.7156 | acc=0.781
[F4] [E11] batch 0220 | loss=0.6476 | acc=0.809
[F4] [E11] batch 0230 | loss=0.6348 | acc=0.848
[F4] [E11] batch 0240 | loss=0.6310 | acc=0.840
[F4] [E11] batch 0250 | loss=0.6460 | acc=0.805
[F4] [E11] batch 0260 | loss=0.7267 | acc=0.773
[F4] [E11] batch 0270 | loss=0.6513 | acc=0.832
[F4] [E11] batch 0280 | loss=0.6876 | acc=0.797
[F4] [E11] batch 0290 | loss=0.6673 | acc=0.773
[F4] [E11] batch 0300 | loss=0.7047 | acc=0.781
[F4] [E11] batch 0310 | loss=0.7136 | acc=0.777
[F4] [E11] batch 0320 | loss=0.6385 | acc=0.820
[F4] [E11] batch 0330 | loss=0.6892 | acc=0.805
[F4] [E11] batch 0340 | loss=0.6739 | acc=0.785
[F4] [E11] batch 0350 | loss=0.7034 | acc=0.789
[F4] [E11] batch 0360 | loss=0.7074 | acc=0.777
[F4] [E11] batch 0370 | loss=0.6780 | acc=0.770
[F4] [E11] batch 0380 | loss=0.6794 | acc=0.797
[F4] [E11] batch 0390 | loss=0.6484 | acc=0.828
[F4] [E11] batch 0400 | loss=0.6127 | acc=0.836
[F4] [E11] batch 0410 | loss=0.7102 | acc=0.754
[F4] [E11] batch 0420 | loss=0.6894 | acc=0.785
[F4] [E11] total_loss=286.520 | VAL acc=0.925 | F1=0.719 | kappa=0.824
[F4] [E12] batch 0000 | loss=0.6830 | acc=0.781
[F4] [E12] batch 0010 | loss=0.6422 | acc=0.809
[F4] [E12] batch 0020 | loss=0.7194 | acc=0.797
[F4] [E12] batch 0030 | loss=0.7056 | acc=0.773
[F4] [E12] batch 0040 | loss=0.7161 | acc=0.785
[F4] [E12] batch 0050 | loss=0.6987 | acc=0.773
[F4] [E12] batch 0060 | loss=0.6050 | acc=0.832
[F4] [E12] batch 0070 | loss=0.7479 | acc=0.750
[F4] [E12] batch 0080 | loss=0.7548 | acc=0.758
[F4] [E12] batch 0090 | loss=0.6820 | acc=0.809
[F4] [E12] batch 0100 | loss=0.6652 | acc=0.797
[F4] [E12] batch 0110 | loss=0.6930 | acc=0.781
[F4] [E12] batch 0120 | loss=0.6252 | acc=0.809
[F4] [E12] batch 0130 | loss=0.7150 | acc=0.773
[F4] [E12] batch 0140 | loss=0.6640 | acc=0.789
[F4] [E12] batch 0150 | loss=0.6420 | acc=0.844
[F4] [E12] batch 0160 | loss=0.6156 | acc=0.824
[F4] [E12] batch 0170 | loss=0.6277 | acc=0.793
[F4] [E12] batch 0180 | loss=0.6411 | acc=0.809
[F4] [E12] batch 0190 | loss=0.7102 | acc=0.789
[F4] [E12] batch 0200 | loss=0.6519 | acc=0.832
[F4] [E12] batch 0210 | loss=0.6422 | acc=0.805
[F4] [E12] batch 0220 | loss=0.6678 | acc=0.820
[F4] [E12] batch 0230 | loss=0.6823 | acc=0.836
[F4] [E12] batch 0240 | loss=0.7109 | acc=0.801
[F4] [E12] batch 0250 | loss=0.7164 | acc=0.785
[F4] [E12] batch 0260 | loss=0.6392 | acc=0.824
[F4] [E12] batch 0270 | loss=0.6715 | acc=0.789
[F4] [E12] batch 0280 | loss=0.7495 | acc=0.762
[F4] [E12] batch 0290 | loss=0.6520 | acc=0.844
[F4] [E12] batch 0300 | loss=0.6058 | acc=0.836
[F4] [E12] batch 0310 | loss=0.6499 | acc=0.812
[F4] [E12] batch 0320 | loss=0.6219 | acc=0.836
[F4] [E12] batch 0330 | loss=0.5980 | acc=0.836
[F4] [E12] batch 0340 | loss=0.6517 | acc=0.820
[F4] [E12] batch 0350 | loss=0.5968 | acc=0.848
[F4] [E12] batch 0360 | loss=0.5901 | acc=0.871
[F4] [E12] batch 0370 | loss=0.6300 | acc=0.824
[F4] [E12] batch 0380 | loss=0.6234 | acc=0.848
[F4] [E12] batch 0390 | loss=0.7245 | acc=0.770
[F4] [E12] batch 0400 | loss=0.6782 | acc=0.809
[F4] [E12] batch 0410 | loss=0.6967 | acc=0.797
[F4] [E12] batch 0420 | loss=0.6798 | acc=0.797
[F4] [E12] total_loss=285.309 | VAL acc=0.933 | F1=0.767 | kappa=0.846
[F4] [E13] batch 0000 | loss=0.7473 | acc=0.746
[F4] [E13] batch 0010 | loss=0.6081 | acc=0.828
[F4] [E13] batch 0020 | loss=0.7448 | acc=0.766
[F4] [E13] batch 0030 | loss=0.6674 | acc=0.809
[F4] [E13] batch 0040 | loss=0.6904 | acc=0.777
[F4] [E13] batch 0050 | loss=0.7209 | acc=0.770
[F4] [E13] batch 0060 | loss=0.6593 | acc=0.801
[F4] [E13] batch 0070 | loss=0.6896 | acc=0.793
[F4] [E13] batch 0080 | loss=0.6414 | acc=0.828
[F4] [E13] batch 0090 | loss=0.6475 | acc=0.824
[F4] [E13] batch 0100 | loss=0.7096 | acc=0.785
[F4] [E13] batch 0110 | loss=0.6256 | acc=0.824
[F4] [E13] batch 0120 | loss=0.6632 | acc=0.805
[F4] [E13] batch 0130 | loss=0.6071 | acc=0.836
[F4] [E13] batch 0140 | loss=0.6130 | acc=0.824
[F4] [E13] batch 0150 | loss=0.6533 | acc=0.820
[F4] [E13] batch 0160 | loss=0.6430 | acc=0.828
[F4] [E13] batch 0170 | loss=0.6892 | acc=0.797
[F4] [E13] batch 0180 | loss=0.7201 | acc=0.773
[F4] [E13] batch 0190 | loss=0.6560 | acc=0.809
[F4] [E13] batch 0200 | loss=0.6433 | acc=0.797
[F4] [E13] batch 0210 | loss=0.7127 | acc=0.785
[F4] [E13] batch 0220 | loss=0.6916 | acc=0.777
[F4] [E13] batch 0230 | loss=0.5951 | acc=0.844
[F4] [E13] batch 0240 | loss=0.7088 | acc=0.781
[F4] [E13] batch 0250 | loss=0.6157 | acc=0.824
[F4] [E13] batch 0260 | loss=0.7115 | acc=0.801
[F4] [E13] batch 0270 | loss=0.6324 | acc=0.828
[F4] [E13] batch 0280 | loss=0.6510 | acc=0.836
[F4] [E13] batch 0290 | loss=0.6820 | acc=0.828
[F4] [E13] batch 0300 | loss=0.6892 | acc=0.785
[F4] [E13] batch 0310 | loss=0.6429 | acc=0.836
[F4] [E13] batch 0320 | loss=0.6968 | acc=0.770
[F4] [E13] batch 0330 | loss=0.6028 | acc=0.844
[F4] [E13] batch 0340 | loss=0.6659 | acc=0.812
[F4] [E13] batch 0350 | loss=0.6219 | acc=0.836
[F4] [E13] batch 0360 | loss=0.6269 | acc=0.840
[F4] [E13] batch 0370 | loss=0.6348 | acc=0.809
[F4] [E13] batch 0380 | loss=0.6821 | acc=0.809
[F4] [E13] batch 0390 | loss=0.6341 | acc=0.844
[F4] [E13] batch 0400 | loss=0.6170 | acc=0.820
[F4] [E13] batch 0410 | loss=0.6640 | acc=0.805
[F4] [E13] batch 0420 | loss=0.6630 | acc=0.805
[F4] [E13] total_loss=282.385 | VAL acc=0.934 | F1=0.767 | kappa=0.847
[F4] [E14] batch 0000 | loss=0.6611 | acc=0.809
[F4] [E14] batch 0010 | loss=0.6878 | acc=0.789
[F4] [E14] batch 0020 | loss=0.6491 | acc=0.816
[F4] [E14] batch 0030 | loss=0.5950 | acc=0.820
[F4] [E14] batch 0040 | loss=0.6557 | acc=0.812
[F4] [E14] batch 0050 | loss=0.7211 | acc=0.805
[F4] [E14] batch 0060 | loss=0.6458 | acc=0.801
[F4] [E14] batch 0070 | loss=0.6517 | acc=0.789
[F4] [E14] batch 0080 | loss=0.6404 | acc=0.801
[F4] [E14] batch 0090 | loss=0.5830 | acc=0.855
[F4] [E14] batch 0100 | loss=0.6633 | acc=0.789
[F4] [E14] batch 0110 | loss=0.6305 | acc=0.816
[F4] [E14] batch 0120 | loss=0.6547 | acc=0.801
[F4] [E14] batch 0130 | loss=0.6461 | acc=0.809
[F4] [E14] batch 0140 | loss=0.6346 | acc=0.828
[F4] [E14] batch 0150 | loss=0.6189 | acc=0.832
[F4] [E14] batch 0160 | loss=0.5996 | acc=0.824
[F4] [E14] batch 0170 | loss=0.6425 | acc=0.801
[F4] [E14] batch 0180 | loss=0.6927 | acc=0.809
[F4] [E14] batch 0190 | loss=0.6591 | acc=0.812
[F4] [E14] batch 0200 | loss=0.6740 | acc=0.789
[F4] [E14] batch 0210 | loss=0.5934 | acc=0.859
[F4] [E14] batch 0220 | loss=0.6652 | acc=0.816
[F4] [E14] batch 0230 | loss=0.6899 | acc=0.801
[F4] [E14] batch 0240 | loss=0.6416 | acc=0.809
[F4] [E14] batch 0250 | loss=0.7421 | acc=0.781
[F4] [E14] batch 0260 | loss=0.6173 | acc=0.832
[F4] [E14] batch 0270 | loss=0.6357 | acc=0.848
[F4] [E14] batch 0280 | loss=0.6223 | acc=0.836
[F4] [E14] batch 0290 | loss=0.5374 | acc=0.863
[F4] [E14] batch 0300 | loss=0.7239 | acc=0.773
[F4] [E14] batch 0310 | loss=0.6403 | acc=0.809
[F4] [E14] batch 0320 | loss=0.7020 | acc=0.777
[F4] [E14] batch 0330 | loss=0.6803 | acc=0.797
[F4] [E14] batch 0340 | loss=0.6036 | acc=0.848
[F4] [E14] batch 0350 | loss=0.6635 | acc=0.789
[F4] [E14] batch 0360 | loss=0.6439 | acc=0.805
[F4] [E14] batch 0370 | loss=0.6724 | acc=0.781
[F4] [E14] batch 0380 | loss=0.6301 | acc=0.816
[F4] [E14] batch 0390 | loss=0.6676 | acc=0.797
[F4] [E14] batch 0400 | loss=0.6395 | acc=0.844
[F4] [E14] batch 0410 | loss=0.6177 | acc=0.828
[F4] [E14] batch 0420 | loss=0.6861 | acc=0.781
[F4] [E14] total_loss=282.826 | VAL acc=0.936 | F1=0.787 | kappa=0.852
[F4] [E15] batch 0000 | loss=0.6323 | acc=0.828
[F4] [E15] batch 0010 | loss=0.6762 | acc=0.797
[F4] [E15] batch 0020 | loss=0.7079 | acc=0.770
[F4] [E15] batch 0030 | loss=0.6754 | acc=0.801
[F4] [E15] batch 0040 | loss=0.7277 | acc=0.781
[F4] [E15] batch 0050 | loss=0.6227 | acc=0.828
[F4] [E15] batch 0060 | loss=0.6520 | acc=0.801
[F4] [E15] batch 0070 | loss=0.5915 | acc=0.883
[F4] [E15] batch 0080 | loss=0.7166 | acc=0.777
[F4] [E15] batch 0090 | loss=0.7194 | acc=0.754
[F4] [E15] batch 0100 | loss=0.6908 | acc=0.793
[F4] [E15] batch 0110 | loss=0.6861 | acc=0.785
[F4] [E15] batch 0120 | loss=0.6749 | acc=0.801
[F4] [E15] batch 0130 | loss=0.6309 | acc=0.832
[F4] [E15] batch 0140 | loss=0.6617 | acc=0.816
[F4] [E15] batch 0150 | loss=0.6347 | acc=0.816
[F4] [E15] batch 0160 | loss=0.6122 | acc=0.820
[F4] [E15] batch 0170 | loss=0.6209 | acc=0.832
[F4] [E15] batch 0180 | loss=0.6354 | acc=0.809
[F4] [E15] batch 0190 | loss=0.6449 | acc=0.820
[F4] [E15] batch 0200 | loss=0.6120 | acc=0.859
[F4] [E15] batch 0210 | loss=0.6320 | acc=0.820
[F4] [E15] batch 0220 | loss=0.6378 | acc=0.828
[F4] [E15] batch 0230 | loss=0.6508 | acc=0.797
[F4] [E15] batch 0240 | loss=0.6555 | acc=0.805
[F4] [E15] batch 0250 | loss=0.6296 | acc=0.852
[F4] [E15] batch 0260 | loss=0.6176 | acc=0.809
[F4] [E15] batch 0270 | loss=0.6626 | acc=0.785
[F4] [E15] batch 0280 | loss=0.6561 | acc=0.828
[F4] [E15] batch 0290 | loss=0.6233 | acc=0.820
[F4] [E15] batch 0300 | loss=0.6759 | acc=0.781
[F4] [E15] batch 0310 | loss=0.5884 | acc=0.828
[F4] [E15] batch 0320 | loss=0.6624 | acc=0.812
[F4] [E15] batch 0330 | loss=0.6790 | acc=0.781
[F4] [E15] batch 0340 | loss=0.6055 | acc=0.848
[F4] [E15] batch 0350 | loss=0.6704 | acc=0.812
[F4] [E15] batch 0360 | loss=0.6938 | acc=0.797
[F4] [E15] batch 0370 | loss=0.7290 | acc=0.773
[F4] [E15] batch 0380 | loss=0.6879 | acc=0.777
[F4] [E15] batch 0390 | loss=0.6718 | acc=0.820
[F4] [E15] batch 0400 | loss=0.6883 | acc=0.805
[F4] [E15] batch 0410 | loss=0.6635 | acc=0.781
[F4] [E15] batch 0420 | loss=0.6488 | acc=0.828
[F4] [E15] total_loss=282.291 | VAL acc=0.936 | F1=0.771 | kappa=0.850
[F4] [E16] batch 0000 | loss=0.6327 | acc=0.832
[F4] [E16] batch 0010 | loss=0.6416 | acc=0.812
[F4] [E16] batch 0020 | loss=0.6211 | acc=0.844
[F4] [E16] batch 0030 | loss=0.7329 | acc=0.770
[F4] [E16] batch 0040 | loss=0.6852 | acc=0.785
[F4] [E16] batch 0050 | loss=0.7004 | acc=0.801
[F4] [E16] batch 0060 | loss=0.5967 | acc=0.883
[F4] [E16] batch 0070 | loss=0.5893 | acc=0.855
[F4] [E16] batch 0080 | loss=0.6748 | acc=0.789
[F4] [E16] batch 0090 | loss=0.6277 | acc=0.820
[F4] [E16] batch 0100 | loss=0.6712 | acc=0.828
[F4] [E16] batch 0110 | loss=0.6436 | acc=0.805
[F4] [E16] batch 0120 | loss=0.6627 | acc=0.789
[F4] [E16] batch 0130 | loss=0.6547 | acc=0.797
[F4] [E16] batch 0140 | loss=0.6482 | acc=0.812
[F4] [E16] batch 0150 | loss=0.6541 | acc=0.805
[F4] [E16] batch 0160 | loss=0.6587 | acc=0.809
[F4] [E16] batch 0170 | loss=0.6294 | acc=0.840
[F4] [E16] batch 0180 | loss=0.6519 | acc=0.828
[F4] [E16] batch 0190 | loss=0.6496 | acc=0.809
[F4] [E16] batch 0200 | loss=0.6957 | acc=0.797
[F4] [E16] batch 0210 | loss=0.6405 | acc=0.824
[F4] [E16] batch 0220 | loss=0.6724 | acc=0.801
[F4] [E16] batch 0230 | loss=0.6775 | acc=0.797
[F4] [E16] batch 0240 | loss=0.6409 | acc=0.832
[F4] [E16] batch 0250 | loss=0.6247 | acc=0.816
[F4] [E16] batch 0260 | loss=0.6309 | acc=0.820
[F4] [E16] batch 0270 | loss=0.6743 | acc=0.801
[F4] [E16] batch 0280 | loss=0.6851 | acc=0.789
[F4] [E16] batch 0290 | loss=0.5953 | acc=0.871
[F4] [E16] batch 0300 | loss=0.6305 | acc=0.816
[F4] [E16] batch 0310 | loss=0.6445 | acc=0.789
[F4] [E16] batch 0320 | loss=0.6354 | acc=0.820
[F4] [E16] batch 0330 | loss=0.6432 | acc=0.797
[F4] [E16] batch 0340 | loss=0.6932 | acc=0.812
[F4] [E16] batch 0350 | loss=0.6154 | acc=0.820
[F4] [E16] batch 0360 | loss=0.6608 | acc=0.805
[F4] [E16] batch 0370 | loss=0.6992 | acc=0.801
[F4] [E16] batch 0380 | loss=0.6666 | acc=0.809
[F4] [E16] batch 0390 | loss=0.6517 | acc=0.809
[F4] [E16] batch 0400 | loss=0.7567 | acc=0.742
[F4] [E16] batch 0410 | loss=0.6094 | acc=0.844
[F4] [E16] batch 0420 | loss=0.6649 | acc=0.824
[F4] [E16] total_loss=282.758 | VAL acc=0.942 | F1=0.797 | kappa=0.865
[F4] [E17] batch 0000 | loss=0.7195 | acc=0.754
[F4] [E17] batch 0010 | loss=0.6468 | acc=0.805
[F4] [E17] batch 0020 | loss=0.6486 | acc=0.805
[F4] [E17] batch 0030 | loss=0.6312 | acc=0.805
[F4] [E17] batch 0040 | loss=0.6494 | acc=0.797
[F4] [E17] batch 0050 | loss=0.7065 | acc=0.773
[F4] [E17] batch 0060 | loss=0.7555 | acc=0.762
[F4] [E17] batch 0070 | loss=0.6630 | acc=0.809
[F4] [E17] batch 0080 | loss=0.6537 | acc=0.828
[F4] [E17] batch 0090 | loss=0.6189 | acc=0.836
[F4] [E17] batch 0100 | loss=0.6653 | acc=0.805
[F4] [E17] batch 0110 | loss=0.6217 | acc=0.832
[F4] [E17] batch 0120 | loss=0.7040 | acc=0.801
[F4] [E17] batch 0130 | loss=0.6957 | acc=0.789
[F4] [E17] batch 0140 | loss=0.7016 | acc=0.797
[F4] [E17] batch 0150 | loss=0.6607 | acc=0.789
[F4] [E17] batch 0160 | loss=0.6649 | acc=0.820
[F4] [E17] batch 0170 | loss=0.6456 | acc=0.816
[F4] [E17] batch 0180 | loss=0.6036 | acc=0.832
[F4] [E17] batch 0190 | loss=0.6599 | acc=0.816
[F4] [E17] batch 0200 | loss=0.6074 | acc=0.824
[F4] [E17] batch 0210 | loss=0.6721 | acc=0.816
[F4] [E17] batch 0220 | loss=0.7024 | acc=0.801
[F4] [E17] batch 0230 | loss=0.6897 | acc=0.793
[F4] [E17] batch 0240 | loss=0.6591 | acc=0.805
[F4] [E17] batch 0250 | loss=0.6087 | acc=0.816
[F4] [E17] batch 0260 | loss=0.6903 | acc=0.797
[F4] [E17] batch 0270 | loss=0.6438 | acc=0.812
[F4] [E17] batch 0280 | loss=0.6820 | acc=0.762
[F4] [E17] batch 0290 | loss=0.6079 | acc=0.824
[F4] [E17] batch 0300 | loss=0.6862 | acc=0.785
[F4] [E17] batch 0310 | loss=0.6456 | acc=0.828
[F4] [E17] batch 0320 | loss=0.6583 | acc=0.773
[F4] [E17] batch 0330 | loss=0.6497 | acc=0.820
[F4] [E17] batch 0340 | loss=0.6148 | acc=0.832
[F4] [E17] batch 0350 | loss=0.6362 | acc=0.840
[F4] [E17] batch 0360 | loss=0.7183 | acc=0.789
[F4] [E17] batch 0370 | loss=0.6285 | acc=0.809
[F4] [E17] batch 0380 | loss=0.6573 | acc=0.824
[F4] [E17] batch 0390 | loss=0.6976 | acc=0.801
[F4] [E17] batch 0400 | loss=0.6585 | acc=0.816
[F4] [E17] batch 0410 | loss=0.6519 | acc=0.816
[F4] [E17] batch 0420 | loss=0.6076 | acc=0.836
[F4] [E17] total_loss=281.215 | VAL acc=0.939 | F1=0.791 | kappa=0.859
[STOP] Early stopping fold=4
[F4] TEST acc=0.844 | macro-F1=0.667 | kappa=0.699
[F4] time=1.3 min
[SAVE] /scratch/lustre/home/viju8335/projects/sleep-staging-bsc/results/cv_cnn_fold4.json
