[CV] k=10 fold=1
[CV] TRAIN subjects (45): ['SC4002E0', 'SC4011E0', 'SC4021E0', 'SC4022E0', 'SC4031E0'] ...
[CV] VAL   subjects (1):   ['SC4001E0']
[CV] TEST  subjects (5):  ['SC4012E0', 'SC4062E0', 'SC4082E0', 'SC4152E0', 'SC4162E0'] ...
=== DEVICE: cuda ===
=== START TRAIN (CV fold) ===
[F1] [E01] batch 0000 | loss=1.6925 | acc=0.180
[F1] [E01] batch 0010 | loss=1.5266 | acc=0.238
[F1] [E01] batch 0020 | loss=1.4213 | acc=0.516
[F1] [E01] batch 0030 | loss=1.3635 | acc=0.477
[F1] [E01] batch 0040 | loss=1.3097 | acc=0.512
[F1] [E01] batch 0050 | loss=1.2115 | acc=0.617
[F1] [E01] batch 0060 | loss=1.2127 | acc=0.547
[F1] [E01] batch 0070 | loss=1.1724 | acc=0.582
[F1] [E01] batch 0080 | loss=1.1010 | acc=0.605
[F1] [E01] batch 0090 | loss=1.0576 | acc=0.645
[F1] [E01] batch 0100 | loss=0.9980 | acc=0.688
[F1] [E01] batch 0110 | loss=1.0386 | acc=0.648
[F1] [E01] batch 0120 | loss=0.9374 | acc=0.680
[F1] [E01] batch 0130 | loss=0.9923 | acc=0.656
[F1] [E01] batch 0140 | loss=0.9604 | acc=0.668
[F1] [E01] batch 0150 | loss=0.9473 | acc=0.672
[F1] [E01] batch 0160 | loss=0.9372 | acc=0.668
[F1] [E01] batch 0170 | loss=0.9591 | acc=0.633
[F1] [E01] batch 0180 | loss=0.9055 | acc=0.676
[F1] [E01] batch 0190 | loss=0.9023 | acc=0.680
[F1] [E01] batch 0200 | loss=0.8794 | acc=0.727
[F1] [E01] batch 0210 | loss=0.9016 | acc=0.703
[F1] [E01] batch 0220 | loss=0.8643 | acc=0.715
[F1] [E01] batch 0230 | loss=0.8674 | acc=0.711
[F1] [E01] batch 0240 | loss=0.8448 | acc=0.738
[F1] [E01] batch 0250 | loss=0.7780 | acc=0.750
[F1] [E01] batch 0260 | loss=0.8621 | acc=0.723
[F1] [E01] batch 0270 | loss=0.8413 | acc=0.703
[F1] [E01] batch 0280 | loss=0.8641 | acc=0.691
[F1] [E01] batch 0290 | loss=0.8911 | acc=0.695
[F1] [E01] batch 0300 | loss=0.9111 | acc=0.668
[F1] [E01] batch 0310 | loss=0.8152 | acc=0.773
[F1] [E01] batch 0320 | loss=0.8084 | acc=0.734
[F1] [E01] batch 0330 | loss=0.8100 | acc=0.727
[F1] [E01] batch 0340 | loss=0.8380 | acc=0.754
[F1] [E01] batch 0350 | loss=0.7638 | acc=0.781
[F1] [E01] batch 0360 | loss=0.7654 | acc=0.758
[F1] [E01] batch 0370 | loss=0.8751 | acc=0.727
[F1] [E01] batch 0380 | loss=0.8237 | acc=0.746
[F1] [E01] batch 0390 | loss=0.8038 | acc=0.746
[F1] [E01] batch 0400 | loss=0.8109 | acc=0.762
[F1] [E01] batch 0410 | loss=0.7710 | acc=0.766
[F1] [E01] batch 0420 | loss=0.7699 | acc=0.750
[F1] [E01] batch 0430 | loss=0.8208 | acc=0.703
[F1] [E01] batch 0440 | loss=0.8385 | acc=0.715
[F1] [E01] batch 0450 | loss=0.7825 | acc=0.750
[F1] [E01] batch 0460 | loss=0.8200 | acc=0.742
[F1] [E01] batch 0470 | loss=0.7616 | acc=0.770
[F1] [E01] total_loss=455.251 | VAL acc=0.937 | F1=0.782 | kappa=0.853
[SAVE] best fold=1 (by VAL F1)
[F1] [E02] batch 0000 | loss=0.8017 | acc=0.734
[F1] [E02] batch 0010 | loss=0.7982 | acc=0.738
[F1] [E02] batch 0020 | loss=0.7192 | acc=0.824
[F1] [E02] batch 0030 | loss=0.7819 | acc=0.742
[F1] [E02] batch 0040 | loss=0.7892 | acc=0.734
[F1] [E02] batch 0050 | loss=0.7571 | acc=0.766
[F1] [E02] batch 0060 | loss=0.7958 | acc=0.781
[F1] [E02] batch 0070 | loss=0.7149 | acc=0.766
[F1] [E02] batch 0080 | loss=0.7651 | acc=0.742
[F1] [E02] batch 0090 | loss=0.7567 | acc=0.758
[F1] [E02] batch 0100 | loss=0.8030 | acc=0.738
[F1] [E02] batch 0110 | loss=0.7545 | acc=0.789
[F1] [E02] batch 0120 | loss=0.8702 | acc=0.680
[F1] [E02] batch 0130 | loss=0.7234 | acc=0.793
[F1] [E02] batch 0140 | loss=0.7827 | acc=0.730
[F1] [E02] batch 0150 | loss=0.7835 | acc=0.754
[F1] [E02] batch 0160 | loss=0.7464 | acc=0.762
[F1] [E02] batch 0170 | loss=0.7477 | acc=0.785
[F1] [E02] batch 0180 | loss=0.7813 | acc=0.703
[F1] [E02] batch 0190 | loss=0.7762 | acc=0.746
[F1] [E02] batch 0200 | loss=0.7882 | acc=0.758
[F1] [E02] batch 0210 | loss=0.7121 | acc=0.809
[F1] [E02] batch 0220 | loss=0.8285 | acc=0.711
[F1] [E02] batch 0230 | loss=0.7907 | acc=0.750
[F1] [E02] batch 0240 | loss=0.7606 | acc=0.766
[F1] [E02] batch 0250 | loss=0.7615 | acc=0.770
[F1] [E02] batch 0260 | loss=0.7693 | acc=0.762
[F1] [E02] batch 0270 | loss=0.8054 | acc=0.723
[F1] [E02] batch 0280 | loss=0.7508 | acc=0.750
[F1] [E02] batch 0290 | loss=0.7586 | acc=0.762
[F1] [E02] batch 0300 | loss=0.7690 | acc=0.789
[F1] [E02] batch 0310 | loss=0.7573 | acc=0.754
[F1] [E02] batch 0320 | loss=0.7467 | acc=0.789
[F1] [E02] batch 0330 | loss=0.8045 | acc=0.742
[F1] [E02] batch 0340 | loss=0.7595 | acc=0.730
[F1] [E02] batch 0350 | loss=0.8252 | acc=0.738
[F1] [E02] batch 0360 | loss=0.7011 | acc=0.770
[F1] [E02] batch 0370 | loss=0.7273 | acc=0.785
[F1] [E02] batch 0380 | loss=0.7782 | acc=0.715
[F1] [E02] batch 0390 | loss=0.8429 | acc=0.719
[F1] [E02] batch 0400 | loss=0.6989 | acc=0.805
[F1] [E02] batch 0410 | loss=0.7633 | acc=0.766
[F1] [E02] batch 0420 | loss=0.7018 | acc=0.809
[F1] [E02] batch 0430 | loss=0.7289 | acc=0.773
[F1] [E02] batch 0440 | loss=0.6806 | acc=0.801
[F1] [E02] batch 0450 | loss=0.7145 | acc=0.785
[F1] [E02] batch 0460 | loss=0.6924 | acc=0.797
[F1] [E02] batch 0470 | loss=0.6858 | acc=0.824
[F1] [E02] total_loss=363.522 | VAL acc=0.931 | F1=0.771 | kappa=0.838
[F1] [E03] batch 0000 | loss=0.7062 | acc=0.770
[F1] [E03] batch 0010 | loss=0.7710 | acc=0.746
[F1] [E03] batch 0020 | loss=0.7602 | acc=0.738
[F1] [E03] batch 0030 | loss=0.7797 | acc=0.707
[F1] [E03] batch 0040 | loss=0.7109 | acc=0.758
[F1] [E03] batch 0050 | loss=0.7021 | acc=0.793
[F1] [E03] batch 0060 | loss=0.7708 | acc=0.738
[F1] [E03] batch 0070 | loss=0.8621 | acc=0.719
[F1] [E03] batch 0080 | loss=0.6980 | acc=0.785
[F1] [E03] batch 0090 | loss=0.7372 | acc=0.773
[F1] [E03] batch 0100 | loss=0.7122 | acc=0.754
[F1] [E03] batch 0110 | loss=0.7092 | acc=0.797
[F1] [E03] batch 0120 | loss=0.6956 | acc=0.809
[F1] [E03] batch 0130 | loss=0.7724 | acc=0.754
[F1] [E03] batch 0140 | loss=0.8247 | acc=0.719
[F1] [E03] batch 0150 | loss=0.7843 | acc=0.723
[F1] [E03] batch 0160 | loss=0.6406 | acc=0.812
[F1] [E03] batch 0170 | loss=0.6694 | acc=0.812
[F1] [E03] batch 0180 | loss=0.7179 | acc=0.750
[F1] [E03] batch 0190 | loss=0.7459 | acc=0.758
[F1] [E03] batch 0200 | loss=0.7072 | acc=0.793
[F1] [E03] batch 0210 | loss=0.6835 | acc=0.793
[F1] [E03] batch 0220 | loss=0.7113 | acc=0.770
[F1] [E03] batch 0230 | loss=0.6873 | acc=0.773
[F1] [E03] batch 0240 | loss=0.7548 | acc=0.723
[F1] [E03] batch 0250 | loss=0.7032 | acc=0.801
[F1] [E03] batch 0260 | loss=0.7494 | acc=0.777
[F1] [E03] batch 0270 | loss=0.6636 | acc=0.812
[F1] [E03] batch 0280 | loss=0.7543 | acc=0.734
[F1] [E03] batch 0290 | loss=0.7254 | acc=0.789
[F1] [E03] batch 0300 | loss=0.7586 | acc=0.762
[F1] [E03] batch 0310 | loss=0.7536 | acc=0.754
[F1] [E03] batch 0320 | loss=0.7659 | acc=0.750
[F1] [E03] batch 0330 | loss=0.6702 | acc=0.816
[F1] [E03] batch 0340 | loss=0.7581 | acc=0.766
[F1] [E03] batch 0350 | loss=0.7388 | acc=0.781
[F1] [E03] batch 0360 | loss=0.7051 | acc=0.785
[F1] [E03] batch 0370 | loss=0.6981 | acc=0.789
[F1] [E03] batch 0380 | loss=0.7261 | acc=0.797
[F1] [E03] batch 0390 | loss=0.7459 | acc=0.715
[F1] [E03] batch 0400 | loss=0.7207 | acc=0.777
[F1] [E03] batch 0410 | loss=0.7393 | acc=0.770
[F1] [E03] batch 0420 | loss=0.6555 | acc=0.809
[F1] [E03] batch 0430 | loss=0.7742 | acc=0.738
[F1] [E03] batch 0440 | loss=0.7620 | acc=0.750
[F1] [E03] batch 0450 | loss=0.7488 | acc=0.750
[F1] [E03] batch 0460 | loss=0.7448 | acc=0.773
[F1] [E03] batch 0470 | loss=0.7478 | acc=0.773
[F1] [E03] total_loss=351.049 | VAL acc=0.931 | F1=0.768 | kappa=0.842
[F1] [E04] batch 0000 | loss=0.6747 | acc=0.805
[F1] [E04] batch 0010 | loss=0.7395 | acc=0.785
[F1] [E04] batch 0020 | loss=0.8236 | acc=0.746
[F1] [E04] batch 0030 | loss=0.7483 | acc=0.766
[F1] [E04] batch 0040 | loss=0.7433 | acc=0.758
[F1] [E04] batch 0050 | loss=0.7630 | acc=0.738
[F1] [E04] batch 0060 | loss=0.7471 | acc=0.754
[F1] [E04] batch 0070 | loss=0.7343 | acc=0.734
[F1] [E04] batch 0080 | loss=0.6532 | acc=0.793
[F1] [E04] batch 0090 | loss=0.7295 | acc=0.766
[F1] [E04] batch 0100 | loss=0.7485 | acc=0.773
[F1] [E04] batch 0110 | loss=0.7146 | acc=0.785
[F1] [E04] batch 0120 | loss=0.7608 | acc=0.754
[F1] [E04] batch 0130 | loss=0.6414 | acc=0.816
[F1] [E04] batch 0140 | loss=0.7769 | acc=0.742
[F1] [E04] batch 0150 | loss=0.6710 | acc=0.828
[F1] [E04] batch 0160 | loss=0.7124 | acc=0.773
[F1] [E04] batch 0170 | loss=0.7021 | acc=0.797
[F1] [E04] batch 0180 | loss=0.7578 | acc=0.770
[F1] [E04] batch 0190 | loss=0.7333 | acc=0.770
[F1] [E04] batch 0200 | loss=0.6712 | acc=0.809
[F1] [E04] batch 0210 | loss=0.6930 | acc=0.770
[F1] [E04] batch 0220 | loss=0.7486 | acc=0.762
[F1] [E04] batch 0230 | loss=0.7011 | acc=0.773
[F1] [E04] batch 0240 | loss=0.7155 | acc=0.781
[F1] [E04] batch 0250 | loss=0.7127 | acc=0.797
[F1] [E04] batch 0260 | loss=0.7022 | acc=0.773
[F1] [E04] batch 0270 | loss=0.7512 | acc=0.723
[F1] [E04] batch 0280 | loss=0.7111 | acc=0.789
[F1] [E04] batch 0290 | loss=0.7849 | acc=0.730
[F1] [E04] batch 0300 | loss=0.7616 | acc=0.730
[F1] [E04] batch 0310 | loss=0.7362 | acc=0.773
[F1] [E04] batch 0320 | loss=0.7340 | acc=0.789
[F1] [E04] batch 0330 | loss=0.6897 | acc=0.773
[F1] [E04] batch 0340 | loss=0.7708 | acc=0.742
[F1] [E04] batch 0350 | loss=0.6739 | acc=0.812
[F1] [E04] batch 0360 | loss=0.7398 | acc=0.770
[F1] [E04] batch 0370 | loss=0.7192 | acc=0.789
[F1] [E04] batch 0380 | loss=0.7985 | acc=0.730
[F1] [E04] batch 0390 | loss=0.7123 | acc=0.797
[F1] [E04] batch 0400 | loss=0.6855 | acc=0.777
[F1] [E04] batch 0410 | loss=0.7421 | acc=0.750
[F1] [E04] batch 0420 | loss=0.7271 | acc=0.762
[F1] [E04] batch 0430 | loss=0.6948 | acc=0.793
[F1] [E04] batch 0440 | loss=0.7233 | acc=0.797
[F1] [E04] batch 0450 | loss=0.7405 | acc=0.773
[F1] [E04] batch 0460 | loss=0.7158 | acc=0.773
[F1] [E04] batch 0470 | loss=0.7163 | acc=0.777
[F1] [E04] total_loss=343.391 | VAL acc=0.942 | F1=0.792 | kappa=0.864
[SAVE] best fold=1 (by VAL F1)
[F1] [E05] batch 0000 | loss=0.6716 | acc=0.809
[F1] [E05] batch 0010 | loss=0.7396 | acc=0.750
[F1] [E05] batch 0020 | loss=0.6733 | acc=0.793
[F1] [E05] batch 0030 | loss=0.7583 | acc=0.730
[F1] [E05] batch 0040 | loss=0.7470 | acc=0.770
[F1] [E05] batch 0050 | loss=0.7430 | acc=0.754
[F1] [E05] batch 0060 | loss=0.7307 | acc=0.801
[F1] [E05] batch 0070 | loss=0.6631 | acc=0.840
[F1] [E05] batch 0080 | loss=0.7328 | acc=0.766
[F1] [E05] batch 0090 | loss=0.7071 | acc=0.812
[F1] [E05] batch 0100 | loss=0.7508 | acc=0.773
[F1] [E05] batch 0110 | loss=0.6324 | acc=0.859
[F1] [E05] batch 0120 | loss=0.7297 | acc=0.758
[F1] [E05] batch 0130 | loss=0.7521 | acc=0.758
[F1] [E05] batch 0140 | loss=0.7082 | acc=0.785
[F1] [E05] batch 0150 | loss=0.6806 | acc=0.812
[F1] [E05] batch 0160 | loss=0.6740 | acc=0.816
[F1] [E05] batch 0170 | loss=0.7027 | acc=0.812
[F1] [E05] batch 0180 | loss=0.7069 | acc=0.797
[F1] [E05] batch 0190 | loss=0.7211 | acc=0.762
[F1] [E05] batch 0200 | loss=0.6869 | acc=0.801
[F1] [E05] batch 0210 | loss=0.7434 | acc=0.754
[F1] [E05] batch 0220 | loss=0.7305 | acc=0.766
[F1] [E05] batch 0230 | loss=0.7283 | acc=0.762
[F1] [E05] batch 0240 | loss=0.6716 | acc=0.789
[F1] [E05] batch 0250 | loss=0.6621 | acc=0.816
[F1] [E05] batch 0260 | loss=0.7328 | acc=0.770
[F1] [E05] batch 0270 | loss=0.7575 | acc=0.730
[F1] [E05] batch 0280 | loss=0.7342 | acc=0.785
[F1] [E05] batch 0290 | loss=0.6574 | acc=0.812
[F1] [E05] batch 0300 | loss=0.7090 | acc=0.773
[F1] [E05] batch 0310 | loss=0.7653 | acc=0.766
[F1] [E05] batch 0320 | loss=0.6536 | acc=0.809
[F1] [E05] batch 0330 | loss=0.7402 | acc=0.777
[F1] [E05] batch 0340 | loss=0.6878 | acc=0.816
[F1] [E05] batch 0350 | loss=0.7346 | acc=0.781
[F1] [E05] batch 0360 | loss=0.7412 | acc=0.750
[F1] [E05] batch 0370 | loss=0.6719 | acc=0.801
[F1] [E05] batch 0380 | loss=0.7463 | acc=0.777
[F1] [E05] batch 0390 | loss=0.6592 | acc=0.824
[F1] [E05] batch 0400 | loss=0.7313 | acc=0.762
[F1] [E05] batch 0410 | loss=0.6563 | acc=0.797
[F1] [E05] batch 0420 | loss=0.7350 | acc=0.766
[F1] [E05] batch 0430 | loss=0.6685 | acc=0.797
[F1] [E05] batch 0440 | loss=0.7254 | acc=0.762
[F1] [E05] batch 0450 | loss=0.7680 | acc=0.762
[F1] [E05] batch 0460 | loss=0.6598 | acc=0.824
[F1] [E05] batch 0470 | loss=0.7449 | acc=0.770
[F1] [E05] total_loss=339.558 | VAL acc=0.937 | F1=0.783 | kappa=0.855
[F1] [E06] batch 0000 | loss=0.7630 | acc=0.742
[F1] [E06] batch 0010 | loss=0.7152 | acc=0.797
[F1] [E06] batch 0020 | loss=0.7298 | acc=0.770
[F1] [E06] batch 0030 | loss=0.8141 | acc=0.750
[F1] [E06] batch 0040 | loss=0.7532 | acc=0.766
[F1] [E06] batch 0050 | loss=0.7151 | acc=0.777
[F1] [E06] batch 0060 | loss=0.7998 | acc=0.770
[F1] [E06] batch 0070 | loss=0.7215 | acc=0.781
[F1] [E06] batch 0080 | loss=0.6986 | acc=0.770
[F1] [E06] batch 0090 | loss=0.7522 | acc=0.762
[F1] [E06] batch 0100 | loss=0.7581 | acc=0.770
[F1] [E06] batch 0110 | loss=0.7019 | acc=0.797
[F1] [E06] batch 0120 | loss=0.7043 | acc=0.785
[F1] [E06] batch 0130 | loss=0.7176 | acc=0.770
[F1] [E06] batch 0140 | loss=0.7841 | acc=0.762
[F1] [E06] batch 0150 | loss=0.7043 | acc=0.754
[F1] [E06] batch 0160 | loss=0.7894 | acc=0.746
[F1] [E06] batch 0170 | loss=0.7194 | acc=0.785
[F1] [E06] batch 0180 | loss=0.7459 | acc=0.805
[F1] [E06] batch 0190 | loss=0.6828 | acc=0.805
[F1] [E06] batch 0200 | loss=0.6868 | acc=0.785
[F1] [E06] batch 0210 | loss=0.7188 | acc=0.773
[F1] [E06] batch 0220 | loss=0.7117 | acc=0.762
[F1] [E06] batch 0230 | loss=0.6688 | acc=0.809
[F1] [E06] batch 0240 | loss=0.7370 | acc=0.742
[F1] [E06] batch 0250 | loss=0.7066 | acc=0.770
[F1] [E06] batch 0260 | loss=0.6614 | acc=0.809
[F1] [E06] batch 0270 | loss=0.6748 | acc=0.812
[F1] [E06] batch 0280 | loss=0.8002 | acc=0.684
[F1] [E06] batch 0290 | loss=0.6554 | acc=0.812
[F1] [E06] batch 0300 | loss=0.6654 | acc=0.816
[F1] [E06] batch 0310 | loss=0.7060 | acc=0.777
[F1] [E06] batch 0320 | loss=0.7319 | acc=0.750
[F1] [E06] batch 0330 | loss=0.7243 | acc=0.777
[F1] [E06] batch 0340 | loss=0.6496 | acc=0.832
[F1] [E06] batch 0350 | loss=0.5817 | acc=0.859
[F1] [E06] batch 0360 | loss=0.7380 | acc=0.777
[F1] [E06] batch 0370 | loss=0.6943 | acc=0.785
[F1] [E06] batch 0380 | loss=0.7473 | acc=0.766
[F1] [E06] batch 0390 | loss=0.7359 | acc=0.773
[F1] [E06] batch 0400 | loss=0.6594 | acc=0.801
[F1] [E06] batch 0410 | loss=0.6635 | acc=0.789
[F1] [E06] batch 0420 | loss=0.7504 | acc=0.750
[F1] [E06] batch 0430 | loss=0.6639 | acc=0.812
[F1] [E06] batch 0440 | loss=0.7205 | acc=0.758
[F1] [E06] batch 0450 | loss=0.7091 | acc=0.785
[F1] [E06] batch 0460 | loss=0.6536 | acc=0.797
[F1] [E06] batch 0470 | loss=0.7328 | acc=0.754
[F1] [E06] total_loss=338.425 | VAL acc=0.944 | F1=0.791 | kappa=0.868
[F1] [E07] batch 0000 | loss=0.6968 | acc=0.797
[F1] [E07] batch 0010 | loss=0.6921 | acc=0.805
[F1] [E07] batch 0020 | loss=0.7602 | acc=0.770
[F1] [E07] batch 0030 | loss=0.7533 | acc=0.773
[F1] [E07] batch 0040 | loss=0.7230 | acc=0.785
[F1] [E07] batch 0050 | loss=0.6862 | acc=0.793
[F1] [E07] batch 0060 | loss=0.6129 | acc=0.832
[F1] [E07] batch 0070 | loss=0.6608 | acc=0.797
[F1] [E07] batch 0080 | loss=0.7003 | acc=0.793
[F1] [E07] batch 0090 | loss=0.6553 | acc=0.805
[F1] [E07] batch 0100 | loss=0.6116 | acc=0.828
[F1] [E07] batch 0110 | loss=0.7353 | acc=0.789
[F1] [E07] batch 0120 | loss=0.6916 | acc=0.773
[F1] [E07] batch 0130 | loss=0.6497 | acc=0.820
[F1] [E07] batch 0140 | loss=0.6985 | acc=0.773
[F1] [E07] batch 0150 | loss=0.8145 | acc=0.734
[F1] [E07] batch 0160 | loss=0.6981 | acc=0.785
[F1] [E07] batch 0170 | loss=0.7177 | acc=0.789
[F1] [E07] batch 0180 | loss=0.7225 | acc=0.785
[F1] [E07] batch 0190 | loss=0.7477 | acc=0.766
[F1] [E07] batch 0200 | loss=0.7176 | acc=0.758
[F1] [E07] batch 0210 | loss=0.6587 | acc=0.820
[F1] [E07] batch 0220 | loss=0.7763 | acc=0.758
[F1] [E07] batch 0230 | loss=0.6816 | acc=0.805
[F1] [E07] batch 0240 | loss=0.6615 | acc=0.812
[F1] [E07] batch 0250 | loss=0.7068 | acc=0.773
[F1] [E07] batch 0260 | loss=0.6398 | acc=0.852
[F1] [E07] batch 0270 | loss=0.6597 | acc=0.824
[F1] [E07] batch 0280 | loss=0.6707 | acc=0.781
[F1] [E07] batch 0290 | loss=0.6667 | acc=0.789
[F1] [E07] batch 0300 | loss=0.6535 | acc=0.805
[F1] [E07] batch 0310 | loss=0.7216 | acc=0.793
[F1] [E07] batch 0320 | loss=0.7364 | acc=0.781
[F1] [E07] batch 0330 | loss=0.6187 | acc=0.816
[F1] [E07] batch 0340 | loss=0.6285 | acc=0.820
[F1] [E07] batch 0350 | loss=0.6946 | acc=0.777
[F1] [E07] batch 0360 | loss=0.6690 | acc=0.816
[F1] [E07] batch 0370 | loss=0.7028 | acc=0.789
[F1] [E07] batch 0380 | loss=0.6584 | acc=0.820
[F1] [E07] batch 0390 | loss=0.7536 | acc=0.746
[F1] [E07] batch 0400 | loss=0.7137 | acc=0.789
[F1] [E07] batch 0410 | loss=0.7341 | acc=0.762
[F1] [E07] batch 0420 | loss=0.6761 | acc=0.773
[F1] [E07] batch 0430 | loss=0.7163 | acc=0.809
[F1] [E07] batch 0440 | loss=0.7455 | acc=0.777
[F1] [E07] batch 0450 | loss=0.7394 | acc=0.754
[F1] [E07] batch 0460 | loss=0.7126 | acc=0.785
[F1] [E07] batch 0470 | loss=0.7071 | acc=0.781
[F1] [E07] total_loss=333.104 | VAL acc=0.942 | F1=0.784 | kappa=0.863
[F1] [E08] batch 0000 | loss=0.7406 | acc=0.766
[F1] [E08] batch 0010 | loss=0.7018 | acc=0.773
[F1] [E08] batch 0020 | loss=0.6945 | acc=0.797
[F1] [E08] batch 0030 | loss=0.6404 | acc=0.828
[F1] [E08] batch 0040 | loss=0.6697 | acc=0.789
[F1] [E08] batch 0050 | loss=0.7536 | acc=0.770
[F1] [E08] batch 0060 | loss=0.7414 | acc=0.770
[F1] [E08] batch 0070 | loss=0.5863 | acc=0.852
[F1] [E08] batch 0080 | loss=0.7138 | acc=0.754
[F1] [E08] batch 0090 | loss=0.6591 | acc=0.805
[F1] [E08] batch 0100 | loss=0.6202 | acc=0.840
[F1] [E08] batch 0110 | loss=0.6685 | acc=0.793
[F1] [E08] batch 0120 | loss=0.6599 | acc=0.809
[F1] [E08] batch 0130 | loss=0.6863 | acc=0.824
[F1] [E08] batch 0140 | loss=0.6820 | acc=0.801
[F1] [E08] batch 0150 | loss=0.7339 | acc=0.750
[F1] [E08] batch 0160 | loss=0.6514 | acc=0.820
[F1] [E08] batch 0170 | loss=0.7263 | acc=0.754
[F1] [E08] batch 0180 | loss=0.6998 | acc=0.777
[F1] [E08] batch 0190 | loss=0.6358 | acc=0.809
[F1] [E08] batch 0200 | loss=0.7127 | acc=0.762
[F1] [E08] batch 0210 | loss=0.6346 | acc=0.816
[F1] [E08] batch 0220 | loss=0.7123 | acc=0.801
[F1] [E08] batch 0230 | loss=0.6983 | acc=0.773
[F1] [E08] batch 0240 | loss=0.6640 | acc=0.809
[F1] [E08] batch 0250 | loss=0.6802 | acc=0.785
[F1] [E08] batch 0260 | loss=0.6717 | acc=0.789
[F1] [E08] batch 0270 | loss=0.6765 | acc=0.824
[F1] [E08] batch 0280 | loss=0.6891 | acc=0.809
[F1] [E08] batch 0290 | loss=0.6706 | acc=0.836
[F1] [E08] batch 0300 | loss=0.7558 | acc=0.773
[F1] [E08] batch 0310 | loss=0.6776 | acc=0.793
[F1] [E08] batch 0320 | loss=0.6872 | acc=0.801
[F1] [E08] batch 0330 | loss=0.7240 | acc=0.801
[F1] [E08] batch 0340 | loss=0.7658 | acc=0.762
[F1] [E08] batch 0350 | loss=0.6346 | acc=0.820
[F1] [E08] batch 0360 | loss=0.6635 | acc=0.805
[F1] [E08] batch 0370 | loss=0.7422 | acc=0.758
[F1] [E08] batch 0380 | loss=0.6796 | acc=0.773
[F1] [E08] batch 0390 | loss=0.7033 | acc=0.797
[F1] [E08] batch 0400 | loss=0.6287 | acc=0.812
[F1] [E08] batch 0410 | loss=0.7132 | acc=0.773
[F1] [E08] batch 0420 | loss=0.7121 | acc=0.770
[F1] [E08] batch 0430 | loss=0.7215 | acc=0.762
[F1] [E08] batch 0440 | loss=0.6460 | acc=0.828
[F1] [E08] batch 0450 | loss=0.6947 | acc=0.785
[F1] [E08] batch 0460 | loss=0.7292 | acc=0.754
[F1] [E08] batch 0470 | loss=0.8116 | acc=0.719
[F1] [E08] total_loss=331.180 | VAL acc=0.940 | F1=0.785 | kappa=0.859
[F1] [E09] batch 0000 | loss=0.7343 | acc=0.789
[F1] [E09] batch 0010 | loss=0.7395 | acc=0.746
[F1] [E09] batch 0020 | loss=0.6886 | acc=0.758
[F1] [E09] batch 0030 | loss=0.6553 | acc=0.828
[F1] [E09] batch 0040 | loss=0.6267 | acc=0.840
[F1] [E09] batch 0050 | loss=0.6696 | acc=0.832
[F1] [E09] batch 0060 | loss=0.6765 | acc=0.805
[F1] [E09] batch 0070 | loss=0.7343 | acc=0.781
[F1] [E09] batch 0080 | loss=0.6641 | acc=0.805
[F1] [E09] batch 0090 | loss=0.6426 | acc=0.816
[F1] [E09] batch 0100 | loss=0.7183 | acc=0.773
[F1] [E09] batch 0110 | loss=0.6819 | acc=0.801
[F1] [E09] batch 0120 | loss=0.7059 | acc=0.789
[F1] [E09] batch 0130 | loss=0.7032 | acc=0.797
[F1] [E09] batch 0140 | loss=0.6833 | acc=0.781
[F1] [E09] batch 0150 | loss=0.7355 | acc=0.781
[F1] [E09] batch 0160 | loss=0.7163 | acc=0.793
[F1] [E09] batch 0170 | loss=0.6892 | acc=0.809
[F1] [E09] batch 0180 | loss=0.7258 | acc=0.781
[F1] [E09] batch 0190 | loss=0.6778 | acc=0.777
[F1] [E09] batch 0200 | loss=0.6947 | acc=0.820
[F1] [E09] batch 0210 | loss=0.6346 | acc=0.832
[F1] [E09] batch 0220 | loss=0.7146 | acc=0.773
[F1] [E09] batch 0230 | loss=0.6532 | acc=0.809
[F1] [E09] batch 0240 | loss=0.6491 | acc=0.793
[F1] [E09] batch 0250 | loss=0.6665 | acc=0.809
[F1] [E09] batch 0260 | loss=0.7454 | acc=0.758
[F1] [E09] batch 0270 | loss=0.6778 | acc=0.809
[F1] [E09] batch 0280 | loss=0.7364 | acc=0.762
[F1] [E09] batch 0290 | loss=0.6854 | acc=0.777
[F1] [E09] batch 0300 | loss=0.6326 | acc=0.805
[F1] [E09] batch 0310 | loss=0.6610 | acc=0.809
[F1] [E09] batch 0320 | loss=0.7542 | acc=0.738
[F1] [E09] batch 0330 | loss=0.7112 | acc=0.773
[F1] [E09] batch 0340 | loss=0.6500 | acc=0.832
[F1] [E09] batch 0350 | loss=0.7133 | acc=0.781
[F1] [E09] batch 0360 | loss=0.7200 | acc=0.781
[F1] [E09] batch 0370 | loss=0.7377 | acc=0.785
[F1] [E09] batch 0380 | loss=0.7077 | acc=0.766
[F1] [E09] batch 0390 | loss=0.6253 | acc=0.844
[F1] [E09] batch 0400 | loss=0.6658 | acc=0.793
[F1] [E09] batch 0410 | loss=0.7134 | acc=0.781
[F1] [E09] batch 0420 | loss=0.7579 | acc=0.734
[F1] [E09] batch 0430 | loss=0.6454 | acc=0.812
[F1] [E09] batch 0440 | loss=0.7138 | acc=0.754
[F1] [E09] batch 0450 | loss=0.7320 | acc=0.766
[F1] [E09] batch 0460 | loss=0.6881 | acc=0.797
[F1] [E09] batch 0470 | loss=0.7350 | acc=0.773
[F1] [E09] total_loss=328.287 | VAL acc=0.938 | F1=0.781 | kappa=0.855
[F1] [E10] batch 0000 | loss=0.6404 | acc=0.848
[F1] [E10] batch 0010 | loss=0.7278 | acc=0.770
[F1] [E10] batch 0020 | loss=0.6698 | acc=0.824
[F1] [E10] batch 0030 | loss=0.6584 | acc=0.824
[F1] [E10] batch 0040 | loss=0.6650 | acc=0.805
[F1] [E10] batch 0050 | loss=0.7097 | acc=0.789
[F1] [E10] batch 0060 | loss=0.7137 | acc=0.762
[F1] [E10] batch 0070 | loss=0.6297 | acc=0.832
[F1] [E10] batch 0080 | loss=0.6528 | acc=0.809
[F1] [E10] batch 0090 | loss=0.6685 | acc=0.812
[F1] [E10] batch 0100 | loss=0.6299 | acc=0.828
[F1] [E10] batch 0110 | loss=0.6347 | acc=0.801
[F1] [E10] batch 0120 | loss=0.6903 | acc=0.801
[F1] [E10] batch 0130 | loss=0.6160 | acc=0.809
[F1] [E10] batch 0140 | loss=0.6738 | acc=0.820
[F1] [E10] batch 0150 | loss=0.6594 | acc=0.832
[F1] [E10] batch 0160 | loss=0.7740 | acc=0.738
[F1] [E10] batch 0170 | loss=0.7080 | acc=0.777
[F1] [E10] batch 0180 | loss=0.6553 | acc=0.793
[F1] [E10] batch 0190 | loss=0.6678 | acc=0.812
[F1] [E10] batch 0200 | loss=0.6325 | acc=0.836
[F1] [E10] batch 0210 | loss=0.6784 | acc=0.773
[F1] [E10] batch 0220 | loss=0.6922 | acc=0.797
[F1] [E10] batch 0230 | loss=0.7219 | acc=0.762
[F1] [E10] batch 0240 | loss=0.6326 | acc=0.832
[F1] [E10] batch 0250 | loss=0.6669 | acc=0.781
[F1] [E10] batch 0260 | loss=0.6336 | acc=0.855
[F1] [E10] batch 0270 | loss=0.6641 | acc=0.816
[F1] [E10] batch 0280 | loss=0.7050 | acc=0.797
[F1] [E10] batch 0290 | loss=0.6685 | acc=0.820
[F1] [E10] batch 0300 | loss=0.6535 | acc=0.824
[F1] [E10] batch 0310 | loss=0.7497 | acc=0.750
[F1] [E10] batch 0320 | loss=0.6583 | acc=0.762
[F1] [E10] batch 0330 | loss=0.6393 | acc=0.801
[F1] [E10] batch 0340 | loss=0.6244 | acc=0.801
[F1] [E10] batch 0350 | loss=0.6685 | acc=0.832
[F1] [E10] batch 0360 | loss=0.6797 | acc=0.812
[F1] [E10] batch 0370 | loss=0.6539 | acc=0.785
[F1] [E10] batch 0380 | loss=0.7008 | acc=0.801
[F1] [E10] batch 0390 | loss=0.6594 | acc=0.809
[F1] [E10] batch 0400 | loss=0.6813 | acc=0.793
[F1] [E10] batch 0410 | loss=0.7182 | acc=0.809
[F1] [E10] batch 0420 | loss=0.6709 | acc=0.777
[F1] [E10] batch 0430 | loss=0.6904 | acc=0.766
[F1] [E10] batch 0440 | loss=0.7164 | acc=0.793
[F1] [E10] batch 0450 | loss=0.6525 | acc=0.828
[F1] [E10] batch 0460 | loss=0.6258 | acc=0.828
[F1] [E10] batch 0470 | loss=0.6507 | acc=0.812
[F1] [E10] total_loss=326.474 | VAL acc=0.938 | F1=0.783 | kappa=0.856
[F1] [E11] batch 0000 | loss=0.7605 | acc=0.754
[F1] [E11] batch 0010 | loss=0.7705 | acc=0.742
[F1] [E11] batch 0020 | loss=0.7207 | acc=0.789
[F1] [E11] batch 0030 | loss=0.6819 | acc=0.805
[F1] [E11] batch 0040 | loss=0.6652 | acc=0.777
[F1] [E11] batch 0050 | loss=0.6754 | acc=0.805
[F1] [E11] batch 0060 | loss=0.6744 | acc=0.812
[F1] [E11] batch 0070 | loss=0.7022 | acc=0.809
[F1] [E11] batch 0080 | loss=0.6208 | acc=0.836
[F1] [E11] batch 0090 | loss=0.6463 | acc=0.820
[F1] [E11] batch 0100 | loss=0.7764 | acc=0.762
[F1] [E11] batch 0110 | loss=0.6769 | acc=0.812
[F1] [E11] batch 0120 | loss=0.6479 | acc=0.801
[F1] [E11] batch 0130 | loss=0.6245 | acc=0.820
[F1] [E11] batch 0140 | loss=0.6366 | acc=0.809
[F1] [E11] batch 0150 | loss=0.6902 | acc=0.812
[F1] [E11] batch 0160 | loss=0.6145 | acc=0.848
[F1] [E11] batch 0170 | loss=0.6929 | acc=0.805
[F1] [E11] batch 0180 | loss=0.6625 | acc=0.809
[F1] [E11] batch 0190 | loss=0.7035 | acc=0.824
[F1] [E11] batch 0200 | loss=0.7028 | acc=0.797
[F1] [E11] batch 0210 | loss=0.6196 | acc=0.844
[F1] [E11] batch 0220 | loss=0.7145 | acc=0.773
[F1] [E11] batch 0230 | loss=0.7753 | acc=0.734
[F1] [E11] batch 0240 | loss=0.7186 | acc=0.781
[F1] [E11] batch 0250 | loss=0.6727 | acc=0.773
[F1] [E11] batch 0260 | loss=0.6902 | acc=0.812
[F1] [E11] batch 0270 | loss=0.7016 | acc=0.816
[F1] [E11] batch 0280 | loss=0.7317 | acc=0.785
[F1] [E11] batch 0290 | loss=0.6989 | acc=0.789
[F1] [E11] batch 0300 | loss=0.6740 | acc=0.836
[F1] [E11] batch 0310 | loss=0.7531 | acc=0.777
[F1] [E11] batch 0320 | loss=0.6287 | acc=0.840
[F1] [E11] batch 0330 | loss=0.7160 | acc=0.781
[F1] [E11] batch 0340 | loss=0.6924 | acc=0.777
[F1] [E11] batch 0350 | loss=0.6148 | acc=0.828
[F1] [E11] batch 0360 | loss=0.7021 | acc=0.809
[F1] [E11] batch 0370 | loss=0.6963 | acc=0.797
[F1] [E11] batch 0380 | loss=0.6424 | acc=0.816
[F1] [E11] batch 0390 | loss=0.7076 | acc=0.805
[F1] [E11] batch 0400 | loss=0.6911 | acc=0.789
[F1] [E11] batch 0410 | loss=0.6496 | acc=0.805
[F1] [E11] batch 0420 | loss=0.6550 | acc=0.820
[F1] [E11] batch 0430 | loss=0.6157 | acc=0.812
[F1] [E11] batch 0440 | loss=0.7142 | acc=0.805
[F1] [E11] batch 0450 | loss=0.6602 | acc=0.805
[F1] [E11] batch 0460 | loss=0.7384 | acc=0.754
[F1] [E11] batch 0470 | loss=0.6573 | acc=0.812
[F1] [E11] total_loss=325.754 | VAL acc=0.937 | F1=0.779 | kappa=0.852
[F1] [E12] batch 0000 | loss=0.7359 | acc=0.770
[F1] [E12] batch 0010 | loss=0.6689 | acc=0.809
[F1] [E12] batch 0020 | loss=0.6883 | acc=0.766
[F1] [E12] batch 0030 | loss=0.6871 | acc=0.793
[F1] [E12] batch 0040 | loss=0.6866 | acc=0.789
[F1] [E12] batch 0050 | loss=0.5756 | acc=0.859
[F1] [E12] batch 0060 | loss=0.7004 | acc=0.789
[F1] [E12] batch 0070 | loss=0.6853 | acc=0.812
[F1] [E12] batch 0080 | loss=0.6894 | acc=0.812
[F1] [E12] batch 0090 | loss=0.6268 | acc=0.844
[F1] [E12] batch 0100 | loss=0.7138 | acc=0.766
[F1] [E12] batch 0110 | loss=0.6889 | acc=0.820
[F1] [E12] batch 0120 | loss=0.6849 | acc=0.777
[F1] [E12] batch 0130 | loss=0.6349 | acc=0.836
[F1] [E12] batch 0140 | loss=0.6793 | acc=0.781
[F1] [E12] batch 0150 | loss=0.6029 | acc=0.848
[F1] [E12] batch 0160 | loss=0.6745 | acc=0.770
[F1] [E12] batch 0170 | loss=0.7125 | acc=0.770
[F1] [E12] batch 0180 | loss=0.7073 | acc=0.773
[F1] [E12] batch 0190 | loss=0.6758 | acc=0.809
[F1] [E12] batch 0200 | loss=0.7194 | acc=0.762
[F1] [E12] batch 0210 | loss=0.6543 | acc=0.797
[F1] [E12] batch 0220 | loss=0.6566 | acc=0.820
[F1] [E12] batch 0230 | loss=0.7083 | acc=0.793
[F1] [E12] batch 0240 | loss=0.6903 | acc=0.777
[F1] [E12] batch 0250 | loss=0.6761 | acc=0.777
[F1] [E12] batch 0260 | loss=0.7428 | acc=0.766
[F1] [E12] batch 0270 | loss=0.6546 | acc=0.828
[F1] [E12] batch 0280 | loss=0.6705 | acc=0.801
[F1] [E12] batch 0290 | loss=0.7217 | acc=0.793
[F1] [E12] batch 0300 | loss=0.7113 | acc=0.773
[F1] [E12] batch 0310 | loss=0.7079 | acc=0.797
[F1] [E12] batch 0320 | loss=0.6902 | acc=0.781
[F1] [E12] batch 0330 | loss=0.7053 | acc=0.750
[F1] [E12] batch 0340 | loss=0.6840 | acc=0.805
[F1] [E12] batch 0350 | loss=0.6744 | acc=0.805
[F1] [E12] batch 0360 | loss=0.7569 | acc=0.766
[F1] [E12] batch 0370 | loss=0.6343 | acc=0.848
[F1] [E12] batch 0380 | loss=0.7070 | acc=0.781
[F1] [E12] batch 0390 | loss=0.6801 | acc=0.781
[F1] [E12] batch 0400 | loss=0.6506 | acc=0.820
[F1] [E12] batch 0410 | loss=0.6825 | acc=0.781
[F1] [E12] batch 0420 | loss=0.7204 | acc=0.762
[F1] [E12] batch 0430 | loss=0.7306 | acc=0.781
[F1] [E12] batch 0440 | loss=0.7008 | acc=0.812
[F1] [E12] batch 0450 | loss=0.6892 | acc=0.770
[F1] [E12] batch 0460 | loss=0.6688 | acc=0.793
[F1] [E12] batch 0470 | loss=0.7636 | acc=0.762
[F1] [E12] total_loss=323.914 | VAL acc=0.938 | F1=0.782 | kappa=0.856
[F1] [E13] batch 0000 | loss=0.6344 | acc=0.832
[F1] [E13] batch 0010 | loss=0.6168 | acc=0.848
[F1] [E13] batch 0020 | loss=0.7108 | acc=0.773
[F1] [E13] batch 0030 | loss=0.6636 | acc=0.824
[F1] [E13] batch 0040 | loss=0.6481 | acc=0.789
[F1] [E13] batch 0050 | loss=0.7463 | acc=0.773
[F1] [E13] batch 0060 | loss=0.6588 | acc=0.816
[F1] [E13] batch 0070 | loss=0.6660 | acc=0.820
[F1] [E13] batch 0080 | loss=0.6150 | acc=0.828
[F1] [E13] batch 0090 | loss=0.7368 | acc=0.746
[F1] [E13] batch 0100 | loss=0.7434 | acc=0.758
[F1] [E13] batch 0110 | loss=0.6768 | acc=0.781
[F1] [E13] batch 0120 | loss=0.6682 | acc=0.797
[F1] [E13] batch 0130 | loss=0.6255 | acc=0.812
[F1] [E13] batch 0140 | loss=0.7129 | acc=0.801
[F1] [E13] batch 0150 | loss=0.6492 | acc=0.809
[F1] [E13] batch 0160 | loss=0.6573 | acc=0.805
[F1] [E13] batch 0170 | loss=0.7139 | acc=0.781
[F1] [E13] batch 0180 | loss=0.6732 | acc=0.812
[F1] [E13] batch 0190 | loss=0.7610 | acc=0.770
[F1] [E13] batch 0200 | loss=0.7072 | acc=0.758
[F1] [E13] batch 0210 | loss=0.7102 | acc=0.797
[F1] [E13] batch 0220 | loss=0.7126 | acc=0.785
[F1] [E13] batch 0230 | loss=0.6491 | acc=0.789
[F1] [E13] batch 0240 | loss=0.6851 | acc=0.793
[F1] [E13] batch 0250 | loss=0.6490 | acc=0.801
[F1] [E13] batch 0260 | loss=0.7096 | acc=0.750
[F1] [E13] batch 0270 | loss=0.6402 | acc=0.820
[F1] [E13] batch 0280 | loss=0.7106 | acc=0.805
[F1] [E13] batch 0290 | loss=0.7416 | acc=0.754
[F1] [E13] batch 0300 | loss=0.6422 | acc=0.801
[F1] [E13] batch 0310 | loss=0.6822 | acc=0.809
[F1] [E13] batch 0320 | loss=0.6797 | acc=0.781
[F1] [E13] batch 0330 | loss=0.6701 | acc=0.809
[F1] [E13] batch 0340 | loss=0.6805 | acc=0.793
[F1] [E13] batch 0350 | loss=0.7179 | acc=0.801
[F1] [E13] batch 0360 | loss=0.6403 | acc=0.801
[F1] [E13] batch 0370 | loss=0.7702 | acc=0.738
[F1] [E13] batch 0380 | loss=0.7257 | acc=0.777
[F1] [E13] batch 0390 | loss=0.7104 | acc=0.777
[F1] [E13] batch 0400 | loss=0.7033 | acc=0.801
[F1] [E13] batch 0410 | loss=0.6458 | acc=0.797
[F1] [E13] batch 0420 | loss=0.6993 | acc=0.777
[F1] [E13] batch 0430 | loss=0.6955 | acc=0.777
[F1] [E13] batch 0440 | loss=0.6704 | acc=0.816
[F1] [E13] batch 0450 | loss=0.6915 | acc=0.797
[F1] [E13] batch 0460 | loss=0.6856 | acc=0.805
[F1] [E13] batch 0470 | loss=0.6767 | acc=0.816
[F1] [E13] total_loss=322.824 | VAL acc=0.937 | F1=0.778 | kappa=0.853
[F1] [E14] batch 0000 | loss=0.6521 | acc=0.801
[F1] [E14] batch 0010 | loss=0.7016 | acc=0.816
[F1] [E14] batch 0020 | loss=0.6356 | acc=0.824
[F1] [E14] batch 0030 | loss=0.6677 | acc=0.793
[F1] [E14] batch 0040 | loss=0.6577 | acc=0.789
[F1] [E14] batch 0050 | loss=0.7098 | acc=0.797
[F1] [E14] batch 0060 | loss=0.6195 | acc=0.820
[F1] [E14] batch 0070 | loss=0.7190 | acc=0.773
[F1] [E14] batch 0080 | loss=0.6665 | acc=0.809
[F1] [E14] batch 0090 | loss=0.6719 | acc=0.812
[F1] [E14] batch 0100 | loss=0.5873 | acc=0.820
[F1] [E14] batch 0110 | loss=0.6385 | acc=0.812
[F1] [E14] batch 0120 | loss=0.6072 | acc=0.836
[F1] [E14] batch 0130 | loss=0.6796 | acc=0.781
[F1] [E14] batch 0140 | loss=0.6795 | acc=0.809
[F1] [E14] batch 0150 | loss=0.6507 | acc=0.797
[F1] [E14] batch 0160 | loss=0.6652 | acc=0.820
[F1] [E14] batch 0170 | loss=0.6772 | acc=0.824
[F1] [E14] batch 0180 | loss=0.6092 | acc=0.836
[F1] [E14] batch 0190 | loss=0.6726 | acc=0.781
[F1] [E14] batch 0200 | loss=0.6325 | acc=0.832
[F1] [E14] batch 0210 | loss=0.6697 | acc=0.805
[F1] [E14] batch 0220 | loss=0.6676 | acc=0.805
[F1] [E14] batch 0230 | loss=0.6871 | acc=0.793
[F1] [E14] batch 0240 | loss=0.6428 | acc=0.840
[F1] [E14] batch 0250 | loss=0.6504 | acc=0.816
[F1] [E14] batch 0260 | loss=0.6554 | acc=0.816
[F1] [E14] batch 0270 | loss=0.6428 | acc=0.812
[F1] [E14] batch 0280 | loss=0.7116 | acc=0.785
[F1] [E14] batch 0290 | loss=0.6956 | acc=0.789
[F1] [E14] batch 0300 | loss=0.7278 | acc=0.781
[F1] [E14] batch 0310 | loss=0.6910 | acc=0.777
[F1] [E14] batch 0320 | loss=0.6814 | acc=0.820
[F1] [E14] batch 0330 | loss=0.6732 | acc=0.797
[F1] [E14] batch 0340 | loss=0.6293 | acc=0.816
[F1] [E14] batch 0350 | loss=0.7218 | acc=0.781
[F1] [E14] batch 0360 | loss=0.6548 | acc=0.809
[F1] [E14] batch 0370 | loss=0.6584 | acc=0.816
[F1] [E14] batch 0380 | loss=0.6957 | acc=0.836
[F1] [E14] batch 0390 | loss=0.7423 | acc=0.734
[F1] [E14] batch 0400 | loss=0.5702 | acc=0.855
[F1] [E14] batch 0410 | loss=0.6471 | acc=0.793
[F1] [E14] batch 0420 | loss=0.6144 | acc=0.840
[F1] [E14] batch 0430 | loss=0.6443 | acc=0.812
[F1] [E14] batch 0440 | loss=0.6300 | acc=0.824
[F1] [E14] batch 0450 | loss=0.6751 | acc=0.789
[F1] [E14] batch 0460 | loss=0.6502 | acc=0.797
[F1] [E14] batch 0470 | loss=0.7497 | acc=0.770
[F1] [E14] total_loss=320.361 | VAL acc=0.940 | F1=0.787 | kappa=0.859
[STOP] Early stopping fold=1
[F1] TEST acc=0.892 | macro-F1=0.739 | kappa=0.800
[F1] time=1.2 min
[SAVE] /scratch/lustre/home/viju8335/projects/sleep-staging-bsc/results/cv_cnn_fold1.json
