[CV] k=10 fold=9
[CV] TRAIN subjects (45): ['SC4002E0', 'SC4011E0', 'SC4012E0', 'SC4021E0', 'SC4022E0'] ...
[CV] VAL   subjects (1):   ['SC4001E0']
[CV] TEST  subjects (5):  ['SC4032E0', 'SC4071E0', 'SC4142E0', 'SC4192E0', 'SC4212E0'] ...
=== DEVICE: cuda ===
=== START TRAIN (CV fold) ===
[F9] [E01] batch 0000 | loss=1.6850 | acc=0.188
[F9] [E01] batch 0010 | loss=1.5243 | acc=0.277
[F9] [E01] batch 0020 | loss=1.4503 | acc=0.422
[F9] [E01] batch 0030 | loss=1.3253 | acc=0.562
[F9] [E01] batch 0040 | loss=1.2842 | acc=0.566
[F9] [E01] batch 0050 | loss=1.2474 | acc=0.531
[F9] [E01] batch 0060 | loss=1.1555 | acc=0.613
[F9] [E01] batch 0070 | loss=1.1405 | acc=0.574
[F9] [E01] batch 0080 | loss=1.1324 | acc=0.602
[F9] [E01] batch 0090 | loss=1.1369 | acc=0.551
[F9] [E01] batch 0100 | loss=0.9885 | acc=0.684
[F9] [E01] batch 0110 | loss=1.0082 | acc=0.652
[F9] [E01] batch 0120 | loss=0.9639 | acc=0.660
[F9] [E01] batch 0130 | loss=0.9871 | acc=0.656
[F9] [E01] batch 0140 | loss=0.9502 | acc=0.672
[F9] [E01] batch 0150 | loss=0.9472 | acc=0.684
[F9] [E01] batch 0160 | loss=0.9379 | acc=0.652
[F9] [E01] batch 0170 | loss=0.9807 | acc=0.676
[F9] [E01] batch 0180 | loss=0.8483 | acc=0.730
[F9] [E01] batch 0190 | loss=0.8566 | acc=0.688
[F9] [E01] batch 0200 | loss=0.8344 | acc=0.703
[F9] [E01] batch 0210 | loss=0.8255 | acc=0.762
[F9] [E01] batch 0220 | loss=0.8943 | acc=0.699
[F9] [E01] batch 0230 | loss=0.8807 | acc=0.723
[F9] [E01] batch 0240 | loss=0.8479 | acc=0.734
[F9] [E01] batch 0250 | loss=0.8293 | acc=0.723
[F9] [E01] batch 0260 | loss=0.8282 | acc=0.742
[F9] [E01] batch 0270 | loss=0.8626 | acc=0.691
[F9] [E01] batch 0280 | loss=0.7985 | acc=0.723
[F9] [E01] batch 0290 | loss=0.8220 | acc=0.730
[F9] [E01] batch 0300 | loss=0.8196 | acc=0.703
[F9] [E01] batch 0310 | loss=0.7853 | acc=0.738
[F9] [E01] batch 0320 | loss=0.7846 | acc=0.758
[F9] [E01] batch 0330 | loss=0.8113 | acc=0.746
[F9] [E01] batch 0340 | loss=0.7812 | acc=0.770
[F9] [E01] batch 0350 | loss=0.8118 | acc=0.715
[F9] [E01] batch 0360 | loss=0.7744 | acc=0.781
[F9] [E01] batch 0370 | loss=0.8546 | acc=0.691
[F9] [E01] batch 0380 | loss=0.8040 | acc=0.750
[F9] [E01] batch 0390 | loss=0.7832 | acc=0.715
[F9] [E01] batch 0400 | loss=0.7247 | acc=0.789
[F9] [E01] batch 0410 | loss=0.7850 | acc=0.762
[F9] [E01] batch 0420 | loss=0.8094 | acc=0.715
[F9] [E01] batch 0430 | loss=0.8597 | acc=0.695
[F9] [E01] batch 0440 | loss=0.8108 | acc=0.703
[F9] [E01] batch 0450 | loss=0.7994 | acc=0.738
[F9] [E01] batch 0460 | loss=0.8567 | acc=0.707
[F9] [E01] batch 0470 | loss=0.7675 | acc=0.758
[F9] [E01] total_loss=454.512 | VAL acc=0.932 | F1=0.762 | kappa=0.843
[SAVE] best fold=9 (by VAL F1)
[F9] [E02] batch 0000 | loss=0.8218 | acc=0.695
[F9] [E02] batch 0010 | loss=0.7601 | acc=0.758
[F9] [E02] batch 0020 | loss=0.7594 | acc=0.777
[F9] [E02] batch 0030 | loss=0.7872 | acc=0.746
[F9] [E02] batch 0040 | loss=0.7680 | acc=0.742
[F9] [E02] batch 0050 | loss=0.8180 | acc=0.719
[F9] [E02] batch 0060 | loss=0.7416 | acc=0.770
[F9] [E02] batch 0070 | loss=0.7781 | acc=0.766
[F9] [E02] batch 0080 | loss=0.8113 | acc=0.723
[F9] [E02] batch 0090 | loss=0.7972 | acc=0.770
[F9] [E02] batch 0100 | loss=0.7128 | acc=0.789
[F9] [E02] batch 0110 | loss=0.8150 | acc=0.699
[F9] [E02] batch 0120 | loss=0.8141 | acc=0.719
[F9] [E02] batch 0130 | loss=0.7470 | acc=0.762
[F9] [E02] batch 0140 | loss=0.7727 | acc=0.742
[F9] [E02] batch 0150 | loss=0.8016 | acc=0.738
[F9] [E02] batch 0160 | loss=0.7666 | acc=0.738
[F9] [E02] batch 0170 | loss=0.7333 | acc=0.758
[F9] [E02] batch 0180 | loss=0.7939 | acc=0.703
[F9] [E02] batch 0190 | loss=0.7687 | acc=0.785
[F9] [E02] batch 0200 | loss=0.8348 | acc=0.691
[F9] [E02] batch 0210 | loss=0.7755 | acc=0.797
[F9] [E02] batch 0220 | loss=0.7312 | acc=0.793
[F9] [E02] batch 0230 | loss=0.7712 | acc=0.766
[F9] [E02] batch 0240 | loss=0.7812 | acc=0.758
[F9] [E02] batch 0250 | loss=0.7578 | acc=0.742
[F9] [E02] batch 0260 | loss=0.7319 | acc=0.785
[F9] [E02] batch 0270 | loss=0.7824 | acc=0.758
[F9] [E02] batch 0280 | loss=0.7367 | acc=0.770
[F9] [E02] batch 0290 | loss=0.7662 | acc=0.766
[F9] [E02] batch 0300 | loss=0.7421 | acc=0.746
[F9] [E02] batch 0310 | loss=0.8280 | acc=0.680
[F9] [E02] batch 0320 | loss=0.7871 | acc=0.754
[F9] [E02] batch 0330 | loss=0.7421 | acc=0.762
[F9] [E02] batch 0340 | loss=0.7427 | acc=0.715
[F9] [E02] batch 0350 | loss=0.7258 | acc=0.785
[F9] [E02] batch 0360 | loss=0.7706 | acc=0.781
[F9] [E02] batch 0370 | loss=0.7091 | acc=0.801
[F9] [E02] batch 0380 | loss=0.7341 | acc=0.762
[F9] [E02] batch 0390 | loss=0.7843 | acc=0.742
[F9] [E02] batch 0400 | loss=0.7721 | acc=0.770
[F9] [E02] batch 0410 | loss=0.7743 | acc=0.742
[F9] [E02] batch 0420 | loss=0.7482 | acc=0.754
[F9] [E02] batch 0430 | loss=0.7158 | acc=0.773
[F9] [E02] batch 0440 | loss=0.7246 | acc=0.797
[F9] [E02] batch 0450 | loss=0.7798 | acc=0.719
[F9] [E02] batch 0460 | loss=0.7301 | acc=0.770
[F9] [E02] batch 0470 | loss=0.7120 | acc=0.793
[F9] [E02] total_loss=366.463 | VAL acc=0.933 | F1=0.775 | kappa=0.844
[SAVE] best fold=9 (by VAL F1)
[F9] [E03] batch 0000 | loss=0.7280 | acc=0.754
[F9] [E03] batch 0010 | loss=0.7800 | acc=0.758
[F9] [E03] batch 0020 | loss=0.7869 | acc=0.746
[F9] [E03] batch 0030 | loss=0.7713 | acc=0.742
[F9] [E03] batch 0040 | loss=0.7682 | acc=0.758
[F9] [E03] batch 0050 | loss=0.6984 | acc=0.805
[F9] [E03] batch 0060 | loss=0.7270 | acc=0.789
[F9] [E03] batch 0070 | loss=0.7268 | acc=0.785
[F9] [E03] batch 0080 | loss=0.7502 | acc=0.773
[F9] [E03] batch 0090 | loss=0.7668 | acc=0.766
[F9] [E03] batch 0100 | loss=0.7409 | acc=0.805
[F9] [E03] batch 0110 | loss=0.7085 | acc=0.781
[F9] [E03] batch 0120 | loss=0.7571 | acc=0.746
[F9] [E03] batch 0130 | loss=0.7675 | acc=0.750
[F9] [E03] batch 0140 | loss=0.7749 | acc=0.727
[F9] [E03] batch 0150 | loss=0.7107 | acc=0.754
[F9] [E03] batch 0160 | loss=0.8453 | acc=0.719
[F9] [E03] batch 0170 | loss=0.7275 | acc=0.750
[F9] [E03] batch 0180 | loss=0.7592 | acc=0.766
[F9] [E03] batch 0190 | loss=0.7504 | acc=0.797
[F9] [E03] batch 0200 | loss=0.7232 | acc=0.750
[F9] [E03] batch 0210 | loss=0.7115 | acc=0.789
[F9] [E03] batch 0220 | loss=0.7481 | acc=0.770
[F9] [E03] batch 0230 | loss=0.7062 | acc=0.801
[F9] [E03] batch 0240 | loss=0.7205 | acc=0.766
[F9] [E03] batch 0250 | loss=0.7060 | acc=0.766
[F9] [E03] batch 0260 | loss=0.6769 | acc=0.809
[F9] [E03] batch 0270 | loss=0.7414 | acc=0.793
[F9] [E03] batch 0280 | loss=0.8054 | acc=0.723
[F9] [E03] batch 0290 | loss=0.7108 | acc=0.738
[F9] [E03] batch 0300 | loss=0.7636 | acc=0.770
[F9] [E03] batch 0310 | loss=0.7027 | acc=0.785
[F9] [E03] batch 0320 | loss=0.6892 | acc=0.809
[F9] [E03] batch 0330 | loss=0.6483 | acc=0.820
[F9] [E03] batch 0340 | loss=0.7056 | acc=0.785
[F9] [E03] batch 0350 | loss=0.7363 | acc=0.793
[F9] [E03] batch 0360 | loss=0.7875 | acc=0.750
[F9] [E03] batch 0370 | loss=0.6898 | acc=0.781
[F9] [E03] batch 0380 | loss=0.7206 | acc=0.793
[F9] [E03] batch 0390 | loss=0.7570 | acc=0.758
[F9] [E03] batch 0400 | loss=0.6812 | acc=0.797
[F9] [E03] batch 0410 | loss=0.7972 | acc=0.723
[F9] [E03] batch 0420 | loss=0.7108 | acc=0.781
[F9] [E03] batch 0430 | loss=0.7397 | acc=0.766
[F9] [E03] batch 0440 | loss=0.7461 | acc=0.770
[F9] [E03] batch 0450 | loss=0.7483 | acc=0.773
[F9] [E03] batch 0460 | loss=0.7007 | acc=0.828
[F9] [E03] batch 0470 | loss=0.8032 | acc=0.730
[F9] [E03] total_loss=353.250 | VAL acc=0.940 | F1=0.778 | kappa=0.860
[SAVE] best fold=9 (by VAL F1)
[F9] [E04] batch 0000 | loss=0.7224 | acc=0.781
[F9] [E04] batch 0010 | loss=0.6792 | acc=0.797
[F9] [E04] batch 0020 | loss=0.6577 | acc=0.820
[F9] [E04] batch 0030 | loss=0.7207 | acc=0.766
[F9] [E04] batch 0040 | loss=0.6749 | acc=0.824
[F9] [E04] batch 0050 | loss=0.7727 | acc=0.762
[F9] [E04] batch 0060 | loss=0.7280 | acc=0.762
[F9] [E04] batch 0070 | loss=0.7366 | acc=0.758
[F9] [E04] batch 0080 | loss=0.7372 | acc=0.777
[F9] [E04] batch 0090 | loss=0.7417 | acc=0.773
[F9] [E04] batch 0100 | loss=0.7602 | acc=0.746
[F9] [E04] batch 0110 | loss=0.6754 | acc=0.812
[F9] [E04] batch 0120 | loss=0.7009 | acc=0.762
[F9] [E04] batch 0130 | loss=0.7558 | acc=0.746
[F9] [E04] batch 0140 | loss=0.6801 | acc=0.805
[F9] [E04] batch 0150 | loss=0.7248 | acc=0.777
[F9] [E04] batch 0160 | loss=0.7122 | acc=0.789
[F9] [E04] batch 0170 | loss=0.7119 | acc=0.777
[F9] [E04] batch 0180 | loss=0.7367 | acc=0.754
[F9] [E04] batch 0190 | loss=0.6609 | acc=0.820
[F9] [E04] batch 0200 | loss=0.7359 | acc=0.781
[F9] [E04] batch 0210 | loss=0.7953 | acc=0.711
[F9] [E04] batch 0220 | loss=0.7315 | acc=0.762
[F9] [E04] batch 0230 | loss=0.7434 | acc=0.773
[F9] [E04] batch 0240 | loss=0.7251 | acc=0.785
[F9] [E04] batch 0250 | loss=0.7937 | acc=0.715
[F9] [E04] batch 0260 | loss=0.7357 | acc=0.742
[F9] [E04] batch 0270 | loss=0.7246 | acc=0.801
[F9] [E04] batch 0280 | loss=0.7066 | acc=0.773
[F9] [E04] batch 0290 | loss=0.7974 | acc=0.730
[F9] [E04] batch 0300 | loss=0.6911 | acc=0.801
[F9] [E04] batch 0310 | loss=0.7622 | acc=0.730
[F9] [E04] batch 0320 | loss=0.7073 | acc=0.781
[F9] [E04] batch 0330 | loss=0.6623 | acc=0.809
[F9] [E04] batch 0340 | loss=0.7088 | acc=0.777
[F9] [E04] batch 0350 | loss=0.7711 | acc=0.707
[F9] [E04] batch 0360 | loss=0.7228 | acc=0.801
[F9] [E04] batch 0370 | loss=0.7146 | acc=0.762
[F9] [E04] batch 0380 | loss=0.7663 | acc=0.738
[F9] [E04] batch 0390 | loss=0.6648 | acc=0.824
[F9] [E04] batch 0400 | loss=0.7149 | acc=0.750
[F9] [E04] batch 0410 | loss=0.7110 | acc=0.805
[F9] [E04] batch 0420 | loss=0.7562 | acc=0.750
[F9] [E04] batch 0430 | loss=0.7518 | acc=0.762
[F9] [E04] batch 0440 | loss=0.7066 | acc=0.766
[F9] [E04] batch 0450 | loss=0.7466 | acc=0.773
[F9] [E04] batch 0460 | loss=0.7198 | acc=0.758
[F9] [E04] batch 0470 | loss=0.7332 | acc=0.762
[F9] [E04] total_loss=345.714 | VAL acc=0.928 | F1=0.753 | kappa=0.834
[F9] [E05] batch 0000 | loss=0.6728 | acc=0.809
[F9] [E05] batch 0010 | loss=0.7153 | acc=0.750
[F9] [E05] batch 0020 | loss=0.6780 | acc=0.785
[F9] [E05] batch 0030 | loss=0.7476 | acc=0.750
[F9] [E05] batch 0040 | loss=0.8018 | acc=0.758
[F9] [E05] batch 0050 | loss=0.6669 | acc=0.840
[F9] [E05] batch 0060 | loss=0.7229 | acc=0.746
[F9] [E05] batch 0070 | loss=0.7753 | acc=0.723
[F9] [E05] batch 0080 | loss=0.7295 | acc=0.809
[F9] [E05] batch 0090 | loss=0.7137 | acc=0.793
[F9] [E05] batch 0100 | loss=0.7567 | acc=0.746
[F9] [E05] batch 0110 | loss=0.7440 | acc=0.773
[F9] [E05] batch 0120 | loss=0.7502 | acc=0.750
[F9] [E05] batch 0130 | loss=0.7208 | acc=0.770
[F9] [E05] batch 0140 | loss=0.7136 | acc=0.750
[F9] [E05] batch 0150 | loss=0.7494 | acc=0.785
[F9] [E05] batch 0160 | loss=0.7121 | acc=0.773
[F9] [E05] batch 0170 | loss=0.7116 | acc=0.785
[F9] [E05] batch 0180 | loss=0.7822 | acc=0.754
[F9] [E05] batch 0190 | loss=0.7745 | acc=0.730
[F9] [E05] batch 0200 | loss=0.7453 | acc=0.766
[F9] [E05] batch 0210 | loss=0.6737 | acc=0.812
[F9] [E05] batch 0220 | loss=0.6239 | acc=0.836
[F9] [E05] batch 0230 | loss=0.7061 | acc=0.781
[F9] [E05] batch 0240 | loss=0.7348 | acc=0.766
[F9] [E05] batch 0250 | loss=0.6979 | acc=0.797
[F9] [E05] batch 0260 | loss=0.6722 | acc=0.820
[F9] [E05] batch 0270 | loss=0.6792 | acc=0.809
[F9] [E05] batch 0280 | loss=0.6904 | acc=0.789
[F9] [E05] batch 0290 | loss=0.7387 | acc=0.777
[F9] [E05] batch 0300 | loss=0.6713 | acc=0.832
[F9] [E05] batch 0310 | loss=0.5987 | acc=0.828
[F9] [E05] batch 0320 | loss=0.6717 | acc=0.824
[F9] [E05] batch 0330 | loss=0.7336 | acc=0.797
[F9] [E05] batch 0340 | loss=0.7164 | acc=0.785
[F9] [E05] batch 0350 | loss=0.6675 | acc=0.785
[F9] [E05] batch 0360 | loss=0.7336 | acc=0.785
[F9] [E05] batch 0370 | loss=0.6927 | acc=0.793
[F9] [E05] batch 0380 | loss=0.7988 | acc=0.723
[F9] [E05] batch 0390 | loss=0.6826 | acc=0.770
[F9] [E05] batch 0400 | loss=0.7685 | acc=0.773
[F9] [E05] batch 0410 | loss=0.7644 | acc=0.758
[F9] [E05] batch 0420 | loss=0.7237 | acc=0.773
[F9] [E05] batch 0430 | loss=0.7196 | acc=0.785
[F9] [E05] batch 0440 | loss=0.6770 | acc=0.770
[F9] [E05] batch 0450 | loss=0.6903 | acc=0.805
[F9] [E05] batch 0460 | loss=0.7151 | acc=0.781
[F9] [E05] batch 0470 | loss=0.7569 | acc=0.762
[F9] [E05] total_loss=342.399 | VAL acc=0.935 | F1=0.778 | kappa=0.849
[SAVE] best fold=9 (by VAL F1)
[F9] [E06] batch 0000 | loss=0.7267 | acc=0.773
[F9] [E06] batch 0010 | loss=0.7609 | acc=0.766
[F9] [E06] batch 0020 | loss=0.6621 | acc=0.770
[F9] [E06] batch 0030 | loss=0.6652 | acc=0.809
[F9] [E06] batch 0040 | loss=0.7309 | acc=0.789
[F9] [E06] batch 0050 | loss=0.7112 | acc=0.797
[F9] [E06] batch 0060 | loss=0.7393 | acc=0.750
[F9] [E06] batch 0070 | loss=0.6905 | acc=0.805
[F9] [E06] batch 0080 | loss=0.6605 | acc=0.789
[F9] [E06] batch 0090 | loss=0.7242 | acc=0.801
[F9] [E06] batch 0100 | loss=0.6651 | acc=0.805
[F9] [E06] batch 0110 | loss=0.6601 | acc=0.801
[F9] [E06] batch 0120 | loss=0.7157 | acc=0.777
[F9] [E06] batch 0130 | loss=0.7314 | acc=0.770
[F9] [E06] batch 0140 | loss=0.7270 | acc=0.781
[F9] [E06] batch 0150 | loss=0.6561 | acc=0.820
[F9] [E06] batch 0160 | loss=0.6962 | acc=0.789
[F9] [E06] batch 0170 | loss=0.6660 | acc=0.840
[F9] [E06] batch 0180 | loss=0.6327 | acc=0.824
[F9] [E06] batch 0190 | loss=0.7239 | acc=0.742
[F9] [E06] batch 0200 | loss=0.6475 | acc=0.824
[F9] [E06] batch 0210 | loss=0.6990 | acc=0.789
[F9] [E06] batch 0220 | loss=0.7045 | acc=0.805
[F9] [E06] batch 0230 | loss=0.7098 | acc=0.801
[F9] [E06] batch 0240 | loss=0.6856 | acc=0.820
[F9] [E06] batch 0250 | loss=0.7198 | acc=0.781
[F9] [E06] batch 0260 | loss=0.6900 | acc=0.781
[F9] [E06] batch 0270 | loss=0.6941 | acc=0.773
[F9] [E06] batch 0280 | loss=0.7403 | acc=0.762
[F9] [E06] batch 0290 | loss=0.6575 | acc=0.812
[F9] [E06] batch 0300 | loss=0.7181 | acc=0.805
[F9] [E06] batch 0310 | loss=0.7397 | acc=0.777
[F9] [E06] batch 0320 | loss=0.6699 | acc=0.832
[F9] [E06] batch 0330 | loss=0.6864 | acc=0.812
[F9] [E06] batch 0340 | loss=0.6916 | acc=0.793
[F9] [E06] batch 0350 | loss=0.6708 | acc=0.785
[F9] [E06] batch 0360 | loss=0.6755 | acc=0.828
[F9] [E06] batch 0370 | loss=0.6588 | acc=0.805
[F9] [E06] batch 0380 | loss=0.6982 | acc=0.777
[F9] [E06] batch 0390 | loss=0.7548 | acc=0.773
[F9] [E06] batch 0400 | loss=0.6692 | acc=0.812
[F9] [E06] batch 0410 | loss=0.7677 | acc=0.785
[F9] [E06] batch 0420 | loss=0.7552 | acc=0.770
[F9] [E06] batch 0430 | loss=0.6422 | acc=0.820
[F9] [E06] batch 0440 | loss=0.7167 | acc=0.797
[F9] [E06] batch 0450 | loss=0.6599 | acc=0.781
[F9] [E06] batch 0460 | loss=0.7069 | acc=0.758
[F9] [E06] batch 0470 | loss=0.6863 | acc=0.793
[F9] [E06] total_loss=339.396 | VAL acc=0.934 | F1=0.772 | kappa=0.846
[F9] [E07] batch 0000 | loss=0.6888 | acc=0.805
[F9] [E07] batch 0010 | loss=0.6242 | acc=0.824
[F9] [E07] batch 0020 | loss=0.6907 | acc=0.797
[F9] [E07] batch 0030 | loss=0.7488 | acc=0.762
[F9] [E07] batch 0040 | loss=0.7700 | acc=0.746
[F9] [E07] batch 0050 | loss=0.7986 | acc=0.723
[F9] [E07] batch 0060 | loss=0.7049 | acc=0.777
[F9] [E07] batch 0070 | loss=0.7546 | acc=0.777
[F9] [E07] batch 0080 | loss=0.6654 | acc=0.809
[F9] [E07] batch 0090 | loss=0.7025 | acc=0.777
[F9] [E07] batch 0100 | loss=0.6845 | acc=0.770
[F9] [E07] batch 0110 | loss=0.6868 | acc=0.770
[F9] [E07] batch 0120 | loss=0.6743 | acc=0.828
[F9] [E07] batch 0130 | loss=0.6676 | acc=0.801
[F9] [E07] batch 0140 | loss=0.7247 | acc=0.785
[F9] [E07] batch 0150 | loss=0.6768 | acc=0.809
[F9] [E07] batch 0160 | loss=0.6503 | acc=0.816
[F9] [E07] batch 0170 | loss=0.7029 | acc=0.789
[F9] [E07] batch 0180 | loss=0.7373 | acc=0.766
[F9] [E07] batch 0190 | loss=0.7527 | acc=0.773
[F9] [E07] batch 0200 | loss=0.7092 | acc=0.809
[F9] [E07] batch 0210 | loss=0.6921 | acc=0.809
[F9] [E07] batch 0220 | loss=0.6934 | acc=0.797
[F9] [E07] batch 0230 | loss=0.6646 | acc=0.828
[F9] [E07] batch 0240 | loss=0.7015 | acc=0.781
[F9] [E07] batch 0250 | loss=0.6980 | acc=0.805
[F9] [E07] batch 0260 | loss=0.7141 | acc=0.797
[F9] [E07] batch 0270 | loss=0.6729 | acc=0.789
[F9] [E07] batch 0280 | loss=0.7002 | acc=0.770
[F9] [E07] batch 0290 | loss=0.7300 | acc=0.758
[F9] [E07] batch 0300 | loss=0.6984 | acc=0.781
[F9] [E07] batch 0310 | loss=0.7365 | acc=0.762
[F9] [E07] batch 0320 | loss=0.7068 | acc=0.789
[F9] [E07] batch 0330 | loss=0.6430 | acc=0.840
[F9] [E07] batch 0340 | loss=0.7148 | acc=0.777
[F9] [E07] batch 0350 | loss=0.7224 | acc=0.777
[F9] [E07] batch 0360 | loss=0.6868 | acc=0.777
[F9] [E07] batch 0370 | loss=0.7224 | acc=0.797
[F9] [E07] batch 0380 | loss=0.7126 | acc=0.758
[F9] [E07] batch 0390 | loss=0.6732 | acc=0.809
[F9] [E07] batch 0400 | loss=0.6756 | acc=0.812
[F9] [E07] batch 0410 | loss=0.6537 | acc=0.801
[F9] [E07] batch 0420 | loss=0.7048 | acc=0.758
[F9] [E07] batch 0430 | loss=0.6398 | acc=0.801
[F9] [E07] batch 0440 | loss=0.6430 | acc=0.801
[F9] [E07] batch 0450 | loss=0.7225 | acc=0.781
[F9] [E07] batch 0460 | loss=0.6460 | acc=0.816
[F9] [E07] batch 0470 | loss=0.7911 | acc=0.734
[F9] [E07] total_loss=334.861 | VAL acc=0.938 | F1=0.777 | kappa=0.854
[F9] [E08] batch 0000 | loss=0.6609 | acc=0.809
[F9] [E08] batch 0010 | loss=0.7013 | acc=0.777
[F9] [E08] batch 0020 | loss=0.6666 | acc=0.801
[F9] [E08] batch 0030 | loss=0.6974 | acc=0.816
[F9] [E08] batch 0040 | loss=0.7536 | acc=0.785
[F9] [E08] batch 0050 | loss=0.6939 | acc=0.789
[F9] [E08] batch 0060 | loss=0.7015 | acc=0.801
[F9] [E08] batch 0070 | loss=0.7898 | acc=0.746
[F9] [E08] batch 0080 | loss=0.7280 | acc=0.789
[F9] [E08] batch 0090 | loss=0.6454 | acc=0.816
[F9] [E08] batch 0100 | loss=0.6746 | acc=0.789
[F9] [E08] batch 0110 | loss=0.6914 | acc=0.809
[F9] [E08] batch 0120 | loss=0.7804 | acc=0.762
[F9] [E08] batch 0130 | loss=0.7922 | acc=0.762
[F9] [E08] batch 0140 | loss=0.6939 | acc=0.785
[F9] [E08] batch 0150 | loss=0.7171 | acc=0.793
[F9] [E08] batch 0160 | loss=0.6935 | acc=0.809
[F9] [E08] batch 0170 | loss=0.6480 | acc=0.805
[F9] [E08] batch 0180 | loss=0.7563 | acc=0.738
[F9] [E08] batch 0190 | loss=0.6902 | acc=0.797
[F9] [E08] batch 0200 | loss=0.6682 | acc=0.793
[F9] [E08] batch 0210 | loss=0.7010 | acc=0.816
[F9] [E08] batch 0220 | loss=0.6556 | acc=0.805
[F9] [E08] batch 0230 | loss=0.7382 | acc=0.762
[F9] [E08] batch 0240 | loss=0.6762 | acc=0.805
[F9] [E08] batch 0250 | loss=0.7016 | acc=0.805
[F9] [E08] batch 0260 | loss=0.6969 | acc=0.801
[F9] [E08] batch 0270 | loss=0.6778 | acc=0.801
[F9] [E08] batch 0280 | loss=0.6572 | acc=0.797
[F9] [E08] batch 0290 | loss=0.6408 | acc=0.828
[F9] [E08] batch 0300 | loss=0.6540 | acc=0.832
[F9] [E08] batch 0310 | loss=0.7155 | acc=0.773
[F9] [E08] batch 0320 | loss=0.6449 | acc=0.816
[F9] [E08] batch 0330 | loss=0.6813 | acc=0.793
[F9] [E08] batch 0340 | loss=0.6638 | acc=0.758
[F9] [E08] batch 0350 | loss=0.7231 | acc=0.766
[F9] [E08] batch 0360 | loss=0.7013 | acc=0.797
[F9] [E08] batch 0370 | loss=0.7282 | acc=0.801
[F9] [E08] batch 0380 | loss=0.7182 | acc=0.777
[F9] [E08] batch 0390 | loss=0.6272 | acc=0.828
[F9] [E08] batch 0400 | loss=0.7356 | acc=0.793
[F9] [E08] batch 0410 | loss=0.6438 | acc=0.812
[F9] [E08] batch 0420 | loss=0.6267 | acc=0.836
[F9] [E08] batch 0430 | loss=0.6680 | acc=0.793
[F9] [E08] batch 0440 | loss=0.6754 | acc=0.797
[F9] [E08] batch 0450 | loss=0.7179 | acc=0.746
[F9] [E08] batch 0460 | loss=0.6850 | acc=0.805
[F9] [E08] batch 0470 | loss=0.7134 | acc=0.781
[F9] [E08] total_loss=331.624 | VAL acc=0.938 | F1=0.781 | kappa=0.855
[SAVE] best fold=9 (by VAL F1)
[F9] [E09] batch 0000 | loss=0.6616 | acc=0.801
[F9] [E09] batch 0010 | loss=0.7338 | acc=0.773
[F9] [E09] batch 0020 | loss=0.6903 | acc=0.809
[F9] [E09] batch 0030 | loss=0.6819 | acc=0.789
[F9] [E09] batch 0040 | loss=0.7100 | acc=0.801
[F9] [E09] batch 0050 | loss=0.7418 | acc=0.766
[F9] [E09] batch 0060 | loss=0.6706 | acc=0.773
[F9] [E09] batch 0070 | loss=0.7453 | acc=0.766
[F9] [E09] batch 0080 | loss=0.7710 | acc=0.730
[F9] [E09] batch 0090 | loss=0.6673 | acc=0.797
[F9] [E09] batch 0100 | loss=0.6843 | acc=0.777
[F9] [E09] batch 0110 | loss=0.6356 | acc=0.805
[F9] [E09] batch 0120 | loss=0.7847 | acc=0.734
[F9] [E09] batch 0130 | loss=0.6776 | acc=0.789
[F9] [E09] batch 0140 | loss=0.6598 | acc=0.801
[F9] [E09] batch 0150 | loss=0.6969 | acc=0.797
[F9] [E09] batch 0160 | loss=0.6415 | acc=0.824
[F9] [E09] batch 0170 | loss=0.6534 | acc=0.809
[F9] [E09] batch 0180 | loss=0.7257 | acc=0.770
[F9] [E09] batch 0190 | loss=0.6607 | acc=0.812
[F9] [E09] batch 0200 | loss=0.6831 | acc=0.809
[F9] [E09] batch 0210 | loss=0.6168 | acc=0.836
[F9] [E09] batch 0220 | loss=0.6552 | acc=0.801
[F9] [E09] batch 0230 | loss=0.6456 | acc=0.809
[F9] [E09] batch 0240 | loss=0.6867 | acc=0.805
[F9] [E09] batch 0250 | loss=0.6461 | acc=0.824
[F9] [E09] batch 0260 | loss=0.6392 | acc=0.824
[F9] [E09] batch 0270 | loss=0.7068 | acc=0.820
[F9] [E09] batch 0280 | loss=0.6755 | acc=0.812
[F9] [E09] batch 0290 | loss=0.6348 | acc=0.852
[F9] [E09] batch 0300 | loss=0.7019 | acc=0.789
[F9] [E09] batch 0310 | loss=0.6702 | acc=0.785
[F9] [E09] batch 0320 | loss=0.6147 | acc=0.828
[F9] [E09] batch 0330 | loss=0.6765 | acc=0.801
[F9] [E09] batch 0340 | loss=0.6227 | acc=0.832
[F9] [E09] batch 0350 | loss=0.7015 | acc=0.820
[F9] [E09] batch 0360 | loss=0.6924 | acc=0.809
[F9] [E09] batch 0370 | loss=0.6954 | acc=0.797
[F9] [E09] batch 0380 | loss=0.7050 | acc=0.789
[F9] [E09] batch 0390 | loss=0.7236 | acc=0.805
[F9] [E09] batch 0400 | loss=0.6376 | acc=0.820
[F9] [E09] batch 0410 | loss=0.6564 | acc=0.828
[F9] [E09] batch 0420 | loss=0.6422 | acc=0.801
[F9] [E09] batch 0430 | loss=0.6609 | acc=0.812
[F9] [E09] batch 0440 | loss=0.7962 | acc=0.750
[F9] [E09] batch 0450 | loss=0.7003 | acc=0.789
[F9] [E09] batch 0460 | loss=0.6971 | acc=0.762
[F9] [E09] batch 0470 | loss=0.6843 | acc=0.793
[F9] [E09] total_loss=330.916 | VAL acc=0.937 | F1=0.772 | kappa=0.853
[F9] [E10] batch 0000 | loss=0.6821 | acc=0.793
[F9] [E10] batch 0010 | loss=0.6553 | acc=0.820
[F9] [E10] batch 0020 | loss=0.6597 | acc=0.816
[F9] [E10] batch 0030 | loss=0.6449 | acc=0.816
[F9] [E10] batch 0040 | loss=0.6939 | acc=0.797
[F9] [E10] batch 0050 | loss=0.5998 | acc=0.836
[F9] [E10] batch 0060 | loss=0.7035 | acc=0.789
[F9] [E10] batch 0070 | loss=0.6589 | acc=0.809
[F9] [E10] batch 0080 | loss=0.6576 | acc=0.805
[F9] [E10] batch 0090 | loss=0.7118 | acc=0.781
[F9] [E10] batch 0100 | loss=0.7071 | acc=0.773
[F9] [E10] batch 0110 | loss=0.7090 | acc=0.793
[F9] [E10] batch 0120 | loss=0.6702 | acc=0.812
[F9] [E10] batch 0130 | loss=0.7101 | acc=0.785
[F9] [E10] batch 0140 | loss=0.6707 | acc=0.801
[F9] [E10] batch 0150 | loss=0.7407 | acc=0.770
[F9] [E10] batch 0160 | loss=0.7464 | acc=0.785
[F9] [E10] batch 0170 | loss=0.6782 | acc=0.809
[F9] [E10] batch 0180 | loss=0.6682 | acc=0.824
[F9] [E10] batch 0190 | loss=0.6666 | acc=0.797
[F9] [E10] batch 0200 | loss=0.6581 | acc=0.816
[F9] [E10] batch 0210 | loss=0.7030 | acc=0.781
[F9] [E10] batch 0220 | loss=0.7529 | acc=0.730
[F9] [E10] batch 0230 | loss=0.7262 | acc=0.789
[F9] [E10] batch 0240 | loss=0.7386 | acc=0.785
[F9] [E10] batch 0250 | loss=0.6387 | acc=0.828
[F9] [E10] batch 0260 | loss=0.6723 | acc=0.809
[F9] [E10] batch 0270 | loss=0.6575 | acc=0.797
[F9] [E10] batch 0280 | loss=0.6989 | acc=0.793
[F9] [E10] batch 0290 | loss=0.6124 | acc=0.848
[F9] [E10] batch 0300 | loss=0.6838 | acc=0.797
[F9] [E10] batch 0310 | loss=0.7442 | acc=0.773
[F9] [E10] batch 0320 | loss=0.7006 | acc=0.820
[F9] [E10] batch 0330 | loss=0.6531 | acc=0.812
[F9] [E10] batch 0340 | loss=0.6280 | acc=0.828
[F9] [E10] batch 0350 | loss=0.6438 | acc=0.844
[F9] [E10] batch 0360 | loss=0.7487 | acc=0.746
[F9] [E10] batch 0370 | loss=0.6948 | acc=0.809
[F9] [E10] batch 0380 | loss=0.6914 | acc=0.754
[F9] [E10] batch 0390 | loss=0.6774 | acc=0.801
[F9] [E10] batch 0400 | loss=0.7197 | acc=0.777
[F9] [E10] batch 0410 | loss=0.6622 | acc=0.812
[F9] [E10] batch 0420 | loss=0.7031 | acc=0.766
[F9] [E10] batch 0430 | loss=0.6217 | acc=0.848
[F9] [E10] batch 0440 | loss=0.7161 | acc=0.789
[F9] [E10] batch 0450 | loss=0.7096 | acc=0.766
[F9] [E10] batch 0460 | loss=0.7201 | acc=0.773
[F9] [E10] batch 0470 | loss=0.7216 | acc=0.762
[F9] [E10] total_loss=326.932 | VAL acc=0.944 | F1=0.791 | kappa=0.868
[SAVE] best fold=9 (by VAL F1)
[F9] [E11] batch 0000 | loss=0.6638 | acc=0.801
[F9] [E11] batch 0010 | loss=0.6508 | acc=0.801
[F9] [E11] batch 0020 | loss=0.6810 | acc=0.809
[F9] [E11] batch 0030 | loss=0.6826 | acc=0.824
[F9] [E11] batch 0040 | loss=0.6532 | acc=0.836
[F9] [E11] batch 0050 | loss=0.6613 | acc=0.828
[F9] [E11] batch 0060 | loss=0.7313 | acc=0.750
[F9] [E11] batch 0070 | loss=0.7333 | acc=0.789
[F9] [E11] batch 0080 | loss=0.7376 | acc=0.746
[F9] [E11] batch 0090 | loss=0.6663 | acc=0.820
[F9] [E11] batch 0100 | loss=0.6790 | acc=0.797
[F9] [E11] batch 0110 | loss=0.6817 | acc=0.789
[F9] [E11] batch 0120 | loss=0.6349 | acc=0.809
[F9] [E11] batch 0130 | loss=0.7483 | acc=0.777
[F9] [E11] batch 0140 | loss=0.7173 | acc=0.781
[F9] [E11] batch 0150 | loss=0.6665 | acc=0.820
[F9] [E11] batch 0160 | loss=0.6785 | acc=0.801
[F9] [E11] batch 0170 | loss=0.6613 | acc=0.805
[F9] [E11] batch 0180 | loss=0.7375 | acc=0.766
[F9] [E11] batch 0190 | loss=0.6537 | acc=0.820
[F9] [E11] batch 0200 | loss=0.6620 | acc=0.812
[F9] [E11] batch 0210 | loss=0.7172 | acc=0.766
[F9] [E11] batch 0220 | loss=0.6646 | acc=0.770
[F9] [E11] batch 0230 | loss=0.6527 | acc=0.805
[F9] [E11] batch 0240 | loss=0.7452 | acc=0.762
[F9] [E11] batch 0250 | loss=0.6691 | acc=0.797
[F9] [E11] batch 0260 | loss=0.7584 | acc=0.738
[F9] [E11] batch 0270 | loss=0.6951 | acc=0.793
[F9] [E11] batch 0280 | loss=0.6971 | acc=0.793
[F9] [E11] batch 0290 | loss=0.6477 | acc=0.820
[F9] [E11] batch 0300 | loss=0.6268 | acc=0.820
[F9] [E11] batch 0310 | loss=0.6811 | acc=0.781
[F9] [E11] batch 0320 | loss=0.6225 | acc=0.805
[F9] [E11] batch 0330 | loss=0.6634 | acc=0.805
[F9] [E11] batch 0340 | loss=0.7268 | acc=0.781
[F9] [E11] batch 0350 | loss=0.6556 | acc=0.812
[F9] [E11] batch 0360 | loss=0.6330 | acc=0.797
[F9] [E11] batch 0370 | loss=0.6900 | acc=0.793
[F9] [E11] batch 0380 | loss=0.6713 | acc=0.781
[F9] [E11] batch 0390 | loss=0.7598 | acc=0.754
[F9] [E11] batch 0400 | loss=0.7120 | acc=0.805
[F9] [E11] batch 0410 | loss=0.6480 | acc=0.805
[F9] [E11] batch 0420 | loss=0.6702 | acc=0.797
[F9] [E11] batch 0430 | loss=0.6551 | acc=0.805
[F9] [E11] batch 0440 | loss=0.7267 | acc=0.785
[F9] [E11] batch 0450 | loss=0.6442 | acc=0.836
[F9] [E11] batch 0460 | loss=0.6339 | acc=0.824
[F9] [E11] batch 0470 | loss=0.6749 | acc=0.828
[F9] [E11] total_loss=328.006 | VAL acc=0.934 | F1=0.771 | kappa=0.846
[F9] [E12] batch 0000 | loss=0.7116 | acc=0.797
[F9] [E12] batch 0010 | loss=0.6751 | acc=0.797
[F9] [E12] batch 0020 | loss=0.6916 | acc=0.801
[F9] [E12] batch 0030 | loss=0.6468 | acc=0.844
[F9] [E12] batch 0040 | loss=0.6269 | acc=0.848
[F9] [E12] batch 0050 | loss=0.6683 | acc=0.797
[F9] [E12] batch 0060 | loss=0.7184 | acc=0.777
[F9] [E12] batch 0070 | loss=0.6289 | acc=0.809
[F9] [E12] batch 0080 | loss=0.7101 | acc=0.766
[F9] [E12] batch 0090 | loss=0.6819 | acc=0.785
[F9] [E12] batch 0100 | loss=0.7124 | acc=0.785
[F9] [E12] batch 0110 | loss=0.6453 | acc=0.844
[F9] [E12] batch 0120 | loss=0.7309 | acc=0.801
[F9] [E12] batch 0130 | loss=0.6971 | acc=0.789
[F9] [E12] batch 0140 | loss=0.6517 | acc=0.812
[F9] [E12] batch 0150 | loss=0.6550 | acc=0.828
[F9] [E12] batch 0160 | loss=0.6533 | acc=0.824
[F9] [E12] batch 0170 | loss=0.6858 | acc=0.809
[F9] [E12] batch 0180 | loss=0.6734 | acc=0.789
[F9] [E12] batch 0190 | loss=0.6926 | acc=0.812
[F9] [E12] batch 0200 | loss=0.6391 | acc=0.797
[F9] [E12] batch 0210 | loss=0.6637 | acc=0.785
[F9] [E12] batch 0220 | loss=0.6660 | acc=0.797
[F9] [E12] batch 0230 | loss=0.6391 | acc=0.793
[F9] [E12] batch 0240 | loss=0.7201 | acc=0.785
[F9] [E12] batch 0250 | loss=0.6674 | acc=0.809
[F9] [E12] batch 0260 | loss=0.6419 | acc=0.820
[F9] [E12] batch 0270 | loss=0.6009 | acc=0.867
[F9] [E12] batch 0280 | loss=0.7322 | acc=0.762
[F9] [E12] batch 0290 | loss=0.6748 | acc=0.809
[F9] [E12] batch 0300 | loss=0.7188 | acc=0.762
[F9] [E12] batch 0310 | loss=0.7527 | acc=0.797
[F9] [E12] batch 0320 | loss=0.7686 | acc=0.738
[F9] [E12] batch 0330 | loss=0.6914 | acc=0.789
[F9] [E12] batch 0340 | loss=0.6158 | acc=0.840
[F9] [E12] batch 0350 | loss=0.7121 | acc=0.777
[F9] [E12] batch 0360 | loss=0.6555 | acc=0.816
[F9] [E12] batch 0370 | loss=0.7769 | acc=0.746
[F9] [E12] batch 0380 | loss=0.7094 | acc=0.785
[F9] [E12] batch 0390 | loss=0.7731 | acc=0.758
[F9] [E12] batch 0400 | loss=0.7351 | acc=0.750
[F9] [E12] batch 0410 | loss=0.6853 | acc=0.797
[F9] [E12] batch 0420 | loss=0.6613 | acc=0.816
[F9] [E12] batch 0430 | loss=0.6537 | acc=0.805
[F9] [E12] batch 0440 | loss=0.6679 | acc=0.797
[F9] [E12] batch 0450 | loss=0.6635 | acc=0.797
[F9] [E12] batch 0460 | loss=0.6658 | acc=0.793
[F9] [E12] batch 0470 | loss=0.7031 | acc=0.781
[F9] [E12] total_loss=326.471 | VAL acc=0.942 | F1=0.782 | kappa=0.862
[F9] [E13] batch 0000 | loss=0.8117 | acc=0.758
[F9] [E13] batch 0010 | loss=0.6882 | acc=0.781
[F9] [E13] batch 0020 | loss=0.6810 | acc=0.777
[F9] [E13] batch 0030 | loss=0.6249 | acc=0.832
[F9] [E13] batch 0040 | loss=0.6921 | acc=0.793
[F9] [E13] batch 0050 | loss=0.6961 | acc=0.785
[F9] [E13] batch 0060 | loss=0.6209 | acc=0.828
[F9] [E13] batch 0070 | loss=0.6334 | acc=0.836
[F9] [E13] batch 0080 | loss=0.7289 | acc=0.766
[F9] [E13] batch 0090 | loss=0.6421 | acc=0.832
[F9] [E13] batch 0100 | loss=0.6814 | acc=0.785
[F9] [E13] batch 0110 | loss=0.6614 | acc=0.809
[F9] [E13] batch 0120 | loss=0.7323 | acc=0.777
[F9] [E13] batch 0130 | loss=0.6307 | acc=0.820
[F9] [E13] batch 0140 | loss=0.6516 | acc=0.805
[F9] [E13] batch 0150 | loss=0.6543 | acc=0.836
[F9] [E13] batch 0160 | loss=0.6798 | acc=0.801
[F9] [E13] batch 0170 | loss=0.6781 | acc=0.773
[F9] [E13] batch 0180 | loss=0.6921 | acc=0.793
[F9] [E13] batch 0190 | loss=0.6599 | acc=0.816
[F9] [E13] batch 0200 | loss=0.7364 | acc=0.766
[F9] [E13] batch 0210 | loss=0.6519 | acc=0.801
[F9] [E13] batch 0220 | loss=0.6287 | acc=0.832
[F9] [E13] batch 0230 | loss=0.6345 | acc=0.816
[F9] [E13] batch 0240 | loss=0.6930 | acc=0.789
[F9] [E13] batch 0250 | loss=0.7223 | acc=0.781
[F9] [E13] batch 0260 | loss=0.7121 | acc=0.801
[F9] [E13] batch 0270 | loss=0.5951 | acc=0.832
[F9] [E13] batch 0280 | loss=0.6675 | acc=0.801
[F9] [E13] batch 0290 | loss=0.6771 | acc=0.789
[F9] [E13] batch 0300 | loss=0.7352 | acc=0.773
[F9] [E13] batch 0310 | loss=0.6977 | acc=0.816
[F9] [E13] batch 0320 | loss=0.7155 | acc=0.812
[F9] [E13] batch 0330 | loss=0.7018 | acc=0.801
[F9] [E13] batch 0340 | loss=0.6582 | acc=0.812
[F9] [E13] batch 0350 | loss=0.7261 | acc=0.746
[F9] [E13] batch 0360 | loss=0.7895 | acc=0.746
[F9] [E13] batch 0370 | loss=0.6641 | acc=0.816
[F9] [E13] batch 0380 | loss=0.6472 | acc=0.832
[F9] [E13] batch 0390 | loss=0.6501 | acc=0.801
[F9] [E13] batch 0400 | loss=0.7384 | acc=0.781
[F9] [E13] batch 0410 | loss=0.6716 | acc=0.777
[F9] [E13] batch 0420 | loss=0.6015 | acc=0.844
[F9] [E13] batch 0430 | loss=0.6977 | acc=0.773
[F9] [E13] batch 0440 | loss=0.7203 | acc=0.773
[F9] [E13] batch 0450 | loss=0.7017 | acc=0.789
[F9] [E13] batch 0460 | loss=0.7135 | acc=0.797
[F9] [E13] batch 0470 | loss=0.6633 | acc=0.820
[F9] [E13] total_loss=326.224 | VAL acc=0.940 | F1=0.798 | kappa=0.861
[SAVE] best fold=9 (by VAL F1)
[F9] [E14] batch 0000 | loss=0.6710 | acc=0.824
[F9] [E14] batch 0010 | loss=0.6829 | acc=0.805
[F9] [E14] batch 0020 | loss=0.6389 | acc=0.820
[F9] [E14] batch 0030 | loss=0.6385 | acc=0.848
[F9] [E14] batch 0040 | loss=0.6731 | acc=0.809
[F9] [E14] batch 0050 | loss=0.6790 | acc=0.812
[F9] [E14] batch 0060 | loss=0.6835 | acc=0.805
[F9] [E14] batch 0070 | loss=0.6835 | acc=0.785
[F9] [E14] batch 0080 | loss=0.6416 | acc=0.801
[F9] [E14] batch 0090 | loss=0.7032 | acc=0.809
[F9] [E14] batch 0100 | loss=0.6994 | acc=0.801
[F9] [E14] batch 0110 | loss=0.6129 | acc=0.832
[F9] [E14] batch 0120 | loss=0.6597 | acc=0.801
[F9] [E14] batch 0130 | loss=0.6719 | acc=0.773
[F9] [E14] batch 0140 | loss=0.6312 | acc=0.824
[F9] [E14] batch 0150 | loss=0.6595 | acc=0.785
[F9] [E14] batch 0160 | loss=0.6756 | acc=0.797
[F9] [E14] batch 0170 | loss=0.6225 | acc=0.793
[F9] [E14] batch 0180 | loss=0.6542 | acc=0.824
[F9] [E14] batch 0190 | loss=0.6871 | acc=0.801
[F9] [E14] batch 0200 | loss=0.6539 | acc=0.812
[F9] [E14] batch 0210 | loss=0.7182 | acc=0.781
[F9] [E14] batch 0220 | loss=0.6593 | acc=0.809
[F9] [E14] batch 0230 | loss=0.6923 | acc=0.805
[F9] [E14] batch 0240 | loss=0.7010 | acc=0.816
[F9] [E14] batch 0250 | loss=0.6376 | acc=0.832
[F9] [E14] batch 0260 | loss=0.6838 | acc=0.789
[F9] [E14] batch 0270 | loss=0.6389 | acc=0.816
[F9] [E14] batch 0280 | loss=0.6470 | acc=0.820
[F9] [E14] batch 0290 | loss=0.7479 | acc=0.758
[F9] [E14] batch 0300 | loss=0.7080 | acc=0.766
[F9] [E14] batch 0310 | loss=0.6926 | acc=0.789
[F9] [E14] batch 0320 | loss=0.6095 | acc=0.840
[F9] [E14] batch 0330 | loss=0.6383 | acc=0.793
[F9] [E14] batch 0340 | loss=0.7105 | acc=0.754
[F9] [E14] batch 0350 | loss=0.6713 | acc=0.785
[F9] [E14] batch 0360 | loss=0.6621 | acc=0.820
[F9] [E14] batch 0370 | loss=0.6804 | acc=0.785
[F9] [E14] batch 0380 | loss=0.6843 | acc=0.781
[F9] [E14] batch 0390 | loss=0.6697 | acc=0.801
[F9] [E14] batch 0400 | loss=0.6954 | acc=0.785
[F9] [E14] batch 0410 | loss=0.6210 | acc=0.820
[F9] [E14] batch 0420 | loss=0.6781 | acc=0.777
[F9] [E14] batch 0430 | loss=0.6916 | acc=0.793
[F9] [E14] batch 0440 | loss=0.6884 | acc=0.805
[F9] [E14] batch 0450 | loss=0.6480 | acc=0.832
[F9] [E14] batch 0460 | loss=0.6903 | acc=0.797
[F9] [E14] batch 0470 | loss=0.6311 | acc=0.812
[F9] [E14] total_loss=323.439 | VAL acc=0.924 | F1=0.761 | kappa=0.824
[F9] [E15] batch 0000 | loss=0.6595 | acc=0.816
[F9] [E15] batch 0010 | loss=0.6843 | acc=0.785
[F9] [E15] batch 0020 | loss=0.6869 | acc=0.770
[F9] [E15] batch 0030 | loss=0.6654 | acc=0.816
[F9] [E15] batch 0040 | loss=0.6625 | acc=0.816
[F9] [E15] batch 0050 | loss=0.6479 | acc=0.809
[F9] [E15] batch 0060 | loss=0.7001 | acc=0.781
[F9] [E15] batch 0070 | loss=0.7165 | acc=0.785
[F9] [E15] batch 0080 | loss=0.6795 | acc=0.832
[F9] [E15] batch 0090 | loss=0.6462 | acc=0.812
[F9] [E15] batch 0100 | loss=0.7501 | acc=0.754
[F9] [E15] batch 0110 | loss=0.6133 | acc=0.848
[F9] [E15] batch 0120 | loss=0.7138 | acc=0.762
[F9] [E15] batch 0130 | loss=0.6058 | acc=0.859
[F9] [E15] batch 0140 | loss=0.6563 | acc=0.809
[F9] [E15] batch 0150 | loss=0.7134 | acc=0.773
[F9] [E15] batch 0160 | loss=0.6336 | acc=0.820
[F9] [E15] batch 0170 | loss=0.6948 | acc=0.824
[F9] [E15] batch 0180 | loss=0.6128 | acc=0.836
[F9] [E15] batch 0190 | loss=0.6815 | acc=0.797
[F9] [E15] batch 0200 | loss=0.6120 | acc=0.844
[F9] [E15] batch 0210 | loss=0.6446 | acc=0.801
[F9] [E15] batch 0220 | loss=0.6871 | acc=0.785
[F9] [E15] batch 0230 | loss=0.6891 | acc=0.805
[F9] [E15] batch 0240 | loss=0.5686 | acc=0.867
[F9] [E15] batch 0250 | loss=0.7023 | acc=0.809
[F9] [E15] batch 0260 | loss=0.7013 | acc=0.797
[F9] [E15] batch 0270 | loss=0.6787 | acc=0.801
[F9] [E15] batch 0280 | loss=0.6403 | acc=0.836
[F9] [E15] batch 0290 | loss=0.6644 | acc=0.820
[F9] [E15] batch 0300 | loss=0.6850 | acc=0.801
[F9] [E15] batch 0310 | loss=0.7415 | acc=0.805
[F9] [E15] batch 0320 | loss=0.6766 | acc=0.816
[F9] [E15] batch 0330 | loss=0.6714 | acc=0.789
[F9] [E15] batch 0340 | loss=0.6084 | acc=0.863
[F9] [E15] batch 0350 | loss=0.5868 | acc=0.852
[F9] [E15] batch 0360 | loss=0.6609 | acc=0.824
[F9] [E15] batch 0370 | loss=0.6501 | acc=0.836
[F9] [E15] batch 0380 | loss=0.6983 | acc=0.766
[F9] [E15] batch 0390 | loss=0.6732 | acc=0.797
[F9] [E15] batch 0400 | loss=0.6525 | acc=0.828
[F9] [E15] batch 0410 | loss=0.6777 | acc=0.781
[F9] [E15] batch 0420 | loss=0.7357 | acc=0.766
[F9] [E15] batch 0430 | loss=0.5844 | acc=0.828
[F9] [E15] batch 0440 | loss=0.6889 | acc=0.801
[F9] [E15] batch 0450 | loss=0.7101 | acc=0.805
[F9] [E15] batch 0460 | loss=0.6530 | acc=0.809
[F9] [E15] batch 0470 | loss=0.6672 | acc=0.809
[F9] [E15] total_loss=323.408 | VAL acc=0.936 | F1=0.782 | kappa=0.851
[F9] [E16] batch 0000 | loss=0.7642 | acc=0.770
[F9] [E16] batch 0010 | loss=0.6467 | acc=0.785
[F9] [E16] batch 0020 | loss=0.6342 | acc=0.836
[F9] [E16] batch 0030 | loss=0.7494 | acc=0.773
[F9] [E16] batch 0040 | loss=0.6455 | acc=0.809
[F9] [E16] batch 0050 | loss=0.7044 | acc=0.770
[F9] [E16] batch 0060 | loss=0.5908 | acc=0.852
[F9] [E16] batch 0070 | loss=0.6464 | acc=0.820
[F9] [E16] batch 0080 | loss=0.6537 | acc=0.801
[F9] [E16] batch 0090 | loss=0.6837 | acc=0.820
[F9] [E16] batch 0100 | loss=0.6335 | acc=0.816
[F9] [E16] batch 0110 | loss=0.6610 | acc=0.801
[F9] [E16] batch 0120 | loss=0.6231 | acc=0.816
[F9] [E16] batch 0130 | loss=0.7116 | acc=0.785
[F9] [E16] batch 0140 | loss=0.6407 | acc=0.801
[F9] [E16] batch 0150 | loss=0.6691 | acc=0.812
[F9] [E16] batch 0160 | loss=0.5956 | acc=0.828
[F9] [E16] batch 0170 | loss=0.6474 | acc=0.812
[F9] [E16] batch 0180 | loss=0.6338 | acc=0.836
[F9] [E16] batch 0190 | loss=0.6502 | acc=0.812
[F9] [E16] batch 0200 | loss=0.6436 | acc=0.828
[F9] [E16] batch 0210 | loss=0.6558 | acc=0.828
[F9] [E16] batch 0220 | loss=0.6347 | acc=0.809
[F9] [E16] batch 0230 | loss=0.6607 | acc=0.797
[F9] [E16] batch 0240 | loss=0.6902 | acc=0.797
[F9] [E16] batch 0250 | loss=0.6262 | acc=0.824
[F9] [E16] batch 0260 | loss=0.6917 | acc=0.773
[F9] [E16] batch 0270 | loss=0.7063 | acc=0.785
[F9] [E16] batch 0280 | loss=0.7109 | acc=0.805
[F9] [E16] batch 0290 | loss=0.6950 | acc=0.828
[F9] [E16] batch 0300 | loss=0.6789 | acc=0.781
[F9] [E16] batch 0310 | loss=0.6678 | acc=0.820
[F9] [E16] batch 0320 | loss=0.6863 | acc=0.820
[F9] [E16] batch 0330 | loss=0.5767 | acc=0.852
[F9] [E16] batch 0340 | loss=0.5682 | acc=0.848
[F9] [E16] batch 0350 | loss=0.7161 | acc=0.777
[F9] [E16] batch 0360 | loss=0.7019 | acc=0.785
[F9] [E16] batch 0370 | loss=0.6495 | acc=0.828
[F9] [E16] batch 0380 | loss=0.6770 | acc=0.797
[F9] [E16] batch 0390 | loss=0.6552 | acc=0.828
[F9] [E16] batch 0400 | loss=0.6837 | acc=0.773
[F9] [E16] batch 0410 | loss=0.7464 | acc=0.762
[F9] [E16] batch 0420 | loss=0.6651 | acc=0.793
[F9] [E16] batch 0430 | loss=0.6511 | acc=0.828
[F9] [E16] batch 0440 | loss=0.6433 | acc=0.828
[F9] [E16] batch 0450 | loss=0.7410 | acc=0.762
[F9] [E16] batch 0460 | loss=0.7289 | acc=0.766
[F9] [E16] batch 0470 | loss=0.6831 | acc=0.801
[F9] [E16] total_loss=321.171 | VAL acc=0.942 | F1=0.793 | kappa=0.863
[F9] [E17] batch 0000 | loss=0.7220 | acc=0.730
[F9] [E17] batch 0010 | loss=0.5781 | acc=0.848
[F9] [E17] batch 0020 | loss=0.7310 | acc=0.789
[F9] [E17] batch 0030 | loss=0.6936 | acc=0.809
[F9] [E17] batch 0040 | loss=0.6692 | acc=0.797
[F9] [E17] batch 0050 | loss=0.6395 | acc=0.832
[F9] [E17] batch 0060 | loss=0.6994 | acc=0.770
[F9] [E17] batch 0070 | loss=0.6255 | acc=0.828
[F9] [E17] batch 0080 | loss=0.6803 | acc=0.785
[F9] [E17] batch 0090 | loss=0.7029 | acc=0.789
[F9] [E17] batch 0100 | loss=0.6837 | acc=0.797
[F9] [E17] batch 0110 | loss=0.6526 | acc=0.824
[F9] [E17] batch 0120 | loss=0.6662 | acc=0.805
[F9] [E17] batch 0130 | loss=0.6317 | acc=0.812
[F9] [E17] batch 0140 | loss=0.6272 | acc=0.855
[F9] [E17] batch 0150 | loss=0.6764 | acc=0.828
[F9] [E17] batch 0160 | loss=0.6839 | acc=0.809
[F9] [E17] batch 0170 | loss=0.6699 | acc=0.816
[F9] [E17] batch 0180 | loss=0.7224 | acc=0.793
[F9] [E17] batch 0190 | loss=0.6590 | acc=0.824
[F9] [E17] batch 0200 | loss=0.6228 | acc=0.828
[F9] [E17] batch 0210 | loss=0.7090 | acc=0.770
[F9] [E17] batch 0220 | loss=0.6673 | acc=0.773
[F9] [E17] batch 0230 | loss=0.6875 | acc=0.789
[F9] [E17] batch 0240 | loss=0.6846 | acc=0.805
[F9] [E17] batch 0250 | loss=0.6592 | acc=0.801
[F9] [E17] batch 0260 | loss=0.7143 | acc=0.770
[F9] [E17] batch 0270 | loss=0.6695 | acc=0.820
[F9] [E17] batch 0280 | loss=0.6585 | acc=0.785
[F9] [E17] batch 0290 | loss=0.6405 | acc=0.797
[F9] [E17] batch 0300 | loss=0.6171 | acc=0.824
[F9] [E17] batch 0310 | loss=0.6551 | acc=0.816
[F9] [E17] batch 0320 | loss=0.6350 | acc=0.832
[F9] [E17] batch 0330 | loss=0.6384 | acc=0.824
[F9] [E17] batch 0340 | loss=0.6797 | acc=0.812
[F9] [E17] batch 0350 | loss=0.6649 | acc=0.801
[F9] [E17] batch 0360 | loss=0.6557 | acc=0.824
[F9] [E17] batch 0370 | loss=0.6470 | acc=0.828
[F9] [E17] batch 0380 | loss=0.6839 | acc=0.816
[F9] [E17] batch 0390 | loss=0.6568 | acc=0.809
[F9] [E17] batch 0400 | loss=0.7153 | acc=0.746
[F9] [E17] batch 0410 | loss=0.6719 | acc=0.809
[F9] [E17] batch 0420 | loss=0.6896 | acc=0.766
[F9] [E17] batch 0430 | loss=0.6566 | acc=0.812
[F9] [E17] batch 0440 | loss=0.6649 | acc=0.812
[F9] [E17] batch 0450 | loss=0.6789 | acc=0.777
[F9] [E17] batch 0460 | loss=0.7020 | acc=0.781
[F9] [E17] batch 0470 | loss=0.6818 | acc=0.789
[F9] [E17] total_loss=320.820 | VAL acc=0.925 | F1=0.709 | kappa=0.825
[F9] [E18] batch 0000 | loss=0.7127 | acc=0.789
[F9] [E18] batch 0010 | loss=0.6565 | acc=0.805
[F9] [E18] batch 0020 | loss=0.6829 | acc=0.805
[F9] [E18] batch 0030 | loss=0.6265 | acc=0.816
[F9] [E18] batch 0040 | loss=0.6646 | acc=0.832
[F9] [E18] batch 0050 | loss=0.6733 | acc=0.793
[F9] [E18] batch 0060 | loss=0.6604 | acc=0.809
[F9] [E18] batch 0070 | loss=0.6229 | acc=0.832
[F9] [E18] batch 0080 | loss=0.6738 | acc=0.793
[F9] [E18] batch 0090 | loss=0.5937 | acc=0.848
[F9] [E18] batch 0100 | loss=0.6587 | acc=0.809
[F9] [E18] batch 0110 | loss=0.6282 | acc=0.840
[F9] [E18] batch 0120 | loss=0.7004 | acc=0.809
[F9] [E18] batch 0130 | loss=0.6113 | acc=0.836
[F9] [E18] batch 0140 | loss=0.6513 | acc=0.805
[F9] [E18] batch 0150 | loss=0.6255 | acc=0.832
[F9] [E18] batch 0160 | loss=0.6634 | acc=0.820
[F9] [E18] batch 0170 | loss=0.6334 | acc=0.820
[F9] [E18] batch 0180 | loss=0.6446 | acc=0.809
[F9] [E18] batch 0190 | loss=0.6514 | acc=0.816
[F9] [E18] batch 0200 | loss=0.7242 | acc=0.773
[F9] [E18] batch 0210 | loss=0.7222 | acc=0.738
[F9] [E18] batch 0220 | loss=0.6519 | acc=0.809
[F9] [E18] batch 0230 | loss=0.6285 | acc=0.816
[F9] [E18] batch 0240 | loss=0.6574 | acc=0.816
[F9] [E18] batch 0250 | loss=0.6594 | acc=0.793
[F9] [E18] batch 0260 | loss=0.6875 | acc=0.789
[F9] [E18] batch 0270 | loss=0.6448 | acc=0.828
[F9] [E18] batch 0280 | loss=0.6619 | acc=0.805
[F9] [E18] batch 0290 | loss=0.7324 | acc=0.770
[F9] [E18] batch 0300 | loss=0.6301 | acc=0.836
[F9] [E18] batch 0310 | loss=0.6618 | acc=0.816
[F9] [E18] batch 0320 | loss=0.7199 | acc=0.789
[F9] [E18] batch 0330 | loss=0.6426 | acc=0.809
[F9] [E18] batch 0340 | loss=0.7033 | acc=0.762
[F9] [E18] batch 0350 | loss=0.6355 | acc=0.816
[F9] [E18] batch 0360 | loss=0.7453 | acc=0.770
[F9] [E18] batch 0370 | loss=0.6527 | acc=0.812
[F9] [E18] batch 0380 | loss=0.6420 | acc=0.828
[F9] [E18] batch 0390 | loss=0.6833 | acc=0.777
[F9] [E18] batch 0400 | loss=0.6122 | acc=0.824
[F9] [E18] batch 0410 | loss=0.6085 | acc=0.836
[F9] [E18] batch 0420 | loss=0.6154 | acc=0.812
[F9] [E18] batch 0430 | loss=0.6001 | acc=0.848
[F9] [E18] batch 0440 | loss=0.6890 | acc=0.797
[F9] [E18] batch 0450 | loss=0.6521 | acc=0.812
[F9] [E18] batch 0460 | loss=0.6566 | acc=0.840
[F9] [E18] batch 0470 | loss=0.6341 | acc=0.840
[F9] [E18] total_loss=317.136 | VAL acc=0.939 | F1=0.790 | kappa=0.858
[F9] [E19] batch 0000 | loss=0.6168 | acc=0.836
[F9] [E19] batch 0010 | loss=0.6894 | acc=0.797
[F9] [E19] batch 0020 | loss=0.6782 | acc=0.781
[F9] [E19] batch 0030 | loss=0.6628 | acc=0.809
[F9] [E19] batch 0040 | loss=0.6457 | acc=0.801
[F9] [E19] batch 0050 | loss=0.6654 | acc=0.805
[F9] [E19] batch 0060 | loss=0.6280 | acc=0.836
[F9] [E19] batch 0070 | loss=0.6975 | acc=0.781
[F9] [E19] batch 0080 | loss=0.6198 | acc=0.844
[F9] [E19] batch 0090 | loss=0.5982 | acc=0.848
[F9] [E19] batch 0100 | loss=0.6904 | acc=0.809
[F9] [E19] batch 0110 | loss=0.6682 | acc=0.801
[F9] [E19] batch 0120 | loss=0.6015 | acc=0.859
[F9] [E19] batch 0130 | loss=0.6210 | acc=0.820
[F9] [E19] batch 0140 | loss=0.6782 | acc=0.793
[F9] [E19] batch 0150 | loss=0.6372 | acc=0.836
[F9] [E19] batch 0160 | loss=0.6386 | acc=0.824
[F9] [E19] batch 0170 | loss=0.6745 | acc=0.824
[F9] [E19] batch 0180 | loss=0.6808 | acc=0.785
[F9] [E19] batch 0190 | loss=0.6271 | acc=0.848
[F9] [E19] batch 0200 | loss=0.6008 | acc=0.844
[F9] [E19] batch 0210 | loss=0.6534 | acc=0.797
[F9] [E19] batch 0220 | loss=0.6882 | acc=0.781
[F9] [E19] batch 0230 | loss=0.6691 | acc=0.793
[F9] [E19] batch 0240 | loss=0.6073 | acc=0.836
[F9] [E19] batch 0250 | loss=0.7844 | acc=0.758
[F9] [E19] batch 0260 | loss=0.6544 | acc=0.832
[F9] [E19] batch 0270 | loss=0.7045 | acc=0.773
[F9] [E19] batch 0280 | loss=0.6147 | acc=0.840
[F9] [E19] batch 0290 | loss=0.6334 | acc=0.863
[F9] [E19] batch 0300 | loss=0.6609 | acc=0.805
[F9] [E19] batch 0310 | loss=0.6705 | acc=0.809
[F9] [E19] batch 0320 | loss=0.6291 | acc=0.844
[F9] [E19] batch 0330 | loss=0.6242 | acc=0.836
[F9] [E19] batch 0340 | loss=0.7022 | acc=0.797
[F9] [E19] batch 0350 | loss=0.6267 | acc=0.809
[F9] [E19] batch 0360 | loss=0.6609 | acc=0.789
[F9] [E19] batch 0370 | loss=0.6675 | acc=0.840
[F9] [E19] batch 0380 | loss=0.6219 | acc=0.840
[F9] [E19] batch 0390 | loss=0.6636 | acc=0.805
[F9] [E19] batch 0400 | loss=0.6239 | acc=0.820
[F9] [E19] batch 0410 | loss=0.7021 | acc=0.789
[F9] [E19] batch 0420 | loss=0.6617 | acc=0.840
[F9] [E19] batch 0430 | loss=0.7216 | acc=0.773
[F9] [E19] batch 0440 | loss=0.6715 | acc=0.793
[F9] [E19] batch 0450 | loss=0.6051 | acc=0.863
[F9] [E19] batch 0460 | loss=0.6912 | acc=0.809
[F9] [E19] batch 0470 | loss=0.7492 | acc=0.746
[F9] [E19] total_loss=318.039 | VAL acc=0.932 | F1=0.760 | kappa=0.842
[F9] [E20] batch 0000 | loss=0.6476 | acc=0.816
[F9] [E20] batch 0010 | loss=0.5613 | acc=0.855
[F9] [E20] batch 0020 | loss=0.6481 | acc=0.812
[F9] [E20] batch 0030 | loss=0.6315 | acc=0.824
[F9] [E20] batch 0040 | loss=0.6691 | acc=0.781
[F9] [E20] batch 0050 | loss=0.6932 | acc=0.816
[F9] [E20] batch 0060 | loss=0.6382 | acc=0.809
[F9] [E20] batch 0070 | loss=0.5909 | acc=0.836
[F9] [E20] batch 0080 | loss=0.6951 | acc=0.812
[F9] [E20] batch 0090 | loss=0.6990 | acc=0.801
[F9] [E20] batch 0100 | loss=0.6448 | acc=0.812
[F9] [E20] batch 0110 | loss=0.6753 | acc=0.801
[F9] [E20] batch 0120 | loss=0.6645 | acc=0.805
[F9] [E20] batch 0130 | loss=0.6557 | acc=0.824
[F9] [E20] batch 0140 | loss=0.6460 | acc=0.805
[F9] [E20] batch 0150 | loss=0.6972 | acc=0.781
[F9] [E20] batch 0160 | loss=0.6394 | acc=0.777
[F9] [E20] batch 0170 | loss=0.6217 | acc=0.809
[F9] [E20] batch 0180 | loss=0.6702 | acc=0.809
[F9] [E20] batch 0190 | loss=0.6401 | acc=0.836
[F9] [E20] batch 0200 | loss=0.6249 | acc=0.812
[F9] [E20] batch 0210 | loss=0.7641 | acc=0.727
[F9] [E20] batch 0220 | loss=0.6707 | acc=0.824
[F9] [E20] batch 0230 | loss=0.7687 | acc=0.777
[F9] [E20] batch 0240 | loss=0.6132 | acc=0.855
[F9] [E20] batch 0250 | loss=0.6976 | acc=0.824
[F9] [E20] batch 0260 | loss=0.6666 | acc=0.781
[F9] [E20] batch 0270 | loss=0.6201 | acc=0.824
[F9] [E20] batch 0280 | loss=0.6549 | acc=0.832
[F9] [E20] batch 0290 | loss=0.6607 | acc=0.816
[F9] [E20] batch 0300 | loss=0.6974 | acc=0.805
[F9] [E20] batch 0310 | loss=0.6442 | acc=0.820
[F9] [E20] batch 0320 | loss=0.7383 | acc=0.758
[F9] [E20] batch 0330 | loss=0.6698 | acc=0.809
[F9] [E20] batch 0340 | loss=0.6773 | acc=0.793
[F9] [E20] batch 0350 | loss=0.6347 | acc=0.828
[F9] [E20] batch 0360 | loss=0.6874 | acc=0.797
[F9] [E20] batch 0370 | loss=0.5955 | acc=0.812
[F9] [E20] batch 0380 | loss=0.6287 | acc=0.832
[F9] [E20] batch 0390 | loss=0.6594 | acc=0.777
[F9] [E20] batch 0400 | loss=0.6931 | acc=0.801
[F9] [E20] batch 0410 | loss=0.6740 | acc=0.805
[F9] [E20] batch 0420 | loss=0.6578 | acc=0.824
[F9] [E20] batch 0430 | loss=0.6553 | acc=0.801
[F9] [E20] batch 0440 | loss=0.6830 | acc=0.785
[F9] [E20] batch 0450 | loss=0.7091 | acc=0.773
[F9] [E20] batch 0460 | loss=0.6907 | acc=0.801
[F9] [E20] batch 0470 | loss=0.6468 | acc=0.820
[F9] [E20] total_loss=317.328 | VAL acc=0.944 | F1=0.793 | kappa=0.868
[F9] [E21] batch 0000 | loss=0.6123 | acc=0.844
[F9] [E21] batch 0010 | loss=0.6417 | acc=0.824
[F9] [E21] batch 0020 | loss=0.6567 | acc=0.793
[F9] [E21] batch 0030 | loss=0.7317 | acc=0.773
[F9] [E21] batch 0040 | loss=0.6447 | acc=0.824
[F9] [E21] batch 0050 | loss=0.6212 | acc=0.824
[F9] [E21] batch 0060 | loss=0.6450 | acc=0.828
[F9] [E21] batch 0070 | loss=0.6780 | acc=0.820
[F9] [E21] batch 0080 | loss=0.6514 | acc=0.801
[F9] [E21] batch 0090 | loss=0.6259 | acc=0.840
[F9] [E21] batch 0100 | loss=0.7230 | acc=0.777
[F9] [E21] batch 0110 | loss=0.6093 | acc=0.812
[F9] [E21] batch 0120 | loss=0.6529 | acc=0.805
[F9] [E21] batch 0130 | loss=0.7044 | acc=0.781
[F9] [E21] batch 0140 | loss=0.6425 | acc=0.812
[F9] [E21] batch 0150 | loss=0.6379 | acc=0.812
[F9] [E21] batch 0160 | loss=0.7326 | acc=0.719
[F9] [E21] batch 0170 | loss=0.6500 | acc=0.820
[F9] [E21] batch 0180 | loss=0.6113 | acc=0.836
[F9] [E21] batch 0190 | loss=0.6428 | acc=0.797
[F9] [E21] batch 0200 | loss=0.6771 | acc=0.797
[F9] [E21] batch 0210 | loss=0.5946 | acc=0.832
[F9] [E21] batch 0220 | loss=0.6747 | acc=0.797
[F9] [E21] batch 0230 | loss=0.6762 | acc=0.824
[F9] [E21] batch 0240 | loss=0.6445 | acc=0.812
[F9] [E21] batch 0250 | loss=0.6237 | acc=0.824
[F9] [E21] batch 0260 | loss=0.6927 | acc=0.801
[F9] [E21] batch 0270 | loss=0.6469 | acc=0.789
[F9] [E21] batch 0280 | loss=0.6105 | acc=0.844
[F9] [E21] batch 0290 | loss=0.6933 | acc=0.816
[F9] [E21] batch 0300 | loss=0.6756 | acc=0.789
[F9] [E21] batch 0310 | loss=0.6159 | acc=0.832
[F9] [E21] batch 0320 | loss=0.6307 | acc=0.820
[F9] [E21] batch 0330 | loss=0.6744 | acc=0.777
[F9] [E21] batch 0340 | loss=0.6701 | acc=0.812
[F9] [E21] batch 0350 | loss=0.6367 | acc=0.820
[F9] [E21] batch 0360 | loss=0.6667 | acc=0.840
[F9] [E21] batch 0370 | loss=0.6118 | acc=0.832
[F9] [E21] batch 0380 | loss=0.5911 | acc=0.852
[F9] [E21] batch 0390 | loss=0.7207 | acc=0.770
[F9] [E21] batch 0400 | loss=0.6144 | acc=0.859
[F9] [E21] batch 0410 | loss=0.6675 | acc=0.805
[F9] [E21] batch 0420 | loss=0.6340 | acc=0.824
[F9] [E21] batch 0430 | loss=0.5874 | acc=0.840
[F9] [E21] batch 0440 | loss=0.6784 | acc=0.805
[F9] [E21] batch 0450 | loss=0.6575 | acc=0.805
[F9] [E21] batch 0460 | loss=0.6754 | acc=0.805
[F9] [E21] batch 0470 | loss=0.6604 | acc=0.805
[F9] [E21] total_loss=315.655 | VAL acc=0.942 | F1=0.779 | kappa=0.865
[F9] [E22] batch 0000 | loss=0.7086 | acc=0.797
[F9] [E22] batch 0010 | loss=0.6558 | acc=0.793
[F9] [E22] batch 0020 | loss=0.6956 | acc=0.789
[F9] [E22] batch 0030 | loss=0.6582 | acc=0.812
[F9] [E22] batch 0040 | loss=0.6339 | acc=0.809
[F9] [E22] batch 0050 | loss=0.7324 | acc=0.801
[F9] [E22] batch 0060 | loss=0.5948 | acc=0.852
[F9] [E22] batch 0070 | loss=0.6560 | acc=0.793
[F9] [E22] batch 0080 | loss=0.6489 | acc=0.828
[F9] [E22] batch 0090 | loss=0.6633 | acc=0.828
[F9] [E22] batch 0100 | loss=0.6982 | acc=0.809
[F9] [E22] batch 0110 | loss=0.6388 | acc=0.824
[F9] [E22] batch 0120 | loss=0.6738 | acc=0.812
[F9] [E22] batch 0130 | loss=0.6207 | acc=0.867
[F9] [E22] batch 0140 | loss=0.6270 | acc=0.832
[F9] [E22] batch 0150 | loss=0.6938 | acc=0.793
[F9] [E22] batch 0160 | loss=0.6510 | acc=0.820
[F9] [E22] batch 0170 | loss=0.6556 | acc=0.805
[F9] [E22] batch 0180 | loss=0.6408 | acc=0.820
[F9] [E22] batch 0190 | loss=0.6286 | acc=0.828
[F9] [E22] batch 0200 | loss=0.6357 | acc=0.824
[F9] [E22] batch 0210 | loss=0.6320 | acc=0.844
[F9] [E22] batch 0220 | loss=0.6784 | acc=0.832
[F9] [E22] batch 0230 | loss=0.6469 | acc=0.801
[F9] [E22] batch 0240 | loss=0.6531 | acc=0.824
[F9] [E22] batch 0250 | loss=0.6334 | acc=0.809
[F9] [E22] batch 0260 | loss=0.6104 | acc=0.852
[F9] [E22] batch 0270 | loss=0.6199 | acc=0.824
[F9] [E22] batch 0280 | loss=0.5815 | acc=0.844
[F9] [E22] batch 0290 | loss=0.6595 | acc=0.824
[F9] [E22] batch 0300 | loss=0.6064 | acc=0.836
[F9] [E22] batch 0310 | loss=0.6809 | acc=0.793
[F9] [E22] batch 0320 | loss=0.6196 | acc=0.824
[F9] [E22] batch 0330 | loss=0.6699 | acc=0.820
[F9] [E22] batch 0340 | loss=0.6441 | acc=0.797
[F9] [E22] batch 0350 | loss=0.6225 | acc=0.852
[F9] [E22] batch 0360 | loss=0.7124 | acc=0.758
[F9] [E22] batch 0370 | loss=0.6923 | acc=0.816
[F9] [E22] batch 0380 | loss=0.5704 | acc=0.875
[F9] [E22] batch 0390 | loss=0.6576 | acc=0.785
[F9] [E22] batch 0400 | loss=0.6260 | acc=0.828
[F9] [E22] batch 0410 | loss=0.5978 | acc=0.840
[F9] [E22] batch 0420 | loss=0.6883 | acc=0.797
[F9] [E22] batch 0430 | loss=0.6554 | acc=0.816
[F9] [E22] batch 0440 | loss=0.6915 | acc=0.766
[F9] [E22] batch 0450 | loss=0.7113 | acc=0.785
[F9] [E22] batch 0460 | loss=0.6172 | acc=0.820
[F9] [E22] batch 0470 | loss=0.6639 | acc=0.801
[F9] [E22] total_loss=314.854 | VAL acc=0.940 | F1=0.788 | kappa=0.861
[F9] [E23] batch 0000 | loss=0.6413 | acc=0.832
[F9] [E23] batch 0010 | loss=0.6739 | acc=0.809
[F9] [E23] batch 0020 | loss=0.6974 | acc=0.797
[F9] [E23] batch 0030 | loss=0.6418 | acc=0.797
[F9] [E23] batch 0040 | loss=0.6611 | acc=0.812
[F9] [E23] batch 0050 | loss=0.6795 | acc=0.801
[F9] [E23] batch 0060 | loss=0.6318 | acc=0.852
[F9] [E23] batch 0070 | loss=0.6349 | acc=0.844
[F9] [E23] batch 0080 | loss=0.5630 | acc=0.852
[F9] [E23] batch 0090 | loss=0.6687 | acc=0.828
[F9] [E23] batch 0100 | loss=0.6361 | acc=0.785
[F9] [E23] batch 0110 | loss=0.6531 | acc=0.828
[F9] [E23] batch 0120 | loss=0.7132 | acc=0.789
[F9] [E23] batch 0130 | loss=0.6972 | acc=0.797
[F9] [E23] batch 0140 | loss=0.6795 | acc=0.773
[F9] [E23] batch 0150 | loss=0.7014 | acc=0.793
[F9] [E23] batch 0160 | loss=0.6230 | acc=0.832
[F9] [E23] batch 0170 | loss=0.6152 | acc=0.816
[F9] [E23] batch 0180 | loss=0.6899 | acc=0.781
[F9] [E23] batch 0190 | loss=0.7058 | acc=0.785
[F9] [E23] batch 0200 | loss=0.6331 | acc=0.816
[F9] [E23] batch 0210 | loss=0.6354 | acc=0.852
[F9] [E23] batch 0220 | loss=0.6800 | acc=0.801
[F9] [E23] batch 0230 | loss=0.6255 | acc=0.844
[F9] [E23] batch 0240 | loss=0.6652 | acc=0.820
[F9] [E23] batch 0250 | loss=0.6001 | acc=0.836
[F9] [E23] batch 0260 | loss=0.6311 | acc=0.852
[F9] [E23] batch 0270 | loss=0.6801 | acc=0.781
[F9] [E23] batch 0280 | loss=0.6991 | acc=0.773
[F9] [E23] batch 0290 | loss=0.6862 | acc=0.793
[F9] [E23] batch 0300 | loss=0.6044 | acc=0.852
[F9] [E23] batch 0310 | loss=0.6550 | acc=0.812
[F9] [E23] batch 0320 | loss=0.6274 | acc=0.816
[F9] [E23] batch 0330 | loss=0.6397 | acc=0.812
[F9] [E23] batch 0340 | loss=0.6696 | acc=0.797
[F9] [E23] batch 0350 | loss=0.6778 | acc=0.773
[F9] [E23] batch 0360 | loss=0.6662 | acc=0.805
[F9] [E23] batch 0370 | loss=0.6103 | acc=0.855
[F9] [E23] batch 0380 | loss=0.5525 | acc=0.855
[F9] [E23] batch 0390 | loss=0.6398 | acc=0.812
[F9] [E23] batch 0400 | loss=0.6500 | acc=0.805
[F9] [E23] batch 0410 | loss=0.6477 | acc=0.797
[F9] [E23] batch 0420 | loss=0.6262 | acc=0.824
[F9] [E23] batch 0430 | loss=0.6564 | acc=0.797
[F9] [E23] batch 0440 | loss=0.7157 | acc=0.785
[F9] [E23] batch 0450 | loss=0.6854 | acc=0.801
[F9] [E23] batch 0460 | loss=0.6241 | acc=0.805
[F9] [E23] batch 0470 | loss=0.6149 | acc=0.816
[F9] [E23] total_loss=316.174 | VAL acc=0.940 | F1=0.783 | kappa=0.859
[STOP] Early stopping fold=9
[F9] TEST acc=0.887 | macro-F1=0.729 | kappa=0.774
[F9] time=1.6 min
[SAVE] /scratch/lustre/home/viju8335/projects/sleep-staging-bsc/results/cv_cnn_fold9.json
