[CV] k=5 fold=0
[CV] TRAIN subjects (39): ['SC4002E0', 'SC4011E0', 'SC4021E0', 'SC4022E0', 'SC4031E0'] ...
[CV] VAL   subjects (1):   ['SC4001E0']
[CV] TEST  subjects (11):  ['SC4012E0', 'SC4061E0', 'SC4062E0', 'SC4082E0', 'SC4121E0'] ...
=== DEVICE: cuda ===
=== START TRAIN (CV fold) ===
[F0] [E01] batch 0000 | loss=1.6442 | acc=0.203
[F0] [E01] batch 0010 | loss=1.5256 | acc=0.281
[F0] [E01] batch 0020 | loss=1.4568 | acc=0.418
[F0] [E01] batch 0030 | loss=1.3685 | acc=0.535
[F0] [E01] batch 0040 | loss=1.3010 | acc=0.543
[F0] [E01] batch 0050 | loss=1.2194 | acc=0.566
[F0] [E01] batch 0060 | loss=1.1991 | acc=0.555
[F0] [E01] batch 0070 | loss=1.1002 | acc=0.645
[F0] [E01] batch 0080 | loss=1.1353 | acc=0.590
[F0] [E01] batch 0090 | loss=1.0339 | acc=0.684
[F0] [E01] batch 0100 | loss=1.0891 | acc=0.582
[F0] [E01] batch 0110 | loss=1.0123 | acc=0.629
[F0] [E01] batch 0120 | loss=0.9337 | acc=0.664
[F0] [E01] batch 0130 | loss=0.9465 | acc=0.656
[F0] [E01] batch 0140 | loss=0.9370 | acc=0.684
[F0] [E01] batch 0150 | loss=0.9383 | acc=0.695
[F0] [E01] batch 0160 | loss=0.9099 | acc=0.699
[F0] [E01] batch 0170 | loss=0.9728 | acc=0.676
[F0] [E01] batch 0180 | loss=0.8751 | acc=0.715
[F0] [E01] batch 0190 | loss=0.9271 | acc=0.676
[F0] [E01] batch 0200 | loss=0.8764 | acc=0.684
[F0] [E01] batch 0210 | loss=0.8964 | acc=0.707
[F0] [E01] batch 0220 | loss=0.9114 | acc=0.699
[F0] [E01] batch 0230 | loss=0.8584 | acc=0.711
[F0] [E01] batch 0240 | loss=0.8455 | acc=0.746
[F0] [E01] batch 0250 | loss=0.8744 | acc=0.660
[F0] [E01] batch 0260 | loss=0.8322 | acc=0.711
[F0] [E01] batch 0270 | loss=0.8826 | acc=0.664
[F0] [E01] batch 0280 | loss=0.8482 | acc=0.715
[F0] [E01] batch 0290 | loss=0.8453 | acc=0.719
[F0] [E01] batch 0300 | loss=0.8358 | acc=0.758
[F0] [E01] batch 0310 | loss=0.7754 | acc=0.785
[F0] [E01] batch 0320 | loss=0.8274 | acc=0.738
[F0] [E01] batch 0330 | loss=0.7783 | acc=0.770
[F0] [E01] batch 0340 | loss=0.8572 | acc=0.715
[F0] [E01] batch 0350 | loss=0.8194 | acc=0.730
[F0] [E01] batch 0360 | loss=0.7766 | acc=0.754
[F0] [E01] batch 0370 | loss=0.7926 | acc=0.727
[F0] [E01] batch 0380 | loss=0.7335 | acc=0.758
[F0] [E01] batch 0390 | loss=0.7491 | acc=0.793
[F0] [E01] batch 0400 | loss=0.7551 | acc=0.766
[F0] [E01] batch 0410 | loss=0.8128 | acc=0.762
[F0] [E01] total_loss=399.673 | VAL acc=0.927 | F1=0.757 | kappa=0.831
[SAVE] best fold=0 (by VAL F1)
[F0] [E02] batch 0000 | loss=0.8017 | acc=0.730
[F0] [E02] batch 0010 | loss=0.7648 | acc=0.758
[F0] [E02] batch 0020 | loss=0.8136 | acc=0.777
[F0] [E02] batch 0030 | loss=0.7836 | acc=0.738
[F0] [E02] batch 0040 | loss=0.7956 | acc=0.746
[F0] [E02] batch 0050 | loss=0.7871 | acc=0.730
[F0] [E02] batch 0060 | loss=0.7937 | acc=0.738
[F0] [E02] batch 0070 | loss=0.7936 | acc=0.730
[F0] [E02] batch 0080 | loss=0.8092 | acc=0.730
[F0] [E02] batch 0090 | loss=0.7427 | acc=0.781
[F0] [E02] batch 0100 | loss=0.7999 | acc=0.715
[F0] [E02] batch 0110 | loss=0.8024 | acc=0.742
[F0] [E02] batch 0120 | loss=0.7630 | acc=0.758
[F0] [E02] batch 0130 | loss=0.7868 | acc=0.758
[F0] [E02] batch 0140 | loss=0.7343 | acc=0.770
[F0] [E02] batch 0150 | loss=0.7835 | acc=0.750
[F0] [E02] batch 0160 | loss=0.7657 | acc=0.742
[F0] [E02] batch 0170 | loss=0.7182 | acc=0.762
[F0] [E02] batch 0180 | loss=0.7600 | acc=0.754
[F0] [E02] batch 0190 | loss=0.8045 | acc=0.727
[F0] [E02] batch 0200 | loss=0.7454 | acc=0.766
[F0] [E02] batch 0210 | loss=0.7675 | acc=0.742
[F0] [E02] batch 0220 | loss=0.7361 | acc=0.762
[F0] [E02] batch 0230 | loss=0.6857 | acc=0.809
[F0] [E02] batch 0240 | loss=0.7334 | acc=0.746
[F0] [E02] batch 0250 | loss=0.7423 | acc=0.785
[F0] [E02] batch 0260 | loss=0.7682 | acc=0.777
[F0] [E02] batch 0270 | loss=0.7999 | acc=0.746
[F0] [E02] batch 0280 | loss=0.7131 | acc=0.770
[F0] [E02] batch 0290 | loss=0.7099 | acc=0.777
[F0] [E02] batch 0300 | loss=0.7892 | acc=0.777
[F0] [E02] batch 0310 | loss=0.8095 | acc=0.723
[F0] [E02] batch 0320 | loss=0.7428 | acc=0.754
[F0] [E02] batch 0330 | loss=0.7415 | acc=0.742
[F0] [E02] batch 0340 | loss=0.7387 | acc=0.750
[F0] [E02] batch 0350 | loss=0.7403 | acc=0.785
[F0] [E02] batch 0360 | loss=0.7602 | acc=0.762
[F0] [E02] batch 0370 | loss=0.6785 | acc=0.809
[F0] [E02] batch 0380 | loss=0.7593 | acc=0.758
[F0] [E02] batch 0390 | loss=0.7165 | acc=0.773
[F0] [E02] batch 0400 | loss=0.7028 | acc=0.797
[F0] [E02] batch 0410 | loss=0.6840 | acc=0.809
[F0] [E02] total_loss=314.572 | VAL acc=0.926 | F1=0.757 | kappa=0.826
[SAVE] best fold=0 (by VAL F1)
[F0] [E03] batch 0000 | loss=0.7406 | acc=0.777
[F0] [E03] batch 0010 | loss=0.7037 | acc=0.762
[F0] [E03] batch 0020 | loss=0.7817 | acc=0.770
[F0] [E03] batch 0030 | loss=0.7319 | acc=0.773
[F0] [E03] batch 0040 | loss=0.7239 | acc=0.812
[F0] [E03] batch 0050 | loss=0.7564 | acc=0.777
[F0] [E03] batch 0060 | loss=0.6876 | acc=0.801
[F0] [E03] batch 0070 | loss=0.8434 | acc=0.719
[F0] [E03] batch 0080 | loss=0.6706 | acc=0.793
[F0] [E03] batch 0090 | loss=0.7488 | acc=0.762
[F0] [E03] batch 0100 | loss=0.6916 | acc=0.793
[F0] [E03] batch 0110 | loss=0.6705 | acc=0.820
[F0] [E03] batch 0120 | loss=0.6942 | acc=0.820
[F0] [E03] batch 0130 | loss=0.7573 | acc=0.758
[F0] [E03] batch 0140 | loss=0.7468 | acc=0.773
[F0] [E03] batch 0150 | loss=0.6570 | acc=0.816
[F0] [E03] batch 0160 | loss=0.7680 | acc=0.746
[F0] [E03] batch 0170 | loss=0.6971 | acc=0.805
[F0] [E03] batch 0180 | loss=0.6665 | acc=0.816
[F0] [E03] batch 0190 | loss=0.7202 | acc=0.746
[F0] [E03] batch 0200 | loss=0.7525 | acc=0.766
[F0] [E03] batch 0210 | loss=0.7551 | acc=0.762
[F0] [E03] batch 0220 | loss=0.7303 | acc=0.789
[F0] [E03] batch 0230 | loss=0.6494 | acc=0.777
[F0] [E03] batch 0240 | loss=0.7210 | acc=0.793
[F0] [E03] batch 0250 | loss=0.7620 | acc=0.781
[F0] [E03] batch 0260 | loss=0.7302 | acc=0.773
[F0] [E03] batch 0270 | loss=0.6922 | acc=0.789
[F0] [E03] batch 0280 | loss=0.8154 | acc=0.711
[F0] [E03] batch 0290 | loss=0.7433 | acc=0.750
[F0] [E03] batch 0300 | loss=0.7474 | acc=0.801
[F0] [E03] batch 0310 | loss=0.7717 | acc=0.766
[F0] [E03] batch 0320 | loss=0.7927 | acc=0.738
[F0] [E03] batch 0330 | loss=0.6337 | acc=0.824
[F0] [E03] batch 0340 | loss=0.7057 | acc=0.762
[F0] [E03] batch 0350 | loss=0.7066 | acc=0.797
[F0] [E03] batch 0360 | loss=0.7449 | acc=0.758
[F0] [E03] batch 0370 | loss=0.7230 | acc=0.777
[F0] [E03] batch 0380 | loss=0.6781 | acc=0.785
[F0] [E03] batch 0390 | loss=0.7651 | acc=0.742
[F0] [E03] batch 0400 | loss=0.6837 | acc=0.793
[F0] [E03] batch 0410 | loss=0.7295 | acc=0.781
[F0] [E03] total_loss=299.592 | VAL acc=0.934 | F1=0.769 | kappa=0.845
[SAVE] best fold=0 (by VAL F1)
[F0] [E04] batch 0000 | loss=0.7980 | acc=0.750
[F0] [E04] batch 0010 | loss=0.7012 | acc=0.777
[F0] [E04] batch 0020 | loss=0.7868 | acc=0.727
[F0] [E04] batch 0030 | loss=0.7123 | acc=0.789
[F0] [E04] batch 0040 | loss=0.7798 | acc=0.742
[F0] [E04] batch 0050 | loss=0.7185 | acc=0.766
[F0] [E04] batch 0060 | loss=0.7334 | acc=0.754
[F0] [E04] batch 0070 | loss=0.6729 | acc=0.781
[F0] [E04] batch 0080 | loss=0.6619 | acc=0.812
[F0] [E04] batch 0090 | loss=0.6777 | acc=0.801
[F0] [E04] batch 0100 | loss=0.6953 | acc=0.781
[F0] [E04] batch 0110 | loss=0.7641 | acc=0.773
[F0] [E04] batch 0120 | loss=0.7400 | acc=0.805
[F0] [E04] batch 0130 | loss=0.7170 | acc=0.777
[F0] [E04] batch 0140 | loss=0.6746 | acc=0.793
[F0] [E04] batch 0150 | loss=0.6808 | acc=0.797
[F0] [E04] batch 0160 | loss=0.6678 | acc=0.789
[F0] [E04] batch 0170 | loss=0.7371 | acc=0.730
[F0] [E04] batch 0180 | loss=0.6887 | acc=0.773
[F0] [E04] batch 0190 | loss=0.7363 | acc=0.758
[F0] [E04] batch 0200 | loss=0.6817 | acc=0.836
[F0] [E04] batch 0210 | loss=0.7555 | acc=0.746
[F0] [E04] batch 0220 | loss=0.6811 | acc=0.805
[F0] [E04] batch 0230 | loss=0.7522 | acc=0.758
[F0] [E04] batch 0240 | loss=0.7043 | acc=0.781
[F0] [E04] batch 0250 | loss=0.7568 | acc=0.734
[F0] [E04] batch 0260 | loss=0.7577 | acc=0.766
[F0] [E04] batch 0270 | loss=0.7184 | acc=0.742
[F0] [E04] batch 0280 | loss=0.7014 | acc=0.785
[F0] [E04] batch 0290 | loss=0.7804 | acc=0.723
[F0] [E04] batch 0300 | loss=0.6798 | acc=0.820
[F0] [E04] batch 0310 | loss=0.7329 | acc=0.754
[F0] [E04] batch 0320 | loss=0.6900 | acc=0.781
[F0] [E04] batch 0330 | loss=0.7470 | acc=0.750
[F0] [E04] batch 0340 | loss=0.7281 | acc=0.797
[F0] [E04] batch 0350 | loss=0.6908 | acc=0.820
[F0] [E04] batch 0360 | loss=0.7363 | acc=0.750
[F0] [E04] batch 0370 | loss=0.6864 | acc=0.777
[F0] [E04] batch 0380 | loss=0.6768 | acc=0.801
[F0] [E04] batch 0390 | loss=0.7022 | acc=0.793
[F0] [E04] batch 0400 | loss=0.7023 | acc=0.777
[F0] [E04] batch 0410 | loss=0.7009 | acc=0.781
[F0] [E04] total_loss=294.574 | VAL acc=0.934 | F1=0.775 | kappa=0.849
[SAVE] best fold=0 (by VAL F1)
[F0] [E05] batch 0000 | loss=0.7074 | acc=0.777
[F0] [E05] batch 0010 | loss=0.7391 | acc=0.770
[F0] [E05] batch 0020 | loss=0.6976 | acc=0.793
[F0] [E05] batch 0030 | loss=0.6489 | acc=0.812
[F0] [E05] batch 0040 | loss=0.7091 | acc=0.797
[F0] [E05] batch 0050 | loss=0.7446 | acc=0.754
[F0] [E05] batch 0060 | loss=0.6822 | acc=0.816
[F0] [E05] batch 0070 | loss=0.6575 | acc=0.805
[F0] [E05] batch 0080 | loss=0.7225 | acc=0.801
[F0] [E05] batch 0090 | loss=0.6293 | acc=0.840
[F0] [E05] batch 0100 | loss=0.6775 | acc=0.805
[F0] [E05] batch 0110 | loss=0.7241 | acc=0.766
[F0] [E05] batch 0120 | loss=0.7249 | acc=0.785
[F0] [E05] batch 0130 | loss=0.7244 | acc=0.754
[F0] [E05] batch 0140 | loss=0.6485 | acc=0.840
[F0] [E05] batch 0150 | loss=0.6792 | acc=0.781
[F0] [E05] batch 0160 | loss=0.7429 | acc=0.746
[F0] [E05] batch 0170 | loss=0.6673 | acc=0.809
[F0] [E05] batch 0180 | loss=0.6263 | acc=0.824
[F0] [E05] batch 0190 | loss=0.6587 | acc=0.809
[F0] [E05] batch 0200 | loss=0.7275 | acc=0.785
[F0] [E05] batch 0210 | loss=0.6968 | acc=0.801
[F0] [E05] batch 0220 | loss=0.6734 | acc=0.785
[F0] [E05] batch 0230 | loss=0.6625 | acc=0.812
[F0] [E05] batch 0240 | loss=0.6850 | acc=0.824
[F0] [E05] batch 0250 | loss=0.7493 | acc=0.734
[F0] [E05] batch 0260 | loss=0.7146 | acc=0.781
[F0] [E05] batch 0270 | loss=0.7194 | acc=0.754
[F0] [E05] batch 0280 | loss=0.7131 | acc=0.785
[F0] [E05] batch 0290 | loss=0.6584 | acc=0.797
[F0] [E05] batch 0300 | loss=0.8093 | acc=0.758
[F0] [E05] batch 0310 | loss=0.6966 | acc=0.785
[F0] [E05] batch 0320 | loss=0.7265 | acc=0.793
[F0] [E05] batch 0330 | loss=0.7142 | acc=0.754
[F0] [E05] batch 0340 | loss=0.6653 | acc=0.797
[F0] [E05] batch 0350 | loss=0.6537 | acc=0.824
[F0] [E05] batch 0360 | loss=0.6750 | acc=0.789
[F0] [E05] batch 0370 | loss=0.7002 | acc=0.805
[F0] [E05] batch 0380 | loss=0.6401 | acc=0.848
[F0] [E05] batch 0390 | loss=0.6674 | acc=0.785
[F0] [E05] batch 0400 | loss=0.7280 | acc=0.770
[F0] [E05] batch 0410 | loss=0.7745 | acc=0.770
[F0] [E05] total_loss=291.203 | VAL acc=0.926 | F1=0.764 | kappa=0.831
[F0] [E06] batch 0000 | loss=0.7623 | acc=0.754
[F0] [E06] batch 0010 | loss=0.6637 | acc=0.797
[F0] [E06] batch 0020 | loss=0.6571 | acc=0.809
[F0] [E06] batch 0030 | loss=0.6653 | acc=0.820
[F0] [E06] batch 0040 | loss=0.6892 | acc=0.781
[F0] [E06] batch 0050 | loss=0.7371 | acc=0.762
[F0] [E06] batch 0060 | loss=0.6975 | acc=0.785
[F0] [E06] batch 0070 | loss=0.6707 | acc=0.793
[F0] [E06] batch 0080 | loss=0.6245 | acc=0.836
[F0] [E06] batch 0090 | loss=0.6604 | acc=0.828
[F0] [E06] batch 0100 | loss=0.6817 | acc=0.805
[F0] [E06] batch 0110 | loss=0.7189 | acc=0.789
[F0] [E06] batch 0120 | loss=0.6722 | acc=0.824
[F0] [E06] batch 0130 | loss=0.6383 | acc=0.812
[F0] [E06] batch 0140 | loss=0.6909 | acc=0.801
[F0] [E06] batch 0150 | loss=0.7312 | acc=0.766
[F0] [E06] batch 0160 | loss=0.6570 | acc=0.816
[F0] [E06] batch 0170 | loss=0.7836 | acc=0.762
[F0] [E06] batch 0180 | loss=0.7139 | acc=0.766
[F0] [E06] batch 0190 | loss=0.6243 | acc=0.816
[F0] [E06] batch 0200 | loss=0.6872 | acc=0.777
[F0] [E06] batch 0210 | loss=0.6828 | acc=0.789
[F0] [E06] batch 0220 | loss=0.7140 | acc=0.785
[F0] [E06] batch 0230 | loss=0.6727 | acc=0.840
[F0] [E06] batch 0240 | loss=0.6593 | acc=0.812
[F0] [E06] batch 0250 | loss=0.6240 | acc=0.859
[F0] [E06] batch 0260 | loss=0.6726 | acc=0.812
[F0] [E06] batch 0270 | loss=0.6405 | acc=0.820
[F0] [E06] batch 0280 | loss=0.7154 | acc=0.770
[F0] [E06] batch 0290 | loss=0.6649 | acc=0.801
[F0] [E06] batch 0300 | loss=0.6770 | acc=0.797
[F0] [E06] batch 0310 | loss=0.6720 | acc=0.824
[F0] [E06] batch 0320 | loss=0.7894 | acc=0.730
[F0] [E06] batch 0330 | loss=0.6886 | acc=0.801
[F0] [E06] batch 0340 | loss=0.7624 | acc=0.770
[F0] [E06] batch 0350 | loss=0.6935 | acc=0.797
[F0] [E06] batch 0360 | loss=0.6613 | acc=0.824
[F0] [E06] batch 0370 | loss=0.6855 | acc=0.812
[F0] [E06] batch 0380 | loss=0.6253 | acc=0.848
[F0] [E06] batch 0390 | loss=0.6612 | acc=0.832
[F0] [E06] batch 0400 | loss=0.6864 | acc=0.793
[F0] [E06] batch 0410 | loss=0.6754 | acc=0.816
[F0] [E06] total_loss=287.566 | VAL acc=0.940 | F1=0.788 | kappa=0.861
[SAVE] best fold=0 (by VAL F1)
[F0] [E07] batch 0000 | loss=0.7482 | acc=0.762
[F0] [E07] batch 0010 | loss=0.7431 | acc=0.773
[F0] [E07] batch 0020 | loss=0.6909 | acc=0.797
[F0] [E07] batch 0030 | loss=0.7368 | acc=0.758
[F0] [E07] batch 0040 | loss=0.6029 | acc=0.844
[F0] [E07] batch 0050 | loss=0.6869 | acc=0.832
[F0] [E07] batch 0060 | loss=0.7796 | acc=0.750
[F0] [E07] batch 0070 | loss=0.6577 | acc=0.812
[F0] [E07] batch 0080 | loss=0.6736 | acc=0.785
[F0] [E07] batch 0090 | loss=0.6329 | acc=0.828
[F0] [E07] batch 0100 | loss=0.6853 | acc=0.793
[F0] [E07] batch 0110 | loss=0.7123 | acc=0.785
[F0] [E07] batch 0120 | loss=0.7095 | acc=0.770
[F0] [E07] batch 0130 | loss=0.6420 | acc=0.812
[F0] [E07] batch 0140 | loss=0.6714 | acc=0.797
[F0] [E07] batch 0150 | loss=0.7170 | acc=0.801
[F0] [E07] batch 0160 | loss=0.6897 | acc=0.773
[F0] [E07] batch 0170 | loss=0.6610 | acc=0.777
[F0] [E07] batch 0180 | loss=0.7373 | acc=0.762
[F0] [E07] batch 0190 | loss=0.6492 | acc=0.844
[F0] [E07] batch 0200 | loss=0.7171 | acc=0.789
[F0] [E07] batch 0210 | loss=0.6417 | acc=0.805
[F0] [E07] batch 0220 | loss=0.7281 | acc=0.750
[F0] [E07] batch 0230 | loss=0.6960 | acc=0.785
[F0] [E07] batch 0240 | loss=0.6868 | acc=0.781
[F0] [E07] batch 0250 | loss=0.6891 | acc=0.781
[F0] [E07] batch 0260 | loss=0.7201 | acc=0.801
[F0] [E07] batch 0270 | loss=0.7556 | acc=0.738
[F0] [E07] batch 0280 | loss=0.7099 | acc=0.789
[F0] [E07] batch 0290 | loss=0.6855 | acc=0.797
[F0] [E07] batch 0300 | loss=0.7074 | acc=0.750
[F0] [E07] batch 0310 | loss=0.6325 | acc=0.824
[F0] [E07] batch 0320 | loss=0.6734 | acc=0.805
[F0] [E07] batch 0330 | loss=0.6069 | acc=0.840
[F0] [E07] batch 0340 | loss=0.7097 | acc=0.781
[F0] [E07] batch 0350 | loss=0.6701 | acc=0.781
[F0] [E07] batch 0360 | loss=0.7267 | acc=0.766
[F0] [E07] batch 0370 | loss=0.6874 | acc=0.789
[F0] [E07] batch 0380 | loss=0.6752 | acc=0.801
[F0] [E07] batch 0390 | loss=0.7002 | acc=0.801
[F0] [E07] batch 0400 | loss=0.6757 | acc=0.801
[F0] [E07] batch 0410 | loss=0.6448 | acc=0.820
[F0] [E07] total_loss=285.327 | VAL acc=0.933 | F1=0.773 | kappa=0.845
[F0] [E08] batch 0000 | loss=0.6600 | acc=0.809
[F0] [E08] batch 0010 | loss=0.6686 | acc=0.828
[F0] [E08] batch 0020 | loss=0.6633 | acc=0.816
[F0] [E08] batch 0030 | loss=0.6871 | acc=0.809
[F0] [E08] batch 0040 | loss=0.6909 | acc=0.805
[F0] [E08] batch 0050 | loss=0.6963 | acc=0.781
[F0] [E08] batch 0060 | loss=0.6337 | acc=0.820
[F0] [E08] batch 0070 | loss=0.7208 | acc=0.785
[F0] [E08] batch 0080 | loss=0.6884 | acc=0.801
[F0] [E08] batch 0090 | loss=0.7207 | acc=0.762
[F0] [E08] batch 0100 | loss=0.7118 | acc=0.789
[F0] [E08] batch 0110 | loss=0.6592 | acc=0.836
[F0] [E08] batch 0120 | loss=0.7889 | acc=0.738
[F0] [E08] batch 0130 | loss=0.6400 | acc=0.844
[F0] [E08] batch 0140 | loss=0.7654 | acc=0.730
[F0] [E08] batch 0150 | loss=0.6267 | acc=0.812
[F0] [E08] batch 0160 | loss=0.7004 | acc=0.824
[F0] [E08] batch 0170 | loss=0.6739 | acc=0.777
[F0] [E08] batch 0180 | loss=0.6810 | acc=0.816
[F0] [E08] batch 0190 | loss=0.6796 | acc=0.812
[F0] [E08] batch 0200 | loss=0.6751 | acc=0.816
[F0] [E08] batch 0210 | loss=0.6658 | acc=0.816
[F0] [E08] batch 0220 | loss=0.7191 | acc=0.785
[F0] [E08] batch 0230 | loss=0.7574 | acc=0.762
[F0] [E08] batch 0240 | loss=0.5959 | acc=0.852
[F0] [E08] batch 0250 | loss=0.6612 | acc=0.809
[F0] [E08] batch 0260 | loss=0.7078 | acc=0.785
[F0] [E08] batch 0270 | loss=0.6858 | acc=0.770
[F0] [E08] batch 0280 | loss=0.6661 | acc=0.812
[F0] [E08] batch 0290 | loss=0.6870 | acc=0.801
[F0] [E08] batch 0300 | loss=0.6357 | acc=0.820
[F0] [E08] batch 0310 | loss=0.6677 | acc=0.812
[F0] [E08] batch 0320 | loss=0.7049 | acc=0.777
[F0] [E08] batch 0330 | loss=0.6814 | acc=0.816
[F0] [E08] batch 0340 | loss=0.6763 | acc=0.828
[F0] [E08] batch 0350 | loss=0.6270 | acc=0.836
[F0] [E08] batch 0360 | loss=0.7128 | acc=0.805
[F0] [E08] batch 0370 | loss=0.6262 | acc=0.852
[F0] [E08] batch 0380 | loss=0.6990 | acc=0.785
[F0] [E08] batch 0390 | loss=0.6915 | acc=0.797
[F0] [E08] batch 0400 | loss=0.7066 | acc=0.758
[F0] [E08] batch 0410 | loss=0.7777 | acc=0.758
[F0] [E08] total_loss=285.103 | VAL acc=0.933 | F1=0.772 | kappa=0.845
[F0] [E09] batch 0000 | loss=0.6759 | acc=0.805
[F0] [E09] batch 0010 | loss=0.7322 | acc=0.746
[F0] [E09] batch 0020 | loss=0.7152 | acc=0.785
[F0] [E09] batch 0030 | loss=0.6619 | acc=0.812
[F0] [E09] batch 0040 | loss=0.7141 | acc=0.781
[F0] [E09] batch 0050 | loss=0.6011 | acc=0.824
[F0] [E09] batch 0060 | loss=0.6709 | acc=0.801
[F0] [E09] batch 0070 | loss=0.6398 | acc=0.824
[F0] [E09] batch 0080 | loss=0.6463 | acc=0.824
[F0] [E09] batch 0090 | loss=0.6456 | acc=0.828
[F0] [E09] batch 0100 | loss=0.7248 | acc=0.777
[F0] [E09] batch 0110 | loss=0.7049 | acc=0.773
[F0] [E09] batch 0120 | loss=0.6324 | acc=0.824
[F0] [E09] batch 0130 | loss=0.7225 | acc=0.746
[F0] [E09] batch 0140 | loss=0.6987 | acc=0.785
[F0] [E09] batch 0150 | loss=0.7035 | acc=0.777
[F0] [E09] batch 0160 | loss=0.6702 | acc=0.820
[F0] [E09] batch 0170 | loss=0.7106 | acc=0.785
[F0] [E09] batch 0180 | loss=0.7205 | acc=0.750
[F0] [E09] batch 0190 | loss=0.6866 | acc=0.816
[F0] [E09] batch 0200 | loss=0.6438 | acc=0.812
[F0] [E09] batch 0210 | loss=0.6763 | acc=0.828
[F0] [E09] batch 0220 | loss=0.6726 | acc=0.805
[F0] [E09] batch 0230 | loss=0.6889 | acc=0.770
[F0] [E09] batch 0240 | loss=0.7219 | acc=0.781
[F0] [E09] batch 0250 | loss=0.7760 | acc=0.719
[F0] [E09] batch 0260 | loss=0.6392 | acc=0.816
[F0] [E09] batch 0270 | loss=0.7570 | acc=0.754
[F0] [E09] batch 0280 | loss=0.6843 | acc=0.812
[F0] [E09] batch 0290 | loss=0.6912 | acc=0.777
[F0] [E09] batch 0300 | loss=0.7075 | acc=0.793
[F0] [E09] batch 0310 | loss=0.6549 | acc=0.805
[F0] [E09] batch 0320 | loss=0.6566 | acc=0.809
[F0] [E09] batch 0330 | loss=0.6418 | acc=0.840
[F0] [E09] batch 0340 | loss=0.7172 | acc=0.762
[F0] [E09] batch 0350 | loss=0.7335 | acc=0.750
[F0] [E09] batch 0360 | loss=0.7230 | acc=0.785
[F0] [E09] batch 0370 | loss=0.6757 | acc=0.797
[F0] [E09] batch 0380 | loss=0.7250 | acc=0.793
[F0] [E09] batch 0390 | loss=0.6701 | acc=0.785
[F0] [E09] batch 0400 | loss=0.6503 | acc=0.785
[F0] [E09] batch 0410 | loss=0.6395 | acc=0.820
[F0] [E09] total_loss=282.058 | VAL acc=0.929 | F1=0.757 | kappa=0.835
[F0] [E10] batch 0000 | loss=0.6390 | acc=0.836
[F0] [E10] batch 0010 | loss=0.6433 | acc=0.852
[F0] [E10] batch 0020 | loss=0.6124 | acc=0.836
[F0] [E10] batch 0030 | loss=0.7134 | acc=0.789
[F0] [E10] batch 0040 | loss=0.6704 | acc=0.805
[F0] [E10] batch 0050 | loss=0.6721 | acc=0.812
[F0] [E10] batch 0060 | loss=0.6521 | acc=0.824
[F0] [E10] batch 0070 | loss=0.6675 | acc=0.797
[F0] [E10] batch 0080 | loss=0.6443 | acc=0.797
[F0] [E10] batch 0090 | loss=0.6242 | acc=0.844
[F0] [E10] batch 0100 | loss=0.6547 | acc=0.836
[F0] [E10] batch 0110 | loss=0.6085 | acc=0.828
[F0] [E10] batch 0120 | loss=0.8078 | acc=0.738
[F0] [E10] batch 0130 | loss=0.6962 | acc=0.812
[F0] [E10] batch 0140 | loss=0.6879 | acc=0.809
[F0] [E10] batch 0150 | loss=0.6573 | acc=0.801
[F0] [E10] batch 0160 | loss=0.6875 | acc=0.812
[F0] [E10] batch 0170 | loss=0.6468 | acc=0.828
[F0] [E10] batch 0180 | loss=0.6549 | acc=0.812
[F0] [E10] batch 0190 | loss=0.6088 | acc=0.816
[F0] [E10] batch 0200 | loss=0.6456 | acc=0.836
[F0] [E10] batch 0210 | loss=0.6977 | acc=0.781
[F0] [E10] batch 0220 | loss=0.6559 | acc=0.809
[F0] [E10] batch 0230 | loss=0.6515 | acc=0.824
[F0] [E10] batch 0240 | loss=0.6386 | acc=0.840
[F0] [E10] batch 0250 | loss=0.6846 | acc=0.789
[F0] [E10] batch 0260 | loss=0.7412 | acc=0.773
[F0] [E10] batch 0270 | loss=0.6595 | acc=0.832
[F0] [E10] batch 0280 | loss=0.6243 | acc=0.812
[F0] [E10] batch 0290 | loss=0.6029 | acc=0.844
[F0] [E10] batch 0300 | loss=0.6610 | acc=0.816
[F0] [E10] batch 0310 | loss=0.6346 | acc=0.848
[F0] [E10] batch 0320 | loss=0.6998 | acc=0.789
[F0] [E10] batch 0330 | loss=0.6805 | acc=0.805
[F0] [E10] batch 0340 | loss=0.6461 | acc=0.816
[F0] [E10] batch 0350 | loss=0.6640 | acc=0.812
[F0] [E10] batch 0360 | loss=0.6709 | acc=0.801
[F0] [E10] batch 0370 | loss=0.6725 | acc=0.797
[F0] [E10] batch 0380 | loss=0.7285 | acc=0.742
[F0] [E10] batch 0390 | loss=0.6427 | acc=0.801
[F0] [E10] batch 0400 | loss=0.6218 | acc=0.836
[F0] [E10] batch 0410 | loss=0.5986 | acc=0.852
[F0] [E10] total_loss=279.517 | VAL acc=0.931 | F1=0.772 | kappa=0.840
[F0] [E11] batch 0000 | loss=0.6404 | acc=0.832
[F0] [E11] batch 0010 | loss=0.6190 | acc=0.836
[F0] [E11] batch 0020 | loss=0.6902 | acc=0.793
[F0] [E11] batch 0030 | loss=0.6763 | acc=0.812
[F0] [E11] batch 0040 | loss=0.6947 | acc=0.793
[F0] [E11] batch 0050 | loss=0.6405 | acc=0.812
[F0] [E11] batch 0060 | loss=0.6810 | acc=0.809
[F0] [E11] batch 0070 | loss=0.6215 | acc=0.816
[F0] [E11] batch 0080 | loss=0.6609 | acc=0.801
[F0] [E11] batch 0090 | loss=0.6968 | acc=0.816
[F0] [E11] batch 0100 | loss=0.5799 | acc=0.867
[F0] [E11] batch 0110 | loss=0.7111 | acc=0.758
[F0] [E11] batch 0120 | loss=0.6230 | acc=0.816
[F0] [E11] batch 0130 | loss=0.6456 | acc=0.812
[F0] [E11] batch 0140 | loss=0.6514 | acc=0.812
[F0] [E11] batch 0150 | loss=0.6933 | acc=0.797
[F0] [E11] batch 0160 | loss=0.6190 | acc=0.832
[F0] [E11] batch 0170 | loss=0.6488 | acc=0.820
[F0] [E11] batch 0180 | loss=0.6426 | acc=0.816
[F0] [E11] batch 0190 | loss=0.7141 | acc=0.777
[F0] [E11] batch 0200 | loss=0.6349 | acc=0.848
[F0] [E11] batch 0210 | loss=0.6553 | acc=0.797
[F0] [E11] batch 0220 | loss=0.6826 | acc=0.789
[F0] [E11] batch 0230 | loss=0.6703 | acc=0.789
[F0] [E11] batch 0240 | loss=0.6483 | acc=0.812
[F0] [E11] batch 0250 | loss=0.6646 | acc=0.805
[F0] [E11] batch 0260 | loss=0.5877 | acc=0.848
[F0] [E11] batch 0270 | loss=0.6697 | acc=0.789
[F0] [E11] batch 0280 | loss=0.6975 | acc=0.785
[F0] [E11] batch 0290 | loss=0.6759 | acc=0.797
[F0] [E11] batch 0300 | loss=0.6811 | acc=0.820
[F0] [E11] batch 0310 | loss=0.6851 | acc=0.781
[F0] [E11] batch 0320 | loss=0.6441 | acc=0.832
[F0] [E11] batch 0330 | loss=0.6928 | acc=0.789
[F0] [E11] batch 0340 | loss=0.6285 | acc=0.836
[F0] [E11] batch 0350 | loss=0.7299 | acc=0.758
[F0] [E11] batch 0360 | loss=0.6798 | acc=0.805
[F0] [E11] batch 0370 | loss=0.6662 | acc=0.824
[F0] [E11] batch 0380 | loss=0.6420 | acc=0.848
[F0] [E11] batch 0390 | loss=0.6489 | acc=0.805
[F0] [E11] batch 0400 | loss=0.6643 | acc=0.820
[F0] [E11] batch 0410 | loss=0.6752 | acc=0.816
[F0] [E11] total_loss=276.632 | VAL acc=0.931 | F1=0.769 | kappa=0.839
[F0] [E12] batch 0000 | loss=0.5747 | acc=0.867
[F0] [E12] batch 0010 | loss=0.5999 | acc=0.855
[F0] [E12] batch 0020 | loss=0.6891 | acc=0.785
[F0] [E12] batch 0030 | loss=0.6291 | acc=0.832
[F0] [E12] batch 0040 | loss=0.6393 | acc=0.816
[F0] [E12] batch 0050 | loss=0.6785 | acc=0.801
[F0] [E12] batch 0060 | loss=0.6965 | acc=0.781
[F0] [E12] batch 0070 | loss=0.6914 | acc=0.793
[F0] [E12] batch 0080 | loss=0.6546 | acc=0.809
[F0] [E12] batch 0090 | loss=0.6965 | acc=0.785
[F0] [E12] batch 0100 | loss=0.6939 | acc=0.785
[F0] [E12] batch 0110 | loss=0.6011 | acc=0.863
[F0] [E12] batch 0120 | loss=0.6912 | acc=0.758
[F0] [E12] batch 0130 | loss=0.7009 | acc=0.805
[F0] [E12] batch 0140 | loss=0.6395 | acc=0.809
[F0] [E12] batch 0150 | loss=0.7145 | acc=0.781
[F0] [E12] batch 0160 | loss=0.7091 | acc=0.812
[F0] [E12] batch 0170 | loss=0.6612 | acc=0.816
[F0] [E12] batch 0180 | loss=0.6463 | acc=0.793
[F0] [E12] batch 0190 | loss=0.6734 | acc=0.785
[F0] [E12] batch 0200 | loss=0.6416 | acc=0.836
[F0] [E12] batch 0210 | loss=0.6585 | acc=0.797
[F0] [E12] batch 0220 | loss=0.6108 | acc=0.812
[F0] [E12] batch 0230 | loss=0.6575 | acc=0.809
[F0] [E12] batch 0240 | loss=0.5845 | acc=0.836
[F0] [E12] batch 0250 | loss=0.6562 | acc=0.816
[F0] [E12] batch 0260 | loss=0.6467 | acc=0.820
[F0] [E12] batch 0270 | loss=0.6783 | acc=0.770
[F0] [E12] batch 0280 | loss=0.6919 | acc=0.766
[F0] [E12] batch 0290 | loss=0.6434 | acc=0.824
[F0] [E12] batch 0300 | loss=0.6757 | acc=0.777
[F0] [E12] batch 0310 | loss=0.7034 | acc=0.785
[F0] [E12] batch 0320 | loss=0.6960 | acc=0.801
[F0] [E12] batch 0330 | loss=0.6422 | acc=0.812
[F0] [E12] batch 0340 | loss=0.6730 | acc=0.797
[F0] [E12] batch 0350 | loss=0.6789 | acc=0.824
[F0] [E12] batch 0360 | loss=0.6252 | acc=0.809
[F0] [E12] batch 0370 | loss=0.6639 | acc=0.773
[F0] [E12] batch 0380 | loss=0.6355 | acc=0.820
[F0] [E12] batch 0390 | loss=0.6970 | acc=0.809
[F0] [E12] batch 0400 | loss=0.6804 | acc=0.809
[F0] [E12] batch 0410 | loss=0.6374 | acc=0.816
[F0] [E12] total_loss=275.605 | VAL acc=0.934 | F1=0.776 | kappa=0.847
[F0] [E13] batch 0000 | loss=0.6621 | acc=0.789
[F0] [E13] batch 0010 | loss=0.6858 | acc=0.789
[F0] [E13] batch 0020 | loss=0.6165 | acc=0.836
[F0] [E13] batch 0030 | loss=0.7002 | acc=0.809
[F0] [E13] batch 0040 | loss=0.6803 | acc=0.785
[F0] [E13] batch 0050 | loss=0.6210 | acc=0.844
[F0] [E13] batch 0060 | loss=0.7306 | acc=0.820
[F0] [E13] batch 0070 | loss=0.7095 | acc=0.789
[F0] [E13] batch 0080 | loss=0.6550 | acc=0.812
[F0] [E13] batch 0090 | loss=0.6650 | acc=0.848
[F0] [E13] batch 0100 | loss=0.7041 | acc=0.809
[F0] [E13] batch 0110 | loss=0.7449 | acc=0.766
[F0] [E13] batch 0120 | loss=0.6516 | acc=0.820
[F0] [E13] batch 0130 | loss=0.6672 | acc=0.758
[F0] [E13] batch 0140 | loss=0.6717 | acc=0.793
[F0] [E13] batch 0150 | loss=0.7078 | acc=0.766
[F0] [E13] batch 0160 | loss=0.6836 | acc=0.770
[F0] [E13] batch 0170 | loss=0.6620 | acc=0.828
[F0] [E13] batch 0180 | loss=0.7264 | acc=0.766
[F0] [E13] batch 0190 | loss=0.6669 | acc=0.785
[F0] [E13] batch 0200 | loss=0.6437 | acc=0.820
[F0] [E13] batch 0210 | loss=0.6861 | acc=0.809
[F0] [E13] batch 0220 | loss=0.6511 | acc=0.820
[F0] [E13] batch 0230 | loss=0.6930 | acc=0.805
[F0] [E13] batch 0240 | loss=0.6648 | acc=0.805
[F0] [E13] batch 0250 | loss=0.6892 | acc=0.801
[F0] [E13] batch 0260 | loss=0.6598 | acc=0.805
[F0] [E13] batch 0270 | loss=0.6268 | acc=0.836
[F0] [E13] batch 0280 | loss=0.6608 | acc=0.805
[F0] [E13] batch 0290 | loss=0.7419 | acc=0.750
[F0] [E13] batch 0300 | loss=0.6735 | acc=0.793
[F0] [E13] batch 0310 | loss=0.7421 | acc=0.762
[F0] [E13] batch 0320 | loss=0.6857 | acc=0.793
[F0] [E13] batch 0330 | loss=0.6554 | acc=0.789
[F0] [E13] batch 0340 | loss=0.6911 | acc=0.816
[F0] [E13] batch 0350 | loss=0.6717 | acc=0.816
[F0] [E13] batch 0360 | loss=0.6592 | acc=0.797
[F0] [E13] batch 0370 | loss=0.6450 | acc=0.820
[F0] [E13] batch 0380 | loss=0.6351 | acc=0.805
[F0] [E13] batch 0390 | loss=0.6644 | acc=0.758
[F0] [E13] batch 0400 | loss=0.6382 | acc=0.840
[F0] [E13] batch 0410 | loss=0.6671 | acc=0.820
[F0] [E13] total_loss=276.129 | VAL acc=0.937 | F1=0.786 | kappa=0.853
[F0] [E14] batch 0000 | loss=0.6520 | acc=0.832
[F0] [E14] batch 0010 | loss=0.6151 | acc=0.844
[F0] [E14] batch 0020 | loss=0.6800 | acc=0.828
[F0] [E14] batch 0030 | loss=0.6213 | acc=0.824
[F0] [E14] batch 0040 | loss=0.6757 | acc=0.805
[F0] [E14] batch 0050 | loss=0.6223 | acc=0.840
[F0] [E14] batch 0060 | loss=0.6293 | acc=0.832
[F0] [E14] batch 0070 | loss=0.6452 | acc=0.840
[F0] [E14] batch 0080 | loss=0.6990 | acc=0.824
[F0] [E14] batch 0090 | loss=0.6931 | acc=0.801
[F0] [E14] batch 0100 | loss=0.6744 | acc=0.805
[F0] [E14] batch 0110 | loss=0.7058 | acc=0.816
[F0] [E14] batch 0120 | loss=0.6638 | acc=0.797
[F0] [E14] batch 0130 | loss=0.6316 | acc=0.824
[F0] [E14] batch 0140 | loss=0.6368 | acc=0.828
[F0] [E14] batch 0150 | loss=0.6467 | acc=0.820
[F0] [E14] batch 0160 | loss=0.5740 | acc=0.836
[F0] [E14] batch 0170 | loss=0.6964 | acc=0.777
[F0] [E14] batch 0180 | loss=0.7446 | acc=0.785
[F0] [E14] batch 0190 | loss=0.6878 | acc=0.781
[F0] [E14] batch 0200 | loss=0.6213 | acc=0.852
[F0] [E14] batch 0210 | loss=0.6817 | acc=0.809
[F0] [E14] batch 0220 | loss=0.6491 | acc=0.816
[F0] [E14] batch 0230 | loss=0.6788 | acc=0.793
[F0] [E14] batch 0240 | loss=0.7258 | acc=0.785
[F0] [E14] batch 0250 | loss=0.6645 | acc=0.820
[F0] [E14] batch 0260 | loss=0.6458 | acc=0.812
[F0] [E14] batch 0270 | loss=0.7119 | acc=0.773
[F0] [E14] batch 0280 | loss=0.6941 | acc=0.789
[F0] [E14] batch 0290 | loss=0.6843 | acc=0.816
[F0] [E14] batch 0300 | loss=0.6914 | acc=0.805
[F0] [E14] batch 0310 | loss=0.6970 | acc=0.809
[F0] [E14] batch 0320 | loss=0.6840 | acc=0.801
[F0] [E14] batch 0330 | loss=0.6716 | acc=0.805
[F0] [E14] batch 0340 | loss=0.7739 | acc=0.754
[F0] [E14] batch 0350 | loss=0.6843 | acc=0.781
[F0] [E14] batch 0360 | loss=0.6692 | acc=0.824
[F0] [E14] batch 0370 | loss=0.6316 | acc=0.852
[F0] [E14] batch 0380 | loss=0.7022 | acc=0.762
[F0] [E14] batch 0390 | loss=0.6342 | acc=0.812
[F0] [E14] batch 0400 | loss=0.6475 | acc=0.824
[F0] [E14] batch 0410 | loss=0.6127 | acc=0.836
[F0] [E14] total_loss=275.070 | VAL acc=0.929 | F1=0.755 | kappa=0.835
[F0] [E15] batch 0000 | loss=0.6474 | acc=0.828
[F0] [E15] batch 0010 | loss=0.7373 | acc=0.770
[F0] [E15] batch 0020 | loss=0.6535 | acc=0.801
[F0] [E15] batch 0030 | loss=0.6397 | acc=0.820
[F0] [E15] batch 0040 | loss=0.6442 | acc=0.805
[F0] [E15] batch 0050 | loss=0.7213 | acc=0.781
[F0] [E15] batch 0060 | loss=0.6019 | acc=0.844
[F0] [E15] batch 0070 | loss=0.6971 | acc=0.828
[F0] [E15] batch 0080 | loss=0.7136 | acc=0.785
[F0] [E15] batch 0090 | loss=0.6625 | acc=0.836
[F0] [E15] batch 0100 | loss=0.6170 | acc=0.816
[F0] [E15] batch 0110 | loss=0.6286 | acc=0.848
[F0] [E15] batch 0120 | loss=0.6433 | acc=0.805
[F0] [E15] batch 0130 | loss=0.6929 | acc=0.789
[F0] [E15] batch 0140 | loss=0.5887 | acc=0.844
[F0] [E15] batch 0150 | loss=0.6665 | acc=0.797
[F0] [E15] batch 0160 | loss=0.6990 | acc=0.805
[F0] [E15] batch 0170 | loss=0.6620 | acc=0.793
[F0] [E15] batch 0180 | loss=0.7074 | acc=0.781
[F0] [E15] batch 0190 | loss=0.7463 | acc=0.770
[F0] [E15] batch 0200 | loss=0.7215 | acc=0.754
[F0] [E15] batch 0210 | loss=0.6124 | acc=0.840
[F0] [E15] batch 0220 | loss=0.6011 | acc=0.824
[F0] [E15] batch 0230 | loss=0.7430 | acc=0.770
[F0] [E15] batch 0240 | loss=0.6459 | acc=0.816
[F0] [E15] batch 0250 | loss=0.6893 | acc=0.781
[F0] [E15] batch 0260 | loss=0.6303 | acc=0.824
[F0] [E15] batch 0270 | loss=0.6341 | acc=0.832
[F0] [E15] batch 0280 | loss=0.6548 | acc=0.797
[F0] [E15] batch 0290 | loss=0.7026 | acc=0.789
[F0] [E15] batch 0300 | loss=0.7026 | acc=0.793
[F0] [E15] batch 0310 | loss=0.6294 | acc=0.828
[F0] [E15] batch 0320 | loss=0.7215 | acc=0.789
[F0] [E15] batch 0330 | loss=0.7933 | acc=0.766
[F0] [E15] batch 0340 | loss=0.5969 | acc=0.832
[F0] [E15] batch 0350 | loss=0.6321 | acc=0.816
[F0] [E15] batch 0360 | loss=0.6524 | acc=0.789
[F0] [E15] batch 0370 | loss=0.6352 | acc=0.812
[F0] [E15] batch 0380 | loss=0.6232 | acc=0.832
[F0] [E15] batch 0390 | loss=0.6827 | acc=0.820
[F0] [E15] batch 0400 | loss=0.6289 | acc=0.809
[F0] [E15] batch 0410 | loss=0.6633 | acc=0.773
[F0] [E15] total_loss=274.529 | VAL acc=0.937 | F1=0.778 | kappa=0.854
[F0] [E16] batch 0000 | loss=0.7114 | acc=0.797
[F0] [E16] batch 0010 | loss=0.7210 | acc=0.797
[F0] [E16] batch 0020 | loss=0.6772 | acc=0.828
[F0] [E16] batch 0030 | loss=0.6422 | acc=0.809
[F0] [E16] batch 0040 | loss=0.6807 | acc=0.793
[F0] [E16] batch 0050 | loss=0.6689 | acc=0.809
[F0] [E16] batch 0060 | loss=0.7052 | acc=0.762
[F0] [E16] batch 0070 | loss=0.6441 | acc=0.805
[F0] [E16] batch 0080 | loss=0.6491 | acc=0.828
[F0] [E16] batch 0090 | loss=0.6515 | acc=0.840
[F0] [E16] batch 0100 | loss=0.6965 | acc=0.809
[F0] [E16] batch 0110 | loss=0.6968 | acc=0.797
[F0] [E16] batch 0120 | loss=0.6175 | acc=0.852
[F0] [E16] batch 0130 | loss=0.6273 | acc=0.836
[F0] [E16] batch 0140 | loss=0.6886 | acc=0.777
[F0] [E16] batch 0150 | loss=0.6480 | acc=0.844
[F0] [E16] batch 0160 | loss=0.6869 | acc=0.793
[F0] [E16] batch 0170 | loss=0.6181 | acc=0.816
[F0] [E16] batch 0180 | loss=0.6645 | acc=0.828
[F0] [E16] batch 0190 | loss=0.6364 | acc=0.832
[F0] [E16] batch 0200 | loss=0.6682 | acc=0.809
[F0] [E16] batch 0210 | loss=0.6613 | acc=0.809
[F0] [E16] batch 0220 | loss=0.6771 | acc=0.805
[F0] [E16] batch 0230 | loss=0.6443 | acc=0.852
[F0] [E16] batch 0240 | loss=0.6001 | acc=0.848
[F0] [E16] batch 0250 | loss=0.6623 | acc=0.824
[F0] [E16] batch 0260 | loss=0.6952 | acc=0.770
[F0] [E16] batch 0270 | loss=0.6615 | acc=0.820
[F0] [E16] batch 0280 | loss=0.6538 | acc=0.844
[F0] [E16] batch 0290 | loss=0.7049 | acc=0.793
[F0] [E16] batch 0300 | loss=0.7365 | acc=0.758
[F0] [E16] batch 0310 | loss=0.6676 | acc=0.793
[F0] [E16] batch 0320 | loss=0.6280 | acc=0.832
[F0] [E16] batch 0330 | loss=0.7135 | acc=0.770
[F0] [E16] batch 0340 | loss=0.6652 | acc=0.816
[F0] [E16] batch 0350 | loss=0.6038 | acc=0.820
[F0] [E16] batch 0360 | loss=0.6482 | acc=0.793
[F0] [E16] batch 0370 | loss=0.6845 | acc=0.816
[F0] [E16] batch 0380 | loss=0.6381 | acc=0.805
[F0] [E16] batch 0390 | loss=0.5729 | acc=0.859
[F0] [E16] batch 0400 | loss=0.6811 | acc=0.832
[F0] [E16] batch 0410 | loss=0.6860 | acc=0.824
[F0] [E16] total_loss=275.070 | VAL acc=0.934 | F1=0.774 | kappa=0.846
[STOP] Early stopping fold=0
[F0] TEST acc=0.865 | macro-F1=0.696 | kappa=0.741
[F0] time=1.0 min
[SAVE] /scratch/lustre/home/viju8335/projects/sleep-staging-bsc/results/cv_cnn_fold0.json
