[CV] k=10 fold=8
[CV] TRAIN subjects (45): ['SC4002E0', 'SC4011E0', 'SC4012E0', 'SC4021E0', 'SC4022E0'] ...
[CV] VAL   subjects (1):   ['SC4001E0']
[CV] TEST  subjects (5):  ['SC4051E0', 'SC4091E0', 'SC4101E0', 'SC4111E0', 'SC4252E0'] ...
=== DEVICE: cuda ===
=== START TRAIN (CV fold) ===
[F8] [E01] batch 0000 | loss=1.6242 | acc=0.219
[F8] [E01] batch 0010 | loss=1.5086 | acc=0.273
[F8] [E01] batch 0020 | loss=1.4123 | acc=0.477
[F8] [E01] batch 0030 | loss=1.3438 | acc=0.535
[F8] [E01] batch 0040 | loss=1.2710 | acc=0.562
[F8] [E01] batch 0050 | loss=1.2153 | acc=0.578
[F8] [E01] batch 0060 | loss=1.2107 | acc=0.551
[F8] [E01] batch 0070 | loss=1.1108 | acc=0.598
[F8] [E01] batch 0080 | loss=1.1049 | acc=0.629
[F8] [E01] batch 0090 | loss=1.0377 | acc=0.641
[F8] [E01] batch 0100 | loss=1.0132 | acc=0.652
[F8] [E01] batch 0110 | loss=1.0318 | acc=0.621
[F8] [E01] batch 0120 | loss=0.9878 | acc=0.641
[F8] [E01] batch 0130 | loss=0.9529 | acc=0.691
[F8] [E01] batch 0140 | loss=0.8995 | acc=0.719
[F8] [E01] batch 0150 | loss=0.9825 | acc=0.652
[F8] [E01] batch 0160 | loss=0.8850 | acc=0.691
[F8] [E01] batch 0170 | loss=0.9382 | acc=0.645
[F8] [E01] batch 0180 | loss=0.8867 | acc=0.703
[F8] [E01] batch 0190 | loss=0.8894 | acc=0.668
[F8] [E01] batch 0200 | loss=0.8891 | acc=0.680
[F8] [E01] batch 0210 | loss=0.9341 | acc=0.684
[F8] [E01] batch 0220 | loss=0.8742 | acc=0.699
[F8] [E01] batch 0230 | loss=0.8003 | acc=0.762
[F8] [E01] batch 0240 | loss=0.8923 | acc=0.688
[F8] [E01] batch 0250 | loss=0.9016 | acc=0.668
[F8] [E01] batch 0260 | loss=0.7718 | acc=0.750
[F8] [E01] batch 0270 | loss=0.8801 | acc=0.688
[F8] [E01] batch 0280 | loss=0.8733 | acc=0.676
[F8] [E01] batch 0290 | loss=0.7909 | acc=0.758
[F8] [E01] batch 0300 | loss=0.7423 | acc=0.812
[F8] [E01] batch 0310 | loss=0.8035 | acc=0.727
[F8] [E01] batch 0320 | loss=0.7806 | acc=0.727
[F8] [E01] batch 0330 | loss=0.7948 | acc=0.750
[F8] [E01] batch 0340 | loss=0.8217 | acc=0.723
[F8] [E01] batch 0350 | loss=0.8179 | acc=0.742
[F8] [E01] batch 0360 | loss=0.8664 | acc=0.711
[F8] [E01] batch 0370 | loss=0.7705 | acc=0.789
[F8] [E01] batch 0380 | loss=0.7569 | acc=0.762
[F8] [E01] batch 0390 | loss=0.7855 | acc=0.773
[F8] [E01] batch 0400 | loss=0.7564 | acc=0.734
[F8] [E01] batch 0410 | loss=0.7716 | acc=0.773
[F8] [E01] batch 0420 | loss=0.7991 | acc=0.742
[F8] [E01] batch 0430 | loss=0.7561 | acc=0.789
[F8] [E01] batch 0440 | loss=0.7703 | acc=0.762
[F8] [E01] batch 0450 | loss=0.7629 | acc=0.750
[F8] [E01] batch 0460 | loss=0.7387 | acc=0.797
[F8] [E01] batch 0470 | loss=0.7660 | acc=0.742
[F8] [E01] batch 0480 | loss=0.8545 | acc=0.672
[F8] [E01] total_loss=447.966 | VAL acc=0.919 | F1=0.693 | kappa=0.812
[SAVE] best fold=8 (by VAL F1)
[F8] [E02] batch 0000 | loss=0.7304 | acc=0.766
[F8] [E02] batch 0010 | loss=0.7076 | acc=0.789
[F8] [E02] batch 0020 | loss=0.7136 | acc=0.812
[F8] [E02] batch 0030 | loss=0.7396 | acc=0.773
[F8] [E02] batch 0040 | loss=0.7645 | acc=0.758
[F8] [E02] batch 0050 | loss=0.7564 | acc=0.754
[F8] [E02] batch 0060 | loss=0.7296 | acc=0.789
[F8] [E02] batch 0070 | loss=0.7815 | acc=0.711
[F8] [E02] batch 0080 | loss=0.7701 | acc=0.746
[F8] [E02] batch 0090 | loss=0.7819 | acc=0.738
[F8] [E02] batch 0100 | loss=0.6776 | acc=0.789
[F8] [E02] batch 0110 | loss=0.7713 | acc=0.770
[F8] [E02] batch 0120 | loss=0.7294 | acc=0.793
[F8] [E02] batch 0130 | loss=0.7881 | acc=0.746
[F8] [E02] batch 0140 | loss=0.7447 | acc=0.762
[F8] [E02] batch 0150 | loss=0.7533 | acc=0.746
[F8] [E02] batch 0160 | loss=0.7810 | acc=0.746
[F8] [E02] batch 0170 | loss=0.7265 | acc=0.777
[F8] [E02] batch 0180 | loss=0.7162 | acc=0.770
[F8] [E02] batch 0190 | loss=0.7261 | acc=0.770
[F8] [E02] batch 0200 | loss=0.6947 | acc=0.809
[F8] [E02] batch 0210 | loss=0.6756 | acc=0.809
[F8] [E02] batch 0220 | loss=0.7655 | acc=0.762
[F8] [E02] batch 0230 | loss=0.7580 | acc=0.754
[F8] [E02] batch 0240 | loss=0.6806 | acc=0.824
[F8] [E02] batch 0250 | loss=0.7479 | acc=0.758
[F8] [E02] batch 0260 | loss=0.7404 | acc=0.746
[F8] [E02] batch 0270 | loss=0.7433 | acc=0.758
[F8] [E02] batch 0280 | loss=0.7664 | acc=0.773
[F8] [E02] batch 0290 | loss=0.7457 | acc=0.750
[F8] [E02] batch 0300 | loss=0.7148 | acc=0.777
[F8] [E02] batch 0310 | loss=0.7170 | acc=0.773
[F8] [E02] batch 0320 | loss=0.7368 | acc=0.781
[F8] [E02] batch 0330 | loss=0.7250 | acc=0.789
[F8] [E02] batch 0340 | loss=0.7082 | acc=0.797
[F8] [E02] batch 0350 | loss=0.6986 | acc=0.793
[F8] [E02] batch 0360 | loss=0.7015 | acc=0.805
[F8] [E02] batch 0370 | loss=0.7203 | acc=0.781
[F8] [E02] batch 0380 | loss=0.7408 | acc=0.797
[F8] [E02] batch 0390 | loss=0.7254 | acc=0.797
[F8] [E02] batch 0400 | loss=0.6637 | acc=0.824
[F8] [E02] batch 0410 | loss=0.7369 | acc=0.750
[F8] [E02] batch 0420 | loss=0.7649 | acc=0.801
[F8] [E02] batch 0430 | loss=0.7354 | acc=0.773
[F8] [E02] batch 0440 | loss=0.7582 | acc=0.777
[F8] [E02] batch 0450 | loss=0.7471 | acc=0.766
[F8] [E02] batch 0460 | loss=0.7785 | acc=0.742
[F8] [E02] batch 0470 | loss=0.7091 | acc=0.762
[F8] [E02] batch 0480 | loss=0.7176 | acc=0.705
[F8] [E02] total_loss=358.168 | VAL acc=0.938 | F1=0.771 | kappa=0.856
[SAVE] best fold=8 (by VAL F1)
[F8] [E03] batch 0000 | loss=0.6906 | acc=0.789
[F8] [E03] batch 0010 | loss=0.7280 | acc=0.785
[F8] [E03] batch 0020 | loss=0.7358 | acc=0.781
[F8] [E03] batch 0030 | loss=0.6757 | acc=0.781
[F8] [E03] batch 0040 | loss=0.7691 | acc=0.781
[F8] [E03] batch 0050 | loss=0.7251 | acc=0.777
[F8] [E03] batch 0060 | loss=0.7355 | acc=0.777
[F8] [E03] batch 0070 | loss=0.6811 | acc=0.820
[F8] [E03] batch 0080 | loss=0.7523 | acc=0.742
[F8] [E03] batch 0090 | loss=0.7125 | acc=0.789
[F8] [E03] batch 0100 | loss=0.7187 | acc=0.773
[F8] [E03] batch 0110 | loss=0.7268 | acc=0.773
[F8] [E03] batch 0120 | loss=0.7403 | acc=0.770
[F8] [E03] batch 0130 | loss=0.6480 | acc=0.824
[F8] [E03] batch 0140 | loss=0.7236 | acc=0.777
[F8] [E03] batch 0150 | loss=0.7164 | acc=0.809
[F8] [E03] batch 0160 | loss=0.7189 | acc=0.785
[F8] [E03] batch 0170 | loss=0.7135 | acc=0.793
[F8] [E03] batch 0180 | loss=0.7048 | acc=0.793
[F8] [E03] batch 0190 | loss=0.7377 | acc=0.746
[F8] [E03] batch 0200 | loss=0.7545 | acc=0.742
[F8] [E03] batch 0210 | loss=0.6635 | acc=0.809
[F8] [E03] batch 0220 | loss=0.7280 | acc=0.785
[F8] [E03] batch 0230 | loss=0.7315 | acc=0.785
[F8] [E03] batch 0240 | loss=0.6791 | acc=0.824
[F8] [E03] batch 0250 | loss=0.6662 | acc=0.809
[F8] [E03] batch 0260 | loss=0.8106 | acc=0.773
[F8] [E03] batch 0270 | loss=0.7225 | acc=0.770
[F8] [E03] batch 0280 | loss=0.7676 | acc=0.762
[F8] [E03] batch 0290 | loss=0.7259 | acc=0.766
[F8] [E03] batch 0300 | loss=0.7250 | acc=0.781
[F8] [E03] batch 0310 | loss=0.7420 | acc=0.742
[F8] [E03] batch 0320 | loss=0.6997 | acc=0.801
[F8] [E03] batch 0330 | loss=0.6542 | acc=0.809
[F8] [E03] batch 0340 | loss=0.7168 | acc=0.793
[F8] [E03] batch 0350 | loss=0.7052 | acc=0.758
[F8] [E03] batch 0360 | loss=0.6871 | acc=0.777
[F8] [E03] batch 0370 | loss=0.7199 | acc=0.766
[F8] [E03] batch 0380 | loss=0.6597 | acc=0.820
[F8] [E03] batch 0390 | loss=0.7272 | acc=0.797
[F8] [E03] batch 0400 | loss=0.7656 | acc=0.758
[F8] [E03] batch 0410 | loss=0.6927 | acc=0.801
[F8] [E03] batch 0420 | loss=0.7278 | acc=0.766
[F8] [E03] batch 0430 | loss=0.6985 | acc=0.789
[F8] [E03] batch 0440 | loss=0.6809 | acc=0.793
[F8] [E03] batch 0450 | loss=0.6435 | acc=0.820
[F8] [E03] batch 0460 | loss=0.6950 | acc=0.785
[F8] [E03] batch 0470 | loss=0.6773 | acc=0.797
[F8] [E03] batch 0480 | loss=0.6925 | acc=0.754
[F8] [E03] total_loss=345.433 | VAL acc=0.938 | F1=0.783 | kappa=0.856
[SAVE] best fold=8 (by VAL F1)
[F8] [E04] batch 0000 | loss=0.7140 | acc=0.805
[F8] [E04] batch 0010 | loss=0.6894 | acc=0.820
[F8] [E04] batch 0020 | loss=0.7690 | acc=0.746
[F8] [E04] batch 0030 | loss=0.7120 | acc=0.754
[F8] [E04] batch 0040 | loss=0.6501 | acc=0.824
[F8] [E04] batch 0050 | loss=0.6270 | acc=0.840
[F8] [E04] batch 0060 | loss=0.6547 | acc=0.809
[F8] [E04] batch 0070 | loss=0.6508 | acc=0.789
[F8] [E04] batch 0080 | loss=0.7405 | acc=0.770
[F8] [E04] batch 0090 | loss=0.7754 | acc=0.777
[F8] [E04] batch 0100 | loss=0.6655 | acc=0.797
[F8] [E04] batch 0110 | loss=0.6624 | acc=0.805
[F8] [E04] batch 0120 | loss=0.7186 | acc=0.770
[F8] [E04] batch 0130 | loss=0.7259 | acc=0.797
[F8] [E04] batch 0140 | loss=0.6942 | acc=0.789
[F8] [E04] batch 0150 | loss=0.6570 | acc=0.797
[F8] [E04] batch 0160 | loss=0.6986 | acc=0.777
[F8] [E04] batch 0170 | loss=0.7123 | acc=0.762
[F8] [E04] batch 0180 | loss=0.7301 | acc=0.762
[F8] [E04] batch 0190 | loss=0.7257 | acc=0.785
[F8] [E04] batch 0200 | loss=0.6666 | acc=0.812
[F8] [E04] batch 0210 | loss=0.7168 | acc=0.750
[F8] [E04] batch 0220 | loss=0.7024 | acc=0.816
[F8] [E04] batch 0230 | loss=0.6556 | acc=0.828
[F8] [E04] batch 0240 | loss=0.6674 | acc=0.793
[F8] [E04] batch 0250 | loss=0.7760 | acc=0.750
[F8] [E04] batch 0260 | loss=0.6776 | acc=0.812
[F8] [E04] batch 0270 | loss=0.6817 | acc=0.773
[F8] [E04] batch 0280 | loss=0.6840 | acc=0.812
[F8] [E04] batch 0290 | loss=0.7196 | acc=0.793
[F8] [E04] batch 0300 | loss=0.7043 | acc=0.777
[F8] [E04] batch 0310 | loss=0.6685 | acc=0.824
[F8] [E04] batch 0320 | loss=0.6373 | acc=0.797
[F8] [E04] batch 0330 | loss=0.7241 | acc=0.770
[F8] [E04] batch 0340 | loss=0.7144 | acc=0.770
[F8] [E04] batch 0350 | loss=0.6797 | acc=0.793
[F8] [E04] batch 0360 | loss=0.6823 | acc=0.793
[F8] [E04] batch 0370 | loss=0.6873 | acc=0.801
[F8] [E04] batch 0380 | loss=0.6676 | acc=0.809
[F8] [E04] batch 0390 | loss=0.6958 | acc=0.770
[F8] [E04] batch 0400 | loss=0.7123 | acc=0.801
[F8] [E04] batch 0410 | loss=0.6856 | acc=0.785
[F8] [E04] batch 0420 | loss=0.6647 | acc=0.801
[F8] [E04] batch 0430 | loss=0.6671 | acc=0.793
[F8] [E04] batch 0440 | loss=0.6608 | acc=0.801
[F8] [E04] batch 0450 | loss=0.6475 | acc=0.793
[F8] [E04] batch 0460 | loss=0.7048 | acc=0.820
[F8] [E04] batch 0470 | loss=0.7126 | acc=0.758
[F8] [E04] batch 0480 | loss=0.6431 | acc=0.770
[F8] [E04] total_loss=338.554 | VAL acc=0.934 | F1=0.768 | kappa=0.847
[F8] [E05] batch 0000 | loss=0.6600 | acc=0.805
[F8] [E05] batch 0010 | loss=0.6991 | acc=0.805
[F8] [E05] batch 0020 | loss=0.7253 | acc=0.750
[F8] [E05] batch 0030 | loss=0.7666 | acc=0.742
[F8] [E05] batch 0040 | loss=0.6371 | acc=0.812
[F8] [E05] batch 0050 | loss=0.6744 | acc=0.805
[F8] [E05] batch 0060 | loss=0.6280 | acc=0.844
[F8] [E05] batch 0070 | loss=0.7211 | acc=0.758
[F8] [E05] batch 0080 | loss=0.7014 | acc=0.781
[F8] [E05] batch 0090 | loss=0.6861 | acc=0.805
[F8] [E05] batch 0100 | loss=0.7490 | acc=0.762
[F8] [E05] batch 0110 | loss=0.6574 | acc=0.824
[F8] [E05] batch 0120 | loss=0.7147 | acc=0.762
[F8] [E05] batch 0130 | loss=0.7038 | acc=0.789
[F8] [E05] batch 0140 | loss=0.6627 | acc=0.816
[F8] [E05] batch 0150 | loss=0.6981 | acc=0.777
[F8] [E05] batch 0160 | loss=0.7126 | acc=0.766
[F8] [E05] batch 0170 | loss=0.6871 | acc=0.809
[F8] [E05] batch 0180 | loss=0.6822 | acc=0.797
[F8] [E05] batch 0190 | loss=0.6657 | acc=0.832
[F8] [E05] batch 0200 | loss=0.6963 | acc=0.805
[F8] [E05] batch 0210 | loss=0.6670 | acc=0.828
[F8] [E05] batch 0220 | loss=0.6628 | acc=0.770
[F8] [E05] batch 0230 | loss=0.6384 | acc=0.824
[F8] [E05] batch 0240 | loss=0.6995 | acc=0.770
[F8] [E05] batch 0250 | loss=0.6321 | acc=0.816
[F8] [E05] batch 0260 | loss=0.6884 | acc=0.801
[F8] [E05] batch 0270 | loss=0.6346 | acc=0.820
[F8] [E05] batch 0280 | loss=0.6793 | acc=0.820
[F8] [E05] batch 0290 | loss=0.6536 | acc=0.809
[F8] [E05] batch 0300 | loss=0.7148 | acc=0.773
[F8] [E05] batch 0310 | loss=0.6537 | acc=0.809
[F8] [E05] batch 0320 | loss=0.7389 | acc=0.781
[F8] [E05] batch 0330 | loss=0.6619 | acc=0.828
[F8] [E05] batch 0340 | loss=0.6489 | acc=0.836
[F8] [E05] batch 0350 | loss=0.6515 | acc=0.809
[F8] [E05] batch 0360 | loss=0.7214 | acc=0.777
[F8] [E05] batch 0370 | loss=0.6917 | acc=0.801
[F8] [E05] batch 0380 | loss=0.6693 | acc=0.785
[F8] [E05] batch 0390 | loss=0.7307 | acc=0.793
[F8] [E05] batch 0400 | loss=0.6894 | acc=0.770
[F8] [E05] batch 0410 | loss=0.6442 | acc=0.797
[F8] [E05] batch 0420 | loss=0.6642 | acc=0.816
[F8] [E05] batch 0430 | loss=0.7499 | acc=0.789
[F8] [E05] batch 0440 | loss=0.7580 | acc=0.754
[F8] [E05] batch 0450 | loss=0.6768 | acc=0.809
[F8] [E05] batch 0460 | loss=0.6919 | acc=0.777
[F8] [E05] batch 0470 | loss=0.6859 | acc=0.816
[F8] [E05] batch 0480 | loss=0.7042 | acc=0.803
[F8] [E05] total_loss=334.085 | VAL acc=0.922 | F1=0.726 | kappa=0.820
[F8] [E06] batch 0000 | loss=0.7566 | acc=0.781
[F8] [E06] batch 0010 | loss=0.7141 | acc=0.777
[F8] [E06] batch 0020 | loss=0.6578 | acc=0.820
[F8] [E06] batch 0030 | loss=0.6544 | acc=0.820
[F8] [E06] batch 0040 | loss=0.6670 | acc=0.793
[F8] [E06] batch 0050 | loss=0.6626 | acc=0.789
[F8] [E06] batch 0060 | loss=0.6697 | acc=0.797
[F8] [E06] batch 0070 | loss=0.6669 | acc=0.785
[F8] [E06] batch 0080 | loss=0.6465 | acc=0.805
[F8] [E06] batch 0090 | loss=0.6508 | acc=0.816
[F8] [E06] batch 0100 | loss=0.7410 | acc=0.828
[F8] [E06] batch 0110 | loss=0.7493 | acc=0.766
[F8] [E06] batch 0120 | loss=0.6723 | acc=0.809
[F8] [E06] batch 0130 | loss=0.6953 | acc=0.840
[F8] [E06] batch 0140 | loss=0.6263 | acc=0.832
[F8] [E06] batch 0150 | loss=0.6623 | acc=0.812
[F8] [E06] batch 0160 | loss=0.7064 | acc=0.777
[F8] [E06] batch 0170 | loss=0.6350 | acc=0.848
[F8] [E06] batch 0180 | loss=0.7175 | acc=0.785
[F8] [E06] batch 0190 | loss=0.6444 | acc=0.832
[F8] [E06] batch 0200 | loss=0.6421 | acc=0.812
[F8] [E06] batch 0210 | loss=0.6517 | acc=0.820
[F8] [E06] batch 0220 | loss=0.6745 | acc=0.789
[F8] [E06] batch 0230 | loss=0.7731 | acc=0.750
[F8] [E06] batch 0240 | loss=0.6640 | acc=0.789
[F8] [E06] batch 0250 | loss=0.6840 | acc=0.789
[F8] [E06] batch 0260 | loss=0.6553 | acc=0.828
[F8] [E06] batch 0270 | loss=0.6782 | acc=0.809
[F8] [E06] batch 0280 | loss=0.6671 | acc=0.809
[F8] [E06] batch 0290 | loss=0.6278 | acc=0.832
[F8] [E06] batch 0300 | loss=0.6347 | acc=0.832
[F8] [E06] batch 0310 | loss=0.7524 | acc=0.746
[F8] [E06] batch 0320 | loss=0.6312 | acc=0.840
[F8] [E06] batch 0330 | loss=0.6267 | acc=0.801
[F8] [E06] batch 0340 | loss=0.6909 | acc=0.809
[F8] [E06] batch 0350 | loss=0.7866 | acc=0.719
[F8] [E06] batch 0360 | loss=0.6567 | acc=0.797
[F8] [E06] batch 0370 | loss=0.6511 | acc=0.781
[F8] [E06] batch 0380 | loss=0.6899 | acc=0.789
[F8] [E06] batch 0390 | loss=0.6822 | acc=0.797
[F8] [E06] batch 0400 | loss=0.7244 | acc=0.754
[F8] [E06] batch 0410 | loss=0.6866 | acc=0.797
[F8] [E06] batch 0420 | loss=0.7291 | acc=0.762
[F8] [E06] batch 0430 | loss=0.6551 | acc=0.797
[F8] [E06] batch 0440 | loss=0.6844 | acc=0.793
[F8] [E06] batch 0450 | loss=0.6826 | acc=0.762
[F8] [E06] batch 0460 | loss=0.6674 | acc=0.805
[F8] [E06] batch 0470 | loss=0.6427 | acc=0.816
[F8] [E06] batch 0480 | loss=0.6115 | acc=0.820
[F8] [E06] total_loss=330.026 | VAL acc=0.939 | F1=0.787 | kappa=0.859
[SAVE] best fold=8 (by VAL F1)
[F8] [E07] batch 0000 | loss=0.6367 | acc=0.840
[F8] [E07] batch 0010 | loss=0.6984 | acc=0.805
[F8] [E07] batch 0020 | loss=0.7255 | acc=0.746
[F8] [E07] batch 0030 | loss=0.7461 | acc=0.758
[F8] [E07] batch 0040 | loss=0.6852 | acc=0.785
[F8] [E07] batch 0050 | loss=0.6845 | acc=0.789
[F8] [E07] batch 0060 | loss=0.6491 | acc=0.824
[F8] [E07] batch 0070 | loss=0.6998 | acc=0.805
[F8] [E07] batch 0080 | loss=0.6540 | acc=0.816
[F8] [E07] batch 0090 | loss=0.6742 | acc=0.781
[F8] [E07] batch 0100 | loss=0.7111 | acc=0.785
[F8] [E07] batch 0110 | loss=0.7104 | acc=0.805
[F8] [E07] batch 0120 | loss=0.6255 | acc=0.828
[F8] [E07] batch 0130 | loss=0.6283 | acc=0.832
[F8] [E07] batch 0140 | loss=0.6956 | acc=0.766
[F8] [E07] batch 0150 | loss=0.7271 | acc=0.785
[F8] [E07] batch 0160 | loss=0.6999 | acc=0.758
[F8] [E07] batch 0170 | loss=0.6974 | acc=0.789
[F8] [E07] batch 0180 | loss=0.6650 | acc=0.801
[F8] [E07] batch 0190 | loss=0.7022 | acc=0.805
[F8] [E07] batch 0200 | loss=0.5999 | acc=0.828
[F8] [E07] batch 0210 | loss=0.6469 | acc=0.828
[F8] [E07] batch 0220 | loss=0.6809 | acc=0.820
[F8] [E07] batch 0230 | loss=0.6574 | acc=0.836
[F8] [E07] batch 0240 | loss=0.6305 | acc=0.832
[F8] [E07] batch 0250 | loss=0.6884 | acc=0.793
[F8] [E07] batch 0260 | loss=0.6539 | acc=0.840
[F8] [E07] batch 0270 | loss=0.7202 | acc=0.754
[F8] [E07] batch 0280 | loss=0.6124 | acc=0.809
[F8] [E07] batch 0290 | loss=0.6702 | acc=0.805
[F8] [E07] batch 0300 | loss=0.6682 | acc=0.824
[F8] [E07] batch 0310 | loss=0.5842 | acc=0.848
[F8] [E07] batch 0320 | loss=0.6634 | acc=0.785
[F8] [E07] batch 0330 | loss=0.6153 | acc=0.824
[F8] [E07] batch 0340 | loss=0.7081 | acc=0.812
[F8] [E07] batch 0350 | loss=0.6198 | acc=0.836
[F8] [E07] batch 0360 | loss=0.6379 | acc=0.805
[F8] [E07] batch 0370 | loss=0.7007 | acc=0.777
[F8] [E07] batch 0380 | loss=0.7255 | acc=0.766
[F8] [E07] batch 0390 | loss=0.6710 | acc=0.793
[F8] [E07] batch 0400 | loss=0.6145 | acc=0.828
[F8] [E07] batch 0410 | loss=0.7013 | acc=0.789
[F8] [E07] batch 0420 | loss=0.6598 | acc=0.824
[F8] [E07] batch 0430 | loss=0.6159 | acc=0.844
[F8] [E07] batch 0440 | loss=0.5987 | acc=0.855
[F8] [E07] batch 0450 | loss=0.7036 | acc=0.801
[F8] [E07] batch 0460 | loss=0.6451 | acc=0.812
[F8] [E07] batch 0470 | loss=0.7013 | acc=0.789
[F8] [E07] batch 0480 | loss=0.6065 | acc=0.852
[F8] [E07] total_loss=326.605 | VAL acc=0.927 | F1=0.735 | kappa=0.831
[F8] [E08] batch 0000 | loss=0.6739 | acc=0.812
[F8] [E08] batch 0010 | loss=0.7099 | acc=0.809
[F8] [E08] batch 0020 | loss=0.6977 | acc=0.758
[F8] [E08] batch 0030 | loss=0.6090 | acc=0.840
[F8] [E08] batch 0040 | loss=0.7063 | acc=0.773
[F8] [E08] batch 0050 | loss=0.6223 | acc=0.836
[F8] [E08] batch 0060 | loss=0.7302 | acc=0.754
[F8] [E08] batch 0070 | loss=0.7121 | acc=0.789
[F8] [E08] batch 0080 | loss=0.6507 | acc=0.824
[F8] [E08] batch 0090 | loss=0.7547 | acc=0.750
[F8] [E08] batch 0100 | loss=0.6593 | acc=0.809
[F8] [E08] batch 0110 | loss=0.6488 | acc=0.836
[F8] [E08] batch 0120 | loss=0.6447 | acc=0.816
[F8] [E08] batch 0130 | loss=0.7088 | acc=0.781
[F8] [E08] batch 0140 | loss=0.7301 | acc=0.805
[F8] [E08] batch 0150 | loss=0.6411 | acc=0.824
[F8] [E08] batch 0160 | loss=0.7199 | acc=0.785
[F8] [E08] batch 0170 | loss=0.7281 | acc=0.785
[F8] [E08] batch 0180 | loss=0.5985 | acc=0.844
[F8] [E08] batch 0190 | loss=0.6146 | acc=0.816
[F8] [E08] batch 0200 | loss=0.6852 | acc=0.781
[F8] [E08] batch 0210 | loss=0.7044 | acc=0.766
[F8] [E08] batch 0220 | loss=0.6219 | acc=0.844
[F8] [E08] batch 0230 | loss=0.6680 | acc=0.801
[F8] [E08] batch 0240 | loss=0.6811 | acc=0.801
[F8] [E08] batch 0250 | loss=0.6201 | acc=0.820
[F8] [E08] batch 0260 | loss=0.6553 | acc=0.812
[F8] [E08] batch 0270 | loss=0.7102 | acc=0.812
[F8] [E08] batch 0280 | loss=0.7389 | acc=0.746
[F8] [E08] batch 0290 | loss=0.6166 | acc=0.840
[F8] [E08] batch 0300 | loss=0.6520 | acc=0.816
[F8] [E08] batch 0310 | loss=0.7138 | acc=0.770
[F8] [E08] batch 0320 | loss=0.6690 | acc=0.789
[F8] [E08] batch 0330 | loss=0.5674 | acc=0.863
[F8] [E08] batch 0340 | loss=0.6472 | acc=0.805
[F8] [E08] batch 0350 | loss=0.6855 | acc=0.793
[F8] [E08] batch 0360 | loss=0.6387 | acc=0.797
[F8] [E08] batch 0370 | loss=0.6637 | acc=0.809
[F8] [E08] batch 0380 | loss=0.7179 | acc=0.777
[F8] [E08] batch 0390 | loss=0.6462 | acc=0.820
[F8] [E08] batch 0400 | loss=0.7103 | acc=0.785
[F8] [E08] batch 0410 | loss=0.6970 | acc=0.777
[F8] [E08] batch 0420 | loss=0.6263 | acc=0.836
[F8] [E08] batch 0430 | loss=0.7033 | acc=0.793
[F8] [E08] batch 0440 | loss=0.6090 | acc=0.812
[F8] [E08] batch 0450 | loss=0.6685 | acc=0.801
[F8] [E08] batch 0460 | loss=0.7453 | acc=0.766
[F8] [E08] batch 0470 | loss=0.6986 | acc=0.766
[F8] [E08] batch 0480 | loss=0.7786 | acc=0.754
[F8] [E08] total_loss=325.517 | VAL acc=0.926 | F1=0.745 | kappa=0.828
[F8] [E09] batch 0000 | loss=0.6685 | acc=0.793
[F8] [E09] batch 0010 | loss=0.6877 | acc=0.785
[F8] [E09] batch 0020 | loss=0.7263 | acc=0.742
[F8] [E09] batch 0030 | loss=0.6566 | acc=0.836
[F8] [E09] batch 0040 | loss=0.6774 | acc=0.812
[F8] [E09] batch 0050 | loss=0.6601 | acc=0.801
[F8] [E09] batch 0060 | loss=0.6933 | acc=0.793
[F8] [E09] batch 0070 | loss=0.6641 | acc=0.824
[F8] [E09] batch 0080 | loss=0.6985 | acc=0.797
[F8] [E09] batch 0090 | loss=0.6959 | acc=0.789
[F8] [E09] batch 0100 | loss=0.6825 | acc=0.809
[F8] [E09] batch 0110 | loss=0.6868 | acc=0.805
[F8] [E09] batch 0120 | loss=0.7433 | acc=0.746
[F8] [E09] batch 0130 | loss=0.6414 | acc=0.824
[F8] [E09] batch 0140 | loss=0.6731 | acc=0.805
[F8] [E09] batch 0150 | loss=0.6636 | acc=0.793
[F8] [E09] batch 0160 | loss=0.6316 | acc=0.820
[F8] [E09] batch 0170 | loss=0.6383 | acc=0.855
[F8] [E09] batch 0180 | loss=0.6729 | acc=0.789
[F8] [E09] batch 0190 | loss=0.6982 | acc=0.801
[F8] [E09] batch 0200 | loss=0.7106 | acc=0.766
[F8] [E09] batch 0210 | loss=0.6805 | acc=0.793
[F8] [E09] batch 0220 | loss=0.6287 | acc=0.832
[F8] [E09] batch 0230 | loss=0.6605 | acc=0.832
[F8] [E09] batch 0240 | loss=0.7096 | acc=0.766
[F8] [E09] batch 0250 | loss=0.6924 | acc=0.789
[F8] [E09] batch 0260 | loss=0.6477 | acc=0.820
[F8] [E09] batch 0270 | loss=0.7080 | acc=0.809
[F8] [E09] batch 0280 | loss=0.6970 | acc=0.777
[F8] [E09] batch 0290 | loss=0.6958 | acc=0.785
[F8] [E09] batch 0300 | loss=0.7265 | acc=0.793
[F8] [E09] batch 0310 | loss=0.6450 | acc=0.832
[F8] [E09] batch 0320 | loss=0.6395 | acc=0.840
[F8] [E09] batch 0330 | loss=0.6708 | acc=0.816
[F8] [E09] batch 0340 | loss=0.7475 | acc=0.762
[F8] [E09] batch 0350 | loss=0.7171 | acc=0.793
[F8] [E09] batch 0360 | loss=0.6893 | acc=0.812
[F8] [E09] batch 0370 | loss=0.6468 | acc=0.801
[F8] [E09] batch 0380 | loss=0.7044 | acc=0.805
[F8] [E09] batch 0390 | loss=0.6557 | acc=0.812
[F8] [E09] batch 0400 | loss=0.6666 | acc=0.789
[F8] [E09] batch 0410 | loss=0.6218 | acc=0.859
[F8] [E09] batch 0420 | loss=0.6869 | acc=0.797
[F8] [E09] batch 0430 | loss=0.6506 | acc=0.832
[F8] [E09] batch 0440 | loss=0.6429 | acc=0.836
[F8] [E09] batch 0450 | loss=0.7094 | acc=0.773
[F8] [E09] batch 0460 | loss=0.7623 | acc=0.777
[F8] [E09] batch 0470 | loss=0.6552 | acc=0.809
[F8] [E09] batch 0480 | loss=0.6816 | acc=0.836
[F8] [E09] total_loss=322.742 | VAL acc=0.941 | F1=0.793 | kappa=0.862
[SAVE] best fold=8 (by VAL F1)
[F8] [E10] batch 0000 | loss=0.6537 | acc=0.824
[F8] [E10] batch 0010 | loss=0.6998 | acc=0.816
[F8] [E10] batch 0020 | loss=0.7212 | acc=0.773
[F8] [E10] batch 0030 | loss=0.6443 | acc=0.812
[F8] [E10] batch 0040 | loss=0.7125 | acc=0.793
[F8] [E10] batch 0050 | loss=0.7033 | acc=0.801
[F8] [E10] batch 0060 | loss=0.7181 | acc=0.750
[F8] [E10] batch 0070 | loss=0.6518 | acc=0.816
[F8] [E10] batch 0080 | loss=0.6804 | acc=0.820
[F8] [E10] batch 0090 | loss=0.6539 | acc=0.824
[F8] [E10] batch 0100 | loss=0.6979 | acc=0.789
[F8] [E10] batch 0110 | loss=0.6282 | acc=0.820
[F8] [E10] batch 0120 | loss=0.7232 | acc=0.797
[F8] [E10] batch 0130 | loss=0.6333 | acc=0.809
[F8] [E10] batch 0140 | loss=0.6343 | acc=0.805
[F8] [E10] batch 0150 | loss=0.6239 | acc=0.840
[F8] [E10] batch 0160 | loss=0.6826 | acc=0.805
[F8] [E10] batch 0170 | loss=0.6709 | acc=0.816
[F8] [E10] batch 0180 | loss=0.7371 | acc=0.781
[F8] [E10] batch 0190 | loss=0.6494 | acc=0.832
[F8] [E10] batch 0200 | loss=0.6530 | acc=0.828
[F8] [E10] batch 0210 | loss=0.6267 | acc=0.852
[F8] [E10] batch 0220 | loss=0.6708 | acc=0.805
[F8] [E10] batch 0230 | loss=0.6610 | acc=0.820
[F8] [E10] batch 0240 | loss=0.6027 | acc=0.844
[F8] [E10] batch 0250 | loss=0.6484 | acc=0.812
[F8] [E10] batch 0260 | loss=0.6435 | acc=0.812
[F8] [E10] batch 0270 | loss=0.6208 | acc=0.828
[F8] [E10] batch 0280 | loss=0.6077 | acc=0.820
[F8] [E10] batch 0290 | loss=0.6352 | acc=0.816
[F8] [E10] batch 0300 | loss=0.6157 | acc=0.828
[F8] [E10] batch 0310 | loss=0.6534 | acc=0.805
[F8] [E10] batch 0320 | loss=0.7129 | acc=0.781
[F8] [E10] batch 0330 | loss=0.7171 | acc=0.785
[F8] [E10] batch 0340 | loss=0.6051 | acc=0.836
[F8] [E10] batch 0350 | loss=0.5822 | acc=0.867
[F8] [E10] batch 0360 | loss=0.6509 | acc=0.852
[F8] [E10] batch 0370 | loss=0.6539 | acc=0.812
[F8] [E10] batch 0380 | loss=0.7148 | acc=0.789
[F8] [E10] batch 0390 | loss=0.6120 | acc=0.812
[F8] [E10] batch 0400 | loss=0.5837 | acc=0.883
[F8] [E10] batch 0410 | loss=0.6816 | acc=0.801
[F8] [E10] batch 0420 | loss=0.6656 | acc=0.824
[F8] [E10] batch 0430 | loss=0.6816 | acc=0.789
[F8] [E10] batch 0440 | loss=0.6359 | acc=0.824
[F8] [E10] batch 0450 | loss=0.7554 | acc=0.750
[F8] [E10] batch 0460 | loss=0.7522 | acc=0.754
[F8] [E10] batch 0470 | loss=0.6089 | acc=0.848
[F8] [E10] batch 0480 | loss=0.6295 | acc=0.820
[F8] [E10] total_loss=319.665 | VAL acc=0.939 | F1=0.787 | kappa=0.857
[F8] [E11] batch 0000 | loss=0.7034 | acc=0.789
[F8] [E11] batch 0010 | loss=0.6010 | acc=0.824
[F8] [E11] batch 0020 | loss=0.6509 | acc=0.836
[F8] [E11] batch 0030 | loss=0.6113 | acc=0.867
[F8] [E11] batch 0040 | loss=0.6810 | acc=0.820
[F8] [E11] batch 0050 | loss=0.5752 | acc=0.863
[F8] [E11] batch 0060 | loss=0.6459 | acc=0.793
[F8] [E11] batch 0070 | loss=0.6437 | acc=0.793
[F8] [E11] batch 0080 | loss=0.6788 | acc=0.805
[F8] [E11] batch 0090 | loss=0.6573 | acc=0.828
[F8] [E11] batch 0100 | loss=0.6384 | acc=0.820
[F8] [E11] batch 0110 | loss=0.6985 | acc=0.793
[F8] [E11] batch 0120 | loss=0.5610 | acc=0.867
[F8] [E11] batch 0130 | loss=0.6876 | acc=0.797
[F8] [E11] batch 0140 | loss=0.6672 | acc=0.809
[F8] [E11] batch 0150 | loss=0.6957 | acc=0.801
[F8] [E11] batch 0160 | loss=0.6299 | acc=0.836
[F8] [E11] batch 0170 | loss=0.5921 | acc=0.852
[F8] [E11] batch 0180 | loss=0.6838 | acc=0.828
[F8] [E11] batch 0190 | loss=0.6593 | acc=0.797
[F8] [E11] batch 0200 | loss=0.6364 | acc=0.840
[F8] [E11] batch 0210 | loss=0.6878 | acc=0.793
[F8] [E11] batch 0220 | loss=0.7037 | acc=0.785
[F8] [E11] batch 0230 | loss=0.6128 | acc=0.824
[F8] [E11] batch 0240 | loss=0.7047 | acc=0.758
[F8] [E11] batch 0250 | loss=0.6675 | acc=0.832
[F8] [E11] batch 0260 | loss=0.7146 | acc=0.805
[F8] [E11] batch 0270 | loss=0.6609 | acc=0.809
[F8] [E11] batch 0280 | loss=0.7051 | acc=0.793
[F8] [E11] batch 0290 | loss=0.6453 | acc=0.836
[F8] [E11] batch 0300 | loss=0.6162 | acc=0.824
[F8] [E11] batch 0310 | loss=0.7392 | acc=0.773
[F8] [E11] batch 0320 | loss=0.6438 | acc=0.809
[F8] [E11] batch 0330 | loss=0.6690 | acc=0.797
[F8] [E11] batch 0340 | loss=0.6566 | acc=0.816
[F8] [E11] batch 0350 | loss=0.6582 | acc=0.781
[F8] [E11] batch 0360 | loss=0.6837 | acc=0.777
[F8] [E11] batch 0370 | loss=0.7204 | acc=0.770
[F8] [E11] batch 0380 | loss=0.7289 | acc=0.746
[F8] [E11] batch 0390 | loss=0.6741 | acc=0.793
[F8] [E11] batch 0400 | loss=0.6509 | acc=0.824
[F8] [E11] batch 0410 | loss=0.7193 | acc=0.777
[F8] [E11] batch 0420 | loss=0.6966 | acc=0.793
[F8] [E11] batch 0430 | loss=0.6312 | acc=0.805
[F8] [E11] batch 0440 | loss=0.6577 | acc=0.832
[F8] [E11] batch 0450 | loss=0.6218 | acc=0.836
[F8] [E11] batch 0460 | loss=0.7126 | acc=0.777
[F8] [E11] batch 0470 | loss=0.6184 | acc=0.809
[F8] [E11] batch 0480 | loss=0.6169 | acc=0.836
[F8] [E11] total_loss=319.007 | VAL acc=0.931 | F1=0.748 | kappa=0.841
[F8] [E12] batch 0000 | loss=0.6998 | acc=0.801
[F8] [E12] batch 0010 | loss=0.6978 | acc=0.797
[F8] [E12] batch 0020 | loss=0.6992 | acc=0.785
[F8] [E12] batch 0030 | loss=0.6186 | acc=0.824
[F8] [E12] batch 0040 | loss=0.7062 | acc=0.773
[F8] [E12] batch 0050 | loss=0.6333 | acc=0.828
[F8] [E12] batch 0060 | loss=0.6605 | acc=0.809
[F8] [E12] batch 0070 | loss=0.6572 | acc=0.816
[F8] [E12] batch 0080 | loss=0.6742 | acc=0.805
[F8] [E12] batch 0090 | loss=0.7346 | acc=0.766
[F8] [E12] batch 0100 | loss=0.6230 | acc=0.812
[F8] [E12] batch 0110 | loss=0.6320 | acc=0.832
[F8] [E12] batch 0120 | loss=0.5781 | acc=0.863
[F8] [E12] batch 0130 | loss=0.6092 | acc=0.816
[F8] [E12] batch 0140 | loss=0.6221 | acc=0.828
[F8] [E12] batch 0150 | loss=0.6424 | acc=0.824
[F8] [E12] batch 0160 | loss=0.6359 | acc=0.820
[F8] [E12] batch 0170 | loss=0.6557 | acc=0.816
[F8] [E12] batch 0180 | loss=0.7135 | acc=0.754
[F8] [E12] batch 0190 | loss=0.5945 | acc=0.855
[F8] [E12] batch 0200 | loss=0.7028 | acc=0.770
[F8] [E12] batch 0210 | loss=0.7239 | acc=0.766
[F8] [E12] batch 0220 | loss=0.6921 | acc=0.797
[F8] [E12] batch 0230 | loss=0.6457 | acc=0.781
[F8] [E12] batch 0240 | loss=0.6453 | acc=0.801
[F8] [E12] batch 0250 | loss=0.6495 | acc=0.832
[F8] [E12] batch 0260 | loss=0.6351 | acc=0.836
[F8] [E12] batch 0270 | loss=0.6343 | acc=0.824
[F8] [E12] batch 0280 | loss=0.6554 | acc=0.820
[F8] [E12] batch 0290 | loss=0.6917 | acc=0.793
[F8] [E12] batch 0300 | loss=0.6370 | acc=0.832
[F8] [E12] batch 0310 | loss=0.6571 | acc=0.812
[F8] [E12] batch 0320 | loss=0.6791 | acc=0.785
[F8] [E12] batch 0330 | loss=0.6330 | acc=0.824
[F8] [E12] batch 0340 | loss=0.6356 | acc=0.805
[F8] [E12] batch 0350 | loss=0.6828 | acc=0.832
[F8] [E12] batch 0360 | loss=0.7270 | acc=0.770
[F8] [E12] batch 0370 | loss=0.6712 | acc=0.820
[F8] [E12] batch 0380 | loss=0.6896 | acc=0.812
[F8] [E12] batch 0390 | loss=0.6103 | acc=0.824
[F8] [E12] batch 0400 | loss=0.6413 | acc=0.805
[F8] [E12] batch 0410 | loss=0.6927 | acc=0.797
[F8] [E12] batch 0420 | loss=0.6635 | acc=0.809
[F8] [E12] batch 0430 | loss=0.6677 | acc=0.805
[F8] [E12] batch 0440 | loss=0.6111 | acc=0.852
[F8] [E12] batch 0450 | loss=0.6540 | acc=0.816
[F8] [E12] batch 0460 | loss=0.6915 | acc=0.805
[F8] [E12] batch 0470 | loss=0.6680 | acc=0.820
[F8] [E12] batch 0480 | loss=0.7211 | acc=0.803
[F8] [E12] total_loss=317.212 | VAL acc=0.936 | F1=0.760 | kappa=0.852
[F8] [E13] batch 0000 | loss=0.6636 | acc=0.816
[F8] [E13] batch 0010 | loss=0.6705 | acc=0.801
[F8] [E13] batch 0020 | loss=0.6373 | acc=0.797
[F8] [E13] batch 0030 | loss=0.6903 | acc=0.789
[F8] [E13] batch 0040 | loss=0.6481 | acc=0.816
[F8] [E13] batch 0050 | loss=0.7433 | acc=0.762
[F8] [E13] batch 0060 | loss=0.6242 | acc=0.812
[F8] [E13] batch 0070 | loss=0.7011 | acc=0.809
[F8] [E13] batch 0080 | loss=0.7006 | acc=0.781
[F8] [E13] batch 0090 | loss=0.7015 | acc=0.742
[F8] [E13] batch 0100 | loss=0.6477 | acc=0.801
[F8] [E13] batch 0110 | loss=0.6366 | acc=0.809
[F8] [E13] batch 0120 | loss=0.6872 | acc=0.797
[F8] [E13] batch 0130 | loss=0.6479 | acc=0.828
[F8] [E13] batch 0140 | loss=0.6280 | acc=0.824
[F8] [E13] batch 0150 | loss=0.6058 | acc=0.844
[F8] [E13] batch 0160 | loss=0.6285 | acc=0.805
[F8] [E13] batch 0170 | loss=0.6083 | acc=0.828
[F8] [E13] batch 0180 | loss=0.6947 | acc=0.777
[F8] [E13] batch 0190 | loss=0.6676 | acc=0.801
[F8] [E13] batch 0200 | loss=0.6212 | acc=0.840
[F8] [E13] batch 0210 | loss=0.6870 | acc=0.801
[F8] [E13] batch 0220 | loss=0.6937 | acc=0.793
[F8] [E13] batch 0230 | loss=0.6163 | acc=0.832
[F8] [E13] batch 0240 | loss=0.6641 | acc=0.785
[F8] [E13] batch 0250 | loss=0.6667 | acc=0.828
[F8] [E13] batch 0260 | loss=0.7025 | acc=0.793
[F8] [E13] batch 0270 | loss=0.6054 | acc=0.836
[F8] [E13] batch 0280 | loss=0.6177 | acc=0.824
[F8] [E13] batch 0290 | loss=0.6870 | acc=0.812
[F8] [E13] batch 0300 | loss=0.6632 | acc=0.801
[F8] [E13] batch 0310 | loss=0.7115 | acc=0.785
[F8] [E13] batch 0320 | loss=0.6212 | acc=0.844
[F8] [E13] batch 0330 | loss=0.6450 | acc=0.801
[F8] [E13] batch 0340 | loss=0.6829 | acc=0.809
[F8] [E13] batch 0350 | loss=0.6468 | acc=0.789
[F8] [E13] batch 0360 | loss=0.6162 | acc=0.816
[F8] [E13] batch 0370 | loss=0.6923 | acc=0.789
[F8] [E13] batch 0380 | loss=0.7198 | acc=0.789
[F8] [E13] batch 0390 | loss=0.6613 | acc=0.805
[F8] [E13] batch 0400 | loss=0.6262 | acc=0.816
[F8] [E13] batch 0410 | loss=0.6254 | acc=0.812
[F8] [E13] batch 0420 | loss=0.6478 | acc=0.793
[F8] [E13] batch 0430 | loss=0.7187 | acc=0.762
[F8] [E13] batch 0440 | loss=0.6487 | acc=0.836
[F8] [E13] batch 0450 | loss=0.6586 | acc=0.816
[F8] [E13] batch 0460 | loss=0.6265 | acc=0.809
[F8] [E13] batch 0470 | loss=0.5955 | acc=0.828
[F8] [E13] batch 0480 | loss=0.7259 | acc=0.738
[F8] [E13] total_loss=317.484 | VAL acc=0.933 | F1=0.774 | kappa=0.843
[F8] [E14] batch 0000 | loss=0.6265 | acc=0.844
[F8] [E14] batch 0010 | loss=0.5850 | acc=0.836
[F8] [E14] batch 0020 | loss=0.6567 | acc=0.824
[F8] [E14] batch 0030 | loss=0.6397 | acc=0.812
[F8] [E14] batch 0040 | loss=0.6516 | acc=0.824
[F8] [E14] batch 0050 | loss=0.6870 | acc=0.793
[F8] [E14] batch 0060 | loss=0.7204 | acc=0.742
[F8] [E14] batch 0070 | loss=0.6119 | acc=0.801
[F8] [E14] batch 0080 | loss=0.6726 | acc=0.797
[F8] [E14] batch 0090 | loss=0.6220 | acc=0.840
[F8] [E14] batch 0100 | loss=0.6886 | acc=0.793
[F8] [E14] batch 0110 | loss=0.6100 | acc=0.863
[F8] [E14] batch 0120 | loss=0.6366 | acc=0.824
[F8] [E14] batch 0130 | loss=0.6489 | acc=0.809
[F8] [E14] batch 0140 | loss=0.7250 | acc=0.773
[F8] [E14] batch 0150 | loss=0.6476 | acc=0.824
[F8] [E14] batch 0160 | loss=0.6972 | acc=0.793
[F8] [E14] batch 0170 | loss=0.6128 | acc=0.836
[F8] [E14] batch 0180 | loss=0.6481 | acc=0.812
[F8] [E14] batch 0190 | loss=0.6132 | acc=0.836
[F8] [E14] batch 0200 | loss=0.6031 | acc=0.844
[F8] [E14] batch 0210 | loss=0.6819 | acc=0.832
[F8] [E14] batch 0220 | loss=0.6313 | acc=0.809
[F8] [E14] batch 0230 | loss=0.6539 | acc=0.793
[F8] [E14] batch 0240 | loss=0.6316 | acc=0.820
[F8] [E14] batch 0250 | loss=0.6277 | acc=0.809
[F8] [E14] batch 0260 | loss=0.6798 | acc=0.785
[F8] [E14] batch 0270 | loss=0.6450 | acc=0.805
[F8] [E14] batch 0280 | loss=0.6275 | acc=0.855
[F8] [E14] batch 0290 | loss=0.6774 | acc=0.801
[F8] [E14] batch 0300 | loss=0.6054 | acc=0.805
[F8] [E14] batch 0310 | loss=0.6339 | acc=0.777
[F8] [E14] batch 0320 | loss=0.6595 | acc=0.836
[F8] [E14] batch 0330 | loss=0.6496 | acc=0.797
[F8] [E14] batch 0340 | loss=0.6555 | acc=0.797
[F8] [E14] batch 0350 | loss=0.6413 | acc=0.832
[F8] [E14] batch 0360 | loss=0.6940 | acc=0.785
[F8] [E14] batch 0370 | loss=0.6089 | acc=0.824
[F8] [E14] batch 0380 | loss=0.7214 | acc=0.750
[F8] [E14] batch 0390 | loss=0.6689 | acc=0.809
[F8] [E14] batch 0400 | loss=0.6277 | acc=0.828
[F8] [E14] batch 0410 | loss=0.6415 | acc=0.820
[F8] [E14] batch 0420 | loss=0.6560 | acc=0.785
[F8] [E14] batch 0430 | loss=0.6882 | acc=0.785
[F8] [E14] batch 0440 | loss=0.7046 | acc=0.793
[F8] [E14] batch 0450 | loss=0.6366 | acc=0.840
[F8] [E14] batch 0460 | loss=0.6787 | acc=0.824
[F8] [E14] batch 0470 | loss=0.6389 | acc=0.836
[F8] [E14] batch 0480 | loss=0.6261 | acc=0.803
[F8] [E14] total_loss=314.708 | VAL acc=0.941 | F1=0.794 | kappa=0.863
[SAVE] best fold=8 (by VAL F1)
[F8] [E15] batch 0000 | loss=0.6657 | acc=0.805
[F8] [E15] batch 0010 | loss=0.6300 | acc=0.832
[F8] [E15] batch 0020 | loss=0.6030 | acc=0.824
[F8] [E15] batch 0030 | loss=0.6806 | acc=0.824
[F8] [E15] batch 0040 | loss=0.6407 | acc=0.824
[F8] [E15] batch 0050 | loss=0.6792 | acc=0.777
[F8] [E15] batch 0060 | loss=0.6500 | acc=0.781
[F8] [E15] batch 0070 | loss=0.6101 | acc=0.840
[F8] [E15] batch 0080 | loss=0.6303 | acc=0.832
[F8] [E15] batch 0090 | loss=0.6332 | acc=0.812
[F8] [E15] batch 0100 | loss=0.6235 | acc=0.832
[F8] [E15] batch 0110 | loss=0.6492 | acc=0.828
[F8] [E15] batch 0120 | loss=0.6038 | acc=0.852
[F8] [E15] batch 0130 | loss=0.5973 | acc=0.844
[F8] [E15] batch 0140 | loss=0.6812 | acc=0.781
[F8] [E15] batch 0150 | loss=0.6534 | acc=0.801
[F8] [E15] batch 0160 | loss=0.6344 | acc=0.805
[F8] [E15] batch 0170 | loss=0.6879 | acc=0.812
[F8] [E15] batch 0180 | loss=0.6252 | acc=0.832
[F8] [E15] batch 0190 | loss=0.6857 | acc=0.801
[F8] [E15] batch 0200 | loss=0.6285 | acc=0.848
[F8] [E15] batch 0210 | loss=0.6081 | acc=0.820
[F8] [E15] batch 0220 | loss=0.6600 | acc=0.816
[F8] [E15] batch 0230 | loss=0.6632 | acc=0.793
[F8] [E15] batch 0240 | loss=0.6513 | acc=0.816
[F8] [E15] batch 0250 | loss=0.6492 | acc=0.816
[F8] [E15] batch 0260 | loss=0.6927 | acc=0.797
[F8] [E15] batch 0270 | loss=0.6199 | acc=0.832
[F8] [E15] batch 0280 | loss=0.6126 | acc=0.820
[F8] [E15] batch 0290 | loss=0.5849 | acc=0.859
[F8] [E15] batch 0300 | loss=0.6654 | acc=0.801
[F8] [E15] batch 0310 | loss=0.7537 | acc=0.750
[F8] [E15] batch 0320 | loss=0.6778 | acc=0.809
[F8] [E15] batch 0330 | loss=0.6945 | acc=0.805
[F8] [E15] batch 0340 | loss=0.6247 | acc=0.852
[F8] [E15] batch 0350 | loss=0.7002 | acc=0.793
[F8] [E15] batch 0360 | loss=0.7168 | acc=0.785
[F8] [E15] batch 0370 | loss=0.6449 | acc=0.816
[F8] [E15] batch 0380 | loss=0.6085 | acc=0.809
[F8] [E15] batch 0390 | loss=0.5841 | acc=0.859
[F8] [E15] batch 0400 | loss=0.6418 | acc=0.801
[F8] [E15] batch 0410 | loss=0.6275 | acc=0.848
[F8] [E15] batch 0420 | loss=0.7072 | acc=0.770
[F8] [E15] batch 0430 | loss=0.6753 | acc=0.801
[F8] [E15] batch 0440 | loss=0.7002 | acc=0.781
[F8] [E15] batch 0450 | loss=0.6420 | acc=0.820
[F8] [E15] batch 0460 | loss=0.7240 | acc=0.766
[F8] [E15] batch 0470 | loss=0.6989 | acc=0.809
[F8] [E15] batch 0480 | loss=0.6354 | acc=0.770
[F8] [E15] total_loss=314.095 | VAL acc=0.936 | F1=0.771 | kappa=0.852
[F8] [E16] batch 0000 | loss=0.6050 | acc=0.840
[F8] [E16] batch 0010 | loss=0.6887 | acc=0.781
[F8] [E16] batch 0020 | loss=0.6704 | acc=0.805
[F8] [E16] batch 0030 | loss=0.6478 | acc=0.805
[F8] [E16] batch 0040 | loss=0.6962 | acc=0.809
[F8] [E16] batch 0050 | loss=0.6453 | acc=0.809
[F8] [E16] batch 0060 | loss=0.6095 | acc=0.855
[F8] [E16] batch 0070 | loss=0.6610 | acc=0.816
[F8] [E16] batch 0080 | loss=0.7083 | acc=0.777
[F8] [E16] batch 0090 | loss=0.6478 | acc=0.785
[F8] [E16] batch 0100 | loss=0.7035 | acc=0.766
[F8] [E16] batch 0110 | loss=0.6212 | acc=0.809
[F8] [E16] batch 0120 | loss=0.6033 | acc=0.832
[F8] [E16] batch 0130 | loss=0.6039 | acc=0.855
[F8] [E16] batch 0140 | loss=0.6259 | acc=0.836
[F8] [E16] batch 0150 | loss=0.6135 | acc=0.828
[F8] [E16] batch 0160 | loss=0.7239 | acc=0.773
[F8] [E16] batch 0170 | loss=0.6313 | acc=0.844
[F8] [E16] batch 0180 | loss=0.6902 | acc=0.789
[F8] [E16] batch 0190 | loss=0.6716 | acc=0.812
[F8] [E16] batch 0200 | loss=0.6771 | acc=0.809
[F8] [E16] batch 0210 | loss=0.7052 | acc=0.777
[F8] [E16] batch 0220 | loss=0.6250 | acc=0.832
[F8] [E16] batch 0230 | loss=0.7543 | acc=0.770
[F8] [E16] batch 0240 | loss=0.5890 | acc=0.867
[F8] [E16] batch 0250 | loss=0.6490 | acc=0.824
[F8] [E16] batch 0260 | loss=0.6937 | acc=0.793
[F8] [E16] batch 0270 | loss=0.6281 | acc=0.828
[F8] [E16] batch 0280 | loss=0.6464 | acc=0.836
[F8] [E16] batch 0290 | loss=0.6866 | acc=0.777
[F8] [E16] batch 0300 | loss=0.6119 | acc=0.852
[F8] [E16] batch 0310 | loss=0.6746 | acc=0.809
[F8] [E16] batch 0320 | loss=0.6581 | acc=0.793
[F8] [E16] batch 0330 | loss=0.6469 | acc=0.832
[F8] [E16] batch 0340 | loss=0.7114 | acc=0.820
[F8] [E16] batch 0350 | loss=0.6341 | acc=0.816
[F8] [E16] batch 0360 | loss=0.6028 | acc=0.863
[F8] [E16] batch 0370 | loss=0.6538 | acc=0.805
[F8] [E16] batch 0380 | loss=0.7194 | acc=0.789
[F8] [E16] batch 0390 | loss=0.6345 | acc=0.832
[F8] [E16] batch 0400 | loss=0.7119 | acc=0.797
[F8] [E16] batch 0410 | loss=0.6432 | acc=0.805
[F8] [E16] batch 0420 | loss=0.6601 | acc=0.809
[F8] [E16] batch 0430 | loss=0.6148 | acc=0.852
[F8] [E16] batch 0440 | loss=0.6489 | acc=0.836
[F8] [E16] batch 0450 | loss=0.6429 | acc=0.809
[F8] [E16] batch 0460 | loss=0.6141 | acc=0.840
[F8] [E16] batch 0470 | loss=0.6506 | acc=0.824
[F8] [E16] batch 0480 | loss=0.5692 | acc=0.902
[F8] [E16] total_loss=313.088 | VAL acc=0.940 | F1=0.789 | kappa=0.859
[F8] [E17] batch 0000 | loss=0.6322 | acc=0.820
[F8] [E17] batch 0010 | loss=0.7063 | acc=0.797
[F8] [E17] batch 0020 | loss=0.5890 | acc=0.840
[F8] [E17] batch 0030 | loss=0.6708 | acc=0.789
[F8] [E17] batch 0040 | loss=0.6647 | acc=0.781
[F8] [E17] batch 0050 | loss=0.6739 | acc=0.789
[F8] [E17] batch 0060 | loss=0.6068 | acc=0.824
[F8] [E17] batch 0070 | loss=0.6592 | acc=0.828
[F8] [E17] batch 0080 | loss=0.5759 | acc=0.875
[F8] [E17] batch 0090 | loss=0.6320 | acc=0.828
[F8] [E17] batch 0100 | loss=0.6000 | acc=0.844
[F8] [E17] batch 0110 | loss=0.6474 | acc=0.812
[F8] [E17] batch 0120 | loss=0.5963 | acc=0.836
[F8] [E17] batch 0130 | loss=0.6607 | acc=0.793
[F8] [E17] batch 0140 | loss=0.6483 | acc=0.812
[F8] [E17] batch 0150 | loss=0.6336 | acc=0.809
[F8] [E17] batch 0160 | loss=0.6809 | acc=0.809
[F8] [E17] batch 0170 | loss=0.6144 | acc=0.852
[F8] [E17] batch 0180 | loss=0.6723 | acc=0.816
[F8] [E17] batch 0190 | loss=0.6683 | acc=0.812
[F8] [E17] batch 0200 | loss=0.6143 | acc=0.828
[F8] [E17] batch 0210 | loss=0.6769 | acc=0.797
[F8] [E17] batch 0220 | loss=0.6279 | acc=0.832
[F8] [E17] batch 0230 | loss=0.6598 | acc=0.805
[F8] [E17] batch 0240 | loss=0.6966 | acc=0.805
[F8] [E17] batch 0250 | loss=0.6896 | acc=0.773
[F8] [E17] batch 0260 | loss=0.7157 | acc=0.770
[F8] [E17] batch 0270 | loss=0.6287 | acc=0.816
[F8] [E17] batch 0280 | loss=0.6439 | acc=0.840
[F8] [E17] batch 0290 | loss=0.7023 | acc=0.773
[F8] [E17] batch 0300 | loss=0.6378 | acc=0.824
[F8] [E17] batch 0310 | loss=0.6034 | acc=0.828
[F8] [E17] batch 0320 | loss=0.6300 | acc=0.820
[F8] [E17] batch 0330 | loss=0.6316 | acc=0.820
[F8] [E17] batch 0340 | loss=0.6107 | acc=0.844
[F8] [E17] batch 0350 | loss=0.6749 | acc=0.789
[F8] [E17] batch 0360 | loss=0.6791 | acc=0.797
[F8] [E17] batch 0370 | loss=0.6313 | acc=0.848
[F8] [E17] batch 0380 | loss=0.6775 | acc=0.789
[F8] [E17] batch 0390 | loss=0.6509 | acc=0.812
[F8] [E17] batch 0400 | loss=0.6858 | acc=0.816
[F8] [E17] batch 0410 | loss=0.6536 | acc=0.805
[F8] [E17] batch 0420 | loss=0.6623 | acc=0.816
[F8] [E17] batch 0430 | loss=0.6675 | acc=0.789
[F8] [E17] batch 0440 | loss=0.6441 | acc=0.824
[F8] [E17] batch 0450 | loss=0.6181 | acc=0.840
[F8] [E17] batch 0460 | loss=0.6481 | acc=0.832
[F8] [E17] batch 0470 | loss=0.6322 | acc=0.824
[F8] [E17] batch 0480 | loss=0.8110 | acc=0.721
[F8] [E17] total_loss=312.680 | VAL acc=0.943 | F1=0.799 | kappa=0.867
[SAVE] best fold=8 (by VAL F1)
[F8] [E18] batch 0000 | loss=0.6096 | acc=0.840
[F8] [E18] batch 0010 | loss=0.6286 | acc=0.828
[F8] [E18] batch 0020 | loss=0.7035 | acc=0.789
[F8] [E18] batch 0030 | loss=0.6649 | acc=0.816
[F8] [E18] batch 0040 | loss=0.6656 | acc=0.793
[F8] [E18] batch 0050 | loss=0.6721 | acc=0.789
[F8] [E18] batch 0060 | loss=0.6324 | acc=0.812
[F8] [E18] batch 0070 | loss=0.6349 | acc=0.820
[F8] [E18] batch 0080 | loss=0.6764 | acc=0.777
[F8] [E18] batch 0090 | loss=0.7094 | acc=0.770
[F8] [E18] batch 0100 | loss=0.7018 | acc=0.777
[F8] [E18] batch 0110 | loss=0.6230 | acc=0.832
[F8] [E18] batch 0120 | loss=0.6045 | acc=0.828
[F8] [E18] batch 0130 | loss=0.6539 | acc=0.824
[F8] [E18] batch 0140 | loss=0.6886 | acc=0.812
[F8] [E18] batch 0150 | loss=0.6569 | acc=0.848
[F8] [E18] batch 0160 | loss=0.6673 | acc=0.805
[F8] [E18] batch 0170 | loss=0.6685 | acc=0.824
[F8] [E18] batch 0180 | loss=0.6521 | acc=0.820
[F8] [E18] batch 0190 | loss=0.7134 | acc=0.781
[F8] [E18] batch 0200 | loss=0.6128 | acc=0.859
[F8] [E18] batch 0210 | loss=0.6513 | acc=0.797
[F8] [E18] batch 0220 | loss=0.6541 | acc=0.809
[F8] [E18] batch 0230 | loss=0.6756 | acc=0.793
[F8] [E18] batch 0240 | loss=0.6756 | acc=0.797
[F8] [E18] batch 0250 | loss=0.6763 | acc=0.812
[F8] [E18] batch 0260 | loss=0.7044 | acc=0.781
[F8] [E18] batch 0270 | loss=0.6275 | acc=0.809
[F8] [E18] batch 0280 | loss=0.6354 | acc=0.816
[F8] [E18] batch 0290 | loss=0.6634 | acc=0.809
[F8] [E18] batch 0300 | loss=0.6269 | acc=0.805
[F8] [E18] batch 0310 | loss=0.6426 | acc=0.848
[F8] [E18] batch 0320 | loss=0.6555 | acc=0.840
[F8] [E18] batch 0330 | loss=0.6143 | acc=0.820
[F8] [E18] batch 0340 | loss=0.6471 | acc=0.832
[F8] [E18] batch 0350 | loss=0.6039 | acc=0.816
[F8] [E18] batch 0360 | loss=0.6969 | acc=0.789
[F8] [E18] batch 0370 | loss=0.6907 | acc=0.773
[F8] [E18] batch 0380 | loss=0.6661 | acc=0.789
[F8] [E18] batch 0390 | loss=0.6386 | acc=0.805
[F8] [E18] batch 0400 | loss=0.6800 | acc=0.805
[F8] [E18] batch 0410 | loss=0.6691 | acc=0.809
[F8] [E18] batch 0420 | loss=0.6473 | acc=0.824
[F8] [E18] batch 0430 | loss=0.6385 | acc=0.832
[F8] [E18] batch 0440 | loss=0.6500 | acc=0.805
[F8] [E18] batch 0450 | loss=0.7239 | acc=0.789
[F8] [E18] batch 0460 | loss=0.6988 | acc=0.812
[F8] [E18] batch 0470 | loss=0.6244 | acc=0.836
[F8] [E18] batch 0480 | loss=0.6343 | acc=0.852
[F8] [E18] total_loss=313.717 | VAL acc=0.941 | F1=0.789 | kappa=0.862
[F8] [E19] batch 0000 | loss=0.6323 | acc=0.836
[F8] [E19] batch 0010 | loss=0.7178 | acc=0.758
[F8] [E19] batch 0020 | loss=0.6668 | acc=0.797
[F8] [E19] batch 0030 | loss=0.6406 | acc=0.812
[F8] [E19] batch 0040 | loss=0.6392 | acc=0.824
[F8] [E19] batch 0050 | loss=0.6855 | acc=0.824
[F8] [E19] batch 0060 | loss=0.6164 | acc=0.820
[F8] [E19] batch 0070 | loss=0.6561 | acc=0.801
[F8] [E19] batch 0080 | loss=0.6583 | acc=0.832
[F8] [E19] batch 0090 | loss=0.6009 | acc=0.824
[F8] [E19] batch 0100 | loss=0.6858 | acc=0.797
[F8] [E19] batch 0110 | loss=0.6156 | acc=0.824
[F8] [E19] batch 0120 | loss=0.7369 | acc=0.789
[F8] [E19] batch 0130 | loss=0.6898 | acc=0.824
[F8] [E19] batch 0140 | loss=0.5630 | acc=0.867
[F8] [E19] batch 0150 | loss=0.6920 | acc=0.793
[F8] [E19] batch 0160 | loss=0.5982 | acc=0.852
[F8] [E19] batch 0170 | loss=0.6052 | acc=0.844
[F8] [E19] batch 0180 | loss=0.6639 | acc=0.809
[F8] [E19] batch 0190 | loss=0.5846 | acc=0.875
[F8] [E19] batch 0200 | loss=0.6511 | acc=0.824
[F8] [E19] batch 0210 | loss=0.6757 | acc=0.797
[F8] [E19] batch 0220 | loss=0.6124 | acc=0.828
[F8] [E19] batch 0230 | loss=0.6666 | acc=0.809
[F8] [E19] batch 0240 | loss=0.6711 | acc=0.816
[F8] [E19] batch 0250 | loss=0.6262 | acc=0.824
[F8] [E19] batch 0260 | loss=0.6209 | acc=0.848
[F8] [E19] batch 0270 | loss=0.7541 | acc=0.766
[F8] [E19] batch 0280 | loss=0.6386 | acc=0.824
[F8] [E19] batch 0290 | loss=0.6355 | acc=0.844
[F8] [E19] batch 0300 | loss=0.6747 | acc=0.812
[F8] [E19] batch 0310 | loss=0.6673 | acc=0.812
[F8] [E19] batch 0320 | loss=0.6398 | acc=0.824
[F8] [E19] batch 0330 | loss=0.5979 | acc=0.855
[F8] [E19] batch 0340 | loss=0.6150 | acc=0.816
[F8] [E19] batch 0350 | loss=0.6200 | acc=0.828
[F8] [E19] batch 0360 | loss=0.6185 | acc=0.812
[F8] [E19] batch 0370 | loss=0.6977 | acc=0.770
[F8] [E19] batch 0380 | loss=0.6240 | acc=0.848
[F8] [E19] batch 0390 | loss=0.7034 | acc=0.781
[F8] [E19] batch 0400 | loss=0.5891 | acc=0.848
[F8] [E19] batch 0410 | loss=0.7003 | acc=0.777
[F8] [E19] batch 0420 | loss=0.6400 | acc=0.812
[F8] [E19] batch 0430 | loss=0.5866 | acc=0.840
[F8] [E19] batch 0440 | loss=0.6007 | acc=0.848
[F8] [E19] batch 0450 | loss=0.5928 | acc=0.828
[F8] [E19] batch 0460 | loss=0.6529 | acc=0.793
[F8] [E19] batch 0470 | loss=0.6873 | acc=0.805
[F8] [E19] batch 0480 | loss=0.5606 | acc=0.852
[F8] [E19] total_loss=311.385 | VAL acc=0.936 | F1=0.780 | kappa=0.850
[F8] [E20] batch 0000 | loss=0.6156 | acc=0.844
[F8] [E20] batch 0010 | loss=0.6800 | acc=0.805
[F8] [E20] batch 0020 | loss=0.6100 | acc=0.828
[F8] [E20] batch 0030 | loss=0.7093 | acc=0.758
[F8] [E20] batch 0040 | loss=0.6381 | acc=0.801
[F8] [E20] batch 0050 | loss=0.6299 | acc=0.816
[F8] [E20] batch 0060 | loss=0.6539 | acc=0.816
[F8] [E20] batch 0070 | loss=0.5797 | acc=0.840
[F8] [E20] batch 0080 | loss=0.6639 | acc=0.801
[F8] [E20] batch 0090 | loss=0.6420 | acc=0.836
[F8] [E20] batch 0100 | loss=0.6015 | acc=0.836
[F8] [E20] batch 0110 | loss=0.6309 | acc=0.805
[F8] [E20] batch 0120 | loss=0.6381 | acc=0.816
[F8] [E20] batch 0130 | loss=0.6640 | acc=0.809
[F8] [E20] batch 0140 | loss=0.6546 | acc=0.816
[F8] [E20] batch 0150 | loss=0.5781 | acc=0.867
[F8] [E20] batch 0160 | loss=0.5806 | acc=0.832
[F8] [E20] batch 0170 | loss=0.6689 | acc=0.812
[F8] [E20] batch 0180 | loss=0.6689 | acc=0.820
[F8] [E20] batch 0190 | loss=0.6781 | acc=0.785
[F8] [E20] batch 0200 | loss=0.6617 | acc=0.824
[F8] [E20] batch 0210 | loss=0.6993 | acc=0.801
[F8] [E20] batch 0220 | loss=0.6336 | acc=0.805
[F8] [E20] batch 0230 | loss=0.6273 | acc=0.820
[F8] [E20] batch 0240 | loss=0.6163 | acc=0.844
[F8] [E20] batch 0250 | loss=0.6021 | acc=0.852
[F8] [E20] batch 0260 | loss=0.7004 | acc=0.812
[F8] [E20] batch 0270 | loss=0.6417 | acc=0.832
[F8] [E20] batch 0280 | loss=0.6419 | acc=0.820
[F8] [E20] batch 0290 | loss=0.6454 | acc=0.828
[F8] [E20] batch 0300 | loss=0.6364 | acc=0.809
[F8] [E20] batch 0310 | loss=0.6815 | acc=0.801
[F8] [E20] batch 0320 | loss=0.6177 | acc=0.836
[F8] [E20] batch 0330 | loss=0.5769 | acc=0.855
[F8] [E20] batch 0340 | loss=0.6526 | acc=0.816
[F8] [E20] batch 0350 | loss=0.6113 | acc=0.855
[F8] [E20] batch 0360 | loss=0.6802 | acc=0.789
[F8] [E20] batch 0370 | loss=0.6922 | acc=0.793
[F8] [E20] batch 0380 | loss=0.6347 | acc=0.832
[F8] [E20] batch 0390 | loss=0.6628 | acc=0.809
[F8] [E20] batch 0400 | loss=0.6025 | acc=0.836
[F8] [E20] batch 0410 | loss=0.6478 | acc=0.840
[F8] [E20] batch 0420 | loss=0.6451 | acc=0.820
[F8] [E20] batch 0430 | loss=0.6609 | acc=0.809
[F8] [E20] batch 0440 | loss=0.6477 | acc=0.809
[F8] [E20] batch 0450 | loss=0.7342 | acc=0.762
[F8] [E20] batch 0460 | loss=0.5627 | acc=0.871
[F8] [E20] batch 0470 | loss=0.6304 | acc=0.809
[F8] [E20] batch 0480 | loss=0.5543 | acc=0.885
[F8] [E20] total_loss=310.517 | VAL acc=0.942 | F1=0.794 | kappa=0.865
[F8] [E21] batch 0000 | loss=0.6878 | acc=0.816
[F8] [E21] batch 0010 | loss=0.6791 | acc=0.797
[F8] [E21] batch 0020 | loss=0.7018 | acc=0.785
[F8] [E21] batch 0030 | loss=0.6916 | acc=0.770
[F8] [E21] batch 0040 | loss=0.6455 | acc=0.801
[F8] [E21] batch 0050 | loss=0.6577 | acc=0.809
[F8] [E21] batch 0060 | loss=0.6292 | acc=0.836
[F8] [E21] batch 0070 | loss=0.6116 | acc=0.840
[F8] [E21] batch 0080 | loss=0.6387 | acc=0.816
[F8] [E21] batch 0090 | loss=0.6556 | acc=0.797
[F8] [E21] batch 0100 | loss=0.7075 | acc=0.809
[F8] [E21] batch 0110 | loss=0.6197 | acc=0.840
[F8] [E21] batch 0120 | loss=0.6761 | acc=0.801
[F8] [E21] batch 0130 | loss=0.5928 | acc=0.836
[F8] [E21] batch 0140 | loss=0.6356 | acc=0.840
[F8] [E21] batch 0150 | loss=0.6208 | acc=0.836
[F8] [E21] batch 0160 | loss=0.6485 | acc=0.820
[F8] [E21] batch 0170 | loss=0.6138 | acc=0.840
[F8] [E21] batch 0180 | loss=0.6498 | acc=0.824
[F8] [E21] batch 0190 | loss=0.7161 | acc=0.793
[F8] [E21] batch 0200 | loss=0.5937 | acc=0.816
[F8] [E21] batch 0210 | loss=0.5947 | acc=0.832
[F8] [E21] batch 0220 | loss=0.6090 | acc=0.820
[F8] [E21] batch 0230 | loss=0.6198 | acc=0.797
[F8] [E21] batch 0240 | loss=0.6446 | acc=0.840
[F8] [E21] batch 0250 | loss=0.6294 | acc=0.820
[F8] [E21] batch 0260 | loss=0.6898 | acc=0.801
[F8] [E21] batch 0270 | loss=0.6601 | acc=0.805
[F8] [E21] batch 0280 | loss=0.6536 | acc=0.805
[F8] [E21] batch 0290 | loss=0.6357 | acc=0.805
[F8] [E21] batch 0300 | loss=0.6416 | acc=0.828
[F8] [E21] batch 0310 | loss=0.6211 | acc=0.832
[F8] [E21] batch 0320 | loss=0.6260 | acc=0.836
[F8] [E21] batch 0330 | loss=0.6557 | acc=0.828
[F8] [E21] batch 0340 | loss=0.6450 | acc=0.801
[F8] [E21] batch 0350 | loss=0.6540 | acc=0.805
[F8] [E21] batch 0360 | loss=0.6030 | acc=0.805
[F8] [E21] batch 0370 | loss=0.6187 | acc=0.824
[F8] [E21] batch 0380 | loss=0.6762 | acc=0.809
[F8] [E21] batch 0390 | loss=0.6252 | acc=0.844
[F8] [E21] batch 0400 | loss=0.6108 | acc=0.832
[F8] [E21] batch 0410 | loss=0.6599 | acc=0.844
[F8] [E21] batch 0420 | loss=0.6808 | acc=0.797
[F8] [E21] batch 0430 | loss=0.6799 | acc=0.820
[F8] [E21] batch 0440 | loss=0.6188 | acc=0.824
[F8] [E21] batch 0450 | loss=0.6369 | acc=0.836
[F8] [E21] batch 0460 | loss=0.6156 | acc=0.836
[F8] [E21] batch 0470 | loss=0.5996 | acc=0.832
[F8] [E21] batch 0480 | loss=0.6347 | acc=0.820
[F8] [E21] total_loss=310.766 | VAL acc=0.937 | F1=0.797 | kappa=0.853
[F8] [E22] batch 0000 | loss=0.6248 | acc=0.824
[F8] [E22] batch 0010 | loss=0.6618 | acc=0.785
[F8] [E22] batch 0020 | loss=0.6767 | acc=0.809
[F8] [E22] batch 0030 | loss=0.6112 | acc=0.832
[F8] [E22] batch 0040 | loss=0.5729 | acc=0.887
[F8] [E22] batch 0050 | loss=0.6471 | acc=0.816
[F8] [E22] batch 0060 | loss=0.6157 | acc=0.844
[F8] [E22] batch 0070 | loss=0.6022 | acc=0.836
[F8] [E22] batch 0080 | loss=0.6051 | acc=0.859
[F8] [E22] batch 0090 | loss=0.6664 | acc=0.824
[F8] [E22] batch 0100 | loss=0.6259 | acc=0.836
[F8] [E22] batch 0110 | loss=0.6093 | acc=0.836
[F8] [E22] batch 0120 | loss=0.6118 | acc=0.855
[F8] [E22] batch 0130 | loss=0.6596 | acc=0.812
[F8] [E22] batch 0140 | loss=0.6499 | acc=0.801
[F8] [E22] batch 0150 | loss=0.6224 | acc=0.820
[F8] [E22] batch 0160 | loss=0.6546 | acc=0.801
[F8] [E22] batch 0170 | loss=0.6018 | acc=0.859
[F8] [E22] batch 0180 | loss=0.6612 | acc=0.781
[F8] [E22] batch 0190 | loss=0.6207 | acc=0.828
[F8] [E22] batch 0200 | loss=0.6217 | acc=0.848
[F8] [E22] batch 0210 | loss=0.6775 | acc=0.781
[F8] [E22] batch 0220 | loss=0.6823 | acc=0.801
[F8] [E22] batch 0230 | loss=0.6232 | acc=0.812
[F8] [E22] batch 0240 | loss=0.6296 | acc=0.852
[F8] [E22] batch 0250 | loss=0.6192 | acc=0.820
[F8] [E22] batch 0260 | loss=0.6864 | acc=0.809
[F8] [E22] batch 0270 | loss=0.6089 | acc=0.828
[F8] [E22] batch 0280 | loss=0.6006 | acc=0.836
[F8] [E22] batch 0290 | loss=0.6506 | acc=0.824
[F8] [E22] batch 0300 | loss=0.6831 | acc=0.789
[F8] [E22] batch 0310 | loss=0.6649 | acc=0.785
[F8] [E22] batch 0320 | loss=0.6769 | acc=0.793
[F8] [E22] batch 0330 | loss=0.6067 | acc=0.844
[F8] [E22] batch 0340 | loss=0.6263 | acc=0.836
[F8] [E22] batch 0350 | loss=0.6419 | acc=0.812
[F8] [E22] batch 0360 | loss=0.6363 | acc=0.828
[F8] [E22] batch 0370 | loss=0.6223 | acc=0.820
[F8] [E22] batch 0380 | loss=0.6766 | acc=0.801
[F8] [E22] batch 0390 | loss=0.6221 | acc=0.844
[F8] [E22] batch 0400 | loss=0.6779 | acc=0.785
[F8] [E22] batch 0410 | loss=0.6314 | acc=0.836
[F8] [E22] batch 0420 | loss=0.7195 | acc=0.770
[F8] [E22] batch 0430 | loss=0.6324 | acc=0.832
[F8] [E22] batch 0440 | loss=0.6255 | acc=0.824
[F8] [E22] batch 0450 | loss=0.6083 | acc=0.832
[F8] [E22] batch 0460 | loss=0.6444 | acc=0.836
[F8] [E22] batch 0470 | loss=0.6210 | acc=0.852
[F8] [E22] batch 0480 | loss=0.6455 | acc=0.787
[F8] [E22] total_loss=307.432 | VAL acc=0.941 | F1=0.790 | kappa=0.862
[F8] [E23] batch 0000 | loss=0.6664 | acc=0.809
[F8] [E23] batch 0010 | loss=0.6494 | acc=0.824
[F8] [E23] batch 0020 | loss=0.7170 | acc=0.797
[F8] [E23] batch 0030 | loss=0.6394 | acc=0.805
[F8] [E23] batch 0040 | loss=0.6653 | acc=0.809
[F8] [E23] batch 0050 | loss=0.6795 | acc=0.770
[F8] [E23] batch 0060 | loss=0.6013 | acc=0.840
[F8] [E23] batch 0070 | loss=0.6468 | acc=0.801
[F8] [E23] batch 0080 | loss=0.6901 | acc=0.781
[F8] [E23] batch 0090 | loss=0.6083 | acc=0.844
[F8] [E23] batch 0100 | loss=0.7019 | acc=0.789
[F8] [E23] batch 0110 | loss=0.6511 | acc=0.809
[F8] [E23] batch 0120 | loss=0.6223 | acc=0.816
[F8] [E23] batch 0130 | loss=0.6173 | acc=0.879
[F8] [E23] batch 0140 | loss=0.7227 | acc=0.801
[F8] [E23] batch 0150 | loss=0.6296 | acc=0.812
[F8] [E23] batch 0160 | loss=0.7276 | acc=0.777
[F8] [E23] batch 0170 | loss=0.5842 | acc=0.840
[F8] [E23] batch 0180 | loss=0.5813 | acc=0.863
[F8] [E23] batch 0190 | loss=0.6516 | acc=0.801
[F8] [E23] batch 0200 | loss=0.7129 | acc=0.793
[F8] [E23] batch 0210 | loss=0.6578 | acc=0.820
[F8] [E23] batch 0220 | loss=0.6429 | acc=0.809
[F8] [E23] batch 0230 | loss=0.6348 | acc=0.848
[F8] [E23] batch 0240 | loss=0.6849 | acc=0.812
[F8] [E23] batch 0250 | loss=0.6323 | acc=0.805
[F8] [E23] batch 0260 | loss=0.7210 | acc=0.770
[F8] [E23] batch 0270 | loss=0.6750 | acc=0.789
[F8] [E23] batch 0280 | loss=0.5971 | acc=0.848
[F8] [E23] batch 0290 | loss=0.6944 | acc=0.777
[F8] [E23] batch 0300 | loss=0.6722 | acc=0.836
[F8] [E23] batch 0310 | loss=0.6545 | acc=0.809
[F8] [E23] batch 0320 | loss=0.6406 | acc=0.836
[F8] [E23] batch 0330 | loss=0.6952 | acc=0.785
[F8] [E23] batch 0340 | loss=0.6771 | acc=0.789
[F8] [E23] batch 0350 | loss=0.6394 | acc=0.824
[F8] [E23] batch 0360 | loss=0.6222 | acc=0.828
[F8] [E23] batch 0370 | loss=0.6514 | acc=0.797
[F8] [E23] batch 0380 | loss=0.6338 | acc=0.801
[F8] [E23] batch 0390 | loss=0.6121 | acc=0.844
[F8] [E23] batch 0400 | loss=0.6676 | acc=0.793
[F8] [E23] batch 0410 | loss=0.6481 | acc=0.789
[F8] [E23] batch 0420 | loss=0.6392 | acc=0.809
[F8] [E23] batch 0430 | loss=0.6151 | acc=0.855
[F8] [E23] batch 0440 | loss=0.6728 | acc=0.789
[F8] [E23] batch 0450 | loss=0.6600 | acc=0.801
[F8] [E23] batch 0460 | loss=0.6437 | acc=0.840
[F8] [E23] batch 0470 | loss=0.7046 | acc=0.793
[F8] [E23] batch 0480 | loss=0.7239 | acc=0.705
[F8] [E23] total_loss=310.102 | VAL acc=0.941 | F1=0.790 | kappa=0.862
[F8] [E24] batch 0000 | loss=0.6964 | acc=0.773
[F8] [E24] batch 0010 | loss=0.5969 | acc=0.848
[F8] [E24] batch 0020 | loss=0.5957 | acc=0.852
[F8] [E24] batch 0030 | loss=0.6229 | acc=0.828
[F8] [E24] batch 0040 | loss=0.6243 | acc=0.836
[F8] [E24] batch 0050 | loss=0.6409 | acc=0.801
[F8] [E24] batch 0060 | loss=0.6400 | acc=0.816
[F8] [E24] batch 0070 | loss=0.7032 | acc=0.801
[F8] [E24] batch 0080 | loss=0.6479 | acc=0.805
[F8] [E24] batch 0090 | loss=0.6164 | acc=0.828
[F8] [E24] batch 0100 | loss=0.6895 | acc=0.797
[F8] [E24] batch 0110 | loss=0.6357 | acc=0.824
[F8] [E24] batch 0120 | loss=0.6169 | acc=0.840
[F8] [E24] batch 0130 | loss=0.6799 | acc=0.812
[F8] [E24] batch 0140 | loss=0.6758 | acc=0.816
[F8] [E24] batch 0150 | loss=0.6762 | acc=0.812
[F8] [E24] batch 0160 | loss=0.6347 | acc=0.812
[F8] [E24] batch 0170 | loss=0.5960 | acc=0.832
[F8] [E24] batch 0180 | loss=0.6011 | acc=0.812
[F8] [E24] batch 0190 | loss=0.6291 | acc=0.840
[F8] [E24] batch 0200 | loss=0.6768 | acc=0.770
[F8] [E24] batch 0210 | loss=0.6107 | acc=0.848
[F8] [E24] batch 0220 | loss=0.6653 | acc=0.836
[F8] [E24] batch 0230 | loss=0.6528 | acc=0.805
[F8] [E24] batch 0240 | loss=0.6611 | acc=0.797
[F8] [E24] batch 0250 | loss=0.5778 | acc=0.859
[F8] [E24] batch 0260 | loss=0.6434 | acc=0.816
[F8] [E24] batch 0270 | loss=0.5652 | acc=0.852
[F8] [E24] batch 0280 | loss=0.6293 | acc=0.828
[F8] [E24] batch 0290 | loss=0.6392 | acc=0.816
[F8] [E24] batch 0300 | loss=0.6707 | acc=0.781
[F8] [E24] batch 0310 | loss=0.6152 | acc=0.836
[F8] [E24] batch 0320 | loss=0.6240 | acc=0.852
[F8] [E24] batch 0330 | loss=0.6080 | acc=0.871
[F8] [E24] batch 0340 | loss=0.6057 | acc=0.816
[F8] [E24] batch 0350 | loss=0.6059 | acc=0.840
[F8] [E24] batch 0360 | loss=0.6716 | acc=0.828
[F8] [E24] batch 0370 | loss=0.5543 | acc=0.840
[F8] [E24] batch 0380 | loss=0.6039 | acc=0.859
[F8] [E24] batch 0390 | loss=0.6163 | acc=0.852
[F8] [E24] batch 0400 | loss=0.6270 | acc=0.816
[F8] [E24] batch 0410 | loss=0.6427 | acc=0.816
[F8] [E24] batch 0420 | loss=0.5758 | acc=0.832
[F8] [E24] batch 0430 | loss=0.5934 | acc=0.816
[F8] [E24] batch 0440 | loss=0.6398 | acc=0.824
[F8] [E24] batch 0450 | loss=0.5781 | acc=0.848
[F8] [E24] batch 0460 | loss=0.7363 | acc=0.773
[F8] [E24] batch 0470 | loss=0.7085 | acc=0.758
[F8] [E24] batch 0480 | loss=0.5655 | acc=0.869
[F8] [E24] total_loss=308.321 | VAL acc=0.937 | F1=0.786 | kappa=0.853
[F8] [E25] batch 0000 | loss=0.6494 | acc=0.820
[F8] [E25] batch 0010 | loss=0.6754 | acc=0.809
[F8] [E25] batch 0020 | loss=0.6535 | acc=0.801
[F8] [E25] batch 0030 | loss=0.5829 | acc=0.863
[F8] [E25] batch 0040 | loss=0.6402 | acc=0.824
[F8] [E25] batch 0050 | loss=0.5916 | acc=0.855
[F8] [E25] batch 0060 | loss=0.6319 | acc=0.836
[F8] [E25] batch 0070 | loss=0.6806 | acc=0.820
[F8] [E25] batch 0080 | loss=0.5730 | acc=0.859
[F8] [E25] batch 0090 | loss=0.6581 | acc=0.816
[F8] [E25] batch 0100 | loss=0.6660 | acc=0.809
[F8] [E25] batch 0110 | loss=0.6660 | acc=0.793
[F8] [E25] batch 0120 | loss=0.6291 | acc=0.820
[F8] [E25] batch 0130 | loss=0.6306 | acc=0.840
[F8] [E25] batch 0140 | loss=0.6308 | acc=0.844
[F8] [E25] batch 0150 | loss=0.5755 | acc=0.859
[F8] [E25] batch 0160 | loss=0.6658 | acc=0.797
[F8] [E25] batch 0170 | loss=0.6693 | acc=0.793
[F8] [E25] batch 0180 | loss=0.6843 | acc=0.770
[F8] [E25] batch 0190 | loss=0.5919 | acc=0.836
[F8] [E25] batch 0200 | loss=0.6463 | acc=0.812
[F8] [E25] batch 0210 | loss=0.7030 | acc=0.773
[F8] [E25] batch 0220 | loss=0.6322 | acc=0.816
[F8] [E25] batch 0230 | loss=0.6636 | acc=0.820
[F8] [E25] batch 0240 | loss=0.5739 | acc=0.859
[F8] [E25] batch 0250 | loss=0.6022 | acc=0.816
[F8] [E25] batch 0260 | loss=0.6530 | acc=0.801
[F8] [E25] batch 0270 | loss=0.6720 | acc=0.805
[F8] [E25] batch 0280 | loss=0.6827 | acc=0.820
[F8] [E25] batch 0290 | loss=0.6966 | acc=0.754
[F8] [E25] batch 0300 | loss=0.6463 | acc=0.801
[F8] [E25] batch 0310 | loss=0.7108 | acc=0.801
[F8] [E25] batch 0320 | loss=0.6191 | acc=0.848
[F8] [E25] batch 0330 | loss=0.6524 | acc=0.781
[F8] [E25] batch 0340 | loss=0.6002 | acc=0.852
[F8] [E25] batch 0350 | loss=0.6402 | acc=0.828
[F8] [E25] batch 0360 | loss=0.6766 | acc=0.820
[F8] [E25] batch 0370 | loss=0.6458 | acc=0.828
[F8] [E25] batch 0380 | loss=0.6605 | acc=0.801
[F8] [E25] batch 0390 | loss=0.6193 | acc=0.832
[F8] [E25] batch 0400 | loss=0.6110 | acc=0.859
[F8] [E25] batch 0410 | loss=0.6637 | acc=0.816
[F8] [E25] batch 0420 | loss=0.6689 | acc=0.801
[F8] [E25] batch 0430 | loss=0.6220 | acc=0.840
[F8] [E25] batch 0440 | loss=0.7121 | acc=0.777
[F8] [E25] batch 0450 | loss=0.6147 | acc=0.836
[F8] [E25] batch 0460 | loss=0.7097 | acc=0.781
[F8] [E25] batch 0470 | loss=0.6746 | acc=0.777
[F8] [E25] batch 0480 | loss=0.5606 | acc=0.836
[F8] [E25] total_loss=309.597 | VAL acc=0.940 | F1=0.783 | kappa=0.859
[F8] [E26] batch 0000 | loss=0.6897 | acc=0.793
[F8] [E26] batch 0010 | loss=0.6622 | acc=0.820
[F8] [E26] batch 0020 | loss=0.5967 | acc=0.852
[F8] [E26] batch 0030 | loss=0.5742 | acc=0.871
[F8] [E26] batch 0040 | loss=0.6912 | acc=0.785
[F8] [E26] batch 0050 | loss=0.5928 | acc=0.871
[F8] [E26] batch 0060 | loss=0.6073 | acc=0.816
[F8] [E26] batch 0070 | loss=0.5845 | acc=0.871
[F8] [E26] batch 0080 | loss=0.5600 | acc=0.887
[F8] [E26] batch 0090 | loss=0.6210 | acc=0.828
[F8] [E26] batch 0100 | loss=0.6366 | acc=0.816
[F8] [E26] batch 0110 | loss=0.6956 | acc=0.809
[F8] [E26] batch 0120 | loss=0.5896 | acc=0.832
[F8] [E26] batch 0130 | loss=0.6805 | acc=0.801
[F8] [E26] batch 0140 | loss=0.6973 | acc=0.805
[F8] [E26] batch 0150 | loss=0.6151 | acc=0.828
[F8] [E26] batch 0160 | loss=0.6722 | acc=0.801
[F8] [E26] batch 0170 | loss=0.6551 | acc=0.812
[F8] [E26] batch 0180 | loss=0.6234 | acc=0.824
[F8] [E26] batch 0190 | loss=0.5885 | acc=0.809
[F8] [E26] batch 0200 | loss=0.6695 | acc=0.809
[F8] [E26] batch 0210 | loss=0.5691 | acc=0.863
[F8] [E26] batch 0220 | loss=0.6631 | acc=0.820
[F8] [E26] batch 0230 | loss=0.6245 | acc=0.828
[F8] [E26] batch 0240 | loss=0.6075 | acc=0.828
[F8] [E26] batch 0250 | loss=0.6362 | acc=0.801
[F8] [E26] batch 0260 | loss=0.6217 | acc=0.824
[F8] [E26] batch 0270 | loss=0.6580 | acc=0.820
[F8] [E26] batch 0280 | loss=0.6385 | acc=0.797
[F8] [E26] batch 0290 | loss=0.6275 | acc=0.828
[F8] [E26] batch 0300 | loss=0.6700 | acc=0.801
[F8] [E26] batch 0310 | loss=0.6328 | acc=0.809
[F8] [E26] batch 0320 | loss=0.6947 | acc=0.805
[F8] [E26] batch 0330 | loss=0.6747 | acc=0.785
[F8] [E26] batch 0340 | loss=0.6868 | acc=0.805
[F8] [E26] batch 0350 | loss=0.5917 | acc=0.852
[F8] [E26] batch 0360 | loss=0.6007 | acc=0.828
[F8] [E26] batch 0370 | loss=0.6468 | acc=0.832
[F8] [E26] batch 0380 | loss=0.6833 | acc=0.816
[F8] [E26] batch 0390 | loss=0.6841 | acc=0.832
[F8] [E26] batch 0400 | loss=0.6731 | acc=0.793
[F8] [E26] batch 0410 | loss=0.6043 | acc=0.832
[F8] [E26] batch 0420 | loss=0.6108 | acc=0.840
[F8] [E26] batch 0430 | loss=0.6086 | acc=0.840
[F8] [E26] batch 0440 | loss=0.6984 | acc=0.785
[F8] [E26] batch 0450 | loss=0.6270 | acc=0.855
[F8] [E26] batch 0460 | loss=0.6561 | acc=0.820
[F8] [E26] batch 0470 | loss=0.6308 | acc=0.828
[F8] [E26] batch 0480 | loss=0.5401 | acc=0.885
[F8] [E26] total_loss=308.598 | VAL acc=0.937 | F1=0.782 | kappa=0.853
[F8] [E27] batch 0000 | loss=0.6414 | acc=0.805
[F8] [E27] batch 0010 | loss=0.6291 | acc=0.824
[F8] [E27] batch 0020 | loss=0.6061 | acc=0.832
[F8] [E27] batch 0030 | loss=0.6302 | acc=0.844
[F8] [E27] batch 0040 | loss=0.6402 | acc=0.824
[F8] [E27] batch 0050 | loss=0.6898 | acc=0.793
[F8] [E27] batch 0060 | loss=0.6647 | acc=0.816
[F8] [E27] batch 0070 | loss=0.6409 | acc=0.812
[F8] [E27] batch 0080 | loss=0.6688 | acc=0.805
[F8] [E27] batch 0090 | loss=0.6533 | acc=0.816
[F8] [E27] batch 0100 | loss=0.6141 | acc=0.844
[F8] [E27] batch 0110 | loss=0.6342 | acc=0.805
[F8] [E27] batch 0120 | loss=0.6067 | acc=0.828
[F8] [E27] batch 0130 | loss=0.5843 | acc=0.855
[F8] [E27] batch 0140 | loss=0.6386 | acc=0.828
[F8] [E27] batch 0150 | loss=0.6071 | acc=0.828
[F8] [E27] batch 0160 | loss=0.6245 | acc=0.797
[F8] [E27] batch 0170 | loss=0.6705 | acc=0.809
[F8] [E27] batch 0180 | loss=0.6136 | acc=0.832
[F8] [E27] batch 0190 | loss=0.5894 | acc=0.852
[F8] [E27] batch 0200 | loss=0.6072 | acc=0.836
[F8] [E27] batch 0210 | loss=0.5893 | acc=0.836
[F8] [E27] batch 0220 | loss=0.6236 | acc=0.824
[F8] [E27] batch 0230 | loss=0.6553 | acc=0.809
[F8] [E27] batch 0240 | loss=0.6377 | acc=0.805
[F8] [E27] batch 0250 | loss=0.6591 | acc=0.824
[F8] [E27] batch 0260 | loss=0.7019 | acc=0.766
[F8] [E27] batch 0270 | loss=0.6524 | acc=0.832
[F8] [E27] batch 0280 | loss=0.5844 | acc=0.867
[F8] [E27] batch 0290 | loss=0.6455 | acc=0.824
[F8] [E27] batch 0300 | loss=0.7024 | acc=0.805
[F8] [E27] batch 0310 | loss=0.7091 | acc=0.770
[F8] [E27] batch 0320 | loss=0.5963 | acc=0.836
[F8] [E27] batch 0330 | loss=0.6289 | acc=0.809
[F8] [E27] batch 0340 | loss=0.6256 | acc=0.816
[F8] [E27] batch 0350 | loss=0.6024 | acc=0.852
[F8] [E27] batch 0360 | loss=0.6926 | acc=0.785
[F8] [E27] batch 0370 | loss=0.5627 | acc=0.867
[F8] [E27] batch 0380 | loss=0.6713 | acc=0.789
[F8] [E27] batch 0390 | loss=0.6446 | acc=0.809
[F8] [E27] batch 0400 | loss=0.6677 | acc=0.809
[F8] [E27] batch 0410 | loss=0.6734 | acc=0.812
[F8] [E27] batch 0420 | loss=0.6432 | acc=0.812
[F8] [E27] batch 0430 | loss=0.6269 | acc=0.809
[F8] [E27] batch 0440 | loss=0.6201 | acc=0.820
[F8] [E27] batch 0450 | loss=0.5796 | acc=0.852
[F8] [E27] batch 0460 | loss=0.6234 | acc=0.832
[F8] [E27] batch 0470 | loss=0.6434 | acc=0.805
[F8] [E27] batch 0480 | loss=0.8112 | acc=0.738
[F8] [E27] total_loss=306.602 | VAL acc=0.940 | F1=0.794 | kappa=0.860
[STOP] Early stopping fold=8
[F8] TEST acc=0.829 | macro-F1=0.635 | kappa=0.660
[F8] time=1.9 min
[SAVE] /scratch/lustre/home/viju8335/projects/sleep-staging-bsc/results/cv_cnn_fold8.json
