[CV] k=5 fold=1
[CV] TRAIN subjects (40): ['SC4002E0', 'SC4011E0', 'SC4012E0', 'SC4022E0', 'SC4032E0'] ...
[CV] VAL   subjects (1):   ['SC4001E0']
[CV] TEST  subjects (10):  ['SC4021E0', 'SC4031E0', 'SC4041E0', 'SC4072E0', 'SC4092E0'] ...
=== DEVICE: cuda ===
=== START TRAIN (CV fold) ===
[F1] [E01] batch 0000 | loss=1.6473 | acc=0.238
[F1] [E01] batch 0010 | loss=1.5365 | acc=0.270
[F1] [E01] batch 0020 | loss=1.4364 | acc=0.449
[F1] [E01] batch 0030 | loss=1.3443 | acc=0.523
[F1] [E01] batch 0040 | loss=1.2965 | acc=0.531
[F1] [E01] batch 0050 | loss=1.2363 | acc=0.582
[F1] [E01] batch 0060 | loss=1.2336 | acc=0.531
[F1] [E01] batch 0070 | loss=1.1260 | acc=0.566
[F1] [E01] batch 0080 | loss=1.0959 | acc=0.645
[F1] [E01] batch 0090 | loss=1.1022 | acc=0.578
[F1] [E01] batch 0100 | loss=1.1218 | acc=0.562
[F1] [E01] batch 0110 | loss=0.9872 | acc=0.672
[F1] [E01] batch 0120 | loss=1.0480 | acc=0.633
[F1] [E01] batch 0130 | loss=0.9544 | acc=0.691
[F1] [E01] batch 0140 | loss=1.0122 | acc=0.645
[F1] [E01] batch 0150 | loss=0.9484 | acc=0.656
[F1] [E01] batch 0160 | loss=0.8991 | acc=0.719
[F1] [E01] batch 0170 | loss=0.9052 | acc=0.691
[F1] [E01] batch 0180 | loss=0.9014 | acc=0.703
[F1] [E01] batch 0190 | loss=0.9367 | acc=0.656
[F1] [E01] batch 0200 | loss=0.9312 | acc=0.648
[F1] [E01] batch 0210 | loss=0.8444 | acc=0.695
[F1] [E01] batch 0220 | loss=0.8712 | acc=0.711
[F1] [E01] batch 0230 | loss=0.8197 | acc=0.742
[F1] [E01] batch 0240 | loss=0.8361 | acc=0.734
[F1] [E01] batch 0250 | loss=0.8008 | acc=0.754
[F1] [E01] batch 0260 | loss=0.8399 | acc=0.734
[F1] [E01] batch 0270 | loss=0.8532 | acc=0.734
[F1] [E01] batch 0280 | loss=0.8574 | acc=0.688
[F1] [E01] batch 0290 | loss=0.8194 | acc=0.742
[F1] [E01] batch 0300 | loss=0.8602 | acc=0.711
[F1] [E01] batch 0310 | loss=0.8544 | acc=0.711
[F1] [E01] batch 0320 | loss=0.8461 | acc=0.746
[F1] [E01] batch 0330 | loss=0.8959 | acc=0.699
[F1] [E01] batch 0340 | loss=0.8475 | acc=0.738
[F1] [E01] batch 0350 | loss=0.8590 | acc=0.676
[F1] [E01] batch 0360 | loss=0.7661 | acc=0.750
[F1] [E01] batch 0370 | loss=0.7646 | acc=0.723
[F1] [E01] batch 0380 | loss=0.8496 | acc=0.727
[F1] [E01] batch 0390 | loss=0.7981 | acc=0.734
[F1] [E01] batch 0400 | loss=0.8683 | acc=0.734
[F1] [E01] batch 0410 | loss=0.7114 | acc=0.793
[F1] [E01] batch 0420 | loss=0.7730 | acc=0.750
[F1] [E01] total_loss=416.100 | VAL acc=0.928 | F1=0.754 | kappa=0.833
[SAVE] best fold=1 (by VAL F1)
[F1] [E02] batch 0000 | loss=0.8246 | acc=0.750
[F1] [E02] batch 0010 | loss=0.8524 | acc=0.695
[F1] [E02] batch 0020 | loss=0.8121 | acc=0.727
[F1] [E02] batch 0030 | loss=0.7318 | acc=0.770
[F1] [E02] batch 0040 | loss=0.8195 | acc=0.719
[F1] [E02] batch 0050 | loss=0.7718 | acc=0.781
[F1] [E02] batch 0060 | loss=0.8356 | acc=0.707
[F1] [E02] batch 0070 | loss=0.7862 | acc=0.766
[F1] [E02] batch 0080 | loss=0.7384 | acc=0.801
[F1] [E02] batch 0090 | loss=0.7682 | acc=0.746
[F1] [E02] batch 0100 | loss=0.8067 | acc=0.727
[F1] [E02] batch 0110 | loss=0.7666 | acc=0.727
[F1] [E02] batch 0120 | loss=0.6939 | acc=0.777
[F1] [E02] batch 0130 | loss=0.7334 | acc=0.789
[F1] [E02] batch 0140 | loss=0.6960 | acc=0.809
[F1] [E02] batch 0150 | loss=0.8005 | acc=0.738
[F1] [E02] batch 0160 | loss=0.7857 | acc=0.746
[F1] [E02] batch 0170 | loss=0.7542 | acc=0.746
[F1] [E02] batch 0180 | loss=0.7063 | acc=0.781
[F1] [E02] batch 0190 | loss=0.7514 | acc=0.773
[F1] [E02] batch 0200 | loss=0.7218 | acc=0.750
[F1] [E02] batch 0210 | loss=0.7865 | acc=0.750
[F1] [E02] batch 0220 | loss=0.7979 | acc=0.699
[F1] [E02] batch 0230 | loss=0.7489 | acc=0.777
[F1] [E02] batch 0240 | loss=0.7455 | acc=0.762
[F1] [E02] batch 0250 | loss=0.7323 | acc=0.785
[F1] [E02] batch 0260 | loss=0.8041 | acc=0.723
[F1] [E02] batch 0270 | loss=0.7990 | acc=0.758
[F1] [E02] batch 0280 | loss=0.7246 | acc=0.797
[F1] [E02] batch 0290 | loss=0.7899 | acc=0.758
[F1] [E02] batch 0300 | loss=0.7541 | acc=0.781
[F1] [E02] batch 0310 | loss=0.7133 | acc=0.746
[F1] [E02] batch 0320 | loss=0.7517 | acc=0.762
[F1] [E02] batch 0330 | loss=0.7375 | acc=0.762
[F1] [E02] batch 0340 | loss=0.7679 | acc=0.746
[F1] [E02] batch 0350 | loss=0.7103 | acc=0.754
[F1] [E02] batch 0360 | loss=0.8742 | acc=0.684
[F1] [E02] batch 0370 | loss=0.7106 | acc=0.766
[F1] [E02] batch 0380 | loss=0.6955 | acc=0.785
[F1] [E02] batch 0390 | loss=0.6973 | acc=0.805
[F1] [E02] batch 0400 | loss=0.7333 | acc=0.758
[F1] [E02] batch 0410 | loss=0.7779 | acc=0.773
[F1] [E02] batch 0420 | loss=0.7363 | acc=0.758
[F1] [E02] total_loss=327.216 | VAL acc=0.924 | F1=0.744 | kappa=0.822
[F1] [E03] batch 0000 | loss=0.7551 | acc=0.758
[F1] [E03] batch 0010 | loss=0.7482 | acc=0.766
[F1] [E03] batch 0020 | loss=0.7008 | acc=0.758
[F1] [E03] batch 0030 | loss=0.7667 | acc=0.742
[F1] [E03] batch 0040 | loss=0.7740 | acc=0.730
[F1] [E03] batch 0050 | loss=0.7543 | acc=0.770
[F1] [E03] batch 0060 | loss=0.7122 | acc=0.793
[F1] [E03] batch 0070 | loss=0.7063 | acc=0.758
[F1] [E03] batch 0080 | loss=0.7475 | acc=0.758
[F1] [E03] batch 0090 | loss=0.7474 | acc=0.730
[F1] [E03] batch 0100 | loss=0.7587 | acc=0.770
[F1] [E03] batch 0110 | loss=0.7540 | acc=0.789
[F1] [E03] batch 0120 | loss=0.6875 | acc=0.820
[F1] [E03] batch 0130 | loss=0.7574 | acc=0.785
[F1] [E03] batch 0140 | loss=0.7902 | acc=0.734
[F1] [E03] batch 0150 | loss=0.7428 | acc=0.770
[F1] [E03] batch 0160 | loss=0.7617 | acc=0.719
[F1] [E03] batch 0170 | loss=0.7175 | acc=0.781
[F1] [E03] batch 0180 | loss=0.7381 | acc=0.777
[F1] [E03] batch 0190 | loss=0.7793 | acc=0.773
[F1] [E03] batch 0200 | loss=0.7136 | acc=0.754
[F1] [E03] batch 0210 | loss=0.7496 | acc=0.773
[F1] [E03] batch 0220 | loss=0.7344 | acc=0.762
[F1] [E03] batch 0230 | loss=0.7484 | acc=0.762
[F1] [E03] batch 0240 | loss=0.7897 | acc=0.750
[F1] [E03] batch 0250 | loss=0.7131 | acc=0.781
[F1] [E03] batch 0260 | loss=0.7094 | acc=0.793
[F1] [E03] batch 0270 | loss=0.7443 | acc=0.762
[F1] [E03] batch 0280 | loss=0.8273 | acc=0.723
[F1] [E03] batch 0290 | loss=0.7804 | acc=0.762
[F1] [E03] batch 0300 | loss=0.7567 | acc=0.766
[F1] [E03] batch 0310 | loss=0.6508 | acc=0.824
[F1] [E03] batch 0320 | loss=0.7647 | acc=0.762
[F1] [E03] batch 0330 | loss=0.6943 | acc=0.793
[F1] [E03] batch 0340 | loss=0.6984 | acc=0.770
[F1] [E03] batch 0350 | loss=0.6980 | acc=0.801
[F1] [E03] batch 0360 | loss=0.7624 | acc=0.750
[F1] [E03] batch 0370 | loss=0.7300 | acc=0.789
[F1] [E03] batch 0380 | loss=0.7262 | acc=0.766
[F1] [E03] batch 0390 | loss=0.7001 | acc=0.785
[F1] [E03] batch 0400 | loss=0.7447 | acc=0.746
[F1] [E03] batch 0410 | loss=0.7292 | acc=0.770
[F1] [E03] batch 0420 | loss=0.7374 | acc=0.773
[F1] [E03] total_loss=315.271 | VAL acc=0.937 | F1=0.760 | kappa=0.852
[SAVE] best fold=1 (by VAL F1)
[F1] [E04] batch 0000 | loss=0.7699 | acc=0.773
[F1] [E04] batch 0010 | loss=0.7111 | acc=0.762
[F1] [E04] batch 0020 | loss=0.7147 | acc=0.773
[F1] [E04] batch 0030 | loss=0.8184 | acc=0.715
[F1] [E04] batch 0040 | loss=0.6625 | acc=0.816
[F1] [E04] batch 0050 | loss=0.6870 | acc=0.793
[F1] [E04] batch 0060 | loss=0.7354 | acc=0.785
[F1] [E04] batch 0070 | loss=0.7273 | acc=0.781
[F1] [E04] batch 0080 | loss=0.6605 | acc=0.805
[F1] [E04] batch 0090 | loss=0.7643 | acc=0.773
[F1] [E04] batch 0100 | loss=0.6975 | acc=0.777
[F1] [E04] batch 0110 | loss=0.7379 | acc=0.773
[F1] [E04] batch 0120 | loss=0.7301 | acc=0.758
[F1] [E04] batch 0130 | loss=0.7045 | acc=0.805
[F1] [E04] batch 0140 | loss=0.6660 | acc=0.797
[F1] [E04] batch 0150 | loss=0.7322 | acc=0.793
[F1] [E04] batch 0160 | loss=0.7071 | acc=0.762
[F1] [E04] batch 0170 | loss=0.7230 | acc=0.762
[F1] [E04] batch 0180 | loss=0.7246 | acc=0.797
[F1] [E04] batch 0190 | loss=0.6725 | acc=0.820
[F1] [E04] batch 0200 | loss=0.7198 | acc=0.762
[F1] [E04] batch 0210 | loss=0.6819 | acc=0.805
[F1] [E04] batch 0220 | loss=0.6914 | acc=0.805
[F1] [E04] batch 0230 | loss=0.7481 | acc=0.770
[F1] [E04] batch 0240 | loss=0.6917 | acc=0.797
[F1] [E04] batch 0250 | loss=0.7429 | acc=0.770
[F1] [E04] batch 0260 | loss=0.7544 | acc=0.762
[F1] [E04] batch 0270 | loss=0.7331 | acc=0.750
[F1] [E04] batch 0280 | loss=0.7152 | acc=0.777
[F1] [E04] batch 0290 | loss=0.6755 | acc=0.820
[F1] [E04] batch 0300 | loss=0.6450 | acc=0.812
[F1] [E04] batch 0310 | loss=0.6641 | acc=0.805
[F1] [E04] batch 0320 | loss=0.6772 | acc=0.789
[F1] [E04] batch 0330 | loss=0.6887 | acc=0.801
[F1] [E04] batch 0340 | loss=0.6399 | acc=0.848
[F1] [E04] batch 0350 | loss=0.6746 | acc=0.805
[F1] [E04] batch 0360 | loss=0.7877 | acc=0.730
[F1] [E04] batch 0370 | loss=0.6901 | acc=0.805
[F1] [E04] batch 0380 | loss=0.6973 | acc=0.797
[F1] [E04] batch 0390 | loss=0.7418 | acc=0.766
[F1] [E04] batch 0400 | loss=0.7652 | acc=0.723
[F1] [E04] batch 0410 | loss=0.7694 | acc=0.734
[F1] [E04] batch 0420 | loss=0.6846 | acc=0.770
[F1] [E04] total_loss=308.440 | VAL acc=0.916 | F1=0.714 | kappa=0.802
[F1] [E05] batch 0000 | loss=0.6498 | acc=0.828
[F1] [E05] batch 0010 | loss=0.7569 | acc=0.730
[F1] [E05] batch 0020 | loss=0.6104 | acc=0.852
[F1] [E05] batch 0030 | loss=0.7757 | acc=0.770
[F1] [E05] batch 0040 | loss=0.6554 | acc=0.816
[F1] [E05] batch 0050 | loss=0.7031 | acc=0.758
[F1] [E05] batch 0060 | loss=0.6914 | acc=0.789
[F1] [E05] batch 0070 | loss=0.7161 | acc=0.789
[F1] [E05] batch 0080 | loss=0.6730 | acc=0.836
[F1] [E05] batch 0090 | loss=0.6963 | acc=0.773
[F1] [E05] batch 0100 | loss=0.7448 | acc=0.758
[F1] [E05] batch 0110 | loss=0.6391 | acc=0.824
[F1] [E05] batch 0120 | loss=0.7851 | acc=0.746
[F1] [E05] batch 0130 | loss=0.7460 | acc=0.812
[F1] [E05] batch 0140 | loss=0.7265 | acc=0.785
[F1] [E05] batch 0150 | loss=0.6472 | acc=0.812
[F1] [E05] batch 0160 | loss=0.7554 | acc=0.762
[F1] [E05] batch 0170 | loss=0.7200 | acc=0.770
[F1] [E05] batch 0180 | loss=0.7225 | acc=0.781
[F1] [E05] batch 0190 | loss=0.6950 | acc=0.797
[F1] [E05] batch 0200 | loss=0.7468 | acc=0.770
[F1] [E05] batch 0210 | loss=0.7050 | acc=0.801
[F1] [E05] batch 0220 | loss=0.6875 | acc=0.805
[F1] [E05] batch 0230 | loss=0.7194 | acc=0.766
[F1] [E05] batch 0240 | loss=0.7062 | acc=0.789
[F1] [E05] batch 0250 | loss=0.6764 | acc=0.809
[F1] [E05] batch 0260 | loss=0.6797 | acc=0.793
[F1] [E05] batch 0270 | loss=0.6843 | acc=0.797
[F1] [E05] batch 0280 | loss=0.7017 | acc=0.777
[F1] [E05] batch 0290 | loss=0.7238 | acc=0.750
[F1] [E05] batch 0300 | loss=0.6525 | acc=0.836
[F1] [E05] batch 0310 | loss=0.6396 | acc=0.844
[F1] [E05] batch 0320 | loss=0.7485 | acc=0.758
[F1] [E05] batch 0330 | loss=0.6451 | acc=0.852
[F1] [E05] batch 0340 | loss=0.7232 | acc=0.777
[F1] [E05] batch 0350 | loss=0.7218 | acc=0.797
[F1] [E05] batch 0360 | loss=0.7226 | acc=0.777
[F1] [E05] batch 0370 | loss=0.6717 | acc=0.824
[F1] [E05] batch 0380 | loss=0.7627 | acc=0.781
[F1] [E05] batch 0390 | loss=0.6598 | acc=0.840
[F1] [E05] batch 0400 | loss=0.7226 | acc=0.789
[F1] [E05] batch 0410 | loss=0.6986 | acc=0.781
[F1] [E05] batch 0420 | loss=0.7166 | acc=0.766
[F1] [E05] total_loss=303.945 | VAL acc=0.939 | F1=0.792 | kappa=0.857
[SAVE] best fold=1 (by VAL F1)
[F1] [E06] batch 0000 | loss=0.6854 | acc=0.809
[F1] [E06] batch 0010 | loss=0.6857 | acc=0.809
[F1] [E06] batch 0020 | loss=0.7199 | acc=0.801
[F1] [E06] batch 0030 | loss=0.6694 | acc=0.809
[F1] [E06] batch 0040 | loss=0.7012 | acc=0.789
[F1] [E06] batch 0050 | loss=0.7633 | acc=0.777
[F1] [E06] batch 0060 | loss=0.7031 | acc=0.809
[F1] [E06] batch 0070 | loss=0.7047 | acc=0.793
[F1] [E06] batch 0080 | loss=0.6603 | acc=0.840
[F1] [E06] batch 0090 | loss=0.8337 | acc=0.730
[F1] [E06] batch 0100 | loss=0.6381 | acc=0.840
[F1] [E06] batch 0110 | loss=0.6894 | acc=0.785
[F1] [E06] batch 0120 | loss=0.6890 | acc=0.781
[F1] [E06] batch 0130 | loss=0.6774 | acc=0.793
[F1] [E06] batch 0140 | loss=0.7340 | acc=0.758
[F1] [E06] batch 0150 | loss=0.7069 | acc=0.762
[F1] [E06] batch 0160 | loss=0.7023 | acc=0.766
[F1] [E06] batch 0170 | loss=0.6929 | acc=0.801
[F1] [E06] batch 0180 | loss=0.7093 | acc=0.785
[F1] [E06] batch 0190 | loss=0.6924 | acc=0.793
[F1] [E06] batch 0200 | loss=0.7005 | acc=0.789
[F1] [E06] batch 0210 | loss=0.6921 | acc=0.797
[F1] [E06] batch 0220 | loss=0.6782 | acc=0.785
[F1] [E06] batch 0230 | loss=0.6892 | acc=0.805
[F1] [E06] batch 0240 | loss=0.6959 | acc=0.824
[F1] [E06] batch 0250 | loss=0.7533 | acc=0.762
[F1] [E06] batch 0260 | loss=0.6722 | acc=0.820
[F1] [E06] batch 0270 | loss=0.6363 | acc=0.832
[F1] [E06] batch 0280 | loss=0.7908 | acc=0.766
[F1] [E06] batch 0290 | loss=0.6862 | acc=0.793
[F1] [E06] batch 0300 | loss=0.7161 | acc=0.785
[F1] [E06] batch 0310 | loss=0.6583 | acc=0.812
[F1] [E06] batch 0320 | loss=0.7599 | acc=0.746
[F1] [E06] batch 0330 | loss=0.6800 | acc=0.781
[F1] [E06] batch 0340 | loss=0.7569 | acc=0.766
[F1] [E06] batch 0350 | loss=0.6634 | acc=0.781
[F1] [E06] batch 0360 | loss=0.7328 | acc=0.773
[F1] [E06] batch 0370 | loss=0.6163 | acc=0.820
[F1] [E06] batch 0380 | loss=0.6525 | acc=0.809
[F1] [E06] batch 0390 | loss=0.6375 | acc=0.824
[F1] [E06] batch 0400 | loss=0.7164 | acc=0.773
[F1] [E06] batch 0410 | loss=0.6438 | acc=0.820
[F1] [E06] batch 0420 | loss=0.6616 | acc=0.836
[F1] [E06] total_loss=300.763 | VAL acc=0.934 | F1=0.771 | kappa=0.847
[F1] [E07] batch 0000 | loss=0.7427 | acc=0.762
[F1] [E07] batch 0010 | loss=0.7233 | acc=0.789
[F1] [E07] batch 0020 | loss=0.7087 | acc=0.785
[F1] [E07] batch 0030 | loss=0.6812 | acc=0.816
[F1] [E07] batch 0040 | loss=0.7374 | acc=0.766
[F1] [E07] batch 0050 | loss=0.6740 | acc=0.793
[F1] [E07] batch 0060 | loss=0.7050 | acc=0.738
[F1] [E07] batch 0070 | loss=0.7241 | acc=0.766
[F1] [E07] batch 0080 | loss=0.7132 | acc=0.773
[F1] [E07] batch 0090 | loss=0.7807 | acc=0.766
[F1] [E07] batch 0100 | loss=0.7051 | acc=0.766
[F1] [E07] batch 0110 | loss=0.6754 | acc=0.812
[F1] [E07] batch 0120 | loss=0.6530 | acc=0.828
[F1] [E07] batch 0130 | loss=0.7180 | acc=0.770
[F1] [E07] batch 0140 | loss=0.6549 | acc=0.785
[F1] [E07] batch 0150 | loss=0.6853 | acc=0.824
[F1] [E07] batch 0160 | loss=0.7547 | acc=0.746
[F1] [E07] batch 0170 | loss=0.6415 | acc=0.832
[F1] [E07] batch 0180 | loss=0.7041 | acc=0.773
[F1] [E07] batch 0190 | loss=0.7328 | acc=0.734
[F1] [E07] batch 0200 | loss=0.7799 | acc=0.770
[F1] [E07] batch 0210 | loss=0.7198 | acc=0.762
[F1] [E07] batch 0220 | loss=0.6119 | acc=0.848
[F1] [E07] batch 0230 | loss=0.7421 | acc=0.773
[F1] [E07] batch 0240 | loss=0.6899 | acc=0.805
[F1] [E07] batch 0250 | loss=0.7037 | acc=0.785
[F1] [E07] batch 0260 | loss=0.6682 | acc=0.805
[F1] [E07] batch 0270 | loss=0.7006 | acc=0.766
[F1] [E07] batch 0280 | loss=0.6633 | acc=0.820
[F1] [E07] batch 0290 | loss=0.7430 | acc=0.750
[F1] [E07] batch 0300 | loss=0.7164 | acc=0.746
[F1] [E07] batch 0310 | loss=0.6923 | acc=0.789
[F1] [E07] batch 0320 | loss=0.7260 | acc=0.805
[F1] [E07] batch 0330 | loss=0.6924 | acc=0.781
[F1] [E07] batch 0340 | loss=0.5776 | acc=0.844
[F1] [E07] batch 0350 | loss=0.7410 | acc=0.770
[F1] [E07] batch 0360 | loss=0.6516 | acc=0.805
[F1] [E07] batch 0370 | loss=0.6333 | acc=0.840
[F1] [E07] batch 0380 | loss=0.7719 | acc=0.750
[F1] [E07] batch 0390 | loss=0.6786 | acc=0.805
[F1] [E07] batch 0400 | loss=0.6895 | acc=0.793
[F1] [E07] batch 0410 | loss=0.7698 | acc=0.766
[F1] [E07] batch 0420 | loss=0.7497 | acc=0.785
[F1] [E07] total_loss=297.451 | VAL acc=0.917 | F1=0.707 | kappa=0.809
[F1] [E08] batch 0000 | loss=0.6579 | acc=0.812
[F1] [E08] batch 0010 | loss=0.7329 | acc=0.809
[F1] [E08] batch 0020 | loss=0.6812 | acc=0.793
[F1] [E08] batch 0030 | loss=0.7204 | acc=0.766
[F1] [E08] batch 0040 | loss=0.7723 | acc=0.734
[F1] [E08] batch 0050 | loss=0.7470 | acc=0.758
[F1] [E08] batch 0060 | loss=0.6595 | acc=0.824
[F1] [E08] batch 0070 | loss=0.6525 | acc=0.816
[F1] [E08] batch 0080 | loss=0.6894 | acc=0.797
[F1] [E08] batch 0090 | loss=0.6674 | acc=0.812
[F1] [E08] batch 0100 | loss=0.7072 | acc=0.812
[F1] [E08] batch 0110 | loss=0.6731 | acc=0.824
[F1] [E08] batch 0120 | loss=0.7038 | acc=0.770
[F1] [E08] batch 0130 | loss=0.7553 | acc=0.750
[F1] [E08] batch 0140 | loss=0.7049 | acc=0.797
[F1] [E08] batch 0150 | loss=0.6160 | acc=0.824
[F1] [E08] batch 0160 | loss=0.7069 | acc=0.801
[F1] [E08] batch 0170 | loss=0.6728 | acc=0.793
[F1] [E08] batch 0180 | loss=0.7100 | acc=0.809
[F1] [E08] batch 0190 | loss=0.7493 | acc=0.762
[F1] [E08] batch 0200 | loss=0.6579 | acc=0.809
[F1] [E08] batch 0210 | loss=0.7486 | acc=0.777
[F1] [E08] batch 0220 | loss=0.6679 | acc=0.809
[F1] [E08] batch 0230 | loss=0.6634 | acc=0.816
[F1] [E08] batch 0240 | loss=0.6980 | acc=0.801
[F1] [E08] batch 0250 | loss=0.7543 | acc=0.781
[F1] [E08] batch 0260 | loss=0.6863 | acc=0.777
[F1] [E08] batch 0270 | loss=0.7382 | acc=0.758
[F1] [E08] batch 0280 | loss=0.6798 | acc=0.781
[F1] [E08] batch 0290 | loss=0.6907 | acc=0.770
[F1] [E08] batch 0300 | loss=0.6961 | acc=0.785
[F1] [E08] batch 0310 | loss=0.6360 | acc=0.832
[F1] [E08] batch 0320 | loss=0.6955 | acc=0.816
[F1] [E08] batch 0330 | loss=0.7136 | acc=0.777
[F1] [E08] batch 0340 | loss=0.6840 | acc=0.801
[F1] [E08] batch 0350 | loss=0.7246 | acc=0.754
[F1] [E08] batch 0360 | loss=0.6832 | acc=0.812
[F1] [E08] batch 0370 | loss=0.7066 | acc=0.750
[F1] [E08] batch 0380 | loss=0.6715 | acc=0.797
[F1] [E08] batch 0390 | loss=0.6691 | acc=0.785
[F1] [E08] batch 0400 | loss=0.7237 | acc=0.781
[F1] [E08] batch 0410 | loss=0.7048 | acc=0.781
[F1] [E08] batch 0420 | loss=0.6590 | acc=0.824
[F1] [E08] total_loss=296.350 | VAL acc=0.943 | F1=0.792 | kappa=0.867
[F1] [E09] batch 0000 | loss=0.6743 | acc=0.785
[F1] [E09] batch 0010 | loss=0.7249 | acc=0.770
[F1] [E09] batch 0020 | loss=0.7093 | acc=0.777
[F1] [E09] batch 0030 | loss=0.6911 | acc=0.770
[F1] [E09] batch 0040 | loss=0.7022 | acc=0.797
[F1] [E09] batch 0050 | loss=0.6655 | acc=0.832
[F1] [E09] batch 0060 | loss=0.7449 | acc=0.750
[F1] [E09] batch 0070 | loss=0.7136 | acc=0.781
[F1] [E09] batch 0080 | loss=0.6566 | acc=0.824
[F1] [E09] batch 0090 | loss=0.6483 | acc=0.812
[F1] [E09] batch 0100 | loss=0.7369 | acc=0.797
[F1] [E09] batch 0110 | loss=0.6845 | acc=0.801
[F1] [E09] batch 0120 | loss=0.7010 | acc=0.809
[F1] [E09] batch 0130 | loss=0.7343 | acc=0.754
[F1] [E09] batch 0140 | loss=0.6390 | acc=0.812
[F1] [E09] batch 0150 | loss=0.7219 | acc=0.758
[F1] [E09] batch 0160 | loss=0.6631 | acc=0.809
[F1] [E09] batch 0170 | loss=0.6450 | acc=0.812
[F1] [E09] batch 0180 | loss=0.7311 | acc=0.746
[F1] [E09] batch 0190 | loss=0.6739 | acc=0.812
[F1] [E09] batch 0200 | loss=0.6876 | acc=0.793
[F1] [E09] batch 0210 | loss=0.7414 | acc=0.766
[F1] [E09] batch 0220 | loss=0.6472 | acc=0.816
[F1] [E09] batch 0230 | loss=0.6677 | acc=0.781
[F1] [E09] batch 0240 | loss=0.7415 | acc=0.762
[F1] [E09] batch 0250 | loss=0.7330 | acc=0.781
[F1] [E09] batch 0260 | loss=0.6423 | acc=0.812
[F1] [E09] batch 0270 | loss=0.6417 | acc=0.809
[F1] [E09] batch 0280 | loss=0.6302 | acc=0.867
[F1] [E09] batch 0290 | loss=0.6429 | acc=0.809
[F1] [E09] batch 0300 | loss=0.6699 | acc=0.820
[F1] [E09] batch 0310 | loss=0.6328 | acc=0.832
[F1] [E09] batch 0320 | loss=0.6965 | acc=0.801
[F1] [E09] batch 0330 | loss=0.6347 | acc=0.844
[F1] [E09] batch 0340 | loss=0.7151 | acc=0.770
[F1] [E09] batch 0350 | loss=0.7252 | acc=0.785
[F1] [E09] batch 0360 | loss=0.6623 | acc=0.801
[F1] [E09] batch 0370 | loss=0.7274 | acc=0.793
[F1] [E09] batch 0380 | loss=0.6892 | acc=0.785
[F1] [E09] batch 0390 | loss=0.7012 | acc=0.789
[F1] [E09] batch 0400 | loss=0.6127 | acc=0.840
[F1] [E09] batch 0410 | loss=0.6773 | acc=0.789
[F1] [E09] batch 0420 | loss=0.6512 | acc=0.812
[F1] [E09] total_loss=293.517 | VAL acc=0.930 | F1=0.765 | kappa=0.837
[F1] [E10] batch 0000 | loss=0.6432 | acc=0.824
[F1] [E10] batch 0010 | loss=0.6773 | acc=0.801
[F1] [E10] batch 0020 | loss=0.7441 | acc=0.766
[F1] [E10] batch 0030 | loss=0.7348 | acc=0.801
[F1] [E10] batch 0040 | loss=0.7032 | acc=0.785
[F1] [E10] batch 0050 | loss=0.6764 | acc=0.797
[F1] [E10] batch 0060 | loss=0.6380 | acc=0.809
[F1] [E10] batch 0070 | loss=0.7690 | acc=0.758
[F1] [E10] batch 0080 | loss=0.6186 | acc=0.828
[F1] [E10] batch 0090 | loss=0.6839 | acc=0.797
[F1] [E10] batch 0100 | loss=0.7193 | acc=0.785
[F1] [E10] batch 0110 | loss=0.6906 | acc=0.809
[F1] [E10] batch 0120 | loss=0.7121 | acc=0.809
[F1] [E10] batch 0130 | loss=0.6497 | acc=0.828
[F1] [E10] batch 0140 | loss=0.6684 | acc=0.805
[F1] [E10] batch 0150 | loss=0.6649 | acc=0.836
[F1] [E10] batch 0160 | loss=0.6984 | acc=0.789
[F1] [E10] batch 0170 | loss=0.7338 | acc=0.758
[F1] [E10] batch 0180 | loss=0.6424 | acc=0.840
[F1] [E10] batch 0190 | loss=0.6510 | acc=0.828
[F1] [E10] batch 0200 | loss=0.6488 | acc=0.793
[F1] [E10] batch 0210 | loss=0.6168 | acc=0.852
[F1] [E10] batch 0220 | loss=0.6936 | acc=0.785
[F1] [E10] batch 0230 | loss=0.7279 | acc=0.766
[F1] [E10] batch 0240 | loss=0.6976 | acc=0.793
[F1] [E10] batch 0250 | loss=0.6365 | acc=0.824
[F1] [E10] batch 0260 | loss=0.6648 | acc=0.809
[F1] [E10] batch 0270 | loss=0.6420 | acc=0.816
[F1] [E10] batch 0280 | loss=0.6854 | acc=0.797
[F1] [E10] batch 0290 | loss=0.6109 | acc=0.840
[F1] [E10] batch 0300 | loss=0.6348 | acc=0.809
[F1] [E10] batch 0310 | loss=0.6492 | acc=0.793
[F1] [E10] batch 0320 | loss=0.6727 | acc=0.816
[F1] [E10] batch 0330 | loss=0.6673 | acc=0.809
[F1] [E10] batch 0340 | loss=0.7128 | acc=0.797
[F1] [E10] batch 0350 | loss=0.7564 | acc=0.758
[F1] [E10] batch 0360 | loss=0.6454 | acc=0.812
[F1] [E10] batch 0370 | loss=0.6662 | acc=0.805
[F1] [E10] batch 0380 | loss=0.6854 | acc=0.805
[F1] [E10] batch 0390 | loss=0.6339 | acc=0.824
[F1] [E10] batch 0400 | loss=0.6842 | acc=0.797
[F1] [E10] batch 0410 | loss=0.6797 | acc=0.785
[F1] [E10] batch 0420 | loss=0.6175 | acc=0.832
[F1] [E10] total_loss=289.934 | VAL acc=0.939 | F1=0.795 | kappa=0.858
[SAVE] best fold=1 (by VAL F1)
[F1] [E11] batch 0000 | loss=0.6527 | acc=0.781
[F1] [E11] batch 0010 | loss=0.7123 | acc=0.762
[F1] [E11] batch 0020 | loss=0.7102 | acc=0.773
[F1] [E11] batch 0030 | loss=0.7156 | acc=0.789
[F1] [E11] batch 0040 | loss=0.6704 | acc=0.828
[F1] [E11] batch 0050 | loss=0.6506 | acc=0.812
[F1] [E11] batch 0060 | loss=0.6848 | acc=0.812
[F1] [E11] batch 0070 | loss=0.7593 | acc=0.746
[F1] [E11] batch 0080 | loss=0.7066 | acc=0.770
[F1] [E11] batch 0090 | loss=0.6777 | acc=0.801
[F1] [E11] batch 0100 | loss=0.6248 | acc=0.855
[F1] [E11] batch 0110 | loss=0.6825 | acc=0.805
[F1] [E11] batch 0120 | loss=0.6316 | acc=0.840
[F1] [E11] batch 0130 | loss=0.6880 | acc=0.789
[F1] [E11] batch 0140 | loss=0.6666 | acc=0.809
[F1] [E11] batch 0150 | loss=0.6061 | acc=0.832
[F1] [E11] batch 0160 | loss=0.6923 | acc=0.789
[F1] [E11] batch 0170 | loss=0.6422 | acc=0.820
[F1] [E11] batch 0180 | loss=0.6274 | acc=0.824
[F1] [E11] batch 0190 | loss=0.7117 | acc=0.812
[F1] [E11] batch 0200 | loss=0.6616 | acc=0.816
[F1] [E11] batch 0210 | loss=0.6461 | acc=0.812
[F1] [E11] batch 0220 | loss=0.7069 | acc=0.781
[F1] [E11] batch 0230 | loss=0.7306 | acc=0.754
[F1] [E11] batch 0240 | loss=0.6619 | acc=0.809
[F1] [E11] batch 0250 | loss=0.7289 | acc=0.766
[F1] [E11] batch 0260 | loss=0.7293 | acc=0.785
[F1] [E11] batch 0270 | loss=0.6287 | acc=0.848
[F1] [E11] batch 0280 | loss=0.6846 | acc=0.777
[F1] [E11] batch 0290 | loss=0.6588 | acc=0.812
[F1] [E11] batch 0300 | loss=0.7159 | acc=0.777
[F1] [E11] batch 0310 | loss=0.6960 | acc=0.801
[F1] [E11] batch 0320 | loss=0.6630 | acc=0.816
[F1] [E11] batch 0330 | loss=0.7008 | acc=0.766
[F1] [E11] batch 0340 | loss=0.6461 | acc=0.805
[F1] [E11] batch 0350 | loss=0.7557 | acc=0.766
[F1] [E11] batch 0360 | loss=0.6805 | acc=0.793
[F1] [E11] batch 0370 | loss=0.6712 | acc=0.766
[F1] [E11] batch 0380 | loss=0.6717 | acc=0.797
[F1] [E11] batch 0390 | loss=0.6880 | acc=0.820
[F1] [E11] batch 0400 | loss=0.6133 | acc=0.824
[F1] [E11] batch 0410 | loss=0.7003 | acc=0.789
[F1] [E11] batch 0420 | loss=0.6032 | acc=0.871
[F1] [E11] total_loss=290.350 | VAL acc=0.939 | F1=0.792 | kappa=0.857
[F1] [E12] batch 0000 | loss=0.6765 | acc=0.801
[F1] [E12] batch 0010 | loss=0.6325 | acc=0.840
[F1] [E12] batch 0020 | loss=0.7749 | acc=0.758
[F1] [E12] batch 0030 | loss=0.7393 | acc=0.773
[F1] [E12] batch 0040 | loss=0.6862 | acc=0.789
[F1] [E12] batch 0050 | loss=0.6334 | acc=0.863
[F1] [E12] batch 0060 | loss=0.6349 | acc=0.840
[F1] [E12] batch 0070 | loss=0.6856 | acc=0.797
[F1] [E12] batch 0080 | loss=0.6281 | acc=0.816
[F1] [E12] batch 0090 | loss=0.7405 | acc=0.750
[F1] [E12] batch 0100 | loss=0.6640 | acc=0.809
[F1] [E12] batch 0110 | loss=0.6570 | acc=0.816
[F1] [E12] batch 0120 | loss=0.6281 | acc=0.855
[F1] [E12] batch 0130 | loss=0.6431 | acc=0.824
[F1] [E12] batch 0140 | loss=0.6779 | acc=0.809
[F1] [E12] batch 0150 | loss=0.6620 | acc=0.805
[F1] [E12] batch 0160 | loss=0.7021 | acc=0.777
[F1] [E12] batch 0170 | loss=0.6898 | acc=0.766
[F1] [E12] batch 0180 | loss=0.7225 | acc=0.762
[F1] [E12] batch 0190 | loss=0.6797 | acc=0.797
[F1] [E12] batch 0200 | loss=0.6610 | acc=0.785
[F1] [E12] batch 0210 | loss=0.6839 | acc=0.789
[F1] [E12] batch 0220 | loss=0.6141 | acc=0.852
[F1] [E12] batch 0230 | loss=0.6912 | acc=0.805
[F1] [E12] batch 0240 | loss=0.7361 | acc=0.758
[F1] [E12] batch 0250 | loss=0.6563 | acc=0.797
[F1] [E12] batch 0260 | loss=0.6182 | acc=0.840
[F1] [E12] batch 0270 | loss=0.6369 | acc=0.820
[F1] [E12] batch 0280 | loss=0.6362 | acc=0.816
[F1] [E12] batch 0290 | loss=0.5883 | acc=0.855
[F1] [E12] batch 0300 | loss=0.7091 | acc=0.789
[F1] [E12] batch 0310 | loss=0.6320 | acc=0.824
[F1] [E12] batch 0320 | loss=0.7253 | acc=0.781
[F1] [E12] batch 0330 | loss=0.6924 | acc=0.828
[F1] [E12] batch 0340 | loss=0.6932 | acc=0.781
[F1] [E12] batch 0350 | loss=0.6529 | acc=0.816
[F1] [E12] batch 0360 | loss=0.7108 | acc=0.777
[F1] [E12] batch 0370 | loss=0.6784 | acc=0.805
[F1] [E12] batch 0380 | loss=0.6215 | acc=0.816
[F1] [E12] batch 0390 | loss=0.6792 | acc=0.781
[F1] [E12] batch 0400 | loss=0.6277 | acc=0.836
[F1] [E12] batch 0410 | loss=0.6750 | acc=0.816
[F1] [E12] batch 0420 | loss=0.7288 | acc=0.805
[F1] [E12] total_loss=288.833 | VAL acc=0.940 | F1=0.796 | kappa=0.860
[SAVE] best fold=1 (by VAL F1)
[F1] [E13] batch 0000 | loss=0.6591 | acc=0.812
[F1] [E13] batch 0010 | loss=0.6974 | acc=0.797
[F1] [E13] batch 0020 | loss=0.7105 | acc=0.758
[F1] [E13] batch 0030 | loss=0.7225 | acc=0.781
[F1] [E13] batch 0040 | loss=0.6524 | acc=0.820
[F1] [E13] batch 0050 | loss=0.6832 | acc=0.805
[F1] [E13] batch 0060 | loss=0.7190 | acc=0.777
[F1] [E13] batch 0070 | loss=0.6892 | acc=0.812
[F1] [E13] batch 0080 | loss=0.6987 | acc=0.793
[F1] [E13] batch 0090 | loss=0.7202 | acc=0.781
[F1] [E13] batch 0100 | loss=0.7373 | acc=0.758
[F1] [E13] batch 0110 | loss=0.6547 | acc=0.809
[F1] [E13] batch 0120 | loss=0.7078 | acc=0.770
[F1] [E13] batch 0130 | loss=0.6321 | acc=0.844
[F1] [E13] batch 0140 | loss=0.7147 | acc=0.781
[F1] [E13] batch 0150 | loss=0.6448 | acc=0.812
[F1] [E13] batch 0160 | loss=0.6442 | acc=0.828
[F1] [E13] batch 0170 | loss=0.6637 | acc=0.828
[F1] [E13] batch 0180 | loss=0.6171 | acc=0.844
[F1] [E13] batch 0190 | loss=0.6758 | acc=0.812
[F1] [E13] batch 0200 | loss=0.6832 | acc=0.820
[F1] [E13] batch 0210 | loss=0.6536 | acc=0.816
[F1] [E13] batch 0220 | loss=0.7161 | acc=0.770
[F1] [E13] batch 0230 | loss=0.7436 | acc=0.773
[F1] [E13] batch 0240 | loss=0.7511 | acc=0.766
[F1] [E13] batch 0250 | loss=0.6612 | acc=0.805
[F1] [E13] batch 0260 | loss=0.6992 | acc=0.781
[F1] [E13] batch 0270 | loss=0.6419 | acc=0.816
[F1] [E13] batch 0280 | loss=0.6313 | acc=0.812
[F1] [E13] batch 0290 | loss=0.7038 | acc=0.789
[F1] [E13] batch 0300 | loss=0.7119 | acc=0.793
[F1] [E13] batch 0310 | loss=0.5939 | acc=0.855
[F1] [E13] batch 0320 | loss=0.7201 | acc=0.781
[F1] [E13] batch 0330 | loss=0.6921 | acc=0.766
[F1] [E13] batch 0340 | loss=0.7148 | acc=0.785
[F1] [E13] batch 0350 | loss=0.6815 | acc=0.812
[F1] [E13] batch 0360 | loss=0.7090 | acc=0.789
[F1] [E13] batch 0370 | loss=0.6963 | acc=0.758
[F1] [E13] batch 0380 | loss=0.6284 | acc=0.852
[F1] [E13] batch 0390 | loss=0.7149 | acc=0.785
[F1] [E13] batch 0400 | loss=0.7465 | acc=0.781
[F1] [E13] batch 0410 | loss=0.7009 | acc=0.793
[F1] [E13] batch 0420 | loss=0.6977 | acc=0.797
[F1] [E13] total_loss=288.821 | VAL acc=0.940 | F1=0.796 | kappa=0.860
[SAVE] best fold=1 (by VAL F1)
[F1] [E14] batch 0000 | loss=0.6357 | acc=0.809
[F1] [E14] batch 0010 | loss=0.7233 | acc=0.777
[F1] [E14] batch 0020 | loss=0.6574 | acc=0.820
[F1] [E14] batch 0030 | loss=0.6477 | acc=0.805
[F1] [E14] batch 0040 | loss=0.7462 | acc=0.777
[F1] [E14] batch 0050 | loss=0.7285 | acc=0.754
[F1] [E14] batch 0060 | loss=0.6708 | acc=0.801
[F1] [E14] batch 0070 | loss=0.7425 | acc=0.789
[F1] [E14] batch 0080 | loss=0.6443 | acc=0.828
[F1] [E14] batch 0090 | loss=0.6271 | acc=0.824
[F1] [E14] batch 0100 | loss=0.6884 | acc=0.812
[F1] [E14] batch 0110 | loss=0.6221 | acc=0.820
[F1] [E14] batch 0120 | loss=0.7060 | acc=0.812
[F1] [E14] batch 0130 | loss=0.6530 | acc=0.812
[F1] [E14] batch 0140 | loss=0.6806 | acc=0.809
[F1] [E14] batch 0150 | loss=0.6646 | acc=0.797
[F1] [E14] batch 0160 | loss=0.6870 | acc=0.793
[F1] [E14] batch 0170 | loss=0.6329 | acc=0.836
[F1] [E14] batch 0180 | loss=0.5873 | acc=0.848
[F1] [E14] batch 0190 | loss=0.6828 | acc=0.824
[F1] [E14] batch 0200 | loss=0.7025 | acc=0.777
[F1] [E14] batch 0210 | loss=0.6898 | acc=0.770
[F1] [E14] batch 0220 | loss=0.6578 | acc=0.828
[F1] [E14] batch 0230 | loss=0.7113 | acc=0.785
[F1] [E14] batch 0240 | loss=0.7093 | acc=0.742
[F1] [E14] batch 0250 | loss=0.6593 | acc=0.809
[F1] [E14] batch 0260 | loss=0.6373 | acc=0.820
[F1] [E14] batch 0270 | loss=0.6221 | acc=0.824
[F1] [E14] batch 0280 | loss=0.6868 | acc=0.789
[F1] [E14] batch 0290 | loss=0.7028 | acc=0.781
[F1] [E14] batch 0300 | loss=0.6909 | acc=0.781
[F1] [E14] batch 0310 | loss=0.7532 | acc=0.746
[F1] [E14] batch 0320 | loss=0.6498 | acc=0.824
[F1] [E14] batch 0330 | loss=0.7209 | acc=0.773
[F1] [E14] batch 0340 | loss=0.6192 | acc=0.844
[F1] [E14] batch 0350 | loss=0.6913 | acc=0.785
[F1] [E14] batch 0360 | loss=0.6482 | acc=0.809
[F1] [E14] batch 0370 | loss=0.6294 | acc=0.844
[F1] [E14] batch 0380 | loss=0.7128 | acc=0.766
[F1] [E14] batch 0390 | loss=0.6162 | acc=0.820
[F1] [E14] batch 0400 | loss=0.6667 | acc=0.816
[F1] [E14] batch 0410 | loss=0.7023 | acc=0.781
[F1] [E14] batch 0420 | loss=0.6478 | acc=0.793
[F1] [E14] total_loss=287.462 | VAL acc=0.935 | F1=0.763 | kappa=0.850
[F1] [E15] batch 0000 | loss=0.6415 | acc=0.812
[F1] [E15] batch 0010 | loss=0.6506 | acc=0.793
[F1] [E15] batch 0020 | loss=0.6421 | acc=0.820
[F1] [E15] batch 0030 | loss=0.6835 | acc=0.785
[F1] [E15] batch 0040 | loss=0.6554 | acc=0.797
[F1] [E15] batch 0050 | loss=0.6753 | acc=0.793
[F1] [E15] batch 0060 | loss=0.6892 | acc=0.797
[F1] [E15] batch 0070 | loss=0.7492 | acc=0.785
[F1] [E15] batch 0080 | loss=0.6217 | acc=0.805
[F1] [E15] batch 0090 | loss=0.6427 | acc=0.801
[F1] [E15] batch 0100 | loss=0.8018 | acc=0.750
[F1] [E15] batch 0110 | loss=0.6725 | acc=0.824
[F1] [E15] batch 0120 | loss=0.6559 | acc=0.816
[F1] [E15] batch 0130 | loss=0.6907 | acc=0.812
[F1] [E15] batch 0140 | loss=0.7236 | acc=0.785
[F1] [E15] batch 0150 | loss=0.7306 | acc=0.789
[F1] [E15] batch 0160 | loss=0.6459 | acc=0.816
[F1] [E15] batch 0170 | loss=0.6867 | acc=0.789
[F1] [E15] batch 0180 | loss=0.6692 | acc=0.781
[F1] [E15] batch 0190 | loss=0.6914 | acc=0.789
[F1] [E15] batch 0200 | loss=0.6460 | acc=0.809
[F1] [E15] batch 0210 | loss=0.7967 | acc=0.750
[F1] [E15] batch 0220 | loss=0.7184 | acc=0.785
[F1] [E15] batch 0230 | loss=0.6832 | acc=0.785
[F1] [E15] batch 0240 | loss=0.6944 | acc=0.793
[F1] [E15] batch 0250 | loss=0.6204 | acc=0.859
[F1] [E15] batch 0260 | loss=0.6637 | acc=0.793
[F1] [E15] batch 0270 | loss=0.6662 | acc=0.797
[F1] [E15] batch 0280 | loss=0.6537 | acc=0.848
[F1] [E15] batch 0290 | loss=0.6718 | acc=0.805
[F1] [E15] batch 0300 | loss=0.6311 | acc=0.824
[F1] [E15] batch 0310 | loss=0.6690 | acc=0.805
[F1] [E15] batch 0320 | loss=0.6520 | acc=0.805
[F1] [E15] batch 0330 | loss=0.6350 | acc=0.840
[F1] [E15] batch 0340 | loss=0.7447 | acc=0.781
[F1] [E15] batch 0350 | loss=0.7106 | acc=0.816
[F1] [E15] batch 0360 | loss=0.6516 | acc=0.812
[F1] [E15] batch 0370 | loss=0.6062 | acc=0.848
[F1] [E15] batch 0380 | loss=0.6402 | acc=0.832
[F1] [E15] batch 0390 | loss=0.6387 | acc=0.844
[F1] [E15] batch 0400 | loss=0.6195 | acc=0.844
[F1] [E15] batch 0410 | loss=0.6724 | acc=0.801
[F1] [E15] batch 0420 | loss=0.6748 | acc=0.812
[F1] [E15] total_loss=287.617 | VAL acc=0.932 | F1=0.760 | kappa=0.841
[F1] [E16] batch 0000 | loss=0.6524 | acc=0.801
[F1] [E16] batch 0010 | loss=0.6884 | acc=0.793
[F1] [E16] batch 0020 | loss=0.6813 | acc=0.750
[F1] [E16] batch 0030 | loss=0.6846 | acc=0.809
[F1] [E16] batch 0040 | loss=0.6457 | acc=0.816
[F1] [E16] batch 0050 | loss=0.6985 | acc=0.789
[F1] [E16] batch 0060 | loss=0.6602 | acc=0.809
[F1] [E16] batch 0070 | loss=0.7065 | acc=0.766
[F1] [E16] batch 0080 | loss=0.6564 | acc=0.824
[F1] [E16] batch 0090 | loss=0.6502 | acc=0.840
[F1] [E16] batch 0100 | loss=0.6271 | acc=0.828
[F1] [E16] batch 0110 | loss=0.6653 | acc=0.789
[F1] [E16] batch 0120 | loss=0.6571 | acc=0.812
[F1] [E16] batch 0130 | loss=0.6830 | acc=0.809
[F1] [E16] batch 0140 | loss=0.7324 | acc=0.773
[F1] [E16] batch 0150 | loss=0.6382 | acc=0.836
[F1] [E16] batch 0160 | loss=0.6527 | acc=0.797
[F1] [E16] batch 0170 | loss=0.6500 | acc=0.832
[F1] [E16] batch 0180 | loss=0.6490 | acc=0.801
[F1] [E16] batch 0190 | loss=0.6166 | acc=0.855
[F1] [E16] batch 0200 | loss=0.6214 | acc=0.836
[F1] [E16] batch 0210 | loss=0.6682 | acc=0.836
[F1] [E16] batch 0220 | loss=0.6340 | acc=0.816
[F1] [E16] batch 0230 | loss=0.6415 | acc=0.820
[F1] [E16] batch 0240 | loss=0.6639 | acc=0.824
[F1] [E16] batch 0250 | loss=0.7215 | acc=0.770
[F1] [E16] batch 0260 | loss=0.6672 | acc=0.793
[F1] [E16] batch 0270 | loss=0.6949 | acc=0.801
[F1] [E16] batch 0280 | loss=0.6845 | acc=0.812
[F1] [E16] batch 0290 | loss=0.6701 | acc=0.805
[F1] [E16] batch 0300 | loss=0.6664 | acc=0.793
[F1] [E16] batch 0310 | loss=0.6598 | acc=0.801
[F1] [E16] batch 0320 | loss=0.6814 | acc=0.797
[F1] [E16] batch 0330 | loss=0.6554 | acc=0.812
[F1] [E16] batch 0340 | loss=0.6208 | acc=0.848
[F1] [E16] batch 0350 | loss=0.7245 | acc=0.773
[F1] [E16] batch 0360 | loss=0.6550 | acc=0.812
[F1] [E16] batch 0370 | loss=0.6617 | acc=0.809
[F1] [E16] batch 0380 | loss=0.6632 | acc=0.793
[F1] [E16] batch 0390 | loss=0.6072 | acc=0.859
[F1] [E16] batch 0400 | loss=0.5953 | acc=0.844
[F1] [E16] batch 0410 | loss=0.6861 | acc=0.789
[F1] [E16] batch 0420 | loss=0.6899 | acc=0.789
[F1] [E16] total_loss=285.926 | VAL acc=0.939 | F1=0.781 | kappa=0.858
[F1] [E17] batch 0000 | loss=0.6226 | acc=0.840
[F1] [E17] batch 0010 | loss=0.6909 | acc=0.801
[F1] [E17] batch 0020 | loss=0.6758 | acc=0.801
[F1] [E17] batch 0030 | loss=0.6301 | acc=0.828
[F1] [E17] batch 0040 | loss=0.7163 | acc=0.785
[F1] [E17] batch 0050 | loss=0.6581 | acc=0.828
[F1] [E17] batch 0060 | loss=0.6520 | acc=0.824
[F1] [E17] batch 0070 | loss=0.6584 | acc=0.816
[F1] [E17] batch 0080 | loss=0.6686 | acc=0.812
[F1] [E17] batch 0090 | loss=0.6958 | acc=0.789
[F1] [E17] batch 0100 | loss=0.6737 | acc=0.820
[F1] [E17] batch 0110 | loss=0.7004 | acc=0.797
[F1] [E17] batch 0120 | loss=0.6796 | acc=0.805
[F1] [E17] batch 0130 | loss=0.6301 | acc=0.812
[F1] [E17] batch 0140 | loss=0.6104 | acc=0.832
[F1] [E17] batch 0150 | loss=0.6704 | acc=0.793
[F1] [E17] batch 0160 | loss=0.6549 | acc=0.836
[F1] [E17] batch 0170 | loss=0.6686 | acc=0.805
[F1] [E17] batch 0180 | loss=0.6783 | acc=0.824
[F1] [E17] batch 0190 | loss=0.7115 | acc=0.793
[F1] [E17] batch 0200 | loss=0.6804 | acc=0.793
[F1] [E17] batch 0210 | loss=0.6610 | acc=0.824
[F1] [E17] batch 0220 | loss=0.6888 | acc=0.793
[F1] [E17] batch 0230 | loss=0.7486 | acc=0.789
[F1] [E17] batch 0240 | loss=0.6495 | acc=0.809
[F1] [E17] batch 0250 | loss=0.6407 | acc=0.809
[F1] [E17] batch 0260 | loss=0.6436 | acc=0.828
[F1] [E17] batch 0270 | loss=0.6894 | acc=0.797
[F1] [E17] batch 0280 | loss=0.5942 | acc=0.848
[F1] [E17] batch 0290 | loss=0.6935 | acc=0.785
[F1] [E17] batch 0300 | loss=0.6750 | acc=0.824
[F1] [E17] batch 0310 | loss=0.7256 | acc=0.789
[F1] [E17] batch 0320 | loss=0.6268 | acc=0.828
[F1] [E17] batch 0330 | loss=0.6843 | acc=0.797
[F1] [E17] batch 0340 | loss=0.6613 | acc=0.809
[F1] [E17] batch 0350 | loss=0.6826 | acc=0.793
[F1] [E17] batch 0360 | loss=0.6251 | acc=0.832
[F1] [E17] batch 0370 | loss=0.6780 | acc=0.805
[F1] [E17] batch 0380 | loss=0.7352 | acc=0.750
[F1] [E17] batch 0390 | loss=0.6992 | acc=0.766
[F1] [E17] batch 0400 | loss=0.6700 | acc=0.828
[F1] [E17] batch 0410 | loss=0.6999 | acc=0.809
[F1] [E17] batch 0420 | loss=0.6735 | acc=0.812
[F1] [E17] total_loss=286.458 | VAL acc=0.940 | F1=0.781 | kappa=0.858
[F1] [E18] batch 0000 | loss=0.5804 | acc=0.867
[F1] [E18] batch 0010 | loss=0.5834 | acc=0.875
[F1] [E18] batch 0020 | loss=0.6656 | acc=0.840
[F1] [E18] batch 0030 | loss=0.6648 | acc=0.816
[F1] [E18] batch 0040 | loss=0.5993 | acc=0.859
[F1] [E18] batch 0050 | loss=0.7369 | acc=0.773
[F1] [E18] batch 0060 | loss=0.6479 | acc=0.809
[F1] [E18] batch 0070 | loss=0.6687 | acc=0.836
[F1] [E18] batch 0080 | loss=0.5848 | acc=0.855
[F1] [E18] batch 0090 | loss=0.6420 | acc=0.809
[F1] [E18] batch 0100 | loss=0.6764 | acc=0.816
[F1] [E18] batch 0110 | loss=0.7019 | acc=0.785
[F1] [E18] batch 0120 | loss=0.6299 | acc=0.840
[F1] [E18] batch 0130 | loss=0.6400 | acc=0.852
[F1] [E18] batch 0140 | loss=0.6546 | acc=0.812
[F1] [E18] batch 0150 | loss=0.6195 | acc=0.828
[F1] [E18] batch 0160 | loss=0.6766 | acc=0.801
[F1] [E18] batch 0170 | loss=0.6948 | acc=0.809
[F1] [E18] batch 0180 | loss=0.6723 | acc=0.770
[F1] [E18] batch 0190 | loss=0.6482 | acc=0.816
[F1] [E18] batch 0200 | loss=0.6238 | acc=0.863
[F1] [E18] batch 0210 | loss=0.6538 | acc=0.820
[F1] [E18] batch 0220 | loss=0.6495 | acc=0.793
[F1] [E18] batch 0230 | loss=0.6787 | acc=0.793
[F1] [E18] batch 0240 | loss=0.7140 | acc=0.785
[F1] [E18] batch 0250 | loss=0.5805 | acc=0.855
[F1] [E18] batch 0260 | loss=0.6967 | acc=0.809
[F1] [E18] batch 0270 | loss=0.7601 | acc=0.770
[F1] [E18] batch 0280 | loss=0.6211 | acc=0.812
[F1] [E18] batch 0290 | loss=0.6229 | acc=0.824
[F1] [E18] batch 0300 | loss=0.6565 | acc=0.801
[F1] [E18] batch 0310 | loss=0.5785 | acc=0.848
[F1] [E18] batch 0320 | loss=0.6763 | acc=0.797
[F1] [E18] batch 0330 | loss=0.6546 | acc=0.797
[F1] [E18] batch 0340 | loss=0.7001 | acc=0.773
[F1] [E18] batch 0350 | loss=0.7086 | acc=0.785
[F1] [E18] batch 0360 | loss=0.6834 | acc=0.824
[F1] [E18] batch 0370 | loss=0.6379 | acc=0.824
[F1] [E18] batch 0380 | loss=0.6540 | acc=0.820
[F1] [E18] batch 0390 | loss=0.6317 | acc=0.824
[F1] [E18] batch 0400 | loss=0.6228 | acc=0.828
[F1] [E18] batch 0410 | loss=0.6540 | acc=0.805
[F1] [E18] batch 0420 | loss=0.7182 | acc=0.781
[F1] [E18] total_loss=285.473 | VAL acc=0.940 | F1=0.799 | kappa=0.859
[SAVE] best fold=1 (by VAL F1)
[F1] [E19] batch 0000 | loss=0.6850 | acc=0.828
[F1] [E19] batch 0010 | loss=0.6682 | acc=0.820
[F1] [E19] batch 0020 | loss=0.6123 | acc=0.848
[F1] [E19] batch 0030 | loss=0.6520 | acc=0.812
[F1] [E19] batch 0040 | loss=0.6292 | acc=0.812
[F1] [E19] batch 0050 | loss=0.6311 | acc=0.836
[F1] [E19] batch 0060 | loss=0.6838 | acc=0.797
[F1] [E19] batch 0070 | loss=0.7411 | acc=0.789
[F1] [E19] batch 0080 | loss=0.6886 | acc=0.785
[F1] [E19] batch 0090 | loss=0.6804 | acc=0.785
[F1] [E19] batch 0100 | loss=0.6608 | acc=0.809
[F1] [E19] batch 0110 | loss=0.6837 | acc=0.777
[F1] [E19] batch 0120 | loss=0.7228 | acc=0.773
[F1] [E19] batch 0130 | loss=0.6601 | acc=0.816
[F1] [E19] batch 0140 | loss=0.6045 | acc=0.824
[F1] [E19] batch 0150 | loss=0.6197 | acc=0.816
[F1] [E19] batch 0160 | loss=0.6231 | acc=0.836
[F1] [E19] batch 0170 | loss=0.6627 | acc=0.840
[F1] [E19] batch 0180 | loss=0.7500 | acc=0.754
[F1] [E19] batch 0190 | loss=0.6766 | acc=0.785
[F1] [E19] batch 0200 | loss=0.5744 | acc=0.871
[F1] [E19] batch 0210 | loss=0.5982 | acc=0.848
[F1] [E19] batch 0220 | loss=0.7059 | acc=0.793
[F1] [E19] batch 0230 | loss=0.6822 | acc=0.820
[F1] [E19] batch 0240 | loss=0.7359 | acc=0.762
[F1] [E19] batch 0250 | loss=0.7040 | acc=0.785
[F1] [E19] batch 0260 | loss=0.7046 | acc=0.777
[F1] [E19] batch 0270 | loss=0.6593 | acc=0.809
[F1] [E19] batch 0280 | loss=0.7206 | acc=0.789
[F1] [E19] batch 0290 | loss=0.6386 | acc=0.812
[F1] [E19] batch 0300 | loss=0.6778 | acc=0.824
[F1] [E19] batch 0310 | loss=0.6309 | acc=0.824
[F1] [E19] batch 0320 | loss=0.6562 | acc=0.816
[F1] [E19] batch 0330 | loss=0.6051 | acc=0.859
[F1] [E19] batch 0340 | loss=0.6333 | acc=0.844
[F1] [E19] batch 0350 | loss=0.6784 | acc=0.789
[F1] [E19] batch 0360 | loss=0.6769 | acc=0.797
[F1] [E19] batch 0370 | loss=0.7450 | acc=0.777
[F1] [E19] batch 0380 | loss=0.6110 | acc=0.840
[F1] [E19] batch 0390 | loss=0.6869 | acc=0.816
[F1] [E19] batch 0400 | loss=0.5709 | acc=0.871
[F1] [E19] batch 0410 | loss=0.6979 | acc=0.773
[F1] [E19] batch 0420 | loss=0.6775 | acc=0.801
[F1] [E19] total_loss=286.050 | VAL acc=0.939 | F1=0.780 | kappa=0.857
[F1] [E20] batch 0000 | loss=0.6322 | acc=0.816
[F1] [E20] batch 0010 | loss=0.6807 | acc=0.805
[F1] [E20] batch 0020 | loss=0.6510 | acc=0.824
[F1] [E20] batch 0030 | loss=0.6978 | acc=0.812
[F1] [E20] batch 0040 | loss=0.6844 | acc=0.781
[F1] [E20] batch 0050 | loss=0.6961 | acc=0.793
[F1] [E20] batch 0060 | loss=0.6825 | acc=0.789
[F1] [E20] batch 0070 | loss=0.6219 | acc=0.824
[F1] [E20] batch 0080 | loss=0.6418 | acc=0.812
[F1] [E20] batch 0090 | loss=0.7070 | acc=0.762
[F1] [E20] batch 0100 | loss=0.5986 | acc=0.844
[F1] [E20] batch 0110 | loss=0.6478 | acc=0.809
[F1] [E20] batch 0120 | loss=0.7007 | acc=0.824
[F1] [E20] batch 0130 | loss=0.6708 | acc=0.797
[F1] [E20] batch 0140 | loss=0.6257 | acc=0.809
[F1] [E20] batch 0150 | loss=0.6751 | acc=0.773
[F1] [E20] batch 0160 | loss=0.7368 | acc=0.785
[F1] [E20] batch 0170 | loss=0.6253 | acc=0.832
[F1] [E20] batch 0180 | loss=0.6531 | acc=0.832
[F1] [E20] batch 0190 | loss=0.6379 | acc=0.812
[F1] [E20] batch 0200 | loss=0.6582 | acc=0.824
[F1] [E20] batch 0210 | loss=0.6587 | acc=0.816
[F1] [E20] batch 0220 | loss=0.6277 | acc=0.840
[F1] [E20] batch 0230 | loss=0.6893 | acc=0.793
[F1] [E20] batch 0240 | loss=0.6655 | acc=0.797
[F1] [E20] batch 0250 | loss=0.6578 | acc=0.801
[F1] [E20] batch 0260 | loss=0.6466 | acc=0.828
[F1] [E20] batch 0270 | loss=0.6695 | acc=0.797
[F1] [E20] batch 0280 | loss=0.6974 | acc=0.824
[F1] [E20] batch 0290 | loss=0.7046 | acc=0.785
[F1] [E20] batch 0300 | loss=0.6598 | acc=0.785
[F1] [E20] batch 0310 | loss=0.7232 | acc=0.781
[F1] [E20] batch 0320 | loss=0.6969 | acc=0.781
[F1] [E20] batch 0330 | loss=0.6556 | acc=0.816
[F1] [E20] batch 0340 | loss=0.6634 | acc=0.773
[F1] [E20] batch 0350 | loss=0.6589 | acc=0.801
[F1] [E20] batch 0360 | loss=0.7533 | acc=0.766
[F1] [E20] batch 0370 | loss=0.6518 | acc=0.801
[F1] [E20] batch 0380 | loss=0.6751 | acc=0.801
[F1] [E20] batch 0390 | loss=0.6950 | acc=0.793
[F1] [E20] batch 0400 | loss=0.7082 | acc=0.809
[F1] [E20] batch 0410 | loss=0.6569 | acc=0.816
[F1] [E20] batch 0420 | loss=0.6491 | acc=0.824
[F1] [E20] total_loss=283.097 | VAL acc=0.941 | F1=0.796 | kappa=0.862
[F1] [E21] batch 0000 | loss=0.7047 | acc=0.777
[F1] [E21] batch 0010 | loss=0.6317 | acc=0.867
[F1] [E21] batch 0020 | loss=0.6247 | acc=0.832
[F1] [E21] batch 0030 | loss=0.6431 | acc=0.820
[F1] [E21] batch 0040 | loss=0.6712 | acc=0.820
[F1] [E21] batch 0050 | loss=0.5998 | acc=0.852
[F1] [E21] batch 0060 | loss=0.6439 | acc=0.816
[F1] [E21] batch 0070 | loss=0.7110 | acc=0.777
[F1] [E21] batch 0080 | loss=0.6384 | acc=0.816
[F1] [E21] batch 0090 | loss=0.6242 | acc=0.832
[F1] [E21] batch 0100 | loss=0.6841 | acc=0.801
[F1] [E21] batch 0110 | loss=0.6407 | acc=0.812
[F1] [E21] batch 0120 | loss=0.6955 | acc=0.789
[F1] [E21] batch 0130 | loss=0.7013 | acc=0.766
[F1] [E21] batch 0140 | loss=0.7055 | acc=0.805
[F1] [E21] batch 0150 | loss=0.7080 | acc=0.801
[F1] [E21] batch 0160 | loss=0.6452 | acc=0.820
[F1] [E21] batch 0170 | loss=0.6925 | acc=0.793
[F1] [E21] batch 0180 | loss=0.7648 | acc=0.730
[F1] [E21] batch 0190 | loss=0.6183 | acc=0.840
[F1] [E21] batch 0200 | loss=0.6900 | acc=0.785
[F1] [E21] batch 0210 | loss=0.5736 | acc=0.863
[F1] [E21] batch 0220 | loss=0.6712 | acc=0.805
[F1] [E21] batch 0230 | loss=0.6879 | acc=0.770
[F1] [E21] batch 0240 | loss=0.7202 | acc=0.766
[F1] [E21] batch 0250 | loss=0.6824 | acc=0.777
[F1] [E21] batch 0260 | loss=0.6750 | acc=0.809
[F1] [E21] batch 0270 | loss=0.6434 | acc=0.824
[F1] [E21] batch 0280 | loss=0.6558 | acc=0.809
[F1] [E21] batch 0290 | loss=0.6695 | acc=0.812
[F1] [E21] batch 0300 | loss=0.6175 | acc=0.848
[F1] [E21] batch 0310 | loss=0.6835 | acc=0.816
[F1] [E21] batch 0320 | loss=0.6449 | acc=0.820
[F1] [E21] batch 0330 | loss=0.6278 | acc=0.824
[F1] [E21] batch 0340 | loss=0.6731 | acc=0.824
[F1] [E21] batch 0350 | loss=0.6287 | acc=0.820
[F1] [E21] batch 0360 | loss=0.6827 | acc=0.832
[F1] [E21] batch 0370 | loss=0.6616 | acc=0.812
[F1] [E21] batch 0380 | loss=0.6877 | acc=0.801
[F1] [E21] batch 0390 | loss=0.6006 | acc=0.844
[F1] [E21] batch 0400 | loss=0.6161 | acc=0.840
[F1] [E21] batch 0410 | loss=0.6767 | acc=0.809
[F1] [E21] batch 0420 | loss=0.5969 | acc=0.836
[F1] [E21] total_loss=282.701 | VAL acc=0.942 | F1=0.792 | kappa=0.863
[F1] [E22] batch 0000 | loss=0.6952 | acc=0.816
[F1] [E22] batch 0010 | loss=0.6601 | acc=0.812
[F1] [E22] batch 0020 | loss=0.6599 | acc=0.797
[F1] [E22] batch 0030 | loss=0.6846 | acc=0.781
[F1] [E22] batch 0040 | loss=0.6864 | acc=0.781
[F1] [E22] batch 0050 | loss=0.6435 | acc=0.816
[F1] [E22] batch 0060 | loss=0.6819 | acc=0.773
[F1] [E22] batch 0070 | loss=0.6371 | acc=0.828
[F1] [E22] batch 0080 | loss=0.6185 | acc=0.824
[F1] [E22] batch 0090 | loss=0.6494 | acc=0.816
[F1] [E22] batch 0100 | loss=0.6727 | acc=0.797
[F1] [E22] batch 0110 | loss=0.6804 | acc=0.824
[F1] [E22] batch 0120 | loss=0.6443 | acc=0.832
[F1] [E22] batch 0130 | loss=0.6102 | acc=0.820
[F1] [E22] batch 0140 | loss=0.6524 | acc=0.801
[F1] [E22] batch 0150 | loss=0.6844 | acc=0.801
[F1] [E22] batch 0160 | loss=0.6535 | acc=0.816
[F1] [E22] batch 0170 | loss=0.6883 | acc=0.770
[F1] [E22] batch 0180 | loss=0.6259 | acc=0.840
[F1] [E22] batch 0190 | loss=0.6834 | acc=0.785
[F1] [E22] batch 0200 | loss=0.6461 | acc=0.805
[F1] [E22] batch 0210 | loss=0.6317 | acc=0.820
[F1] [E22] batch 0220 | loss=0.6962 | acc=0.812
[F1] [E22] batch 0230 | loss=0.7005 | acc=0.793
[F1] [E22] batch 0240 | loss=0.6716 | acc=0.797
[F1] [E22] batch 0250 | loss=0.6272 | acc=0.828
[F1] [E22] batch 0260 | loss=0.6818 | acc=0.805
[F1] [E22] batch 0270 | loss=0.6516 | acc=0.816
[F1] [E22] batch 0280 | loss=0.6426 | acc=0.824
[F1] [E22] batch 0290 | loss=0.6974 | acc=0.789
[F1] [E22] batch 0300 | loss=0.6801 | acc=0.805
[F1] [E22] batch 0310 | loss=0.6880 | acc=0.781
[F1] [E22] batch 0320 | loss=0.6973 | acc=0.789
[F1] [E22] batch 0330 | loss=0.6743 | acc=0.781
[F1] [E22] batch 0340 | loss=0.6995 | acc=0.789
[F1] [E22] batch 0350 | loss=0.6679 | acc=0.793
[F1] [E22] batch 0360 | loss=0.7153 | acc=0.789
[F1] [E22] batch 0370 | loss=0.6515 | acc=0.812
[F1] [E22] batch 0380 | loss=0.6128 | acc=0.836
[F1] [E22] batch 0390 | loss=0.6429 | acc=0.801
[F1] [E22] batch 0400 | loss=0.6623 | acc=0.805
[F1] [E22] batch 0410 | loss=0.6448 | acc=0.820
[F1] [E22] batch 0420 | loss=0.6970 | acc=0.789
[F1] [E22] total_loss=283.001 | VAL acc=0.940 | F1=0.792 | kappa=0.861
[F1] [E23] batch 0000 | loss=0.6585 | acc=0.809
[F1] [E23] batch 0010 | loss=0.7024 | acc=0.797
[F1] [E23] batch 0020 | loss=0.6752 | acc=0.801
[F1] [E23] batch 0030 | loss=0.6273 | acc=0.820
[F1] [E23] batch 0040 | loss=0.6295 | acc=0.840
[F1] [E23] batch 0050 | loss=0.6570 | acc=0.828
[F1] [E23] batch 0060 | loss=0.6774 | acc=0.809
[F1] [E23] batch 0070 | loss=0.7351 | acc=0.754
[F1] [E23] batch 0080 | loss=0.7054 | acc=0.770
[F1] [E23] batch 0090 | loss=0.6324 | acc=0.828
[F1] [E23] batch 0100 | loss=0.6495 | acc=0.809
[F1] [E23] batch 0110 | loss=0.7190 | acc=0.797
[F1] [E23] batch 0120 | loss=0.6372 | acc=0.797
[F1] [E23] batch 0130 | loss=0.6631 | acc=0.812
[F1] [E23] batch 0140 | loss=0.6624 | acc=0.797
[F1] [E23] batch 0150 | loss=0.7292 | acc=0.758
[F1] [E23] batch 0160 | loss=0.7135 | acc=0.793
[F1] [E23] batch 0170 | loss=0.6507 | acc=0.828
[F1] [E23] batch 0180 | loss=0.6851 | acc=0.797
[F1] [E23] batch 0190 | loss=0.6578 | acc=0.816
[F1] [E23] batch 0200 | loss=0.6885 | acc=0.793
[F1] [E23] batch 0210 | loss=0.6929 | acc=0.793
[F1] [E23] batch 0220 | loss=0.6192 | acc=0.832
[F1] [E23] batch 0230 | loss=0.6851 | acc=0.781
[F1] [E23] batch 0240 | loss=0.6997 | acc=0.758
[F1] [E23] batch 0250 | loss=0.6578 | acc=0.820
[F1] [E23] batch 0260 | loss=0.6208 | acc=0.836
[F1] [E23] batch 0270 | loss=0.7365 | acc=0.805
[F1] [E23] batch 0280 | loss=0.6672 | acc=0.766
[F1] [E23] batch 0290 | loss=0.7610 | acc=0.758
[F1] [E23] batch 0300 | loss=0.5977 | acc=0.879
[F1] [E23] batch 0310 | loss=0.6615 | acc=0.785
[F1] [E23] batch 0320 | loss=0.6140 | acc=0.852
[F1] [E23] batch 0330 | loss=0.6467 | acc=0.820
[F1] [E23] batch 0340 | loss=0.7070 | acc=0.758
[F1] [E23] batch 0350 | loss=0.6352 | acc=0.812
[F1] [E23] batch 0360 | loss=0.7567 | acc=0.777
[F1] [E23] batch 0370 | loss=0.6436 | acc=0.812
[F1] [E23] batch 0380 | loss=0.6234 | acc=0.816
[F1] [E23] batch 0390 | loss=0.6513 | acc=0.824
[F1] [E23] batch 0400 | loss=0.6371 | acc=0.820
[F1] [E23] batch 0410 | loss=0.7320 | acc=0.781
[F1] [E23] batch 0420 | loss=0.6251 | acc=0.836
[F1] [E23] total_loss=283.170 | VAL acc=0.942 | F1=0.803 | kappa=0.864
[SAVE] best fold=1 (by VAL F1)
[F1] [E24] batch 0000 | loss=0.6734 | acc=0.762
[F1] [E24] batch 0010 | loss=0.6832 | acc=0.809
[F1] [E24] batch 0020 | loss=0.6471 | acc=0.793
[F1] [E24] batch 0030 | loss=0.6202 | acc=0.844
[F1] [E24] batch 0040 | loss=0.6783 | acc=0.809
[F1] [E24] batch 0050 | loss=0.6738 | acc=0.816
[F1] [E24] batch 0060 | loss=0.6432 | acc=0.809
[F1] [E24] batch 0070 | loss=0.6981 | acc=0.773
[F1] [E24] batch 0080 | loss=0.6614 | acc=0.828
[F1] [E24] batch 0090 | loss=0.6540 | acc=0.801
[F1] [E24] batch 0100 | loss=0.6704 | acc=0.785
[F1] [E24] batch 0110 | loss=0.6846 | acc=0.812
[F1] [E24] batch 0120 | loss=0.6493 | acc=0.840
[F1] [E24] batch 0130 | loss=0.6489 | acc=0.832
[F1] [E24] batch 0140 | loss=0.6812 | acc=0.805
[F1] [E24] batch 0150 | loss=0.6760 | acc=0.785
[F1] [E24] batch 0160 | loss=0.6314 | acc=0.828
[F1] [E24] batch 0170 | loss=0.6030 | acc=0.828
[F1] [E24] batch 0180 | loss=0.6571 | acc=0.820
[F1] [E24] batch 0190 | loss=0.6543 | acc=0.805
[F1] [E24] batch 0200 | loss=0.6930 | acc=0.801
[F1] [E24] batch 0210 | loss=0.6625 | acc=0.801
[F1] [E24] batch 0220 | loss=0.6652 | acc=0.816
[F1] [E24] batch 0230 | loss=0.6734 | acc=0.828
[F1] [E24] batch 0240 | loss=0.6482 | acc=0.820
[F1] [E24] batch 0250 | loss=0.5655 | acc=0.859
[F1] [E24] batch 0260 | loss=0.6689 | acc=0.781
[F1] [E24] batch 0270 | loss=0.6443 | acc=0.797
[F1] [E24] batch 0280 | loss=0.6818 | acc=0.797
[F1] [E24] batch 0290 | loss=0.6824 | acc=0.809
[F1] [E24] batch 0300 | loss=0.6635 | acc=0.805
[F1] [E24] batch 0310 | loss=0.6125 | acc=0.820
[F1] [E24] batch 0320 | loss=0.6431 | acc=0.836
[F1] [E24] batch 0330 | loss=0.6704 | acc=0.816
[F1] [E24] batch 0340 | loss=0.5806 | acc=0.875
[F1] [E24] batch 0350 | loss=0.6846 | acc=0.801
[F1] [E24] batch 0360 | loss=0.6336 | acc=0.828
[F1] [E24] batch 0370 | loss=0.6472 | acc=0.812
[F1] [E24] batch 0380 | loss=0.7430 | acc=0.762
[F1] [E24] batch 0390 | loss=0.7100 | acc=0.777
[F1] [E24] batch 0400 | loss=0.6475 | acc=0.809
[F1] [E24] batch 0410 | loss=0.5806 | acc=0.836
[F1] [E24] batch 0420 | loss=0.6927 | acc=0.793
[F1] [E24] total_loss=282.696 | VAL acc=0.939 | F1=0.780 | kappa=0.857
[F1] [E25] batch 0000 | loss=0.5781 | acc=0.859
[F1] [E25] batch 0010 | loss=0.7108 | acc=0.797
[F1] [E25] batch 0020 | loss=0.6637 | acc=0.832
[F1] [E25] batch 0030 | loss=0.6639 | acc=0.809
[F1] [E25] batch 0040 | loss=0.6708 | acc=0.801
[F1] [E25] batch 0050 | loss=0.6782 | acc=0.812
[F1] [E25] batch 0060 | loss=0.6533 | acc=0.824
[F1] [E25] batch 0070 | loss=0.6639 | acc=0.777
[F1] [E25] batch 0080 | loss=0.6460 | acc=0.809
[F1] [E25] batch 0090 | loss=0.6243 | acc=0.832
[F1] [E25] batch 0100 | loss=0.6965 | acc=0.777
[F1] [E25] batch 0110 | loss=0.6818 | acc=0.824
[F1] [E25] batch 0120 | loss=0.5980 | acc=0.840
[F1] [E25] batch 0130 | loss=0.7049 | acc=0.770
[F1] [E25] batch 0140 | loss=0.6399 | acc=0.828
[F1] [E25] batch 0150 | loss=0.7456 | acc=0.750
[F1] [E25] batch 0160 | loss=0.6415 | acc=0.820
[F1] [E25] batch 0170 | loss=0.6438 | acc=0.816
[F1] [E25] batch 0180 | loss=0.6263 | acc=0.852
[F1] [E25] batch 0190 | loss=0.7103 | acc=0.754
[F1] [E25] batch 0200 | loss=0.6396 | acc=0.785
[F1] [E25] batch 0210 | loss=0.5739 | acc=0.852
[F1] [E25] batch 0220 | loss=0.6326 | acc=0.820
[F1] [E25] batch 0230 | loss=0.6560 | acc=0.793
[F1] [E25] batch 0240 | loss=0.5855 | acc=0.828
[F1] [E25] batch 0250 | loss=0.5876 | acc=0.828
[F1] [E25] batch 0260 | loss=0.6087 | acc=0.844
[F1] [E25] batch 0270 | loss=0.6793 | acc=0.793
[F1] [E25] batch 0280 | loss=0.6409 | acc=0.805
[F1] [E25] batch 0290 | loss=0.6831 | acc=0.793
[F1] [E25] batch 0300 | loss=0.5607 | acc=0.859
[F1] [E25] batch 0310 | loss=0.6327 | acc=0.809
[F1] [E25] batch 0320 | loss=0.6790 | acc=0.816
[F1] [E25] batch 0330 | loss=0.7261 | acc=0.727
[F1] [E25] batch 0340 | loss=0.6719 | acc=0.789
[F1] [E25] batch 0350 | loss=0.6365 | acc=0.824
[F1] [E25] batch 0360 | loss=0.6861 | acc=0.824
[F1] [E25] batch 0370 | loss=0.6293 | acc=0.824
[F1] [E25] batch 0380 | loss=0.6376 | acc=0.840
[F1] [E25] batch 0390 | loss=0.6664 | acc=0.824
[F1] [E25] batch 0400 | loss=0.6490 | acc=0.797
[F1] [E25] batch 0410 | loss=0.7384 | acc=0.793
[F1] [E25] batch 0420 | loss=0.6663 | acc=0.805
[F1] [E25] total_loss=282.830 | VAL acc=0.940 | F1=0.779 | kappa=0.858
[F1] [E26] batch 0000 | loss=0.6318 | acc=0.805
[F1] [E26] batch 0010 | loss=0.5998 | acc=0.844
[F1] [E26] batch 0020 | loss=0.6534 | acc=0.816
[F1] [E26] batch 0030 | loss=0.6223 | acc=0.859
[F1] [E26] batch 0040 | loss=0.7043 | acc=0.805
[F1] [E26] batch 0050 | loss=0.7219 | acc=0.777
[F1] [E26] batch 0060 | loss=0.7168 | acc=0.777
[F1] [E26] batch 0070 | loss=0.6437 | acc=0.844
[F1] [E26] batch 0080 | loss=0.6625 | acc=0.789
[F1] [E26] batch 0090 | loss=0.6935 | acc=0.809
[F1] [E26] batch 0100 | loss=0.6148 | acc=0.848
[F1] [E26] batch 0110 | loss=0.6707 | acc=0.793
[F1] [E26] batch 0120 | loss=0.6839 | acc=0.809
[F1] [E26] batch 0130 | loss=0.6510 | acc=0.793
[F1] [E26] batch 0140 | loss=0.6319 | acc=0.805
[F1] [E26] batch 0150 | loss=0.6705 | acc=0.770
[F1] [E26] batch 0160 | loss=0.6905 | acc=0.766
[F1] [E26] batch 0170 | loss=0.6901 | acc=0.797
[F1] [E26] batch 0180 | loss=0.6492 | acc=0.812
[F1] [E26] batch 0190 | loss=0.6392 | acc=0.832
[F1] [E26] batch 0200 | loss=0.6672 | acc=0.785
[F1] [E26] batch 0210 | loss=0.7069 | acc=0.805
[F1] [E26] batch 0220 | loss=0.6973 | acc=0.770
[F1] [E26] batch 0230 | loss=0.6182 | acc=0.832
[F1] [E26] batch 0240 | loss=0.6670 | acc=0.812
[F1] [E26] batch 0250 | loss=0.6568 | acc=0.812
[F1] [E26] batch 0260 | loss=0.6867 | acc=0.824
[F1] [E26] batch 0270 | loss=0.6624 | acc=0.797
[F1] [E26] batch 0280 | loss=0.7605 | acc=0.789
[F1] [E26] batch 0290 | loss=0.6816 | acc=0.797
[F1] [E26] batch 0300 | loss=0.6327 | acc=0.828
[F1] [E26] batch 0310 | loss=0.6097 | acc=0.836
[F1] [E26] batch 0320 | loss=0.7018 | acc=0.781
[F1] [E26] batch 0330 | loss=0.6865 | acc=0.781
[F1] [E26] batch 0340 | loss=0.6947 | acc=0.801
[F1] [E26] batch 0350 | loss=0.6209 | acc=0.812
[F1] [E26] batch 0360 | loss=0.7147 | acc=0.801
[F1] [E26] batch 0370 | loss=0.6769 | acc=0.797
[F1] [E26] batch 0380 | loss=0.6571 | acc=0.816
[F1] [E26] batch 0390 | loss=0.6688 | acc=0.793
[F1] [E26] batch 0400 | loss=0.6337 | acc=0.824
[F1] [E26] batch 0410 | loss=0.7095 | acc=0.801
[F1] [E26] batch 0420 | loss=0.6466 | acc=0.809
[F1] [E26] total_loss=282.699 | VAL acc=0.937 | F1=0.776 | kappa=0.853
[F1] [E27] batch 0000 | loss=0.6517 | acc=0.832
[F1] [E27] batch 0010 | loss=0.6681 | acc=0.812
[F1] [E27] batch 0020 | loss=0.6649 | acc=0.781
[F1] [E27] batch 0030 | loss=0.7137 | acc=0.777
[F1] [E27] batch 0040 | loss=0.6336 | acc=0.816
[F1] [E27] batch 0050 | loss=0.6397 | acc=0.828
[F1] [E27] batch 0060 | loss=0.6916 | acc=0.824
[F1] [E27] batch 0070 | loss=0.6371 | acc=0.812
[F1] [E27] batch 0080 | loss=0.7250 | acc=0.770
[F1] [E27] batch 0090 | loss=0.6886 | acc=0.766
[F1] [E27] batch 0100 | loss=0.6449 | acc=0.832
[F1] [E27] batch 0110 | loss=0.6898 | acc=0.820
[F1] [E27] batch 0120 | loss=0.6410 | acc=0.820
[F1] [E27] batch 0130 | loss=0.6044 | acc=0.871
[F1] [E27] batch 0140 | loss=0.6971 | acc=0.809
[F1] [E27] batch 0150 | loss=0.6716 | acc=0.797
[F1] [E27] batch 0160 | loss=0.6477 | acc=0.805
[F1] [E27] batch 0170 | loss=0.6478 | acc=0.793
[F1] [E27] batch 0180 | loss=0.6111 | acc=0.848
[F1] [E27] batch 0190 | loss=0.7181 | acc=0.773
[F1] [E27] batch 0200 | loss=0.6974 | acc=0.797
[F1] [E27] batch 0210 | loss=0.6896 | acc=0.797
[F1] [E27] batch 0220 | loss=0.6252 | acc=0.832
[F1] [E27] batch 0230 | loss=0.6784 | acc=0.797
[F1] [E27] batch 0240 | loss=0.6696 | acc=0.801
[F1] [E27] batch 0250 | loss=0.6495 | acc=0.824
[F1] [E27] batch 0260 | loss=0.6564 | acc=0.801
[F1] [E27] batch 0270 | loss=0.6321 | acc=0.832
[F1] [E27] batch 0280 | loss=0.6417 | acc=0.832
[F1] [E27] batch 0290 | loss=0.6577 | acc=0.801
[F1] [E27] batch 0300 | loss=0.5996 | acc=0.828
[F1] [E27] batch 0310 | loss=0.6643 | acc=0.816
[F1] [E27] batch 0320 | loss=0.6309 | acc=0.844
[F1] [E27] batch 0330 | loss=0.6398 | acc=0.809
[F1] [E27] batch 0340 | loss=0.5985 | acc=0.840
[F1] [E27] batch 0350 | loss=0.6334 | acc=0.812
[F1] [E27] batch 0360 | loss=0.6456 | acc=0.809
[F1] [E27] batch 0370 | loss=0.6550 | acc=0.816
[F1] [E27] batch 0380 | loss=0.6432 | acc=0.793
[F1] [E27] batch 0390 | loss=0.6499 | acc=0.785
[F1] [E27] batch 0400 | loss=0.7005 | acc=0.805
[F1] [E27] batch 0410 | loss=0.5920 | acc=0.844
[F1] [E27] batch 0420 | loss=0.6496 | acc=0.797
[F1] [E27] total_loss=280.801 | VAL acc=0.940 | F1=0.786 | kappa=0.859
[F1] [E28] batch 0000 | loss=0.6388 | acc=0.840
[F1] [E28] batch 0010 | loss=0.6602 | acc=0.797
[F1] [E28] batch 0020 | loss=0.6141 | acc=0.805
[F1] [E28] batch 0030 | loss=0.6161 | acc=0.852
[F1] [E28] batch 0040 | loss=0.6577 | acc=0.801
[F1] [E28] batch 0050 | loss=0.5637 | acc=0.867
[F1] [E28] batch 0060 | loss=0.6548 | acc=0.793
[F1] [E28] batch 0070 | loss=0.6518 | acc=0.812
[F1] [E28] batch 0080 | loss=0.6741 | acc=0.781
[F1] [E28] batch 0090 | loss=0.6859 | acc=0.809
[F1] [E28] batch 0100 | loss=0.6477 | acc=0.812
[F1] [E28] batch 0110 | loss=0.6690 | acc=0.805
[F1] [E28] batch 0120 | loss=0.5960 | acc=0.840
[F1] [E28] batch 0130 | loss=0.6160 | acc=0.844
[F1] [E28] batch 0140 | loss=0.6758 | acc=0.805
[F1] [E28] batch 0150 | loss=0.6281 | acc=0.840
[F1] [E28] batch 0160 | loss=0.6462 | acc=0.805
[F1] [E28] batch 0170 | loss=0.6027 | acc=0.844
[F1] [E28] batch 0180 | loss=0.6839 | acc=0.781
[F1] [E28] batch 0190 | loss=0.6738 | acc=0.785
[F1] [E28] batch 0200 | loss=0.6308 | acc=0.828
[F1] [E28] batch 0210 | loss=0.6877 | acc=0.812
[F1] [E28] batch 0220 | loss=0.5831 | acc=0.852
[F1] [E28] batch 0230 | loss=0.6481 | acc=0.805
[F1] [E28] batch 0240 | loss=0.6626 | acc=0.797
[F1] [E28] batch 0250 | loss=0.6266 | acc=0.832
[F1] [E28] batch 0260 | loss=0.6536 | acc=0.816
[F1] [E28] batch 0270 | loss=0.6470 | acc=0.836
[F1] [E28] batch 0280 | loss=0.6929 | acc=0.777
[F1] [E28] batch 0290 | loss=0.6218 | acc=0.836
[F1] [E28] batch 0300 | loss=0.6729 | acc=0.805
[F1] [E28] batch 0310 | loss=0.6275 | acc=0.832
[F1] [E28] batch 0320 | loss=0.6317 | acc=0.812
[F1] [E28] batch 0330 | loss=0.6853 | acc=0.789
[F1] [E28] batch 0340 | loss=0.6703 | acc=0.793
[F1] [E28] batch 0350 | loss=0.6777 | acc=0.789
[F1] [E28] batch 0360 | loss=0.5810 | acc=0.867
[F1] [E28] batch 0370 | loss=0.6314 | acc=0.816
[F1] [E28] batch 0380 | loss=0.7204 | acc=0.793
[F1] [E28] batch 0390 | loss=0.6584 | acc=0.805
[F1] [E28] batch 0400 | loss=0.5981 | acc=0.840
[F1] [E28] batch 0410 | loss=0.6583 | acc=0.785
[F1] [E28] batch 0420 | loss=0.5901 | acc=0.844
[F1] [E28] total_loss=281.766 | VAL acc=0.942 | F1=0.793 | kappa=0.863
[F1] [E29] batch 0000 | loss=0.6917 | acc=0.773
[F1] [E29] batch 0010 | loss=0.5750 | acc=0.875
[F1] [E29] batch 0020 | loss=0.6791 | acc=0.805
[F1] [E29] batch 0030 | loss=0.7069 | acc=0.785
[F1] [E29] batch 0040 | loss=0.6293 | acc=0.832
[F1] [E29] batch 0050 | loss=0.6042 | acc=0.816
[F1] [E29] batch 0060 | loss=0.6279 | acc=0.816
[F1] [E29] batch 0070 | loss=0.6017 | acc=0.859
[F1] [E29] batch 0080 | loss=0.7005 | acc=0.777
[F1] [E29] batch 0090 | loss=0.6711 | acc=0.820
[F1] [E29] batch 0100 | loss=0.6498 | acc=0.840
[F1] [E29] batch 0110 | loss=0.6463 | acc=0.805
[F1] [E29] batch 0120 | loss=0.7176 | acc=0.762
[F1] [E29] batch 0130 | loss=0.6579 | acc=0.797
[F1] [E29] batch 0140 | loss=0.5928 | acc=0.852
[F1] [E29] batch 0150 | loss=0.7086 | acc=0.785
[F1] [E29] batch 0160 | loss=0.6472 | acc=0.801
[F1] [E29] batch 0170 | loss=0.6247 | acc=0.828
[F1] [E29] batch 0180 | loss=0.7375 | acc=0.773
[F1] [E29] batch 0190 | loss=0.6549 | acc=0.805
[F1] [E29] batch 0200 | loss=0.7182 | acc=0.781
[F1] [E29] batch 0210 | loss=0.6935 | acc=0.785
[F1] [E29] batch 0220 | loss=0.6744 | acc=0.805
[F1] [E29] batch 0230 | loss=0.6266 | acc=0.840
[F1] [E29] batch 0240 | loss=0.6413 | acc=0.820
[F1] [E29] batch 0250 | loss=0.6370 | acc=0.820
[F1] [E29] batch 0260 | loss=0.6746 | acc=0.797
[F1] [E29] batch 0270 | loss=0.6345 | acc=0.816
[F1] [E29] batch 0280 | loss=0.6291 | acc=0.812
[F1] [E29] batch 0290 | loss=0.6715 | acc=0.824
[F1] [E29] batch 0300 | loss=0.6135 | acc=0.848
[F1] [E29] batch 0310 | loss=0.6616 | acc=0.820
[F1] [E29] batch 0320 | loss=0.6523 | acc=0.793
[F1] [E29] batch 0330 | loss=0.6188 | acc=0.848
[F1] [E29] batch 0340 | loss=0.6185 | acc=0.820
[F1] [E29] batch 0350 | loss=0.7167 | acc=0.820
[F1] [E29] batch 0360 | loss=0.7208 | acc=0.773
[F1] [E29] batch 0370 | loss=0.6511 | acc=0.801
[F1] [E29] batch 0380 | loss=0.6426 | acc=0.836
[F1] [E29] batch 0390 | loss=0.6736 | acc=0.824
[F1] [E29] batch 0400 | loss=0.6132 | acc=0.852
[F1] [E29] batch 0410 | loss=0.7364 | acc=0.789
[F1] [E29] batch 0420 | loss=0.6458 | acc=0.820
[F1] [E29] total_loss=280.139 | VAL acc=0.938 | F1=0.782 | kappa=0.856
[F1] [E30] batch 0000 | loss=0.7202 | acc=0.789
[F1] [E30] batch 0010 | loss=0.6262 | acc=0.824
[F1] [E30] batch 0020 | loss=0.6579 | acc=0.816
[F1] [E30] batch 0030 | loss=0.6984 | acc=0.777
[F1] [E30] batch 0040 | loss=0.6635 | acc=0.812
[F1] [E30] batch 0050 | loss=0.6361 | acc=0.816
[F1] [E30] batch 0060 | loss=0.6512 | acc=0.801
[F1] [E30] batch 0070 | loss=0.6554 | acc=0.801
[F1] [E30] batch 0080 | loss=0.5746 | acc=0.855
[F1] [E30] batch 0090 | loss=0.5921 | acc=0.848
[F1] [E30] batch 0100 | loss=0.6591 | acc=0.824
[F1] [E30] batch 0110 | loss=0.6194 | acc=0.812
[F1] [E30] batch 0120 | loss=0.5829 | acc=0.855
[F1] [E30] batch 0130 | loss=0.6140 | acc=0.824
[F1] [E30] batch 0140 | loss=0.6314 | acc=0.836
[F1] [E30] batch 0150 | loss=0.6382 | acc=0.820
[F1] [E30] batch 0160 | loss=0.6151 | acc=0.859
[F1] [E30] batch 0170 | loss=0.6387 | acc=0.809
[F1] [E30] batch 0180 | loss=0.6714 | acc=0.801
[F1] [E30] batch 0190 | loss=0.7060 | acc=0.758
[F1] [E30] batch 0200 | loss=0.6364 | acc=0.824
[F1] [E30] batch 0210 | loss=0.6495 | acc=0.820
[F1] [E30] batch 0220 | loss=0.7135 | acc=0.805
[F1] [E30] batch 0230 | loss=0.6716 | acc=0.797
[F1] [E30] batch 0240 | loss=0.6560 | acc=0.805
[F1] [E30] batch 0250 | loss=0.6444 | acc=0.824
[F1] [E30] batch 0260 | loss=0.6409 | acc=0.824
[F1] [E30] batch 0270 | loss=0.6384 | acc=0.820
[F1] [E30] batch 0280 | loss=0.7170 | acc=0.785
[F1] [E30] batch 0290 | loss=0.5767 | acc=0.828
[F1] [E30] batch 0300 | loss=0.6171 | acc=0.832
[F1] [E30] batch 0310 | loss=0.7400 | acc=0.762
[F1] [E30] batch 0320 | loss=0.6489 | acc=0.812
[F1] [E30] batch 0330 | loss=0.6355 | acc=0.809
[F1] [E30] batch 0340 | loss=0.6946 | acc=0.785
[F1] [E30] batch 0350 | loss=0.6097 | acc=0.844
[F1] [E30] batch 0360 | loss=0.6700 | acc=0.832
[F1] [E30] batch 0370 | loss=0.6090 | acc=0.828
[F1] [E30] batch 0380 | loss=0.6719 | acc=0.781
[F1] [E30] batch 0390 | loss=0.6681 | acc=0.812
[F1] [E30] batch 0400 | loss=0.6476 | acc=0.812
[F1] [E30] batch 0410 | loss=0.6292 | acc=0.855
[F1] [E30] batch 0420 | loss=0.6432 | acc=0.812
[F1] [E30] total_loss=281.339 | VAL acc=0.941 | F1=0.788 | kappa=0.861
[F1] TEST acc=0.877 | macro-F1=0.713 | kappa=0.768
[F1] time=2.0 min
[SAVE] /scratch/lustre/home/viju8335/projects/sleep-staging-bsc/results/cv_cnn_fold1.json
