Lmod has detected the following error: The following module(s) are unknown:
"python/3.10"

Please check the spelling or version number. Also try "module spider ..."
It is also possible your cache file is out-of-date; it may help to try:
  $ module --ignore_cache load "python/3.10"

Also make sure that all modulefiles written in TCL start with the string
#%Module



[INFO] Epoch-level CNN | TRAIN=1210 | VAL=24
=== DEVICE: cuda ===
[DBG] model dtype: torch.float32
[DBG] first batch dtypes: torch.float32 torch.int64 | shape: torch.Size([256, 1, 3000])
[INFO] class weights: [2.7178797e-09 1.6666666e+00 1.6666666e+00 1.6666666e+00 4.3091166e-09]
=== START TRAIN ===
[E01] batch 0000 | loss=1.5339
[E01] total_loss=7.576 | VAL acc=0.625 | F1=0.385 | kappa=0.000
[SAVE] New best CNN1D (by F1)
[E02] batch 0000 | loss=1.4856
[E02] total_loss=7.327 | VAL acc=0.625 | F1=0.385 | kappa=0.000
[E03] batch 0000 | loss=1.4348
[E03] total_loss=7.062 | VAL acc=0.625 | F1=0.385 | kappa=0.000
[E04] batch 0000 | loss=1.3684
[E04] total_loss=6.753 | VAL acc=0.625 | F1=0.385 | kappa=0.000
[E05] batch 0000 | loss=1.3176
[E05] total_loss=6.367 | VAL acc=0.625 | F1=0.385 | kappa=0.000
[E06] batch 0000 | loss=1.2354
[E06] total_loss=6.014 | VAL acc=0.625 | F1=0.385 | kappa=0.000
[E07] batch 0000 | loss=1.1682
[E07] total_loss=5.758 | VAL acc=0.625 | F1=0.385 | kappa=0.000
[STOP] Early stopping (no improvement)
=== TRAIN DONE ===
