[CV] k=10 fold=2
[CV] TRAIN subjects (45): ['SC4002E0', 'SC4011E0', 'SC4012E0', 'SC4022E0', 'SC4032E0'] ...
[CV] VAL   subjects (1):   ['SC4001E0']
[CV] TEST  subjects (5):  ['SC4021E0', 'SC4031E0', 'SC4041E0', 'SC4241E0', 'SC4251E0'] ...
=== DEVICE: cuda ===
=== START TRAIN (CV fold) ===
[F2] [E01] batch 0000 | loss=1.6790 | acc=0.191
[F2] [E01] batch 0010 | loss=1.5189 | acc=0.285
[F2] [E01] batch 0020 | loss=1.4282 | acc=0.484
[F2] [E01] batch 0030 | loss=1.3655 | acc=0.484
[F2] [E01] batch 0040 | loss=1.3528 | acc=0.477
[F2] [E01] batch 0050 | loss=1.2043 | acc=0.590
[F2] [E01] batch 0060 | loss=1.2598 | acc=0.512
[F2] [E01] batch 0070 | loss=1.1665 | acc=0.559
[F2] [E01] batch 0080 | loss=1.0985 | acc=0.605
[F2] [E01] batch 0090 | loss=1.1352 | acc=0.562
[F2] [E01] batch 0100 | loss=1.0479 | acc=0.660
[F2] [E01] batch 0110 | loss=1.0618 | acc=0.598
[F2] [E01] batch 0120 | loss=1.0066 | acc=0.621
[F2] [E01] batch 0130 | loss=1.0051 | acc=0.629
[F2] [E01] batch 0140 | loss=1.0201 | acc=0.625
[F2] [E01] batch 0150 | loss=0.9824 | acc=0.664
[F2] [E01] batch 0160 | loss=0.9193 | acc=0.680
[F2] [E01] batch 0170 | loss=0.8779 | acc=0.730
[F2] [E01] batch 0180 | loss=0.9583 | acc=0.664
[F2] [E01] batch 0190 | loss=0.8320 | acc=0.715
[F2] [E01] batch 0200 | loss=0.9226 | acc=0.688
[F2] [E01] batch 0210 | loss=0.8935 | acc=0.707
[F2] [E01] batch 0220 | loss=0.8888 | acc=0.676
[F2] [E01] batch 0230 | loss=0.8790 | acc=0.703
[F2] [E01] batch 0240 | loss=0.8640 | acc=0.727
[F2] [E01] batch 0250 | loss=0.8876 | acc=0.719
[F2] [E01] batch 0260 | loss=0.8464 | acc=0.711
[F2] [E01] batch 0270 | loss=0.8863 | acc=0.707
[F2] [E01] batch 0280 | loss=0.9149 | acc=0.695
[F2] [E01] batch 0290 | loss=0.8492 | acc=0.715
[F2] [E01] batch 0300 | loss=0.7676 | acc=0.773
[F2] [E01] batch 0310 | loss=0.8010 | acc=0.773
[F2] [E01] batch 0320 | loss=0.7976 | acc=0.734
[F2] [E01] batch 0330 | loss=0.8795 | acc=0.641
[F2] [E01] batch 0340 | loss=0.7994 | acc=0.754
[F2] [E01] batch 0350 | loss=0.7989 | acc=0.723
[F2] [E01] batch 0360 | loss=0.7377 | acc=0.777
[F2] [E01] batch 0370 | loss=0.7994 | acc=0.746
[F2] [E01] batch 0380 | loss=0.7664 | acc=0.754
[F2] [E01] batch 0390 | loss=0.8473 | acc=0.695
[F2] [E01] batch 0400 | loss=0.8647 | acc=0.707
[F2] [E01] batch 0410 | loss=0.7852 | acc=0.766
[F2] [E01] batch 0420 | loss=0.8265 | acc=0.711
[F2] [E01] batch 0430 | loss=0.8007 | acc=0.730
[F2] [E01] batch 0440 | loss=0.9235 | acc=0.664
[F2] [E01] batch 0450 | loss=0.7957 | acc=0.746
[F2] [E01] batch 0460 | loss=0.9077 | acc=0.648
[F2] [E01] batch 0470 | loss=0.7844 | acc=0.750
[F2] [E01] total_loss=457.191 | VAL acc=0.930 | F1=0.758 | kappa=0.838
[SAVE] best fold=2 (by VAL F1)
[F2] [E02] batch 0000 | loss=0.7875 | acc=0.730
[F2] [E02] batch 0010 | loss=0.7765 | acc=0.770
[F2] [E02] batch 0020 | loss=0.7958 | acc=0.719
[F2] [E02] batch 0030 | loss=0.7641 | acc=0.727
[F2] [E02] batch 0040 | loss=0.7821 | acc=0.754
[F2] [E02] batch 0050 | loss=0.7743 | acc=0.797
[F2] [E02] batch 0060 | loss=0.7399 | acc=0.770
[F2] [E02] batch 0070 | loss=0.7652 | acc=0.758
[F2] [E02] batch 0080 | loss=0.7104 | acc=0.797
[F2] [E02] batch 0090 | loss=0.7766 | acc=0.750
[F2] [E02] batch 0100 | loss=0.7054 | acc=0.777
[F2] [E02] batch 0110 | loss=0.7656 | acc=0.738
[F2] [E02] batch 0120 | loss=0.8013 | acc=0.758
[F2] [E02] batch 0130 | loss=0.7800 | acc=0.750
[F2] [E02] batch 0140 | loss=0.6880 | acc=0.801
[F2] [E02] batch 0150 | loss=0.7831 | acc=0.746
[F2] [E02] batch 0160 | loss=0.7383 | acc=0.766
[F2] [E02] batch 0170 | loss=0.7707 | acc=0.742
[F2] [E02] batch 0180 | loss=0.7573 | acc=0.758
[F2] [E02] batch 0190 | loss=0.7378 | acc=0.789
[F2] [E02] batch 0200 | loss=0.7670 | acc=0.754
[F2] [E02] batch 0210 | loss=0.7539 | acc=0.785
[F2] [E02] batch 0220 | loss=0.7524 | acc=0.750
[F2] [E02] batch 0230 | loss=0.7745 | acc=0.766
[F2] [E02] batch 0240 | loss=0.7091 | acc=0.793
[F2] [E02] batch 0250 | loss=0.7222 | acc=0.805
[F2] [E02] batch 0260 | loss=0.7476 | acc=0.781
[F2] [E02] batch 0270 | loss=0.8001 | acc=0.742
[F2] [E02] batch 0280 | loss=0.7675 | acc=0.797
[F2] [E02] batch 0290 | loss=0.7230 | acc=0.801
[F2] [E02] batch 0300 | loss=0.7674 | acc=0.742
[F2] [E02] batch 0310 | loss=0.7641 | acc=0.766
[F2] [E02] batch 0320 | loss=0.7490 | acc=0.742
[F2] [E02] batch 0330 | loss=0.7892 | acc=0.750
[F2] [E02] batch 0340 | loss=0.7339 | acc=0.754
[F2] [E02] batch 0350 | loss=0.7619 | acc=0.789
[F2] [E02] batch 0360 | loss=0.7287 | acc=0.738
[F2] [E02] batch 0370 | loss=0.6800 | acc=0.805
[F2] [E02] batch 0380 | loss=0.6641 | acc=0.797
[F2] [E02] batch 0390 | loss=0.7592 | acc=0.777
[F2] [E02] batch 0400 | loss=0.7277 | acc=0.785
[F2] [E02] batch 0410 | loss=0.6533 | acc=0.832
[F2] [E02] batch 0420 | loss=0.7684 | acc=0.742
[F2] [E02] batch 0430 | loss=0.7811 | acc=0.742
[F2] [E02] batch 0440 | loss=0.7920 | acc=0.742
[F2] [E02] batch 0450 | loss=0.6933 | acc=0.805
[F2] [E02] batch 0460 | loss=0.7510 | acc=0.758
[F2] [E02] batch 0470 | loss=0.7627 | acc=0.730
[F2] [E02] total_loss=361.953 | VAL acc=0.932 | F1=0.754 | kappa=0.839
[F2] [E03] batch 0000 | loss=0.7110 | acc=0.785
[F2] [E03] batch 0010 | loss=0.7661 | acc=0.758
[F2] [E03] batch 0020 | loss=0.6669 | acc=0.812
[F2] [E03] batch 0030 | loss=0.7966 | acc=0.758
[F2] [E03] batch 0040 | loss=0.7739 | acc=0.734
[F2] [E03] batch 0050 | loss=0.7337 | acc=0.785
[F2] [E03] batch 0060 | loss=0.7138 | acc=0.793
[F2] [E03] batch 0070 | loss=0.7598 | acc=0.734
[F2] [E03] batch 0080 | loss=0.7302 | acc=0.773
[F2] [E03] batch 0090 | loss=0.6521 | acc=0.824
[F2] [E03] batch 0100 | loss=0.6869 | acc=0.797
[F2] [E03] batch 0110 | loss=0.7180 | acc=0.781
[F2] [E03] batch 0120 | loss=0.7789 | acc=0.723
[F2] [E03] batch 0130 | loss=0.7768 | acc=0.750
[F2] [E03] batch 0140 | loss=0.7877 | acc=0.730
[F2] [E03] batch 0150 | loss=0.7456 | acc=0.777
[F2] [E03] batch 0160 | loss=0.7706 | acc=0.742
[F2] [E03] batch 0170 | loss=0.8126 | acc=0.734
[F2] [E03] batch 0180 | loss=0.7325 | acc=0.773
[F2] [E03] batch 0190 | loss=0.8050 | acc=0.738
[F2] [E03] batch 0200 | loss=0.7064 | acc=0.789
[F2] [E03] batch 0210 | loss=0.7117 | acc=0.766
[F2] [E03] batch 0220 | loss=0.6841 | acc=0.812
[F2] [E03] batch 0230 | loss=0.7478 | acc=0.766
[F2] [E03] batch 0240 | loss=0.7672 | acc=0.773
[F2] [E03] batch 0250 | loss=0.7150 | acc=0.801
[F2] [E03] batch 0260 | loss=0.8473 | acc=0.703
[F2] [E03] batch 0270 | loss=0.7118 | acc=0.773
[F2] [E03] batch 0280 | loss=0.8177 | acc=0.723
[F2] [E03] batch 0290 | loss=0.7385 | acc=0.793
[F2] [E03] batch 0300 | loss=0.6928 | acc=0.797
[F2] [E03] batch 0310 | loss=0.7247 | acc=0.781
[F2] [E03] batch 0320 | loss=0.7464 | acc=0.766
[F2] [E03] batch 0330 | loss=0.6823 | acc=0.805
[F2] [E03] batch 0340 | loss=0.7077 | acc=0.770
[F2] [E03] batch 0350 | loss=0.7534 | acc=0.789
[F2] [E03] batch 0360 | loss=0.7766 | acc=0.742
[F2] [E03] batch 0370 | loss=0.7378 | acc=0.789
[F2] [E03] batch 0380 | loss=0.6668 | acc=0.805
[F2] [E03] batch 0390 | loss=0.7178 | acc=0.785
[F2] [E03] batch 0400 | loss=0.7752 | acc=0.781
[F2] [E03] batch 0410 | loss=0.7027 | acc=0.805
[F2] [E03] batch 0420 | loss=0.7253 | acc=0.789
[F2] [E03] batch 0430 | loss=0.7198 | acc=0.754
[F2] [E03] batch 0440 | loss=0.7270 | acc=0.766
[F2] [E03] batch 0450 | loss=0.7226 | acc=0.781
[F2] [E03] batch 0460 | loss=0.7117 | acc=0.801
[F2] [E03] batch 0470 | loss=0.7029 | acc=0.797
[F2] [E03] total_loss=351.856 | VAL acc=0.932 | F1=0.772 | kappa=0.843
[SAVE] best fold=2 (by VAL F1)
[F2] [E04] batch 0000 | loss=0.6986 | acc=0.754
[F2] [E04] batch 0010 | loss=0.7181 | acc=0.781
[F2] [E04] batch 0020 | loss=0.6837 | acc=0.805
[F2] [E04] batch 0030 | loss=0.6938 | acc=0.805
[F2] [E04] batch 0040 | loss=0.7060 | acc=0.805
[F2] [E04] batch 0050 | loss=0.7160 | acc=0.770
[F2] [E04] batch 0060 | loss=0.7254 | acc=0.770
[F2] [E04] batch 0070 | loss=0.7941 | acc=0.738
[F2] [E04] batch 0080 | loss=0.7800 | acc=0.730
[F2] [E04] batch 0090 | loss=0.7310 | acc=0.816
[F2] [E04] batch 0100 | loss=0.7567 | acc=0.754
[F2] [E04] batch 0110 | loss=0.7535 | acc=0.773
[F2] [E04] batch 0120 | loss=0.6821 | acc=0.781
[F2] [E04] batch 0130 | loss=0.7374 | acc=0.762
[F2] [E04] batch 0140 | loss=0.7147 | acc=0.789
[F2] [E04] batch 0150 | loss=0.6654 | acc=0.805
[F2] [E04] batch 0160 | loss=0.6588 | acc=0.809
[F2] [E04] batch 0170 | loss=0.7457 | acc=0.746
[F2] [E04] batch 0180 | loss=0.7147 | acc=0.789
[F2] [E04] batch 0190 | loss=0.7473 | acc=0.766
[F2] [E04] batch 0200 | loss=0.7292 | acc=0.754
[F2] [E04] batch 0210 | loss=0.6870 | acc=0.816
[F2] [E04] batch 0220 | loss=0.7062 | acc=0.781
[F2] [E04] batch 0230 | loss=0.6681 | acc=0.797
[F2] [E04] batch 0240 | loss=0.7434 | acc=0.773
[F2] [E04] batch 0250 | loss=0.7908 | acc=0.727
[F2] [E04] batch 0260 | loss=0.6291 | acc=0.828
[F2] [E04] batch 0270 | loss=0.7426 | acc=0.766
[F2] [E04] batch 0280 | loss=0.6526 | acc=0.820
[F2] [E04] batch 0290 | loss=0.6996 | acc=0.805
[F2] [E04] batch 0300 | loss=0.7313 | acc=0.754
[F2] [E04] batch 0310 | loss=0.6719 | acc=0.781
[F2] [E04] batch 0320 | loss=0.6787 | acc=0.789
[F2] [E04] batch 0330 | loss=0.6830 | acc=0.797
[F2] [E04] batch 0340 | loss=0.7139 | acc=0.770
[F2] [E04] batch 0350 | loss=0.7450 | acc=0.758
[F2] [E04] batch 0360 | loss=0.7386 | acc=0.762
[F2] [E04] batch 0370 | loss=0.6937 | acc=0.797
[F2] [E04] batch 0380 | loss=0.7180 | acc=0.773
[F2] [E04] batch 0390 | loss=0.7635 | acc=0.758
[F2] [E04] batch 0400 | loss=0.7135 | acc=0.770
[F2] [E04] batch 0410 | loss=0.7130 | acc=0.777
[F2] [E04] batch 0420 | loss=0.6792 | acc=0.805
[F2] [E04] batch 0430 | loss=0.6750 | acc=0.801
[F2] [E04] batch 0440 | loss=0.7798 | acc=0.770
[F2] [E04] batch 0450 | loss=0.6662 | acc=0.781
[F2] [E04] batch 0460 | loss=0.7305 | acc=0.812
[F2] [E04] batch 0470 | loss=0.7426 | acc=0.750
[F2] [E04] total_loss=346.090 | VAL acc=0.942 | F1=0.785 | kappa=0.864
[SAVE] best fold=2 (by VAL F1)
[F2] [E05] batch 0000 | loss=0.7365 | acc=0.801
[F2] [E05] batch 0010 | loss=0.6622 | acc=0.805
[F2] [E05] batch 0020 | loss=0.7507 | acc=0.758
[F2] [E05] batch 0030 | loss=0.7190 | acc=0.793
[F2] [E05] batch 0040 | loss=0.7378 | acc=0.754
[F2] [E05] batch 0050 | loss=0.7107 | acc=0.789
[F2] [E05] batch 0060 | loss=0.7685 | acc=0.777
[F2] [E05] batch 0070 | loss=0.6981 | acc=0.801
[F2] [E05] batch 0080 | loss=0.8060 | acc=0.754
[F2] [E05] batch 0090 | loss=0.6945 | acc=0.777
[F2] [E05] batch 0100 | loss=0.6820 | acc=0.789
[F2] [E05] batch 0110 | loss=0.6388 | acc=0.828
[F2] [E05] batch 0120 | loss=0.6966 | acc=0.797
[F2] [E05] batch 0130 | loss=0.6756 | acc=0.832
[F2] [E05] batch 0140 | loss=0.6959 | acc=0.781
[F2] [E05] batch 0150 | loss=0.7691 | acc=0.746
[F2] [E05] batch 0160 | loss=0.7524 | acc=0.742
[F2] [E05] batch 0170 | loss=0.7462 | acc=0.777
[F2] [E05] batch 0180 | loss=0.7037 | acc=0.797
[F2] [E05] batch 0190 | loss=0.6669 | acc=0.816
[F2] [E05] batch 0200 | loss=0.6814 | acc=0.777
[F2] [E05] batch 0210 | loss=0.6926 | acc=0.785
[F2] [E05] batch 0220 | loss=0.6646 | acc=0.812
[F2] [E05] batch 0230 | loss=0.7048 | acc=0.785
[F2] [E05] batch 0240 | loss=0.7039 | acc=0.793
[F2] [E05] batch 0250 | loss=0.7073 | acc=0.793
[F2] [E05] batch 0260 | loss=0.6689 | acc=0.824
[F2] [E05] batch 0270 | loss=0.7150 | acc=0.797
[F2] [E05] batch 0280 | loss=0.6462 | acc=0.836
[F2] [E05] batch 0290 | loss=0.7194 | acc=0.785
[F2] [E05] batch 0300 | loss=0.7276 | acc=0.746
[F2] [E05] batch 0310 | loss=0.7399 | acc=0.785
[F2] [E05] batch 0320 | loss=0.6834 | acc=0.816
[F2] [E05] batch 0330 | loss=0.7393 | acc=0.785
[F2] [E05] batch 0340 | loss=0.6980 | acc=0.777
[F2] [E05] batch 0350 | loss=0.6888 | acc=0.793
[F2] [E05] batch 0360 | loss=0.7406 | acc=0.793
[F2] [E05] batch 0370 | loss=0.7768 | acc=0.762
[F2] [E05] batch 0380 | loss=0.6971 | acc=0.793
[F2] [E05] batch 0390 | loss=0.6724 | acc=0.785
[F2] [E05] batch 0400 | loss=0.7249 | acc=0.781
[F2] [E05] batch 0410 | loss=0.7916 | acc=0.750
[F2] [E05] batch 0420 | loss=0.7086 | acc=0.766
[F2] [E05] batch 0430 | loss=0.7284 | acc=0.758
[F2] [E05] batch 0440 | loss=0.6664 | acc=0.785
[F2] [E05] batch 0450 | loss=0.6973 | acc=0.797
[F2] [E05] batch 0460 | loss=0.6865 | acc=0.793
[F2] [E05] batch 0470 | loss=0.6771 | acc=0.797
[F2] [E05] total_loss=340.452 | VAL acc=0.925 | F1=0.735 | kappa=0.826
[F2] [E06] batch 0000 | loss=0.6397 | acc=0.848
[F2] [E06] batch 0010 | loss=0.7286 | acc=0.754
[F2] [E06] batch 0020 | loss=0.6779 | acc=0.812
[F2] [E06] batch 0030 | loss=0.7595 | acc=0.750
[F2] [E06] batch 0040 | loss=0.7662 | acc=0.734
[F2] [E06] batch 0050 | loss=0.6861 | acc=0.812
[F2] [E06] batch 0060 | loss=0.6791 | acc=0.777
[F2] [E06] batch 0070 | loss=0.7421 | acc=0.785
[F2] [E06] batch 0080 | loss=0.6772 | acc=0.797
[F2] [E06] batch 0090 | loss=0.7715 | acc=0.734
[F2] [E06] batch 0100 | loss=0.6638 | acc=0.762
[F2] [E06] batch 0110 | loss=0.6438 | acc=0.809
[F2] [E06] batch 0120 | loss=0.7457 | acc=0.758
[F2] [E06] batch 0130 | loss=0.7087 | acc=0.773
[F2] [E06] batch 0140 | loss=0.7010 | acc=0.797
[F2] [E06] batch 0150 | loss=0.6391 | acc=0.801
[F2] [E06] batch 0160 | loss=0.6591 | acc=0.820
[F2] [E06] batch 0170 | loss=0.7208 | acc=0.789
[F2] [E06] batch 0180 | loss=0.7346 | acc=0.758
[F2] [E06] batch 0190 | loss=0.6672 | acc=0.820
[F2] [E06] batch 0200 | loss=0.6946 | acc=0.809
[F2] [E06] batch 0210 | loss=0.7576 | acc=0.738
[F2] [E06] batch 0220 | loss=0.6727 | acc=0.793
[F2] [E06] batch 0230 | loss=0.7421 | acc=0.758
[F2] [E06] batch 0240 | loss=0.7420 | acc=0.742
[F2] [E06] batch 0250 | loss=0.6605 | acc=0.797
[F2] [E06] batch 0260 | loss=0.7016 | acc=0.781
[F2] [E06] batch 0270 | loss=0.6995 | acc=0.777
[F2] [E06] batch 0280 | loss=0.7360 | acc=0.750
[F2] [E06] batch 0290 | loss=0.6726 | acc=0.801
[F2] [E06] batch 0300 | loss=0.6745 | acc=0.797
[F2] [E06] batch 0310 | loss=0.6631 | acc=0.816
[F2] [E06] batch 0320 | loss=0.7119 | acc=0.812
[F2] [E06] batch 0330 | loss=0.6750 | acc=0.793
[F2] [E06] batch 0340 | loss=0.6757 | acc=0.777
[F2] [E06] batch 0350 | loss=0.6860 | acc=0.789
[F2] [E06] batch 0360 | loss=0.6869 | acc=0.793
[F2] [E06] batch 0370 | loss=0.6520 | acc=0.832
[F2] [E06] batch 0380 | loss=0.6730 | acc=0.770
[F2] [E06] batch 0390 | loss=0.7407 | acc=0.773
[F2] [E06] batch 0400 | loss=0.6849 | acc=0.805
[F2] [E06] batch 0410 | loss=0.6615 | acc=0.824
[F2] [E06] batch 0420 | loss=0.7618 | acc=0.770
[F2] [E06] batch 0430 | loss=0.7130 | acc=0.746
[F2] [E06] batch 0440 | loss=0.6769 | acc=0.820
[F2] [E06] batch 0450 | loss=0.6861 | acc=0.785
[F2] [E06] batch 0460 | loss=0.7426 | acc=0.770
[F2] [E06] batch 0470 | loss=0.7204 | acc=0.797
[F2] [E06] total_loss=336.173 | VAL acc=0.938 | F1=0.786 | kappa=0.856
[SAVE] best fold=2 (by VAL F1)
[F2] [E07] batch 0000 | loss=0.7169 | acc=0.738
[F2] [E07] batch 0010 | loss=0.6462 | acc=0.801
[F2] [E07] batch 0020 | loss=0.7047 | acc=0.773
[F2] [E07] batch 0030 | loss=0.7028 | acc=0.777
[F2] [E07] batch 0040 | loss=0.6457 | acc=0.812
[F2] [E07] batch 0050 | loss=0.7254 | acc=0.785
[F2] [E07] batch 0060 | loss=0.7180 | acc=0.766
[F2] [E07] batch 0070 | loss=0.6865 | acc=0.805
[F2] [E07] batch 0080 | loss=0.7236 | acc=0.738
[F2] [E07] batch 0090 | loss=0.6583 | acc=0.820
[F2] [E07] batch 0100 | loss=0.6780 | acc=0.801
[F2] [E07] batch 0110 | loss=0.6993 | acc=0.773
[F2] [E07] batch 0120 | loss=0.8005 | acc=0.719
[F2] [E07] batch 0130 | loss=0.7571 | acc=0.762
[F2] [E07] batch 0140 | loss=0.6270 | acc=0.840
[F2] [E07] batch 0150 | loss=0.5670 | acc=0.875
[F2] [E07] batch 0160 | loss=0.6116 | acc=0.809
[F2] [E07] batch 0170 | loss=0.7629 | acc=0.754
[F2] [E07] batch 0180 | loss=0.6664 | acc=0.801
[F2] [E07] batch 0190 | loss=0.6758 | acc=0.805
[F2] [E07] batch 0200 | loss=0.6773 | acc=0.809
[F2] [E07] batch 0210 | loss=0.6801 | acc=0.801
[F2] [E07] batch 0220 | loss=0.7058 | acc=0.777
[F2] [E07] batch 0230 | loss=0.6932 | acc=0.781
[F2] [E07] batch 0240 | loss=0.6767 | acc=0.805
[F2] [E07] batch 0250 | loss=0.7188 | acc=0.781
[F2] [E07] batch 0260 | loss=0.6511 | acc=0.809
[F2] [E07] batch 0270 | loss=0.6657 | acc=0.816
[F2] [E07] batch 0280 | loss=0.6566 | acc=0.836
[F2] [E07] batch 0290 | loss=0.7613 | acc=0.777
[F2] [E07] batch 0300 | loss=0.7242 | acc=0.754
[F2] [E07] batch 0310 | loss=0.6511 | acc=0.812
[F2] [E07] batch 0320 | loss=0.7248 | acc=0.750
[F2] [E07] batch 0330 | loss=0.7056 | acc=0.766
[F2] [E07] batch 0340 | loss=0.6471 | acc=0.812
[F2] [E07] batch 0350 | loss=0.7274 | acc=0.777
[F2] [E07] batch 0360 | loss=0.7133 | acc=0.781
[F2] [E07] batch 0370 | loss=0.7004 | acc=0.781
[F2] [E07] batch 0380 | loss=0.6058 | acc=0.852
[F2] [E07] batch 0390 | loss=0.7030 | acc=0.785
[F2] [E07] batch 0400 | loss=0.6674 | acc=0.797
[F2] [E07] batch 0410 | loss=0.6349 | acc=0.816
[F2] [E07] batch 0420 | loss=0.6805 | acc=0.781
[F2] [E07] batch 0430 | loss=0.6417 | acc=0.812
[F2] [E07] batch 0440 | loss=0.6798 | acc=0.785
[F2] [E07] batch 0450 | loss=0.6584 | acc=0.785
[F2] [E07] batch 0460 | loss=0.6926 | acc=0.789
[F2] [E07] batch 0470 | loss=0.6902 | acc=0.809
[F2] [E07] total_loss=333.754 | VAL acc=0.928 | F1=0.740 | kappa=0.834
[F2] [E08] batch 0000 | loss=0.8052 | acc=0.734
[F2] [E08] batch 0010 | loss=0.7045 | acc=0.789
[F2] [E08] batch 0020 | loss=0.6704 | acc=0.789
[F2] [E08] batch 0030 | loss=0.6696 | acc=0.824
[F2] [E08] batch 0040 | loss=0.7170 | acc=0.773
[F2] [E08] batch 0050 | loss=0.6636 | acc=0.812
[F2] [E08] batch 0060 | loss=0.6671 | acc=0.809
[F2] [E08] batch 0070 | loss=0.6385 | acc=0.816
[F2] [E08] batch 0080 | loss=0.7088 | acc=0.789
[F2] [E08] batch 0090 | loss=0.6586 | acc=0.812
[F2] [E08] batch 0100 | loss=0.6947 | acc=0.789
[F2] [E08] batch 0110 | loss=0.7600 | acc=0.781
[F2] [E08] batch 0120 | loss=0.7283 | acc=0.773
[F2] [E08] batch 0130 | loss=0.6703 | acc=0.777
[F2] [E08] batch 0140 | loss=0.7137 | acc=0.773
[F2] [E08] batch 0150 | loss=0.6566 | acc=0.816
[F2] [E08] batch 0160 | loss=0.7256 | acc=0.773
[F2] [E08] batch 0170 | loss=0.6552 | acc=0.828
[F2] [E08] batch 0180 | loss=0.6663 | acc=0.820
[F2] [E08] batch 0190 | loss=0.6684 | acc=0.789
[F2] [E08] batch 0200 | loss=0.7127 | acc=0.777
[F2] [E08] batch 0210 | loss=0.6446 | acc=0.797
[F2] [E08] batch 0220 | loss=0.6564 | acc=0.812
[F2] [E08] batch 0230 | loss=0.7438 | acc=0.750
[F2] [E08] batch 0240 | loss=0.6935 | acc=0.789
[F2] [E08] batch 0250 | loss=0.6731 | acc=0.793
[F2] [E08] batch 0260 | loss=0.6309 | acc=0.859
[F2] [E08] batch 0270 | loss=0.7218 | acc=0.758
[F2] [E08] batch 0280 | loss=0.7323 | acc=0.773
[F2] [E08] batch 0290 | loss=0.6720 | acc=0.805
[F2] [E08] batch 0300 | loss=0.6584 | acc=0.801
[F2] [E08] batch 0310 | loss=0.7055 | acc=0.812
[F2] [E08] batch 0320 | loss=0.7465 | acc=0.785
[F2] [E08] batch 0330 | loss=0.6574 | acc=0.797
[F2] [E08] batch 0340 | loss=0.6970 | acc=0.801
[F2] [E08] batch 0350 | loss=0.7254 | acc=0.777
[F2] [E08] batch 0360 | loss=0.7088 | acc=0.793
[F2] [E08] batch 0370 | loss=0.6832 | acc=0.828
[F2] [E08] batch 0380 | loss=0.6774 | acc=0.809
[F2] [E08] batch 0390 | loss=0.7286 | acc=0.793
[F2] [E08] batch 0400 | loss=0.7436 | acc=0.750
[F2] [E08] batch 0410 | loss=0.7526 | acc=0.734
[F2] [E08] batch 0420 | loss=0.6526 | acc=0.805
[F2] [E08] batch 0430 | loss=0.6716 | acc=0.812
[F2] [E08] batch 0440 | loss=0.6656 | acc=0.824
[F2] [E08] batch 0450 | loss=0.7059 | acc=0.758
[F2] [E08] batch 0460 | loss=0.6895 | acc=0.836
[F2] [E08] batch 0470 | loss=0.6833 | acc=0.809
[F2] [E08] total_loss=330.033 | VAL acc=0.935 | F1=0.774 | kappa=0.849
[F2] [E09] batch 0000 | loss=0.7203 | acc=0.758
[F2] [E09] batch 0010 | loss=0.6940 | acc=0.801
[F2] [E09] batch 0020 | loss=0.7024 | acc=0.770
[F2] [E09] batch 0030 | loss=0.6930 | acc=0.793
[F2] [E09] batch 0040 | loss=0.6546 | acc=0.809
[F2] [E09] batch 0050 | loss=0.6965 | acc=0.789
[F2] [E09] batch 0060 | loss=0.6549 | acc=0.805
[F2] [E09] batch 0070 | loss=0.6733 | acc=0.832
[F2] [E09] batch 0080 | loss=0.6495 | acc=0.812
[F2] [E09] batch 0090 | loss=0.6923 | acc=0.805
[F2] [E09] batch 0100 | loss=0.7059 | acc=0.781
[F2] [E09] batch 0110 | loss=0.6989 | acc=0.766
[F2] [E09] batch 0120 | loss=0.7183 | acc=0.770
[F2] [E09] batch 0130 | loss=0.6923 | acc=0.816
[F2] [E09] batch 0140 | loss=0.7159 | acc=0.797
[F2] [E09] batch 0150 | loss=0.7118 | acc=0.801
[F2] [E09] batch 0160 | loss=0.6338 | acc=0.836
[F2] [E09] batch 0170 | loss=0.6625 | acc=0.816
[F2] [E09] batch 0180 | loss=0.7370 | acc=0.742
[F2] [E09] batch 0190 | loss=0.7195 | acc=0.766
[F2] [E09] batch 0200 | loss=0.6821 | acc=0.789
[F2] [E09] batch 0210 | loss=0.7471 | acc=0.762
[F2] [E09] batch 0220 | loss=0.7458 | acc=0.754
[F2] [E09] batch 0230 | loss=0.6263 | acc=0.840
[F2] [E09] batch 0240 | loss=0.7119 | acc=0.773
[F2] [E09] batch 0250 | loss=0.6673 | acc=0.828
[F2] [E09] batch 0260 | loss=0.7324 | acc=0.754
[F2] [E09] batch 0270 | loss=0.6791 | acc=0.820
[F2] [E09] batch 0280 | loss=0.7285 | acc=0.770
[F2] [E09] batch 0290 | loss=0.6942 | acc=0.762
[F2] [E09] batch 0300 | loss=0.6997 | acc=0.758
[F2] [E09] batch 0310 | loss=0.6703 | acc=0.824
[F2] [E09] batch 0320 | loss=0.7657 | acc=0.730
[F2] [E09] batch 0330 | loss=0.6557 | acc=0.809
[F2] [E09] batch 0340 | loss=0.6407 | acc=0.836
[F2] [E09] batch 0350 | loss=0.6393 | acc=0.816
[F2] [E09] batch 0360 | loss=0.7160 | acc=0.785
[F2] [E09] batch 0370 | loss=0.6215 | acc=0.844
[F2] [E09] batch 0380 | loss=0.6689 | acc=0.805
[F2] [E09] batch 0390 | loss=0.6703 | acc=0.801
[F2] [E09] batch 0400 | loss=0.7136 | acc=0.770
[F2] [E09] batch 0410 | loss=0.6994 | acc=0.785
[F2] [E09] batch 0420 | loss=0.6764 | acc=0.797
[F2] [E09] batch 0430 | loss=0.6489 | acc=0.805
[F2] [E09] batch 0440 | loss=0.6516 | acc=0.820
[F2] [E09] batch 0450 | loss=0.7346 | acc=0.746
[F2] [E09] batch 0460 | loss=0.6238 | acc=0.828
[F2] [E09] batch 0470 | loss=0.7647 | acc=0.742
[F2] [E09] total_loss=328.960 | VAL acc=0.929 | F1=0.727 | kappa=0.834
[F2] [E10] batch 0000 | loss=0.7461 | acc=0.773
[F2] [E10] batch 0010 | loss=0.6796 | acc=0.805
[F2] [E10] batch 0020 | loss=0.6308 | acc=0.844
[F2] [E10] batch 0030 | loss=0.6679 | acc=0.812
[F2] [E10] batch 0040 | loss=0.6446 | acc=0.809
[F2] [E10] batch 0050 | loss=0.6872 | acc=0.789
[F2] [E10] batch 0060 | loss=0.6872 | acc=0.809
[F2] [E10] batch 0070 | loss=0.6814 | acc=0.789
[F2] [E10] batch 0080 | loss=0.7062 | acc=0.809
[F2] [E10] batch 0090 | loss=0.6968 | acc=0.797
[F2] [E10] batch 0100 | loss=0.6367 | acc=0.824
[F2] [E10] batch 0110 | loss=0.6673 | acc=0.797
[F2] [E10] batch 0120 | loss=0.6280 | acc=0.844
[F2] [E10] batch 0130 | loss=0.6894 | acc=0.789
[F2] [E10] batch 0140 | loss=0.7218 | acc=0.773
[F2] [E10] batch 0150 | loss=0.6838 | acc=0.766
[F2] [E10] batch 0160 | loss=0.6503 | acc=0.809
[F2] [E10] batch 0170 | loss=0.6884 | acc=0.797
[F2] [E10] batch 0180 | loss=0.6717 | acc=0.785
[F2] [E10] batch 0190 | loss=0.7057 | acc=0.789
[F2] [E10] batch 0200 | loss=0.7973 | acc=0.734
[F2] [E10] batch 0210 | loss=0.6863 | acc=0.809
[F2] [E10] batch 0220 | loss=0.6888 | acc=0.809
[F2] [E10] batch 0230 | loss=0.6815 | acc=0.809
[F2] [E10] batch 0240 | loss=0.6592 | acc=0.820
[F2] [E10] batch 0250 | loss=0.6701 | acc=0.797
[F2] [E10] batch 0260 | loss=0.7019 | acc=0.750
[F2] [E10] batch 0270 | loss=0.7241 | acc=0.770
[F2] [E10] batch 0280 | loss=0.7367 | acc=0.762
[F2] [E10] batch 0290 | loss=0.6873 | acc=0.781
[F2] [E10] batch 0300 | loss=0.7121 | acc=0.773
[F2] [E10] batch 0310 | loss=0.7057 | acc=0.773
[F2] [E10] batch 0320 | loss=0.6499 | acc=0.816
[F2] [E10] batch 0330 | loss=0.5983 | acc=0.855
[F2] [E10] batch 0340 | loss=0.6979 | acc=0.785
[F2] [E10] batch 0350 | loss=0.7297 | acc=0.789
[F2] [E10] batch 0360 | loss=0.6991 | acc=0.777
[F2] [E10] batch 0370 | loss=0.6609 | acc=0.801
[F2] [E10] batch 0380 | loss=0.7327 | acc=0.766
[F2] [E10] batch 0390 | loss=0.6860 | acc=0.805
[F2] [E10] batch 0400 | loss=0.7047 | acc=0.797
[F2] [E10] batch 0410 | loss=0.6338 | acc=0.844
[F2] [E10] batch 0420 | loss=0.6457 | acc=0.816
[F2] [E10] batch 0430 | loss=0.6755 | acc=0.762
[F2] [E10] batch 0440 | loss=0.7142 | acc=0.816
[F2] [E10] batch 0450 | loss=0.5990 | acc=0.840
[F2] [E10] batch 0460 | loss=0.6440 | acc=0.824
[F2] [E10] batch 0470 | loss=0.6603 | acc=0.785
[F2] [E10] total_loss=327.605 | VAL acc=0.921 | F1=0.724 | kappa=0.816
[F2] [E11] batch 0000 | loss=0.6513 | acc=0.785
[F2] [E11] batch 0010 | loss=0.6542 | acc=0.820
[F2] [E11] batch 0020 | loss=0.6957 | acc=0.785
[F2] [E11] batch 0030 | loss=0.6697 | acc=0.812
[F2] [E11] batch 0040 | loss=0.6895 | acc=0.809
[F2] [E11] batch 0050 | loss=0.7348 | acc=0.770
[F2] [E11] batch 0060 | loss=0.6495 | acc=0.805
[F2] [E11] batch 0070 | loss=0.6221 | acc=0.828
[F2] [E11] batch 0080 | loss=0.7513 | acc=0.789
[F2] [E11] batch 0090 | loss=0.6669 | acc=0.785
[F2] [E11] batch 0100 | loss=0.6163 | acc=0.832
[F2] [E11] batch 0110 | loss=0.7078 | acc=0.793
[F2] [E11] batch 0120 | loss=0.6156 | acc=0.852
[F2] [E11] batch 0130 | loss=0.6761 | acc=0.824
[F2] [E11] batch 0140 | loss=0.6890 | acc=0.801
[F2] [E11] batch 0150 | loss=0.6111 | acc=0.871
[F2] [E11] batch 0160 | loss=0.7100 | acc=0.789
[F2] [E11] batch 0170 | loss=0.6970 | acc=0.785
[F2] [E11] batch 0180 | loss=0.6216 | acc=0.812
[F2] [E11] batch 0190 | loss=0.6764 | acc=0.797
[F2] [E11] batch 0200 | loss=0.6948 | acc=0.758
[F2] [E11] batch 0210 | loss=0.7347 | acc=0.777
[F2] [E11] batch 0220 | loss=0.6705 | acc=0.812
[F2] [E11] batch 0230 | loss=0.7187 | acc=0.785
[F2] [E11] batch 0240 | loss=0.6505 | acc=0.828
[F2] [E11] batch 0250 | loss=0.6921 | acc=0.789
[F2] [E11] batch 0260 | loss=0.6560 | acc=0.809
[F2] [E11] batch 0270 | loss=0.6625 | acc=0.816
[F2] [E11] batch 0280 | loss=0.7497 | acc=0.758
[F2] [E11] batch 0290 | loss=0.6345 | acc=0.824
[F2] [E11] batch 0300 | loss=0.7144 | acc=0.812
[F2] [E11] batch 0310 | loss=0.6971 | acc=0.781
[F2] [E11] batch 0320 | loss=0.6875 | acc=0.789
[F2] [E11] batch 0330 | loss=0.6817 | acc=0.816
[F2] [E11] batch 0340 | loss=0.6646 | acc=0.812
[F2] [E11] batch 0350 | loss=0.6975 | acc=0.766
[F2] [E11] batch 0360 | loss=0.6812 | acc=0.812
[F2] [E11] batch 0370 | loss=0.7317 | acc=0.773
[F2] [E11] batch 0380 | loss=0.7219 | acc=0.777
[F2] [E11] batch 0390 | loss=0.6250 | acc=0.836
[F2] [E11] batch 0400 | loss=0.6885 | acc=0.766
[F2] [E11] batch 0410 | loss=0.7281 | acc=0.793
[F2] [E11] batch 0420 | loss=0.6385 | acc=0.832
[F2] [E11] batch 0430 | loss=0.6338 | acc=0.820
[F2] [E11] batch 0440 | loss=0.6679 | acc=0.801
[F2] [E11] batch 0450 | loss=0.6459 | acc=0.809
[F2] [E11] batch 0460 | loss=0.6632 | acc=0.820
[F2] [E11] batch 0470 | loss=0.6443 | acc=0.828
[F2] [E11] total_loss=324.345 | VAL acc=0.929 | F1=0.754 | kappa=0.835
[F2] [E12] batch 0000 | loss=0.6672 | acc=0.801
[F2] [E12] batch 0010 | loss=0.6889 | acc=0.777
[F2] [E12] batch 0020 | loss=0.5962 | acc=0.832
[F2] [E12] batch 0030 | loss=0.6800 | acc=0.793
[F2] [E12] batch 0040 | loss=0.6558 | acc=0.816
[F2] [E12] batch 0050 | loss=0.5824 | acc=0.844
[F2] [E12] batch 0060 | loss=0.6514 | acc=0.820
[F2] [E12] batch 0070 | loss=0.6974 | acc=0.809
[F2] [E12] batch 0080 | loss=0.6772 | acc=0.793
[F2] [E12] batch 0090 | loss=0.7121 | acc=0.789
[F2] [E12] batch 0100 | loss=0.6416 | acc=0.836
[F2] [E12] batch 0110 | loss=0.7605 | acc=0.781
[F2] [E12] batch 0120 | loss=0.6425 | acc=0.832
[F2] [E12] batch 0130 | loss=0.7772 | acc=0.727
[F2] [E12] batch 0140 | loss=0.6695 | acc=0.812
[F2] [E12] batch 0150 | loss=0.6254 | acc=0.836
[F2] [E12] batch 0160 | loss=0.6769 | acc=0.797
[F2] [E12] batch 0170 | loss=0.6382 | acc=0.812
[F2] [E12] batch 0180 | loss=0.6999 | acc=0.789
[F2] [E12] batch 0190 | loss=0.6277 | acc=0.848
[F2] [E12] batch 0200 | loss=0.6752 | acc=0.816
[F2] [E12] batch 0210 | loss=0.6260 | acc=0.840
[F2] [E12] batch 0220 | loss=0.6313 | acc=0.844
[F2] [E12] batch 0230 | loss=0.6612 | acc=0.805
[F2] [E12] batch 0240 | loss=0.6416 | acc=0.812
[F2] [E12] batch 0250 | loss=0.6934 | acc=0.773
[F2] [E12] batch 0260 | loss=0.6636 | acc=0.828
[F2] [E12] batch 0270 | loss=0.6550 | acc=0.789
[F2] [E12] batch 0280 | loss=0.6696 | acc=0.828
[F2] [E12] batch 0290 | loss=0.6037 | acc=0.863
[F2] [E12] batch 0300 | loss=0.6770 | acc=0.789
[F2] [E12] batch 0310 | loss=0.6744 | acc=0.812
[F2] [E12] batch 0320 | loss=0.7061 | acc=0.801
[F2] [E12] batch 0330 | loss=0.7246 | acc=0.781
[F2] [E12] batch 0340 | loss=0.6182 | acc=0.836
[F2] [E12] batch 0350 | loss=0.6193 | acc=0.805
[F2] [E12] batch 0360 | loss=0.6334 | acc=0.824
[F2] [E12] batch 0370 | loss=0.6160 | acc=0.836
[F2] [E12] batch 0380 | loss=0.6584 | acc=0.809
[F2] [E12] batch 0390 | loss=0.6241 | acc=0.805
[F2] [E12] batch 0400 | loss=0.6374 | acc=0.793
[F2] [E12] batch 0410 | loss=0.6741 | acc=0.805
[F2] [E12] batch 0420 | loss=0.6433 | acc=0.828
[F2] [E12] batch 0430 | loss=0.6358 | acc=0.836
[F2] [E12] batch 0440 | loss=0.6575 | acc=0.809
[F2] [E12] batch 0450 | loss=0.6916 | acc=0.797
[F2] [E12] batch 0460 | loss=0.7211 | acc=0.758
[F2] [E12] batch 0470 | loss=0.6783 | acc=0.801
[F2] [E12] total_loss=323.392 | VAL acc=0.940 | F1=0.782 | kappa=0.859
[F2] [E13] batch 0000 | loss=0.6524 | acc=0.828
[F2] [E13] batch 0010 | loss=0.6728 | acc=0.805
[F2] [E13] batch 0020 | loss=0.6537 | acc=0.809
[F2] [E13] batch 0030 | loss=0.6199 | acc=0.812
[F2] [E13] batch 0040 | loss=0.6378 | acc=0.812
[F2] [E13] batch 0050 | loss=0.6643 | acc=0.828
[F2] [E13] batch 0060 | loss=0.6364 | acc=0.820
[F2] [E13] batch 0070 | loss=0.6542 | acc=0.781
[F2] [E13] batch 0080 | loss=0.6497 | acc=0.824
[F2] [E13] batch 0090 | loss=0.6654 | acc=0.812
[F2] [E13] batch 0100 | loss=0.6186 | acc=0.820
[F2] [E13] batch 0110 | loss=0.5742 | acc=0.867
[F2] [E13] batch 0120 | loss=0.6636 | acc=0.801
[F2] [E13] batch 0130 | loss=0.7343 | acc=0.773
[F2] [E13] batch 0140 | loss=0.6890 | acc=0.801
[F2] [E13] batch 0150 | loss=0.6569 | acc=0.812
[F2] [E13] batch 0160 | loss=0.6510 | acc=0.840
[F2] [E13] batch 0170 | loss=0.7128 | acc=0.793
[F2] [E13] batch 0180 | loss=0.6951 | acc=0.816
[F2] [E13] batch 0190 | loss=0.6393 | acc=0.820
[F2] [E13] batch 0200 | loss=0.6866 | acc=0.793
[F2] [E13] batch 0210 | loss=0.6803 | acc=0.797
[F2] [E13] batch 0220 | loss=0.6553 | acc=0.789
[F2] [E13] batch 0230 | loss=0.6649 | acc=0.789
[F2] [E13] batch 0240 | loss=0.6357 | acc=0.824
[F2] [E13] batch 0250 | loss=0.6413 | acc=0.816
[F2] [E13] batch 0260 | loss=0.7116 | acc=0.789
[F2] [E13] batch 0270 | loss=0.7058 | acc=0.797
[F2] [E13] batch 0280 | loss=0.6607 | acc=0.809
[F2] [E13] batch 0290 | loss=0.6711 | acc=0.793
[F2] [E13] batch 0300 | loss=0.7088 | acc=0.801
[F2] [E13] batch 0310 | loss=0.6605 | acc=0.809
[F2] [E13] batch 0320 | loss=0.6323 | acc=0.820
[F2] [E13] batch 0330 | loss=0.6244 | acc=0.816
[F2] [E13] batch 0340 | loss=0.6586 | acc=0.797
[F2] [E13] batch 0350 | loss=0.6599 | acc=0.805
[F2] [E13] batch 0360 | loss=0.6619 | acc=0.781
[F2] [E13] batch 0370 | loss=0.6953 | acc=0.801
[F2] [E13] batch 0380 | loss=0.6310 | acc=0.809
[F2] [E13] batch 0390 | loss=0.6406 | acc=0.801
[F2] [E13] batch 0400 | loss=0.6733 | acc=0.797
[F2] [E13] batch 0410 | loss=0.6627 | acc=0.801
[F2] [E13] batch 0420 | loss=0.7075 | acc=0.762
[F2] [E13] batch 0430 | loss=0.6880 | acc=0.797
[F2] [E13] batch 0440 | loss=0.6615 | acc=0.820
[F2] [E13] batch 0450 | loss=0.6848 | acc=0.820
[F2] [E13] batch 0460 | loss=0.6441 | acc=0.809
[F2] [E13] batch 0470 | loss=0.6848 | acc=0.773
[F2] [E13] total_loss=323.204 | VAL acc=0.938 | F1=0.783 | kappa=0.856
[F2] [E14] batch 0000 | loss=0.6830 | acc=0.758
[F2] [E14] batch 0010 | loss=0.7197 | acc=0.773
[F2] [E14] batch 0020 | loss=0.6431 | acc=0.820
[F2] [E14] batch 0030 | loss=0.6256 | acc=0.828
[F2] [E14] batch 0040 | loss=0.6996 | acc=0.781
[F2] [E14] batch 0050 | loss=0.6549 | acc=0.824
[F2] [E14] batch 0060 | loss=0.6718 | acc=0.793
[F2] [E14] batch 0070 | loss=0.6544 | acc=0.816
[F2] [E14] batch 0080 | loss=0.6278 | acc=0.844
[F2] [E14] batch 0090 | loss=0.7330 | acc=0.766
[F2] [E14] batch 0100 | loss=0.5900 | acc=0.855
[F2] [E14] batch 0110 | loss=0.6361 | acc=0.816
[F2] [E14] batch 0120 | loss=0.6787 | acc=0.770
[F2] [E14] batch 0130 | loss=0.6853 | acc=0.797
[F2] [E14] batch 0140 | loss=0.6572 | acc=0.797
[F2] [E14] batch 0150 | loss=0.7016 | acc=0.793
[F2] [E14] batch 0160 | loss=0.6880 | acc=0.809
[F2] [E14] batch 0170 | loss=0.7501 | acc=0.762
[F2] [E14] batch 0180 | loss=0.6523 | acc=0.820
[F2] [E14] batch 0190 | loss=0.6701 | acc=0.801
[F2] [E14] batch 0200 | loss=0.6504 | acc=0.809
[F2] [E14] batch 0210 | loss=0.6159 | acc=0.848
[F2] [E14] batch 0220 | loss=0.7136 | acc=0.754
[F2] [E14] batch 0230 | loss=0.6648 | acc=0.832
[F2] [E14] batch 0240 | loss=0.6883 | acc=0.809
[F2] [E14] batch 0250 | loss=0.6593 | acc=0.816
[F2] [E14] batch 0260 | loss=0.6319 | acc=0.844
[F2] [E14] batch 0270 | loss=0.6440 | acc=0.805
[F2] [E14] batch 0280 | loss=0.6277 | acc=0.844
[F2] [E14] batch 0290 | loss=0.7030 | acc=0.797
[F2] [E14] batch 0300 | loss=0.6123 | acc=0.848
[F2] [E14] batch 0310 | loss=0.6354 | acc=0.836
[F2] [E14] batch 0320 | loss=0.6381 | acc=0.820
[F2] [E14] batch 0330 | loss=0.6412 | acc=0.812
[F2] [E14] batch 0340 | loss=0.6475 | acc=0.812
[F2] [E14] batch 0350 | loss=0.6376 | acc=0.855
[F2] [E14] batch 0360 | loss=0.7009 | acc=0.812
[F2] [E14] batch 0370 | loss=0.7179 | acc=0.777
[F2] [E14] batch 0380 | loss=0.6714 | acc=0.809
[F2] [E14] batch 0390 | loss=0.6599 | acc=0.777
[F2] [E14] batch 0400 | loss=0.7020 | acc=0.781
[F2] [E14] batch 0410 | loss=0.6840 | acc=0.809
[F2] [E14] batch 0420 | loss=0.6268 | acc=0.828
[F2] [E14] batch 0430 | loss=0.6703 | acc=0.828
[F2] [E14] batch 0440 | loss=0.6596 | acc=0.812
[F2] [E14] batch 0450 | loss=0.6280 | acc=0.828
[F2] [E14] batch 0460 | loss=0.6664 | acc=0.812
[F2] [E14] batch 0470 | loss=0.7299 | acc=0.750
[F2] [E14] total_loss=320.859 | VAL acc=0.936 | F1=0.778 | kappa=0.850
[F2] [E15] batch 0000 | loss=0.6985 | acc=0.805
[F2] [E15] batch 0010 | loss=0.6600 | acc=0.832
[F2] [E15] batch 0020 | loss=0.6788 | acc=0.793
[F2] [E15] batch 0030 | loss=0.6323 | acc=0.844
[F2] [E15] batch 0040 | loss=0.6981 | acc=0.801
[F2] [E15] batch 0050 | loss=0.6150 | acc=0.809
[F2] [E15] batch 0060 | loss=0.6593 | acc=0.832
[F2] [E15] batch 0070 | loss=0.5349 | acc=0.895
[F2] [E15] batch 0080 | loss=0.6108 | acc=0.852
[F2] [E15] batch 0090 | loss=0.6454 | acc=0.812
[F2] [E15] batch 0100 | loss=0.6791 | acc=0.797
[F2] [E15] batch 0110 | loss=0.6672 | acc=0.805
[F2] [E15] batch 0120 | loss=0.5944 | acc=0.828
[F2] [E15] batch 0130 | loss=0.6269 | acc=0.816
[F2] [E15] batch 0140 | loss=0.7079 | acc=0.797
[F2] [E15] batch 0150 | loss=0.6905 | acc=0.805
[F2] [E15] batch 0160 | loss=0.6367 | acc=0.824
[F2] [E15] batch 0170 | loss=0.6414 | acc=0.820
[F2] [E15] batch 0180 | loss=0.6777 | acc=0.805
[F2] [E15] batch 0190 | loss=0.6628 | acc=0.793
[F2] [E15] batch 0200 | loss=0.6115 | acc=0.832
[F2] [E15] batch 0210 | loss=0.6556 | acc=0.824
[F2] [E15] batch 0220 | loss=0.6818 | acc=0.801
[F2] [E15] batch 0230 | loss=0.6041 | acc=0.820
[F2] [E15] batch 0240 | loss=0.7437 | acc=0.770
[F2] [E15] batch 0250 | loss=0.6793 | acc=0.766
[F2] [E15] batch 0260 | loss=0.6191 | acc=0.859
[F2] [E15] batch 0270 | loss=0.6724 | acc=0.820
[F2] [E15] batch 0280 | loss=0.6822 | acc=0.797
[F2] [E15] batch 0290 | loss=0.6353 | acc=0.836
[F2] [E15] batch 0300 | loss=0.6259 | acc=0.816
[F2] [E15] batch 0310 | loss=0.7181 | acc=0.789
[F2] [E15] batch 0320 | loss=0.6844 | acc=0.797
[F2] [E15] batch 0330 | loss=0.6834 | acc=0.801
[F2] [E15] batch 0340 | loss=0.6334 | acc=0.836
[F2] [E15] batch 0350 | loss=0.6282 | acc=0.809
[F2] [E15] batch 0360 | loss=0.6660 | acc=0.805
[F2] [E15] batch 0370 | loss=0.6830 | acc=0.812
[F2] [E15] batch 0380 | loss=0.6498 | acc=0.816
[F2] [E15] batch 0390 | loss=0.7301 | acc=0.770
[F2] [E15] batch 0400 | loss=0.6623 | acc=0.828
[F2] [E15] batch 0410 | loss=0.6917 | acc=0.793
[F2] [E15] batch 0420 | loss=0.6438 | acc=0.848
[F2] [E15] batch 0430 | loss=0.6963 | acc=0.781
[F2] [E15] batch 0440 | loss=0.6570 | acc=0.809
[F2] [E15] batch 0450 | loss=0.6723 | acc=0.805
[F2] [E15] batch 0460 | loss=0.6711 | acc=0.789
[F2] [E15] batch 0470 | loss=0.6917 | acc=0.781
[F2] [E15] total_loss=321.687 | VAL acc=0.938 | F1=0.783 | kappa=0.856
[F2] [E16] batch 0000 | loss=0.7182 | acc=0.781
[F2] [E16] batch 0010 | loss=0.6757 | acc=0.828
[F2] [E16] batch 0020 | loss=0.7342 | acc=0.785
[F2] [E16] batch 0030 | loss=0.6280 | acc=0.793
[F2] [E16] batch 0040 | loss=0.7361 | acc=0.770
[F2] [E16] batch 0050 | loss=0.6171 | acc=0.809
[F2] [E16] batch 0060 | loss=0.7358 | acc=0.762
[F2] [E16] batch 0070 | loss=0.6353 | acc=0.816
[F2] [E16] batch 0080 | loss=0.6733 | acc=0.809
[F2] [E16] batch 0090 | loss=0.6293 | acc=0.824
[F2] [E16] batch 0100 | loss=0.6933 | acc=0.781
[F2] [E16] batch 0110 | loss=0.7043 | acc=0.766
[F2] [E16] batch 0120 | loss=0.6067 | acc=0.844
[F2] [E16] batch 0130 | loss=0.6608 | acc=0.809
[F2] [E16] batch 0140 | loss=0.6572 | acc=0.816
[F2] [E16] batch 0150 | loss=0.6520 | acc=0.820
[F2] [E16] batch 0160 | loss=0.6478 | acc=0.828
[F2] [E16] batch 0170 | loss=0.6301 | acc=0.844
[F2] [E16] batch 0180 | loss=0.6824 | acc=0.781
[F2] [E16] batch 0190 | loss=0.6922 | acc=0.828
[F2] [E16] batch 0200 | loss=0.6414 | acc=0.840
[F2] [E16] batch 0210 | loss=0.5968 | acc=0.867
[F2] [E16] batch 0220 | loss=0.6771 | acc=0.809
[F2] [E16] batch 0230 | loss=0.6591 | acc=0.793
[F2] [E16] batch 0240 | loss=0.7127 | acc=0.781
[F2] [E16] batch 0250 | loss=0.6393 | acc=0.812
[F2] [E16] batch 0260 | loss=0.6596 | acc=0.809
[F2] [E16] batch 0270 | loss=0.6597 | acc=0.832
[F2] [E16] batch 0280 | loss=0.7594 | acc=0.758
[F2] [E16] batch 0290 | loss=0.7194 | acc=0.785
[F2] [E16] batch 0300 | loss=0.7337 | acc=0.758
[F2] [E16] batch 0310 | loss=0.7755 | acc=0.766
[F2] [E16] batch 0320 | loss=0.6378 | acc=0.816
[F2] [E16] batch 0330 | loss=0.6068 | acc=0.852
[F2] [E16] batch 0340 | loss=0.6706 | acc=0.836
[F2] [E16] batch 0350 | loss=0.8051 | acc=0.781
[F2] [E16] batch 0360 | loss=0.6394 | acc=0.820
[F2] [E16] batch 0370 | loss=0.6826 | acc=0.797
[F2] [E16] batch 0380 | loss=0.6548 | acc=0.812
[F2] [E16] batch 0390 | loss=0.6408 | acc=0.840
[F2] [E16] batch 0400 | loss=0.6728 | acc=0.801
[F2] [E16] batch 0410 | loss=0.6730 | acc=0.797
[F2] [E16] batch 0420 | loss=0.6430 | acc=0.793
[F2] [E16] batch 0430 | loss=0.6854 | acc=0.809
[F2] [E16] batch 0440 | loss=0.6702 | acc=0.789
[F2] [E16] batch 0450 | loss=0.7070 | acc=0.793
[F2] [E16] batch 0460 | loss=0.6663 | acc=0.824
[F2] [E16] batch 0470 | loss=0.6982 | acc=0.805
[F2] [E16] total_loss=319.576 | VAL acc=0.936 | F1=0.787 | kappa=0.852
[SAVE] best fold=2 (by VAL F1)
[F2] [E17] batch 0000 | loss=0.6134 | acc=0.828
[F2] [E17] batch 0010 | loss=0.6719 | acc=0.805
[F2] [E17] batch 0020 | loss=0.6755 | acc=0.809
[F2] [E17] batch 0030 | loss=0.6486 | acc=0.828
[F2] [E17] batch 0040 | loss=0.6322 | acc=0.828
[F2] [E17] batch 0050 | loss=0.6702 | acc=0.797
[F2] [E17] batch 0060 | loss=0.6413 | acc=0.832
[F2] [E17] batch 0070 | loss=0.6746 | acc=0.809
[F2] [E17] batch 0080 | loss=0.7091 | acc=0.793
[F2] [E17] batch 0090 | loss=0.6537 | acc=0.809
[F2] [E17] batch 0100 | loss=0.6302 | acc=0.848
[F2] [E17] batch 0110 | loss=0.6868 | acc=0.820
[F2] [E17] batch 0120 | loss=0.6777 | acc=0.773
[F2] [E17] batch 0130 | loss=0.6528 | acc=0.809
[F2] [E17] batch 0140 | loss=0.6440 | acc=0.816
[F2] [E17] batch 0150 | loss=0.5925 | acc=0.852
[F2] [E17] batch 0160 | loss=0.5849 | acc=0.871
[F2] [E17] batch 0170 | loss=0.6285 | acc=0.812
[F2] [E17] batch 0180 | loss=0.6497 | acc=0.824
[F2] [E17] batch 0190 | loss=0.6575 | acc=0.812
[F2] [E17] batch 0200 | loss=0.5885 | acc=0.848
[F2] [E17] batch 0210 | loss=0.6324 | acc=0.816
[F2] [E17] batch 0220 | loss=0.7058 | acc=0.789
[F2] [E17] batch 0230 | loss=0.6568 | acc=0.820
[F2] [E17] batch 0240 | loss=0.6751 | acc=0.832
[F2] [E17] batch 0250 | loss=0.6508 | acc=0.824
[F2] [E17] batch 0260 | loss=0.6973 | acc=0.789
[F2] [E17] batch 0270 | loss=0.6830 | acc=0.797
[F2] [E17] batch 0280 | loss=0.6596 | acc=0.824
[F2] [E17] batch 0290 | loss=0.6204 | acc=0.824
[F2] [E17] batch 0300 | loss=0.6463 | acc=0.805
[F2] [E17] batch 0310 | loss=0.6584 | acc=0.824
[F2] [E17] batch 0320 | loss=0.6320 | acc=0.820
[F2] [E17] batch 0330 | loss=0.5908 | acc=0.852
[F2] [E17] batch 0340 | loss=0.6242 | acc=0.820
[F2] [E17] batch 0350 | loss=0.6560 | acc=0.793
[F2] [E17] batch 0360 | loss=0.6078 | acc=0.836
[F2] [E17] batch 0370 | loss=0.7172 | acc=0.781
[F2] [E17] batch 0380 | loss=0.5942 | acc=0.832
[F2] [E17] batch 0390 | loss=0.6857 | acc=0.793
[F2] [E17] batch 0400 | loss=0.6816 | acc=0.797
[F2] [E17] batch 0410 | loss=0.6606 | acc=0.789
[F2] [E17] batch 0420 | loss=0.6288 | acc=0.832
[F2] [E17] batch 0430 | loss=0.6829 | acc=0.781
[F2] [E17] batch 0440 | loss=0.6829 | acc=0.801
[F2] [E17] batch 0450 | loss=0.6980 | acc=0.797
[F2] [E17] batch 0460 | loss=0.5988 | acc=0.828
[F2] [E17] batch 0470 | loss=0.6254 | acc=0.852
[F2] [E17] total_loss=319.570 | VAL acc=0.940 | F1=0.788 | kappa=0.860
[SAVE] best fold=2 (by VAL F1)
[F2] [E18] batch 0000 | loss=0.7184 | acc=0.781
[F2] [E18] batch 0010 | loss=0.6352 | acc=0.816
[F2] [E18] batch 0020 | loss=0.7543 | acc=0.746
[F2] [E18] batch 0030 | loss=0.6561 | acc=0.812
[F2] [E18] batch 0040 | loss=0.6753 | acc=0.816
[F2] [E18] batch 0050 | loss=0.6750 | acc=0.832
[F2] [E18] batch 0060 | loss=0.7037 | acc=0.781
[F2] [E18] batch 0070 | loss=0.6654 | acc=0.801
[F2] [E18] batch 0080 | loss=0.6104 | acc=0.852
[F2] [E18] batch 0090 | loss=0.6131 | acc=0.820
[F2] [E18] batch 0100 | loss=0.7002 | acc=0.789
[F2] [E18] batch 0110 | loss=0.6527 | acc=0.840
[F2] [E18] batch 0120 | loss=0.6471 | acc=0.812
[F2] [E18] batch 0130 | loss=0.6656 | acc=0.801
[F2] [E18] batch 0140 | loss=0.7382 | acc=0.766
[F2] [E18] batch 0150 | loss=0.6449 | acc=0.812
[F2] [E18] batch 0160 | loss=0.6469 | acc=0.816
[F2] [E18] batch 0170 | loss=0.5988 | acc=0.848
[F2] [E18] batch 0180 | loss=0.6758 | acc=0.828
[F2] [E18] batch 0190 | loss=0.5896 | acc=0.867
[F2] [E18] batch 0200 | loss=0.6460 | acc=0.809
[F2] [E18] batch 0210 | loss=0.7753 | acc=0.770
[F2] [E18] batch 0220 | loss=0.6933 | acc=0.770
[F2] [E18] batch 0230 | loss=0.7196 | acc=0.797
[F2] [E18] batch 0240 | loss=0.7190 | acc=0.773
[F2] [E18] batch 0250 | loss=0.6976 | acc=0.781
[F2] [E18] batch 0260 | loss=0.6946 | acc=0.801
[F2] [E18] batch 0270 | loss=0.6678 | acc=0.812
[F2] [E18] batch 0280 | loss=0.6152 | acc=0.844
[F2] [E18] batch 0290 | loss=0.6751 | acc=0.816
[F2] [E18] batch 0300 | loss=0.6408 | acc=0.812
[F2] [E18] batch 0310 | loss=0.6182 | acc=0.824
[F2] [E18] batch 0320 | loss=0.7133 | acc=0.762
[F2] [E18] batch 0330 | loss=0.6981 | acc=0.805
[F2] [E18] batch 0340 | loss=0.6779 | acc=0.816
[F2] [E18] batch 0350 | loss=0.7029 | acc=0.785
[F2] [E18] batch 0360 | loss=0.7274 | acc=0.797
[F2] [E18] batch 0370 | loss=0.6422 | acc=0.781
[F2] [E18] batch 0380 | loss=0.6484 | acc=0.832
[F2] [E18] batch 0390 | loss=0.6427 | acc=0.820
[F2] [E18] batch 0400 | loss=0.6692 | acc=0.820
[F2] [E18] batch 0410 | loss=0.6280 | acc=0.805
[F2] [E18] batch 0420 | loss=0.6818 | acc=0.809
[F2] [E18] batch 0430 | loss=0.5818 | acc=0.848
[F2] [E18] batch 0440 | loss=0.6371 | acc=0.809
[F2] [E18] batch 0450 | loss=0.6342 | acc=0.812
[F2] [E18] batch 0460 | loss=0.6073 | acc=0.863
[F2] [E18] batch 0470 | loss=0.6185 | acc=0.855
[F2] [E18] total_loss=319.614 | VAL acc=0.936 | F1=0.780 | kappa=0.851
[F2] [E19] batch 0000 | loss=0.7259 | acc=0.777
[F2] [E19] batch 0010 | loss=0.6456 | acc=0.805
[F2] [E19] batch 0020 | loss=0.7051 | acc=0.762
[F2] [E19] batch 0030 | loss=0.6514 | acc=0.809
[F2] [E19] batch 0040 | loss=0.6419 | acc=0.824
[F2] [E19] batch 0050 | loss=0.7149 | acc=0.773
[F2] [E19] batch 0060 | loss=0.6033 | acc=0.848
[F2] [E19] batch 0070 | loss=0.6614 | acc=0.820
[F2] [E19] batch 0080 | loss=0.6498 | acc=0.797
[F2] [E19] batch 0090 | loss=0.6216 | acc=0.812
[F2] [E19] batch 0100 | loss=0.6422 | acc=0.801
[F2] [E19] batch 0110 | loss=0.6945 | acc=0.809
[F2] [E19] batch 0120 | loss=0.6847 | acc=0.820
[F2] [E19] batch 0130 | loss=0.6997 | acc=0.781
[F2] [E19] batch 0140 | loss=0.6782 | acc=0.793
[F2] [E19] batch 0150 | loss=0.6937 | acc=0.797
[F2] [E19] batch 0160 | loss=0.6467 | acc=0.832
[F2] [E19] batch 0170 | loss=0.6879 | acc=0.801
[F2] [E19] batch 0180 | loss=0.6477 | acc=0.812
[F2] [E19] batch 0190 | loss=0.6731 | acc=0.809
[F2] [E19] batch 0200 | loss=0.6614 | acc=0.836
[F2] [E19] batch 0210 | loss=0.6801 | acc=0.773
[F2] [E19] batch 0220 | loss=0.6116 | acc=0.828
[F2] [E19] batch 0230 | loss=0.6509 | acc=0.828
[F2] [E19] batch 0240 | loss=0.6529 | acc=0.805
[F2] [E19] batch 0250 | loss=0.6277 | acc=0.832
[F2] [E19] batch 0260 | loss=0.6738 | acc=0.797
[F2] [E19] batch 0270 | loss=0.7121 | acc=0.777
[F2] [E19] batch 0280 | loss=0.6931 | acc=0.812
[F2] [E19] batch 0290 | loss=0.6026 | acc=0.824
[F2] [E19] batch 0300 | loss=0.6587 | acc=0.809
[F2] [E19] batch 0310 | loss=0.5943 | acc=0.855
[F2] [E19] batch 0320 | loss=0.6327 | acc=0.840
[F2] [E19] batch 0330 | loss=0.6991 | acc=0.789
[F2] [E19] batch 0340 | loss=0.6811 | acc=0.797
[F2] [E19] batch 0350 | loss=0.6997 | acc=0.809
[F2] [E19] batch 0360 | loss=0.6383 | acc=0.820
[F2] [E19] batch 0370 | loss=0.6511 | acc=0.828
[F2] [E19] batch 0380 | loss=0.6937 | acc=0.773
[F2] [E19] batch 0390 | loss=0.7325 | acc=0.750
[F2] [E19] batch 0400 | loss=0.6214 | acc=0.812
[F2] [E19] batch 0410 | loss=0.6534 | acc=0.824
[F2] [E19] batch 0420 | loss=0.6877 | acc=0.785
[F2] [E19] batch 0430 | loss=0.6965 | acc=0.781
[F2] [E19] batch 0440 | loss=0.6040 | acc=0.855
[F2] [E19] batch 0450 | loss=0.7522 | acc=0.758
[F2] [E19] batch 0460 | loss=0.6475 | acc=0.797
[F2] [E19] batch 0470 | loss=0.6790 | acc=0.816
[F2] [E19] total_loss=317.566 | VAL acc=0.939 | F1=0.781 | kappa=0.857
[F2] [E20] batch 0000 | loss=0.6105 | acc=0.824
[F2] [E20] batch 0010 | loss=0.6593 | acc=0.805
[F2] [E20] batch 0020 | loss=0.6456 | acc=0.824
[F2] [E20] batch 0030 | loss=0.6149 | acc=0.820
[F2] [E20] batch 0040 | loss=0.6373 | acc=0.816
[F2] [E20] batch 0050 | loss=0.6313 | acc=0.793
[F2] [E20] batch 0060 | loss=0.6466 | acc=0.809
[F2] [E20] batch 0070 | loss=0.6883 | acc=0.777
[F2] [E20] batch 0080 | loss=0.6501 | acc=0.828
[F2] [E20] batch 0090 | loss=0.6521 | acc=0.805
[F2] [E20] batch 0100 | loss=0.6283 | acc=0.844
[F2] [E20] batch 0110 | loss=0.7069 | acc=0.785
[F2] [E20] batch 0120 | loss=0.6443 | acc=0.824
[F2] [E20] batch 0130 | loss=0.5968 | acc=0.859
[F2] [E20] batch 0140 | loss=0.6363 | acc=0.812
[F2] [E20] batch 0150 | loss=0.6654 | acc=0.785
[F2] [E20] batch 0160 | loss=0.6591 | acc=0.797
[F2] [E20] batch 0170 | loss=0.6634 | acc=0.809
[F2] [E20] batch 0180 | loss=0.7191 | acc=0.773
[F2] [E20] batch 0190 | loss=0.6434 | acc=0.820
[F2] [E20] batch 0200 | loss=0.6612 | acc=0.797
[F2] [E20] batch 0210 | loss=0.6953 | acc=0.820
[F2] [E20] batch 0220 | loss=0.6721 | acc=0.777
[F2] [E20] batch 0230 | loss=0.6663 | acc=0.816
[F2] [E20] batch 0240 | loss=0.6713 | acc=0.812
[F2] [E20] batch 0250 | loss=0.7118 | acc=0.781
[F2] [E20] batch 0260 | loss=0.6416 | acc=0.824
[F2] [E20] batch 0270 | loss=0.6680 | acc=0.812
[F2] [E20] batch 0280 | loss=0.7039 | acc=0.777
[F2] [E20] batch 0290 | loss=0.6394 | acc=0.820
[F2] [E20] batch 0300 | loss=0.6580 | acc=0.809
[F2] [E20] batch 0310 | loss=0.6870 | acc=0.809
[F2] [E20] batch 0320 | loss=0.7048 | acc=0.789
[F2] [E20] batch 0330 | loss=0.6883 | acc=0.789
[F2] [E20] batch 0340 | loss=0.5797 | acc=0.840
[F2] [E20] batch 0350 | loss=0.6549 | acc=0.824
[F2] [E20] batch 0360 | loss=0.7069 | acc=0.781
[F2] [E20] batch 0370 | loss=0.6096 | acc=0.844
[F2] [E20] batch 0380 | loss=0.6418 | acc=0.828
[F2] [E20] batch 0390 | loss=0.6202 | acc=0.840
[F2] [E20] batch 0400 | loss=0.6725 | acc=0.812
[F2] [E20] batch 0410 | loss=0.6535 | acc=0.812
[F2] [E20] batch 0420 | loss=0.6660 | acc=0.820
[F2] [E20] batch 0430 | loss=0.6617 | acc=0.785
[F2] [E20] batch 0440 | loss=0.7216 | acc=0.785
[F2] [E20] batch 0450 | loss=0.6544 | acc=0.824
[F2] [E20] batch 0460 | loss=0.6891 | acc=0.812
[F2] [E20] batch 0470 | loss=0.6670 | acc=0.824
[F2] [E20] total_loss=318.067 | VAL acc=0.938 | F1=0.785 | kappa=0.856
[F2] [E21] batch 0000 | loss=0.6060 | acc=0.855
[F2] [E21] batch 0010 | loss=0.6289 | acc=0.820
[F2] [E21] batch 0020 | loss=0.6651 | acc=0.820
[F2] [E21] batch 0030 | loss=0.6310 | acc=0.840
[F2] [E21] batch 0040 | loss=0.6893 | acc=0.805
[F2] [E21] batch 0050 | loss=0.6331 | acc=0.836
[F2] [E21] batch 0060 | loss=0.6759 | acc=0.797
[F2] [E21] batch 0070 | loss=0.7401 | acc=0.750
[F2] [E21] batch 0080 | loss=0.6230 | acc=0.809
[F2] [E21] batch 0090 | loss=0.7059 | acc=0.754
[F2] [E21] batch 0100 | loss=0.6225 | acc=0.828
[F2] [E21] batch 0110 | loss=0.6863 | acc=0.801
[F2] [E21] batch 0120 | loss=0.5959 | acc=0.840
[F2] [E21] batch 0130 | loss=0.6691 | acc=0.832
[F2] [E21] batch 0140 | loss=0.7329 | acc=0.773
[F2] [E21] batch 0150 | loss=0.5960 | acc=0.852
[F2] [E21] batch 0160 | loss=0.7392 | acc=0.785
[F2] [E21] batch 0170 | loss=0.6486 | acc=0.812
[F2] [E21] batch 0180 | loss=0.6319 | acc=0.820
[F2] [E21] batch 0190 | loss=0.6845 | acc=0.816
[F2] [E21] batch 0200 | loss=0.6365 | acc=0.812
[F2] [E21] batch 0210 | loss=0.6273 | acc=0.836
[F2] [E21] batch 0220 | loss=0.6598 | acc=0.824
[F2] [E21] batch 0230 | loss=0.6549 | acc=0.820
[F2] [E21] batch 0240 | loss=0.6614 | acc=0.832
[F2] [E21] batch 0250 | loss=0.6922 | acc=0.801
[F2] [E21] batch 0260 | loss=0.6517 | acc=0.809
[F2] [E21] batch 0270 | loss=0.6725 | acc=0.793
[F2] [E21] batch 0280 | loss=0.6367 | acc=0.824
[F2] [E21] batch 0290 | loss=0.6778 | acc=0.797
[F2] [E21] batch 0300 | loss=0.6329 | acc=0.812
[F2] [E21] batch 0310 | loss=0.7208 | acc=0.754
[F2] [E21] batch 0320 | loss=0.7211 | acc=0.770
[F2] [E21] batch 0330 | loss=0.6623 | acc=0.785
[F2] [E21] batch 0340 | loss=0.6706 | acc=0.824
[F2] [E21] batch 0350 | loss=0.6305 | acc=0.797
[F2] [E21] batch 0360 | loss=0.5996 | acc=0.848
[F2] [E21] batch 0370 | loss=0.6294 | acc=0.812
[F2] [E21] batch 0380 | loss=0.6462 | acc=0.836
[F2] [E21] batch 0390 | loss=0.6531 | acc=0.797
[F2] [E21] batch 0400 | loss=0.6274 | acc=0.824
[F2] [E21] batch 0410 | loss=0.6922 | acc=0.805
[F2] [E21] batch 0420 | loss=0.6910 | acc=0.789
[F2] [E21] batch 0430 | loss=0.7604 | acc=0.781
[F2] [E21] batch 0440 | loss=0.6961 | acc=0.801
[F2] [E21] batch 0450 | loss=0.7051 | acc=0.793
[F2] [E21] batch 0460 | loss=0.7063 | acc=0.797
[F2] [E21] batch 0470 | loss=0.6595 | acc=0.812
[F2] [E21] total_loss=319.100 | VAL acc=0.938 | F1=0.784 | kappa=0.854
[F2] [E22] batch 0000 | loss=0.6114 | acc=0.840
[F2] [E22] batch 0010 | loss=0.6599 | acc=0.797
[F2] [E22] batch 0020 | loss=0.6247 | acc=0.820
[F2] [E22] batch 0030 | loss=0.6363 | acc=0.832
[F2] [E22] batch 0040 | loss=0.6613 | acc=0.809
[F2] [E22] batch 0050 | loss=0.6990 | acc=0.762
[F2] [E22] batch 0060 | loss=0.6139 | acc=0.812
[F2] [E22] batch 0070 | loss=0.6979 | acc=0.777
[F2] [E22] batch 0080 | loss=0.7073 | acc=0.777
[F2] [E22] batch 0090 | loss=0.6348 | acc=0.820
[F2] [E22] batch 0100 | loss=0.7783 | acc=0.742
[F2] [E22] batch 0110 | loss=0.5452 | acc=0.895
[F2] [E22] batch 0120 | loss=0.6221 | acc=0.836
[F2] [E22] batch 0130 | loss=0.6302 | acc=0.820
[F2] [E22] batch 0140 | loss=0.6306 | acc=0.832
[F2] [E22] batch 0150 | loss=0.6559 | acc=0.797
[F2] [E22] batch 0160 | loss=0.6593 | acc=0.785
[F2] [E22] batch 0170 | loss=0.6500 | acc=0.809
[F2] [E22] batch 0180 | loss=0.6911 | acc=0.789
[F2] [E22] batch 0190 | loss=0.5872 | acc=0.832
[F2] [E22] batch 0200 | loss=0.6173 | acc=0.816
[F2] [E22] batch 0210 | loss=0.6512 | acc=0.828
[F2] [E22] batch 0220 | loss=0.6270 | acc=0.816
[F2] [E22] batch 0230 | loss=0.6368 | acc=0.824
[F2] [E22] batch 0240 | loss=0.6283 | acc=0.840
[F2] [E22] batch 0250 | loss=0.6443 | acc=0.824
[F2] [E22] batch 0260 | loss=0.7047 | acc=0.762
[F2] [E22] batch 0270 | loss=0.6701 | acc=0.805
[F2] [E22] batch 0280 | loss=0.6636 | acc=0.828
[F2] [E22] batch 0290 | loss=0.6130 | acc=0.820
[F2] [E22] batch 0300 | loss=0.7086 | acc=0.773
[F2] [E22] batch 0310 | loss=0.5691 | acc=0.855
[F2] [E22] batch 0320 | loss=0.6802 | acc=0.773
[F2] [E22] batch 0330 | loss=0.7241 | acc=0.766
[F2] [E22] batch 0340 | loss=0.6288 | acc=0.824
[F2] [E22] batch 0350 | loss=0.6684 | acc=0.793
[F2] [E22] batch 0360 | loss=0.6439 | acc=0.824
[F2] [E22] batch 0370 | loss=0.6534 | acc=0.809
[F2] [E22] batch 0380 | loss=0.6553 | acc=0.820
[F2] [E22] batch 0390 | loss=0.7548 | acc=0.770
[F2] [E22] batch 0400 | loss=0.6555 | acc=0.805
[F2] [E22] batch 0410 | loss=0.6626 | acc=0.832
[F2] [E22] batch 0420 | loss=0.6377 | acc=0.828
[F2] [E22] batch 0430 | loss=0.6503 | acc=0.785
[F2] [E22] batch 0440 | loss=0.6850 | acc=0.777
[F2] [E22] batch 0450 | loss=0.6924 | acc=0.777
[F2] [E22] batch 0460 | loss=0.7408 | acc=0.746
[F2] [E22] batch 0470 | loss=0.6463 | acc=0.812
[F2] [E22] total_loss=318.050 | VAL acc=0.939 | F1=0.782 | kappa=0.857
[F2] [E23] batch 0000 | loss=0.7240 | acc=0.797
[F2] [E23] batch 0010 | loss=0.7188 | acc=0.805
[F2] [E23] batch 0020 | loss=0.6806 | acc=0.816
[F2] [E23] batch 0030 | loss=0.7275 | acc=0.793
[F2] [E23] batch 0040 | loss=0.6522 | acc=0.820
[F2] [E23] batch 0050 | loss=0.6767 | acc=0.844
[F2] [E23] batch 0060 | loss=0.6684 | acc=0.812
[F2] [E23] batch 0070 | loss=0.6540 | acc=0.816
[F2] [E23] batch 0080 | loss=0.6521 | acc=0.836
[F2] [E23] batch 0090 | loss=0.7061 | acc=0.781
[F2] [E23] batch 0100 | loss=0.6649 | acc=0.805
[F2] [E23] batch 0110 | loss=0.6472 | acc=0.816
[F2] [E23] batch 0120 | loss=0.6422 | acc=0.820
[F2] [E23] batch 0130 | loss=0.6699 | acc=0.801
[F2] [E23] batch 0140 | loss=0.6635 | acc=0.801
[F2] [E23] batch 0150 | loss=0.6374 | acc=0.832
[F2] [E23] batch 0160 | loss=0.6427 | acc=0.809
[F2] [E23] batch 0170 | loss=0.6551 | acc=0.812
[F2] [E23] batch 0180 | loss=0.6596 | acc=0.816
[F2] [E23] batch 0190 | loss=0.6324 | acc=0.816
[F2] [E23] batch 0200 | loss=0.7051 | acc=0.793
[F2] [E23] batch 0210 | loss=0.7658 | acc=0.781
[F2] [E23] batch 0220 | loss=0.6711 | acc=0.832
[F2] [E23] batch 0230 | loss=0.7189 | acc=0.770
[F2] [E23] batch 0240 | loss=0.7128 | acc=0.809
[F2] [E23] batch 0250 | loss=0.7159 | acc=0.801
[F2] [E23] batch 0260 | loss=0.6401 | acc=0.855
[F2] [E23] batch 0270 | loss=0.6764 | acc=0.789
[F2] [E23] batch 0280 | loss=0.7449 | acc=0.789
[F2] [E23] batch 0290 | loss=0.6368 | acc=0.809
[F2] [E23] batch 0300 | loss=0.6369 | acc=0.816
[F2] [E23] batch 0310 | loss=0.6770 | acc=0.797
[F2] [E23] batch 0320 | loss=0.6432 | acc=0.816
[F2] [E23] batch 0330 | loss=0.6869 | acc=0.801
[F2] [E23] batch 0340 | loss=0.6807 | acc=0.789
[F2] [E23] batch 0350 | loss=0.6265 | acc=0.828
[F2] [E23] batch 0360 | loss=0.6760 | acc=0.809
[F2] [E23] batch 0370 | loss=0.6548 | acc=0.797
[F2] [E23] batch 0380 | loss=0.7421 | acc=0.758
[F2] [E23] batch 0390 | loss=0.6614 | acc=0.828
[F2] [E23] batch 0400 | loss=0.7015 | acc=0.777
[F2] [E23] batch 0410 | loss=0.6528 | acc=0.832
[F2] [E23] batch 0420 | loss=0.6568 | acc=0.809
[F2] [E23] batch 0430 | loss=0.6984 | acc=0.801
[F2] [E23] batch 0440 | loss=0.6374 | acc=0.832
[F2] [E23] batch 0450 | loss=0.6126 | acc=0.855
[F2] [E23] batch 0460 | loss=0.7120 | acc=0.785
[F2] [E23] batch 0470 | loss=0.6908 | acc=0.793
[F2] [E23] total_loss=319.088 | VAL acc=0.938 | F1=0.779 | kappa=0.854
[F2] [E24] batch 0000 | loss=0.6309 | acc=0.820
[F2] [E24] batch 0010 | loss=0.6493 | acc=0.820
[F2] [E24] batch 0020 | loss=0.6471 | acc=0.801
[F2] [E24] batch 0030 | loss=0.6764 | acc=0.812
[F2] [E24] batch 0040 | loss=0.6802 | acc=0.801
[F2] [E24] batch 0050 | loss=0.6872 | acc=0.820
[F2] [E24] batch 0060 | loss=0.7197 | acc=0.750
[F2] [E24] batch 0070 | loss=0.6462 | acc=0.828
[F2] [E24] batch 0080 | loss=0.6530 | acc=0.809
[F2] [E24] batch 0090 | loss=0.6977 | acc=0.801
[F2] [E24] batch 0100 | loss=0.6610 | acc=0.793
[F2] [E24] batch 0110 | loss=0.6462 | acc=0.820
[F2] [E24] batch 0120 | loss=0.5676 | acc=0.855
[F2] [E24] batch 0130 | loss=0.6902 | acc=0.801
[F2] [E24] batch 0140 | loss=0.6647 | acc=0.781
[F2] [E24] batch 0150 | loss=0.5990 | acc=0.832
[F2] [E24] batch 0160 | loss=0.7042 | acc=0.754
[F2] [E24] batch 0170 | loss=0.6596 | acc=0.816
[F2] [E24] batch 0180 | loss=0.6605 | acc=0.785
[F2] [E24] batch 0190 | loss=0.7094 | acc=0.785
[F2] [E24] batch 0200 | loss=0.6788 | acc=0.805
[F2] [E24] batch 0210 | loss=0.6931 | acc=0.797
[F2] [E24] batch 0220 | loss=0.6899 | acc=0.812
[F2] [E24] batch 0230 | loss=0.7648 | acc=0.762
[F2] [E24] batch 0240 | loss=0.6332 | acc=0.828
[F2] [E24] batch 0250 | loss=0.6309 | acc=0.852
[F2] [E24] batch 0260 | loss=0.7016 | acc=0.770
[F2] [E24] batch 0270 | loss=0.6287 | acc=0.836
[F2] [E24] batch 0280 | loss=0.6443 | acc=0.793
[F2] [E24] batch 0290 | loss=0.6658 | acc=0.816
[F2] [E24] batch 0300 | loss=0.6597 | acc=0.828
[F2] [E24] batch 0310 | loss=0.6580 | acc=0.812
[F2] [E24] batch 0320 | loss=0.5932 | acc=0.836
[F2] [E24] batch 0330 | loss=0.7428 | acc=0.777
[F2] [E24] batch 0340 | loss=0.5916 | acc=0.832
[F2] [E24] batch 0350 | loss=0.6714 | acc=0.797
[F2] [E24] batch 0360 | loss=0.6384 | acc=0.828
[F2] [E24] batch 0370 | loss=0.6510 | acc=0.816
[F2] [E24] batch 0380 | loss=0.7138 | acc=0.809
[F2] [E24] batch 0390 | loss=0.6787 | acc=0.789
[F2] [E24] batch 0400 | loss=0.6246 | acc=0.824
[F2] [E24] batch 0410 | loss=0.6683 | acc=0.805
[F2] [E24] batch 0420 | loss=0.6901 | acc=0.781
[F2] [E24] batch 0430 | loss=0.6236 | acc=0.836
[F2] [E24] batch 0440 | loss=0.6394 | acc=0.836
[F2] [E24] batch 0450 | loss=0.6421 | acc=0.828
[F2] [E24] batch 0460 | loss=0.6335 | acc=0.820
[F2] [E24] batch 0470 | loss=0.6585 | acc=0.820
[F2] [E24] total_loss=317.047 | VAL acc=0.940 | F1=0.784 | kappa=0.860
[F2] [E25] batch 0000 | loss=0.6867 | acc=0.812
[F2] [E25] batch 0010 | loss=0.6449 | acc=0.816
[F2] [E25] batch 0020 | loss=0.6432 | acc=0.812
[F2] [E25] batch 0030 | loss=0.6415 | acc=0.832
[F2] [E25] batch 0040 | loss=0.7548 | acc=0.762
[F2] [E25] batch 0050 | loss=0.6595 | acc=0.816
[F2] [E25] batch 0060 | loss=0.6943 | acc=0.805
[F2] [E25] batch 0070 | loss=0.6760 | acc=0.805
[F2] [E25] batch 0080 | loss=0.6946 | acc=0.816
[F2] [E25] batch 0090 | loss=0.6298 | acc=0.809
[F2] [E25] batch 0100 | loss=0.6501 | acc=0.801
[F2] [E25] batch 0110 | loss=0.6864 | acc=0.816
[F2] [E25] batch 0120 | loss=0.7214 | acc=0.789
[F2] [E25] batch 0130 | loss=0.6656 | acc=0.820
[F2] [E25] batch 0140 | loss=0.6534 | acc=0.816
[F2] [E25] batch 0150 | loss=0.6608 | acc=0.832
[F2] [E25] batch 0160 | loss=0.7075 | acc=0.812
[F2] [E25] batch 0170 | loss=0.7078 | acc=0.762
[F2] [E25] batch 0180 | loss=0.6940 | acc=0.805
[F2] [E25] batch 0190 | loss=0.6411 | acc=0.832
[F2] [E25] batch 0200 | loss=0.6721 | acc=0.781
[F2] [E25] batch 0210 | loss=0.7547 | acc=0.785
[F2] [E25] batch 0220 | loss=0.7208 | acc=0.758
[F2] [E25] batch 0230 | loss=0.7105 | acc=0.793
[F2] [E25] batch 0240 | loss=0.6909 | acc=0.824
[F2] [E25] batch 0250 | loss=0.6922 | acc=0.789
[F2] [E25] batch 0260 | loss=0.6984 | acc=0.793
[F2] [E25] batch 0270 | loss=0.6441 | acc=0.828
[F2] [E25] batch 0280 | loss=0.6948 | acc=0.793
[F2] [E25] batch 0290 | loss=0.6058 | acc=0.840
[F2] [E25] batch 0300 | loss=0.7438 | acc=0.777
[F2] [E25] batch 0310 | loss=0.7099 | acc=0.758
[F2] [E25] batch 0320 | loss=0.5917 | acc=0.879
[F2] [E25] batch 0330 | loss=0.7149 | acc=0.781
[F2] [E25] batch 0340 | loss=0.6875 | acc=0.789
[F2] [E25] batch 0350 | loss=0.6319 | acc=0.820
[F2] [E25] batch 0360 | loss=0.7117 | acc=0.797
[F2] [E25] batch 0370 | loss=0.6645 | acc=0.820
[F2] [E25] batch 0380 | loss=0.6417 | acc=0.848
[F2] [E25] batch 0390 | loss=0.6170 | acc=0.871
[F2] [E25] batch 0400 | loss=0.6610 | acc=0.820
[F2] [E25] batch 0410 | loss=0.6075 | acc=0.848
[F2] [E25] batch 0420 | loss=0.6962 | acc=0.789
[F2] [E25] batch 0430 | loss=0.7035 | acc=0.777
[F2] [E25] batch 0440 | loss=0.7027 | acc=0.773
[F2] [E25] batch 0450 | loss=0.6380 | acc=0.852
[F2] [E25] batch 0460 | loss=0.6503 | acc=0.832
[F2] [E25] batch 0470 | loss=0.6821 | acc=0.797
[F2] [E25] total_loss=318.036 | VAL acc=0.939 | F1=0.783 | kappa=0.858
[F2] [E26] batch 0000 | loss=0.5994 | acc=0.852
[F2] [E26] batch 0010 | loss=0.6704 | acc=0.797
[F2] [E26] batch 0020 | loss=0.7057 | acc=0.801
[F2] [E26] batch 0030 | loss=0.6281 | acc=0.816
[F2] [E26] batch 0040 | loss=0.6200 | acc=0.828
[F2] [E26] batch 0050 | loss=0.6190 | acc=0.852
[F2] [E26] batch 0060 | loss=0.6482 | acc=0.816
[F2] [E26] batch 0070 | loss=0.6921 | acc=0.789
[F2] [E26] batch 0080 | loss=0.6929 | acc=0.762
[F2] [E26] batch 0090 | loss=0.6665 | acc=0.809
[F2] [E26] batch 0100 | loss=0.6455 | acc=0.844
[F2] [E26] batch 0110 | loss=0.5973 | acc=0.844
[F2] [E26] batch 0120 | loss=0.6599 | acc=0.836
[F2] [E26] batch 0130 | loss=0.6255 | acc=0.816
[F2] [E26] batch 0140 | loss=0.6773 | acc=0.793
[F2] [E26] batch 0150 | loss=0.6095 | acc=0.832
[F2] [E26] batch 0160 | loss=0.6229 | acc=0.828
[F2] [E26] batch 0170 | loss=0.6594 | acc=0.805
[F2] [E26] batch 0180 | loss=0.6736 | acc=0.809
[F2] [E26] batch 0190 | loss=0.7078 | acc=0.777
[F2] [E26] batch 0200 | loss=0.6904 | acc=0.781
[F2] [E26] batch 0210 | loss=0.6367 | acc=0.812
[F2] [E26] batch 0220 | loss=0.6197 | acc=0.844
[F2] [E26] batch 0230 | loss=0.6198 | acc=0.852
[F2] [E26] batch 0240 | loss=0.7264 | acc=0.785
[F2] [E26] batch 0250 | loss=0.6409 | acc=0.824
[F2] [E26] batch 0260 | loss=0.6787 | acc=0.797
[F2] [E26] batch 0270 | loss=0.6136 | acc=0.855
[F2] [E26] batch 0280 | loss=0.6849 | acc=0.809
[F2] [E26] batch 0290 | loss=0.7203 | acc=0.801
[F2] [E26] batch 0300 | loss=0.6816 | acc=0.805
[F2] [E26] batch 0310 | loss=0.7148 | acc=0.754
[F2] [E26] batch 0320 | loss=0.6473 | acc=0.836
[F2] [E26] batch 0330 | loss=0.6546 | acc=0.824
[F2] [E26] batch 0340 | loss=0.6590 | acc=0.832
[F2] [E26] batch 0350 | loss=0.6546 | acc=0.812
[F2] [E26] batch 0360 | loss=0.6802 | acc=0.773
[F2] [E26] batch 0370 | loss=0.7064 | acc=0.762
[F2] [E26] batch 0380 | loss=0.6644 | acc=0.812
[F2] [E26] batch 0390 | loss=0.6217 | acc=0.844
[F2] [E26] batch 0400 | loss=0.6734 | acc=0.805
[F2] [E26] batch 0410 | loss=0.5950 | acc=0.840
[F2] [E26] batch 0420 | loss=0.6316 | acc=0.824
[F2] [E26] batch 0430 | loss=0.6292 | acc=0.836
[F2] [E26] batch 0440 | loss=0.6601 | acc=0.832
[F2] [E26] batch 0450 | loss=0.6297 | acc=0.844
[F2] [E26] batch 0460 | loss=0.6990 | acc=0.809
[F2] [E26] batch 0470 | loss=0.6213 | acc=0.832
[F2] [E26] total_loss=316.662 | VAL acc=0.938 | F1=0.780 | kappa=0.855
[F2] [E27] batch 0000 | loss=0.6736 | acc=0.816
[F2] [E27] batch 0010 | loss=0.6675 | acc=0.824
[F2] [E27] batch 0020 | loss=0.6579 | acc=0.840
[F2] [E27] batch 0030 | loss=0.6730 | acc=0.809
[F2] [E27] batch 0040 | loss=0.6857 | acc=0.828
[F2] [E27] batch 0050 | loss=0.6505 | acc=0.832
[F2] [E27] batch 0060 | loss=0.6695 | acc=0.812
[F2] [E27] batch 0070 | loss=0.6873 | acc=0.801
[F2] [E27] batch 0080 | loss=0.6555 | acc=0.816
[F2] [E27] batch 0090 | loss=0.6188 | acc=0.844
[F2] [E27] batch 0100 | loss=0.6797 | acc=0.809
[F2] [E27] batch 0110 | loss=0.6330 | acc=0.836
[F2] [E27] batch 0120 | loss=0.6541 | acc=0.812
[F2] [E27] batch 0130 | loss=0.6729 | acc=0.816
[F2] [E27] batch 0140 | loss=0.6529 | acc=0.828
[F2] [E27] batch 0150 | loss=0.6896 | acc=0.816
[F2] [E27] batch 0160 | loss=0.6476 | acc=0.840
[F2] [E27] batch 0170 | loss=0.6681 | acc=0.797
[F2] [E27] batch 0180 | loss=0.6460 | acc=0.828
[F2] [E27] batch 0190 | loss=0.6214 | acc=0.844
[F2] [E27] batch 0200 | loss=0.7514 | acc=0.754
[F2] [E27] batch 0210 | loss=0.7126 | acc=0.773
[F2] [E27] batch 0220 | loss=0.6586 | acc=0.809
[F2] [E27] batch 0230 | loss=0.6794 | acc=0.793
[F2] [E27] batch 0240 | loss=0.6819 | acc=0.797
[F2] [E27] batch 0250 | loss=0.6184 | acc=0.820
[F2] [E27] batch 0260 | loss=0.6772 | acc=0.805
[F2] [E27] batch 0270 | loss=0.6539 | acc=0.805
[F2] [E27] batch 0280 | loss=0.6914 | acc=0.781
[F2] [E27] batch 0290 | loss=0.7359 | acc=0.762
[F2] [E27] batch 0300 | loss=0.6318 | acc=0.820
[F2] [E27] batch 0310 | loss=0.6629 | acc=0.824
[F2] [E27] batch 0320 | loss=0.6661 | acc=0.801
[F2] [E27] batch 0330 | loss=0.7254 | acc=0.781
[F2] [E27] batch 0340 | loss=0.6391 | acc=0.816
[F2] [E27] batch 0350 | loss=0.6161 | acc=0.852
[F2] [E27] batch 0360 | loss=0.7624 | acc=0.734
[F2] [E27] batch 0370 | loss=0.7623 | acc=0.781
[F2] [E27] batch 0380 | loss=0.6802 | acc=0.793
[F2] [E27] batch 0390 | loss=0.6363 | acc=0.805
[F2] [E27] batch 0400 | loss=0.7110 | acc=0.805
[F2] [E27] batch 0410 | loss=0.6250 | acc=0.816
[F2] [E27] batch 0420 | loss=0.6884 | acc=0.781
[F2] [E27] batch 0430 | loss=0.7152 | acc=0.781
[F2] [E27] batch 0440 | loss=0.6627 | acc=0.805
[F2] [E27] batch 0450 | loss=0.7261 | acc=0.793
[F2] [E27] batch 0460 | loss=0.6237 | acc=0.828
[F2] [E27] batch 0470 | loss=0.6550 | acc=0.820
[F2] [E27] total_loss=317.003 | VAL acc=0.939 | F1=0.782 | kappa=0.857
[STOP] Early stopping fold=2
[F2] TEST acc=0.886 | macro-F1=0.692 | kappa=0.780
[F2] time=1.9 min
[SAVE] /scratch/lustre/home/viju8335/projects/sleep-staging-bsc/results/cv_cnn_fold2.json
