[CV] k=5 fold=3
[CV] TRAIN subjects (40): ['SC4012E0', 'SC4021E0', 'SC4031E0', 'SC4032E0', 'SC4041E0'] ...
[CV] VAL   subjects (1):   ['SC4001E0']
[CV] TEST  subjects (10):  ['SC4002E0', 'SC4011E0', 'SC4022E0', 'SC4102E0', 'SC4112E0'] ...
=== DEVICE: cuda ===
=== START TRAIN (CV fold) ===
[F3] [E01] batch 0000 | loss=1.6664 | acc=0.203
[F3] [E01] batch 0010 | loss=1.5255 | acc=0.324
[F3] [E01] batch 0020 | loss=1.4200 | acc=0.438
[F3] [E01] batch 0030 | loss=1.3114 | acc=0.543
[F3] [E01] batch 0040 | loss=1.2809 | acc=0.543
[F3] [E01] batch 0050 | loss=1.2245 | acc=0.574
[F3] [E01] batch 0060 | loss=1.1969 | acc=0.586
[F3] [E01] batch 0070 | loss=1.1303 | acc=0.598
[F3] [E01] batch 0080 | loss=1.1039 | acc=0.617
[F3] [E01] batch 0090 | loss=1.1050 | acc=0.566
[F3] [E01] batch 0100 | loss=1.0835 | acc=0.621
[F3] [E01] batch 0110 | loss=1.0499 | acc=0.621
[F3] [E01] batch 0120 | loss=1.0310 | acc=0.602
[F3] [E01] batch 0130 | loss=0.9969 | acc=0.602
[F3] [E01] batch 0140 | loss=0.9250 | acc=0.688
[F3] [E01] batch 0150 | loss=0.9451 | acc=0.664
[F3] [E01] batch 0160 | loss=0.9456 | acc=0.672
[F3] [E01] batch 0170 | loss=0.9090 | acc=0.703
[F3] [E01] batch 0180 | loss=0.9469 | acc=0.660
[F3] [E01] batch 0190 | loss=0.8556 | acc=0.730
[F3] [E01] batch 0200 | loss=0.9044 | acc=0.699
[F3] [E01] batch 0210 | loss=0.8708 | acc=0.715
[F3] [E01] batch 0220 | loss=0.8608 | acc=0.715
[F3] [E01] batch 0230 | loss=0.8784 | acc=0.691
[F3] [E01] batch 0240 | loss=0.8241 | acc=0.727
[F3] [E01] batch 0250 | loss=0.8556 | acc=0.699
[F3] [E01] batch 0260 | loss=0.8901 | acc=0.691
[F3] [E01] batch 0270 | loss=0.8850 | acc=0.715
[F3] [E01] batch 0280 | loss=0.8674 | acc=0.680
[F3] [E01] batch 0290 | loss=0.8539 | acc=0.715
[F3] [E01] batch 0300 | loss=0.8816 | acc=0.711
[F3] [E01] batch 0310 | loss=0.8226 | acc=0.711
[F3] [E01] batch 0320 | loss=0.8516 | acc=0.734
[F3] [E01] batch 0330 | loss=0.8285 | acc=0.738
[F3] [E01] batch 0340 | loss=0.7916 | acc=0.742
[F3] [E01] batch 0350 | loss=0.7880 | acc=0.734
[F3] [E01] batch 0360 | loss=0.7511 | acc=0.801
[F3] [E01] batch 0370 | loss=0.8879 | acc=0.688
[F3] [E01] batch 0380 | loss=0.8095 | acc=0.734
[F3] [E01] batch 0390 | loss=0.7759 | acc=0.758
[F3] [E01] batch 0400 | loss=0.8506 | acc=0.719
[F3] [E01] batch 0410 | loss=0.8248 | acc=0.723
[F3] [E01] batch 0420 | loss=0.7418 | acc=0.758
[F3] [E01] total_loss=411.985 | VAL acc=0.932 | F1=0.747 | kappa=0.842
[SAVE] best fold=3 (by VAL F1)
[F3] [E02] batch 0000 | loss=0.8758 | acc=0.730
[F3] [E02] batch 0010 | loss=0.7863 | acc=0.723
[F3] [E02] batch 0020 | loss=0.7525 | acc=0.762
[F3] [E02] batch 0030 | loss=0.7367 | acc=0.773
[F3] [E02] batch 0040 | loss=0.7965 | acc=0.742
[F3] [E02] batch 0050 | loss=0.8083 | acc=0.750
[F3] [E02] batch 0060 | loss=0.7497 | acc=0.742
[F3] [E02] batch 0070 | loss=0.7415 | acc=0.781
[F3] [E02] batch 0080 | loss=0.8328 | acc=0.727
[F3] [E02] batch 0090 | loss=0.7427 | acc=0.777
[F3] [E02] batch 0100 | loss=0.7939 | acc=0.723
[F3] [E02] batch 0110 | loss=0.7943 | acc=0.742
[F3] [E02] batch 0120 | loss=0.7685 | acc=0.754
[F3] [E02] batch 0130 | loss=0.8155 | acc=0.742
[F3] [E02] batch 0140 | loss=0.7636 | acc=0.781
[F3] [E02] batch 0150 | loss=0.7456 | acc=0.762
[F3] [E02] batch 0160 | loss=0.8490 | acc=0.723
[F3] [E02] batch 0170 | loss=0.7947 | acc=0.738
[F3] [E02] batch 0180 | loss=0.8259 | acc=0.699
[F3] [E02] batch 0190 | loss=0.8174 | acc=0.738
[F3] [E02] batch 0200 | loss=0.7463 | acc=0.758
[F3] [E02] batch 0210 | loss=0.7624 | acc=0.777
[F3] [E02] batch 0220 | loss=0.7082 | acc=0.762
[F3] [E02] batch 0230 | loss=0.7595 | acc=0.770
[F3] [E02] batch 0240 | loss=0.7892 | acc=0.715
[F3] [E02] batch 0250 | loss=0.7724 | acc=0.746
[F3] [E02] batch 0260 | loss=0.8129 | acc=0.711
[F3] [E02] batch 0270 | loss=0.8137 | acc=0.723
[F3] [E02] batch 0280 | loss=0.8208 | acc=0.746
[F3] [E02] batch 0290 | loss=0.7611 | acc=0.754
[F3] [E02] batch 0300 | loss=0.7873 | acc=0.715
[F3] [E02] batch 0310 | loss=0.8001 | acc=0.734
[F3] [E02] batch 0320 | loss=0.6995 | acc=0.812
[F3] [E02] batch 0330 | loss=0.7453 | acc=0.777
[F3] [E02] batch 0340 | loss=0.6895 | acc=0.801
[F3] [E02] batch 0350 | loss=0.7381 | acc=0.793
[F3] [E02] batch 0360 | loss=0.8505 | acc=0.691
[F3] [E02] batch 0370 | loss=0.7605 | acc=0.742
[F3] [E02] batch 0380 | loss=0.7579 | acc=0.746
[F3] [E02] batch 0390 | loss=0.7446 | acc=0.758
[F3] [E02] batch 0400 | loss=0.7636 | acc=0.754
[F3] [E02] batch 0410 | loss=0.7141 | acc=0.781
[F3] [E02] batch 0420 | loss=0.7782 | acc=0.746
[F3] [E02] total_loss=326.712 | VAL acc=0.939 | F1=0.784 | kappa=0.857
[SAVE] best fold=3 (by VAL F1)
[F3] [E03] batch 0000 | loss=0.8123 | acc=0.734
[F3] [E03] batch 0010 | loss=0.7262 | acc=0.781
[F3] [E03] batch 0020 | loss=0.6644 | acc=0.812
[F3] [E03] batch 0030 | loss=0.7420 | acc=0.777
[F3] [E03] batch 0040 | loss=0.7659 | acc=0.766
[F3] [E03] batch 0050 | loss=0.7151 | acc=0.793
[F3] [E03] batch 0060 | loss=0.7228 | acc=0.801
[F3] [E03] batch 0070 | loss=0.7232 | acc=0.762
[F3] [E03] batch 0080 | loss=0.7560 | acc=0.750
[F3] [E03] batch 0090 | loss=0.7060 | acc=0.793
[F3] [E03] batch 0100 | loss=0.7622 | acc=0.746
[F3] [E03] batch 0110 | loss=0.7460 | acc=0.742
[F3] [E03] batch 0120 | loss=0.8015 | acc=0.758
[F3] [E03] batch 0130 | loss=0.7263 | acc=0.797
[F3] [E03] batch 0140 | loss=0.7358 | acc=0.801
[F3] [E03] batch 0150 | loss=0.8125 | acc=0.730
[F3] [E03] batch 0160 | loss=0.7255 | acc=0.781
[F3] [E03] batch 0170 | loss=0.7967 | acc=0.738
[F3] [E03] batch 0180 | loss=0.7749 | acc=0.766
[F3] [E03] batch 0190 | loss=0.7094 | acc=0.801
[F3] [E03] batch 0200 | loss=0.7670 | acc=0.770
[F3] [E03] batch 0210 | loss=0.7196 | acc=0.785
[F3] [E03] batch 0220 | loss=0.6985 | acc=0.781
[F3] [E03] batch 0230 | loss=0.7730 | acc=0.750
[F3] [E03] batch 0240 | loss=0.7206 | acc=0.789
[F3] [E03] batch 0250 | loss=0.7582 | acc=0.770
[F3] [E03] batch 0260 | loss=0.6913 | acc=0.773
[F3] [E03] batch 0270 | loss=0.6885 | acc=0.812
[F3] [E03] batch 0280 | loss=0.7011 | acc=0.793
[F3] [E03] batch 0290 | loss=0.6773 | acc=0.809
[F3] [E03] batch 0300 | loss=0.7502 | acc=0.766
[F3] [E03] batch 0310 | loss=0.7317 | acc=0.766
[F3] [E03] batch 0320 | loss=0.7551 | acc=0.762
[F3] [E03] batch 0330 | loss=0.7102 | acc=0.805
[F3] [E03] batch 0340 | loss=0.7312 | acc=0.746
[F3] [E03] batch 0350 | loss=0.7613 | acc=0.770
[F3] [E03] batch 0360 | loss=0.7020 | acc=0.824
[F3] [E03] batch 0370 | loss=0.6909 | acc=0.789
[F3] [E03] batch 0380 | loss=0.6646 | acc=0.805
[F3] [E03] batch 0390 | loss=0.7727 | acc=0.742
[F3] [E03] batch 0400 | loss=0.7017 | acc=0.801
[F3] [E03] batch 0410 | loss=0.6721 | acc=0.824
[F3] [E03] batch 0420 | loss=0.7267 | acc=0.781
[F3] [E03] total_loss=314.787 | VAL acc=0.922 | F1=0.729 | kappa=0.814
[F3] [E04] batch 0000 | loss=0.7104 | acc=0.762
[F3] [E04] batch 0010 | loss=0.7488 | acc=0.773
[F3] [E04] batch 0020 | loss=0.7668 | acc=0.742
[F3] [E04] batch 0030 | loss=0.7162 | acc=0.793
[F3] [E04] batch 0040 | loss=0.6953 | acc=0.777
[F3] [E04] batch 0050 | loss=0.7546 | acc=0.758
[F3] [E04] batch 0060 | loss=0.8131 | acc=0.734
[F3] [E04] batch 0070 | loss=0.7140 | acc=0.793
[F3] [E04] batch 0080 | loss=0.7690 | acc=0.738
[F3] [E04] batch 0090 | loss=0.7262 | acc=0.758
[F3] [E04] batch 0100 | loss=0.7410 | acc=0.758
[F3] [E04] batch 0110 | loss=0.7350 | acc=0.777
[F3] [E04] batch 0120 | loss=0.7163 | acc=0.805
[F3] [E04] batch 0130 | loss=0.7291 | acc=0.754
[F3] [E04] batch 0140 | loss=0.7331 | acc=0.801
[F3] [E04] batch 0150 | loss=0.6958 | acc=0.793
[F3] [E04] batch 0160 | loss=0.7062 | acc=0.758
[F3] [E04] batch 0170 | loss=0.7406 | acc=0.762
[F3] [E04] batch 0180 | loss=0.7649 | acc=0.785
[F3] [E04] batch 0190 | loss=0.7261 | acc=0.781
[F3] [E04] batch 0200 | loss=0.7455 | acc=0.746
[F3] [E04] batch 0210 | loss=0.8149 | acc=0.699
[F3] [E04] batch 0220 | loss=0.7403 | acc=0.762
[F3] [E04] batch 0230 | loss=0.7980 | acc=0.734
[F3] [E04] batch 0240 | loss=0.7243 | acc=0.746
[F3] [E04] batch 0250 | loss=0.7501 | acc=0.766
[F3] [E04] batch 0260 | loss=0.7328 | acc=0.762
[F3] [E04] batch 0270 | loss=0.6860 | acc=0.828
[F3] [E04] batch 0280 | loss=0.6840 | acc=0.781
[F3] [E04] batch 0290 | loss=0.7230 | acc=0.762
[F3] [E04] batch 0300 | loss=0.6634 | acc=0.762
[F3] [E04] batch 0310 | loss=0.7579 | acc=0.758
[F3] [E04] batch 0320 | loss=0.7820 | acc=0.727
[F3] [E04] batch 0330 | loss=0.7197 | acc=0.762
[F3] [E04] batch 0340 | loss=0.6883 | acc=0.805
[F3] [E04] batch 0350 | loss=0.6985 | acc=0.793
[F3] [E04] batch 0360 | loss=0.6926 | acc=0.766
[F3] [E04] batch 0370 | loss=0.7317 | acc=0.762
[F3] [E04] batch 0380 | loss=0.6327 | acc=0.816
[F3] [E04] batch 0390 | loss=0.6795 | acc=0.773
[F3] [E04] batch 0400 | loss=0.6828 | acc=0.777
[F3] [E04] batch 0410 | loss=0.7340 | acc=0.750
[F3] [E04] batch 0420 | loss=0.7045 | acc=0.805
[F3] [E04] total_loss=308.625 | VAL acc=0.940 | F1=0.781 | kappa=0.859
[F3] [E05] batch 0000 | loss=0.6914 | acc=0.793
[F3] [E05] batch 0010 | loss=0.7910 | acc=0.754
[F3] [E05] batch 0020 | loss=0.6577 | acc=0.809
[F3] [E05] batch 0030 | loss=0.7041 | acc=0.773
[F3] [E05] batch 0040 | loss=0.7680 | acc=0.762
[F3] [E05] batch 0050 | loss=0.7422 | acc=0.773
[F3] [E05] batch 0060 | loss=0.6787 | acc=0.797
[F3] [E05] batch 0070 | loss=0.6496 | acc=0.828
[F3] [E05] batch 0080 | loss=0.6752 | acc=0.812
[F3] [E05] batch 0090 | loss=0.6863 | acc=0.785
[F3] [E05] batch 0100 | loss=0.6787 | acc=0.781
[F3] [E05] batch 0110 | loss=0.6880 | acc=0.820
[F3] [E05] batch 0120 | loss=0.7856 | acc=0.723
[F3] [E05] batch 0130 | loss=0.7241 | acc=0.781
[F3] [E05] batch 0140 | loss=0.6984 | acc=0.789
[F3] [E05] batch 0150 | loss=0.7623 | acc=0.770
[F3] [E05] batch 0160 | loss=0.6881 | acc=0.820
[F3] [E05] batch 0170 | loss=0.7245 | acc=0.762
[F3] [E05] batch 0180 | loss=0.8334 | acc=0.723
[F3] [E05] batch 0190 | loss=0.7202 | acc=0.801
[F3] [E05] batch 0200 | loss=0.7290 | acc=0.777
[F3] [E05] batch 0210 | loss=0.7348 | acc=0.770
[F3] [E05] batch 0220 | loss=0.7293 | acc=0.762
[F3] [E05] batch 0230 | loss=0.7192 | acc=0.797
[F3] [E05] batch 0240 | loss=0.6566 | acc=0.805
[F3] [E05] batch 0250 | loss=0.6980 | acc=0.781
[F3] [E05] batch 0260 | loss=0.7454 | acc=0.793
[F3] [E05] batch 0270 | loss=0.7441 | acc=0.773
[F3] [E05] batch 0280 | loss=0.7737 | acc=0.766
[F3] [E05] batch 0290 | loss=0.7100 | acc=0.801
[F3] [E05] batch 0300 | loss=0.7177 | acc=0.781
[F3] [E05] batch 0310 | loss=0.7154 | acc=0.781
[F3] [E05] batch 0320 | loss=0.7061 | acc=0.797
[F3] [E05] batch 0330 | loss=0.7387 | acc=0.770
[F3] [E05] batch 0340 | loss=0.7270 | acc=0.762
[F3] [E05] batch 0350 | loss=0.6905 | acc=0.797
[F3] [E05] batch 0360 | loss=0.6993 | acc=0.777
[F3] [E05] batch 0370 | loss=0.6503 | acc=0.805
[F3] [E05] batch 0380 | loss=0.6430 | acc=0.812
[F3] [E05] batch 0390 | loss=0.6742 | acc=0.801
[F3] [E05] batch 0400 | loss=0.6622 | acc=0.809
[F3] [E05] batch 0410 | loss=0.7512 | acc=0.758
[F3] [E05] batch 0420 | loss=0.7020 | acc=0.805
[F3] [E05] total_loss=304.652 | VAL acc=0.942 | F1=0.787 | kappa=0.863
[SAVE] best fold=3 (by VAL F1)
[F3] [E06] batch 0000 | loss=0.6818 | acc=0.797
[F3] [E06] batch 0010 | loss=0.7134 | acc=0.766
[F3] [E06] batch 0020 | loss=0.7011 | acc=0.785
[F3] [E06] batch 0030 | loss=0.7178 | acc=0.789
[F3] [E06] batch 0040 | loss=0.7344 | acc=0.785
[F3] [E06] batch 0050 | loss=0.7125 | acc=0.727
[F3] [E06] batch 0060 | loss=0.7127 | acc=0.805
[F3] [E06] batch 0070 | loss=0.7388 | acc=0.762
[F3] [E06] batch 0080 | loss=0.6942 | acc=0.812
[F3] [E06] batch 0090 | loss=0.7152 | acc=0.758
[F3] [E06] batch 0100 | loss=0.6488 | acc=0.805
[F3] [E06] batch 0110 | loss=0.6979 | acc=0.781
[F3] [E06] batch 0120 | loss=0.6891 | acc=0.777
[F3] [E06] batch 0130 | loss=0.7206 | acc=0.785
[F3] [E06] batch 0140 | loss=0.7077 | acc=0.809
[F3] [E06] batch 0150 | loss=0.6746 | acc=0.785
[F3] [E06] batch 0160 | loss=0.7757 | acc=0.730
[F3] [E06] batch 0170 | loss=0.6488 | acc=0.828
[F3] [E06] batch 0180 | loss=0.7582 | acc=0.746
[F3] [E06] batch 0190 | loss=0.7147 | acc=0.777
[F3] [E06] batch 0200 | loss=0.6628 | acc=0.809
[F3] [E06] batch 0210 | loss=0.7578 | acc=0.758
[F3] [E06] batch 0220 | loss=0.7035 | acc=0.758
[F3] [E06] batch 0230 | loss=0.6565 | acc=0.805
[F3] [E06] batch 0240 | loss=0.6665 | acc=0.844
[F3] [E06] batch 0250 | loss=0.6728 | acc=0.824
[F3] [E06] batch 0260 | loss=0.7626 | acc=0.754
[F3] [E06] batch 0270 | loss=0.7037 | acc=0.816
[F3] [E06] batch 0280 | loss=0.7480 | acc=0.766
[F3] [E06] batch 0290 | loss=0.6410 | acc=0.836
[F3] [E06] batch 0300 | loss=0.7070 | acc=0.785
[F3] [E06] batch 0310 | loss=0.7473 | acc=0.746
[F3] [E06] batch 0320 | loss=0.7160 | acc=0.781
[F3] [E06] batch 0330 | loss=0.6540 | acc=0.824
[F3] [E06] batch 0340 | loss=0.7038 | acc=0.781
[F3] [E06] batch 0350 | loss=0.7265 | acc=0.773
[F3] [E06] batch 0360 | loss=0.6686 | acc=0.805
[F3] [E06] batch 0370 | loss=0.7013 | acc=0.809
[F3] [E06] batch 0380 | loss=0.7307 | acc=0.793
[F3] [E06] batch 0390 | loss=0.6845 | acc=0.805
[F3] [E06] batch 0400 | loss=0.6414 | acc=0.793
[F3] [E06] batch 0410 | loss=0.7396 | acc=0.781
[F3] [E06] batch 0420 | loss=0.6925 | acc=0.789
[F3] [E06] total_loss=300.789 | VAL acc=0.930 | F1=0.753 | kappa=0.837
[F3] [E07] batch 0000 | loss=0.6525 | acc=0.801
[F3] [E07] batch 0010 | loss=0.6675 | acc=0.797
[F3] [E07] batch 0020 | loss=0.6773 | acc=0.836
[F3] [E07] batch 0030 | loss=0.6756 | acc=0.785
[F3] [E07] batch 0040 | loss=0.6480 | acc=0.785
[F3] [E07] batch 0050 | loss=0.7351 | acc=0.785
[F3] [E07] batch 0060 | loss=0.7489 | acc=0.789
[F3] [E07] batch 0070 | loss=0.6877 | acc=0.770
[F3] [E07] batch 0080 | loss=0.7614 | acc=0.762
[F3] [E07] batch 0090 | loss=0.7070 | acc=0.785
[F3] [E07] batch 0100 | loss=0.6707 | acc=0.809
[F3] [E07] batch 0110 | loss=0.6708 | acc=0.801
[F3] [E07] batch 0120 | loss=0.6671 | acc=0.789
[F3] [E07] batch 0130 | loss=0.6447 | acc=0.820
[F3] [E07] batch 0140 | loss=0.6480 | acc=0.816
[F3] [E07] batch 0150 | loss=0.7418 | acc=0.750
[F3] [E07] batch 0160 | loss=0.6853 | acc=0.793
[F3] [E07] batch 0170 | loss=0.7170 | acc=0.789
[F3] [E07] batch 0180 | loss=0.7235 | acc=0.770
[F3] [E07] batch 0190 | loss=0.7236 | acc=0.762
[F3] [E07] batch 0200 | loss=0.7620 | acc=0.777
[F3] [E07] batch 0210 | loss=0.6844 | acc=0.781
[F3] [E07] batch 0220 | loss=0.6603 | acc=0.820
[F3] [E07] batch 0230 | loss=0.7315 | acc=0.777
[F3] [E07] batch 0240 | loss=0.7706 | acc=0.809
[F3] [E07] batch 0250 | loss=0.7134 | acc=0.777
[F3] [E07] batch 0260 | loss=0.7245 | acc=0.781
[F3] [E07] batch 0270 | loss=0.7421 | acc=0.789
[F3] [E07] batch 0280 | loss=0.7510 | acc=0.754
[F3] [E07] batch 0290 | loss=0.7180 | acc=0.797
[F3] [E07] batch 0300 | loss=0.7163 | acc=0.773
[F3] [E07] batch 0310 | loss=0.7378 | acc=0.781
[F3] [E07] batch 0320 | loss=0.7157 | acc=0.770
[F3] [E07] batch 0330 | loss=0.6259 | acc=0.828
[F3] [E07] batch 0340 | loss=0.7260 | acc=0.789
[F3] [E07] batch 0350 | loss=0.7440 | acc=0.742
[F3] [E07] batch 0360 | loss=0.7421 | acc=0.762
[F3] [E07] batch 0370 | loss=0.6878 | acc=0.793
[F3] [E07] batch 0380 | loss=0.7402 | acc=0.770
[F3] [E07] batch 0390 | loss=0.7083 | acc=0.770
[F3] [E07] batch 0400 | loss=0.7440 | acc=0.758
[F3] [E07] batch 0410 | loss=0.7215 | acc=0.750
[F3] [E07] batch 0420 | loss=0.6403 | acc=0.812
[F3] [E07] total_loss=299.260 | VAL acc=0.945 | F1=0.788 | kappa=0.869
[SAVE] best fold=3 (by VAL F1)
[F3] [E08] batch 0000 | loss=0.6818 | acc=0.789
[F3] [E08] batch 0010 | loss=0.7338 | acc=0.766
[F3] [E08] batch 0020 | loss=0.6942 | acc=0.773
[F3] [E08] batch 0030 | loss=0.7331 | acc=0.754
[F3] [E08] batch 0040 | loss=0.7539 | acc=0.754
[F3] [E08] batch 0050 | loss=0.7369 | acc=0.781
[F3] [E08] batch 0060 | loss=0.7747 | acc=0.754
[F3] [E08] batch 0070 | loss=0.6665 | acc=0.793
[F3] [E08] batch 0080 | loss=0.7115 | acc=0.789
[F3] [E08] batch 0090 | loss=0.6484 | acc=0.840
[F3] [E08] batch 0100 | loss=0.7205 | acc=0.766
[F3] [E08] batch 0110 | loss=0.6615 | acc=0.801
[F3] [E08] batch 0120 | loss=0.6639 | acc=0.766
[F3] [E08] batch 0130 | loss=0.7253 | acc=0.785
[F3] [E08] batch 0140 | loss=0.6396 | acc=0.820
[F3] [E08] batch 0150 | loss=0.7438 | acc=0.734
[F3] [E08] batch 0160 | loss=0.6749 | acc=0.809
[F3] [E08] batch 0170 | loss=0.6427 | acc=0.809
[F3] [E08] batch 0180 | loss=0.6832 | acc=0.805
[F3] [E08] batch 0190 | loss=0.6961 | acc=0.785
[F3] [E08] batch 0200 | loss=0.7395 | acc=0.754
[F3] [E08] batch 0210 | loss=0.7780 | acc=0.738
[F3] [E08] batch 0220 | loss=0.7503 | acc=0.770
[F3] [E08] batch 0230 | loss=0.6712 | acc=0.812
[F3] [E08] batch 0240 | loss=0.6991 | acc=0.805
[F3] [E08] batch 0250 | loss=0.6677 | acc=0.816
[F3] [E08] batch 0260 | loss=0.6374 | acc=0.832
[F3] [E08] batch 0270 | loss=0.6826 | acc=0.805
[F3] [E08] batch 0280 | loss=0.7147 | acc=0.793
[F3] [E08] batch 0290 | loss=0.7377 | acc=0.758
[F3] [E08] batch 0300 | loss=0.7415 | acc=0.742
[F3] [E08] batch 0310 | loss=0.6712 | acc=0.812
[F3] [E08] batch 0320 | loss=0.6291 | acc=0.824
[F3] [E08] batch 0330 | loss=0.7388 | acc=0.766
[F3] [E08] batch 0340 | loss=0.7113 | acc=0.762
[F3] [E08] batch 0350 | loss=0.7425 | acc=0.770
[F3] [E08] batch 0360 | loss=0.6901 | acc=0.777
[F3] [E08] batch 0370 | loss=0.6715 | acc=0.773
[F3] [E08] batch 0380 | loss=0.6926 | acc=0.805
[F3] [E08] batch 0390 | loss=0.7066 | acc=0.797
[F3] [E08] batch 0400 | loss=0.6662 | acc=0.812
[F3] [E08] batch 0410 | loss=0.6844 | acc=0.809
[F3] [E08] batch 0420 | loss=0.6637 | acc=0.801
[F3] [E08] total_loss=298.131 | VAL acc=0.939 | F1=0.785 | kappa=0.858
[F3] [E09] batch 0000 | loss=0.6740 | acc=0.801
[F3] [E09] batch 0010 | loss=0.7627 | acc=0.742
[F3] [E09] batch 0020 | loss=0.7178 | acc=0.785
[F3] [E09] batch 0030 | loss=0.7124 | acc=0.789
[F3] [E09] batch 0040 | loss=0.7068 | acc=0.781
[F3] [E09] batch 0050 | loss=0.6633 | acc=0.797
[F3] [E09] batch 0060 | loss=0.6964 | acc=0.793
[F3] [E09] batch 0070 | loss=0.7288 | acc=0.750
[F3] [E09] batch 0080 | loss=0.7194 | acc=0.785
[F3] [E09] batch 0090 | loss=0.7084 | acc=0.793
[F3] [E09] batch 0100 | loss=0.6835 | acc=0.816
[F3] [E09] batch 0110 | loss=0.6932 | acc=0.793
[F3] [E09] batch 0120 | loss=0.6536 | acc=0.812
[F3] [E09] batch 0130 | loss=0.7576 | acc=0.789
[F3] [E09] batch 0140 | loss=0.6484 | acc=0.832
[F3] [E09] batch 0150 | loss=0.6497 | acc=0.828
[F3] [E09] batch 0160 | loss=0.6694 | acc=0.789
[F3] [E09] batch 0170 | loss=0.6890 | acc=0.805
[F3] [E09] batch 0180 | loss=0.6835 | acc=0.805
[F3] [E09] batch 0190 | loss=0.7297 | acc=0.754
[F3] [E09] batch 0200 | loss=0.6708 | acc=0.801
[F3] [E09] batch 0210 | loss=0.7366 | acc=0.766
[F3] [E09] batch 0220 | loss=0.7018 | acc=0.797
[F3] [E09] batch 0230 | loss=0.7805 | acc=0.742
[F3] [E09] batch 0240 | loss=0.6594 | acc=0.797
[F3] [E09] batch 0250 | loss=0.7313 | acc=0.781
[F3] [E09] batch 0260 | loss=0.7245 | acc=0.789
[F3] [E09] batch 0270 | loss=0.7099 | acc=0.746
[F3] [E09] batch 0280 | loss=0.7148 | acc=0.773
[F3] [E09] batch 0290 | loss=0.5842 | acc=0.852
[F3] [E09] batch 0300 | loss=0.7089 | acc=0.785
[F3] [E09] batch 0310 | loss=0.7334 | acc=0.770
[F3] [E09] batch 0320 | loss=0.6881 | acc=0.801
[F3] [E09] batch 0330 | loss=0.7540 | acc=0.758
[F3] [E09] batch 0340 | loss=0.6625 | acc=0.809
[F3] [E09] batch 0350 | loss=0.7216 | acc=0.781
[F3] [E09] batch 0360 | loss=0.7326 | acc=0.793
[F3] [E09] batch 0370 | loss=0.6533 | acc=0.797
[F3] [E09] batch 0380 | loss=0.8120 | acc=0.766
[F3] [E09] batch 0390 | loss=0.7083 | acc=0.777
[F3] [E09] batch 0400 | loss=0.7249 | acc=0.773
[F3] [E09] batch 0410 | loss=0.6857 | acc=0.801
[F3] [E09] batch 0420 | loss=0.6105 | acc=0.840
[F3] [E09] total_loss=296.378 | VAL acc=0.934 | F1=0.771 | kappa=0.846
[F3] [E10] batch 0000 | loss=0.7278 | acc=0.789
[F3] [E10] batch 0010 | loss=0.7044 | acc=0.797
[F3] [E10] batch 0020 | loss=0.7734 | acc=0.719
[F3] [E10] batch 0030 | loss=0.6956 | acc=0.820
[F3] [E10] batch 0040 | loss=0.8003 | acc=0.715
[F3] [E10] batch 0050 | loss=0.6435 | acc=0.805
[F3] [E10] batch 0060 | loss=0.6990 | acc=0.793
[F3] [E10] batch 0070 | loss=0.6654 | acc=0.828
[F3] [E10] batch 0080 | loss=0.6622 | acc=0.820
[F3] [E10] batch 0090 | loss=0.6829 | acc=0.773
[F3] [E10] batch 0100 | loss=0.6905 | acc=0.789
[F3] [E10] batch 0110 | loss=0.7243 | acc=0.758
[F3] [E10] batch 0120 | loss=0.7437 | acc=0.754
[F3] [E10] batch 0130 | loss=0.7884 | acc=0.766
[F3] [E10] batch 0140 | loss=0.7305 | acc=0.762
[F3] [E10] batch 0150 | loss=0.6919 | acc=0.805
[F3] [E10] batch 0160 | loss=0.7113 | acc=0.758
[F3] [E10] batch 0170 | loss=0.7203 | acc=0.785
[F3] [E10] batch 0180 | loss=0.7085 | acc=0.781
[F3] [E10] batch 0190 | loss=0.6709 | acc=0.805
[F3] [E10] batch 0200 | loss=0.7076 | acc=0.793
[F3] [E10] batch 0210 | loss=0.7574 | acc=0.770
[F3] [E10] batch 0220 | loss=0.6859 | acc=0.805
[F3] [E10] batch 0230 | loss=0.7497 | acc=0.770
[F3] [E10] batch 0240 | loss=0.7155 | acc=0.773
[F3] [E10] batch 0250 | loss=0.6646 | acc=0.805
[F3] [E10] batch 0260 | loss=0.7051 | acc=0.797
[F3] [E10] batch 0270 | loss=0.6397 | acc=0.820
[F3] [E10] batch 0280 | loss=0.6570 | acc=0.832
[F3] [E10] batch 0290 | loss=0.6781 | acc=0.797
[F3] [E10] batch 0300 | loss=0.6825 | acc=0.809
[F3] [E10] batch 0310 | loss=0.7193 | acc=0.766
[F3] [E10] batch 0320 | loss=0.7132 | acc=0.805
[F3] [E10] batch 0330 | loss=0.7620 | acc=0.762
[F3] [E10] batch 0340 | loss=0.7579 | acc=0.773
[F3] [E10] batch 0350 | loss=0.6984 | acc=0.793
[F3] [E10] batch 0360 | loss=0.6984 | acc=0.809
[F3] [E10] batch 0370 | loss=0.6902 | acc=0.777
[F3] [E10] batch 0380 | loss=0.6962 | acc=0.805
[F3] [E10] batch 0390 | loss=0.7393 | acc=0.770
[F3] [E10] batch 0400 | loss=0.6355 | acc=0.797
[F3] [E10] batch 0410 | loss=0.7545 | acc=0.766
[F3] [E10] batch 0420 | loss=0.6684 | acc=0.789
[F3] [E10] total_loss=295.078 | VAL acc=0.942 | F1=0.790 | kappa=0.864
[SAVE] best fold=3 (by VAL F1)
[F3] [E11] batch 0000 | loss=0.5961 | acc=0.840
[F3] [E11] batch 0010 | loss=0.6405 | acc=0.801
[F3] [E11] batch 0020 | loss=0.6531 | acc=0.816
[F3] [E11] batch 0030 | loss=0.6764 | acc=0.781
[F3] [E11] batch 0040 | loss=0.7129 | acc=0.777
[F3] [E11] batch 0050 | loss=0.6511 | acc=0.836
[F3] [E11] batch 0060 | loss=0.6796 | acc=0.812
[F3] [E11] batch 0070 | loss=0.7109 | acc=0.797
[F3] [E11] batch 0080 | loss=0.6085 | acc=0.840
[F3] [E11] batch 0090 | loss=0.6266 | acc=0.836
[F3] [E11] batch 0100 | loss=0.6877 | acc=0.773
[F3] [E11] batch 0110 | loss=0.6911 | acc=0.785
[F3] [E11] batch 0120 | loss=0.6426 | acc=0.805
[F3] [E11] batch 0130 | loss=0.6228 | acc=0.816
[F3] [E11] batch 0140 | loss=0.7603 | acc=0.746
[F3] [E11] batch 0150 | loss=0.6707 | acc=0.820
[F3] [E11] batch 0160 | loss=0.7020 | acc=0.754
[F3] [E11] batch 0170 | loss=0.6104 | acc=0.836
[F3] [E11] batch 0180 | loss=0.6736 | acc=0.773
[F3] [E11] batch 0190 | loss=0.6895 | acc=0.789
[F3] [E11] batch 0200 | loss=0.7012 | acc=0.785
[F3] [E11] batch 0210 | loss=0.6196 | acc=0.855
[F3] [E11] batch 0220 | loss=0.6422 | acc=0.816
[F3] [E11] batch 0230 | loss=0.6975 | acc=0.770
[F3] [E11] batch 0240 | loss=0.6393 | acc=0.809
[F3] [E11] batch 0250 | loss=0.6636 | acc=0.781
[F3] [E11] batch 0260 | loss=0.6464 | acc=0.793
[F3] [E11] batch 0270 | loss=0.7051 | acc=0.816
[F3] [E11] batch 0280 | loss=0.7073 | acc=0.785
[F3] [E11] batch 0290 | loss=0.6861 | acc=0.789
[F3] [E11] batch 0300 | loss=0.6582 | acc=0.816
[F3] [E11] batch 0310 | loss=0.7161 | acc=0.785
[F3] [E11] batch 0320 | loss=0.6332 | acc=0.836
[F3] [E11] batch 0330 | loss=0.6632 | acc=0.812
[F3] [E11] batch 0340 | loss=0.6970 | acc=0.789
[F3] [E11] batch 0350 | loss=0.6590 | acc=0.797
[F3] [E11] batch 0360 | loss=0.6452 | acc=0.820
[F3] [E11] batch 0370 | loss=0.7254 | acc=0.762
[F3] [E11] batch 0380 | loss=0.7009 | acc=0.770
[F3] [E11] batch 0390 | loss=0.7274 | acc=0.758
[F3] [E11] batch 0400 | loss=0.6885 | acc=0.789
[F3] [E11] batch 0410 | loss=0.7115 | acc=0.758
[F3] [E11] batch 0420 | loss=0.6890 | acc=0.801
[F3] [E11] total_loss=292.197 | VAL acc=0.937 | F1=0.779 | kappa=0.853
[F3] [E12] batch 0000 | loss=0.7313 | acc=0.758
[F3] [E12] batch 0010 | loss=0.6961 | acc=0.797
[F3] [E12] batch 0020 | loss=0.6846 | acc=0.793
[F3] [E12] batch 0030 | loss=0.6982 | acc=0.766
[F3] [E12] batch 0040 | loss=0.7074 | acc=0.785
[F3] [E12] batch 0050 | loss=0.6869 | acc=0.797
[F3] [E12] batch 0060 | loss=0.6965 | acc=0.773
[F3] [E12] batch 0070 | loss=0.7078 | acc=0.777
[F3] [E12] batch 0080 | loss=0.6788 | acc=0.777
[F3] [E12] batch 0090 | loss=0.6653 | acc=0.797
[F3] [E12] batch 0100 | loss=0.6190 | acc=0.812
[F3] [E12] batch 0110 | loss=0.6815 | acc=0.789
[F3] [E12] batch 0120 | loss=0.6446 | acc=0.844
[F3] [E12] batch 0130 | loss=0.6765 | acc=0.812
[F3] [E12] batch 0140 | loss=0.6653 | acc=0.797
[F3] [E12] batch 0150 | loss=0.7228 | acc=0.754
[F3] [E12] batch 0160 | loss=0.7124 | acc=0.777
[F3] [E12] batch 0170 | loss=0.6969 | acc=0.801
[F3] [E12] batch 0180 | loss=0.6721 | acc=0.793
[F3] [E12] batch 0190 | loss=0.6433 | acc=0.812
[F3] [E12] batch 0200 | loss=0.7384 | acc=0.785
[F3] [E12] batch 0210 | loss=0.7061 | acc=0.754
[F3] [E12] batch 0220 | loss=0.7075 | acc=0.770
[F3] [E12] batch 0230 | loss=0.7569 | acc=0.770
[F3] [E12] batch 0240 | loss=0.7327 | acc=0.809
[F3] [E12] batch 0250 | loss=0.7159 | acc=0.773
[F3] [E12] batch 0260 | loss=0.6617 | acc=0.824
[F3] [E12] batch 0270 | loss=0.6871 | acc=0.809
[F3] [E12] batch 0280 | loss=0.7279 | acc=0.785
[F3] [E12] batch 0290 | loss=0.7017 | acc=0.793
[F3] [E12] batch 0300 | loss=0.6695 | acc=0.812
[F3] [E12] batch 0310 | loss=0.6921 | acc=0.781
[F3] [E12] batch 0320 | loss=0.6759 | acc=0.785
[F3] [E12] batch 0330 | loss=0.6449 | acc=0.828
[F3] [E12] batch 0340 | loss=0.6897 | acc=0.789
[F3] [E12] batch 0350 | loss=0.6432 | acc=0.816
[F3] [E12] batch 0360 | loss=0.6271 | acc=0.816
[F3] [E12] batch 0370 | loss=0.6915 | acc=0.789
[F3] [E12] batch 0380 | loss=0.6849 | acc=0.797
[F3] [E12] batch 0390 | loss=0.7146 | acc=0.785
[F3] [E12] batch 0400 | loss=0.6244 | acc=0.809
[F3] [E12] batch 0410 | loss=0.7587 | acc=0.770
[F3] [E12] batch 0420 | loss=0.7047 | acc=0.770
[F3] [E12] total_loss=291.242 | VAL acc=0.939 | F1=0.789 | kappa=0.858
[F3] [E13] batch 0000 | loss=0.6815 | acc=0.797
[F3] [E13] batch 0010 | loss=0.6895 | acc=0.793
[F3] [E13] batch 0020 | loss=0.6304 | acc=0.820
[F3] [E13] batch 0030 | loss=0.6205 | acc=0.812
[F3] [E13] batch 0040 | loss=0.6999 | acc=0.770
[F3] [E13] batch 0050 | loss=0.6549 | acc=0.820
[F3] [E13] batch 0060 | loss=0.7020 | acc=0.797
[F3] [E13] batch 0070 | loss=0.6558 | acc=0.793
[F3] [E13] batch 0080 | loss=0.6262 | acc=0.824
[F3] [E13] batch 0090 | loss=0.6789 | acc=0.773
[F3] [E13] batch 0100 | loss=0.6395 | acc=0.840
[F3] [E13] batch 0110 | loss=0.6581 | acc=0.816
[F3] [E13] batch 0120 | loss=0.6877 | acc=0.805
[F3] [E13] batch 0130 | loss=0.7248 | acc=0.805
[F3] [E13] batch 0140 | loss=0.6876 | acc=0.816
[F3] [E13] batch 0150 | loss=0.7552 | acc=0.766
[F3] [E13] batch 0160 | loss=0.6621 | acc=0.805
[F3] [E13] batch 0170 | loss=0.6663 | acc=0.816
[F3] [E13] batch 0180 | loss=0.6692 | acc=0.820
[F3] [E13] batch 0190 | loss=0.7864 | acc=0.750
[F3] [E13] batch 0200 | loss=0.6290 | acc=0.828
[F3] [E13] batch 0210 | loss=0.6748 | acc=0.785
[F3] [E13] batch 0220 | loss=0.7237 | acc=0.801
[F3] [E13] batch 0230 | loss=0.6525 | acc=0.820
[F3] [E13] batch 0240 | loss=0.6790 | acc=0.801
[F3] [E13] batch 0250 | loss=0.6427 | acc=0.789
[F3] [E13] batch 0260 | loss=0.6767 | acc=0.793
[F3] [E13] batch 0270 | loss=0.6828 | acc=0.785
[F3] [E13] batch 0280 | loss=0.6975 | acc=0.809
[F3] [E13] batch 0290 | loss=0.6883 | acc=0.789
[F3] [E13] batch 0300 | loss=0.6129 | acc=0.805
[F3] [E13] batch 0310 | loss=0.7364 | acc=0.770
[F3] [E13] batch 0320 | loss=0.5923 | acc=0.844
[F3] [E13] batch 0330 | loss=0.7100 | acc=0.773
[F3] [E13] batch 0340 | loss=0.7697 | acc=0.762
[F3] [E13] batch 0350 | loss=0.7032 | acc=0.820
[F3] [E13] batch 0360 | loss=0.7230 | acc=0.777
[F3] [E13] batch 0370 | loss=0.6984 | acc=0.785
[F3] [E13] batch 0380 | loss=0.7583 | acc=0.762
[F3] [E13] batch 0390 | loss=0.6660 | acc=0.816
[F3] [E13] batch 0400 | loss=0.7036 | acc=0.789
[F3] [E13] batch 0410 | loss=0.7031 | acc=0.770
[F3] [E13] batch 0420 | loss=0.7140 | acc=0.785
[F3] [E13] total_loss=288.798 | VAL acc=0.937 | F1=0.783 | kappa=0.853
[F3] [E14] batch 0000 | loss=0.6862 | acc=0.777
[F3] [E14] batch 0010 | loss=0.6616 | acc=0.820
[F3] [E14] batch 0020 | loss=0.6871 | acc=0.805
[F3] [E14] batch 0030 | loss=0.6716 | acc=0.785
[F3] [E14] batch 0040 | loss=0.6521 | acc=0.809
[F3] [E14] batch 0050 | loss=0.6575 | acc=0.809
[F3] [E14] batch 0060 | loss=0.7122 | acc=0.781
[F3] [E14] batch 0070 | loss=0.7590 | acc=0.762
[F3] [E14] batch 0080 | loss=0.7505 | acc=0.809
[F3] [E14] batch 0090 | loss=0.6268 | acc=0.840
[F3] [E14] batch 0100 | loss=0.6532 | acc=0.828
[F3] [E14] batch 0110 | loss=0.5861 | acc=0.859
[F3] [E14] batch 0120 | loss=0.7017 | acc=0.805
[F3] [E14] batch 0130 | loss=0.6855 | acc=0.797
[F3] [E14] batch 0140 | loss=0.6796 | acc=0.773
[F3] [E14] batch 0150 | loss=0.6578 | acc=0.801
[F3] [E14] batch 0160 | loss=0.6511 | acc=0.801
[F3] [E14] batch 0170 | loss=0.7109 | acc=0.801
[F3] [E14] batch 0180 | loss=0.6745 | acc=0.797
[F3] [E14] batch 0190 | loss=0.7375 | acc=0.785
[F3] [E14] batch 0200 | loss=0.6795 | acc=0.777
[F3] [E14] batch 0210 | loss=0.6919 | acc=0.809
[F3] [E14] batch 0220 | loss=0.6670 | acc=0.828
[F3] [E14] batch 0230 | loss=0.7263 | acc=0.797
[F3] [E14] batch 0240 | loss=0.6715 | acc=0.793
[F3] [E14] batch 0250 | loss=0.6741 | acc=0.816
[F3] [E14] batch 0260 | loss=0.6795 | acc=0.797
[F3] [E14] batch 0270 | loss=0.6779 | acc=0.797
[F3] [E14] batch 0280 | loss=0.7016 | acc=0.801
[F3] [E14] batch 0290 | loss=0.7035 | acc=0.758
[F3] [E14] batch 0300 | loss=0.6730 | acc=0.785
[F3] [E14] batch 0310 | loss=0.6805 | acc=0.801
[F3] [E14] batch 0320 | loss=0.6842 | acc=0.812
[F3] [E14] batch 0330 | loss=0.7230 | acc=0.789
[F3] [E14] batch 0340 | loss=0.6412 | acc=0.816
[F3] [E14] batch 0350 | loss=0.7140 | acc=0.781
[F3] [E14] batch 0360 | loss=0.6903 | acc=0.801
[F3] [E14] batch 0370 | loss=0.7144 | acc=0.777
[F3] [E14] batch 0380 | loss=0.6833 | acc=0.785
[F3] [E14] batch 0390 | loss=0.6555 | acc=0.828
[F3] [E14] batch 0400 | loss=0.6951 | acc=0.797
[F3] [E14] batch 0410 | loss=0.6307 | acc=0.809
[F3] [E14] batch 0420 | loss=0.7090 | acc=0.793
[F3] [E14] total_loss=288.349 | VAL acc=0.934 | F1=0.768 | kappa=0.845
[F3] [E15] batch 0000 | loss=0.6541 | acc=0.820
[F3] [E15] batch 0010 | loss=0.6995 | acc=0.770
[F3] [E15] batch 0020 | loss=0.6780 | acc=0.773
[F3] [E15] batch 0030 | loss=0.6770 | acc=0.793
[F3] [E15] batch 0040 | loss=0.6699 | acc=0.812
[F3] [E15] batch 0050 | loss=0.6517 | acc=0.805
[F3] [E15] batch 0060 | loss=0.7044 | acc=0.793
[F3] [E15] batch 0070 | loss=0.7215 | acc=0.789
[F3] [E15] batch 0080 | loss=0.6711 | acc=0.824
[F3] [E15] batch 0090 | loss=0.6476 | acc=0.824
[F3] [E15] batch 0100 | loss=0.6924 | acc=0.793
[F3] [E15] batch 0110 | loss=0.7010 | acc=0.789
[F3] [E15] batch 0120 | loss=0.6973 | acc=0.809
[F3] [E15] batch 0130 | loss=0.6662 | acc=0.824
[F3] [E15] batch 0140 | loss=0.6879 | acc=0.809
[F3] [E15] batch 0150 | loss=0.6404 | acc=0.816
[F3] [E15] batch 0160 | loss=0.6643 | acc=0.789
[F3] [E15] batch 0170 | loss=0.6283 | acc=0.816
[F3] [E15] batch 0180 | loss=0.6724 | acc=0.801
[F3] [E15] batch 0190 | loss=0.6192 | acc=0.836
[F3] [E15] batch 0200 | loss=0.6300 | acc=0.816
[F3] [E15] batch 0210 | loss=0.6485 | acc=0.805
[F3] [E15] batch 0220 | loss=0.6482 | acc=0.820
[F3] [E15] batch 0230 | loss=0.7354 | acc=0.785
[F3] [E15] batch 0240 | loss=0.7449 | acc=0.777
[F3] [E15] batch 0250 | loss=0.6185 | acc=0.836
[F3] [E15] batch 0260 | loss=0.6803 | acc=0.801
[F3] [E15] batch 0270 | loss=0.6663 | acc=0.801
[F3] [E15] batch 0280 | loss=0.6689 | acc=0.812
[F3] [E15] batch 0290 | loss=0.7663 | acc=0.770
[F3] [E15] batch 0300 | loss=0.6734 | acc=0.789
[F3] [E15] batch 0310 | loss=0.7257 | acc=0.762
[F3] [E15] batch 0320 | loss=0.6942 | acc=0.777
[F3] [E15] batch 0330 | loss=0.7514 | acc=0.758
[F3] [E15] batch 0340 | loss=0.6604 | acc=0.777
[F3] [E15] batch 0350 | loss=0.6700 | acc=0.781
[F3] [E15] batch 0360 | loss=0.6904 | acc=0.805
[F3] [E15] batch 0370 | loss=0.7679 | acc=0.734
[F3] [E15] batch 0380 | loss=0.6697 | acc=0.809
[F3] [E15] batch 0390 | loss=0.6598 | acc=0.785
[F3] [E15] batch 0400 | loss=0.6374 | acc=0.848
[F3] [E15] batch 0410 | loss=0.5736 | acc=0.836
[F3] [E15] batch 0420 | loss=0.6517 | acc=0.801
[F3] [E15] total_loss=287.065 | VAL acc=0.934 | F1=0.774 | kappa=0.845
[F3] [E16] batch 0000 | loss=0.5695 | acc=0.859
[F3] [E16] batch 0010 | loss=0.6645 | acc=0.805
[F3] [E16] batch 0020 | loss=0.7069 | acc=0.777
[F3] [E16] batch 0030 | loss=0.6495 | acc=0.781
[F3] [E16] batch 0040 | loss=0.6877 | acc=0.812
[F3] [E16] batch 0050 | loss=0.7191 | acc=0.742
[F3] [E16] batch 0060 | loss=0.6585 | acc=0.836
[F3] [E16] batch 0070 | loss=0.6433 | acc=0.832
[F3] [E16] batch 0080 | loss=0.6668 | acc=0.809
[F3] [E16] batch 0090 | loss=0.6359 | acc=0.801
[F3] [E16] batch 0100 | loss=0.6983 | acc=0.781
[F3] [E16] batch 0110 | loss=0.6814 | acc=0.793
[F3] [E16] batch 0120 | loss=0.5924 | acc=0.855
[F3] [E16] batch 0130 | loss=0.6559 | acc=0.824
[F3] [E16] batch 0140 | loss=0.6566 | acc=0.820
[F3] [E16] batch 0150 | loss=0.6711 | acc=0.801
[F3] [E16] batch 0160 | loss=0.7173 | acc=0.766
[F3] [E16] batch 0170 | loss=0.7066 | acc=0.777
[F3] [E16] batch 0180 | loss=0.6970 | acc=0.793
[F3] [E16] batch 0190 | loss=0.6440 | acc=0.809
[F3] [E16] batch 0200 | loss=0.6261 | acc=0.801
[F3] [E16] batch 0210 | loss=0.6022 | acc=0.828
[F3] [E16] batch 0220 | loss=0.6615 | acc=0.801
[F3] [E16] batch 0230 | loss=0.6634 | acc=0.816
[F3] [E16] batch 0240 | loss=0.6950 | acc=0.805
[F3] [E16] batch 0250 | loss=0.7235 | acc=0.777
[F3] [E16] batch 0260 | loss=0.6336 | acc=0.824
[F3] [E16] batch 0270 | loss=0.6138 | acc=0.852
[F3] [E16] batch 0280 | loss=0.6714 | acc=0.805
[F3] [E16] batch 0290 | loss=0.6850 | acc=0.789
[F3] [E16] batch 0300 | loss=0.6641 | acc=0.836
[F3] [E16] batch 0310 | loss=0.6331 | acc=0.816
[F3] [E16] batch 0320 | loss=0.6674 | acc=0.793
[F3] [E16] batch 0330 | loss=0.6373 | acc=0.812
[F3] [E16] batch 0340 | loss=0.7015 | acc=0.777
[F3] [E16] batch 0350 | loss=0.6414 | acc=0.836
[F3] [E16] batch 0360 | loss=0.7120 | acc=0.805
[F3] [E16] batch 0370 | loss=0.6151 | acc=0.832
[F3] [E16] batch 0380 | loss=0.6616 | acc=0.801
[F3] [E16] batch 0390 | loss=0.6662 | acc=0.785
[F3] [E16] batch 0400 | loss=0.6223 | acc=0.840
[F3] [E16] batch 0410 | loss=0.6546 | acc=0.785
[F3] [E16] batch 0420 | loss=0.6414 | acc=0.789
[F3] [E16] total_loss=284.859 | VAL acc=0.938 | F1=0.786 | kappa=0.856
[F3] [E17] batch 0000 | loss=0.6969 | acc=0.793
[F3] [E17] batch 0010 | loss=0.6714 | acc=0.812
[F3] [E17] batch 0020 | loss=0.7063 | acc=0.793
[F3] [E17] batch 0030 | loss=0.7237 | acc=0.777
[F3] [E17] batch 0040 | loss=0.6982 | acc=0.785
[F3] [E17] batch 0050 | loss=0.7264 | acc=0.758
[F3] [E17] batch 0060 | loss=0.6510 | acc=0.828
[F3] [E17] batch 0070 | loss=0.6936 | acc=0.773
[F3] [E17] batch 0080 | loss=0.6624 | acc=0.805
[F3] [E17] batch 0090 | loss=0.6754 | acc=0.789
[F3] [E17] batch 0100 | loss=0.6827 | acc=0.809
[F3] [E17] batch 0110 | loss=0.6895 | acc=0.785
[F3] [E17] batch 0120 | loss=0.6327 | acc=0.828
[F3] [E17] batch 0130 | loss=0.6268 | acc=0.832
[F3] [E17] batch 0140 | loss=0.6602 | acc=0.805
[F3] [E17] batch 0150 | loss=0.7190 | acc=0.773
[F3] [E17] batch 0160 | loss=0.6040 | acc=0.844
[F3] [E17] batch 0170 | loss=0.6636 | acc=0.828
[F3] [E17] batch 0180 | loss=0.7026 | acc=0.809
[F3] [E17] batch 0190 | loss=0.6717 | acc=0.824
[F3] [E17] batch 0200 | loss=0.6730 | acc=0.781
[F3] [E17] batch 0210 | loss=0.6990 | acc=0.801
[F3] [E17] batch 0220 | loss=0.6702 | acc=0.816
[F3] [E17] batch 0230 | loss=0.7352 | acc=0.754
[F3] [E17] batch 0240 | loss=0.5917 | acc=0.836
[F3] [E17] batch 0250 | loss=0.6521 | acc=0.812
[F3] [E17] batch 0260 | loss=0.7136 | acc=0.762
[F3] [E17] batch 0270 | loss=0.7047 | acc=0.785
[F3] [E17] batch 0280 | loss=0.7143 | acc=0.785
[F3] [E17] batch 0290 | loss=0.6756 | acc=0.797
[F3] [E17] batch 0300 | loss=0.6051 | acc=0.832
[F3] [E17] batch 0310 | loss=0.7131 | acc=0.812
[F3] [E17] batch 0320 | loss=0.6473 | acc=0.836
[F3] [E17] batch 0330 | loss=0.6145 | acc=0.836
[F3] [E17] batch 0340 | loss=0.6432 | acc=0.832
[F3] [E17] batch 0350 | loss=0.7131 | acc=0.785
[F3] [E17] batch 0360 | loss=0.7008 | acc=0.770
[F3] [E17] batch 0370 | loss=0.7071 | acc=0.781
[F3] [E17] batch 0380 | loss=0.6688 | acc=0.812
[F3] [E17] batch 0390 | loss=0.6620 | acc=0.766
[F3] [E17] batch 0400 | loss=0.6808 | acc=0.797
[F3] [E17] batch 0410 | loss=0.6235 | acc=0.816
[F3] [E17] batch 0420 | loss=0.7410 | acc=0.762
[F3] [E17] total_loss=285.875 | VAL acc=0.934 | F1=0.774 | kappa=0.847
[F3] [E18] batch 0000 | loss=0.6736 | acc=0.770
[F3] [E18] batch 0010 | loss=0.7129 | acc=0.793
[F3] [E18] batch 0020 | loss=0.6393 | acc=0.816
[F3] [E18] batch 0030 | loss=0.6149 | acc=0.840
[F3] [E18] batch 0040 | loss=0.6643 | acc=0.809
[F3] [E18] batch 0050 | loss=0.6508 | acc=0.824
[F3] [E18] batch 0060 | loss=0.6604 | acc=0.793
[F3] [E18] batch 0070 | loss=0.6819 | acc=0.797
[F3] [E18] batch 0080 | loss=0.6889 | acc=0.816
[F3] [E18] batch 0090 | loss=0.6346 | acc=0.816
[F3] [E18] batch 0100 | loss=0.6895 | acc=0.797
[F3] [E18] batch 0110 | loss=0.6397 | acc=0.809
[F3] [E18] batch 0120 | loss=0.7394 | acc=0.770
[F3] [E18] batch 0130 | loss=0.7486 | acc=0.762
[F3] [E18] batch 0140 | loss=0.6331 | acc=0.809
[F3] [E18] batch 0150 | loss=0.6453 | acc=0.828
[F3] [E18] batch 0160 | loss=0.6391 | acc=0.805
[F3] [E18] batch 0170 | loss=0.7138 | acc=0.812
[F3] [E18] batch 0180 | loss=0.6760 | acc=0.770
[F3] [E18] batch 0190 | loss=0.6609 | acc=0.828
[F3] [E18] batch 0200 | loss=0.6548 | acc=0.801
[F3] [E18] batch 0210 | loss=0.6397 | acc=0.828
[F3] [E18] batch 0220 | loss=0.6727 | acc=0.793
[F3] [E18] batch 0230 | loss=0.6847 | acc=0.797
[F3] [E18] batch 0240 | loss=0.7189 | acc=0.766
[F3] [E18] batch 0250 | loss=0.6777 | acc=0.801
[F3] [E18] batch 0260 | loss=0.6808 | acc=0.773
[F3] [E18] batch 0270 | loss=0.7495 | acc=0.746
[F3] [E18] batch 0280 | loss=0.7806 | acc=0.762
[F3] [E18] batch 0290 | loss=0.7000 | acc=0.781
[F3] [E18] batch 0300 | loss=0.6717 | acc=0.820
[F3] [E18] batch 0310 | loss=0.7055 | acc=0.777
[F3] [E18] batch 0320 | loss=0.6364 | acc=0.816
[F3] [E18] batch 0330 | loss=0.6531 | acc=0.816
[F3] [E18] batch 0340 | loss=0.6122 | acc=0.848
[F3] [E18] batch 0350 | loss=0.6311 | acc=0.836
[F3] [E18] batch 0360 | loss=0.6242 | acc=0.848
[F3] [E18] batch 0370 | loss=0.6315 | acc=0.840
[F3] [E18] batch 0380 | loss=0.7107 | acc=0.789
[F3] [E18] batch 0390 | loss=0.6758 | acc=0.793
[F3] [E18] batch 0400 | loss=0.7504 | acc=0.746
[F3] [E18] batch 0410 | loss=0.6757 | acc=0.820
[F3] [E18] batch 0420 | loss=0.6033 | acc=0.836
[F3] [E18] total_loss=284.521 | VAL acc=0.937 | F1=0.778 | kappa=0.854
[F3] [E19] batch 0000 | loss=0.6031 | acc=0.859
[F3] [E19] batch 0010 | loss=0.6521 | acc=0.812
[F3] [E19] batch 0020 | loss=0.6844 | acc=0.801
[F3] [E19] batch 0030 | loss=0.6874 | acc=0.777
[F3] [E19] batch 0040 | loss=0.6473 | acc=0.840
[F3] [E19] batch 0050 | loss=0.6199 | acc=0.820
[F3] [E19] batch 0060 | loss=0.6761 | acc=0.824
[F3] [E19] batch 0070 | loss=0.6615 | acc=0.812
[F3] [E19] batch 0080 | loss=0.6078 | acc=0.859
[F3] [E19] batch 0090 | loss=0.7052 | acc=0.789
[F3] [E19] batch 0100 | loss=0.6618 | acc=0.820
[F3] [E19] batch 0110 | loss=0.6140 | acc=0.836
[F3] [E19] batch 0120 | loss=0.6493 | acc=0.781
[F3] [E19] batch 0130 | loss=0.6469 | acc=0.816
[F3] [E19] batch 0140 | loss=0.5978 | acc=0.828
[F3] [E19] batch 0150 | loss=0.7250 | acc=0.770
[F3] [E19] batch 0160 | loss=0.6127 | acc=0.852
[F3] [E19] batch 0170 | loss=0.7210 | acc=0.777
[F3] [E19] batch 0180 | loss=0.6522 | acc=0.836
[F3] [E19] batch 0190 | loss=0.6336 | acc=0.828
[F3] [E19] batch 0200 | loss=0.6548 | acc=0.801
[F3] [E19] batch 0210 | loss=0.6616 | acc=0.805
[F3] [E19] batch 0220 | loss=0.7229 | acc=0.766
[F3] [E19] batch 0230 | loss=0.7055 | acc=0.797
[F3] [E19] batch 0240 | loss=0.6428 | acc=0.805
[F3] [E19] batch 0250 | loss=0.8316 | acc=0.711
[F3] [E19] batch 0260 | loss=0.6487 | acc=0.844
[F3] [E19] batch 0270 | loss=0.6772 | acc=0.793
[F3] [E19] batch 0280 | loss=0.6292 | acc=0.848
[F3] [E19] batch 0290 | loss=0.6078 | acc=0.805
[F3] [E19] batch 0300 | loss=0.6815 | acc=0.777
[F3] [E19] batch 0310 | loss=0.7040 | acc=0.773
[F3] [E19] batch 0320 | loss=0.6308 | acc=0.828
[F3] [E19] batch 0330 | loss=0.7206 | acc=0.777
[F3] [E19] batch 0340 | loss=0.7046 | acc=0.801
[F3] [E19] batch 0350 | loss=0.6624 | acc=0.809
[F3] [E19] batch 0360 | loss=0.6204 | acc=0.805
[F3] [E19] batch 0370 | loss=0.6371 | acc=0.836
[F3] [E19] batch 0380 | loss=0.6429 | acc=0.855
[F3] [E19] batch 0390 | loss=0.6967 | acc=0.793
[F3] [E19] batch 0400 | loss=0.6774 | acc=0.812
[F3] [E19] batch 0410 | loss=0.5633 | acc=0.840
[F3] [E19] batch 0420 | loss=0.6543 | acc=0.828
[F3] [E19] total_loss=283.082 | VAL acc=0.938 | F1=0.782 | kappa=0.855
[F3] [E20] batch 0000 | loss=0.6241 | acc=0.828
[F3] [E20] batch 0010 | loss=0.6863 | acc=0.789
[F3] [E20] batch 0020 | loss=0.6884 | acc=0.789
[F3] [E20] batch 0030 | loss=0.6445 | acc=0.824
[F3] [E20] batch 0040 | loss=0.6052 | acc=0.855
[F3] [E20] batch 0050 | loss=0.6677 | acc=0.801
[F3] [E20] batch 0060 | loss=0.6924 | acc=0.797
[F3] [E20] batch 0070 | loss=0.6340 | acc=0.812
[F3] [E20] batch 0080 | loss=0.7053 | acc=0.805
[F3] [E20] batch 0090 | loss=0.6214 | acc=0.844
[F3] [E20] batch 0100 | loss=0.7059 | acc=0.777
[F3] [E20] batch 0110 | loss=0.6628 | acc=0.801
[F3] [E20] batch 0120 | loss=0.7108 | acc=0.793
[F3] [E20] batch 0130 | loss=0.7153 | acc=0.762
[F3] [E20] batch 0140 | loss=0.6810 | acc=0.785
[F3] [E20] batch 0150 | loss=0.6477 | acc=0.816
[F3] [E20] batch 0160 | loss=0.7038 | acc=0.793
[F3] [E20] batch 0170 | loss=0.6435 | acc=0.824
[F3] [E20] batch 0180 | loss=0.6698 | acc=0.797
[F3] [E20] batch 0190 | loss=0.7386 | acc=0.758
[F3] [E20] batch 0200 | loss=0.6571 | acc=0.820
[F3] [E20] batch 0210 | loss=0.6331 | acc=0.828
[F3] [E20] batch 0220 | loss=0.6303 | acc=0.855
[F3] [E20] batch 0230 | loss=0.7037 | acc=0.789
[F3] [E20] batch 0240 | loss=0.6289 | acc=0.852
[F3] [E20] batch 0250 | loss=0.6446 | acc=0.809
[F3] [E20] batch 0260 | loss=0.7003 | acc=0.805
[F3] [E20] batch 0270 | loss=0.6736 | acc=0.789
[F3] [E20] batch 0280 | loss=0.6644 | acc=0.801
[F3] [E20] batch 0290 | loss=0.6911 | acc=0.812
[F3] [E20] batch 0300 | loss=0.6448 | acc=0.809
[F3] [E20] batch 0310 | loss=0.6434 | acc=0.828
[F3] [E20] batch 0320 | loss=0.7455 | acc=0.766
[F3] [E20] batch 0330 | loss=0.6614 | acc=0.816
[F3] [E20] batch 0340 | loss=0.5981 | acc=0.809
[F3] [E20] batch 0350 | loss=0.6691 | acc=0.785
[F3] [E20] batch 0360 | loss=0.6451 | acc=0.828
[F3] [E20] batch 0370 | loss=0.6935 | acc=0.773
[F3] [E20] batch 0380 | loss=0.6695 | acc=0.805
[F3] [E20] batch 0390 | loss=0.6780 | acc=0.812
[F3] [E20] batch 0400 | loss=0.6046 | acc=0.828
[F3] [E20] batch 0410 | loss=0.6934 | acc=0.805
[F3] [E20] batch 0420 | loss=0.6794 | acc=0.777
[F3] [E20] total_loss=283.535 | VAL acc=0.938 | F1=0.784 | kappa=0.856
[STOP] Early stopping fold=3
[F3] TEST acc=0.903 | macro-F1=0.738 | kappa=0.813
[F3] time=1.4 min
[SAVE] /scratch/lustre/home/viju8335/projects/sleep-staging-bsc/results/cv_cnn_fold3.json
