[CV] k=10 fold=1
[CV] TRAIN subjects (45): ['SC4002E0', 'SC4011E0', 'SC4021E0', 'SC4022E0', 'SC4031E0'] ...
[CV] VAL   subjects (1):   ['SC4001E0']
[CV] TEST  subjects (5):  ['SC4012E0', 'SC4062E0', 'SC4082E0', 'SC4152E0', 'SC4162E0'] ...
=== DEVICE: cuda ===
=== START TRAIN (CV fold) ===
[F1] [E01] batch 0000 | loss=1.6925 | acc=0.180
[F1] [E01] batch 0010 | loss=1.5266 | acc=0.238
[F1] [E01] batch 0020 | loss=1.4213 | acc=0.516
[F1] [E01] batch 0030 | loss=1.3635 | acc=0.477
[F1] [E01] batch 0040 | loss=1.3097 | acc=0.512
[F1] [E01] batch 0050 | loss=1.2115 | acc=0.617
[F1] [E01] batch 0060 | loss=1.2127 | acc=0.547
[F1] [E01] batch 0070 | loss=1.1724 | acc=0.582
[F1] [E01] batch 0080 | loss=1.1010 | acc=0.605
[F1] [E01] batch 0090 | loss=1.0576 | acc=0.645
[F1] [E01] batch 0100 | loss=0.9980 | acc=0.688
[F1] [E01] batch 0110 | loss=1.0386 | acc=0.648
[F1] [E01] batch 0120 | loss=0.9374 | acc=0.680
[F1] [E01] batch 0130 | loss=0.9923 | acc=0.656
[F1] [E01] batch 0140 | loss=0.9604 | acc=0.668
[F1] [E01] batch 0150 | loss=0.9474 | acc=0.672
[F1] [E01] batch 0160 | loss=0.9372 | acc=0.668
[F1] [E01] batch 0170 | loss=0.9591 | acc=0.633
[F1] [E01] batch 0180 | loss=0.9054 | acc=0.676
[F1] [E01] batch 0190 | loss=0.9023 | acc=0.680
[F1] [E01] batch 0200 | loss=0.8794 | acc=0.727
[F1] [E01] batch 0210 | loss=0.9016 | acc=0.703
[F1] [E01] batch 0220 | loss=0.8644 | acc=0.715
[F1] [E01] batch 0230 | loss=0.8674 | acc=0.707
[F1] [E01] batch 0240 | loss=0.8448 | acc=0.738
[F1] [E01] batch 0250 | loss=0.7780 | acc=0.750
[F1] [E01] batch 0260 | loss=0.8620 | acc=0.723
[F1] [E01] batch 0270 | loss=0.8413 | acc=0.703
[F1] [E01] batch 0280 | loss=0.8640 | acc=0.691
[F1] [E01] batch 0290 | loss=0.8911 | acc=0.695
[F1] [E01] batch 0300 | loss=0.9112 | acc=0.668
[F1] [E01] batch 0310 | loss=0.8152 | acc=0.773
[F1] [E01] batch 0320 | loss=0.8084 | acc=0.734
[F1] [E01] batch 0330 | loss=0.8101 | acc=0.727
[F1] [E01] batch 0340 | loss=0.8379 | acc=0.754
[F1] [E01] batch 0350 | loss=0.7639 | acc=0.781
[F1] [E01] batch 0360 | loss=0.7654 | acc=0.758
[F1] [E01] batch 0370 | loss=0.8752 | acc=0.727
[F1] [E01] batch 0380 | loss=0.8237 | acc=0.746
[F1] [E01] batch 0390 | loss=0.8038 | acc=0.746
[F1] [E01] batch 0400 | loss=0.8109 | acc=0.762
[F1] [E01] batch 0410 | loss=0.7710 | acc=0.766
[F1] [E01] batch 0420 | loss=0.7700 | acc=0.750
[F1] [E01] batch 0430 | loss=0.8207 | acc=0.703
[F1] [E01] batch 0440 | loss=0.8384 | acc=0.715
[F1] [E01] batch 0450 | loss=0.7824 | acc=0.750
[F1] [E01] batch 0460 | loss=0.8200 | acc=0.742
[F1] [E01] batch 0470 | loss=0.7616 | acc=0.770
[F1] [E01] total_loss=455.251 | VAL acc=0.938 | F1=0.790 | kappa=0.858
[SAVE] best fold=1 (by VAL F1)
[F1] [E02] batch 0000 | loss=0.8018 | acc=0.734
[F1] [E02] batch 0010 | loss=0.7983 | acc=0.738
[F1] [E02] batch 0020 | loss=0.7193 | acc=0.824
[F1] [E02] batch 0030 | loss=0.7818 | acc=0.742
[F1] [E02] batch 0040 | loss=0.7893 | acc=0.734
[F1] [E02] batch 0050 | loss=0.7572 | acc=0.766
[F1] [E02] batch 0060 | loss=0.7959 | acc=0.781
[F1] [E02] batch 0070 | loss=0.7149 | acc=0.766
[F1] [E02] batch 0080 | loss=0.7651 | acc=0.742
[F1] [E02] batch 0090 | loss=0.7566 | acc=0.758
[F1] [E02] batch 0100 | loss=0.8034 | acc=0.738
[F1] [E02] batch 0110 | loss=0.7544 | acc=0.789
[F1] [E02] batch 0120 | loss=0.8703 | acc=0.680
[F1] [E02] batch 0130 | loss=0.7233 | acc=0.797
[F1] [E02] batch 0140 | loss=0.7828 | acc=0.730
[F1] [E02] batch 0150 | loss=0.7836 | acc=0.754
[F1] [E02] batch 0160 | loss=0.7462 | acc=0.762
[F1] [E02] batch 0170 | loss=0.7478 | acc=0.785
[F1] [E02] batch 0180 | loss=0.7814 | acc=0.703
[F1] [E02] batch 0190 | loss=0.7762 | acc=0.746
[F1] [E02] batch 0200 | loss=0.7879 | acc=0.754
[F1] [E02] batch 0210 | loss=0.7121 | acc=0.809
[F1] [E02] batch 0220 | loss=0.8284 | acc=0.711
[F1] [E02] batch 0230 | loss=0.7906 | acc=0.754
[F1] [E02] batch 0240 | loss=0.7606 | acc=0.773
[F1] [E02] batch 0250 | loss=0.7616 | acc=0.770
[F1] [E02] batch 0260 | loss=0.7694 | acc=0.758
[F1] [E02] batch 0270 | loss=0.8054 | acc=0.723
[F1] [E02] batch 0280 | loss=0.7505 | acc=0.750
[F1] [E02] batch 0290 | loss=0.7586 | acc=0.762
[F1] [E02] batch 0300 | loss=0.7692 | acc=0.789
[F1] [E02] batch 0310 | loss=0.7571 | acc=0.754
[F1] [E02] batch 0320 | loss=0.7465 | acc=0.789
[F1] [E02] batch 0330 | loss=0.8045 | acc=0.742
[F1] [E02] batch 0340 | loss=0.7595 | acc=0.730
[F1] [E02] batch 0350 | loss=0.8251 | acc=0.738
[F1] [E02] batch 0360 | loss=0.7010 | acc=0.770
[F1] [E02] batch 0370 | loss=0.7270 | acc=0.785
[F1] [E02] batch 0380 | loss=0.7783 | acc=0.715
[F1] [E02] batch 0390 | loss=0.8429 | acc=0.719
[F1] [E02] batch 0400 | loss=0.6990 | acc=0.805
[F1] [E02] batch 0410 | loss=0.7632 | acc=0.766
[F1] [E02] batch 0420 | loss=0.7016 | acc=0.809
[F1] [E02] batch 0430 | loss=0.7289 | acc=0.773
[F1] [E02] batch 0440 | loss=0.6806 | acc=0.797
[F1] [E02] batch 0450 | loss=0.7147 | acc=0.785
[F1] [E02] batch 0460 | loss=0.6925 | acc=0.793
[F1] [E02] batch 0470 | loss=0.6855 | acc=0.824
[F1] [E02] total_loss=363.526 | VAL acc=0.930 | F1=0.766 | kappa=0.835
[F1] [E03] batch 0000 | loss=0.7064 | acc=0.770
[F1] [E03] batch 0010 | loss=0.7708 | acc=0.746
[F1] [E03] batch 0020 | loss=0.7604 | acc=0.738
[F1] [E03] batch 0030 | loss=0.7796 | acc=0.707
[F1] [E03] batch 0040 | loss=0.7104 | acc=0.758
[F1] [E03] batch 0050 | loss=0.7022 | acc=0.793
[F1] [E03] batch 0060 | loss=0.7709 | acc=0.738
[F1] [E03] batch 0070 | loss=0.8619 | acc=0.719
[F1] [E03] batch 0080 | loss=0.6983 | acc=0.785
[F1] [E03] batch 0090 | loss=0.7374 | acc=0.777
[F1] [E03] batch 0100 | loss=0.7120 | acc=0.758
[F1] [E03] batch 0110 | loss=0.7093 | acc=0.793
[F1] [E03] batch 0120 | loss=0.6959 | acc=0.805
[F1] [E03] batch 0130 | loss=0.7724 | acc=0.754
[F1] [E03] batch 0140 | loss=0.8248 | acc=0.719
[F1] [E03] batch 0150 | loss=0.7841 | acc=0.723
[F1] [E03] batch 0160 | loss=0.6408 | acc=0.812
[F1] [E03] batch 0170 | loss=0.6696 | acc=0.812
[F1] [E03] batch 0180 | loss=0.7178 | acc=0.750
[F1] [E03] batch 0190 | loss=0.7460 | acc=0.758
[F1] [E03] batch 0200 | loss=0.7075 | acc=0.789
[F1] [E03] batch 0210 | loss=0.6835 | acc=0.793
[F1] [E03] batch 0220 | loss=0.7113 | acc=0.770
[F1] [E03] batch 0230 | loss=0.6875 | acc=0.773
[F1] [E03] batch 0240 | loss=0.7543 | acc=0.730
[F1] [E03] batch 0250 | loss=0.7031 | acc=0.805
[F1] [E03] batch 0260 | loss=0.7493 | acc=0.777
[F1] [E03] batch 0270 | loss=0.6632 | acc=0.809
[F1] [E03] batch 0280 | loss=0.7547 | acc=0.730
[F1] [E03] batch 0290 | loss=0.7255 | acc=0.789
[F1] [E03] batch 0300 | loss=0.7586 | acc=0.762
[F1] [E03] batch 0310 | loss=0.7535 | acc=0.758
[F1] [E03] batch 0320 | loss=0.7660 | acc=0.750
[F1] [E03] batch 0330 | loss=0.6704 | acc=0.812
[F1] [E03] batch 0340 | loss=0.7582 | acc=0.766
[F1] [E03] batch 0350 | loss=0.7387 | acc=0.785
[F1] [E03] batch 0360 | loss=0.7052 | acc=0.785
[F1] [E03] batch 0370 | loss=0.6979 | acc=0.789
[F1] [E03] batch 0380 | loss=0.7260 | acc=0.797
[F1] [E03] batch 0390 | loss=0.7459 | acc=0.715
[F1] [E03] batch 0400 | loss=0.7208 | acc=0.777
[F1] [E03] batch 0410 | loss=0.7397 | acc=0.773
[F1] [E03] batch 0420 | loss=0.6561 | acc=0.809
[F1] [E03] batch 0430 | loss=0.7741 | acc=0.738
[F1] [E03] batch 0440 | loss=0.7620 | acc=0.750
[F1] [E03] batch 0450 | loss=0.7487 | acc=0.750
[F1] [E03] batch 0460 | loss=0.7449 | acc=0.773
[F1] [E03] batch 0470 | loss=0.7481 | acc=0.777
[F1] [E03] total_loss=351.065 | VAL acc=0.931 | F1=0.769 | kappa=0.842
[F1] [E04] batch 0000 | loss=0.6745 | acc=0.809
[F1] [E04] batch 0010 | loss=0.7397 | acc=0.785
[F1] [E04] batch 0020 | loss=0.8235 | acc=0.746
[F1] [E04] batch 0030 | loss=0.7482 | acc=0.766
[F1] [E04] batch 0040 | loss=0.7432 | acc=0.762
[F1] [E04] batch 0050 | loss=0.7629 | acc=0.738
[F1] [E04] batch 0060 | loss=0.7471 | acc=0.750
[F1] [E04] batch 0070 | loss=0.7342 | acc=0.730
[F1] [E04] batch 0080 | loss=0.6533 | acc=0.797
[F1] [E04] batch 0090 | loss=0.7293 | acc=0.770
[F1] [E04] batch 0100 | loss=0.7479 | acc=0.777
[F1] [E04] batch 0110 | loss=0.7148 | acc=0.785
[F1] [E04] batch 0120 | loss=0.7607 | acc=0.754
[F1] [E04] batch 0130 | loss=0.6415 | acc=0.816
[F1] [E04] batch 0140 | loss=0.7768 | acc=0.742
[F1] [E04] batch 0150 | loss=0.6712 | acc=0.828
[F1] [E04] batch 0160 | loss=0.7125 | acc=0.777
[F1] [E04] batch 0170 | loss=0.7026 | acc=0.797
[F1] [E04] batch 0180 | loss=0.7575 | acc=0.770
[F1] [E04] batch 0190 | loss=0.7330 | acc=0.770
[F1] [E04] batch 0200 | loss=0.6711 | acc=0.809
[F1] [E04] batch 0210 | loss=0.6926 | acc=0.770
[F1] [E04] batch 0220 | loss=0.7488 | acc=0.766
[F1] [E04] batch 0230 | loss=0.7013 | acc=0.773
[F1] [E04] batch 0240 | loss=0.7155 | acc=0.781
[F1] [E04] batch 0250 | loss=0.7127 | acc=0.797
[F1] [E04] batch 0260 | loss=0.7023 | acc=0.773
[F1] [E04] batch 0270 | loss=0.7513 | acc=0.723
[F1] [E04] batch 0280 | loss=0.7114 | acc=0.785
[F1] [E04] batch 0290 | loss=0.7846 | acc=0.730
[F1] [E04] batch 0300 | loss=0.7622 | acc=0.730
[F1] [E04] batch 0310 | loss=0.7359 | acc=0.773
[F1] [E04] batch 0320 | loss=0.7339 | acc=0.793
[F1] [E04] batch 0330 | loss=0.6902 | acc=0.773
[F1] [E04] batch 0340 | loss=0.7707 | acc=0.742
[F1] [E04] batch 0350 | loss=0.6742 | acc=0.812
[F1] [E04] batch 0360 | loss=0.7398 | acc=0.770
[F1] [E04] batch 0370 | loss=0.7192 | acc=0.789
[F1] [E04] batch 0380 | loss=0.7984 | acc=0.730
[F1] [E04] batch 0390 | loss=0.7124 | acc=0.797
[F1] [E04] batch 0400 | loss=0.6853 | acc=0.777
[F1] [E04] batch 0410 | loss=0.7424 | acc=0.750
[F1] [E04] batch 0420 | loss=0.7271 | acc=0.758
[F1] [E04] batch 0430 | loss=0.6953 | acc=0.793
[F1] [E04] batch 0440 | loss=0.7237 | acc=0.797
[F1] [E04] batch 0450 | loss=0.7411 | acc=0.773
[F1] [E04] batch 0460 | loss=0.7157 | acc=0.770
[F1] [E04] batch 0470 | loss=0.7166 | acc=0.777
[F1] [E04] total_loss=343.407 | VAL acc=0.939 | F1=0.786 | kappa=0.859
[F1] [E05] batch 0000 | loss=0.6713 | acc=0.809
[F1] [E05] batch 0010 | loss=0.7391 | acc=0.750
[F1] [E05] batch 0020 | loss=0.6734 | acc=0.797
[F1] [E05] batch 0030 | loss=0.7583 | acc=0.727
[F1] [E05] batch 0040 | loss=0.7472 | acc=0.770
[F1] [E05] batch 0050 | loss=0.7427 | acc=0.754
[F1] [E05] batch 0060 | loss=0.7309 | acc=0.797
[F1] [E05] batch 0070 | loss=0.6629 | acc=0.840
[F1] [E05] batch 0080 | loss=0.7325 | acc=0.766
[F1] [E05] batch 0090 | loss=0.7069 | acc=0.805
[F1] [E05] batch 0100 | loss=0.7512 | acc=0.773
[F1] [E05] batch 0110 | loss=0.6325 | acc=0.859
[F1] [E05] batch 0120 | loss=0.7300 | acc=0.754
[F1] [E05] batch 0130 | loss=0.7521 | acc=0.758
[F1] [E05] batch 0140 | loss=0.7087 | acc=0.785
[F1] [E05] batch 0150 | loss=0.6808 | acc=0.809
[F1] [E05] batch 0160 | loss=0.6742 | acc=0.812
[F1] [E05] batch 0170 | loss=0.7024 | acc=0.812
[F1] [E05] batch 0180 | loss=0.7070 | acc=0.793
[F1] [E05] batch 0190 | loss=0.7211 | acc=0.766
[F1] [E05] batch 0200 | loss=0.6867 | acc=0.801
[F1] [E05] batch 0210 | loss=0.7434 | acc=0.758
[F1] [E05] batch 0220 | loss=0.7311 | acc=0.766
[F1] [E05] batch 0230 | loss=0.7285 | acc=0.762
[F1] [E05] batch 0240 | loss=0.6714 | acc=0.789
[F1] [E05] batch 0250 | loss=0.6619 | acc=0.820
[F1] [E05] batch 0260 | loss=0.7327 | acc=0.766
[F1] [E05] batch 0270 | loss=0.7569 | acc=0.730
[F1] [E05] batch 0280 | loss=0.7338 | acc=0.785
[F1] [E05] batch 0290 | loss=0.6572 | acc=0.812
[F1] [E05] batch 0300 | loss=0.7095 | acc=0.777
[F1] [E05] batch 0310 | loss=0.7660 | acc=0.766
[F1] [E05] batch 0320 | loss=0.6537 | acc=0.805
[F1] [E05] batch 0330 | loss=0.7402 | acc=0.777
[F1] [E05] batch 0340 | loss=0.6882 | acc=0.816
[F1] [E05] batch 0350 | loss=0.7344 | acc=0.781
[F1] [E05] batch 0360 | loss=0.7420 | acc=0.750
[F1] [E05] batch 0370 | loss=0.6717 | acc=0.797
[F1] [E05] batch 0380 | loss=0.7462 | acc=0.777
[F1] [E05] batch 0390 | loss=0.6596 | acc=0.828
[F1] [E05] batch 0400 | loss=0.7314 | acc=0.770
[F1] [E05] batch 0410 | loss=0.6560 | acc=0.797
[F1] [E05] batch 0420 | loss=0.7346 | acc=0.766
[F1] [E05] batch 0430 | loss=0.6685 | acc=0.797
[F1] [E05] batch 0440 | loss=0.7247 | acc=0.762
[F1] [E05] batch 0450 | loss=0.7681 | acc=0.762
[F1] [E05] batch 0460 | loss=0.6601 | acc=0.824
[F1] [E05] batch 0470 | loss=0.7454 | acc=0.770
[F1] [E05] total_loss=339.569 | VAL acc=0.938 | F1=0.785 | kappa=0.856
[F1] [E06] batch 0000 | loss=0.7625 | acc=0.742
[F1] [E06] batch 0010 | loss=0.7195 | acc=0.785
[F1] [E06] batch 0020 | loss=0.7301 | acc=0.766
[F1] [E06] batch 0030 | loss=0.8161 | acc=0.730
[F1] [E06] batch 0040 | loss=0.7492 | acc=0.766
[F1] [E06] batch 0050 | loss=0.7073 | acc=0.809
[F1] [E06] batch 0060 | loss=0.7946 | acc=0.777
[F1] [E06] batch 0070 | loss=0.7146 | acc=0.785
[F1] [E06] batch 0080 | loss=0.6920 | acc=0.789
[F1] [E06] batch 0090 | loss=0.7480 | acc=0.770
[F1] [E06] batch 0100 | loss=0.7539 | acc=0.766
[F1] [E06] batch 0110 | loss=0.6991 | acc=0.805
[F1] [E06] batch 0120 | loss=0.6986 | acc=0.781
[F1] [E06] batch 0130 | loss=0.7167 | acc=0.766
[F1] [E06] batch 0140 | loss=0.7790 | acc=0.766
[F1] [E06] batch 0150 | loss=0.6938 | acc=0.762
[F1] [E06] batch 0160 | loss=0.7892 | acc=0.746
[F1] [E06] batch 0170 | loss=0.7233 | acc=0.781
[F1] [E06] batch 0180 | loss=0.7397 | acc=0.809
[F1] [E06] batch 0190 | loss=0.6879 | acc=0.812
[F1] [E06] batch 0200 | loss=0.6844 | acc=0.781
[F1] [E06] batch 0210 | loss=0.7081 | acc=0.785
[F1] [E06] batch 0220 | loss=0.7075 | acc=0.777
[F1] [E06] batch 0230 | loss=0.6661 | acc=0.812
[F1] [E06] batch 0240 | loss=0.7250 | acc=0.730
[F1] [E06] batch 0250 | loss=0.7023 | acc=0.754
[F1] [E06] batch 0260 | loss=0.6592 | acc=0.820
[F1] [E06] batch 0270 | loss=0.6770 | acc=0.805
[F1] [E06] batch 0280 | loss=0.7915 | acc=0.691
[F1] [E06] batch 0290 | loss=0.6562 | acc=0.801
[F1] [E06] batch 0300 | loss=0.6610 | acc=0.824
[F1] [E06] batch 0310 | loss=0.7024 | acc=0.793
[F1] [E06] batch 0320 | loss=0.7293 | acc=0.754
[F1] [E06] batch 0330 | loss=0.7230 | acc=0.789
[F1] [E06] batch 0340 | loss=0.6409 | acc=0.840
[F1] [E06] batch 0350 | loss=0.5839 | acc=0.855
[F1] [E06] batch 0360 | loss=0.7377 | acc=0.789
[F1] [E06] batch 0370 | loss=0.6881 | acc=0.793
[F1] [E06] batch 0380 | loss=0.7442 | acc=0.758
[F1] [E06] batch 0390 | loss=0.7295 | acc=0.762
[F1] [E06] batch 0400 | loss=0.6638 | acc=0.789
[F1] [E06] batch 0410 | loss=0.6622 | acc=0.793
[F1] [E06] batch 0420 | loss=0.7409 | acc=0.754
[F1] [E06] batch 0430 | loss=0.6656 | acc=0.824
[F1] [E06] batch 0440 | loss=0.7215 | acc=0.758
[F1] [E06] batch 0450 | loss=0.6984 | acc=0.789
[F1] [E06] batch 0460 | loss=0.6481 | acc=0.801
[F1] [E06] batch 0470 | loss=0.7300 | acc=0.758
[F1] [E06] total_loss=337.540 | VAL acc=0.940 | F1=0.783 | kappa=0.859
[F1] [E07] batch 0000 | loss=0.6979 | acc=0.801
[F1] [E07] batch 0010 | loss=0.6936 | acc=0.805
[F1] [E07] batch 0020 | loss=0.7585 | acc=0.762
[F1] [E07] batch 0030 | loss=0.7528 | acc=0.762
[F1] [E07] batch 0040 | loss=0.7224 | acc=0.777
[F1] [E07] batch 0050 | loss=0.6718 | acc=0.801
[F1] [E07] batch 0060 | loss=0.6123 | acc=0.824
[F1] [E07] batch 0070 | loss=0.6669 | acc=0.801
[F1] [E07] batch 0080 | loss=0.7035 | acc=0.805
[F1] [E07] batch 0090 | loss=0.6557 | acc=0.812
[F1] [E07] batch 0100 | loss=0.6139 | acc=0.840
[F1] [E07] batch 0110 | loss=0.7374 | acc=0.785
[F1] [E07] batch 0120 | loss=0.6973 | acc=0.766
[F1] [E07] batch 0130 | loss=0.6479 | acc=0.809
[F1] [E07] batch 0140 | loss=0.6931 | acc=0.785
[F1] [E07] batch 0150 | loss=0.8041 | acc=0.730
[F1] [E07] batch 0160 | loss=0.7002 | acc=0.785
[F1] [E07] batch 0170 | loss=0.7193 | acc=0.789
[F1] [E07] batch 0180 | loss=0.7253 | acc=0.781
[F1] [E07] batch 0190 | loss=0.7361 | acc=0.781
[F1] [E07] batch 0200 | loss=0.7253 | acc=0.770
[F1] [E07] batch 0210 | loss=0.6631 | acc=0.820
[F1] [E07] batch 0220 | loss=0.7696 | acc=0.766
[F1] [E07] batch 0230 | loss=0.6883 | acc=0.801
[F1] [E07] batch 0240 | loss=0.6675 | acc=0.793
[F1] [E07] batch 0250 | loss=0.7079 | acc=0.762
[F1] [E07] batch 0260 | loss=0.6444 | acc=0.840
[F1] [E07] batch 0270 | loss=0.6574 | acc=0.824
[F1] [E07] batch 0280 | loss=0.6719 | acc=0.773
[F1] [E07] batch 0290 | loss=0.6666 | acc=0.785
[F1] [E07] batch 0300 | loss=0.6592 | acc=0.793
[F1] [E07] batch 0310 | loss=0.7297 | acc=0.785
[F1] [E07] batch 0320 | loss=0.7374 | acc=0.789
[F1] [E07] batch 0330 | loss=0.6252 | acc=0.801
[F1] [E07] batch 0340 | loss=0.6301 | acc=0.836
[F1] [E07] batch 0350 | loss=0.6966 | acc=0.777
[F1] [E07] batch 0360 | loss=0.6736 | acc=0.820
[F1] [E07] batch 0370 | loss=0.7046 | acc=0.789
[F1] [E07] batch 0380 | loss=0.6584 | acc=0.820
[F1] [E07] batch 0390 | loss=0.7495 | acc=0.758
[F1] [E07] batch 0400 | loss=0.7158 | acc=0.789
[F1] [E07] batch 0410 | loss=0.7288 | acc=0.758
[F1] [E07] batch 0420 | loss=0.6750 | acc=0.777
[F1] [E07] batch 0430 | loss=0.7243 | acc=0.797
[F1] [E07] batch 0440 | loss=0.7454 | acc=0.773
[F1] [E07] batch 0450 | loss=0.7376 | acc=0.766
[F1] [E07] batch 0460 | loss=0.7095 | acc=0.777
[F1] [E07] batch 0470 | loss=0.7022 | acc=0.777
[F1] [E07] total_loss=333.585 | VAL acc=0.941 | F1=0.782 | kappa=0.861
[F1] [E08] batch 0000 | loss=0.7362 | acc=0.766
[F1] [E08] batch 0010 | loss=0.7081 | acc=0.773
[F1] [E08] batch 0020 | loss=0.6944 | acc=0.812
[F1] [E08] batch 0030 | loss=0.6390 | acc=0.824
[F1] [E08] batch 0040 | loss=0.6743 | acc=0.785
[F1] [E08] batch 0050 | loss=0.7534 | acc=0.758
[F1] [E08] batch 0060 | loss=0.7474 | acc=0.770
[F1] [E08] batch 0070 | loss=0.5885 | acc=0.848
[F1] [E08] batch 0080 | loss=0.7258 | acc=0.754
[F1] [E08] batch 0090 | loss=0.6595 | acc=0.809
[F1] [E08] batch 0100 | loss=0.6231 | acc=0.848
[F1] [E08] batch 0110 | loss=0.6740 | acc=0.781
[F1] [E08] batch 0120 | loss=0.6578 | acc=0.809
[F1] [E08] batch 0130 | loss=0.6830 | acc=0.820
[F1] [E08] batch 0140 | loss=0.6870 | acc=0.797
[F1] [E08] batch 0150 | loss=0.7351 | acc=0.742
[F1] [E08] batch 0160 | loss=0.6582 | acc=0.820
[F1] [E08] batch 0170 | loss=0.7273 | acc=0.758
[F1] [E08] batch 0180 | loss=0.6988 | acc=0.770
[F1] [E08] batch 0190 | loss=0.6388 | acc=0.805
[F1] [E08] batch 0200 | loss=0.7164 | acc=0.781
[F1] [E08] batch 0210 | loss=0.6369 | acc=0.816
[F1] [E08] batch 0220 | loss=0.7150 | acc=0.789
[F1] [E08] batch 0230 | loss=0.7030 | acc=0.770
[F1] [E08] batch 0240 | loss=0.6668 | acc=0.820
[F1] [E08] batch 0250 | loss=0.6774 | acc=0.781
[F1] [E08] batch 0260 | loss=0.6754 | acc=0.789
[F1] [E08] batch 0270 | loss=0.6839 | acc=0.816
[F1] [E08] batch 0280 | loss=0.6834 | acc=0.828
[F1] [E08] batch 0290 | loss=0.6685 | acc=0.836
[F1] [E08] batch 0300 | loss=0.7554 | acc=0.777
[F1] [E08] batch 0310 | loss=0.6794 | acc=0.793
[F1] [E08] batch 0320 | loss=0.6840 | acc=0.793
[F1] [E08] batch 0330 | loss=0.7217 | acc=0.801
[F1] [E08] batch 0340 | loss=0.7684 | acc=0.770
[F1] [E08] batch 0350 | loss=0.6327 | acc=0.812
[F1] [E08] batch 0360 | loss=0.6573 | acc=0.828
[F1] [E08] batch 0370 | loss=0.7287 | acc=0.766
[F1] [E08] batch 0380 | loss=0.6822 | acc=0.777
[F1] [E08] batch 0390 | loss=0.6978 | acc=0.785
[F1] [E08] batch 0400 | loss=0.6307 | acc=0.820
[F1] [E08] batch 0410 | loss=0.7202 | acc=0.766
[F1] [E08] batch 0420 | loss=0.7176 | acc=0.777
[F1] [E08] batch 0430 | loss=0.7271 | acc=0.770
[F1] [E08] batch 0440 | loss=0.6516 | acc=0.820
[F1] [E08] batch 0450 | loss=0.6954 | acc=0.793
[F1] [E08] batch 0460 | loss=0.7248 | acc=0.750
[F1] [E08] batch 0470 | loss=0.8142 | acc=0.711
[F1] [E08] total_loss=332.158 | VAL acc=0.942 | F1=0.788 | kappa=0.863
[F1] [E09] batch 0000 | loss=0.7398 | acc=0.785
[F1] [E09] batch 0010 | loss=0.7453 | acc=0.750
[F1] [E09] batch 0020 | loss=0.6953 | acc=0.762
[F1] [E09] batch 0030 | loss=0.6644 | acc=0.828
[F1] [E09] batch 0040 | loss=0.6288 | acc=0.836
[F1] [E09] batch 0050 | loss=0.6764 | acc=0.828
[F1] [E09] batch 0060 | loss=0.6799 | acc=0.801
[F1] [E09] batch 0070 | loss=0.7436 | acc=0.773
[F1] [E09] batch 0080 | loss=0.6717 | acc=0.793
[F1] [E09] batch 0090 | loss=0.6464 | acc=0.816
[F1] [E09] batch 0100 | loss=0.7231 | acc=0.781
[F1] [E09] batch 0110 | loss=0.6866 | acc=0.801
[F1] [E09] batch 0120 | loss=0.7116 | acc=0.773
[F1] [E09] batch 0130 | loss=0.7078 | acc=0.805
[F1] [E09] batch 0140 | loss=0.6877 | acc=0.777
[F1] [E09] batch 0150 | loss=0.7431 | acc=0.781
[F1] [E09] batch 0160 | loss=0.7245 | acc=0.781
[F1] [E09] batch 0170 | loss=0.6974 | acc=0.801
[F1] [E09] batch 0180 | loss=0.7300 | acc=0.770
[F1] [E09] batch 0190 | loss=0.6843 | acc=0.781
[F1] [E09] batch 0200 | loss=0.7008 | acc=0.812
[F1] [E09] batch 0210 | loss=0.6404 | acc=0.832
[F1] [E09] batch 0220 | loss=0.7221 | acc=0.766
[F1] [E09] batch 0230 | loss=0.6612 | acc=0.801
[F1] [E09] batch 0240 | loss=0.6539 | acc=0.789
[F1] [E09] batch 0250 | loss=0.6716 | acc=0.781
[F1] [E09] batch 0260 | loss=0.7552 | acc=0.758
[F1] [E09] batch 0270 | loss=0.6812 | acc=0.809
[F1] [E09] batch 0280 | loss=0.7434 | acc=0.758
[F1] [E09] batch 0290 | loss=0.6894 | acc=0.781
[F1] [E09] batch 0300 | loss=0.6371 | acc=0.809
[F1] [E09] batch 0310 | loss=0.6663 | acc=0.812
[F1] [E09] batch 0320 | loss=0.7580 | acc=0.738
[F1] [E09] batch 0330 | loss=0.7180 | acc=0.773
[F1] [E09] batch 0340 | loss=0.6540 | acc=0.816
[F1] [E09] batch 0350 | loss=0.7226 | acc=0.773
[F1] [E09] batch 0360 | loss=0.7273 | acc=0.785
[F1] [E09] batch 0370 | loss=0.7467 | acc=0.770
[F1] [E09] batch 0380 | loss=0.7129 | acc=0.770
[F1] [E09] batch 0390 | loss=0.6308 | acc=0.844
[F1] [E09] batch 0400 | loss=0.6706 | acc=0.797
[F1] [E09] batch 0410 | loss=0.7196 | acc=0.777
[F1] [E09] batch 0420 | loss=0.7645 | acc=0.734
[F1] [E09] batch 0430 | loss=0.6529 | acc=0.793
[F1] [E09] batch 0440 | loss=0.7227 | acc=0.758
[F1] [E09] batch 0450 | loss=0.7366 | acc=0.762
[F1] [E09] batch 0460 | loss=0.6937 | acc=0.789
[F1] [E09] batch 0470 | loss=0.7399 | acc=0.773
[F1] [E09] total_loss=331.186 | VAL acc=0.941 | F1=0.787 | kappa=0.861
[F1] [E10] batch 0000 | loss=0.6444 | acc=0.844
[F1] [E10] batch 0010 | loss=0.7365 | acc=0.766
[F1] [E10] batch 0020 | loss=0.6739 | acc=0.828
[F1] [E10] batch 0030 | loss=0.6635 | acc=0.812
[F1] [E10] batch 0040 | loss=0.6738 | acc=0.809
[F1] [E10] batch 0050 | loss=0.7059 | acc=0.777
[F1] [E10] batch 0060 | loss=0.7190 | acc=0.766
[F1] [E10] batch 0070 | loss=0.6403 | acc=0.832
[F1] [E10] batch 0080 | loss=0.6588 | acc=0.812
[F1] [E10] batch 0090 | loss=0.6768 | acc=0.812
[F1] [E10] batch 0100 | loss=0.6352 | acc=0.828
[F1] [E10] batch 0110 | loss=0.6344 | acc=0.809
[F1] [E10] batch 0120 | loss=0.6960 | acc=0.770
[F1] [E10] batch 0130 | loss=0.6221 | acc=0.805
[F1] [E10] batch 0140 | loss=0.6779 | acc=0.824
[F1] [E10] batch 0150 | loss=0.6649 | acc=0.828
[F1] [E10] batch 0160 | loss=0.7793 | acc=0.734
[F1] [E10] batch 0170 | loss=0.7128 | acc=0.766
[F1] [E10] batch 0180 | loss=0.6667 | acc=0.793
[F1] [E10] batch 0190 | loss=0.6742 | acc=0.820
[F1] [E10] batch 0200 | loss=0.6314 | acc=0.836
[F1] [E10] batch 0210 | loss=0.6842 | acc=0.785
[F1] [E10] batch 0220 | loss=0.6970 | acc=0.809
[F1] [E10] batch 0230 | loss=0.7259 | acc=0.750
[F1] [E10] batch 0240 | loss=0.6375 | acc=0.828
[F1] [E10] batch 0250 | loss=0.6638 | acc=0.801
[F1] [E10] batch 0260 | loss=0.6452 | acc=0.828
[F1] [E10] batch 0270 | loss=0.6658 | acc=0.828
[F1] [E10] batch 0280 | loss=0.7045 | acc=0.797
[F1] [E10] batch 0290 | loss=0.6704 | acc=0.816
[F1] [E10] batch 0300 | loss=0.6589 | acc=0.812
[F1] [E10] batch 0310 | loss=0.7522 | acc=0.746
[F1] [E10] batch 0320 | loss=0.6617 | acc=0.785
[F1] [E10] batch 0330 | loss=0.6507 | acc=0.805
[F1] [E10] batch 0340 | loss=0.6307 | acc=0.805
[F1] [E10] batch 0350 | loss=0.6751 | acc=0.820
[F1] [E10] batch 0360 | loss=0.6822 | acc=0.812
[F1] [E10] batch 0370 | loss=0.6585 | acc=0.801
[F1] [E10] batch 0380 | loss=0.7058 | acc=0.801
[F1] [E10] batch 0390 | loss=0.6658 | acc=0.816
[F1] [E10] batch 0400 | loss=0.6857 | acc=0.789
[F1] [E10] batch 0410 | loss=0.7262 | acc=0.801
[F1] [E10] batch 0420 | loss=0.6773 | acc=0.770
[F1] [E10] batch 0430 | loss=0.7008 | acc=0.766
[F1] [E10] batch 0440 | loss=0.7195 | acc=0.805
[F1] [E10] batch 0450 | loss=0.6506 | acc=0.828
[F1] [E10] batch 0460 | loss=0.6296 | acc=0.828
[F1] [E10] batch 0470 | loss=0.6541 | acc=0.812
[F1] [E10] total_loss=328.796 | VAL acc=0.940 | F1=0.786 | kappa=0.860
[F1] [E11] batch 0000 | loss=0.7650 | acc=0.742
[F1] [E11] batch 0010 | loss=0.7815 | acc=0.734
[F1] [E11] batch 0020 | loss=0.7244 | acc=0.785
[F1] [E11] batch 0030 | loss=0.6817 | acc=0.793
[F1] [E11] batch 0040 | loss=0.6729 | acc=0.777
[F1] [E11] batch 0050 | loss=0.6812 | acc=0.797
[F1] [E11] batch 0060 | loss=0.6838 | acc=0.809
[F1] [E11] batch 0070 | loss=0.7031 | acc=0.805
[F1] [E11] batch 0080 | loss=0.6289 | acc=0.828
[F1] [E11] batch 0090 | loss=0.6501 | acc=0.828
[F1] [E11] batch 0100 | loss=0.7827 | acc=0.762
[F1] [E11] batch 0110 | loss=0.6841 | acc=0.797
[F1] [E11] batch 0120 | loss=0.6563 | acc=0.793
[F1] [E11] batch 0130 | loss=0.6312 | acc=0.820
[F1] [E11] batch 0140 | loss=0.6406 | acc=0.809
[F1] [E11] batch 0150 | loss=0.6992 | acc=0.805
[F1] [E11] batch 0160 | loss=0.6178 | acc=0.844
[F1] [E11] batch 0170 | loss=0.7002 | acc=0.785
[F1] [E11] batch 0180 | loss=0.6710 | acc=0.781
[F1] [E11] batch 0190 | loss=0.7090 | acc=0.820
[F1] [E11] batch 0200 | loss=0.7077 | acc=0.793
[F1] [E11] batch 0210 | loss=0.6310 | acc=0.840
[F1] [E11] batch 0220 | loss=0.7198 | acc=0.777
[F1] [E11] batch 0230 | loss=0.7862 | acc=0.723
[F1] [E11] batch 0240 | loss=0.7233 | acc=0.777
[F1] [E11] batch 0250 | loss=0.6807 | acc=0.773
[F1] [E11] batch 0260 | loss=0.6951 | acc=0.820
[F1] [E11] batch 0270 | loss=0.7183 | acc=0.797
[F1] [E11] batch 0280 | loss=0.7400 | acc=0.777
[F1] [E11] batch 0290 | loss=0.6990 | acc=0.781
[F1] [E11] batch 0300 | loss=0.6794 | acc=0.820
[F1] [E11] batch 0310 | loss=0.7569 | acc=0.762
[F1] [E11] batch 0320 | loss=0.6389 | acc=0.836
[F1] [E11] batch 0330 | loss=0.7181 | acc=0.766
[F1] [E11] batch 0340 | loss=0.6942 | acc=0.785
[F1] [E11] batch 0350 | loss=0.6263 | acc=0.820
[F1] [E11] batch 0360 | loss=0.7095 | acc=0.797
[F1] [E11] batch 0370 | loss=0.7076 | acc=0.793
[F1] [E11] batch 0380 | loss=0.6414 | acc=0.805
[F1] [E11] batch 0390 | loss=0.7110 | acc=0.801
[F1] [E11] batch 0400 | loss=0.6910 | acc=0.781
[F1] [E11] batch 0410 | loss=0.6581 | acc=0.801
[F1] [E11] batch 0420 | loss=0.6618 | acc=0.812
[F1] [E11] batch 0430 | loss=0.6235 | acc=0.828
[F1] [E11] batch 0440 | loss=0.7191 | acc=0.812
[F1] [E11] batch 0450 | loss=0.6709 | acc=0.801
[F1] [E11] batch 0460 | loss=0.7465 | acc=0.754
[F1] [E11] batch 0470 | loss=0.6708 | acc=0.812
[F1] [E11] total_loss=328.580 | VAL acc=0.939 | F1=0.785 | kappa=0.858
[STOP] Early stopping fold=1
[F1] TEST acc=0.892 | macro-F1=0.739 | kappa=0.800
[F1] time=0.9 min
[SAVE] /scratch/lustre/home/viju8335/projects/sleep-staging-bsc/results/cv_cnn_fold1.json
