Lmod has detected the following error: The following module(s) are unknown:
"python/3.10"

Please check the spelling or version number. Also try "module spider ..."
It is also possible your cache file is out-of-date; it may help to try:
  $ module --ignore_cache load "python/3.10"

Also make sure that all modulefiles written in TCL start with the string
#%Module



[INFO] Epoch-level CNN | TRAIN=1210 | VAL=24
=== DEVICE: cuda ===
[INFO] class weights: [2.7178797e-09 1.6666666e+00 1.6666666e+00 1.6666666e+00 4.3091166e-09]
=== START TRAIN ===
[E01] batch 0000 | loss=1.5339
[E01] total_loss=7.578 | VAL acc=0.625 | F1=0.385 | κ=0.000
[SAVE] ✅ New best CNN1D
[E02] batch 0000 | loss=1.4811
[E02] total_loss=7.334 | VAL acc=0.625 | F1=0.385 | κ=0.000
[E03] batch 0000 | loss=1.4370
[E03] total_loss=7.067 | VAL acc=0.625 | F1=0.385 | κ=0.000
[E04] batch 0000 | loss=1.3857
[E04] total_loss=6.756 | VAL acc=0.625 | F1=0.385 | κ=0.000
[E05] batch 0000 | loss=1.3128
[E05] total_loss=6.376 | VAL acc=0.625 | F1=0.385 | κ=0.000
[E06] batch 0000 | loss=1.2148
[E06] total_loss=6.011 | VAL acc=0.625 | F1=0.385 | κ=0.000
[E07] batch 0000 | loss=1.1811
[E07] total_loss=5.763 | VAL acc=0.625 | F1=0.385 | κ=0.000
[STOP] Early stopping (no improvement)
=== TRAIN DONE ===
