Lmod has detected the following error: The following module(s) are unknown:
"python/3.10"

Please check the spelling or version number. Also try "module spider ..."
It is also possible your cache file is out-of-date; it may help to try:
  $ module --ignore_cache load "python/3.10"

Also make sure that all modulefiles written in TCL start with the string
#%Module



[INFO] Epoch-level CNN | TRAIN=130703 | VAL=2804
=== DEVICE: cuda ===
[DBG] model dtype: torch.float32
[DBG] first batch dtypes: torch.float32 torch.int64 | shape: torch.Size([256, 1, 3000])
[INFO] class weights (CE): [0.09759493 2.085447   0.39713308 1.4798007  0.94002426]
=== START TRAIN ===
[E01] batch 0000 | loss=1.6708 | acc=0.168
[E01] batch 0010 | loss=1.5149 | acc=0.277
[E01] batch 0020 | loss=1.4260 | acc=0.480
[E01] batch 0030 | loss=1.3430 | acc=0.527
[E01] batch 0040 | loss=1.2980 | acc=0.551
[E01] batch 0050 | loss=1.2969 | acc=0.512
[E01] batch 0060 | loss=1.2300 | acc=0.523
[E01] batch 0070 | loss=1.1256 | acc=0.625
[E01] batch 0080 | loss=1.1424 | acc=0.566
[E01] batch 0090 | loss=1.1172 | acc=0.582
[E01] batch 0100 | loss=1.0633 | acc=0.594
[E01] batch 0110 | loss=1.0173 | acc=0.660
[E01] batch 0120 | loss=0.9941 | acc=0.617
[E01] batch 0130 | loss=1.0261 | acc=0.594
[E01] batch 0140 | loss=1.0165 | acc=0.609
[E01] batch 0150 | loss=0.9354 | acc=0.668
[E01] batch 0160 | loss=0.8727 | acc=0.715
[E01] batch 0170 | loss=0.9435 | acc=0.656
[E01] batch 0180 | loss=0.8538 | acc=0.730
[E01] batch 0190 | loss=0.9333 | acc=0.672
[E01] batch 0200 | loss=0.9139 | acc=0.703
[E01] batch 0210 | loss=0.8778 | acc=0.699
[E01] batch 0220 | loss=0.8596 | acc=0.703
[E01] batch 0230 | loss=0.8524 | acc=0.691
[E01] batch 0240 | loss=0.8911 | acc=0.660
[E01] batch 0250 | loss=0.8984 | acc=0.688
[E01] batch 0260 | loss=0.8436 | acc=0.754
[E01] batch 0270 | loss=0.7913 | acc=0.785
[E01] batch 0280 | loss=0.8426 | acc=0.695
[E01] batch 0290 | loss=0.8688 | acc=0.711
[E01] batch 0300 | loss=0.7811 | acc=0.746
[E01] batch 0310 | loss=0.8436 | acc=0.727
[E01] batch 0320 | loss=0.8799 | acc=0.699
[E01] batch 0330 | loss=0.8386 | acc=0.699
[E01] batch 0340 | loss=0.8266 | acc=0.715
[E01] batch 0350 | loss=0.8001 | acc=0.762
[E01] batch 0360 | loss=0.7542 | acc=0.789
[E01] batch 0370 | loss=0.8314 | acc=0.730
[E01] batch 0380 | loss=0.7473 | acc=0.758
[E01] batch 0390 | loss=0.7847 | acc=0.758
[E01] batch 0400 | loss=0.8001 | acc=0.738
[E01] batch 0410 | loss=0.7866 | acc=0.723
[E01] batch 0420 | loss=0.7957 | acc=0.750
[E01] batch 0430 | loss=0.7791 | acc=0.746
[E01] batch 0440 | loss=0.7422 | acc=0.777
[E01] batch 0450 | loss=0.7963 | acc=0.730
[E01] batch 0460 | loss=0.8229 | acc=0.723
[E01] batch 0470 | loss=0.7335 | acc=0.762
[E01] batch 0480 | loss=0.7503 | acc=0.785
[E01] batch 0490 | loss=0.7892 | acc=0.715
[E01] batch 0500 | loss=0.7732 | acc=0.770
[E01] batch 0510 | loss=0.7306 | acc=0.776
[E01] total_loss=477.693 | VAL acc=0.879 | F1=0.705 | kappa=0.767
[SAVE] New best CNN1D (by F1)
[E02] batch 0000 | loss=0.7734 | acc=0.754
[E02] batch 0010 | loss=0.7755 | acc=0.742
[E02] batch 0020 | loss=0.8057 | acc=0.738
[E02] batch 0030 | loss=0.7868 | acc=0.758
[E02] batch 0040 | loss=0.7566 | acc=0.750
[E02] batch 0050 | loss=0.7669 | acc=0.766
[E02] batch 0060 | loss=0.8448 | acc=0.723
[E02] batch 0070 | loss=0.7351 | acc=0.793
[E02] batch 0080 | loss=0.7905 | acc=0.750
[E02] batch 0090 | loss=0.7227 | acc=0.766
[E02] batch 0100 | loss=0.8793 | acc=0.711
[E02] batch 0110 | loss=0.7746 | acc=0.770
[E02] batch 0120 | loss=0.7330 | acc=0.738
[E02] batch 0130 | loss=0.7474 | acc=0.766
[E02] batch 0140 | loss=0.7443 | acc=0.762
[E02] batch 0150 | loss=0.7882 | acc=0.766
[E02] batch 0160 | loss=0.7432 | acc=0.770
[E02] batch 0170 | loss=0.7733 | acc=0.738
[E02] batch 0180 | loss=0.8675 | acc=0.719
[E02] batch 0190 | loss=0.7077 | acc=0.785
[E02] batch 0200 | loss=0.7598 | acc=0.781
[E02] batch 0210 | loss=0.7464 | acc=0.773
[E02] batch 0220 | loss=0.7363 | acc=0.785
[E02] batch 0230 | loss=0.7542 | acc=0.738
[E02] batch 0240 | loss=0.7795 | acc=0.734
[E02] batch 0250 | loss=0.7471 | acc=0.746
[E02] batch 0260 | loss=0.7288 | acc=0.773
[E02] batch 0270 | loss=0.7100 | acc=0.809
[E02] batch 0280 | loss=0.7382 | acc=0.777
[E02] batch 0290 | loss=0.8481 | acc=0.738
[E02] batch 0300 | loss=0.7468 | acc=0.785
[E02] batch 0310 | loss=0.7515 | acc=0.781
[E02] batch 0320 | loss=0.7653 | acc=0.762
[E02] batch 0330 | loss=0.7332 | acc=0.758
[E02] batch 0340 | loss=0.7138 | acc=0.797
[E02] batch 0350 | loss=0.7140 | acc=0.789
[E02] batch 0360 | loss=0.7681 | acc=0.762
[E02] batch 0370 | loss=0.7788 | acc=0.770
[E02] batch 0380 | loss=0.7673 | acc=0.715
[E02] batch 0390 | loss=0.7839 | acc=0.781
[E02] batch 0400 | loss=0.7042 | acc=0.797
[E02] batch 0410 | loss=0.7487 | acc=0.750
[E02] batch 0420 | loss=0.7398 | acc=0.773
[E02] batch 0430 | loss=0.7315 | acc=0.770
[E02] batch 0440 | loss=0.7535 | acc=0.750
[E02] batch 0450 | loss=0.7351 | acc=0.781
[E02] batch 0460 | loss=0.7474 | acc=0.770
[E02] batch 0470 | loss=0.7355 | acc=0.770
[E02] batch 0480 | loss=0.7790 | acc=0.746
[E02] batch 0490 | loss=0.7617 | acc=0.762
[E02] batch 0500 | loss=0.7895 | acc=0.754
[E02] batch 0510 | loss=0.7354 | acc=0.762
[E02] total_loss=386.884 | VAL acc=0.882 | F1=0.706 | kappa=0.769
[SAVE] New best CNN1D (by F1)
[E03] batch 0000 | loss=0.6870 | acc=0.797
[E03] batch 0010 | loss=0.7247 | acc=0.730
[E03] batch 0020 | loss=0.7339 | acc=0.777
[E03] batch 0030 | loss=0.7705 | acc=0.785
[E03] batch 0040 | loss=0.7101 | acc=0.801
[E03] batch 0050 | loss=0.6386 | acc=0.832
[E03] batch 0060 | loss=0.7247 | acc=0.785
[E03] batch 0070 | loss=0.7329 | acc=0.758
[E03] batch 0080 | loss=0.7023 | acc=0.805
[E03] batch 0090 | loss=0.7323 | acc=0.773
[E03] batch 0100 | loss=0.6973 | acc=0.781
[E03] batch 0110 | loss=0.7574 | acc=0.738
[E03] batch 0120 | loss=0.6775 | acc=0.766
[E03] batch 0130 | loss=0.7225 | acc=0.770
[E03] batch 0140 | loss=0.7957 | acc=0.734
[E03] batch 0150 | loss=0.6854 | acc=0.781
[E03] batch 0160 | loss=0.7696 | acc=0.730
[E03] batch 0170 | loss=0.7534 | acc=0.758
[E03] batch 0180 | loss=0.6902 | acc=0.777
[E03] batch 0190 | loss=0.7344 | acc=0.785
[E03] batch 0200 | loss=0.6974 | acc=0.781
[E03] batch 0210 | loss=0.7344 | acc=0.766
[E03] batch 0220 | loss=0.7708 | acc=0.758
[E03] batch 0230 | loss=0.7265 | acc=0.789
[E03] batch 0240 | loss=0.6854 | acc=0.812
[E03] batch 0250 | loss=0.7219 | acc=0.797
[E03] batch 0260 | loss=0.7002 | acc=0.801
[E03] batch 0270 | loss=0.6954 | acc=0.812
[E03] batch 0280 | loss=0.7338 | acc=0.770
[E03] batch 0290 | loss=0.7936 | acc=0.742
[E03] batch 0300 | loss=0.7503 | acc=0.738
[E03] batch 0310 | loss=0.6591 | acc=0.840
[E03] batch 0320 | loss=0.7653 | acc=0.742
[E03] batch 0330 | loss=0.7338 | acc=0.789
[E03] batch 0340 | loss=0.7856 | acc=0.770
[E03] batch 0350 | loss=0.7313 | acc=0.789
[E03] batch 0360 | loss=0.6672 | acc=0.816
[E03] batch 0370 | loss=0.6654 | acc=0.805
[E03] batch 0380 | loss=0.7594 | acc=0.738
[E03] batch 0390 | loss=0.7773 | acc=0.770
[E03] batch 0400 | loss=0.6726 | acc=0.809
[E03] batch 0410 | loss=0.6940 | acc=0.809
[E03] batch 0420 | loss=0.7512 | acc=0.754
[E03] batch 0430 | loss=0.7576 | acc=0.766
[E03] batch 0440 | loss=0.7282 | acc=0.773
[E03] batch 0450 | loss=0.7319 | acc=0.777
[E03] batch 0460 | loss=0.7095 | acc=0.770
[E03] batch 0470 | loss=0.7445 | acc=0.762
[E03] batch 0480 | loss=0.7533 | acc=0.758
[E03] batch 0490 | loss=0.6948 | acc=0.812
[E03] batch 0500 | loss=0.6947 | acc=0.828
[E03] batch 0510 | loss=0.7527 | acc=0.755
[E03] total_loss=371.516 | VAL acc=0.896 | F1=0.730 | kappa=0.795
[SAVE] New best CNN1D (by F1)
[E04] batch 0000 | loss=0.7420 | acc=0.785
[E04] batch 0010 | loss=0.7424 | acc=0.742
[E04] batch 0020 | loss=0.6383 | acc=0.820
[E04] batch 0030 | loss=0.7579 | acc=0.742
[E04] batch 0040 | loss=0.7455 | acc=0.758
[E04] batch 0050 | loss=0.6968 | acc=0.793
[E04] batch 0060 | loss=0.7175 | acc=0.789
[E04] batch 0070 | loss=0.7779 | acc=0.723
[E04] batch 0080 | loss=0.7343 | acc=0.789
[E04] batch 0090 | loss=0.6999 | acc=0.805
[E04] batch 0100 | loss=0.7213 | acc=0.773
[E04] batch 0110 | loss=0.7781 | acc=0.750
[E04] batch 0120 | loss=0.7229 | acc=0.746
[E04] batch 0130 | loss=0.7190 | acc=0.781
[E04] batch 0140 | loss=0.6965 | acc=0.797
[E04] batch 0150 | loss=0.7250 | acc=0.773
[E04] batch 0160 | loss=0.7518 | acc=0.742
[E04] batch 0170 | loss=0.7455 | acc=0.785
[E04] batch 0180 | loss=0.6571 | acc=0.801
[E04] batch 0190 | loss=0.6695 | acc=0.809
[E04] batch 0200 | loss=0.7311 | acc=0.793
[E04] batch 0210 | loss=0.6943 | acc=0.797
[E04] batch 0220 | loss=0.6563 | acc=0.812
[E04] batch 0230 | loss=0.7297 | acc=0.773
[E04] batch 0240 | loss=0.7194 | acc=0.766
[E04] batch 0250 | loss=0.7437 | acc=0.766
[E04] batch 0260 | loss=0.6812 | acc=0.793
[E04] batch 0270 | loss=0.7059 | acc=0.777
[E04] batch 0280 | loss=0.7223 | acc=0.770
[E04] batch 0290 | loss=0.6705 | acc=0.805
[E04] batch 0300 | loss=0.7001 | acc=0.777
[E04] batch 0310 | loss=0.6665 | acc=0.805
[E04] batch 0320 | loss=0.6679 | acc=0.809
[E04] batch 0330 | loss=0.6893 | acc=0.777
[E04] batch 0340 | loss=0.6891 | acc=0.797
[E04] batch 0350 | loss=0.7235 | acc=0.789
[E04] batch 0360 | loss=0.6957 | acc=0.781
[E04] batch 0370 | loss=0.7915 | acc=0.758
[E04] batch 0380 | loss=0.7104 | acc=0.781
[E04] batch 0390 | loss=0.7264 | acc=0.738
[E04] batch 0400 | loss=0.6995 | acc=0.801
[E04] batch 0410 | loss=0.6481 | acc=0.820
[E04] batch 0420 | loss=0.7545 | acc=0.770
[E04] batch 0430 | loss=0.7215 | acc=0.773
[E04] batch 0440 | loss=0.6946 | acc=0.801
[E04] batch 0450 | loss=0.6955 | acc=0.781
[E04] batch 0460 | loss=0.6681 | acc=0.809
[E04] batch 0470 | loss=0.6992 | acc=0.789
[E04] batch 0480 | loss=0.6858 | acc=0.816
[E04] batch 0490 | loss=0.6689 | acc=0.812
[E04] batch 0500 | loss=0.7242 | acc=0.789
[E04] batch 0510 | loss=0.7057 | acc=0.790
[E04] total_loss=362.664 | VAL acc=0.891 | F1=0.727 | kappa=0.788
[E05] batch 0000 | loss=0.6719 | acc=0.812
[E05] batch 0010 | loss=0.7767 | acc=0.762
[E05] batch 0020 | loss=0.6933 | acc=0.773
[E05] batch 0030 | loss=0.6707 | acc=0.816
[E05] batch 0040 | loss=0.6557 | acc=0.801
[E05] batch 0050 | loss=0.6938 | acc=0.758
[E05] batch 0060 | loss=0.6928 | acc=0.773
[E05] batch 0070 | loss=0.7690 | acc=0.766
[E05] batch 0080 | loss=0.7290 | acc=0.766
[E05] batch 0090 | loss=0.6705 | acc=0.836
[E05] batch 0100 | loss=0.6973 | acc=0.805
[E05] batch 0110 | loss=0.6959 | acc=0.789
[E05] batch 0120 | loss=0.6929 | acc=0.770
[E05] batch 0130 | loss=0.7073 | acc=0.758
[E05] batch 0140 | loss=0.6906 | acc=0.766
[E05] batch 0150 | loss=0.6831 | acc=0.797
[E05] batch 0160 | loss=0.7329 | acc=0.754
[E05] batch 0170 | loss=0.7239 | acc=0.777
[E05] batch 0180 | loss=0.6723 | acc=0.789
[E05] batch 0190 | loss=0.7129 | acc=0.789
[E05] batch 0200 | loss=0.7507 | acc=0.758
[E05] batch 0210 | loss=0.7165 | acc=0.773
[E05] batch 0220 | loss=0.7531 | acc=0.766
[E05] batch 0230 | loss=0.6803 | acc=0.777
[E05] batch 0240 | loss=0.7529 | acc=0.746
[E05] batch 0250 | loss=0.6542 | acc=0.812
[E05] batch 0260 | loss=0.7324 | acc=0.785
[E05] batch 0270 | loss=0.6754 | acc=0.809
[E05] batch 0280 | loss=0.7016 | acc=0.777
[E05] batch 0290 | loss=0.7081 | acc=0.781
[E05] batch 0300 | loss=0.6589 | acc=0.832
[E05] batch 0310 | loss=0.6746 | acc=0.805
[E05] batch 0320 | loss=0.6426 | acc=0.820
[E05] batch 0330 | loss=0.6976 | acc=0.785
[E05] batch 0340 | loss=0.6498 | acc=0.852
[E05] batch 0350 | loss=0.7165 | acc=0.777
[E05] batch 0360 | loss=0.6893 | acc=0.766
[E05] batch 0370 | loss=0.7242 | acc=0.777
[E05] batch 0380 | loss=0.6662 | acc=0.852
[E05] batch 0390 | loss=0.6979 | acc=0.797
[E05] batch 0400 | loss=0.6477 | acc=0.828
[E05] batch 0410 | loss=0.6589 | acc=0.801
[E05] batch 0420 | loss=0.7033 | acc=0.770
[E05] batch 0430 | loss=0.7241 | acc=0.777
[E05] batch 0440 | loss=0.7474 | acc=0.742
[E05] batch 0450 | loss=0.7267 | acc=0.777
[E05] batch 0460 | loss=0.6947 | acc=0.773
[E05] batch 0470 | loss=0.7237 | acc=0.781
[E05] batch 0480 | loss=0.6887 | acc=0.770
[E05] batch 0490 | loss=0.8141 | acc=0.699
[E05] batch 0500 | loss=0.7214 | acc=0.762
[E05] batch 0510 | loss=0.7212 | acc=0.776
[E05] total_loss=360.728 | VAL acc=0.873 | F1=0.679 | kappa=0.754
[E06] batch 0000 | loss=0.7289 | acc=0.766
[E06] batch 0010 | loss=0.7384 | acc=0.746
[E06] batch 0020 | loss=0.7272 | acc=0.766
[E06] batch 0030 | loss=0.6719 | acc=0.785
[E06] batch 0040 | loss=0.7350 | acc=0.773
[E06] batch 0050 | loss=0.7473 | acc=0.773
[E06] batch 0060 | loss=0.6730 | acc=0.805
[E06] batch 0070 | loss=0.7347 | acc=0.766
[E06] batch 0080 | loss=0.7131 | acc=0.777
[E06] batch 0090 | loss=0.6875 | acc=0.793
[E06] batch 0100 | loss=0.7551 | acc=0.766
[E06] batch 0110 | loss=0.7383 | acc=0.793
[E06] batch 0120 | loss=0.6486 | acc=0.801
[E06] batch 0130 | loss=0.7778 | acc=0.754
[E06] batch 0140 | loss=0.7226 | acc=0.801
[E06] batch 0150 | loss=0.7759 | acc=0.746
[E06] batch 0160 | loss=0.6869 | acc=0.812
[E06] batch 0170 | loss=0.7465 | acc=0.746
[E06] batch 0180 | loss=0.6619 | acc=0.785
[E06] batch 0190 | loss=0.7356 | acc=0.742
[E06] batch 0200 | loss=0.7012 | acc=0.777
[E06] batch 0210 | loss=0.7361 | acc=0.766
[E06] batch 0220 | loss=0.6806 | acc=0.785
[E06] batch 0230 | loss=0.6752 | acc=0.809
[E06] batch 0240 | loss=0.6822 | acc=0.816
[E06] batch 0250 | loss=0.7633 | acc=0.746
[E06] batch 0260 | loss=0.6686 | acc=0.824
[E06] batch 0270 | loss=0.6915 | acc=0.777
[E06] batch 0280 | loss=0.7283 | acc=0.781
[E06] batch 0290 | loss=0.7012 | acc=0.816
[E06] batch 0300 | loss=0.7079 | acc=0.789
[E06] batch 0310 | loss=0.7437 | acc=0.762
[E06] batch 0320 | loss=0.7034 | acc=0.793
[E06] batch 0330 | loss=0.6843 | acc=0.789
[E06] batch 0340 | loss=0.6567 | acc=0.828
[E06] batch 0350 | loss=0.6983 | acc=0.812
[E06] batch 0360 | loss=0.6941 | acc=0.789
[E06] batch 0370 | loss=0.6811 | acc=0.797
[E06] batch 0380 | loss=0.7044 | acc=0.770
[E06] batch 0390 | loss=0.7467 | acc=0.770
[E06] batch 0400 | loss=0.6359 | acc=0.820
[E06] batch 0410 | loss=0.6739 | acc=0.828
[E06] batch 0420 | loss=0.7182 | acc=0.797
[E06] batch 0430 | loss=0.7030 | acc=0.766
[E06] batch 0440 | loss=0.7074 | acc=0.797
[E06] batch 0450 | loss=0.6419 | acc=0.805
[E06] batch 0460 | loss=0.7383 | acc=0.770
[E06] batch 0470 | loss=0.7481 | acc=0.789
[E06] batch 0480 | loss=0.6644 | acc=0.812
[E06] batch 0490 | loss=0.6857 | acc=0.809
[E06] batch 0500 | loss=0.6649 | acc=0.805
[E06] batch 0510 | loss=0.6583 | acc=0.776
[E06] total_loss=357.433 | VAL acc=0.857 | F1=0.666 | kappa=0.726
[E07] batch 0000 | loss=0.6830 | acc=0.793
[E07] batch 0010 | loss=0.6641 | acc=0.785
[E07] batch 0020 | loss=0.6826 | acc=0.781
[E07] batch 0030 | loss=0.6393 | acc=0.836
[E07] batch 0040 | loss=0.6944 | acc=0.805
[E07] batch 0050 | loss=0.6693 | acc=0.793
[E07] batch 0060 | loss=0.6995 | acc=0.801
[E07] batch 0070 | loss=0.7118 | acc=0.773
[E07] batch 0080 | loss=0.6801 | acc=0.785
[E07] batch 0090 | loss=0.6598 | acc=0.840
[E07] batch 0100 | loss=0.6583 | acc=0.809
[E07] batch 0110 | loss=0.7153 | acc=0.773
[E07] batch 0120 | loss=0.7517 | acc=0.773
[E07] batch 0130 | loss=0.7518 | acc=0.762
[E07] batch 0140 | loss=0.6794 | acc=0.801
[E07] batch 0150 | loss=0.6745 | acc=0.793
[E07] batch 0160 | loss=0.6515 | acc=0.801
[E07] batch 0170 | loss=0.6785 | acc=0.801
[E07] batch 0180 | loss=0.7536 | acc=0.750
[E07] batch 0190 | loss=0.7562 | acc=0.727
[E07] batch 0200 | loss=0.6834 | acc=0.805
[E07] batch 0210 | loss=0.7473 | acc=0.734
[E07] batch 0220 | loss=0.7103 | acc=0.805
[E07] batch 0230 | loss=0.7753 | acc=0.730
[E07] batch 0240 | loss=0.7397 | acc=0.789
[E07] batch 0250 | loss=0.6571 | acc=0.816
[E07] batch 0260 | loss=0.7180 | acc=0.766
[E07] batch 0270 | loss=0.6957 | acc=0.785
[E07] batch 0280 | loss=0.6838 | acc=0.809
[E07] batch 0290 | loss=0.6996 | acc=0.789
[E07] batch 0300 | loss=0.6958 | acc=0.805
[E07] batch 0310 | loss=0.7310 | acc=0.766
[E07] batch 0320 | loss=0.6929 | acc=0.797
[E07] batch 0330 | loss=0.6976 | acc=0.766
[E07] batch 0340 | loss=0.6809 | acc=0.801
[E07] batch 0350 | loss=0.6900 | acc=0.789
[E07] batch 0360 | loss=0.7148 | acc=0.797
[E07] batch 0370 | loss=0.6548 | acc=0.824
[E07] batch 0380 | loss=0.6537 | acc=0.832
[E07] batch 0390 | loss=0.7333 | acc=0.777
[E07] batch 0400 | loss=0.6829 | acc=0.777
[E07] batch 0410 | loss=0.7228 | acc=0.746
[E07] batch 0420 | loss=0.6712 | acc=0.809
[E07] batch 0430 | loss=0.7097 | acc=0.785
[E07] batch 0440 | loss=0.6778 | acc=0.797
[E07] batch 0450 | loss=0.7098 | acc=0.785
[E07] batch 0460 | loss=0.6608 | acc=0.809
[E07] batch 0470 | loss=0.6621 | acc=0.805
[E07] batch 0480 | loss=0.7013 | acc=0.770
[E07] batch 0490 | loss=0.6278 | acc=0.828
[E07] batch 0500 | loss=0.6484 | acc=0.809
[E07] batch 0510 | loss=0.7325 | acc=0.790
[E07] total_loss=354.012 | VAL acc=0.880 | F1=0.712 | kappa=0.770
[E08] batch 0000 | loss=0.7195 | acc=0.781
[E08] batch 0010 | loss=0.8058 | acc=0.750
[E08] batch 0020 | loss=0.6216 | acc=0.832
[E08] batch 0030 | loss=0.6486 | acc=0.793
[E08] batch 0040 | loss=0.6404 | acc=0.820
[E08] batch 0050 | loss=0.6095 | acc=0.840
[E08] batch 0060 | loss=0.7175 | acc=0.766
[E08] batch 0070 | loss=0.7559 | acc=0.766
[E08] batch 0080 | loss=0.6410 | acc=0.816
[E08] batch 0090 | loss=0.7434 | acc=0.777
[E08] batch 0100 | loss=0.6718 | acc=0.797
[E08] batch 0110 | loss=0.6721 | acc=0.797
[E08] batch 0120 | loss=0.6859 | acc=0.816
[E08] batch 0130 | loss=0.6759 | acc=0.812
[E08] batch 0140 | loss=0.6377 | acc=0.816
[E08] batch 0150 | loss=0.6938 | acc=0.777
[E08] batch 0160 | loss=0.7259 | acc=0.781
[E08] batch 0170 | loss=0.6524 | acc=0.805
[E08] batch 0180 | loss=0.6828 | acc=0.773
[E08] batch 0190 | loss=0.6850 | acc=0.777
[E08] batch 0200 | loss=0.6515 | acc=0.812
[E08] batch 0210 | loss=0.6180 | acc=0.828
[E08] batch 0220 | loss=0.6688 | acc=0.809
[E08] batch 0230 | loss=0.7108 | acc=0.762
[E08] batch 0240 | loss=0.6489 | acc=0.824
[E08] batch 0250 | loss=0.6587 | acc=0.793
[E08] batch 0260 | loss=0.6604 | acc=0.793
[E08] batch 0270 | loss=0.6508 | acc=0.809
[E08] batch 0280 | loss=0.6999 | acc=0.812
[E08] batch 0290 | loss=0.6172 | acc=0.840
[E08] batch 0300 | loss=0.7311 | acc=0.785
[E08] batch 0310 | loss=0.6037 | acc=0.844
[E08] batch 0320 | loss=0.7025 | acc=0.797
[E08] batch 0330 | loss=0.6937 | acc=0.828
[E08] batch 0340 | loss=0.7018 | acc=0.801
[E08] batch 0350 | loss=0.6176 | acc=0.805
[E08] batch 0360 | loss=0.6470 | acc=0.816
[E08] batch 0370 | loss=0.6937 | acc=0.832
[E08] batch 0380 | loss=0.7403 | acc=0.777
[E08] batch 0390 | loss=0.7311 | acc=0.766
[E08] batch 0400 | loss=0.6737 | acc=0.785
[E08] batch 0410 | loss=0.7862 | acc=0.738
[E08] batch 0420 | loss=0.6689 | acc=0.805
[E08] batch 0430 | loss=0.6482 | acc=0.797
[E08] batch 0440 | loss=0.6707 | acc=0.770
[E08] batch 0450 | loss=0.6905 | acc=0.801
[E08] batch 0460 | loss=0.7345 | acc=0.773
[E08] batch 0470 | loss=0.6593 | acc=0.793
[E08] batch 0480 | loss=0.7434 | acc=0.777
[E08] batch 0490 | loss=0.6727 | acc=0.820
[E08] batch 0500 | loss=0.7049 | acc=0.762
[E08] batch 0510 | loss=0.7298 | acc=0.769
[E08] total_loss=351.878 | VAL acc=0.890 | F1=0.715 | kappa=0.784
[E09] batch 0000 | loss=0.6493 | acc=0.816
[E09] batch 0010 | loss=0.6576 | acc=0.816
[E09] batch 0020 | loss=0.6657 | acc=0.777
[E09] batch 0030 | loss=0.6885 | acc=0.805
[E09] batch 0040 | loss=0.7064 | acc=0.801
[E09] batch 0050 | loss=0.6960 | acc=0.789
[E09] batch 0060 | loss=0.7058 | acc=0.797
[E09] batch 0070 | loss=0.6799 | acc=0.805
[E09] batch 0080 | loss=0.6576 | acc=0.805
[E09] batch 0090 | loss=0.6629 | acc=0.805
[E09] batch 0100 | loss=0.6440 | acc=0.832
[E09] batch 0110 | loss=0.6653 | acc=0.836
[E09] batch 0120 | loss=0.6827 | acc=0.793
[E09] batch 0130 | loss=0.6934 | acc=0.781
[E09] batch 0140 | loss=0.7031 | acc=0.781
[E09] batch 0150 | loss=0.6650 | acc=0.801
[E09] batch 0160 | loss=0.7338 | acc=0.785
[E09] batch 0170 | loss=0.6867 | acc=0.824
[E09] batch 0180 | loss=0.6330 | acc=0.809
[E09] batch 0190 | loss=0.7125 | acc=0.820
[E09] batch 0200 | loss=0.6787 | acc=0.781
[E09] batch 0210 | loss=0.6273 | acc=0.832
[E09] batch 0220 | loss=0.7320 | acc=0.758
[E09] batch 0230 | loss=0.6867 | acc=0.805
[E09] batch 0240 | loss=0.6400 | acc=0.828
[E09] batch 0250 | loss=0.6657 | acc=0.805
[E09] batch 0260 | loss=0.6890 | acc=0.812
[E09] batch 0270 | loss=0.7239 | acc=0.785
[E09] batch 0280 | loss=0.6995 | acc=0.809
[E09] batch 0290 | loss=0.7182 | acc=0.770
[E09] batch 0300 | loss=0.7738 | acc=0.750
[E09] batch 0310 | loss=0.6517 | acc=0.805
[E09] batch 0320 | loss=0.6784 | acc=0.805
[E09] batch 0330 | loss=0.6553 | acc=0.781
[E09] batch 0340 | loss=0.7067 | acc=0.773
[E09] batch 0350 | loss=0.6927 | acc=0.770
[E09] batch 0360 | loss=0.7214 | acc=0.754
[E09] batch 0370 | loss=0.6835 | acc=0.797
[E09] batch 0380 | loss=0.6951 | acc=0.793
[E09] batch 0390 | loss=0.7610 | acc=0.770
[E09] batch 0400 | loss=0.6070 | acc=0.832
[E09] batch 0410 | loss=0.6279 | acc=0.836
[E09] batch 0420 | loss=0.7644 | acc=0.730
[E09] batch 0430 | loss=0.6836 | acc=0.797
[E09] batch 0440 | loss=0.6918 | acc=0.797
[E09] batch 0450 | loss=0.6592 | acc=0.832
[E09] batch 0460 | loss=0.7309 | acc=0.797
[E09] batch 0470 | loss=0.7078 | acc=0.781
[E09] batch 0480 | loss=0.7008 | acc=0.785
[E09] batch 0490 | loss=0.6994 | acc=0.797
[E09] batch 0500 | loss=0.7007 | acc=0.809
[E09] batch 0510 | loss=0.6700 | acc=0.811
[E09] total_loss=348.749 | VAL acc=0.896 | F1=0.733 | kappa=0.796
[SAVE] New best CNN1D (by F1)
[E10] batch 0000 | loss=0.7503 | acc=0.750
[E10] batch 0010 | loss=0.6748 | acc=0.797
[E10] batch 0020 | loss=0.6676 | acc=0.797
[E10] batch 0030 | loss=0.6766 | acc=0.777
[E10] batch 0040 | loss=0.6364 | acc=0.824
[E10] batch 0050 | loss=0.6160 | acc=0.805
[E10] batch 0060 | loss=0.6809 | acc=0.773
[E10] batch 0070 | loss=0.6738 | acc=0.797
[E10] batch 0080 | loss=0.6852 | acc=0.809
[E10] batch 0090 | loss=0.6187 | acc=0.844
[E10] batch 0100 | loss=0.7193 | acc=0.812
[E10] batch 0110 | loss=0.6914 | acc=0.809
[E10] batch 0120 | loss=0.6992 | acc=0.781
[E10] batch 0130 | loss=0.7023 | acc=0.789
[E10] batch 0140 | loss=0.7120 | acc=0.777
[E10] batch 0150 | loss=0.7308 | acc=0.758
[E10] batch 0160 | loss=0.6807 | acc=0.805
[E10] batch 0170 | loss=0.7920 | acc=0.746
[E10] batch 0180 | loss=0.7237 | acc=0.793
[E10] batch 0190 | loss=0.7660 | acc=0.754
[E10] batch 0200 | loss=0.6414 | acc=0.836
[E10] batch 0210 | loss=0.7189 | acc=0.781
[E10] batch 0220 | loss=0.6390 | acc=0.812
[E10] batch 0230 | loss=0.6838 | acc=0.777
[E10] batch 0240 | loss=0.7074 | acc=0.781
[E10] batch 0250 | loss=0.7037 | acc=0.789
[E10] batch 0260 | loss=0.6660 | acc=0.781
[E10] batch 0270 | loss=0.6521 | acc=0.816
[E10] batch 0280 | loss=0.6738 | acc=0.805
[E10] batch 0290 | loss=0.6734 | acc=0.789
[E10] batch 0300 | loss=0.6888 | acc=0.793
[E10] batch 0310 | loss=0.7027 | acc=0.773
[E10] batch 0320 | loss=0.7561 | acc=0.750
[E10] batch 0330 | loss=0.6894 | acc=0.770
[E10] batch 0340 | loss=0.6663 | acc=0.816
[E10] batch 0350 | loss=0.6696 | acc=0.785
[E10] batch 0360 | loss=0.7146 | acc=0.789
[E10] batch 0370 | loss=0.6661 | acc=0.789
[E10] batch 0380 | loss=0.6529 | acc=0.820
[E10] batch 0390 | loss=0.6795 | acc=0.801
[E10] batch 0400 | loss=0.7261 | acc=0.758
[E10] batch 0410 | loss=0.6959 | acc=0.789
[E10] batch 0420 | loss=0.6859 | acc=0.785
[E10] batch 0430 | loss=0.6823 | acc=0.797
[E10] batch 0440 | loss=0.6618 | acc=0.816
[E10] batch 0450 | loss=0.7110 | acc=0.770
[E10] batch 0460 | loss=0.6913 | acc=0.805
[E10] batch 0470 | loss=0.7012 | acc=0.781
[E10] batch 0480 | loss=0.7305 | acc=0.762
[E10] batch 0490 | loss=0.6540 | acc=0.824
[E10] batch 0500 | loss=0.6820 | acc=0.793
[E10] batch 0510 | loss=0.6738 | acc=0.825
[E10] total_loss=348.893 | VAL acc=0.878 | F1=0.702 | kappa=0.765
[E11] batch 0000 | loss=0.7322 | acc=0.793
[E11] batch 0010 | loss=0.6638 | acc=0.816
[E11] batch 0020 | loss=0.7035 | acc=0.781
[E11] batch 0030 | loss=0.7359 | acc=0.750
[E11] batch 0040 | loss=0.7281 | acc=0.785
[E11] batch 0050 | loss=0.7178 | acc=0.781
[E11] batch 0060 | loss=0.7228 | acc=0.785
[E11] batch 0070 | loss=0.6956 | acc=0.789
[E11] batch 0080 | loss=0.6857 | acc=0.785
[E11] batch 0090 | loss=0.6893 | acc=0.836
[E11] batch 0100 | loss=0.6321 | acc=0.801
[E11] batch 0110 | loss=0.6095 | acc=0.840
[E11] batch 0120 | loss=0.7199 | acc=0.781
[E11] batch 0130 | loss=0.7003 | acc=0.785
[E11] batch 0140 | loss=0.6374 | acc=0.828
[E11] batch 0150 | loss=0.6851 | acc=0.809
[E11] batch 0160 | loss=0.6915 | acc=0.797
[E11] batch 0170 | loss=0.6992 | acc=0.809
[E11] batch 0180 | loss=0.7166 | acc=0.793
[E11] batch 0190 | loss=0.7276 | acc=0.781
[E11] batch 0200 | loss=0.6919 | acc=0.785
[E11] batch 0210 | loss=0.6479 | acc=0.836
[E11] batch 0220 | loss=0.7187 | acc=0.742
[E11] batch 0230 | loss=0.7112 | acc=0.781
[E11] batch 0240 | loss=0.7499 | acc=0.758
[E11] batch 0250 | loss=0.7488 | acc=0.766
[E11] batch 0260 | loss=0.7147 | acc=0.777
[E11] batch 0270 | loss=0.6283 | acc=0.840
[E11] batch 0280 | loss=0.6307 | acc=0.840
[E11] batch 0290 | loss=0.7394 | acc=0.793
[E11] batch 0300 | loss=0.7160 | acc=0.762
[E11] batch 0310 | loss=0.7143 | acc=0.809
[E11] batch 0320 | loss=0.7146 | acc=0.797
[E11] batch 0330 | loss=0.6783 | acc=0.812
[E11] batch 0340 | loss=0.6503 | acc=0.816
[E11] batch 0350 | loss=0.6549 | acc=0.820
[E11] batch 0360 | loss=0.6283 | acc=0.812
[E11] batch 0370 | loss=0.6946 | acc=0.777
[E11] batch 0380 | loss=0.7252 | acc=0.754
[E11] batch 0390 | loss=0.6407 | acc=0.809
[E11] batch 0400 | loss=0.7120 | acc=0.812
[E11] batch 0410 | loss=0.7330 | acc=0.754
[E11] batch 0420 | loss=0.6673 | acc=0.797
[E11] batch 0430 | loss=0.6882 | acc=0.789
[E11] batch 0440 | loss=0.6909 | acc=0.793
[E11] batch 0450 | loss=0.6551 | acc=0.816
[E11] batch 0460 | loss=0.6706 | acc=0.809
[E11] batch 0470 | loss=0.7459 | acc=0.762
[E11] batch 0480 | loss=0.6885 | acc=0.781
[E11] batch 0490 | loss=0.6094 | acc=0.883
[E11] batch 0500 | loss=0.7403 | acc=0.805
[E11] batch 0510 | loss=0.5901 | acc=0.888
[E11] total_loss=347.000 | VAL acc=0.876 | F1=0.691 | kappa=0.760
[E12] batch 0000 | loss=0.6493 | acc=0.809
[E12] batch 0010 | loss=0.7252 | acc=0.793
[E12] batch 0020 | loss=0.6798 | acc=0.789
[E12] batch 0030 | loss=0.6750 | acc=0.785
[E12] batch 0040 | loss=0.6826 | acc=0.793
[E12] batch 0050 | loss=0.6451 | acc=0.820
[E12] batch 0060 | loss=0.7161 | acc=0.781
[E12] batch 0070 | loss=0.6506 | acc=0.855
[E12] batch 0080 | loss=0.6365 | acc=0.832
[E12] batch 0090 | loss=0.6799 | acc=0.766
[E12] batch 0100 | loss=0.6988 | acc=0.766
[E12] batch 0110 | loss=0.6802 | acc=0.812
[E12] batch 0120 | loss=0.6230 | acc=0.844
[E12] batch 0130 | loss=0.6645 | acc=0.809
[E12] batch 0140 | loss=0.6283 | acc=0.828
[E12] batch 0150 | loss=0.6857 | acc=0.789
[E12] batch 0160 | loss=0.6685 | acc=0.820
[E12] batch 0170 | loss=0.6772 | acc=0.801
[E12] batch 0180 | loss=0.6985 | acc=0.758
[E12] batch 0190 | loss=0.6718 | acc=0.785
[E12] batch 0200 | loss=0.6235 | acc=0.832
[E12] batch 0210 | loss=0.7037 | acc=0.793
[E12] batch 0220 | loss=0.6583 | acc=0.805
[E12] batch 0230 | loss=0.6157 | acc=0.852
[E12] batch 0240 | loss=0.7227 | acc=0.781
[E12] batch 0250 | loss=0.6995 | acc=0.809
[E12] batch 0260 | loss=0.7336 | acc=0.766
[E12] batch 0270 | loss=0.6638 | acc=0.785
[E12] batch 0280 | loss=0.5962 | acc=0.859
[E12] batch 0290 | loss=0.6792 | acc=0.812
[E12] batch 0300 | loss=0.6859 | acc=0.828
[E12] batch 0310 | loss=0.6002 | acc=0.832
[E12] batch 0320 | loss=0.6817 | acc=0.805
[E12] batch 0330 | loss=0.7100 | acc=0.766
[E12] batch 0340 | loss=0.7403 | acc=0.762
[E12] batch 0350 | loss=0.6943 | acc=0.812
[E12] batch 0360 | loss=0.7229 | acc=0.773
[E12] batch 0370 | loss=0.7279 | acc=0.797
[E12] batch 0380 | loss=0.6628 | acc=0.824
[E12] batch 0390 | loss=0.6818 | acc=0.785
[E12] batch 0400 | loss=0.6880 | acc=0.793
[E12] batch 0410 | loss=0.7131 | acc=0.809
[E12] batch 0420 | loss=0.6797 | acc=0.781
[E12] batch 0430 | loss=0.6473 | acc=0.816
[E12] batch 0440 | loss=0.6801 | acc=0.797
[E12] batch 0450 | loss=0.6316 | acc=0.824
[E12] batch 0460 | loss=0.6657 | acc=0.812
[E12] batch 0470 | loss=0.6912 | acc=0.797
[E12] batch 0480 | loss=0.6378 | acc=0.816
[E12] batch 0490 | loss=0.6784 | acc=0.809
[E12] batch 0500 | loss=0.6526 | acc=0.840
[E12] batch 0510 | loss=0.7509 | acc=0.755
[E12] total_loss=346.103 | VAL acc=0.883 | F1=0.709 | kappa=0.774
[E13] batch 0000 | loss=0.6919 | acc=0.812
[E13] batch 0010 | loss=0.7164 | acc=0.789
[E13] batch 0020 | loss=0.6655 | acc=0.816
[E13] batch 0030 | loss=0.7015 | acc=0.805
[E13] batch 0040 | loss=0.6499 | acc=0.812
[E13] batch 0050 | loss=0.6658 | acc=0.816
[E13] batch 0060 | loss=0.6963 | acc=0.805
[E13] batch 0070 | loss=0.7751 | acc=0.781
[E13] batch 0080 | loss=0.6599 | acc=0.789
[E13] batch 0090 | loss=0.6156 | acc=0.824
[E13] batch 0100 | loss=0.6227 | acc=0.852
[E13] batch 0110 | loss=0.6695 | acc=0.801
[E13] batch 0120 | loss=0.7400 | acc=0.734
[E13] batch 0130 | loss=0.7241 | acc=0.797
[E13] batch 0140 | loss=0.6485 | acc=0.812
[E13] batch 0150 | loss=0.6303 | acc=0.805
[E13] batch 0160 | loss=0.6807 | acc=0.777
[E13] batch 0170 | loss=0.6955 | acc=0.805
[E13] batch 0180 | loss=0.6772 | acc=0.816
[E13] batch 0190 | loss=0.7169 | acc=0.766
[E13] batch 0200 | loss=0.7106 | acc=0.773
[E13] batch 0210 | loss=0.6705 | acc=0.793
[E13] batch 0220 | loss=0.6938 | acc=0.809
[E13] batch 0230 | loss=0.7085 | acc=0.805
[E13] batch 0240 | loss=0.6495 | acc=0.816
[E13] batch 0250 | loss=0.7211 | acc=0.766
[E13] batch 0260 | loss=0.6334 | acc=0.801
[E13] batch 0270 | loss=0.6727 | acc=0.789
[E13] batch 0280 | loss=0.6783 | acc=0.785
[E13] batch 0290 | loss=0.6778 | acc=0.797
[E13] batch 0300 | loss=0.6708 | acc=0.805
[E13] batch 0310 | loss=0.6802 | acc=0.773
[E13] batch 0320 | loss=0.7070 | acc=0.789
[E13] batch 0330 | loss=0.6406 | acc=0.828
[E13] batch 0340 | loss=0.6729 | acc=0.797
[E13] batch 0350 | loss=0.7336 | acc=0.781
[E13] batch 0360 | loss=0.6821 | acc=0.801
[E13] batch 0370 | loss=0.7275 | acc=0.773
[E13] batch 0380 | loss=0.6825 | acc=0.809
[E13] batch 0390 | loss=0.6444 | acc=0.836
[E13] batch 0400 | loss=0.6993 | acc=0.773
[E13] batch 0410 | loss=0.6528 | acc=0.809
[E13] batch 0420 | loss=0.6612 | acc=0.848
[E13] batch 0430 | loss=0.6537 | acc=0.789
[E13] batch 0440 | loss=0.6964 | acc=0.762
[E13] batch 0450 | loss=0.6711 | acc=0.809
[E13] batch 0460 | loss=0.6963 | acc=0.789
[E13] batch 0470 | loss=0.6887 | acc=0.789
[E13] batch 0480 | loss=0.6949 | acc=0.809
[E13] batch 0490 | loss=0.6600 | acc=0.828
[E13] batch 0500 | loss=0.6156 | acc=0.855
[E13] batch 0510 | loss=0.6778 | acc=0.804
[E13] total_loss=345.453 | VAL acc=0.888 | F1=0.715 | kappa=0.780
[E14] batch 0000 | loss=0.7263 | acc=0.785
[E14] batch 0010 | loss=0.6904 | acc=0.805
[E14] batch 0020 | loss=0.6701 | acc=0.793
[E14] batch 0030 | loss=0.7182 | acc=0.758
[E14] batch 0040 | loss=0.7054 | acc=0.789
[E14] batch 0050 | loss=0.6842 | acc=0.781
[E14] batch 0060 | loss=0.6868 | acc=0.801
[E14] batch 0070 | loss=0.7051 | acc=0.785
[E14] batch 0080 | loss=0.6965 | acc=0.797
[E14] batch 0090 | loss=0.6884 | acc=0.820
[E14] batch 0100 | loss=0.6744 | acc=0.809
[E14] batch 0110 | loss=0.6236 | acc=0.816
[E14] batch 0120 | loss=0.6576 | acc=0.824
[E14] batch 0130 | loss=0.6747 | acc=0.777
[E14] batch 0140 | loss=0.6993 | acc=0.785
[E14] batch 0150 | loss=0.6512 | acc=0.828
[E14] batch 0160 | loss=0.6665 | acc=0.777
[E14] batch 0170 | loss=0.6247 | acc=0.836
[E14] batch 0180 | loss=0.7378 | acc=0.742
[E14] batch 0190 | loss=0.6309 | acc=0.820
[E14] batch 0200 | loss=0.7164 | acc=0.797
[E14] batch 0210 | loss=0.7429 | acc=0.742
[E14] batch 0220 | loss=0.6473 | acc=0.809
[E14] batch 0230 | loss=0.6974 | acc=0.781
[E14] batch 0240 | loss=0.6606 | acc=0.812
[E14] batch 0250 | loss=0.6790 | acc=0.840
[E14] batch 0260 | loss=0.7149 | acc=0.781
[E14] batch 0270 | loss=0.6401 | acc=0.848
[E14] batch 0280 | loss=0.6763 | acc=0.809
[E14] batch 0290 | loss=0.6507 | acc=0.852
[E14] batch 0300 | loss=0.6986 | acc=0.781
[E14] batch 0310 | loss=0.6808 | acc=0.781
[E14] batch 0320 | loss=0.6368 | acc=0.844
[E14] batch 0330 | loss=0.6475 | acc=0.812
[E14] batch 0340 | loss=0.6581 | acc=0.809
[E14] batch 0350 | loss=0.6188 | acc=0.863
[E14] batch 0360 | loss=0.6686 | acc=0.812
[E14] batch 0370 | loss=0.6128 | acc=0.828
[E14] batch 0380 | loss=0.6392 | acc=0.828
[E14] batch 0390 | loss=0.6419 | acc=0.840
[E14] batch 0400 | loss=0.6601 | acc=0.777
[E14] batch 0410 | loss=0.6448 | acc=0.832
[E14] batch 0420 | loss=0.6169 | acc=0.812
[E14] batch 0430 | loss=0.6897 | acc=0.812
[E14] batch 0440 | loss=0.6572 | acc=0.840
[E14] batch 0450 | loss=0.6785 | acc=0.836
[E14] batch 0460 | loss=0.6968 | acc=0.789
[E14] batch 0470 | loss=0.6592 | acc=0.805
[E14] batch 0480 | loss=0.6819 | acc=0.809
[E14] batch 0490 | loss=0.6261 | acc=0.820
[E14] batch 0500 | loss=0.7019 | acc=0.789
[E14] batch 0510 | loss=0.6925 | acc=0.804
[E14] total_loss=342.688 | VAL acc=0.892 | F1=0.727 | kappa=0.791
[E15] batch 0000 | loss=0.7382 | acc=0.812
[E15] batch 0010 | loss=0.6460 | acc=0.812
[E15] batch 0020 | loss=0.6861 | acc=0.820
[E15] batch 0030 | loss=0.6725 | acc=0.805
[E15] batch 0040 | loss=0.6270 | acc=0.812
[E15] batch 0050 | loss=0.6754 | acc=0.809
[E15] batch 0060 | loss=0.6522 | acc=0.832
[E15] batch 0070 | loss=0.7509 | acc=0.766
[E15] batch 0080 | loss=0.5690 | acc=0.855
[E15] batch 0090 | loss=0.6603 | acc=0.809
[E15] batch 0100 | loss=0.6737 | acc=0.789
[E15] batch 0110 | loss=0.6663 | acc=0.793
[E15] batch 0120 | loss=0.6232 | acc=0.824
[E15] batch 0130 | loss=0.6509 | acc=0.824
[E15] batch 0140 | loss=0.6584 | acc=0.805
[E15] batch 0150 | loss=0.6823 | acc=0.805
[E15] batch 0160 | loss=0.6267 | acc=0.852
[E15] batch 0170 | loss=0.6356 | acc=0.820
[E15] batch 0180 | loss=0.6801 | acc=0.812
[E15] batch 0190 | loss=0.6900 | acc=0.793
[E15] batch 0200 | loss=0.6447 | acc=0.809
[E15] batch 0210 | loss=0.6454 | acc=0.801
[E15] batch 0220 | loss=0.6658 | acc=0.773
[E15] batch 0230 | loss=0.6988 | acc=0.773
[E15] batch 0240 | loss=0.6595 | acc=0.809
[E15] batch 0250 | loss=0.6463 | acc=0.816
[E15] batch 0260 | loss=0.6808 | acc=0.789
[E15] batch 0270 | loss=0.7075 | acc=0.785
[E15] batch 0280 | loss=0.6782 | acc=0.789
[E15] batch 0290 | loss=0.7077 | acc=0.797
[E15] batch 0300 | loss=0.6181 | acc=0.820
[E15] batch 0310 | loss=0.6857 | acc=0.809
[E15] batch 0320 | loss=0.6653 | acc=0.812
[E15] batch 0330 | loss=0.6218 | acc=0.828
[E15] batch 0340 | loss=0.6619 | acc=0.840
[E15] batch 0350 | loss=0.6994 | acc=0.785
[E15] batch 0360 | loss=0.6741 | acc=0.809
[E15] batch 0370 | loss=0.5973 | acc=0.820
[E15] batch 0380 | loss=0.7260 | acc=0.785
[E15] batch 0390 | loss=0.6544 | acc=0.809
[E15] batch 0400 | loss=0.6219 | acc=0.820
[E15] batch 0410 | loss=0.6912 | acc=0.793
[E15] batch 0420 | loss=0.6085 | acc=0.844
[E15] batch 0430 | loss=0.7239 | acc=0.770
[E15] batch 0440 | loss=0.6988 | acc=0.789
[E15] batch 0450 | loss=0.5846 | acc=0.867
[E15] batch 0460 | loss=0.7059 | acc=0.785
[E15] batch 0470 | loss=0.7416 | acc=0.758
[E15] batch 0480 | loss=0.6730 | acc=0.797
[E15] batch 0490 | loss=0.6820 | acc=0.781
[E15] batch 0500 | loss=0.6501 | acc=0.812
[E15] batch 0510 | loss=0.6779 | acc=0.776
[E15] total_loss=343.581 | VAL acc=0.887 | F1=0.714 | kappa=0.782
[E16] batch 0000 | loss=0.6653 | acc=0.781
[E16] batch 0010 | loss=0.6855 | acc=0.812
[E16] batch 0020 | loss=0.6598 | acc=0.809
[E16] batch 0030 | loss=0.7263 | acc=0.793
[E16] batch 0040 | loss=0.6334 | acc=0.816
[E16] batch 0050 | loss=0.6214 | acc=0.832
[E16] batch 0060 | loss=0.6521 | acc=0.809
[E16] batch 0070 | loss=0.6289 | acc=0.840
[E16] batch 0080 | loss=0.6522 | acc=0.812
[E16] batch 0090 | loss=0.5757 | acc=0.871
[E16] batch 0100 | loss=0.7033 | acc=0.812
[E16] batch 0110 | loss=0.6420 | acc=0.820
[E16] batch 0120 | loss=0.6509 | acc=0.820
[E16] batch 0130 | loss=0.6923 | acc=0.816
[E16] batch 0140 | loss=0.7060 | acc=0.773
[E16] batch 0150 | loss=0.6493 | acc=0.824
[E16] batch 0160 | loss=0.6522 | acc=0.805
[E16] batch 0170 | loss=0.6444 | acc=0.797
[E16] batch 0180 | loss=0.7380 | acc=0.793
[E16] batch 0190 | loss=0.6777 | acc=0.816
[E16] batch 0200 | loss=0.7366 | acc=0.773
[E16] batch 0210 | loss=0.6811 | acc=0.824
[E16] batch 0220 | loss=0.6289 | acc=0.824
[E16] batch 0230 | loss=0.7360 | acc=0.773
[E16] batch 0240 | loss=0.7355 | acc=0.754
[E16] batch 0250 | loss=0.6449 | acc=0.820
[E16] batch 0260 | loss=0.6907 | acc=0.793
[E16] batch 0270 | loss=0.6542 | acc=0.848
[E16] batch 0280 | loss=0.6643 | acc=0.824
[E16] batch 0290 | loss=0.6675 | acc=0.789
[E16] batch 0300 | loss=0.6386 | acc=0.805
[E16] batch 0310 | loss=0.6070 | acc=0.848
[E16] batch 0320 | loss=0.6591 | acc=0.816
[E16] batch 0330 | loss=0.6921 | acc=0.805
[E16] batch 0340 | loss=0.6283 | acc=0.836
[E16] batch 0350 | loss=0.6488 | acc=0.812
[E16] batch 0360 | loss=0.6573 | acc=0.820
[E16] batch 0370 | loss=0.7038 | acc=0.805
[E16] batch 0380 | loss=0.7019 | acc=0.781
[E16] batch 0390 | loss=0.6779 | acc=0.805
[E16] batch 0400 | loss=0.6419 | acc=0.832
[E16] batch 0410 | loss=0.7029 | acc=0.797
[E16] batch 0420 | loss=0.6544 | acc=0.812
[E16] batch 0430 | loss=0.6758 | acc=0.812
[E16] batch 0440 | loss=0.6184 | acc=0.859
[E16] batch 0450 | loss=0.6232 | acc=0.809
[E16] batch 0460 | loss=0.6896 | acc=0.770
[E16] batch 0470 | loss=0.6200 | acc=0.805
[E16] batch 0480 | loss=0.6635 | acc=0.793
[E16] batch 0490 | loss=0.6565 | acc=0.812
[E16] batch 0500 | loss=0.6824 | acc=0.797
[E16] batch 0510 | loss=0.6774 | acc=0.811
[E16] total_loss=340.244 | VAL acc=0.884 | F1=0.707 | kappa=0.774
[E17] batch 0000 | loss=0.6288 | acc=0.848
[E17] batch 0010 | loss=0.6495 | acc=0.836
[E17] batch 0020 | loss=0.7517 | acc=0.758
[E17] batch 0030 | loss=0.6575 | acc=0.801
[E17] batch 0040 | loss=0.7055 | acc=0.773
[E17] batch 0050 | loss=0.6152 | acc=0.801
[E17] batch 0060 | loss=0.7075 | acc=0.805
[E17] batch 0070 | loss=0.6132 | acc=0.832
[E17] batch 0080 | loss=0.6626 | acc=0.828
[E17] batch 0090 | loss=0.6716 | acc=0.824
[E17] batch 0100 | loss=0.6385 | acc=0.824
[E17] batch 0110 | loss=0.6627 | acc=0.812
[E17] batch 0120 | loss=0.6248 | acc=0.828
[E17] batch 0130 | loss=0.6530 | acc=0.844
[E17] batch 0140 | loss=0.6621 | acc=0.785
[E17] batch 0150 | loss=0.6361 | acc=0.848
[E17] batch 0160 | loss=0.6610 | acc=0.809
[E17] batch 0170 | loss=0.6721 | acc=0.832
[E17] batch 0180 | loss=0.7101 | acc=0.785
[E17] batch 0190 | loss=0.7743 | acc=0.770
[E17] batch 0200 | loss=0.6705 | acc=0.805
[E17] batch 0210 | loss=0.6532 | acc=0.812
[E17] batch 0220 | loss=0.6504 | acc=0.816
[E17] batch 0230 | loss=0.6211 | acc=0.824
[E17] batch 0240 | loss=0.6819 | acc=0.793
[E17] batch 0250 | loss=0.6519 | acc=0.816
[E17] batch 0260 | loss=0.6967 | acc=0.801
[E17] batch 0270 | loss=0.6210 | acc=0.805
[E17] batch 0280 | loss=0.6249 | acc=0.836
[E17] batch 0290 | loss=0.6497 | acc=0.801
[E17] batch 0300 | loss=0.7099 | acc=0.793
[E17] batch 0310 | loss=0.6191 | acc=0.812
[E17] batch 0320 | loss=0.6076 | acc=0.820
[E17] batch 0330 | loss=0.6069 | acc=0.844
[E17] batch 0340 | loss=0.6812 | acc=0.844
[E17] batch 0350 | loss=0.7021 | acc=0.770
[E17] batch 0360 | loss=0.7807 | acc=0.754
[E17] batch 0370 | loss=0.6958 | acc=0.781
[E17] batch 0380 | loss=0.6623 | acc=0.777
[E17] batch 0390 | loss=0.7545 | acc=0.754
[E17] batch 0400 | loss=0.7311 | acc=0.754
[E17] batch 0410 | loss=0.6518 | acc=0.797
[E17] batch 0420 | loss=0.6677 | acc=0.812
[E17] batch 0430 | loss=0.6432 | acc=0.828
[E17] batch 0440 | loss=0.6503 | acc=0.801
[E17] batch 0450 | loss=0.7126 | acc=0.781
[E17] batch 0460 | loss=0.7196 | acc=0.781
[E17] batch 0470 | loss=0.6493 | acc=0.840
[E17] batch 0480 | loss=0.6761 | acc=0.805
[E17] batch 0490 | loss=0.6976 | acc=0.793
[E17] batch 0500 | loss=0.6564 | acc=0.816
[E17] batch 0510 | loss=0.5758 | acc=0.832
[E17] total_loss=343.151 | VAL acc=0.889 | F1=0.715 | kappa=0.784
[E18] batch 0000 | loss=0.6590 | acc=0.828
[E18] batch 0010 | loss=0.6791 | acc=0.805
[E18] batch 0020 | loss=0.6500 | acc=0.816
[E18] batch 0030 | loss=0.6227 | acc=0.832
[E18] batch 0040 | loss=0.6411 | acc=0.812
[E18] batch 0050 | loss=0.6921 | acc=0.789
[E18] batch 0060 | loss=0.6625 | acc=0.824
[E18] batch 0070 | loss=0.6677 | acc=0.801
[E18] batch 0080 | loss=0.6480 | acc=0.812
[E18] batch 0090 | loss=0.7125 | acc=0.777
[E18] batch 0100 | loss=0.6659 | acc=0.805
[E18] batch 0110 | loss=0.6479 | acc=0.820
[E18] batch 0120 | loss=0.5926 | acc=0.859
[E18] batch 0130 | loss=0.6474 | acc=0.820
[E18] batch 0140 | loss=0.6563 | acc=0.820
[E18] batch 0150 | loss=0.6728 | acc=0.785
[E18] batch 0160 | loss=0.6723 | acc=0.816
[E18] batch 0170 | loss=0.6581 | acc=0.816
[E18] batch 0180 | loss=0.6623 | acc=0.793
[E18] batch 0190 | loss=0.5886 | acc=0.832
[E18] batch 0200 | loss=0.6646 | acc=0.793
[E18] batch 0210 | loss=0.7100 | acc=0.789
[E18] batch 0220 | loss=0.6571 | acc=0.820
[E18] batch 0230 | loss=0.6933 | acc=0.801
[E18] batch 0240 | loss=0.7184 | acc=0.781
[E18] batch 0250 | loss=0.6824 | acc=0.793
[E18] batch 0260 | loss=0.6281 | acc=0.801
[E18] batch 0270 | loss=0.6586 | acc=0.789
[E18] batch 0280 | loss=0.6787 | acc=0.781
[E18] batch 0290 | loss=0.7071 | acc=0.750
[E18] batch 0300 | loss=0.6592 | acc=0.828
[E18] batch 0310 | loss=0.6651 | acc=0.793
[E18] batch 0320 | loss=0.6503 | acc=0.801
[E18] batch 0330 | loss=0.6287 | acc=0.824
[E18] batch 0340 | loss=0.6944 | acc=0.789
[E18] batch 0350 | loss=0.6883 | acc=0.793
[E18] batch 0360 | loss=0.6240 | acc=0.828
[E18] batch 0370 | loss=0.6486 | acc=0.793
[E18] batch 0380 | loss=0.6652 | acc=0.809
[E18] batch 0390 | loss=0.6430 | acc=0.832
[E18] batch 0400 | loss=0.6435 | acc=0.836
[E18] batch 0410 | loss=0.6462 | acc=0.820
[E18] batch 0420 | loss=0.6690 | acc=0.797
[E18] batch 0430 | loss=0.6639 | acc=0.816
[E18] batch 0440 | loss=0.6775 | acc=0.797
[E18] batch 0450 | loss=0.7232 | acc=0.777
[E18] batch 0460 | loss=0.6565 | acc=0.809
[E18] batch 0470 | loss=0.6854 | acc=0.781
[E18] batch 0480 | loss=0.6375 | acc=0.828
[E18] batch 0490 | loss=0.6355 | acc=0.824
[E18] batch 0500 | loss=0.6545 | acc=0.801
[E18] batch 0510 | loss=0.6449 | acc=0.783
[E18] total_loss=341.747 | VAL acc=0.886 | F1=0.715 | kappa=0.779
[E19] batch 0000 | loss=0.6900 | acc=0.812
[E19] batch 0010 | loss=0.6970 | acc=0.781
[E19] batch 0020 | loss=0.7206 | acc=0.797
[E19] batch 0030 | loss=0.6708 | acc=0.824
[E19] batch 0040 | loss=0.6995 | acc=0.812
[E19] batch 0050 | loss=0.6336 | acc=0.816
[E19] batch 0060 | loss=0.6976 | acc=0.777
[E19] batch 0070 | loss=0.6856 | acc=0.785
[E19] batch 0080 | loss=0.6389 | acc=0.836
[E19] batch 0090 | loss=0.7097 | acc=0.797
[E19] batch 0100 | loss=0.6781 | acc=0.820
[E19] batch 0110 | loss=0.6350 | acc=0.848
[E19] batch 0120 | loss=0.6809 | acc=0.812
[E19] batch 0130 | loss=0.6394 | acc=0.848
[E19] batch 0140 | loss=0.6584 | acc=0.824
[E19] batch 0150 | loss=0.6598 | acc=0.812
[E19] batch 0160 | loss=0.6850 | acc=0.789
[E19] batch 0170 | loss=0.7579 | acc=0.785
[E19] batch 0180 | loss=0.6139 | acc=0.832
[E19] batch 0190 | loss=0.6765 | acc=0.797
[E19] batch 0200 | loss=0.6529 | acc=0.824
[E19] batch 0210 | loss=0.6376 | acc=0.836
[E19] batch 0220 | loss=0.6202 | acc=0.840
[E19] batch 0230 | loss=0.7028 | acc=0.801
[E19] batch 0240 | loss=0.6923 | acc=0.793
[E19] batch 0250 | loss=0.6726 | acc=0.809
[E19] batch 0260 | loss=0.7257 | acc=0.785
[E19] batch 0270 | loss=0.6691 | acc=0.797
[E19] batch 0280 | loss=0.5753 | acc=0.859
[E19] batch 0290 | loss=0.6488 | acc=0.801
[E19] batch 0300 | loss=0.7351 | acc=0.785
[E19] batch 0310 | loss=0.6132 | acc=0.832
[E19] batch 0320 | loss=0.5896 | acc=0.855
[E19] batch 0330 | loss=0.6788 | acc=0.812
[E19] batch 0340 | loss=0.6081 | acc=0.816
[E19] batch 0350 | loss=0.6936 | acc=0.805
[E19] batch 0360 | loss=0.5965 | acc=0.867
[E19] batch 0370 | loss=0.7238 | acc=0.801
[E19] batch 0380 | loss=0.6683 | acc=0.793
[E19] batch 0390 | loss=0.6410 | acc=0.824
[E19] batch 0400 | loss=0.6698 | acc=0.812
[E19] batch 0410 | loss=0.6702 | acc=0.801
[E19] batch 0420 | loss=0.6674 | acc=0.801
[E19] batch 0430 | loss=0.7195 | acc=0.781
[E19] batch 0440 | loss=0.6959 | acc=0.773
[E19] batch 0450 | loss=0.6901 | acc=0.797
[E19] batch 0460 | loss=0.7118 | acc=0.762
[E19] batch 0470 | loss=0.7411 | acc=0.785
[E19] batch 0480 | loss=0.6951 | acc=0.793
[E19] batch 0490 | loss=0.6256 | acc=0.848
[E19] batch 0500 | loss=0.7056 | acc=0.773
[E19] batch 0510 | loss=0.7186 | acc=0.790
[E19] total_loss=341.088 | VAL acc=0.887 | F1=0.703 | kappa=0.780
[STOP] Early stopping (no improvement)
=== TRAIN DONE ===
