JOB ID: 196321
FOLD: 0
HOST: node-38
START: Wed Dec 24 23:09:48 EET 2025
Wed Dec 24 23:09:48 2025       
+-----------------------------------------------------------------------------------------+
| NVIDIA-SMI 550.144.03             Driver Version: 550.144.03     CUDA Version: 12.4     |
|-----------------------------------------+------------------------+----------------------+
| GPU  Name                 Persistence-M | Bus-Id          Disp.A | Volatile Uncorr. ECC |
| Fan  Temp   Perf          Pwr:Usage/Cap |           Memory-Usage | GPU-Util  Compute M. |
|                                         |                        |               MIG M. |
|=========================================+========================+======================|
|   0  Tesla V100-SXM2-32GB           On  |   00000000:0A:00.0 Off |                    0 |
| N/A   30C    P0             41W /  300W |       1MiB /  32768MiB |      0%      Default |
|                                         |                        |                  N/A |
+-----------------------------------------+------------------------+----------------------+
                                                                                         
+-----------------------------------------------------------------------------------------+
| Processes:                                                                              |
|  GPU   GI   CI        PID   Type   Process name                              GPU Memory |
|        ID   ID                                                               Usage      |
|=========================================================================================|
|  No running processes found                                                             |
+-----------------------------------------------------------------------------------------+
[CV] k=10 fold=0
[CV] TRAIN subjects (44): ['SC4002E0', 'SC4011E0', 'SC4012E0', 'SC4021E0', 'SC4022E0'] ...
[CV] VAL   subjects (1):   ['SC4001E0']
[CV] TEST  subjects (6):  ['SC4061E0', 'SC4121E0', 'SC4161E0', 'SC4202E0', 'SC4221E0'] ...
=== DEVICE: cuda ===
=== seq_len=21 stride=1 batch_size=64 ===
=== Transformer: d_model=128 heads=4 layers=2 ff=256 dropout=0.1 ===
=== START TRAIN (SeqTransformer CV fold) ===
[F0] [E01] batch 0000 | loss=1.9601 | acc=0.141
[F0] [E01] batch 0020 | loss=0.6119 | acc=0.781
[F0] [E01] batch 0040 | loss=0.4825 | acc=0.875
[F0] [E01] batch 0060 | loss=0.5200 | acc=0.844
[F0] [E01] batch 0080 | loss=0.4885 | acc=0.875
[F0] [E01] batch 0100 | loss=0.5371 | acc=0.906
[F0] [E01] batch 0120 | loss=0.5218 | acc=0.875
[F0] [E01] batch 0140 | loss=0.5032 | acc=0.922
[F0] [E01] batch 0160 | loss=0.4103 | acc=0.906
[F0] [E01] batch 0180 | loss=0.3295 | acc=0.938
[F0] [E01] batch 0200 | loss=0.3151 | acc=0.969
[F0] [E01] batch 0220 | loss=0.4408 | acc=0.875
[F0] [E01] batch 0240 | loss=0.3602 | acc=0.922
[F0] [E01] batch 0260 | loss=0.3711 | acc=0.938
[F0] [E01] batch 0280 | loss=0.4012 | acc=0.938
[F0] [E01] batch 0300 | loss=0.4146 | acc=0.906
[F0] [E01] batch 0320 | loss=0.3551 | acc=0.953
[F0] [E01] batch 0340 | loss=0.3288 | acc=0.984
[F0] [E01] batch 0360 | loss=0.3926 | acc=0.938
[F0] [E01] batch 0380 | loss=0.3669 | acc=0.922
[F0] [E01] batch 0400 | loss=0.3147 | acc=0.953
[F0] [E01] batch 0420 | loss=0.3415 | acc=0.953
[F0] [E01] batch 0440 | loss=0.3704 | acc=0.969
[F0] [E01] batch 0460 | loss=0.4167 | acc=0.922
[F0] [E01] batch 0480 | loss=0.3198 | acc=0.969
[F0] [E01] batch 0500 | loss=0.3235 | acc=0.953
[F0] [E01] batch 0520 | loss=0.4185 | acc=0.891
[F0] [E01] batch 0540 | loss=0.4417 | acc=0.906
[F0] [E01] batch 0560 | loss=0.3317 | acc=0.938
[F0] [E01] batch 0580 | loss=0.4154 | acc=0.922
[F0] [E01] batch 0600 | loss=0.4187 | acc=0.922
[F0] [E01] batch 0620 | loss=0.4962 | acc=0.922
[F0] [E01] batch 0640 | loss=0.3387 | acc=0.922
[F0] [E01] batch 0660 | loss=0.4455 | acc=0.891
[F0] [E01] batch 0680 | loss=0.4855 | acc=0.891
[F0] [E01] batch 0700 | loss=0.3463 | acc=0.938
[F0] [E01] batch 0720 | loss=0.2501 | acc=1.000
[F0] [E01] batch 0740 | loss=0.4320 | acc=0.875
[F0] [E01] batch 0760 | loss=0.3844 | acc=0.922
[F0] [E01] batch 0780 | loss=0.4165 | acc=0.922
[F0] [E01] batch 0800 | loss=0.5104 | acc=0.859
[F0] [E01] batch 0820 | loss=0.2814 | acc=0.984
[F0] [E01] batch 0840 | loss=0.4231 | acc=0.906
[F0] [E01] batch 0860 | loss=0.3985 | acc=0.922
[F0] [E01] batch 0880 | loss=0.3925 | acc=0.922
[F0] [E01] batch 0900 | loss=0.3723 | acc=0.938
[F0] [E01] batch 0920 | loss=0.2967 | acc=0.969
[F0] [E01] batch 0940 | loss=0.5028 | acc=0.891
[F0] [E01] batch 0960 | loss=0.3474 | acc=0.969
[F0] [E01] batch 0980 | loss=0.4041 | acc=0.906
[F0] [E01] batch 1000 | loss=0.3145 | acc=0.969
[F0] [E01] batch 1020 | loss=0.3222 | acc=0.938
[F0] [E01] batch 1040 | loss=0.4683 | acc=0.891
[F0] [E01] batch 1060 | loss=0.3237 | acc=0.969
[F0] [E01] batch 1080 | loss=0.4271 | acc=0.875
[F0] [E01] batch 1100 | loss=0.3520 | acc=0.938
[F0] [E01] batch 1120 | loss=0.4659 | acc=0.906
[F0] [E01] batch 1140 | loss=0.3671 | acc=0.938
[F0] [E01] batch 1160 | loss=0.3346 | acc=0.969
[F0] [E01] batch 1180 | loss=0.4194 | acc=0.938
[F0] [E01] batch 1200 | loss=0.3204 | acc=0.922
[F0] [E01] batch 1220 | loss=0.4543 | acc=0.922
[F0] [E01] batch 1240 | loss=0.3780 | acc=0.922
[F0] [E01] batch 1260 | loss=0.4629 | acc=0.891
[F0] [E01] batch 1280 | loss=0.4699 | acc=0.906
[F0] [E01] batch 1300 | loss=0.2766 | acc=0.984
[F0] [E01] batch 1320 | loss=0.3722 | acc=0.938
[F0] [E01] batch 1340 | loss=0.3471 | acc=0.953
[F0] [E01] batch 1360 | loss=0.2795 | acc=0.969
[F0] [E01] batch 1380 | loss=0.3477 | acc=0.938
[F0] [E01] batch 1400 | loss=0.4351 | acc=0.859
[F0] [E01] batch 1420 | loss=0.4084 | acc=0.922
[F0] [E01] batch 1440 | loss=0.3877 | acc=0.922
[F0] [E01] batch 1460 | loss=0.4630 | acc=0.875
[F0] [E01] batch 1480 | loss=0.5278 | acc=0.844
[F0] [E01] batch 1500 | loss=0.3520 | acc=0.938
[F0] [E01] batch 1520 | loss=0.3018 | acc=0.969
[F0] [E01] batch 1540 | loss=0.4586 | acc=0.906
[F0] [E01] batch 1560 | loss=0.3804 | acc=0.938
[F0] [E01] batch 1580 | loss=0.2953 | acc=0.984
[F0] [E01] batch 1600 | loss=0.4775 | acc=0.891
[F0] [E01] batch 1620 | loss=0.5080 | acc=0.906
[F0] [E01] batch 1640 | loss=0.3628 | acc=0.953
[F0] [E01] batch 1660 | loss=0.2869 | acc=0.969
[F0] [E01] batch 1680 | loss=0.3501 | acc=0.953
[F0] [E01] batch 1700 | loss=0.4832 | acc=0.859
[F0] [E01] batch 1720 | loss=0.2932 | acc=0.984
[F0] [E01] batch 1740 | loss=0.2932 | acc=0.953
[F0] [E01] batch 1760 | loss=0.3885 | acc=0.891
[F0] [E01] batch 1780 | loss=0.3210 | acc=0.969
[F0] [E01] batch 1800 | loss=0.3981 | acc=0.906
[F0] [E01] batch 1820 | loss=0.2779 | acc=0.984
[F0] [E01] batch 1840 | loss=0.3891 | acc=0.938
[F0] [E01] batch 1860 | loss=0.3937 | acc=0.938
[F0] [E01] total_loss=728.371 | VAL acc=0.909 | F1=0.690 | kappa=0.785
[SAVE] best fold=0 (by VAL F1) -> /scratch/lustre/home/viju8335/projects/sleep-staging-bsc/models/best_seqtransformer_fold0.pth
[F0] [E02] batch 0000 | loss=0.3966 | acc=0.922
[F0] [E02] batch 0020 | loss=0.3206 | acc=0.984
[F0] [E02] batch 0040 | loss=0.4853 | acc=0.891
[F0] [E02] batch 0060 | loss=0.3290 | acc=0.969
[F0] [E02] batch 0080 | loss=0.2834 | acc=0.984
[F0] [E02] batch 0100 | loss=0.4386 | acc=0.875
[F0] [E02] batch 0120 | loss=0.3120 | acc=0.969
[F0] [E02] batch 0140 | loss=0.3061 | acc=0.969
[F0] [E02] batch 0160 | loss=0.4577 | acc=0.891
[F0] [E02] batch 0180 | loss=0.3691 | acc=0.906
[F0] [E02] batch 0200 | loss=0.3713 | acc=0.938
[F0] [E02] batch 0220 | loss=0.5105 | acc=0.906
[F0] [E02] batch 0240 | loss=0.2836 | acc=0.969
[F0] [E02] batch 0260 | loss=0.4147 | acc=0.922
[F0] [E02] batch 0280 | loss=0.2630 | acc=0.984
[F0] [E02] batch 0300 | loss=0.3344 | acc=0.953
[F0] [E02] batch 0320 | loss=0.3633 | acc=0.938
[F0] [E02] batch 0340 | loss=0.3392 | acc=0.969
[F0] [E02] batch 0360 | loss=0.3587 | acc=0.969
[F0] [E02] batch 0380 | loss=0.3099 | acc=0.969
[F0] [E02] batch 0400 | loss=0.4117 | acc=0.906
[F0] [E02] batch 0420 | loss=0.3042 | acc=0.969
[F0] [E02] batch 0440 | loss=0.3499 | acc=0.906
[F0] [E02] batch 0460 | loss=0.3649 | acc=0.922
[F0] [E02] batch 0480 | loss=0.3109 | acc=0.953
[F0] [E02] batch 0500 | loss=0.3569 | acc=0.938
[F0] [E02] batch 0520 | loss=0.4216 | acc=0.922
[F0] [E02] batch 0540 | loss=0.4609 | acc=0.859
[F0] [E02] batch 0560 | loss=0.5117 | acc=0.875
[F0] [E02] batch 0580 | loss=0.3405 | acc=0.906
[F0] [E02] batch 0600 | loss=0.3792 | acc=0.906
[F0] [E02] batch 0620 | loss=0.3394 | acc=0.969
[F0] [E02] batch 0640 | loss=0.3426 | acc=0.953
[F0] [E02] batch 0660 | loss=0.3731 | acc=0.922
[F0] [E02] batch 0680 | loss=0.3569 | acc=0.906
[F0] [E02] batch 0700 | loss=0.3590 | acc=0.953
[F0] [E02] batch 0720 | loss=0.3158 | acc=0.953
[F0] [E02] batch 0740 | loss=0.3767 | acc=0.953
[F0] [E02] batch 0760 | loss=0.2974 | acc=0.969
[F0] [E02] batch 0780 | loss=0.3344 | acc=0.953
[F0] [E02] batch 0800 | loss=0.3350 | acc=0.938
[F0] [E02] batch 0820 | loss=0.4552 | acc=0.922
[F0] [E02] batch 0840 | loss=0.3117 | acc=0.953
[F0] [E02] batch 0860 | loss=0.3132 | acc=0.953
[F0] [E02] batch 0880 | loss=0.3191 | acc=0.938
[F0] [E02] batch 0900 | loss=0.3613 | acc=0.938
[F0] [E02] batch 0920 | loss=0.3985 | acc=0.906
[F0] [E02] batch 0940 | loss=0.4202 | acc=0.906
[F0] [E02] batch 0960 | loss=0.3427 | acc=0.953
[F0] [E02] batch 0980 | loss=0.3106 | acc=0.953
[F0] [E02] batch 1000 | loss=0.3344 | acc=0.938
[F0] [E02] batch 1020 | loss=0.3055 | acc=0.969
[F0] [E02] batch 1040 | loss=0.2939 | acc=0.969
[F0] [E02] batch 1060 | loss=0.4025 | acc=0.922
[F0] [E02] batch 1080 | loss=0.4248 | acc=0.906
[F0] [E02] batch 1100 | loss=0.4413 | acc=0.891
[F0] [E02] batch 1120 | loss=0.3557 | acc=0.938
[F0] [E02] batch 1140 | loss=0.3322 | acc=0.969
[F0] [E02] batch 1160 | loss=0.4232 | acc=0.906
[F0] [E02] batch 1180 | loss=0.3271 | acc=0.953
[F0] [E02] batch 1200 | loss=0.2631 | acc=1.000
[F0] [E02] batch 1220 | loss=0.3698 | acc=0.906
[F0] [E02] batch 1240 | loss=0.3053 | acc=0.984
[F0] [E02] batch 1260 | loss=0.3205 | acc=0.953
[F0] [E02] batch 1280 | loss=0.3855 | acc=0.922
[F0] [E02] batch 1300 | loss=0.3871 | acc=0.953
[F0] [E02] batch 1320 | loss=0.3447 | acc=0.922
[F0] [E02] batch 1340 | loss=0.3798 | acc=0.938
[F0] [E02] batch 1360 | loss=0.3589 | acc=0.938
[F0] [E02] batch 1380 | loss=0.2511 | acc=1.000
[F0] [E02] batch 1400 | loss=0.3972 | acc=0.891
[F0] [E02] batch 1420 | loss=0.3260 | acc=0.969
[F0] [E02] batch 1440 | loss=0.3683 | acc=0.938
[F0] [E02] batch 1460 | loss=0.3374 | acc=0.922
[F0] [E02] batch 1480 | loss=0.3089 | acc=0.984
[F0] [E02] batch 1500 | loss=0.3882 | acc=0.953
[F0] [E02] batch 1520 | loss=0.3888 | acc=0.922
[F0] [E02] batch 1540 | loss=0.2960 | acc=0.969
[F0] [E02] batch 1560 | loss=0.3304 | acc=0.969
[F0] [E02] batch 1580 | loss=0.4277 | acc=0.906
[F0] [E02] batch 1600 | loss=0.3104 | acc=0.984
[F0] [E02] batch 1620 | loss=0.3665 | acc=0.938
[F0] [E02] batch 1640 | loss=0.4897 | acc=0.891
[F0] [E02] batch 1660 | loss=0.3180 | acc=0.938
[F0] [E02] batch 1680 | loss=0.3385 | acc=0.922
[F0] [E02] batch 1700 | loss=0.3940 | acc=0.906
[F0] [E02] batch 1720 | loss=0.3313 | acc=0.922
[F0] [E02] batch 1740 | loss=0.3709 | acc=0.938
[F0] [E02] batch 1760 | loss=0.3907 | acc=0.906
[F0] [E02] batch 1780 | loss=0.4050 | acc=0.938
[F0] [E02] batch 1800 | loss=0.3466 | acc=0.953
[F0] [E02] batch 1820 | loss=0.2949 | acc=0.984
[F0] [E02] batch 1840 | loss=0.4116 | acc=0.922
[F0] [E02] batch 1860 | loss=0.4013 | acc=0.953
[F0] [E02] total_loss=663.021 | VAL acc=0.961 | F1=0.835 | kappa=0.907
[SAVE] best fold=0 (by VAL F1) -> /scratch/lustre/home/viju8335/projects/sleep-staging-bsc/models/best_seqtransformer_fold0.pth
[F0] [E03] batch 0000 | loss=0.3053 | acc=0.984
[F0] [E03] batch 0020 | loss=0.3776 | acc=0.906
[F0] [E03] batch 0040 | loss=0.3294 | acc=0.938
[F0] [E03] batch 0060 | loss=0.3137 | acc=0.953
[F0] [E03] batch 0080 | loss=0.2749 | acc=0.984
[F0] [E03] batch 0100 | loss=0.3163 | acc=0.953
[F0] [E03] batch 0120 | loss=0.2750 | acc=0.969
[F0] [E03] batch 0140 | loss=0.3194 | acc=0.953
[F0] [E03] batch 0160 | loss=0.4189 | acc=0.906
[F0] [E03] batch 0180 | loss=0.2715 | acc=1.000
[F0] [E03] batch 0200 | loss=0.3280 | acc=0.953
[F0] [E03] batch 0220 | loss=0.5279 | acc=0.891
[F0] [E03] batch 0240 | loss=0.4095 | acc=0.906
[F0] [E03] batch 0260 | loss=0.3471 | acc=0.953
[F0] [E03] batch 0280 | loss=0.4047 | acc=0.906
[F0] [E03] batch 0300 | loss=0.3418 | acc=0.969
[F0] [E03] batch 0320 | loss=0.3527 | acc=0.938
[F0] [E03] batch 0340 | loss=0.3571 | acc=0.922
[F0] [E03] batch 0360 | loss=0.2867 | acc=0.984
[F0] [E03] batch 0380 | loss=0.2316 | acc=1.000
[F0] [E03] batch 0400 | loss=0.3779 | acc=0.938
[F0] [E03] batch 0420 | loss=0.4010 | acc=0.938
[F0] [E03] batch 0440 | loss=0.3336 | acc=0.922
[F0] [E03] batch 0460 | loss=0.2944 | acc=0.969
[F0] [E03] batch 0480 | loss=0.3289 | acc=0.938
[F0] [E03] batch 0500 | loss=0.3878 | acc=0.906
[F0] [E03] batch 0520 | loss=0.4235 | acc=0.906
[F0] [E03] batch 0540 | loss=0.3638 | acc=0.938
[F0] [E03] batch 0560 | loss=0.3870 | acc=0.938
[F0] [E03] batch 0580 | loss=0.4046 | acc=0.906
[F0] [E03] batch 0600 | loss=0.3627 | acc=0.906
[F0] [E03] batch 0620 | loss=0.3139 | acc=0.953
[F0] [E03] batch 0640 | loss=0.3061 | acc=0.969
[F0] [E03] batch 0660 | loss=0.2541 | acc=0.984
[F0] [E03] batch 0680 | loss=0.3995 | acc=0.922
[F0] [E03] batch 0700 | loss=0.2917 | acc=0.969
[F0] [E03] batch 0720 | loss=0.3912 | acc=0.906
[F0] [E03] batch 0740 | loss=0.2633 | acc=1.000
[F0] [E03] batch 0760 | loss=0.4452 | acc=0.922
[F0] [E03] batch 0780 | loss=0.3848 | acc=0.906
[F0] [E03] batch 0800 | loss=0.3049 | acc=0.953
[F0] [E03] batch 0820 | loss=0.3084 | acc=0.969
[F0] [E03] batch 0840 | loss=0.3878 | acc=0.922
[F0] [E03] batch 0860 | loss=0.3424 | acc=0.922
[F0] [E03] batch 0880 | loss=0.3434 | acc=0.969
[F0] [E03] batch 0900 | loss=0.2921 | acc=0.953
[F0] [E03] batch 0920 | loss=0.3847 | acc=0.938
[F0] [E03] batch 0940 | loss=0.3008 | acc=0.984
[F0] [E03] batch 0960 | loss=0.2918 | acc=0.984
[F0] [E03] batch 0980 | loss=0.2972 | acc=0.953
[F0] [E03] batch 1000 | loss=0.3795 | acc=0.953
[F0] [E03] batch 1020 | loss=0.4033 | acc=0.938
[F0] [E03] batch 1040 | loss=0.4137 | acc=0.922
[F0] [E03] batch 1060 | loss=0.2834 | acc=0.953
[F0] [E03] batch 1080 | loss=0.4291 | acc=0.922
[F0] [E03] batch 1100 | loss=0.2763 | acc=1.000
[F0] [E03] batch 1120 | loss=0.3296 | acc=0.953
[F0] [E03] batch 1140 | loss=0.3431 | acc=0.953
[F0] [E03] batch 1160 | loss=0.3110 | acc=0.969
[F0] [E03] batch 1180 | loss=0.3568 | acc=0.969
[F0] [E03] batch 1200 | loss=0.3563 | acc=0.922
[F0] [E03] batch 1220 | loss=0.5337 | acc=0.906
[F0] [E03] batch 1240 | loss=0.3096 | acc=0.938
[F0] [E03] batch 1260 | loss=0.2834 | acc=0.984
[F0] [E03] batch 1280 | loss=0.3820 | acc=0.938
[F0] [E03] batch 1300 | loss=0.5314 | acc=0.859
[F0] [E03] batch 1320 | loss=0.4644 | acc=0.891
[F0] [E03] batch 1340 | loss=0.3379 | acc=0.938
[F0] [E03] batch 1360 | loss=0.4192 | acc=0.906
[F0] [E03] batch 1380 | loss=0.3498 | acc=0.938
[F0] [E03] batch 1400 | loss=0.3234 | acc=0.938
[F0] [E03] batch 1420 | loss=0.3147 | acc=0.953
[F0] [E03] batch 1440 | loss=0.3239 | acc=0.953
[F0] [E03] batch 1460 | loss=0.4630 | acc=0.891
[F0] [E03] batch 1480 | loss=0.2722 | acc=0.969
[F0] [E03] batch 1500 | loss=0.2753 | acc=0.953
[F0] [E03] batch 1520 | loss=0.3616 | acc=0.938
[F0] [E03] batch 1540 | loss=0.3277 | acc=0.922
[F0] [E03] batch 1560 | loss=0.5288 | acc=0.875
[F0] [E03] batch 1580 | loss=0.2941 | acc=0.969
[F0] [E03] batch 1600 | loss=0.3134 | acc=0.969
[F0] [E03] batch 1620 | loss=0.2698 | acc=0.984
[F0] [E03] batch 1640 | loss=0.4097 | acc=0.922
[F0] [E03] batch 1660 | loss=0.3333 | acc=0.953
[F0] [E03] batch 1680 | loss=0.3535 | acc=0.922
[F0] [E03] batch 1700 | loss=0.3226 | acc=0.953
[F0] [E03] batch 1720 | loss=0.3082 | acc=0.953
[F0] [E03] batch 1740 | loss=0.3792 | acc=0.922
[F0] [E03] batch 1760 | loss=0.3291 | acc=0.953
[F0] [E03] batch 1780 | loss=0.3607 | acc=0.938
[F0] [E03] batch 1800 | loss=0.3625 | acc=0.922
[F0] [E03] batch 1820 | loss=0.3447 | acc=0.938
[F0] [E03] batch 1840 | loss=0.3000 | acc=0.953
[F0] [E03] batch 1860 | loss=0.3996 | acc=0.906
[F0] [E03] total_loss=645.370 | VAL acc=0.961 | F1=0.824 | kappa=0.907
[F0] [E04] batch 0000 | loss=0.3522 | acc=0.953
[F0] [E04] batch 0020 | loss=0.4099 | acc=0.922
[F0] [E04] batch 0040 | loss=0.2918 | acc=0.969
[F0] [E04] batch 0060 | loss=0.3095 | acc=0.969
[F0] [E04] batch 0080 | loss=0.3758 | acc=0.938
[F0] [E04] batch 0100 | loss=0.2692 | acc=0.984
[F0] [E04] batch 0120 | loss=0.3379 | acc=0.938
[F0] [E04] batch 0140 | loss=0.4222 | acc=0.938
[F0] [E04] batch 0160 | loss=0.3714 | acc=0.938
[F0] [E04] batch 0180 | loss=0.3366 | acc=0.938
[F0] [E04] batch 0200 | loss=0.3779 | acc=0.938
[F0] [E04] batch 0220 | loss=0.2733 | acc=0.984
[F0] [E04] batch 0240 | loss=0.3470 | acc=0.953
[F0] [E04] batch 0260 | loss=0.3096 | acc=0.969
[F0] [E04] batch 0280 | loss=0.3031 | acc=0.953
[F0] [E04] batch 0300 | loss=0.4003 | acc=0.922
[F0] [E04] batch 0320 | loss=0.2957 | acc=0.969
[F0] [E04] batch 0340 | loss=0.3818 | acc=0.906
[F0] [E04] batch 0360 | loss=0.3011 | acc=0.969
[F0] [E04] batch 0380 | loss=0.3307 | acc=0.953
[F0] [E04] batch 0400 | loss=0.3253 | acc=0.938
[F0] [E04] batch 0420 | loss=0.3015 | acc=0.938
[F0] [E04] batch 0440 | loss=0.3577 | acc=0.938
[F0] [E04] batch 0460 | loss=0.3688 | acc=0.938
[F0] [E04] batch 0480 | loss=0.3779 | acc=0.938
[F0] [E04] batch 0500 | loss=0.4251 | acc=0.922
[F0] [E04] batch 0520 | loss=0.3649 | acc=0.938
[F0] [E04] batch 0540 | loss=0.3407 | acc=0.969
[F0] [E04] batch 0560 | loss=0.3316 | acc=0.938
[F0] [E04] batch 0580 | loss=0.2611 | acc=0.984
[F0] [E04] batch 0600 | loss=0.4209 | acc=0.891
[F0] [E04] batch 0620 | loss=0.3209 | acc=0.969
[F0] [E04] batch 0640 | loss=0.3838 | acc=0.938
[F0] [E04] batch 0660 | loss=0.3100 | acc=0.969
[F0] [E04] batch 0680 | loss=0.5178 | acc=0.875
[F0] [E04] batch 0700 | loss=0.2971 | acc=0.984
[F0] [E04] batch 0720 | loss=0.3060 | acc=0.969
[F0] [E04] batch 0740 | loss=0.3552 | acc=0.938
[F0] [E04] batch 0760 | loss=0.3181 | acc=0.969
[F0] [E04] batch 0780 | loss=0.3805 | acc=0.938
[F0] [E04] batch 0800 | loss=0.3392 | acc=0.969
[F0] [E04] batch 0820 | loss=0.3427 | acc=0.938
[F0] [E04] batch 0840 | loss=0.3775 | acc=0.906
[F0] [E04] batch 0860 | loss=0.4507 | acc=0.875
[F0] [E04] batch 0880 | loss=0.3984 | acc=0.953
[F0] [E04] batch 0900 | loss=0.3620 | acc=0.938
[F0] [E04] batch 0920 | loss=0.3033 | acc=0.969
[F0] [E04] batch 0940 | loss=0.2958 | acc=0.953
[F0] [E04] batch 0960 | loss=0.3401 | acc=0.953
[F0] [E04] batch 0980 | loss=0.3328 | acc=0.953
[F0] [E04] batch 1000 | loss=0.3652 | acc=0.922
[F0] [E04] batch 1020 | loss=0.3768 | acc=0.922
[F0] [E04] batch 1040 | loss=0.2600 | acc=0.984
[F0] [E04] batch 1060 | loss=0.3598 | acc=0.938
[F0] [E04] batch 1080 | loss=0.3561 | acc=0.922
[F0] [E04] batch 1100 | loss=0.3509 | acc=0.953
[F0] [E04] batch 1120 | loss=0.4016 | acc=0.922
[F0] [E04] batch 1140 | loss=0.4087 | acc=0.922
[F0] [E04] batch 1160 | loss=0.3358 | acc=0.953
[F0] [E04] batch 1180 | loss=0.4994 | acc=0.891
[F0] [E04] batch 1200 | loss=0.3890 | acc=0.922
[F0] [E04] batch 1220 | loss=0.4153 | acc=0.906
[F0] [E04] batch 1240 | loss=0.2993 | acc=0.969
[F0] [E04] batch 1260 | loss=0.3175 | acc=0.984
[F0] [E04] batch 1280 | loss=0.3925 | acc=0.906
[F0] [E04] batch 1300 | loss=0.4206 | acc=0.906
[F0] [E04] batch 1320 | loss=0.3584 | acc=0.938
[F0] [E04] batch 1340 | loss=0.4270 | acc=0.875
[F0] [E04] batch 1360 | loss=0.2458 | acc=1.000
[F0] [E04] batch 1380 | loss=0.3211 | acc=0.938
[F0] [E04] batch 1400 | loss=0.2980 | acc=0.969
[F0] [E04] batch 1420 | loss=0.2855 | acc=0.969
[F0] [E04] batch 1440 | loss=0.2717 | acc=1.000
[F0] [E04] batch 1460 | loss=0.2814 | acc=0.969
[F0] [E04] batch 1480 | loss=0.2809 | acc=0.969
[F0] [E04] batch 1500 | loss=0.3244 | acc=0.969
[F0] [E04] batch 1520 | loss=0.2834 | acc=0.984
[F0] [E04] batch 1540 | loss=0.4420 | acc=0.906
[F0] [E04] batch 1560 | loss=0.3719 | acc=0.938
[F0] [E04] batch 1580 | loss=0.3298 | acc=0.969
[F0] [E04] batch 1600 | loss=0.3677 | acc=0.922
[F0] [E04] batch 1620 | loss=0.3333 | acc=0.953
[F0] [E04] batch 1640 | loss=0.3699 | acc=0.938
[F0] [E04] batch 1660 | loss=0.3231 | acc=0.969
[F0] [E04] batch 1680 | loss=0.3489 | acc=0.938
[F0] [E04] batch 1700 | loss=0.2943 | acc=0.984
[F0] [E04] batch 1720 | loss=0.2606 | acc=0.984
[F0] [E04] batch 1740 | loss=0.3414 | acc=0.953
[F0] [E04] batch 1760 | loss=0.2785 | acc=0.969
[F0] [E04] batch 1780 | loss=0.3551 | acc=0.938
[F0] [E04] batch 1800 | loss=0.3392 | acc=0.969
[F0] [E04] batch 1820 | loss=0.2881 | acc=0.953
[F0] [E04] batch 1840 | loss=0.2627 | acc=0.984
[F0] [E04] batch 1860 | loss=0.2961 | acc=0.953
[F0] [E04] total_loss=635.146 | VAL acc=0.952 | F1=0.808 | kappa=0.883
[F0] [E05] batch 0000 | loss=0.3062 | acc=0.953
[F0] [E05] batch 0020 | loss=0.3378 | acc=0.953
[F0] [E05] batch 0040 | loss=0.3316 | acc=0.969
[F0] [E05] batch 0060 | loss=0.2670 | acc=0.984
[F0] [E05] batch 0080 | loss=0.3136 | acc=0.969
[F0] [E05] batch 0100 | loss=0.3681 | acc=0.922
[F0] [E05] batch 0120 | loss=0.3149 | acc=0.969
[F0] [E05] batch 0140 | loss=0.2989 | acc=0.969
[F0] [E05] batch 0160 | loss=0.3343 | acc=0.938
[F0] [E05] batch 0180 | loss=0.3128 | acc=0.953
[F0] [E05] batch 0200 | loss=0.3854 | acc=0.922
[F0] [E05] batch 0220 | loss=0.3537 | acc=0.938
[F0] [E05] batch 0240 | loss=0.2874 | acc=0.984
[F0] [E05] batch 0260 | loss=0.3240 | acc=0.953
[F0] [E05] batch 0280 | loss=0.4514 | acc=0.891
[F0] [E05] batch 0300 | loss=0.3887 | acc=0.938
[F0] [E05] batch 0320 | loss=0.2384 | acc=1.000
[F0] [E05] batch 0340 | loss=0.3178 | acc=0.953
[F0] [E05] batch 0360 | loss=0.3863 | acc=0.906
[F0] [E05] batch 0380 | loss=0.2761 | acc=0.984
[F0] [E05] batch 0400 | loss=0.2734 | acc=1.000
[F0] [E05] batch 0420 | loss=0.3371 | acc=0.953
[F0] [E05] batch 0440 | loss=0.3113 | acc=0.984
[F0] [E05] batch 0460 | loss=0.2708 | acc=0.984
[F0] [E05] batch 0480 | loss=0.3684 | acc=0.938
[F0] [E05] batch 0500 | loss=0.2901 | acc=0.969
[F0] [E05] batch 0520 | loss=0.4229 | acc=0.906
[F0] [E05] batch 0540 | loss=0.3025 | acc=0.969
[F0] [E05] batch 0560 | loss=0.3336 | acc=0.969
[F0] [E05] batch 0580 | loss=0.2430 | acc=1.000
[F0] [E05] batch 0600 | loss=0.3039 | acc=0.969
[F0] [E05] batch 0620 | loss=0.3809 | acc=0.938
[F0] [E05] batch 0640 | loss=0.5205 | acc=0.875
[F0] [E05] batch 0660 | loss=0.3946 | acc=0.938
[F0] [E05] batch 0680 | loss=0.2677 | acc=0.984
[F0] [E05] batch 0700 | loss=0.2611 | acc=0.984
[F0] [E05] batch 0720 | loss=0.3442 | acc=0.953
[F0] [E05] batch 0740 | loss=0.3827 | acc=0.906
[F0] [E05] batch 0760 | loss=0.3379 | acc=0.938
[F0] [E05] batch 0780 | loss=0.3241 | acc=0.938
[F0] [E05] batch 0800 | loss=0.2457 | acc=1.000
[F0] [E05] batch 0820 | loss=0.3170 | acc=0.984
[F0] [E05] batch 0840 | loss=0.3378 | acc=0.922
[F0] [E05] batch 0860 | loss=0.3259 | acc=0.953
[F0] [E05] batch 0880 | loss=0.3435 | acc=0.938
[F0] [E05] batch 0900 | loss=0.3794 | acc=0.906
[F0] [E05] batch 0920 | loss=0.3414 | acc=0.938
[F0] [E05] batch 0940 | loss=0.3087 | acc=0.969
[F0] [E05] batch 0960 | loss=0.2665 | acc=0.984
[F0] [E05] batch 0980 | loss=0.4484 | acc=0.938
[F0] [E05] batch 1000 | loss=0.3008 | acc=0.984
[F0] [E05] batch 1020 | loss=0.3638 | acc=0.922
[F0] [E05] batch 1040 | loss=0.3718 | acc=0.938
[F0] [E05] batch 1060 | loss=0.3133 | acc=0.953
[F0] [E05] batch 1080 | loss=0.3382 | acc=0.953
[F0] [E05] batch 1100 | loss=0.2920 | acc=0.953
[F0] [E05] batch 1120 | loss=0.3016 | acc=0.969
[F0] [E05] batch 1140 | loss=0.3114 | acc=0.969
[F0] [E05] batch 1160 | loss=0.3432 | acc=0.938
[F0] [E05] batch 1180 | loss=0.3972 | acc=0.938
[F0] [E05] batch 1200 | loss=0.3386 | acc=0.938
[F0] [E05] batch 1220 | loss=0.3848 | acc=0.906
[F0] [E05] batch 1240 | loss=0.3513 | acc=0.906
[F0] [E05] batch 1260 | loss=0.3803 | acc=0.922
[F0] [E05] batch 1280 | loss=0.2950 | acc=0.969
[F0] [E05] batch 1300 | loss=0.4637 | acc=0.906
[F0] [E05] batch 1320 | loss=0.3295 | acc=0.938
[F0] [E05] batch 1340 | loss=0.3700 | acc=0.953
[F0] [E05] batch 1360 | loss=0.2640 | acc=1.000
[F0] [E05] batch 1380 | loss=0.2853 | acc=0.969
[F0] [E05] batch 1400 | loss=0.3769 | acc=0.938
[F0] [E05] batch 1420 | loss=0.3130 | acc=0.953
[F0] [E05] batch 1440 | loss=0.3162 | acc=0.984
[F0] [E05] batch 1460 | loss=0.3216 | acc=0.953
[F0] [E05] batch 1480 | loss=0.3037 | acc=0.969
[F0] [E05] batch 1500 | loss=0.2964 | acc=0.969
[F0] [E05] batch 1520 | loss=0.3689 | acc=0.953
[F0] [E05] batch 1540 | loss=0.3004 | acc=0.953
[F0] [E05] batch 1560 | loss=0.4045 | acc=0.891
[F0] [E05] batch 1580 | loss=0.2944 | acc=0.969
[F0] [E05] batch 1600 | loss=0.2712 | acc=0.984
[F0] [E05] batch 1620 | loss=0.3094 | acc=0.984
[F0] [E05] batch 1640 | loss=0.2968 | acc=0.953
[F0] [E05] batch 1660 | loss=0.2467 | acc=1.000
[F0] [E05] batch 1680 | loss=0.3124 | acc=0.984
[F0] [E05] batch 1700 | loss=0.2893 | acc=0.953
[F0] [E05] batch 1720 | loss=0.4384 | acc=0.859
[F0] [E05] batch 1740 | loss=0.4239 | acc=0.891
[F0] [E05] batch 1760 | loss=0.2497 | acc=1.000
[F0] [E05] batch 1780 | loss=0.3708 | acc=0.922
[F0] [E05] batch 1800 | loss=0.3336 | acc=0.953
[F0] [E05] batch 1820 | loss=0.3137 | acc=0.938
[F0] [E05] batch 1840 | loss=0.3617 | acc=0.938
[F0] [E05] batch 1860 | loss=0.3072 | acc=0.953
[F0] [E05] total_loss=624.243 | VAL acc=0.962 | F1=0.828 | kappa=0.908
[F0] [E06] batch 0000 | loss=0.3924 | acc=0.938
[F0] [E06] batch 0020 | loss=0.2790 | acc=0.969
[F0] [E06] batch 0040 | loss=0.2803 | acc=0.969
[F0] [E06] batch 0060 | loss=0.4343 | acc=0.906
[F0] [E06] batch 0080 | loss=0.3277 | acc=0.953
[F0] [E06] batch 0100 | loss=0.3197 | acc=0.938
[F0] [E06] batch 0120 | loss=0.3119 | acc=0.984
[F0] [E06] batch 0140 | loss=0.2769 | acc=0.984
[F0] [E06] batch 0160 | loss=0.2882 | acc=0.969
[F0] [E06] batch 0180 | loss=0.4149 | acc=0.922
[F0] [E06] batch 0200 | loss=0.3313 | acc=0.969
[F0] [E06] batch 0220 | loss=0.3302 | acc=0.922
[F0] [E06] batch 0240 | loss=0.3827 | acc=0.922
[F0] [E06] batch 0260 | loss=0.3276 | acc=0.953
[F0] [E06] batch 0280 | loss=0.3204 | acc=0.953
[F0] [E06] batch 0300 | loss=0.3394 | acc=0.938
[F0] [E06] batch 0320 | loss=0.2813 | acc=0.984
[F0] [E06] batch 0340 | loss=0.3301 | acc=0.953
[F0] [E06] batch 0360 | loss=0.2708 | acc=0.969
[F0] [E06] batch 0380 | loss=0.3498 | acc=0.953
[F0] [E06] batch 0400 | loss=0.4774 | acc=0.891
[F0] [E06] batch 0420 | loss=0.2857 | acc=0.984
[F0] [E06] batch 0440 | loss=0.3401 | acc=0.938
[F0] [E06] batch 0460 | loss=0.3224 | acc=0.969
[F0] [E06] batch 0480 | loss=0.3252 | acc=0.953
[F0] [E06] batch 0500 | loss=0.4348 | acc=0.906
[F0] [E06] batch 0520 | loss=0.3314 | acc=0.938
[F0] [E06] batch 0540 | loss=0.2643 | acc=0.984
[F0] [E06] batch 0560 | loss=0.2575 | acc=0.984
[F0] [E06] batch 0580 | loss=0.4037 | acc=0.906
[F0] [E06] batch 0600 | loss=0.3069 | acc=0.969
[F0] [E06] batch 0620 | loss=0.3752 | acc=0.922
[F0] [E06] batch 0640 | loss=0.4006 | acc=0.922
[F0] [E06] batch 0660 | loss=0.3569 | acc=0.953
[F0] [E06] batch 0680 | loss=0.2692 | acc=0.969
[F0] [E06] batch 0700 | loss=0.4070 | acc=0.922
[F0] [E06] batch 0720 | loss=0.3460 | acc=0.938
[F0] [E06] batch 0740 | loss=0.2683 | acc=1.000
[F0] [E06] batch 0760 | loss=0.3108 | acc=0.953
[F0] [E06] batch 0780 | loss=0.2703 | acc=0.984
[F0] [E06] batch 0800 | loss=0.3049 | acc=0.953
[F0] [E06] batch 0820 | loss=0.3440 | acc=0.953
[F0] [E06] batch 0840 | loss=0.3981 | acc=0.953
[F0] [E06] batch 0860 | loss=0.2968 | acc=0.969
[F0] [E06] batch 0880 | loss=0.3481 | acc=0.938
[F0] [E06] batch 0900 | loss=0.2930 | acc=0.969
[F0] [E06] batch 0920 | loss=0.3123 | acc=0.938
[F0] [E06] batch 0940 | loss=0.4322 | acc=0.906
[F0] [E06] batch 0960 | loss=0.4661 | acc=0.906
[F0] [E06] batch 0980 | loss=0.2837 | acc=0.984
[F0] [E06] batch 1000 | loss=0.2735 | acc=0.969
[F0] [E06] batch 1020 | loss=0.3787 | acc=0.906
[F0] [E06] batch 1040 | loss=0.2794 | acc=0.969
[F0] [E06] batch 1060 | loss=0.3598 | acc=0.938
[F0] [E06] batch 1080 | loss=0.4153 | acc=0.922
[F0] [E06] batch 1100 | loss=0.3097 | acc=0.969
[F0] [E06] batch 1120 | loss=0.3088 | acc=0.984
[F0] [E06] batch 1140 | loss=0.3076 | acc=0.969
[F0] [E06] batch 1160 | loss=0.2904 | acc=0.984
[F0] [E06] batch 1180 | loss=0.4722 | acc=0.906
[F0] [E06] batch 1200 | loss=0.3559 | acc=0.938
[F0] [E06] batch 1220 | loss=0.2800 | acc=0.984
[F0] [E06] batch 1240 | loss=0.3516 | acc=0.906
[F0] [E06] batch 1260 | loss=0.3410 | acc=0.953
[F0] [E06] batch 1280 | loss=0.2731 | acc=0.984
[F0] [E06] batch 1300 | loss=0.3270 | acc=0.969
[F0] [E06] batch 1320 | loss=0.3502 | acc=0.953
[F0] [E06] batch 1340 | loss=0.3506 | acc=0.938
[F0] [E06] batch 1360 | loss=0.3281 | acc=0.953
[F0] [E06] batch 1380 | loss=0.3924 | acc=0.938
[F0] [E06] batch 1400 | loss=0.3771 | acc=0.938
[F0] [E06] batch 1420 | loss=0.3169 | acc=0.938
[F0] [E06] batch 1440 | loss=0.2935 | acc=0.969
[F0] [E06] batch 1460 | loss=0.2858 | acc=0.969
[F0] [E06] batch 1480 | loss=0.3941 | acc=0.922
[F0] [E06] batch 1500 | loss=0.3054 | acc=0.984
[F0] [E06] batch 1520 | loss=0.3524 | acc=0.938
[F0] [E06] batch 1540 | loss=0.2896 | acc=0.984
[F0] [E06] batch 1560 | loss=0.3349 | acc=0.969
[F0] [E06] batch 1580 | loss=0.4128 | acc=0.906
[F0] [E06] batch 1600 | loss=0.3035 | acc=0.969
[F0] [E06] batch 1620 | loss=0.2756 | acc=0.984
[F0] [E06] batch 1640 | loss=0.2882 | acc=0.969
[F0] [E06] batch 1660 | loss=0.3342 | acc=0.922
[F0] [E06] batch 1680 | loss=0.3302 | acc=0.938
[F0] [E06] batch 1700 | loss=0.3657 | acc=0.938
[F0] [E06] batch 1720 | loss=0.3566 | acc=0.922
[F0] [E06] batch 1740 | loss=0.3331 | acc=0.938
[F0] [E06] batch 1760 | loss=0.2923 | acc=0.938
[F0] [E06] batch 1780 | loss=0.3046 | acc=0.969
[F0] [E06] batch 1800 | loss=0.3746 | acc=0.922
[F0] [E06] batch 1820 | loss=0.3378 | acc=0.922
[F0] [E06] batch 1840 | loss=0.2717 | acc=0.984
[F0] [E06] batch 1860 | loss=0.3230 | acc=0.969
[F0] [E06] total_loss=618.110 | VAL acc=0.966 | F1=0.869 | kappa=0.917
[SAVE] best fold=0 (by VAL F1) -> /scratch/lustre/home/viju8335/projects/sleep-staging-bsc/models/best_seqtransformer_fold0.pth
[F0] [E07] batch 0000 | loss=0.3537 | acc=0.953
[F0] [E07] batch 0020 | loss=0.3180 | acc=0.969
[F0] [E07] batch 0040 | loss=0.4042 | acc=0.906
[F0] [E07] batch 0060 | loss=0.3889 | acc=0.906
[F0] [E07] batch 0080 | loss=0.3807 | acc=0.906
[F0] [E07] batch 0100 | loss=0.2921 | acc=0.984
[F0] [E07] batch 0120 | loss=0.3373 | acc=0.953
[F0] [E07] batch 0140 | loss=0.3720 | acc=0.922
[F0] [E07] batch 0160 | loss=0.3294 | acc=0.922
[F0] [E07] batch 0180 | loss=0.3317 | acc=0.938
[F0] [E07] batch 0200 | loss=0.3159 | acc=0.953
[F0] [E07] batch 0220 | loss=0.3130 | acc=0.969
[F0] [E07] batch 0240 | loss=0.3359 | acc=0.969
[F0] [E07] batch 0260 | loss=0.3203 | acc=0.938
[F0] [E07] batch 0280 | loss=0.2931 | acc=0.969
[F0] [E07] batch 0300 | loss=0.3338 | acc=0.938
[F0] [E07] batch 0320 | loss=0.2655 | acc=0.984
[F0] [E07] batch 0340 | loss=0.3062 | acc=0.953
[F0] [E07] batch 0360 | loss=0.3913 | acc=0.891
[F0] [E07] batch 0380 | loss=0.3118 | acc=0.969
[F0] [E07] batch 0400 | loss=0.4457 | acc=0.906
[F0] [E07] batch 0420 | loss=0.3580 | acc=0.938
[F0] [E07] batch 0440 | loss=0.3491 | acc=0.938
[F0] [E07] batch 0460 | loss=0.3421 | acc=0.938
[F0] [E07] batch 0480 | loss=0.3542 | acc=0.938
[F0] [E07] batch 0500 | loss=0.2730 | acc=0.984
[F0] [E07] batch 0520 | loss=0.2826 | acc=0.969
[F0] [E07] batch 0540 | loss=0.2797 | acc=0.953
[F0] [E07] batch 0560 | loss=0.3644 | acc=0.953
[F0] [E07] batch 0580 | loss=0.2983 | acc=0.953
[F0] [E07] batch 0600 | loss=0.3324 | acc=0.938
[F0] [E07] batch 0620 | loss=0.2581 | acc=0.984
[F0] [E07] batch 0640 | loss=0.2835 | acc=0.953
[F0] [E07] batch 0660 | loss=0.3872 | acc=0.922
[F0] [E07] batch 0680 | loss=0.2995 | acc=0.969
[F0] [E07] batch 0700 | loss=0.2980 | acc=0.953
[F0] [E07] batch 0720 | loss=0.3993 | acc=0.922
[F0] [E07] batch 0740 | loss=0.2947 | acc=0.969
[F0] [E07] batch 0760 | loss=0.4022 | acc=0.922
[F0] [E07] batch 0780 | loss=0.4342 | acc=0.891
[F0] [E07] batch 0800 | loss=0.2984 | acc=0.953
[F0] [E07] batch 0820 | loss=0.2693 | acc=0.984
[F0] [E07] batch 0840 | loss=0.3204 | acc=0.969
[F0] [E07] batch 0860 | loss=0.2794 | acc=0.984
[F0] [E07] batch 0880 | loss=0.2985 | acc=0.969
[F0] [E07] batch 0900 | loss=0.3115 | acc=0.953
[F0] [E07] batch 0920 | loss=0.2886 | acc=0.984
[F0] [E07] batch 0940 | loss=0.4007 | acc=0.922
[F0] [E07] batch 0960 | loss=0.3372 | acc=0.953
[F0] [E07] batch 0980 | loss=0.2904 | acc=0.969
[F0] [E07] batch 1000 | loss=0.4177 | acc=0.938
[F0] [E07] batch 1020 | loss=0.3018 | acc=0.953
[F0] [E07] batch 1040 | loss=0.2886 | acc=0.953
[F0] [E07] batch 1060 | loss=0.2570 | acc=0.984
[F0] [E07] batch 1080 | loss=0.3300 | acc=0.969
[F0] [E07] batch 1100 | loss=0.3248 | acc=0.938
[F0] [E07] batch 1120 | loss=0.3494 | acc=0.906
[F0] [E07] batch 1140 | loss=0.3102 | acc=0.938
[F0] [E07] batch 1160 | loss=0.3368 | acc=0.938
[F0] [E07] batch 1180 | loss=0.2703 | acc=0.969
[F0] [E07] batch 1200 | loss=0.3678 | acc=0.922
[F0] [E07] batch 1220 | loss=0.3301 | acc=0.953
[F0] [E07] batch 1240 | loss=0.3500 | acc=0.938
[F0] [E07] batch 1260 | loss=0.3391 | acc=0.953
[F0] [E07] batch 1280 | loss=0.3293 | acc=0.953
[F0] [E07] batch 1300 | loss=0.3002 | acc=0.969
[F0] [E07] batch 1320 | loss=0.3771 | acc=0.953
[F0] [E07] batch 1340 | loss=0.2739 | acc=0.984
[F0] [E07] batch 1360 | loss=0.2628 | acc=0.984
[F0] [E07] batch 1380 | loss=0.3536 | acc=0.906
[F0] [E07] batch 1400 | loss=0.3064 | acc=0.969
[F0] [E07] batch 1420 | loss=0.3547 | acc=0.922
[F0] [E07] batch 1440 | loss=0.2561 | acc=0.984
[F0] [E07] batch 1460 | loss=0.2887 | acc=0.953
[F0] [E07] batch 1480 | loss=0.4318 | acc=0.938
[F0] [E07] batch 1500 | loss=0.3550 | acc=0.922
[F0] [E07] batch 1520 | loss=0.3704 | acc=0.922
[F0] [E07] batch 1540 | loss=0.2896 | acc=0.984
[F0] [E07] batch 1560 | loss=0.3280 | acc=0.953
[F0] [E07] batch 1580 | loss=0.3795 | acc=0.938
[F0] [E07] batch 1600 | loss=0.3459 | acc=0.922
[F0] [E07] batch 1620 | loss=0.3357 | acc=0.922
[F0] [E07] batch 1640 | loss=0.4345 | acc=0.875
[F0] [E07] batch 1660 | loss=0.2893 | acc=0.953
[F0] [E07] batch 1680 | loss=0.3709 | acc=0.938
[F0] [E07] batch 1700 | loss=0.2901 | acc=0.969
[F0] [E07] batch 1720 | loss=0.3701 | acc=0.922
[F0] [E07] batch 1740 | loss=0.2884 | acc=0.984
[F0] [E07] batch 1760 | loss=0.2934 | acc=0.969
[F0] [E07] batch 1780 | loss=0.3718 | acc=0.922
[F0] [E07] batch 1800 | loss=0.3742 | acc=0.922
[F0] [E07] batch 1820 | loss=0.2533 | acc=0.984
[F0] [E07] batch 1840 | loss=0.3566 | acc=0.938
[F0] [E07] batch 1860 | loss=0.3641 | acc=0.922
[F0] [E07] total_loss=613.590 | VAL acc=0.963 | F1=0.834 | kappa=0.911
[F0] [E08] batch 0000 | loss=0.3081 | acc=0.984
[F0] [E08] batch 0020 | loss=0.2769 | acc=0.984
[F0] [E08] batch 0040 | loss=0.3733 | acc=0.922
[F0] [E08] batch 0060 | loss=0.4295 | acc=0.891
[F0] [E08] batch 0080 | loss=0.3549 | acc=0.969
[F0] [E08] batch 0100 | loss=0.2933 | acc=0.984
[F0] [E08] batch 0120 | loss=0.3199 | acc=0.969
[F0] [E08] batch 0140 | loss=0.2825 | acc=0.969
[F0] [E08] batch 0160 | loss=0.3129 | acc=0.969
[F0] [E08] batch 0180 | loss=0.2866 | acc=0.984
[F0] [E08] batch 0200 | loss=0.2706 | acc=0.984
[F0] [E08] batch 0220 | loss=0.2718 | acc=0.984
[F0] [E08] batch 0240 | loss=0.3447 | acc=0.938
[F0] [E08] batch 0260 | loss=0.3494 | acc=0.938
[F0] [E08] batch 0280 | loss=0.3002 | acc=0.969
[F0] [E08] batch 0300 | loss=0.3579 | acc=0.953
[F0] [E08] batch 0320 | loss=0.4095 | acc=0.906
[F0] [E08] batch 0340 | loss=0.3636 | acc=0.922
[F0] [E08] batch 0360 | loss=0.3777 | acc=0.906
[F0] [E08] batch 0380 | loss=0.3326 | acc=0.953
[F0] [E08] batch 0400 | loss=0.2665 | acc=1.000
[F0] [E08] batch 0420 | loss=0.3025 | acc=0.953
[F0] [E08] batch 0440 | loss=0.3816 | acc=0.938
[F0] [E08] batch 0460 | loss=0.3554 | acc=0.922
[F0] [E08] batch 0480 | loss=0.3543 | acc=0.938
[F0] [E08] batch 0500 | loss=0.2727 | acc=0.984
[F0] [E08] batch 0520 | loss=0.3680 | acc=0.922
[F0] [E08] batch 0540 | loss=0.2964 | acc=0.969
[F0] [E08] batch 0560 | loss=0.4177 | acc=0.906
[F0] [E08] batch 0580 | loss=0.4201 | acc=0.891
[F0] [E08] batch 0600 | loss=0.3135 | acc=0.969
[F0] [E08] batch 0620 | loss=0.2747 | acc=0.969
[F0] [E08] batch 0640 | loss=0.3477 | acc=0.953
[F0] [E08] batch 0660 | loss=0.3581 | acc=0.922
[F0] [E08] batch 0680 | loss=0.3077 | acc=0.969
[F0] [E08] batch 0700 | loss=0.4041 | acc=0.922
[F0] [E08] batch 0720 | loss=0.4330 | acc=0.891
[F0] [E08] batch 0740 | loss=0.3269 | acc=0.969
[F0] [E08] batch 0760 | loss=0.2752 | acc=0.969
[F0] [E08] batch 0780 | loss=0.2693 | acc=0.984
[F0] [E08] batch 0800 | loss=0.2588 | acc=0.984
[F0] [E08] batch 0820 | loss=0.2831 | acc=0.984
[F0] [E08] batch 0840 | loss=0.2886 | acc=0.984
[F0] [E08] batch 0860 | loss=0.2603 | acc=0.984
[F0] [E08] batch 0880 | loss=0.4191 | acc=0.922
[F0] [E08] batch 0900 | loss=0.3276 | acc=0.969
[F0] [E08] batch 0920 | loss=0.2960 | acc=0.969
[F0] [E08] batch 0940 | loss=0.3315 | acc=0.953
[F0] [E08] batch 0960 | loss=0.3438 | acc=0.938
[F0] [E08] batch 0980 | loss=0.3110 | acc=0.953
[F0] [E08] batch 1000 | loss=0.3877 | acc=0.891
[F0] [E08] batch 1020 | loss=0.3822 | acc=0.938
[F0] [E08] batch 1040 | loss=0.3324 | acc=0.969
[F0] [E08] batch 1060 | loss=0.3619 | acc=0.922
[F0] [E08] batch 1080 | loss=0.3165 | acc=0.938
[F0] [E08] batch 1100 | loss=0.3117 | acc=0.938
[F0] [E08] batch 1120 | loss=0.2999 | acc=0.984
[F0] [E08] batch 1140 | loss=0.3166 | acc=0.969
[F0] [E08] batch 1160 | loss=0.2915 | acc=0.984
[F0] [E08] batch 1180 | loss=0.3810 | acc=0.891
[F0] [E08] batch 1200 | loss=0.2965 | acc=0.969
[F0] [E08] batch 1220 | loss=0.3487 | acc=0.969
[F0] [E08] batch 1240 | loss=0.3356 | acc=0.938
[F0] [E08] batch 1260 | loss=0.2831 | acc=0.984
[F0] [E08] batch 1280 | loss=0.2978 | acc=0.953
[F0] [E08] batch 1300 | loss=0.2513 | acc=1.000
[F0] [E08] batch 1320 | loss=0.2488 | acc=1.000
[F0] [E08] batch 1340 | loss=0.3362 | acc=0.922
[F0] [E08] batch 1360 | loss=0.2693 | acc=0.984
[F0] [E08] batch 1380 | loss=0.4078 | acc=0.938
[F0] [E08] batch 1400 | loss=0.3535 | acc=0.938
[F0] [E08] batch 1420 | loss=0.4096 | acc=0.906
[F0] [E08] batch 1440 | loss=0.3651 | acc=0.906
[F0] [E08] batch 1460 | loss=0.2855 | acc=0.969
[F0] [E08] batch 1480 | loss=0.3034 | acc=0.984
[F0] [E08] batch 1500 | loss=0.3914 | acc=0.922
[F0] [E08] batch 1520 | loss=0.3753 | acc=0.953
[F0] [E08] batch 1540 | loss=0.2535 | acc=1.000
[F0] [E08] batch 1560 | loss=0.3082 | acc=0.953
[F0] [E08] batch 1580 | loss=0.3917 | acc=0.906
[F0] [E08] batch 1600 | loss=0.3251 | acc=0.953
[F0] [E08] batch 1620 | loss=0.3335 | acc=0.969
[F0] [E08] batch 1640 | loss=0.2434 | acc=1.000
[F0] [E08] batch 1660 | loss=0.3407 | acc=0.938
[F0] [E08] batch 1680 | loss=0.3450 | acc=0.953
[F0] [E08] batch 1700 | loss=0.2811 | acc=0.969
[F0] [E08] batch 1720 | loss=0.3225 | acc=0.953
[F0] [E08] batch 1740 | loss=0.3227 | acc=0.938
[F0] [E08] batch 1760 | loss=0.3146 | acc=0.953
[F0] [E08] batch 1780 | loss=0.2910 | acc=0.969
[F0] [E08] batch 1800 | loss=0.3910 | acc=0.906
[F0] [E08] batch 1820 | loss=0.2622 | acc=0.969
[F0] [E08] batch 1840 | loss=0.2895 | acc=0.969
[F0] [E08] batch 1860 | loss=0.3155 | acc=0.938
[F0] [E08] total_loss=606.937 | VAL acc=0.959 | F1=0.832 | kappa=0.901
[F0] [E09] batch 0000 | loss=0.3458 | acc=0.938
[F0] [E09] batch 0020 | loss=0.2576 | acc=0.984
[F0] [E09] batch 0040 | loss=0.3799 | acc=0.938
[F0] [E09] batch 0060 | loss=0.3165 | acc=0.969
[F0] [E09] batch 0080 | loss=0.3103 | acc=0.953
[F0] [E09] batch 0100 | loss=0.3042 | acc=0.953
[F0] [E09] batch 0120 | loss=0.2746 | acc=0.984
[F0] [E09] batch 0140 | loss=0.3134 | acc=0.953
[F0] [E09] batch 0160 | loss=0.2820 | acc=0.969
[F0] [E09] batch 0180 | loss=0.3679 | acc=0.906
[F0] [E09] batch 0200 | loss=0.2958 | acc=0.984
[F0] [E09] batch 0220 | loss=0.3777 | acc=0.938
[F0] [E09] batch 0240 | loss=0.3111 | acc=0.969
[F0] [E09] batch 0260 | loss=0.2458 | acc=1.000
[F0] [E09] batch 0280 | loss=0.3034 | acc=0.953
[F0] [E09] batch 0300 | loss=0.3252 | acc=0.969
[F0] [E09] batch 0320 | loss=0.2995 | acc=0.969
[F0] [E09] batch 0340 | loss=0.3384 | acc=0.969
[F0] [E09] batch 0360 | loss=0.3523 | acc=0.938
[F0] [E09] batch 0380 | loss=0.3881 | acc=0.938
[F0] [E09] batch 0400 | loss=0.2521 | acc=0.984
[F0] [E09] batch 0420 | loss=0.2576 | acc=0.984
[F0] [E09] batch 0440 | loss=0.2690 | acc=0.984
[F0] [E09] batch 0460 | loss=0.3372 | acc=0.922
[F0] [E09] batch 0480 | loss=0.2534 | acc=0.984
[F0] [E09] batch 0500 | loss=0.3311 | acc=0.953
[F0] [E09] batch 0520 | loss=0.3033 | acc=0.969
[F0] [E09] batch 0540 | loss=0.2804 | acc=0.969
[F0] [E09] batch 0560 | loss=0.2896 | acc=0.953
[F0] [E09] batch 0580 | loss=0.4455 | acc=0.891
[F0] [E09] batch 0600 | loss=0.3748 | acc=0.938
[F0] [E09] batch 0620 | loss=0.2703 | acc=0.969
[F0] [E09] batch 0640 | loss=0.3647 | acc=0.938
[F0] [E09] batch 0660 | loss=0.2552 | acc=0.984
[F0] [E09] batch 0680 | loss=0.3310 | acc=0.938
[F0] [E09] batch 0700 | loss=0.2773 | acc=0.984
[F0] [E09] batch 0720 | loss=0.3690 | acc=0.922
[F0] [E09] batch 0740 | loss=0.3273 | acc=0.938
[F0] [E09] batch 0760 | loss=0.3671 | acc=0.922
[F0] [E09] batch 0780 | loss=0.4066 | acc=0.938
[F0] [E09] batch 0800 | loss=0.3701 | acc=0.906
[F0] [E09] batch 0820 | loss=0.3172 | acc=0.969
[F0] [E09] batch 0840 | loss=0.3648 | acc=0.922
[F0] [E09] batch 0860 | loss=0.2683 | acc=0.984
[F0] [E09] batch 0880 | loss=0.3166 | acc=0.953
[F0] [E09] batch 0900 | loss=0.3277 | acc=0.938
[F0] [E09] batch 0920 | loss=0.3333 | acc=0.953
[F0] [E09] batch 0940 | loss=0.2581 | acc=1.000
[F0] [E09] batch 0960 | loss=0.2965 | acc=0.984
[F0] [E09] batch 0980 | loss=0.3463 | acc=0.953
[F0] [E09] batch 1000 | loss=0.3896 | acc=0.922
[F0] [E09] batch 1020 | loss=0.3207 | acc=0.953
[F0] [E09] batch 1040 | loss=0.4552 | acc=0.922
[F0] [E09] batch 1060 | loss=0.2590 | acc=0.984
[F0] [E09] batch 1080 | loss=0.3468 | acc=0.969
[F0] [E09] batch 1100 | loss=0.2598 | acc=1.000
[F0] [E09] batch 1120 | loss=0.3949 | acc=0.938
[F0] [E09] batch 1140 | loss=0.2704 | acc=0.984
[F0] [E09] batch 1160 | loss=0.3334 | acc=0.953
[F0] [E09] batch 1180 | loss=0.2708 | acc=0.984
[F0] [E09] batch 1200 | loss=0.3237 | acc=0.953
[F0] [E09] batch 1220 | loss=0.3512 | acc=0.953
[F0] [E09] batch 1240 | loss=0.3002 | acc=0.953
[F0] [E09] batch 1260 | loss=0.2902 | acc=0.969
[F0] [E09] batch 1280 | loss=0.2565 | acc=0.984
[F0] [E09] batch 1300 | loss=0.2672 | acc=1.000
[F0] [E09] batch 1320 | loss=0.2593 | acc=0.984
[F0] [E09] batch 1340 | loss=0.3267 | acc=0.938
[F0] [E09] batch 1360 | loss=0.3330 | acc=0.953
[F0] [E09] batch 1380 | loss=0.3812 | acc=0.938
[F0] [E09] batch 1400 | loss=0.2976 | acc=0.969
[F0] [E09] batch 1420 | loss=0.2725 | acc=0.969
[F0] [E09] batch 1440 | loss=0.3426 | acc=0.953
[F0] [E09] batch 1460 | loss=0.3725 | acc=0.938
[F0] [E09] batch 1480 | loss=0.3709 | acc=0.969
[F0] [E09] batch 1500 | loss=0.3325 | acc=0.953
[F0] [E09] batch 1520 | loss=0.3523 | acc=0.938
[F0] [E09] batch 1540 | loss=0.2479 | acc=1.000
[F0] [E09] batch 1560 | loss=0.3871 | acc=0.891
[F0] [E09] batch 1580 | loss=0.3643 | acc=0.922
[F0] [E09] batch 1600 | loss=0.2639 | acc=1.000
[F0] [E09] batch 1620 | loss=0.2988 | acc=0.969
[F0] [E09] batch 1640 | loss=0.3218 | acc=0.953
[F0] [E09] batch 1660 | loss=0.3665 | acc=0.938
[F0] [E09] batch 1680 | loss=0.3627 | acc=0.938
[F0] [E09] batch 1700 | loss=0.3532 | acc=0.953
[F0] [E09] batch 1720 | loss=0.2981 | acc=0.969
[F0] [E09] batch 1740 | loss=0.3111 | acc=0.953
[F0] [E09] batch 1760 | loss=0.3132 | acc=0.953
[F0] [E09] batch 1780 | loss=0.3548 | acc=0.922
[F0] [E09] batch 1800 | loss=0.2441 | acc=0.984
[F0] [E09] batch 1820 | loss=0.3899 | acc=0.906
[F0] [E09] batch 1840 | loss=0.3229 | acc=0.953
[F0] [E09] batch 1860 | loss=0.2441 | acc=1.000
[F0] [E09] total_loss=601.794 | VAL acc=0.958 | F1=0.842 | kappa=0.900
[F0] [E10] batch 0000 | loss=0.3326 | acc=0.938
[F0] [E10] batch 0020 | loss=0.2689 | acc=0.984
[F0] [E10] batch 0040 | loss=0.2889 | acc=0.984
[F0] [E10] batch 0060 | loss=0.2584 | acc=0.984
[F0] [E10] batch 0080 | loss=0.2848 | acc=0.984
[F0] [E10] batch 0100 | loss=0.3414 | acc=0.938
[F0] [E10] batch 0120 | loss=0.3146 | acc=0.984
[F0] [E10] batch 0140 | loss=0.2987 | acc=0.953
[F0] [E10] batch 0160 | loss=0.2963 | acc=0.953
[F0] [E10] batch 0180 | loss=0.3052 | acc=0.953
[F0] [E10] batch 0200 | loss=0.3529 | acc=0.938
[F0] [E10] batch 0220 | loss=0.3294 | acc=0.953
[F0] [E10] batch 0240 | loss=0.2711 | acc=0.984
[F0] [E10] batch 0260 | loss=0.3172 | acc=0.953
[F0] [E10] batch 0280 | loss=0.2670 | acc=0.984
[F0] [E10] batch 0300 | loss=0.3407 | acc=0.969
[F0] [E10] batch 0320 | loss=0.3799 | acc=0.891
[F0] [E10] batch 0340 | loss=0.3855 | acc=0.938
[F0] [E10] batch 0360 | loss=0.3235 | acc=0.953
[F0] [E10] batch 0380 | loss=0.3165 | acc=0.984
[F0] [E10] batch 0400 | loss=0.3289 | acc=0.953
[F0] [E10] batch 0420 | loss=0.2499 | acc=1.000
[F0] [E10] batch 0440 | loss=0.3425 | acc=0.969
[F0] [E10] batch 0460 | loss=0.4300 | acc=0.938
[F0] [E10] batch 0480 | loss=0.2761 | acc=0.969
[F0] [E10] batch 0500 | loss=0.3603 | acc=0.922
[F0] [E10] batch 0520 | loss=0.3885 | acc=0.922
[F0] [E10] batch 0540 | loss=0.3081 | acc=0.969
[F0] [E10] batch 0560 | loss=0.3562 | acc=0.938
[F0] [E10] batch 0580 | loss=0.3368 | acc=0.953
[F0] [E10] batch 0600 | loss=0.3001 | acc=0.953
[F0] [E10] batch 0620 | loss=0.3634 | acc=0.953
[F0] [E10] batch 0640 | loss=0.3371 | acc=0.969
[F0] [E10] batch 0660 | loss=0.3259 | acc=0.953
[F0] [E10] batch 0680 | loss=0.3071 | acc=0.969
[F0] [E10] batch 0700 | loss=0.3001 | acc=0.969
[F0] [E10] batch 0720 | loss=0.3360 | acc=0.922
[F0] [E10] batch 0740 | loss=0.3316 | acc=0.953
[F0] [E10] batch 0760 | loss=0.2788 | acc=0.969
[F0] [E10] batch 0780 | loss=0.2623 | acc=0.969
[F0] [E10] batch 0800 | loss=0.3320 | acc=0.938
[F0] [E10] batch 0820 | loss=0.3374 | acc=0.953
[F0] [E10] batch 0840 | loss=0.3451 | acc=0.953
[F0] [E10] batch 0860 | loss=0.3230 | acc=0.984
[F0] [E10] batch 0880 | loss=0.2715 | acc=0.984
[F0] [E10] batch 0900 | loss=0.2842 | acc=0.969
[F0] [E10] batch 0920 | loss=0.3701 | acc=0.938
[F0] [E10] batch 0940 | loss=0.3057 | acc=0.953
[F0] [E10] batch 0960 | loss=0.2833 | acc=0.969
[F0] [E10] batch 0980 | loss=0.4047 | acc=0.938
[F0] [E10] batch 1000 | loss=0.2731 | acc=0.984
[F0] [E10] batch 1020 | loss=0.2377 | acc=1.000
[F0] [E10] batch 1040 | loss=0.2793 | acc=0.969
[F0] [E10] batch 1060 | loss=0.2722 | acc=0.969
[F0] [E10] batch 1080 | loss=0.3203 | acc=0.938
[F0] [E10] batch 1100 | loss=0.2915 | acc=0.969
[F0] [E10] batch 1120 | loss=0.3261 | acc=0.984
[F0] [E10] batch 1140 | loss=0.2912 | acc=0.984
[F0] [E10] batch 1160 | loss=0.2876 | acc=0.969
[F0] [E10] batch 1180 | loss=0.2911 | acc=0.953
[F0] [E10] batch 1200 | loss=0.3392 | acc=0.953
[F0] [E10] batch 1220 | loss=0.2833 | acc=0.969
[F0] [E10] batch 1240 | loss=0.3471 | acc=0.906
[F0] [E10] batch 1260 | loss=0.4385 | acc=0.875
[F0] [E10] batch 1280 | loss=0.3327 | acc=0.938
[F0] [E10] batch 1300 | loss=0.3331 | acc=0.969
[F0] [E10] batch 1320 | loss=0.3357 | acc=0.953
[F0] [E10] batch 1340 | loss=0.2473 | acc=0.984
[F0] [E10] batch 1360 | loss=0.3933 | acc=0.906
[F0] [E10] batch 1380 | loss=0.2656 | acc=0.984
[F0] [E10] batch 1400 | loss=0.2652 | acc=0.969
[F0] [E10] batch 1420 | loss=0.2664 | acc=0.984
[F0] [E10] batch 1440 | loss=0.2560 | acc=0.984
[F0] [E10] batch 1460 | loss=0.2996 | acc=0.969
[F0] [E10] batch 1480 | loss=0.3422 | acc=0.938
[F0] [E10] batch 1500 | loss=0.2544 | acc=0.984
[F0] [E10] batch 1520 | loss=0.3474 | acc=0.938
[F0] [E10] batch 1540 | loss=0.2969 | acc=0.984
[F0] [E10] batch 1560 | loss=0.2961 | acc=0.953
[F0] [E10] batch 1580 | loss=0.2780 | acc=0.969
[F0] [E10] batch 1600 | loss=0.3194 | acc=0.953
[F0] [E10] batch 1620 | loss=0.3739 | acc=0.891
[F0] [E10] batch 1640 | loss=0.2668 | acc=0.984
[F0] [E10] batch 1660 | loss=0.3793 | acc=0.938
[F0] [E10] batch 1680 | loss=0.3678 | acc=0.938
[F0] [E10] batch 1700 | loss=0.3435 | acc=0.938
[F0] [E10] batch 1720 | loss=0.3268 | acc=0.938
[F0] [E10] batch 1740 | loss=0.3076 | acc=0.938
[F0] [E10] batch 1760 | loss=0.3377 | acc=0.953
[F0] [E10] batch 1780 | loss=0.3276 | acc=0.953
[F0] [E10] batch 1800 | loss=0.3772 | acc=0.922
[F0] [E10] batch 1820 | loss=0.3221 | acc=0.953
[F0] [E10] batch 1840 | loss=0.3684 | acc=0.906
[F0] [E10] batch 1860 | loss=0.2890 | acc=0.953
[F0] [E10] total_loss=597.251 | VAL acc=0.957 | F1=0.835 | kappa=0.894
[F0] [E11] batch 0000 | loss=0.3119 | acc=0.969
[F0] [E11] batch 0020 | loss=0.3391 | acc=0.906
[F0] [E11] batch 0040 | loss=0.2987 | acc=0.953
[F0] [E11] batch 0060 | loss=0.3763 | acc=0.922
[F0] [E11] batch 0080 | loss=0.3434 | acc=0.938
[F0] [E11] batch 0100 | loss=0.4645 | acc=0.922
[F0] [E11] batch 0120 | loss=0.3223 | acc=0.953
[F0] [E11] batch 0140 | loss=0.3689 | acc=0.953
[F0] [E11] batch 0160 | loss=0.2881 | acc=0.969
[F0] [E11] batch 0180 | loss=0.3232 | acc=0.938
[F0] [E11] batch 0200 | loss=0.2738 | acc=0.984
[F0] [E11] batch 0220 | loss=0.2817 | acc=0.984
[F0] [E11] batch 0240 | loss=0.2936 | acc=0.969
[F0] [E11] batch 0260 | loss=0.3047 | acc=0.969
[F0] [E11] batch 0280 | loss=0.3377 | acc=0.953
[F0] [E11] batch 0300 | loss=0.3387 | acc=0.938
[F0] [E11] batch 0320 | loss=0.2999 | acc=0.938
[F0] [E11] batch 0340 | loss=0.3513 | acc=0.938
[F0] [E11] batch 0360 | loss=0.4010 | acc=0.922
[F0] [E11] batch 0380 | loss=0.2416 | acc=1.000
[F0] [E11] batch 0400 | loss=0.2953 | acc=0.953
[F0] [E11] batch 0420 | loss=0.2901 | acc=0.969
[F0] [E11] batch 0440 | loss=0.3587 | acc=0.953
[F0] [E11] batch 0460 | loss=0.4286 | acc=0.922
[F0] [E11] batch 0480 | loss=0.2940 | acc=0.953
[F0] [E11] batch 0500 | loss=0.2879 | acc=0.984
[F0] [E11] batch 0520 | loss=0.3184 | acc=0.953
[F0] [E11] batch 0540 | loss=0.2729 | acc=0.984
[F0] [E11] batch 0560 | loss=0.2943 | acc=0.969
[F0] [E11] batch 0580 | loss=0.3673 | acc=0.938
[F0] [E11] batch 0600 | loss=0.3017 | acc=0.953
[F0] [E11] batch 0620 | loss=0.2653 | acc=0.984
[F0] [E11] batch 0640 | loss=0.2943 | acc=0.969
[F0] [E11] batch 0660 | loss=0.3341 | acc=0.969
[F0] [E11] batch 0680 | loss=0.2846 | acc=0.969
[F0] [E11] batch 0700 | loss=0.3000 | acc=0.984
[F0] [E11] batch 0720 | loss=0.2884 | acc=0.969
[F0] [E11] batch 0740 | loss=0.3378 | acc=0.938
[F0] [E11] batch 0760 | loss=0.3083 | acc=0.969
[F0] [E11] batch 0780 | loss=0.2687 | acc=0.969
[F0] [E11] batch 0800 | loss=0.3848 | acc=0.922
[F0] [E11] batch 0820 | loss=0.3098 | acc=0.969
[F0] [E11] batch 0840 | loss=0.2832 | acc=0.969
[F0] [E11] batch 0860 | loss=0.2522 | acc=0.984
[F0] [E11] batch 0880 | loss=0.2914 | acc=0.953
[F0] [E11] batch 0900 | loss=0.3073 | acc=0.969
[F0] [E11] batch 0920 | loss=0.3752 | acc=0.953
[F0] [E11] batch 0940 | loss=0.2842 | acc=0.984
[F0] [E11] batch 0960 | loss=0.2771 | acc=0.969
[F0] [E11] batch 0980 | loss=0.3118 | acc=0.969
[F0] [E11] batch 1000 | loss=0.2930 | acc=0.953
[F0] [E11] batch 1020 | loss=0.2876 | acc=0.969
[F0] [E11] batch 1040 | loss=0.3034 | acc=0.953
[F0] [E11] batch 1060 | loss=0.3019 | acc=0.938
[F0] [E11] batch 1080 | loss=0.2866 | acc=0.969
[F0] [E11] batch 1100 | loss=0.3015 | acc=0.953
[F0] [E11] batch 1120 | loss=0.3122 | acc=0.953
[F0] [E11] batch 1140 | loss=0.2699 | acc=0.984
[F0] [E11] batch 1160 | loss=0.3226 | acc=0.953
[F0] [E11] batch 1180 | loss=0.3963 | acc=0.953
[F0] [E11] batch 1200 | loss=0.3446 | acc=0.922
[F0] [E11] batch 1220 | loss=0.2757 | acc=0.984
[F0] [E11] batch 1240 | loss=0.2744 | acc=0.969
[F0] [E11] batch 1260 | loss=0.3164 | acc=0.953
[F0] [E11] batch 1280 | loss=0.3387 | acc=0.938
[F0] [E11] batch 1300 | loss=0.3497 | acc=0.953
[F0] [E11] batch 1320 | loss=0.2598 | acc=0.984
[F0] [E11] batch 1340 | loss=0.3007 | acc=0.984
[F0] [E11] batch 1360 | loss=0.3272 | acc=0.938
[F0] [E11] batch 1380 | loss=0.2682 | acc=0.984
[F0] [E11] batch 1400 | loss=0.2905 | acc=0.969
[F0] [E11] batch 1420 | loss=0.2894 | acc=0.969
[F0] [E11] batch 1440 | loss=0.3501 | acc=0.938
[F0] [E11] batch 1460 | loss=0.2778 | acc=0.969
[F0] [E11] batch 1480 | loss=0.3245 | acc=0.953
[F0] [E11] batch 1500 | loss=0.2463 | acc=1.000
[F0] [E11] batch 1520 | loss=0.2721 | acc=0.969
[F0] [E11] batch 1540 | loss=0.2441 | acc=0.984
[F0] [E11] batch 1560 | loss=0.2604 | acc=1.000
[F0] [E11] batch 1580 | loss=0.3331 | acc=0.953
[F0] [E11] batch 1600 | loss=0.3091 | acc=0.969
[F0] [E11] batch 1620 | loss=0.3150 | acc=0.969
[F0] [E11] batch 1640 | loss=0.2818 | acc=0.938
[F0] [E11] batch 1660 | loss=0.3128 | acc=0.969
[F0] [E11] batch 1680 | loss=0.2747 | acc=0.984
[F0] [E11] batch 1700 | loss=0.3271 | acc=0.953
[F0] [E11] batch 1720 | loss=0.2815 | acc=0.984
[F0] [E11] batch 1740 | loss=0.3020 | acc=0.984
[F0] [E11] batch 1760 | loss=0.4918 | acc=0.891
[F0] [E11] batch 1780 | loss=0.3043 | acc=0.969
[F0] [E11] batch 1800 | loss=0.4113 | acc=0.938
[F0] [E11] batch 1820 | loss=0.2709 | acc=0.969
[F0] [E11] batch 1840 | loss=0.3094 | acc=0.953
[F0] [E11] batch 1860 | loss=0.3135 | acc=0.953
[F0] [E11] total_loss=578.356 | VAL acc=0.965 | F1=0.865 | kappa=0.917
[F0] [E12] batch 0000 | loss=0.3061 | acc=0.969
[F0] [E12] batch 0020 | loss=0.2807 | acc=0.984
[F0] [E12] batch 0040 | loss=0.3598 | acc=0.953
[F0] [E12] batch 0060 | loss=0.3192 | acc=0.969
[F0] [E12] batch 0080 | loss=0.2821 | acc=0.969
[F0] [E12] batch 0100 | loss=0.2618 | acc=0.984
[F0] [E12] batch 0120 | loss=0.2901 | acc=0.969
[F0] [E12] batch 0140 | loss=0.2709 | acc=0.984
[F0] [E12] batch 0160 | loss=0.3428 | acc=0.953
[F0] [E12] batch 0180 | loss=0.2853 | acc=0.984
[F0] [E12] batch 0200 | loss=0.2540 | acc=1.000
[F0] [E12] batch 0220 | loss=0.2873 | acc=0.969
[F0] [E12] batch 0240 | loss=0.3059 | acc=0.969
[F0] [E12] batch 0260 | loss=0.4021 | acc=0.891
[F0] [E12] batch 0280 | loss=0.3291 | acc=0.938
[F0] [E12] batch 0300 | loss=0.3747 | acc=0.938
[F0] [E12] batch 0320 | loss=0.3105 | acc=0.953
[F0] [E12] batch 0340 | loss=0.3403 | acc=0.938
[F0] [E12] batch 0360 | loss=0.2641 | acc=0.984
[F0] [E12] batch 0380 | loss=0.2618 | acc=0.984
[F0] [E12] batch 0400 | loss=0.3112 | acc=0.969
[F0] [E12] batch 0420 | loss=0.2659 | acc=1.000
[F0] [E12] batch 0440 | loss=0.2754 | acc=1.000
[F0] [E12] batch 0460 | loss=0.3123 | acc=0.969
[F0] [E12] batch 0480 | loss=0.2795 | acc=0.969
[F0] [E12] batch 0500 | loss=0.3325 | acc=0.938
[F0] [E12] batch 0520 | loss=0.2546 | acc=1.000
[F0] [E12] batch 0540 | loss=0.2691 | acc=0.984
[F0] [E12] batch 0560 | loss=0.2669 | acc=0.984
[F0] [E12] batch 0580 | loss=0.3474 | acc=0.953
[F0] [E12] batch 0600 | loss=0.3214 | acc=0.938
[F0] [E12] batch 0620 | loss=0.3441 | acc=0.922
[F0] [E12] batch 0640 | loss=0.2920 | acc=0.969
[F0] [E12] batch 0660 | loss=0.3456 | acc=0.953
[F0] [E12] batch 0680 | loss=0.2972 | acc=0.969
[F0] [E12] batch 0700 | loss=0.2361 | acc=1.000
[F0] [E12] batch 0720 | loss=0.2956 | acc=0.953
[F0] [E12] batch 0740 | loss=0.2855 | acc=0.969
[F0] [E12] batch 0760 | loss=0.3001 | acc=0.938
[F0] [E12] batch 0780 | loss=0.3475 | acc=0.906
[F0] [E12] batch 0800 | loss=0.3358 | acc=0.938
[F0] [E12] batch 0820 | loss=0.2750 | acc=1.000
[F0] [E12] batch 0840 | loss=0.3634 | acc=0.938
[F0] [E12] batch 0860 | loss=0.2887 | acc=0.969
[F0] [E12] batch 0880 | loss=0.3108 | acc=0.938
[F0] [E12] batch 0900 | loss=0.3168 | acc=0.953
[F0] [E12] batch 0920 | loss=0.4446 | acc=0.906
[F0] [E12] batch 0940 | loss=0.2680 | acc=0.984
[F0] [E12] batch 0960 | loss=0.3567 | acc=0.969
[F0] [E12] batch 0980 | loss=0.3211 | acc=0.969
[F0] [E12] batch 1000 | loss=0.2959 | acc=0.969
[F0] [E12] batch 1020 | loss=0.2572 | acc=0.984
[F0] [E12] batch 1040 | loss=0.2635 | acc=0.984
[F0] [E12] batch 1060 | loss=0.2944 | acc=0.969
[F0] [E12] batch 1080 | loss=0.3936 | acc=0.906
[F0] [E12] batch 1100 | loss=0.2946 | acc=0.984
[F0] [E12] batch 1120 | loss=0.3071 | acc=0.984
[F0] [E12] batch 1140 | loss=0.2741 | acc=0.969
[F0] [E12] batch 1160 | loss=0.2776 | acc=0.969
[F0] [E12] batch 1180 | loss=0.3329 | acc=0.922
[F0] [E12] batch 1200 | loss=0.2426 | acc=1.000
[F0] [E12] batch 1220 | loss=0.3558 | acc=0.938
[F0] [E12] batch 1240 | loss=0.3067 | acc=0.953
[F0] [E12] batch 1260 | loss=0.2931 | acc=0.953
[F0] [E12] batch 1280 | loss=0.2592 | acc=0.984
[F0] [E12] batch 1300 | loss=0.3055 | acc=0.953
[F0] [E12] batch 1320 | loss=0.3579 | acc=0.938
[F0] [E12] batch 1340 | loss=0.3196 | acc=0.953
[F0] [E12] batch 1360 | loss=0.3106 | acc=0.969
[F0] [E12] batch 1380 | loss=0.3021 | acc=0.969
[F0] [E12] batch 1400 | loss=0.2693 | acc=0.969
[F0] [E12] batch 1420 | loss=0.2571 | acc=0.984
[F0] [E12] batch 1440 | loss=0.3207 | acc=0.969
[F0] [E12] batch 1460 | loss=0.2682 | acc=0.984
[F0] [E12] batch 1480 | loss=0.3728 | acc=0.938
[F0] [E12] batch 1500 | loss=0.3159 | acc=0.969
[F0] [E12] batch 1520 | loss=0.2537 | acc=1.000
[F0] [E12] batch 1540 | loss=0.3287 | acc=0.953
[F0] [E12] batch 1560 | loss=0.3852 | acc=0.922
[F0] [E12] batch 1580 | loss=0.3892 | acc=0.938
[F0] [E12] batch 1600 | loss=0.3142 | acc=0.969
[F0] [E12] batch 1620 | loss=0.2385 | acc=1.000
[F0] [E12] batch 1640 | loss=0.3256 | acc=0.938
[F0] [E12] batch 1660 | loss=0.2619 | acc=0.984
[F0] [E12] batch 1680 | loss=0.2962 | acc=0.969
[F0] [E12] batch 1700 | loss=0.3090 | acc=0.938
[F0] [E12] batch 1720 | loss=0.2539 | acc=0.984
[F0] [E12] batch 1740 | loss=0.2372 | acc=1.000
[F0] [E12] batch 1760 | loss=0.3161 | acc=0.938
[F0] [E12] batch 1780 | loss=0.2806 | acc=0.984
[F0] [E12] batch 1800 | loss=0.2726 | acc=0.969
[F0] [E12] batch 1820 | loss=0.2429 | acc=0.984
[F0] [E12] batch 1840 | loss=0.2779 | acc=0.984
[F0] [E12] batch 1860 | loss=0.2935 | acc=0.969
[F0] [E12] total_loss=573.365 | VAL acc=0.961 | F1=0.842 | kappa=0.905
[F0] [E13] batch 0000 | loss=0.2415 | acc=1.000
[F0] [E13] batch 0020 | loss=0.3168 | acc=0.969
[F0] [E13] batch 0040 | loss=0.2999 | acc=0.969
[F0] [E13] batch 0060 | loss=0.2604 | acc=0.984
[F0] [E13] batch 0080 | loss=0.3002 | acc=0.953
[F0] [E13] batch 0100 | loss=0.3108 | acc=0.953
[F0] [E13] batch 0120 | loss=0.3173 | acc=0.938
[F0] [E13] batch 0140 | loss=0.3046 | acc=0.969
[F0] [E13] batch 0160 | loss=0.3144 | acc=0.938
[F0] [E13] batch 0180 | loss=0.3064 | acc=0.953
[F0] [E13] batch 0200 | loss=0.3047 | acc=0.953
[F0] [E13] batch 0220 | loss=0.2722 | acc=0.969
[F0] [E13] batch 0240 | loss=0.2696 | acc=0.969
[F0] [E13] batch 0260 | loss=0.2905 | acc=0.953
[F0] [E13] batch 0280 | loss=0.3019 | acc=0.953
[F0] [E13] batch 0300 | loss=0.3083 | acc=0.953
[F0] [E13] batch 0320 | loss=0.3439 | acc=0.953
[F0] [E13] batch 0340 | loss=0.2818 | acc=0.969
[F0] [E13] batch 0360 | loss=0.2589 | acc=0.984
[F0] [E13] batch 0380 | loss=0.2922 | acc=0.969
[F0] [E13] batch 0400 | loss=0.3497 | acc=0.953
[F0] [E13] batch 0420 | loss=0.3014 | acc=0.969
[F0] [E13] batch 0440 | loss=0.3505 | acc=0.938
[F0] [E13] batch 0460 | loss=0.3247 | acc=0.938
[F0] [E13] batch 0480 | loss=0.2705 | acc=0.969
[F0] [E13] batch 0500 | loss=0.2847 | acc=0.984
[F0] [E13] batch 0520 | loss=0.2610 | acc=0.984
[F0] [E13] batch 0540 | loss=0.3517 | acc=0.922
[F0] [E13] batch 0560 | loss=0.2905 | acc=0.953
[F0] [E13] batch 0580 | loss=0.3595 | acc=0.922
[F0] [E13] batch 0600 | loss=0.2421 | acc=1.000
[F0] [E13] batch 0620 | loss=0.2511 | acc=0.984
[F0] [E13] batch 0640 | loss=0.4122 | acc=0.906
[F0] [E13] batch 0660 | loss=0.3728 | acc=0.938
[F0] [E13] batch 0680 | loss=0.3388 | acc=0.953
[F0] [E13] batch 0700 | loss=0.3667 | acc=0.922
[F0] [E13] batch 0720 | loss=0.3883 | acc=0.891
[F0] [E13] batch 0740 | loss=0.3275 | acc=0.953
[F0] [E13] batch 0760 | loss=0.4410 | acc=0.906
[F0] [E13] batch 0780 | loss=0.2877 | acc=0.969
[F0] [E13] batch 0800 | loss=0.3250 | acc=0.938
[F0] [E13] batch 0820 | loss=0.3377 | acc=0.938
[F0] [E13] batch 0840 | loss=0.2470 | acc=1.000
[F0] [E13] batch 0860 | loss=0.2489 | acc=0.969
[F0] [E13] batch 0880 | loss=0.2910 | acc=0.969
[F0] [E13] batch 0900 | loss=0.3457 | acc=0.953
[F0] [E13] batch 0920 | loss=0.2760 | acc=0.969
[F0] [E13] batch 0940 | loss=0.3870 | acc=0.938
[F0] [E13] batch 0960 | loss=0.3060 | acc=0.969
[F0] [E13] batch 0980 | loss=0.2763 | acc=0.969
[F0] [E13] batch 1000 | loss=0.3362 | acc=0.938
[F0] [E13] batch 1020 | loss=0.2877 | acc=0.984
[F0] [E13] batch 1040 | loss=0.3163 | acc=0.922
[F0] [E13] batch 1060 | loss=0.2814 | acc=0.969
[F0] [E13] batch 1080 | loss=0.2718 | acc=0.969
[F0] [E13] batch 1100 | loss=0.3125 | acc=0.953
[F0] [E13] batch 1120 | loss=0.3047 | acc=0.953
[F0] [E13] batch 1140 | loss=0.3178 | acc=0.969
[F0] [E13] batch 1160 | loss=0.2802 | acc=0.984
[F0] [E13] batch 1180 | loss=0.2591 | acc=0.984
[F0] [E13] batch 1200 | loss=0.2952 | acc=0.953
[F0] [E13] batch 1220 | loss=0.2775 | acc=0.969
[F0] [E13] batch 1240 | loss=0.2558 | acc=0.984
[F0] [E13] batch 1260 | loss=0.2636 | acc=0.969
[F0] [E13] batch 1280 | loss=0.2904 | acc=0.969
[F0] [E13] batch 1300 | loss=0.2944 | acc=0.969
[F0] [E13] batch 1320 | loss=0.3493 | acc=0.922
[F0] [E13] batch 1340 | loss=0.4138 | acc=0.922
[F0] [E13] batch 1360 | loss=0.3483 | acc=0.938
[F0] [E13] batch 1380 | loss=0.2548 | acc=1.000
[F0] [E13] batch 1400 | loss=0.3304 | acc=0.953
[F0] [E13] batch 1420 | loss=0.2919 | acc=0.953
[F0] [E13] batch 1440 | loss=0.2632 | acc=0.984
[F0] [E13] batch 1460 | loss=0.3489 | acc=0.953
[F0] [E13] batch 1480 | loss=0.2460 | acc=0.984
[F0] [E13] batch 1500 | loss=0.3488 | acc=0.938
[F0] [E13] batch 1520 | loss=0.2612 | acc=0.969
[F0] [E13] batch 1540 | loss=0.2841 | acc=0.984
[F0] [E13] batch 1560 | loss=0.2827 | acc=0.969
[F0] [E13] batch 1580 | loss=0.3377 | acc=0.938
[F0] [E13] batch 1600 | loss=0.3185 | acc=0.953
[F0] [E13] batch 1620 | loss=0.2395 | acc=1.000
[F0] [E13] batch 1640 | loss=0.3243 | acc=0.953
[F0] [E13] batch 1660 | loss=0.3378 | acc=0.922
[F0] [E13] batch 1680 | loss=0.2721 | acc=0.984
[F0] [E13] batch 1700 | loss=0.3448 | acc=0.938
[F0] [E13] batch 1720 | loss=0.3583 | acc=0.953
[F0] [E13] batch 1740 | loss=0.2962 | acc=0.984
[F0] [E13] batch 1760 | loss=0.2955 | acc=0.969
[F0] [E13] batch 1780 | loss=0.2915 | acc=0.938
[F0] [E13] batch 1800 | loss=0.4125 | acc=0.938
[F0] [E13] batch 1820 | loss=0.2541 | acc=0.984
[F0] [E13] batch 1840 | loss=0.2439 | acc=1.000
[F0] [E13] batch 1860 | loss=0.3805 | acc=0.938
[F0] [E13] total_loss=568.275 | VAL acc=0.955 | F1=0.832 | kappa=0.892
[F0] [E14] batch 0000 | loss=0.2948 | acc=0.969
[F0] [E14] batch 0020 | loss=0.2877 | acc=0.953
[F0] [E14] batch 0040 | loss=0.3150 | acc=0.984
[F0] [E14] batch 0060 | loss=0.3547 | acc=0.938
[F0] [E14] batch 0080 | loss=0.3501 | acc=0.938
[F0] [E14] batch 0100 | loss=0.3170 | acc=0.953
[F0] [E14] batch 0120 | loss=0.3314 | acc=0.953
[F0] [E14] batch 0140 | loss=0.3192 | acc=0.969
[F0] [E14] batch 0160 | loss=0.3590 | acc=0.938
[F0] [E14] batch 0180 | loss=0.4918 | acc=0.875
[F0] [E14] batch 0200 | loss=0.2633 | acc=0.984
[F0] [E14] batch 0220 | loss=0.3018 | acc=0.953
[F0] [E14] batch 0240 | loss=0.3161 | acc=0.938
[F0] [E14] batch 0260 | loss=0.3088 | acc=0.922
[F0] [E14] batch 0280 | loss=0.2862 | acc=0.969
[F0] [E14] batch 0300 | loss=0.3156 | acc=0.969
[F0] [E14] batch 0320 | loss=0.2848 | acc=0.969
[F0] [E14] batch 0340 | loss=0.3590 | acc=0.938
[F0] [E14] batch 0360 | loss=0.2404 | acc=0.984
[F0] [E14] batch 0380 | loss=0.4113 | acc=0.906
[F0] [E14] batch 0400 | loss=0.3432 | acc=0.969
[F0] [E14] batch 0420 | loss=0.2892 | acc=0.969
[F0] [E14] batch 0440 | loss=0.3183 | acc=0.984
[F0] [E14] batch 0460 | loss=0.2281 | acc=1.000
[F0] [E14] batch 0480 | loss=0.3407 | acc=0.938
[F0] [E14] batch 0500 | loss=0.3068 | acc=0.969
[F0] [E14] batch 0520 | loss=0.3123 | acc=0.969
[F0] [E14] batch 0540 | loss=0.3029 | acc=0.969
[F0] [E14] batch 0560 | loss=0.4698 | acc=0.875
[F0] [E14] batch 0580 | loss=0.2584 | acc=0.984
[F0] [E14] batch 0600 | loss=0.2567 | acc=1.000
[F0] [E14] batch 0620 | loss=0.2941 | acc=0.953
[F0] [E14] batch 0640 | loss=0.2914 | acc=0.969
[F0] [E14] batch 0660 | loss=0.2901 | acc=0.969
[F0] [E14] batch 0680 | loss=0.3010 | acc=0.953
[F0] [E14] batch 0700 | loss=0.3372 | acc=0.938
[F0] [E14] batch 0720 | loss=0.3325 | acc=0.953
[F0] [E14] batch 0740 | loss=0.2656 | acc=0.969
[F0] [E14] batch 0760 | loss=0.2649 | acc=0.984
[F0] [E14] batch 0780 | loss=0.4109 | acc=0.922
[F0] [E14] batch 0800 | loss=0.3011 | acc=0.953
[F0] [E14] batch 0820 | loss=0.2319 | acc=1.000
[F0] [E14] batch 0840 | loss=0.3101 | acc=0.953
[F0] [E14] batch 0860 | loss=0.3232 | acc=0.969
[F0] [E14] batch 0880 | loss=0.3615 | acc=0.922
[F0] [E14] batch 0900 | loss=0.2912 | acc=0.953
[F0] [E14] batch 0920 | loss=0.3059 | acc=0.969
[F0] [E14] batch 0940 | loss=0.2507 | acc=0.984
[F0] [E14] batch 0960 | loss=0.3170 | acc=0.953
[F0] [E14] batch 0980 | loss=0.2814 | acc=0.969
[F0] [E14] batch 1000 | loss=0.3601 | acc=0.938
[F0] [E14] batch 1020 | loss=0.2719 | acc=0.969
[F0] [E14] batch 1040 | loss=0.3021 | acc=0.969
[F0] [E14] batch 1060 | loss=0.2824 | acc=0.969
[F0] [E14] batch 1080 | loss=0.2883 | acc=0.969
[F0] [E14] batch 1100 | loss=0.2939 | acc=0.953
[F0] [E14] batch 1120 | loss=0.3467 | acc=0.953
[F0] [E14] batch 1140 | loss=0.3269 | acc=0.938
[F0] [E14] batch 1160 | loss=0.2672 | acc=0.984
[F0] [E14] batch 1180 | loss=0.3165 | acc=0.969
[F0] [E14] batch 1200 | loss=0.3021 | acc=0.938
[F0] [E14] batch 1220 | loss=0.2409 | acc=1.000
[F0] [E14] batch 1240 | loss=0.3379 | acc=0.938
[F0] [E14] batch 1260 | loss=0.2956 | acc=0.953
[F0] [E14] batch 1280 | loss=0.2870 | acc=0.984
[F0] [E14] batch 1300 | loss=0.3326 | acc=0.953
[F0] [E14] batch 1320 | loss=0.3135 | acc=0.953
[F0] [E14] batch 1340 | loss=0.2601 | acc=0.984
[F0] [E14] batch 1360 | loss=0.2726 | acc=0.984
[F0] [E14] batch 1380 | loss=0.2688 | acc=0.984
[F0] [E14] batch 1400 | loss=0.2850 | acc=0.969
[F0] [E14] batch 1420 | loss=0.2997 | acc=0.969
[F0] [E14] batch 1440 | loss=0.2542 | acc=1.000
[F0] [E14] batch 1460 | loss=0.2588 | acc=0.984
[F0] [E14] batch 1480 | loss=0.2764 | acc=0.969
[F0] [E14] batch 1500 | loss=0.2732 | acc=0.969
[F0] [E14] batch 1520 | loss=0.3069 | acc=0.953
[F0] [E14] batch 1540 | loss=0.3156 | acc=0.938
[F0] [E14] batch 1560 | loss=0.3579 | acc=0.953
[F0] [E14] batch 1580 | loss=0.3295 | acc=0.938
[F0] [E14] batch 1600 | loss=0.2981 | acc=0.969
[F0] [E14] batch 1620 | loss=0.2747 | acc=0.969
[F0] [E14] batch 1640 | loss=0.2553 | acc=0.984
[F0] [E14] batch 1660 | loss=0.2421 | acc=1.000
[F0] [E14] batch 1680 | loss=0.3822 | acc=0.922
[F0] [E14] batch 1700 | loss=0.2740 | acc=0.984
[F0] [E14] batch 1720 | loss=0.3667 | acc=0.953
[F0] [E14] batch 1740 | loss=0.2726 | acc=0.984
[F0] [E14] batch 1760 | loss=0.2813 | acc=0.969
[F0] [E14] batch 1780 | loss=0.2762 | acc=0.969
[F0] [E14] batch 1800 | loss=0.3123 | acc=0.953
[F0] [E14] batch 1820 | loss=0.3842 | acc=0.906
[F0] [E14] batch 1840 | loss=0.2750 | acc=0.984
[F0] [E14] batch 1860 | loss=0.2824 | acc=0.969
[F0] [E14] total_loss=563.681 | VAL acc=0.953 | F1=0.832 | kappa=0.887
[F0] [E15] batch 0000 | loss=0.3172 | acc=0.953
[F0] [E15] batch 0020 | loss=0.3591 | acc=0.922
[F0] [E15] batch 0040 | loss=0.3644 | acc=0.953
[F0] [E15] batch 0060 | loss=0.2911 | acc=0.969
[F0] [E15] batch 0080 | loss=0.2887 | acc=0.969
[F0] [E15] batch 0100 | loss=0.2835 | acc=0.984
[F0] [E15] batch 0120 | loss=0.3159 | acc=0.969
[F0] [E15] batch 0140 | loss=0.3133 | acc=0.953
[F0] [E15] batch 0160 | loss=0.2756 | acc=0.984
[F0] [E15] batch 0180 | loss=0.2848 | acc=0.953
[F0] [E15] batch 0200 | loss=0.2650 | acc=0.984
[F0] [E15] batch 0220 | loss=0.2623 | acc=1.000
[F0] [E15] batch 0240 | loss=0.2463 | acc=0.984
[F0] [E15] batch 0260 | loss=0.3203 | acc=0.953
[F0] [E15] batch 0280 | loss=0.3521 | acc=0.938
[F0] [E15] batch 0300 | loss=0.2485 | acc=1.000
[F0] [E15] batch 0320 | loss=0.2950 | acc=0.953
[F0] [E15] batch 0340 | loss=0.3045 | acc=0.969
[F0] [E15] batch 0360 | loss=0.2837 | acc=0.969
[F0] [E15] batch 0380 | loss=0.2593 | acc=0.984
[F0] [E15] batch 0400 | loss=0.3077 | acc=0.953
[F0] [E15] batch 0420 | loss=0.2490 | acc=1.000
[F0] [E15] batch 0440 | loss=0.3082 | acc=0.969
[F0] [E15] batch 0460 | loss=0.4077 | acc=0.906
[F0] [E15] batch 0480 | loss=0.3624 | acc=0.938
[F0] [E15] batch 0500 | loss=0.3217 | acc=0.969
[F0] [E15] batch 0520 | loss=0.2957 | acc=0.969
[F0] [E15] batch 0540 | loss=0.2699 | acc=0.984
[F0] [E15] batch 0560 | loss=0.3343 | acc=0.969
[F0] [E15] batch 0580 | loss=0.2858 | acc=0.969
[F0] [E15] batch 0600 | loss=0.2553 | acc=0.984
[F0] [E15] batch 0620 | loss=0.2448 | acc=0.984
[F0] [E15] batch 0640 | loss=0.2940 | acc=0.969
[F0] [E15] batch 0660 | loss=0.2826 | acc=0.984
[F0] [E15] batch 0680 | loss=0.2367 | acc=1.000
[F0] [E15] batch 0700 | loss=0.4205 | acc=0.922
[F0] [E15] batch 0720 | loss=0.3420 | acc=0.953
[F0] [E15] batch 0740 | loss=0.3490 | acc=0.938
[F0] [E15] batch 0760 | loss=0.3439 | acc=0.938
[F0] [E15] batch 0780 | loss=0.2813 | acc=0.953
[F0] [E15] batch 0800 | loss=0.2597 | acc=0.984
[F0] [E15] batch 0820 | loss=0.2719 | acc=0.984
[F0] [E15] batch 0840 | loss=0.2745 | acc=0.969
[F0] [E15] batch 0860 | loss=0.2766 | acc=0.969
[F0] [E15] batch 0880 | loss=0.2641 | acc=0.984
[F0] [E15] batch 0900 | loss=0.2777 | acc=0.953
[F0] [E15] batch 0920 | loss=0.2979 | acc=0.969
[F0] [E15] batch 0940 | loss=0.3743 | acc=0.969
[F0] [E15] batch 0960 | loss=0.3320 | acc=0.938
[F0] [E15] batch 0980 | loss=0.3772 | acc=0.922
[F0] [E15] batch 1000 | loss=0.2761 | acc=0.969
[F0] [E15] batch 1020 | loss=0.3141 | acc=0.953
[F0] [E15] batch 1040 | loss=0.2309 | acc=1.000
[F0] [E15] batch 1060 | loss=0.2531 | acc=1.000
[F0] [E15] batch 1080 | loss=0.2722 | acc=0.938
[F0] [E15] batch 1100 | loss=0.2753 | acc=0.969
[F0] [E15] batch 1120 | loss=0.2521 | acc=1.000
[F0] [E15] batch 1140 | loss=0.3387 | acc=0.938
[F0] [E15] batch 1160 | loss=0.2932 | acc=0.953
[F0] [E15] batch 1180 | loss=0.2732 | acc=1.000
[F0] [E15] batch 1200 | loss=0.2552 | acc=0.984
[F0] [E15] batch 1220 | loss=0.3176 | acc=0.953
[F0] [E15] batch 1240 | loss=0.2510 | acc=0.984
[F0] [E15] batch 1260 | loss=0.2861 | acc=0.969
[F0] [E15] batch 1280 | loss=0.3037 | acc=0.969
[F0] [E15] batch 1300 | loss=0.2863 | acc=0.953
[F0] [E15] batch 1320 | loss=0.2478 | acc=1.000
[F0] [E15] batch 1340 | loss=0.3313 | acc=0.938
[F0] [E15] batch 1360 | loss=0.2565 | acc=1.000
[F0] [E15] batch 1380 | loss=0.3052 | acc=0.984
[F0] [E15] batch 1400 | loss=0.2771 | acc=0.969
[F0] [E15] batch 1420 | loss=0.3226 | acc=0.953
[F0] [E15] batch 1440 | loss=0.2866 | acc=0.969
[F0] [E15] batch 1460 | loss=0.3115 | acc=0.969
[F0] [E15] batch 1480 | loss=0.4406 | acc=0.906
[F0] [E15] batch 1500 | loss=0.2577 | acc=1.000
[F0] [E15] batch 1520 | loss=0.2554 | acc=0.984
[F0] [E15] batch 1540 | loss=0.4167 | acc=0.906
[F0] [E15] batch 1560 | loss=0.2401 | acc=1.000
[F0] [E15] batch 1580 | loss=0.2487 | acc=1.000
[F0] [E15] batch 1600 | loss=0.2587 | acc=1.000
[F0] [E15] batch 1620 | loss=0.2586 | acc=0.984
[F0] [E15] batch 1640 | loss=0.2931 | acc=0.969
[F0] [E15] batch 1660 | loss=0.2345 | acc=1.000
[F0] [E15] batch 1680 | loss=0.2870 | acc=0.969
[F0] [E15] batch 1700 | loss=0.3313 | acc=0.953
[F0] [E15] batch 1720 | loss=0.2962 | acc=0.984
[F0] [E15] batch 1740 | loss=0.2468 | acc=0.984
[F0] [E15] batch 1760 | loss=0.2902 | acc=0.969
[F0] [E15] batch 1780 | loss=0.2751 | acc=0.984
[F0] [E15] batch 1800 | loss=0.3089 | acc=0.953
[F0] [E15] batch 1820 | loss=0.2555 | acc=0.984
[F0] [E15] batch 1840 | loss=0.2931 | acc=0.969
[F0] [E15] batch 1860 | loss=0.2937 | acc=0.969
[F0] [E15] total_loss=554.009 | VAL acc=0.961 | F1=0.845 | kappa=0.906
[F0] [E16] batch 0000 | loss=0.2797 | acc=0.969
[F0] [E16] batch 0020 | loss=0.2727 | acc=0.984
[F0] [E16] batch 0040 | loss=0.2879 | acc=0.969
[F0] [E16] batch 0060 | loss=0.3776 | acc=0.938
[F0] [E16] batch 0080 | loss=0.2915 | acc=0.984
[F0] [E16] batch 0100 | loss=0.3319 | acc=0.953
[F0] [E16] batch 0120 | loss=0.3163 | acc=0.969
[F0] [E16] batch 0140 | loss=0.3295 | acc=0.969
[F0] [E16] batch 0160 | loss=0.2862 | acc=0.984
[F0] [E16] batch 0180 | loss=0.2477 | acc=1.000
[F0] [E16] batch 0200 | loss=0.2927 | acc=0.984
[F0] [E16] batch 0220 | loss=0.3040 | acc=0.969
[F0] [E16] batch 0240 | loss=0.2815 | acc=0.969
[F0] [E16] batch 0260 | loss=0.4372 | acc=0.906
[F0] [E16] batch 0280 | loss=0.2368 | acc=1.000
[F0] [E16] batch 0300 | loss=0.3822 | acc=0.953
[F0] [E16] batch 0320 | loss=0.2908 | acc=0.984
[F0] [E16] batch 0340 | loss=0.2407 | acc=1.000
[F0] [E16] batch 0360 | loss=0.2814 | acc=0.969
[F0] [E16] batch 0380 | loss=0.2939 | acc=0.969
[F0] [E16] batch 0400 | loss=0.2734 | acc=0.969
[F0] [E16] batch 0420 | loss=0.2680 | acc=0.984
[F0] [E16] batch 0440 | loss=0.4886 | acc=0.844
[F0] [E16] batch 0460 | loss=0.2852 | acc=0.953
[F0] [E16] batch 0480 | loss=0.2517 | acc=1.000
[F0] [E16] batch 0500 | loss=0.2863 | acc=0.953
[F0] [E16] batch 0520 | loss=0.2804 | acc=0.969
[F0] [E16] batch 0540 | loss=0.3509 | acc=0.922
[F0] [E16] batch 0560 | loss=0.3088 | acc=0.969
[F0] [E16] batch 0580 | loss=0.2670 | acc=0.984
[F0] [E16] batch 0600 | loss=0.2908 | acc=0.984
[F0] [E16] batch 0620 | loss=0.2593 | acc=1.000
[F0] [E16] batch 0640 | loss=0.2437 | acc=1.000
[F0] [E16] batch 0660 | loss=0.2318 | acc=1.000
[F0] [E16] batch 0680 | loss=0.3031 | acc=0.953
[F0] [E16] batch 0700 | loss=0.2741 | acc=0.984
[F0] [E16] batch 0720 | loss=0.2596 | acc=0.984
[F0] [E16] batch 0740 | loss=0.2586 | acc=0.969
[F0] [E16] batch 0760 | loss=0.2427 | acc=0.984
[F0] [E16] batch 0780 | loss=0.2664 | acc=0.969
[F0] [E16] batch 0800 | loss=0.3366 | acc=0.969
[F0] [E16] batch 0820 | loss=0.2709 | acc=0.969
[F0] [E16] batch 0840 | loss=0.2631 | acc=1.000
[F0] [E16] batch 0860 | loss=0.3158 | acc=0.984
[F0] [E16] batch 0880 | loss=0.3205 | acc=0.938
[F0] [E16] batch 0900 | loss=0.2638 | acc=0.984
[F0] [E16] batch 0920 | loss=0.2450 | acc=0.984
[F0] [E16] batch 0940 | loss=0.3073 | acc=0.953
[F0] [E16] batch 0960 | loss=0.2818 | acc=0.953
[F0] [E16] batch 0980 | loss=0.3241 | acc=0.953
[F0] [E16] batch 1000 | loss=0.2618 | acc=1.000
[F0] [E16] batch 1020 | loss=0.2815 | acc=0.969
[F0] [E16] batch 1040 | loss=0.3316 | acc=0.953
[F0] [E16] batch 1060 | loss=0.3485 | acc=0.953
[F0] [E16] batch 1080 | loss=0.2959 | acc=0.953
[F0] [E16] batch 1100 | loss=0.2468 | acc=0.984
[F0] [E16] batch 1120 | loss=0.2726 | acc=0.984
[F0] [E16] batch 1140 | loss=0.3034 | acc=0.969
[F0] [E16] batch 1160 | loss=0.2716 | acc=0.953
[F0] [E16] batch 1180 | loss=0.2444 | acc=1.000
[F0] [E16] batch 1200 | loss=0.2675 | acc=0.984
[F0] [E16] batch 1220 | loss=0.2692 | acc=0.984
[F0] [E16] batch 1240 | loss=0.2895 | acc=0.953
[F0] [E16] batch 1260 | loss=0.3609 | acc=0.922
[F0] [E16] batch 1280 | loss=0.2435 | acc=0.984
[F0] [E16] batch 1300 | loss=0.2857 | acc=0.984
[F0] [E16] batch 1320 | loss=0.2946 | acc=0.984
[F0] [E16] batch 1340 | loss=0.3354 | acc=0.938
[F0] [E16] batch 1360 | loss=0.2426 | acc=0.984
[F0] [E16] batch 1380 | loss=0.2651 | acc=0.984
[F0] [E16] batch 1400 | loss=0.2897 | acc=0.969
[F0] [E16] batch 1420 | loss=0.2729 | acc=0.969
[F0] [E16] batch 1440 | loss=0.3209 | acc=0.969
[F0] [E16] batch 1460 | loss=0.2665 | acc=0.984
[F0] [E16] batch 1480 | loss=0.4108 | acc=0.922
[F0] [E16] batch 1500 | loss=0.2685 | acc=0.984
[F0] [E16] batch 1520 | loss=0.2978 | acc=0.953
[F0] [E16] batch 1540 | loss=0.2912 | acc=0.953
[F0] [E16] batch 1560 | loss=0.2597 | acc=0.984
[F0] [E16] batch 1580 | loss=0.2832 | acc=0.984
[F0] [E16] batch 1600 | loss=0.2531 | acc=1.000
[F0] [E16] batch 1620 | loss=0.2405 | acc=1.000
[F0] [E16] batch 1640 | loss=0.3366 | acc=0.969
[F0] [E16] batch 1660 | loss=0.3279 | acc=0.969
[F0] [E16] batch 1680 | loss=0.2720 | acc=0.953
[F0] [E16] batch 1700 | loss=0.2559 | acc=0.984
[F0] [E16] batch 1720 | loss=0.2625 | acc=0.984
[F0] [E16] batch 1740 | loss=0.3266 | acc=0.938
[F0] [E16] batch 1760 | loss=0.2474 | acc=0.984
[F0] [E16] batch 1780 | loss=0.3424 | acc=0.938
[F0] [E16] batch 1800 | loss=0.3251 | acc=0.953
[F0] [E16] batch 1820 | loss=0.3013 | acc=0.953
[F0] [E16] batch 1840 | loss=0.3232 | acc=0.938
[F0] [E16] batch 1860 | loss=0.2356 | acc=1.000
[F0] [E16] total_loss=551.767 | VAL acc=0.948 | F1=0.805 | kappa=0.875
[STOP] Early stopping fold=0
[F0] TEST acc=0.878 | macro-F1=0.692 | kappa=0.741
[F0] time=19.3 min
[SAVE] /scratch/lustre/home/viju8335/projects/sleep-staging-bsc/results/cv_seqtransformer_fold0.json
END: Wed Dec 24 23:32:02 EET 2025
