JOB ID: 196324
FOLD: 2
HOST: node-38
START: Wed Dec 24 23:32:05 EET 2025
Wed Dec 24 23:32:05 2025       
+-----------------------------------------------------------------------------------------+
| NVIDIA-SMI 550.144.03             Driver Version: 550.144.03     CUDA Version: 12.4     |
|-----------------------------------------+------------------------+----------------------+
| GPU  Name                 Persistence-M | Bus-Id          Disp.A | Volatile Uncorr. ECC |
| Fan  Temp   Perf          Pwr:Usage/Cap |           Memory-Usage | GPU-Util  Compute M. |
|                                         |                        |               MIG M. |
|=========================================+========================+======================|
|   0  Tesla V100-SXM2-32GB           On  |   00000000:0A:00.0 Off |                    0 |
| N/A   45C    P0             44W /  300W |       1MiB /  32768MiB |      0%      Default |
|                                         |                        |                  N/A |
+-----------------------------------------+------------------------+----------------------+
                                                                                         
+-----------------------------------------------------------------------------------------+
| Processes:                                                                              |
|  GPU   GI   CI        PID   Type   Process name                              GPU Memory |
|        ID   ID                                                               Usage      |
|=========================================================================================|
|  No running processes found                                                             |
+-----------------------------------------------------------------------------------------+
[CV] k=10 fold=2
[CV] TRAIN subjects (45): ['SC4002E0', 'SC4011E0', 'SC4012E0', 'SC4022E0', 'SC4032E0'] ...
[CV] VAL   subjects (1):   ['SC4001E0']
[CV] TEST  subjects (5):  ['SC4021E0', 'SC4031E0', 'SC4041E0', 'SC4241E0', 'SC4251E0'] ...
=== DEVICE: cuda ===
=== seq_len=21 stride=1 batch_size=64 ===
=== Transformer: d_model=128 heads=4 layers=2 ff=256 dropout=0.1 ===
=== START TRAIN (SeqTransformer CV fold) ===
[F2] [E01] batch 0000 | loss=1.8787 | acc=0.203
[F2] [E01] batch 0020 | loss=0.4773 | acc=0.891
[F2] [E01] batch 0040 | loss=0.5654 | acc=0.859
[F2] [E01] batch 0060 | loss=0.4980 | acc=0.891
[F2] [E01] batch 0080 | loss=0.4270 | acc=0.906
[F2] [E01] batch 0100 | loss=0.4421 | acc=0.891
[F2] [E01] batch 0120 | loss=0.4445 | acc=0.859
[F2] [E01] batch 0140 | loss=0.6239 | acc=0.844
[F2] [E01] batch 0160 | loss=0.4507 | acc=0.891
[F2] [E01] batch 0180 | loss=0.3138 | acc=0.984
[F2] [E01] batch 0200 | loss=0.4745 | acc=0.906
[F2] [E01] batch 0220 | loss=0.3912 | acc=0.875
[F2] [E01] batch 0240 | loss=0.4029 | acc=0.891
[F2] [E01] batch 0260 | loss=0.4024 | acc=0.922
[F2] [E01] batch 0280 | loss=0.5218 | acc=0.844
[F2] [E01] batch 0300 | loss=0.5505 | acc=0.844
[F2] [E01] batch 0320 | loss=0.5049 | acc=0.906
[F2] [E01] batch 0340 | loss=0.6158 | acc=0.828
[F2] [E01] batch 0360 | loss=0.3930 | acc=0.922
[F2] [E01] batch 0380 | loss=0.4452 | acc=0.906
[F2] [E01] batch 0400 | loss=0.2865 | acc=1.000
[F2] [E01] batch 0420 | loss=0.4033 | acc=0.922
[F2] [E01] batch 0440 | loss=0.4191 | acc=0.922
[F2] [E01] batch 0460 | loss=0.3275 | acc=0.938
[F2] [E01] batch 0480 | loss=0.4360 | acc=0.906
[F2] [E01] batch 0500 | loss=0.4307 | acc=0.938
[F2] [E01] batch 0520 | loss=0.4001 | acc=0.906
[F2] [E01] batch 0540 | loss=0.3449 | acc=0.953
[F2] [E01] batch 0560 | loss=0.4092 | acc=0.906
[F2] [E01] batch 0580 | loss=0.4340 | acc=0.906
[F2] [E01] batch 0600 | loss=0.4830 | acc=0.938
[F2] [E01] batch 0620 | loss=0.4275 | acc=0.906
[F2] [E01] batch 0640 | loss=0.3309 | acc=0.953
[F2] [E01] batch 0660 | loss=0.4924 | acc=0.875
[F2] [E01] batch 0680 | loss=0.4201 | acc=0.953
[F2] [E01] batch 0700 | loss=0.4173 | acc=0.906
[F2] [E01] batch 0720 | loss=0.3396 | acc=0.953
[F2] [E01] batch 0740 | loss=0.2626 | acc=1.000
[F2] [E01] batch 0760 | loss=0.5120 | acc=0.859
[F2] [E01] batch 0780 | loss=0.4572 | acc=0.922
[F2] [E01] batch 0800 | loss=0.4732 | acc=0.891
[F2] [E01] batch 0820 | loss=0.2817 | acc=0.969
[F2] [E01] batch 0840 | loss=0.2657 | acc=1.000
[F2] [E01] batch 0860 | loss=0.3923 | acc=0.938
[F2] [E01] batch 0880 | loss=0.3971 | acc=0.922
[F2] [E01] batch 0900 | loss=0.4697 | acc=0.938
[F2] [E01] batch 0920 | loss=0.3942 | acc=0.906
[F2] [E01] batch 0940 | loss=0.4223 | acc=0.891
[F2] [E01] batch 0960 | loss=0.3277 | acc=0.953
[F2] [E01] batch 0980 | loss=0.3355 | acc=0.953
[F2] [E01] batch 1000 | loss=0.3590 | acc=0.953
[F2] [E01] batch 1020 | loss=0.3770 | acc=0.953
[F2] [E01] batch 1040 | loss=0.3700 | acc=0.922
[F2] [E01] batch 1060 | loss=0.3963 | acc=0.938
[F2] [E01] batch 1080 | loss=0.5367 | acc=0.859
[F2] [E01] batch 1100 | loss=0.4176 | acc=0.922
[F2] [E01] batch 1120 | loss=0.4268 | acc=0.875
[F2] [E01] batch 1140 | loss=0.2930 | acc=0.969
[F2] [E01] batch 1160 | loss=0.4329 | acc=0.906
[F2] [E01] batch 1180 | loss=0.3814 | acc=0.953
[F2] [E01] batch 1200 | loss=0.4321 | acc=0.891
[F2] [E01] batch 1220 | loss=0.4092 | acc=0.906
[F2] [E01] batch 1240 | loss=0.3116 | acc=0.969
[F2] [E01] batch 1260 | loss=0.4049 | acc=0.938
[F2] [E01] batch 1280 | loss=0.3075 | acc=0.969
[F2] [E01] batch 1300 | loss=0.3286 | acc=0.969
[F2] [E01] batch 1320 | loss=0.4830 | acc=0.906
[F2] [E01] batch 1340 | loss=0.3691 | acc=0.969
[F2] [E01] batch 1360 | loss=0.3084 | acc=0.953
[F2] [E01] batch 1380 | loss=0.3957 | acc=0.938
[F2] [E01] batch 1400 | loss=0.3906 | acc=0.906
[F2] [E01] batch 1420 | loss=0.3481 | acc=0.938
[F2] [E01] batch 1440 | loss=0.4293 | acc=0.938
[F2] [E01] batch 1460 | loss=0.4205 | acc=0.906
[F2] [E01] batch 1480 | loss=0.4136 | acc=0.906
[F2] [E01] batch 1500 | loss=0.2857 | acc=0.984
[F2] [E01] batch 1520 | loss=0.3731 | acc=0.906
[F2] [E01] batch 1540 | loss=0.4116 | acc=0.922
[F2] [E01] batch 1560 | loss=0.2541 | acc=1.000
[F2] [E01] batch 1580 | loss=0.2918 | acc=0.969
[F2] [E01] batch 1600 | loss=0.3711 | acc=0.922
[F2] [E01] batch 1620 | loss=0.4438 | acc=0.875
[F2] [E01] batch 1640 | loss=0.4080 | acc=0.938
[F2] [E01] batch 1660 | loss=0.2673 | acc=0.984
[F2] [E01] batch 1680 | loss=0.3557 | acc=0.953
[F2] [E01] batch 1700 | loss=0.3307 | acc=0.953
[F2] [E01] batch 1720 | loss=0.3663 | acc=0.922
[F2] [E01] batch 1740 | loss=0.4655 | acc=0.891
[F2] [E01] batch 1760 | loss=0.3126 | acc=0.984
[F2] [E01] batch 1780 | loss=0.3041 | acc=0.969
[F2] [E01] batch 1800 | loss=0.3423 | acc=0.953
[F2] [E01] batch 1820 | loss=0.3881 | acc=0.922
[F2] [E01] batch 1840 | loss=0.3407 | acc=0.938
[F2] [E01] batch 1860 | loss=0.4797 | acc=0.922
[F2] [E01] batch 1880 | loss=0.4012 | acc=0.922
[F2] [E01] batch 1900 | loss=0.4095 | acc=0.922
[F2] [E01] total_loss=766.540 | VAL acc=0.960 | F1=0.809 | kappa=0.902
[SAVE] best fold=2 (by VAL F1) -> /scratch/lustre/home/viju8335/projects/sleep-staging-bsc/models/best_seqtransformer_fold2.pth
[F2] [E02] batch 0000 | loss=0.3693 | acc=0.922
[F2] [E02] batch 0020 | loss=0.5047 | acc=0.859
[F2] [E02] batch 0040 | loss=0.4004 | acc=0.938
[F2] [E02] batch 0060 | loss=0.2976 | acc=0.953
[F2] [E02] batch 0080 | loss=0.4140 | acc=0.906
[F2] [E02] batch 0100 | loss=0.3528 | acc=0.938
[F2] [E02] batch 0120 | loss=0.3542 | acc=0.938
[F2] [E02] batch 0140 | loss=0.4047 | acc=0.922
[F2] [E02] batch 0160 | loss=0.4819 | acc=0.875
[F2] [E02] batch 0180 | loss=0.4340 | acc=0.906
[F2] [E02] batch 0200 | loss=0.3781 | acc=0.938
[F2] [E02] batch 0220 | loss=0.2759 | acc=0.984
[F2] [E02] batch 0240 | loss=0.3995 | acc=0.938
[F2] [E02] batch 0260 | loss=0.3777 | acc=0.953
[F2] [E02] batch 0280 | loss=0.3148 | acc=0.953
[F2] [E02] batch 0300 | loss=0.3306 | acc=0.953
[F2] [E02] batch 0320 | loss=0.3816 | acc=0.953
[F2] [E02] batch 0340 | loss=0.3255 | acc=0.953
[F2] [E02] batch 0360 | loss=0.3586 | acc=0.938
[F2] [E02] batch 0380 | loss=0.2819 | acc=0.984
[F2] [E02] batch 0400 | loss=0.4172 | acc=0.922
[F2] [E02] batch 0420 | loss=0.3991 | acc=0.953
[F2] [E02] batch 0440 | loss=0.3846 | acc=0.922
[F2] [E02] batch 0460 | loss=0.4528 | acc=0.891
[F2] [E02] batch 0480 | loss=0.4035 | acc=0.922
[F2] [E02] batch 0500 | loss=0.4089 | acc=0.922
[F2] [E02] batch 0520 | loss=0.3814 | acc=0.938
[F2] [E02] batch 0540 | loss=0.3527 | acc=0.938
[F2] [E02] batch 0560 | loss=0.4217 | acc=0.922
[F2] [E02] batch 0580 | loss=0.2918 | acc=0.969
[F2] [E02] batch 0600 | loss=0.3630 | acc=0.922
[F2] [E02] batch 0620 | loss=0.2636 | acc=1.000
[F2] [E02] batch 0640 | loss=0.3848 | acc=0.922
[F2] [E02] batch 0660 | loss=0.3145 | acc=0.969
[F2] [E02] batch 0680 | loss=0.3245 | acc=0.969
[F2] [E02] batch 0700 | loss=0.3057 | acc=0.969
[F2] [E02] batch 0720 | loss=0.3494 | acc=0.953
[F2] [E02] batch 0740 | loss=0.3141 | acc=0.938
[F2] [E02] batch 0760 | loss=0.3795 | acc=0.938
[F2] [E02] batch 0780 | loss=0.3586 | acc=0.938
[F2] [E02] batch 0800 | loss=0.4841 | acc=0.875
[F2] [E02] batch 0820 | loss=0.3900 | acc=0.906
[F2] [E02] batch 0840 | loss=0.3474 | acc=0.969
[F2] [E02] batch 0860 | loss=0.3722 | acc=0.938
[F2] [E02] batch 0880 | loss=0.4542 | acc=0.875
[F2] [E02] batch 0900 | loss=0.2764 | acc=0.969
[F2] [E02] batch 0920 | loss=0.3873 | acc=0.953
[F2] [E02] batch 0940 | loss=0.3478 | acc=0.969
[F2] [E02] batch 0960 | loss=0.5113 | acc=0.859
[F2] [E02] batch 0980 | loss=0.4084 | acc=0.922
[F2] [E02] batch 1000 | loss=0.3286 | acc=0.938
[F2] [E02] batch 1020 | loss=0.4143 | acc=0.938
[F2] [E02] batch 1040 | loss=0.3283 | acc=0.953
[F2] [E02] batch 1060 | loss=0.3534 | acc=0.938
[F2] [E02] batch 1080 | loss=0.4296 | acc=0.922
[F2] [E02] batch 1100 | loss=0.3757 | acc=0.922
[F2] [E02] batch 1120 | loss=0.3986 | acc=0.922
[F2] [E02] batch 1140 | loss=0.3878 | acc=0.922
[F2] [E02] batch 1160 | loss=0.3296 | acc=0.953
[F2] [E02] batch 1180 | loss=0.3893 | acc=0.938
[F2] [E02] batch 1200 | loss=0.2618 | acc=1.000
[F2] [E02] batch 1220 | loss=0.3459 | acc=0.922
[F2] [E02] batch 1240 | loss=0.3209 | acc=0.969
[F2] [E02] batch 1260 | loss=0.3965 | acc=0.922
[F2] [E02] batch 1280 | loss=0.3762 | acc=0.938
[F2] [E02] batch 1300 | loss=0.3395 | acc=0.938
[F2] [E02] batch 1320 | loss=0.4076 | acc=0.938
[F2] [E02] batch 1340 | loss=0.3853 | acc=0.938
[F2] [E02] batch 1360 | loss=0.2942 | acc=0.953
[F2] [E02] batch 1380 | loss=0.3591 | acc=0.922
[F2] [E02] batch 1400 | loss=0.3446 | acc=0.922
[F2] [E02] batch 1420 | loss=0.4183 | acc=0.922
[F2] [E02] batch 1440 | loss=0.3252 | acc=0.938
[F2] [E02] batch 1460 | loss=0.2674 | acc=1.000
[F2] [E02] batch 1480 | loss=0.4327 | acc=0.891
[F2] [E02] batch 1500 | loss=0.3131 | acc=0.969
[F2] [E02] batch 1520 | loss=0.3417 | acc=0.953
[F2] [E02] batch 1540 | loss=0.3648 | acc=0.938
[F2] [E02] batch 1560 | loss=0.2955 | acc=0.984
[F2] [E02] batch 1580 | loss=0.4305 | acc=0.906
[F2] [E02] batch 1600 | loss=0.4744 | acc=0.906
[F2] [E02] batch 1620 | loss=0.3238 | acc=0.953
[F2] [E02] batch 1640 | loss=0.3490 | acc=0.953
[F2] [E02] batch 1660 | loss=0.3203 | acc=0.953
[F2] [E02] batch 1680 | loss=0.3081 | acc=0.969
[F2] [E02] batch 1700 | loss=0.3498 | acc=0.922
[F2] [E02] batch 1720 | loss=0.3522 | acc=0.953
[F2] [E02] batch 1740 | loss=0.3798 | acc=0.953
[F2] [E02] batch 1760 | loss=0.3410 | acc=0.969
[F2] [E02] batch 1780 | loss=0.2916 | acc=0.984
[F2] [E02] batch 1800 | loss=0.3589 | acc=0.938
[F2] [E02] batch 1820 | loss=0.3258 | acc=0.969
[F2] [E02] batch 1840 | loss=0.3580 | acc=0.953
[F2] [E02] batch 1860 | loss=0.3290 | acc=0.969
[F2] [E02] batch 1880 | loss=0.3465 | acc=0.922
[F2] [E02] batch 1900 | loss=0.3701 | acc=0.922
[F2] [E02] total_loss=694.565 | VAL acc=0.939 | F1=0.770 | kappa=0.855
[F2] [E03] batch 0000 | loss=0.5444 | acc=0.906
[F2] [E03] batch 0020 | loss=0.2954 | acc=0.969
[F2] [E03] batch 0040 | loss=0.3765 | acc=0.922
[F2] [E03] batch 0060 | loss=0.3995 | acc=0.922
[F2] [E03] batch 0080 | loss=0.3467 | acc=0.922
[F2] [E03] batch 0100 | loss=0.4146 | acc=0.922
[F2] [E03] batch 0120 | loss=0.3673 | acc=0.922
[F2] [E03] batch 0140 | loss=0.3532 | acc=0.953
[F2] [E03] batch 0160 | loss=0.4523 | acc=0.891
[F2] [E03] batch 0180 | loss=0.4131 | acc=0.922
[F2] [E03] batch 0200 | loss=0.3125 | acc=0.969
[F2] [E03] batch 0220 | loss=0.4467 | acc=0.891
[F2] [E03] batch 0240 | loss=0.2735 | acc=0.984
[F2] [E03] batch 0260 | loss=0.3438 | acc=0.938
[F2] [E03] batch 0280 | loss=0.3236 | acc=0.953
[F2] [E03] batch 0300 | loss=0.4604 | acc=0.906
[F2] [E03] batch 0320 | loss=0.3159 | acc=0.938
[F2] [E03] batch 0340 | loss=0.3701 | acc=0.922
[F2] [E03] batch 0360 | loss=0.2996 | acc=0.953
[F2] [E03] batch 0380 | loss=0.3446 | acc=0.938
[F2] [E03] batch 0400 | loss=0.3953 | acc=0.906
[F2] [E03] batch 0420 | loss=0.3150 | acc=0.969
[F2] [E03] batch 0440 | loss=0.2872 | acc=0.953
[F2] [E03] batch 0460 | loss=0.3308 | acc=0.969
[F2] [E03] batch 0480 | loss=0.3404 | acc=0.953
[F2] [E03] batch 0500 | loss=0.3455 | acc=0.953
[F2] [E03] batch 0520 | loss=0.2707 | acc=0.984
[F2] [E03] batch 0540 | loss=0.3125 | acc=0.953
[F2] [E03] batch 0560 | loss=0.3925 | acc=0.906
[F2] [E03] batch 0580 | loss=0.3785 | acc=0.906
[F2] [E03] batch 0600 | loss=0.3801 | acc=0.953
[F2] [E03] batch 0620 | loss=0.3255 | acc=0.969
[F2] [E03] batch 0640 | loss=0.4214 | acc=0.938
[F2] [E03] batch 0660 | loss=0.2728 | acc=0.984
[F2] [E03] batch 0680 | loss=0.4810 | acc=0.906
[F2] [E03] batch 0700 | loss=0.4118 | acc=0.906
[F2] [E03] batch 0720 | loss=0.2938 | acc=0.969
[F2] [E03] batch 0740 | loss=0.3522 | acc=0.953
[F2] [E03] batch 0760 | loss=0.3062 | acc=0.953
[F2] [E03] batch 0780 | loss=0.3288 | acc=0.953
[F2] [E03] batch 0800 | loss=0.3727 | acc=0.922
[F2] [E03] batch 0820 | loss=0.3501 | acc=0.953
[F2] [E03] batch 0840 | loss=0.3608 | acc=0.953
[F2] [E03] batch 0860 | loss=0.3405 | acc=0.969
[F2] [E03] batch 0880 | loss=0.4030 | acc=0.938
[F2] [E03] batch 0900 | loss=0.4204 | acc=0.906
[F2] [E03] batch 0920 | loss=0.4583 | acc=0.891
[F2] [E03] batch 0940 | loss=0.3975 | acc=0.938
[F2] [E03] batch 0960 | loss=0.3727 | acc=0.969
[F2] [E03] batch 0980 | loss=0.3377 | acc=0.938
[F2] [E03] batch 1000 | loss=0.2381 | acc=1.000
[F2] [E03] batch 1020 | loss=0.2699 | acc=0.984
[F2] [E03] batch 1040 | loss=0.3591 | acc=0.938
[F2] [E03] batch 1060 | loss=0.3493 | acc=0.953
[F2] [E03] batch 1080 | loss=0.3516 | acc=0.953
[F2] [E03] batch 1100 | loss=0.4804 | acc=0.906
[F2] [E03] batch 1120 | loss=0.4442 | acc=0.906
[F2] [E03] batch 1140 | loss=0.2888 | acc=0.984
[F2] [E03] batch 1160 | loss=0.5136 | acc=0.859
[F2] [E03] batch 1180 | loss=0.3547 | acc=0.953
[F2] [E03] batch 1200 | loss=0.4074 | acc=0.922
[F2] [E03] batch 1220 | loss=0.4176 | acc=0.938
[F2] [E03] batch 1240 | loss=0.3506 | acc=0.938
[F2] [E03] batch 1260 | loss=0.4286 | acc=0.922
[F2] [E03] batch 1280 | loss=0.3587 | acc=0.922
[F2] [E03] batch 1300 | loss=0.4681 | acc=0.891
[F2] [E03] batch 1320 | loss=0.4317 | acc=0.875
[F2] [E03] batch 1340 | loss=0.2988 | acc=0.984
[F2] [E03] batch 1360 | loss=0.3886 | acc=0.875
[F2] [E03] batch 1380 | loss=0.2898 | acc=0.984
[F2] [E03] batch 1400 | loss=0.3658 | acc=0.938
[F2] [E03] batch 1420 | loss=0.4168 | acc=0.922
[F2] [E03] batch 1440 | loss=0.2890 | acc=0.969
[F2] [E03] batch 1460 | loss=0.3862 | acc=0.922
[F2] [E03] batch 1480 | loss=0.4143 | acc=0.922
[F2] [E03] batch 1500 | loss=0.4298 | acc=0.938
[F2] [E03] batch 1520 | loss=0.3831 | acc=0.906
[F2] [E03] batch 1540 | loss=0.3912 | acc=0.906
[F2] [E03] batch 1560 | loss=0.2985 | acc=0.984
[F2] [E03] batch 1580 | loss=0.3113 | acc=0.953
[F2] [E03] batch 1600 | loss=0.4985 | acc=0.891
[F2] [E03] batch 1620 | loss=0.3851 | acc=0.922
[F2] [E03] batch 1640 | loss=0.4262 | acc=0.891
[F2] [E03] batch 1660 | loss=0.4355 | acc=0.906
[F2] [E03] batch 1680 | loss=0.3182 | acc=0.953
[F2] [E03] batch 1700 | loss=0.4179 | acc=0.891
[F2] [E03] batch 1720 | loss=0.3313 | acc=0.969
[F2] [E03] batch 1740 | loss=0.3779 | acc=0.938
[F2] [E03] batch 1760 | loss=0.3874 | acc=0.922
[F2] [E03] batch 1780 | loss=0.4261 | acc=0.922
[F2] [E03] batch 1800 | loss=0.3321 | acc=0.969
[F2] [E03] batch 1820 | loss=0.2700 | acc=1.000
[F2] [E03] batch 1840 | loss=0.3500 | acc=0.938
[F2] [E03] batch 1860 | loss=0.3606 | acc=0.938
[F2] [E03] batch 1880 | loss=0.3990 | acc=0.922
[F2] [E03] batch 1900 | loss=0.3233 | acc=0.953
[F2] [E03] total_loss=673.276 | VAL acc=0.963 | F1=0.844 | kappa=0.912
[SAVE] best fold=2 (by VAL F1) -> /scratch/lustre/home/viju8335/projects/sleep-staging-bsc/models/best_seqtransformer_fold2.pth
[F2] [E04] batch 0000 | loss=0.3378 | acc=0.953
[F2] [E04] batch 0020 | loss=0.4401 | acc=0.906
[F2] [E04] batch 0040 | loss=0.3251 | acc=0.953
[F2] [E04] batch 0060 | loss=0.3452 | acc=0.938
[F2] [E04] batch 0080 | loss=0.2821 | acc=0.984
[F2] [E04] batch 0100 | loss=0.4232 | acc=0.922
[F2] [E04] batch 0120 | loss=0.3734 | acc=0.922
[F2] [E04] batch 0140 | loss=0.3533 | acc=0.953
[F2] [E04] batch 0160 | loss=0.4348 | acc=0.906
[F2] [E04] batch 0180 | loss=0.2611 | acc=1.000
[F2] [E04] batch 0200 | loss=0.3838 | acc=0.938
[F2] [E04] batch 0220 | loss=0.4052 | acc=0.906
[F2] [E04] batch 0240 | loss=0.3070 | acc=0.984
[F2] [E04] batch 0260 | loss=0.2972 | acc=0.984
[F2] [E04] batch 0280 | loss=0.3511 | acc=0.969
[F2] [E04] batch 0300 | loss=0.4662 | acc=0.906
[F2] [E04] batch 0320 | loss=0.3313 | acc=0.969
[F2] [E04] batch 0340 | loss=0.3849 | acc=0.906
[F2] [E04] batch 0360 | loss=0.3637 | acc=0.922
[F2] [E04] batch 0380 | loss=0.3517 | acc=0.938
[F2] [E04] batch 0400 | loss=0.3369 | acc=0.938
[F2] [E04] batch 0420 | loss=0.2759 | acc=0.984
[F2] [E04] batch 0440 | loss=0.4156 | acc=0.922
[F2] [E04] batch 0460 | loss=0.3366 | acc=0.953
[F2] [E04] batch 0480 | loss=0.3824 | acc=0.938
[F2] [E04] batch 0500 | loss=0.2749 | acc=1.000
[F2] [E04] batch 0520 | loss=0.4111 | acc=0.938
[F2] [E04] batch 0540 | loss=0.2816 | acc=0.969
[F2] [E04] batch 0560 | loss=0.4071 | acc=0.922
[F2] [E04] batch 0580 | loss=0.2632 | acc=0.984
[F2] [E04] batch 0600 | loss=0.3575 | acc=0.922
[F2] [E04] batch 0620 | loss=0.3750 | acc=0.938
[F2] [E04] batch 0640 | loss=0.2574 | acc=1.000
[F2] [E04] batch 0660 | loss=0.3268 | acc=0.953
[F2] [E04] batch 0680 | loss=0.3295 | acc=0.969
[F2] [E04] batch 0700 | loss=0.3184 | acc=0.938
[F2] [E04] batch 0720 | loss=0.2751 | acc=0.984
[F2] [E04] batch 0740 | loss=0.3585 | acc=0.953
[F2] [E04] batch 0760 | loss=0.2555 | acc=1.000
[F2] [E04] batch 0780 | loss=0.3472 | acc=0.953
[F2] [E04] batch 0800 | loss=0.3286 | acc=0.969
[F2] [E04] batch 0820 | loss=0.3467 | acc=0.969
[F2] [E04] batch 0840 | loss=0.2580 | acc=1.000
[F2] [E04] batch 0860 | loss=0.4316 | acc=0.906
[F2] [E04] batch 0880 | loss=0.3122 | acc=0.953
[F2] [E04] batch 0900 | loss=0.2647 | acc=0.984
[F2] [E04] batch 0920 | loss=0.3282 | acc=0.922
[F2] [E04] batch 0940 | loss=0.3440 | acc=0.906
[F2] [E04] batch 0960 | loss=0.3482 | acc=0.938
[F2] [E04] batch 0980 | loss=0.2339 | acc=1.000
[F2] [E04] batch 1000 | loss=0.2875 | acc=0.969
[F2] [E04] batch 1020 | loss=0.3971 | acc=0.922
[F2] [E04] batch 1040 | loss=0.3546 | acc=0.938
[F2] [E04] batch 1060 | loss=0.3530 | acc=0.938
[F2] [E04] batch 1080 | loss=0.3147 | acc=0.953
[F2] [E04] batch 1100 | loss=0.3406 | acc=0.938
[F2] [E04] batch 1120 | loss=0.3162 | acc=0.969
[F2] [E04] batch 1140 | loss=0.2862 | acc=0.984
[F2] [E04] batch 1160 | loss=0.3043 | acc=0.953
[F2] [E04] batch 1180 | loss=0.3444 | acc=0.938
[F2] [E04] batch 1200 | loss=0.4412 | acc=0.906
[F2] [E04] batch 1220 | loss=0.3012 | acc=0.953
[F2] [E04] batch 1240 | loss=0.3753 | acc=0.922
[F2] [E04] batch 1260 | loss=0.3192 | acc=0.922
[F2] [E04] batch 1280 | loss=0.3002 | acc=0.969
[F2] [E04] batch 1300 | loss=0.2871 | acc=0.969
[F2] [E04] batch 1320 | loss=0.3408 | acc=0.953
[F2] [E04] batch 1340 | loss=0.3676 | acc=0.922
[F2] [E04] batch 1360 | loss=0.3514 | acc=0.953
[F2] [E04] batch 1380 | loss=0.3650 | acc=0.953
[F2] [E04] batch 1400 | loss=0.2855 | acc=0.984
[F2] [E04] batch 1420 | loss=0.3762 | acc=0.953
[F2] [E04] batch 1440 | loss=0.3712 | acc=0.953
[F2] [E04] batch 1460 | loss=0.3110 | acc=0.953
[F2] [E04] batch 1480 | loss=0.2959 | acc=0.938
[F2] [E04] batch 1500 | loss=0.4012 | acc=0.906
[F2] [E04] batch 1520 | loss=0.3851 | acc=0.953
[F2] [E04] batch 1540 | loss=0.3698 | acc=0.906
[F2] [E04] batch 1560 | loss=0.4095 | acc=0.922
[F2] [E04] batch 1580 | loss=0.3483 | acc=0.953
[F2] [E04] batch 1600 | loss=0.3868 | acc=0.938
[F2] [E04] batch 1620 | loss=0.3249 | acc=0.938
[F2] [E04] batch 1640 | loss=0.2954 | acc=0.953
[F2] [E04] batch 1660 | loss=0.2495 | acc=1.000
[F2] [E04] batch 1680 | loss=0.3315 | acc=0.953
[F2] [E04] batch 1700 | loss=0.2993 | acc=0.969
[F2] [E04] batch 1720 | loss=0.3238 | acc=0.953
[F2] [E04] batch 1740 | loss=0.2958 | acc=0.984
[F2] [E04] batch 1760 | loss=0.4155 | acc=0.938
[F2] [E04] batch 1780 | loss=0.2608 | acc=0.984
[F2] [E04] batch 1800 | loss=0.3511 | acc=0.938
[F2] [E04] batch 1820 | loss=0.4500 | acc=0.891
[F2] [E04] batch 1840 | loss=0.2895 | acc=0.969
[F2] [E04] batch 1860 | loss=0.3172 | acc=0.953
[F2] [E04] batch 1880 | loss=0.3229 | acc=0.953
[F2] [E04] batch 1900 | loss=0.3383 | acc=0.969
[F2] [E04] total_loss=660.508 | VAL acc=0.961 | F1=0.825 | kappa=0.906
[F2] [E05] batch 0000 | loss=0.3132 | acc=0.969
[F2] [E05] batch 0020 | loss=0.3176 | acc=0.969
[F2] [E05] batch 0040 | loss=0.3578 | acc=0.938
[F2] [E05] batch 0060 | loss=0.3361 | acc=0.969
[F2] [E05] batch 0080 | loss=0.3683 | acc=0.938
[F2] [E05] batch 0100 | loss=0.4696 | acc=0.875
[F2] [E05] batch 0120 | loss=0.3585 | acc=0.953
[F2] [E05] batch 0140 | loss=0.2817 | acc=0.969
[F2] [E05] batch 0160 | loss=0.3067 | acc=0.969
[F2] [E05] batch 0180 | loss=0.2537 | acc=1.000
[F2] [E05] batch 0200 | loss=0.2477 | acc=1.000
[F2] [E05] batch 0220 | loss=0.2557 | acc=1.000
[F2] [E05] batch 0240 | loss=0.3157 | acc=0.969
[F2] [E05] batch 0260 | loss=0.3723 | acc=0.938
[F2] [E05] batch 0280 | loss=0.3451 | acc=0.938
[F2] [E05] batch 0300 | loss=0.3461 | acc=0.922
[F2] [E05] batch 0320 | loss=0.3592 | acc=0.938
[F2] [E05] batch 0340 | loss=0.3287 | acc=0.969
[F2] [E05] batch 0360 | loss=0.3640 | acc=0.938
[F2] [E05] batch 0380 | loss=0.3118 | acc=0.953
[F2] [E05] batch 0400 | loss=0.3340 | acc=0.953
[F2] [E05] batch 0420 | loss=0.3577 | acc=0.938
[F2] [E05] batch 0440 | loss=0.3989 | acc=0.891
[F2] [E05] batch 0460 | loss=0.4401 | acc=0.891
[F2] [E05] batch 0480 | loss=0.3079 | acc=0.953
[F2] [E05] batch 0500 | loss=0.4362 | acc=0.891
[F2] [E05] batch 0520 | loss=0.4044 | acc=0.922
[F2] [E05] batch 0540 | loss=0.4294 | acc=0.906
[F2] [E05] batch 0560 | loss=0.3202 | acc=0.969
[F2] [E05] batch 0580 | loss=0.3425 | acc=0.938
[F2] [E05] batch 0600 | loss=0.3731 | acc=0.938
[F2] [E05] batch 0620 | loss=0.3420 | acc=0.969
[F2] [E05] batch 0640 | loss=0.3295 | acc=0.953
[F2] [E05] batch 0660 | loss=0.3098 | acc=0.938
[F2] [E05] batch 0680 | loss=0.3594 | acc=0.938
[F2] [E05] batch 0700 | loss=0.2457 | acc=1.000
[F2] [E05] batch 0720 | loss=0.3130 | acc=0.969
[F2] [E05] batch 0740 | loss=0.3743 | acc=0.922
[F2] [E05] batch 0760 | loss=0.4026 | acc=0.922
[F2] [E05] batch 0780 | loss=0.3450 | acc=0.938
[F2] [E05] batch 0800 | loss=0.3058 | acc=0.969
[F2] [E05] batch 0820 | loss=0.3258 | acc=0.938
[F2] [E05] batch 0840 | loss=0.5128 | acc=0.875
[F2] [E05] batch 0860 | loss=0.4270 | acc=0.891
[F2] [E05] batch 0880 | loss=0.3639 | acc=0.922
[F2] [E05] batch 0900 | loss=0.2550 | acc=1.000
[F2] [E05] batch 0920 | loss=0.3683 | acc=0.906
[F2] [E05] batch 0940 | loss=0.2846 | acc=0.953
[F2] [E05] batch 0960 | loss=0.3606 | acc=0.891
[F2] [E05] batch 0980 | loss=0.3231 | acc=0.969
[F2] [E05] batch 1000 | loss=0.3559 | acc=0.938
[F2] [E05] batch 1020 | loss=0.2801 | acc=0.984
[F2] [E05] batch 1040 | loss=0.2642 | acc=1.000
[F2] [E05] batch 1060 | loss=0.3423 | acc=0.938
[F2] [E05] batch 1080 | loss=0.2978 | acc=0.969
[F2] [E05] batch 1100 | loss=0.3130 | acc=0.969
[F2] [E05] batch 1120 | loss=0.3631 | acc=0.938
[F2] [E05] batch 1140 | loss=0.3939 | acc=0.938
[F2] [E05] batch 1160 | loss=0.3173 | acc=0.953
[F2] [E05] batch 1180 | loss=0.2687 | acc=0.969
[F2] [E05] batch 1200 | loss=0.4609 | acc=0.906
[F2] [E05] batch 1220 | loss=0.3536 | acc=0.953
[F2] [E05] batch 1240 | loss=0.3594 | acc=0.953
[F2] [E05] batch 1260 | loss=0.3180 | acc=0.969
[F2] [E05] batch 1280 | loss=0.3426 | acc=0.953
[F2] [E05] batch 1300 | loss=0.4094 | acc=0.953
[F2] [E05] batch 1320 | loss=0.2840 | acc=0.953
[F2] [E05] batch 1340 | loss=0.3423 | acc=0.938
[F2] [E05] batch 1360 | loss=0.3858 | acc=0.922
[F2] [E05] batch 1380 | loss=0.4167 | acc=0.891
[F2] [E05] batch 1400 | loss=0.2789 | acc=0.953
[F2] [E05] batch 1420 | loss=0.3584 | acc=0.953
[F2] [E05] batch 1440 | loss=0.2818 | acc=0.984
[F2] [E05] batch 1460 | loss=0.3097 | acc=0.953
[F2] [E05] batch 1480 | loss=0.3151 | acc=0.953
[F2] [E05] batch 1500 | loss=0.2888 | acc=0.969
[F2] [E05] batch 1520 | loss=0.2737 | acc=0.984
[F2] [E05] batch 1540 | loss=0.3693 | acc=0.891
[F2] [E05] batch 1560 | loss=0.2705 | acc=1.000
[F2] [E05] batch 1580 | loss=0.3506 | acc=0.953
[F2] [E05] batch 1600 | loss=0.3835 | acc=0.953
[F2] [E05] batch 1620 | loss=0.3389 | acc=0.953
[F2] [E05] batch 1640 | loss=0.4305 | acc=0.891
[F2] [E05] batch 1660 | loss=0.2640 | acc=1.000
[F2] [E05] batch 1680 | loss=0.3123 | acc=0.969
[F2] [E05] batch 1700 | loss=0.4038 | acc=0.906
[F2] [E05] batch 1720 | loss=0.4365 | acc=0.875
[F2] [E05] batch 1740 | loss=0.3496 | acc=0.969
[F2] [E05] batch 1760 | loss=0.3022 | acc=0.969
[F2] [E05] batch 1780 | loss=0.3137 | acc=0.953
[F2] [E05] batch 1800 | loss=0.3404 | acc=0.938
[F2] [E05] batch 1820 | loss=0.2980 | acc=0.953
[F2] [E05] batch 1840 | loss=0.3226 | acc=0.969
[F2] [E05] batch 1860 | loss=0.3808 | acc=0.938
[F2] [E05] batch 1880 | loss=0.3486 | acc=0.953
[F2] [E05] batch 1900 | loss=0.3936 | acc=0.922
[F2] [E05] total_loss=651.722 | VAL acc=0.957 | F1=0.821 | kappa=0.896
[F2] [E06] batch 0000 | loss=0.4241 | acc=0.922
[F2] [E06] batch 0020 | loss=0.3013 | acc=0.969
[F2] [E06] batch 0040 | loss=0.2846 | acc=0.969
[F2] [E06] batch 0060 | loss=0.3346 | acc=0.953
[F2] [E06] batch 0080 | loss=0.2870 | acc=0.969
[F2] [E06] batch 0100 | loss=0.2690 | acc=0.969
[F2] [E06] batch 0120 | loss=0.3431 | acc=0.953
[F2] [E06] batch 0140 | loss=0.3153 | acc=0.922
[F2] [E06] batch 0160 | loss=0.3861 | acc=0.922
[F2] [E06] batch 0180 | loss=0.3006 | acc=0.953
[F2] [E06] batch 0200 | loss=0.2872 | acc=0.953
[F2] [E06] batch 0220 | loss=0.2721 | acc=0.984
[F2] [E06] batch 0240 | loss=0.3519 | acc=0.938
[F2] [E06] batch 0260 | loss=0.2835 | acc=0.969
[F2] [E06] batch 0280 | loss=0.3462 | acc=0.969
[F2] [E06] batch 0300 | loss=0.3446 | acc=0.938
[F2] [E06] batch 0320 | loss=0.3205 | acc=0.953
[F2] [E06] batch 0340 | loss=0.3160 | acc=0.938
[F2] [E06] batch 0360 | loss=0.2809 | acc=0.969
[F2] [E06] batch 0380 | loss=0.2673 | acc=0.984
[F2] [E06] batch 0400 | loss=0.2734 | acc=0.984
[F2] [E06] batch 0420 | loss=0.3264 | acc=0.953
[F2] [E06] batch 0440 | loss=0.2904 | acc=0.984
[F2] [E06] batch 0460 | loss=0.3166 | acc=0.953
[F2] [E06] batch 0480 | loss=0.3043 | acc=0.953
[F2] [E06] batch 0500 | loss=0.3346 | acc=0.953
[F2] [E06] batch 0520 | loss=0.4008 | acc=0.922
[F2] [E06] batch 0540 | loss=0.3807 | acc=0.922
[F2] [E06] batch 0560 | loss=0.3845 | acc=0.938
[F2] [E06] batch 0580 | loss=0.2750 | acc=0.984
[F2] [E06] batch 0600 | loss=0.3241 | acc=0.953
[F2] [E06] batch 0620 | loss=0.3637 | acc=0.953
[F2] [E06] batch 0640 | loss=0.3646 | acc=0.938
[F2] [E06] batch 0660 | loss=0.2712 | acc=0.984
[F2] [E06] batch 0680 | loss=0.2934 | acc=0.969
[F2] [E06] batch 0700 | loss=0.4193 | acc=0.922
[F2] [E06] batch 0720 | loss=0.3596 | acc=0.938
[F2] [E06] batch 0740 | loss=0.5133 | acc=0.891
[F2] [E06] batch 0760 | loss=0.3595 | acc=0.922
[F2] [E06] batch 0780 | loss=0.4619 | acc=0.922
[F2] [E06] batch 0800 | loss=0.4180 | acc=0.906
[F2] [E06] batch 0820 | loss=0.2762 | acc=0.984
[F2] [E06] batch 0840 | loss=0.3513 | acc=0.969
[F2] [E06] batch 0860 | loss=0.3765 | acc=0.922
[F2] [E06] batch 0880 | loss=0.2947 | acc=0.969
[F2] [E06] batch 0900 | loss=0.3208 | acc=0.938
[F2] [E06] batch 0920 | loss=0.3036 | acc=0.953
[F2] [E06] batch 0940 | loss=0.3957 | acc=0.938
[F2] [E06] batch 0960 | loss=0.3668 | acc=0.891
[F2] [E06] batch 0980 | loss=0.3231 | acc=0.938
[F2] [E06] batch 1000 | loss=0.3302 | acc=0.969
[F2] [E06] batch 1020 | loss=0.3579 | acc=0.953
[F2] [E06] batch 1040 | loss=0.3971 | acc=0.922
[F2] [E06] batch 1060 | loss=0.4165 | acc=0.938
[F2] [E06] batch 1080 | loss=0.2791 | acc=0.984
[F2] [E06] batch 1100 | loss=0.3756 | acc=0.938
[F2] [E06] batch 1120 | loss=0.2721 | acc=0.984
[F2] [E06] batch 1140 | loss=0.3111 | acc=0.953
[F2] [E06] batch 1160 | loss=0.2934 | acc=0.984
[F2] [E06] batch 1180 | loss=0.4364 | acc=0.906
[F2] [E06] batch 1200 | loss=0.2790 | acc=1.000
[F2] [E06] batch 1220 | loss=0.2885 | acc=0.969
[F2] [E06] batch 1240 | loss=0.3222 | acc=0.969
[F2] [E06] batch 1260 | loss=0.3596 | acc=0.938
[F2] [E06] batch 1280 | loss=0.3142 | acc=0.953
[F2] [E06] batch 1300 | loss=0.3576 | acc=0.938
[F2] [E06] batch 1320 | loss=0.3732 | acc=0.922
[F2] [E06] batch 1340 | loss=0.3487 | acc=0.953
[F2] [E06] batch 1360 | loss=0.3742 | acc=0.922
[F2] [E06] batch 1380 | loss=0.2517 | acc=0.984
[F2] [E06] batch 1400 | loss=0.3052 | acc=0.969
[F2] [E06] batch 1420 | loss=0.3878 | acc=0.938
[F2] [E06] batch 1440 | loss=0.3911 | acc=0.953
[F2] [E06] batch 1460 | loss=0.3338 | acc=0.953
[F2] [E06] batch 1480 | loss=0.2993 | acc=0.984
[F2] [E06] batch 1500 | loss=0.3001 | acc=0.969
[F2] [E06] batch 1520 | loss=0.2788 | acc=0.969
[F2] [E06] batch 1540 | loss=0.3058 | acc=0.969
[F2] [E06] batch 1560 | loss=0.3450 | acc=0.953
[F2] [E06] batch 1580 | loss=0.2976 | acc=0.953
[F2] [E06] batch 1600 | loss=0.2971 | acc=0.953
[F2] [E06] batch 1620 | loss=0.3142 | acc=0.969
[F2] [E06] batch 1640 | loss=0.3567 | acc=0.938
[F2] [E06] batch 1660 | loss=0.3762 | acc=0.938
[F2] [E06] batch 1680 | loss=0.4107 | acc=0.906
[F2] [E06] batch 1700 | loss=0.3615 | acc=0.922
[F2] [E06] batch 1720 | loss=0.4626 | acc=0.938
[F2] [E06] batch 1740 | loss=0.3324 | acc=0.938
[F2] [E06] batch 1760 | loss=0.2998 | acc=0.984
[F2] [E06] batch 1780 | loss=0.3474 | acc=0.938
[F2] [E06] batch 1800 | loss=0.3675 | acc=0.938
[F2] [E06] batch 1820 | loss=0.3565 | acc=0.922
[F2] [E06] batch 1840 | loss=0.2951 | acc=0.984
[F2] [E06] batch 1860 | loss=0.2639 | acc=0.984
[F2] [E06] batch 1880 | loss=0.3832 | acc=0.906
[F2] [E06] batch 1900 | loss=0.2954 | acc=0.953
[F2] [E06] total_loss=641.293 | VAL acc=0.954 | F1=0.833 | kappa=0.890
[F2] [E07] batch 0000 | loss=0.3805 | acc=0.906
[F2] [E07] batch 0020 | loss=0.3831 | acc=0.938
[F2] [E07] batch 0040 | loss=0.3091 | acc=0.953
[F2] [E07] batch 0060 | loss=0.3347 | acc=0.969
[F2] [E07] batch 0080 | loss=0.3855 | acc=0.938
[F2] [E07] batch 0100 | loss=0.3810 | acc=0.922
[F2] [E07] batch 0120 | loss=0.5104 | acc=0.859
[F2] [E07] batch 0140 | loss=0.3428 | acc=0.938
[F2] [E07] batch 0160 | loss=0.4150 | acc=0.891
[F2] [E07] batch 0180 | loss=0.4745 | acc=0.922
[F2] [E07] batch 0200 | loss=0.2891 | acc=0.953
[F2] [E07] batch 0220 | loss=0.3382 | acc=0.922
[F2] [E07] batch 0240 | loss=0.3175 | acc=0.953
[F2] [E07] batch 0260 | loss=0.2863 | acc=0.969
[F2] [E07] batch 0280 | loss=0.3809 | acc=0.922
[F2] [E07] batch 0300 | loss=0.3366 | acc=0.938
[F2] [E07] batch 0320 | loss=0.3412 | acc=0.969
[F2] [E07] batch 0340 | loss=0.2896 | acc=0.969
[F2] [E07] batch 0360 | loss=0.3140 | acc=0.984
[F2] [E07] batch 0380 | loss=0.3426 | acc=0.938
[F2] [E07] batch 0400 | loss=0.3497 | acc=0.938
[F2] [E07] batch 0420 | loss=0.3180 | acc=0.953
[F2] [E07] batch 0440 | loss=0.3852 | acc=0.922
[F2] [E07] batch 0460 | loss=0.3929 | acc=0.922
[F2] [E07] batch 0480 | loss=0.2706 | acc=0.984
[F2] [E07] batch 0500 | loss=0.2850 | acc=0.969
[F2] [E07] batch 0520 | loss=0.2786 | acc=0.984
[F2] [E07] batch 0540 | loss=0.2841 | acc=0.984
[F2] [E07] batch 0560 | loss=0.2695 | acc=1.000
[F2] [E07] batch 0580 | loss=0.3597 | acc=0.953
[F2] [E07] batch 0600 | loss=0.2885 | acc=0.969
[F2] [E07] batch 0620 | loss=0.3018 | acc=0.969
[F2] [E07] batch 0640 | loss=0.2887 | acc=0.969
[F2] [E07] batch 0660 | loss=0.2765 | acc=0.984
[F2] [E07] batch 0680 | loss=0.3358 | acc=0.922
[F2] [E07] batch 0700 | loss=0.3075 | acc=0.953
[F2] [E07] batch 0720 | loss=0.3192 | acc=0.969
[F2] [E07] batch 0740 | loss=0.3134 | acc=0.969
[F2] [E07] batch 0760 | loss=0.3634 | acc=0.922
[F2] [E07] batch 0780 | loss=0.2486 | acc=1.000
[F2] [E07] batch 0800 | loss=0.3460 | acc=0.906
[F2] [E07] batch 0820 | loss=0.5667 | acc=0.875
[F2] [E07] batch 0840 | loss=0.2728 | acc=0.969
[F2] [E07] batch 0860 | loss=0.3618 | acc=0.938
[F2] [E07] batch 0880 | loss=0.3099 | acc=0.969
[F2] [E07] batch 0900 | loss=0.3514 | acc=0.953
[F2] [E07] batch 0920 | loss=0.3917 | acc=0.906
[F2] [E07] batch 0940 | loss=0.3328 | acc=0.953
[F2] [E07] batch 0960 | loss=0.3982 | acc=0.891
[F2] [E07] batch 0980 | loss=0.3301 | acc=0.953
[F2] [E07] batch 1000 | loss=0.4029 | acc=0.922
[F2] [E07] batch 1020 | loss=0.4197 | acc=0.938
[F2] [E07] batch 1040 | loss=0.3499 | acc=0.953
[F2] [E07] batch 1060 | loss=0.3390 | acc=0.953
[F2] [E07] batch 1080 | loss=0.3321 | acc=0.938
[F2] [E07] batch 1100 | loss=0.3897 | acc=0.922
[F2] [E07] batch 1120 | loss=0.2949 | acc=0.969
[F2] [E07] batch 1140 | loss=0.3859 | acc=0.938
[F2] [E07] batch 1160 | loss=0.3457 | acc=0.922
[F2] [E07] batch 1180 | loss=0.3213 | acc=0.953
[F2] [E07] batch 1200 | loss=0.3090 | acc=0.969
[F2] [E07] batch 1220 | loss=0.2751 | acc=0.984
[F2] [E07] batch 1240 | loss=0.3166 | acc=0.969
[F2] [E07] batch 1260 | loss=0.3485 | acc=0.953
[F2] [E07] batch 1280 | loss=0.4059 | acc=0.891
[F2] [E07] batch 1300 | loss=0.3953 | acc=0.906
[F2] [E07] batch 1320 | loss=0.3625 | acc=0.906
[F2] [E07] batch 1340 | loss=0.3674 | acc=0.938
[F2] [E07] batch 1360 | loss=0.3657 | acc=0.938
[F2] [E07] batch 1380 | loss=0.3289 | acc=0.969
[F2] [E07] batch 1400 | loss=0.2650 | acc=0.969
[F2] [E07] batch 1420 | loss=0.3383 | acc=0.938
[F2] [E07] batch 1440 | loss=0.3558 | acc=0.938
[F2] [E07] batch 1460 | loss=0.3120 | acc=0.938
[F2] [E07] batch 1480 | loss=0.2959 | acc=0.969
[F2] [E07] batch 1500 | loss=0.3471 | acc=0.953
[F2] [E07] batch 1520 | loss=0.3768 | acc=0.922
[F2] [E07] batch 1540 | loss=0.4017 | acc=0.906
[F2] [E07] batch 1560 | loss=0.2684 | acc=0.984
[F2] [E07] batch 1580 | loss=0.3823 | acc=0.922
[F2] [E07] batch 1600 | loss=0.4167 | acc=0.922
[F2] [E07] batch 1620 | loss=0.2796 | acc=0.953
[F2] [E07] batch 1640 | loss=0.2441 | acc=0.984
[F2] [E07] batch 1660 | loss=0.4333 | acc=0.891
[F2] [E07] batch 1680 | loss=0.2983 | acc=0.953
[F2] [E07] batch 1700 | loss=0.3229 | acc=0.938
[F2] [E07] batch 1720 | loss=0.4107 | acc=0.922
[F2] [E07] batch 1740 | loss=0.4106 | acc=0.922
[F2] [E07] batch 1760 | loss=0.3623 | acc=0.938
[F2] [E07] batch 1780 | loss=0.3074 | acc=0.953
[F2] [E07] batch 1800 | loss=0.4183 | acc=0.922
[F2] [E07] batch 1820 | loss=0.3396 | acc=0.953
[F2] [E07] batch 1840 | loss=0.3239 | acc=0.953
[F2] [E07] batch 1860 | loss=0.3168 | acc=0.953
[F2] [E07] batch 1880 | loss=0.2757 | acc=1.000
[F2] [E07] batch 1900 | loss=0.2908 | acc=0.953
[F2] [E07] total_loss=636.383 | VAL acc=0.961 | F1=0.831 | kappa=0.906
[F2] [E08] batch 0000 | loss=0.4189 | acc=0.906
[F2] [E08] batch 0020 | loss=0.3234 | acc=0.938
[F2] [E08] batch 0040 | loss=0.3375 | acc=0.938
[F2] [E08] batch 0060 | loss=0.3134 | acc=0.984
[F2] [E08] batch 0080 | loss=0.2946 | acc=0.969
[F2] [E08] batch 0100 | loss=0.2770 | acc=0.969
[F2] [E08] batch 0120 | loss=0.3287 | acc=0.938
[F2] [E08] batch 0140 | loss=0.4066 | acc=0.938
[F2] [E08] batch 0160 | loss=0.2963 | acc=0.953
[F2] [E08] batch 0180 | loss=0.3092 | acc=0.969
[F2] [E08] batch 0200 | loss=0.3444 | acc=0.953
[F2] [E08] batch 0220 | loss=0.3645 | acc=0.938
[F2] [E08] batch 0240 | loss=0.3313 | acc=0.953
[F2] [E08] batch 0260 | loss=0.2846 | acc=0.969
[F2] [E08] batch 0280 | loss=0.3339 | acc=0.984
[F2] [E08] batch 0300 | loss=0.3476 | acc=0.938
[F2] [E08] batch 0320 | loss=0.3035 | acc=0.969
[F2] [E08] batch 0340 | loss=0.2477 | acc=1.000
[F2] [E08] batch 0360 | loss=0.3787 | acc=0.922
[F2] [E08] batch 0380 | loss=0.3124 | acc=0.953
[F2] [E08] batch 0400 | loss=0.3040 | acc=0.969
[F2] [E08] batch 0420 | loss=0.3422 | acc=0.969
[F2] [E08] batch 0440 | loss=0.2815 | acc=0.984
[F2] [E08] batch 0460 | loss=0.3620 | acc=0.953
[F2] [E08] batch 0480 | loss=0.3753 | acc=0.922
[F2] [E08] batch 0500 | loss=0.2413 | acc=1.000
[F2] [E08] batch 0520 | loss=0.2466 | acc=1.000
[F2] [E08] batch 0540 | loss=0.3223 | acc=0.953
[F2] [E08] batch 0560 | loss=0.3448 | acc=0.938
[F2] [E08] batch 0580 | loss=0.3759 | acc=0.922
[F2] [E08] batch 0600 | loss=0.2712 | acc=0.969
[F2] [E08] batch 0620 | loss=0.3615 | acc=0.922
[F2] [E08] batch 0640 | loss=0.2954 | acc=0.969
[F2] [E08] batch 0660 | loss=0.2984 | acc=0.969
[F2] [E08] batch 0680 | loss=0.3621 | acc=0.938
[F2] [E08] batch 0700 | loss=0.3359 | acc=0.953
[F2] [E08] batch 0720 | loss=0.3516 | acc=0.922
[F2] [E08] batch 0740 | loss=0.2873 | acc=0.984
[F2] [E08] batch 0760 | loss=0.3387 | acc=0.953
[F2] [E08] batch 0780 | loss=0.3775 | acc=0.922
[F2] [E08] batch 0800 | loss=0.2783 | acc=0.969
[F2] [E08] batch 0820 | loss=0.2631 | acc=0.969
[F2] [E08] batch 0840 | loss=0.3217 | acc=0.969
[F2] [E08] batch 0860 | loss=0.3221 | acc=0.953
[F2] [E08] batch 0880 | loss=0.3786 | acc=0.938
[F2] [E08] batch 0900 | loss=0.3541 | acc=0.938
[F2] [E08] batch 0920 | loss=0.3300 | acc=0.938
[F2] [E08] batch 0940 | loss=0.2868 | acc=0.969
[F2] [E08] batch 0960 | loss=0.3276 | acc=0.922
[F2] [E08] batch 0980 | loss=0.3001 | acc=0.953
[F2] [E08] batch 1000 | loss=0.3935 | acc=0.938
[F2] [E08] batch 1020 | loss=0.3366 | acc=0.953
[F2] [E08] batch 1040 | loss=0.3374 | acc=0.938
[F2] [E08] batch 1060 | loss=0.2851 | acc=0.984
[F2] [E08] batch 1080 | loss=0.4004 | acc=0.906
[F2] [E08] batch 1100 | loss=0.2902 | acc=0.984
[F2] [E08] batch 1120 | loss=0.2724 | acc=0.969
[F2] [E08] batch 1140 | loss=0.2873 | acc=0.984
[F2] [E08] batch 1160 | loss=0.4245 | acc=0.906
[F2] [E08] batch 1180 | loss=0.3769 | acc=0.938
[F2] [E08] batch 1200 | loss=0.2588 | acc=0.984
[F2] [E08] batch 1220 | loss=0.2845 | acc=0.953
[F2] [E08] batch 1240 | loss=0.3158 | acc=0.984
[F2] [E08] batch 1260 | loss=0.2921 | acc=0.953
[F2] [E08] batch 1280 | loss=0.3479 | acc=0.953
[F2] [E08] batch 1300 | loss=0.2685 | acc=0.984
[F2] [E08] batch 1320 | loss=0.4299 | acc=0.922
[F2] [E08] batch 1340 | loss=0.3348 | acc=0.953
[F2] [E08] batch 1360 | loss=0.3215 | acc=0.953
[F2] [E08] batch 1380 | loss=0.3327 | acc=0.938
[F2] [E08] batch 1400 | loss=0.3416 | acc=0.969
[F2] [E08] batch 1420 | loss=0.3435 | acc=0.953
[F2] [E08] batch 1440 | loss=0.3464 | acc=0.938
[F2] [E08] batch 1460 | loss=0.4205 | acc=0.906
[F2] [E08] batch 1480 | loss=0.4640 | acc=0.906
[F2] [E08] batch 1500 | loss=0.3343 | acc=0.938
[F2] [E08] batch 1520 | loss=0.2537 | acc=1.000
[F2] [E08] batch 1540 | loss=0.2997 | acc=0.984
[F2] [E08] batch 1560 | loss=0.3562 | acc=0.922
[F2] [E08] batch 1580 | loss=0.3015 | acc=0.953
[F2] [E08] batch 1600 | loss=0.2661 | acc=0.984
[F2] [E08] batch 1620 | loss=0.2623 | acc=0.984
[F2] [E08] batch 1640 | loss=0.3581 | acc=0.938
[F2] [E08] batch 1660 | loss=0.2940 | acc=0.984
[F2] [E08] batch 1680 | loss=0.3057 | acc=0.969
[F2] [E08] batch 1700 | loss=0.3193 | acc=0.953
[F2] [E08] batch 1720 | loss=0.3208 | acc=0.953
[F2] [E08] batch 1740 | loss=0.3050 | acc=0.969
[F2] [E08] batch 1760 | loss=0.2611 | acc=0.969
[F2] [E08] batch 1780 | loss=0.3311 | acc=0.953
[F2] [E08] batch 1800 | loss=0.3282 | acc=0.969
[F2] [E08] batch 1820 | loss=0.2739 | acc=0.969
[F2] [E08] batch 1840 | loss=0.3074 | acc=0.984
[F2] [E08] batch 1860 | loss=0.3203 | acc=0.969
[F2] [E08] batch 1880 | loss=0.3040 | acc=0.953
[F2] [E08] batch 1900 | loss=0.3154 | acc=0.953
[F2] [E08] total_loss=613.970 | VAL acc=0.963 | F1=0.841 | kappa=0.912
[F2] [E09] batch 0000 | loss=0.3925 | acc=0.938
[F2] [E09] batch 0020 | loss=0.3667 | acc=0.938
[F2] [E09] batch 0040 | loss=0.3197 | acc=0.969
[F2] [E09] batch 0060 | loss=0.2634 | acc=0.969
[F2] [E09] batch 0080 | loss=0.3992 | acc=0.906
[F2] [E09] batch 0100 | loss=0.3271 | acc=0.938
[F2] [E09] batch 0120 | loss=0.3443 | acc=0.922
[F2] [E09] batch 0140 | loss=0.3854 | acc=0.922
[F2] [E09] batch 0160 | loss=0.2804 | acc=0.984
[F2] [E09] batch 0180 | loss=0.2567 | acc=0.984
[F2] [E09] batch 0200 | loss=0.3319 | acc=0.953
[F2] [E09] batch 0220 | loss=0.3404 | acc=0.953
[F2] [E09] batch 0240 | loss=0.2935 | acc=0.969
[F2] [E09] batch 0260 | loss=0.2805 | acc=0.969
[F2] [E09] batch 0280 | loss=0.3320 | acc=0.953
[F2] [E09] batch 0300 | loss=0.3203 | acc=0.953
[F2] [E09] batch 0320 | loss=0.2710 | acc=0.984
[F2] [E09] batch 0340 | loss=0.3518 | acc=0.938
[F2] [E09] batch 0360 | loss=0.2648 | acc=0.984
[F2] [E09] batch 0380 | loss=0.2940 | acc=0.969
[F2] [E09] batch 0400 | loss=0.3540 | acc=0.938
[F2] [E09] batch 0420 | loss=0.3045 | acc=0.969
[F2] [E09] batch 0440 | loss=0.2534 | acc=0.984
[F2] [E09] batch 0460 | loss=0.3287 | acc=0.938
[F2] [E09] batch 0480 | loss=0.3625 | acc=0.906
[F2] [E09] batch 0500 | loss=0.2496 | acc=0.984
[F2] [E09] batch 0520 | loss=0.3964 | acc=0.938
[F2] [E09] batch 0540 | loss=0.2800 | acc=0.969
[F2] [E09] batch 0560 | loss=0.3364 | acc=0.953
[F2] [E09] batch 0580 | loss=0.3694 | acc=0.938
[F2] [E09] batch 0600 | loss=0.2618 | acc=0.969
[F2] [E09] batch 0620 | loss=0.3313 | acc=0.969
[F2] [E09] batch 0640 | loss=0.3736 | acc=0.906
[F2] [E09] batch 0660 | loss=0.3097 | acc=0.969
[F2] [E09] batch 0680 | loss=0.3563 | acc=0.922
[F2] [E09] batch 0700 | loss=0.3613 | acc=0.953
[F2] [E09] batch 0720 | loss=0.2800 | acc=0.969
[F2] [E09] batch 0740 | loss=0.3447 | acc=0.938
[F2] [E09] batch 0760 | loss=0.2769 | acc=0.953
[F2] [E09] batch 0780 | loss=0.2894 | acc=0.953
[F2] [E09] batch 0800 | loss=0.3249 | acc=0.953
[F2] [E09] batch 0820 | loss=0.2738 | acc=0.984
[F2] [E09] batch 0840 | loss=0.4007 | acc=0.938
[F2] [E09] batch 0860 | loss=0.2873 | acc=0.984
[F2] [E09] batch 0880 | loss=0.3559 | acc=0.953
[F2] [E09] batch 0900 | loss=0.2727 | acc=0.984
[F2] [E09] batch 0920 | loss=0.2461 | acc=1.000
[F2] [E09] batch 0940 | loss=0.2524 | acc=1.000
[F2] [E09] batch 0960 | loss=0.3975 | acc=0.922
[F2] [E09] batch 0980 | loss=0.4119 | acc=0.953
[F2] [E09] batch 1000 | loss=0.2872 | acc=0.969
[F2] [E09] batch 1020 | loss=0.2499 | acc=1.000
[F2] [E09] batch 1040 | loss=0.3113 | acc=0.953
[F2] [E09] batch 1060 | loss=0.3290 | acc=0.938
[F2] [E09] batch 1080 | loss=0.2589 | acc=0.984
[F2] [E09] batch 1100 | loss=0.3284 | acc=0.969
[F2] [E09] batch 1120 | loss=0.3367 | acc=0.938
[F2] [E09] batch 1140 | loss=0.3340 | acc=0.953
[F2] [E09] batch 1160 | loss=0.2677 | acc=0.969
[F2] [E09] batch 1180 | loss=0.3566 | acc=0.938
[F2] [E09] batch 1200 | loss=0.3340 | acc=0.969
[F2] [E09] batch 1220 | loss=0.3035 | acc=0.953
[F2] [E09] batch 1240 | loss=0.3373 | acc=0.953
[F2] [E09] batch 1260 | loss=0.4123 | acc=0.922
[F2] [E09] batch 1280 | loss=0.3334 | acc=0.922
[F2] [E09] batch 1300 | loss=0.2604 | acc=0.984
[F2] [E09] batch 1320 | loss=0.3108 | acc=0.969
[F2] [E09] batch 1340 | loss=0.3445 | acc=0.953
[F2] [E09] batch 1360 | loss=0.2885 | acc=0.953
[F2] [E09] batch 1380 | loss=0.2709 | acc=0.984
[F2] [E09] batch 1400 | loss=0.3558 | acc=0.938
[F2] [E09] batch 1420 | loss=0.2790 | acc=0.969
[F2] [E09] batch 1440 | loss=0.3491 | acc=0.938
[F2] [E09] batch 1460 | loss=0.3304 | acc=0.938
[F2] [E09] batch 1480 | loss=0.2617 | acc=1.000
[F2] [E09] batch 1500 | loss=0.3051 | acc=0.953
[F2] [E09] batch 1520 | loss=0.3545 | acc=0.938
[F2] [E09] batch 1540 | loss=0.2878 | acc=0.984
[F2] [E09] batch 1560 | loss=0.4166 | acc=0.906
[F2] [E09] batch 1580 | loss=0.3451 | acc=0.922
[F2] [E09] batch 1600 | loss=0.3516 | acc=0.938
[F2] [E09] batch 1620 | loss=0.3633 | acc=0.922
[F2] [E09] batch 1640 | loss=0.3025 | acc=0.969
[F2] [E09] batch 1660 | loss=0.3941 | acc=0.922
[F2] [E09] batch 1680 | loss=0.2763 | acc=0.969
[F2] [E09] batch 1700 | loss=0.2493 | acc=0.984
[F2] [E09] batch 1720 | loss=0.3897 | acc=0.891
[F2] [E09] batch 1740 | loss=0.3713 | acc=0.922
[F2] [E09] batch 1760 | loss=0.2573 | acc=1.000
[F2] [E09] batch 1780 | loss=0.3086 | acc=0.969
[F2] [E09] batch 1800 | loss=0.3820 | acc=0.922
[F2] [E09] batch 1820 | loss=0.3461 | acc=0.922
[F2] [E09] batch 1840 | loss=0.4082 | acc=0.953
[F2] [E09] batch 1860 | loss=0.2983 | acc=0.984
[F2] [E09] batch 1880 | loss=0.3914 | acc=0.938
[F2] [E09] batch 1900 | loss=0.2341 | acc=1.000
[F2] [E09] total_loss=607.758 | VAL acc=0.965 | F1=0.847 | kappa=0.915
[SAVE] best fold=2 (by VAL F1) -> /scratch/lustre/home/viju8335/projects/sleep-staging-bsc/models/best_seqtransformer_fold2.pth
[F2] [E10] batch 0000 | loss=0.2941 | acc=0.953
[F2] [E10] batch 0020 | loss=0.2574 | acc=0.984
[F2] [E10] batch 0040 | loss=0.3936 | acc=0.938
[F2] [E10] batch 0060 | loss=0.3340 | acc=0.953
[F2] [E10] batch 0080 | loss=0.2971 | acc=0.969
[F2] [E10] batch 0100 | loss=0.3532 | acc=0.969
[F2] [E10] batch 0120 | loss=0.4361 | acc=0.922
[F2] [E10] batch 0140 | loss=0.2910 | acc=0.953
[F2] [E10] batch 0160 | loss=0.4679 | acc=0.891
[F2] [E10] batch 0180 | loss=0.2492 | acc=0.984
[F2] [E10] batch 0200 | loss=0.3369 | acc=0.922
[F2] [E10] batch 0220 | loss=0.3284 | acc=0.953
[F2] [E10] batch 0240 | loss=0.2717 | acc=0.984
[F2] [E10] batch 0260 | loss=0.2579 | acc=0.984
[F2] [E10] batch 0280 | loss=0.3092 | acc=0.953
[F2] [E10] batch 0300 | loss=0.3533 | acc=0.922
[F2] [E10] batch 0320 | loss=0.2986 | acc=0.969
[F2] [E10] batch 0340 | loss=0.2718 | acc=0.984
[F2] [E10] batch 0360 | loss=0.2989 | acc=0.969
[F2] [E10] batch 0380 | loss=0.2946 | acc=0.969
[F2] [E10] batch 0400 | loss=0.2777 | acc=0.969
[F2] [E10] batch 0420 | loss=0.3438 | acc=0.938
[F2] [E10] batch 0440 | loss=0.3352 | acc=0.922
[F2] [E10] batch 0460 | loss=0.2921 | acc=0.969
[F2] [E10] batch 0480 | loss=0.3568 | acc=0.938
[F2] [E10] batch 0500 | loss=0.2616 | acc=0.984
[F2] [E10] batch 0520 | loss=0.3249 | acc=0.953
[F2] [E10] batch 0540 | loss=0.2833 | acc=0.969
[F2] [E10] batch 0560 | loss=0.2981 | acc=0.984
[F2] [E10] batch 0580 | loss=0.2981 | acc=0.969
[F2] [E10] batch 0600 | loss=0.2789 | acc=0.984
[F2] [E10] batch 0620 | loss=0.3932 | acc=0.922
[F2] [E10] batch 0640 | loss=0.3043 | acc=0.969
[F2] [E10] batch 0660 | loss=0.2691 | acc=0.984
[F2] [E10] batch 0680 | loss=0.3281 | acc=0.938
[F2] [E10] batch 0700 | loss=0.3476 | acc=0.938
[F2] [E10] batch 0720 | loss=0.3038 | acc=0.969
[F2] [E10] batch 0740 | loss=0.3367 | acc=0.938
[F2] [E10] batch 0760 | loss=0.3112 | acc=0.938
[F2] [E10] batch 0780 | loss=0.3846 | acc=0.922
[F2] [E10] batch 0800 | loss=0.4013 | acc=0.938
[F2] [E10] batch 0820 | loss=0.2568 | acc=0.984
[F2] [E10] batch 0840 | loss=0.3053 | acc=0.984
[F2] [E10] batch 0860 | loss=0.3809 | acc=0.953
[F2] [E10] batch 0880 | loss=0.3728 | acc=0.922
[F2] [E10] batch 0900 | loss=0.3957 | acc=0.906
[F2] [E10] batch 0920 | loss=0.2938 | acc=0.969
[F2] [E10] batch 0940 | loss=0.2781 | acc=0.984
[F2] [E10] batch 0960 | loss=0.3042 | acc=0.984
[F2] [E10] batch 0980 | loss=0.2958 | acc=0.984
[F2] [E10] batch 1000 | loss=0.3075 | acc=0.953
[F2] [E10] batch 1020 | loss=0.2753 | acc=0.984
[F2] [E10] batch 1040 | loss=0.3488 | acc=0.938
[F2] [E10] batch 1060 | loss=0.3700 | acc=0.922
[F2] [E10] batch 1080 | loss=0.4322 | acc=0.922
[F2] [E10] batch 1100 | loss=0.2624 | acc=0.984
[F2] [E10] batch 1120 | loss=0.3380 | acc=0.953
[F2] [E10] batch 1140 | loss=0.2890 | acc=0.969
[F2] [E10] batch 1160 | loss=0.2332 | acc=1.000
[F2] [E10] batch 1180 | loss=0.2328 | acc=1.000
[F2] [E10] batch 1200 | loss=0.2642 | acc=1.000
[F2] [E10] batch 1220 | loss=0.2722 | acc=1.000
[F2] [E10] batch 1240 | loss=0.2677 | acc=0.969
[F2] [E10] batch 1260 | loss=0.3123 | acc=0.984
[F2] [E10] batch 1280 | loss=0.3823 | acc=0.906
[F2] [E10] batch 1300 | loss=0.3122 | acc=0.953
[F2] [E10] batch 1320 | loss=0.3076 | acc=0.953
[F2] [E10] batch 1340 | loss=0.2431 | acc=0.984
[F2] [E10] batch 1360 | loss=0.3355 | acc=0.938
[F2] [E10] batch 1380 | loss=0.3187 | acc=0.984
[F2] [E10] batch 1400 | loss=0.3646 | acc=0.953
[F2] [E10] batch 1420 | loss=0.3821 | acc=0.938
[F2] [E10] batch 1440 | loss=0.3213 | acc=0.953
[F2] [E10] batch 1460 | loss=0.3229 | acc=0.938
[F2] [E10] batch 1480 | loss=0.2755 | acc=0.984
[F2] [E10] batch 1500 | loss=0.2678 | acc=0.984
[F2] [E10] batch 1520 | loss=0.3841 | acc=0.938
[F2] [E10] batch 1540 | loss=0.2777 | acc=0.984
[F2] [E10] batch 1560 | loss=0.2888 | acc=0.984
[F2] [E10] batch 1580 | loss=0.2883 | acc=0.969
[F2] [E10] batch 1600 | loss=0.2703 | acc=0.984
[F2] [E10] batch 1620 | loss=0.3151 | acc=0.953
[F2] [E10] batch 1640 | loss=0.2831 | acc=0.953
[F2] [E10] batch 1660 | loss=0.3274 | acc=0.953
[F2] [E10] batch 1680 | loss=0.2466 | acc=1.000
[F2] [E10] batch 1700 | loss=0.3104 | acc=0.969
[F2] [E10] batch 1720 | loss=0.3650 | acc=0.938
[F2] [E10] batch 1740 | loss=0.2604 | acc=0.984
[F2] [E10] batch 1760 | loss=0.3837 | acc=0.891
[F2] [E10] batch 1780 | loss=0.3337 | acc=0.938
[F2] [E10] batch 1800 | loss=0.2773 | acc=1.000
[F2] [E10] batch 1820 | loss=0.2683 | acc=0.984
[F2] [E10] batch 1840 | loss=0.3541 | acc=0.922
[F2] [E10] batch 1860 | loss=0.3074 | acc=0.969
[F2] [E10] batch 1880 | loss=0.3111 | acc=0.969
[F2] [E10] batch 1900 | loss=0.2889 | acc=0.953
[F2] [E10] total_loss=603.351 | VAL acc=0.955 | F1=0.831 | kappa=0.892
[F2] [E11] batch 0000 | loss=0.2868 | acc=0.938
[F2] [E11] batch 0020 | loss=0.3615 | acc=0.922
[F2] [E11] batch 0040 | loss=0.2725 | acc=0.984
[F2] [E11] batch 0060 | loss=0.3479 | acc=0.938
[F2] [E11] batch 0080 | loss=0.3192 | acc=0.969
[F2] [E11] batch 0100 | loss=0.2846 | acc=0.984
[F2] [E11] batch 0120 | loss=0.3302 | acc=0.953
[F2] [E11] batch 0140 | loss=0.2689 | acc=0.984
[F2] [E11] batch 0160 | loss=0.3150 | acc=0.969
[F2] [E11] batch 0180 | loss=0.3502 | acc=0.922
[F2] [E11] batch 0200 | loss=0.2498 | acc=1.000
[F2] [E11] batch 0220 | loss=0.3499 | acc=0.969
[F2] [E11] batch 0240 | loss=0.3317 | acc=0.953
[F2] [E11] batch 0260 | loss=0.2533 | acc=1.000
[F2] [E11] batch 0280 | loss=0.3615 | acc=0.938
[F2] [E11] batch 0300 | loss=0.3038 | acc=0.953
[F2] [E11] batch 0320 | loss=0.3360 | acc=0.938
[F2] [E11] batch 0340 | loss=0.3203 | acc=0.969
[F2] [E11] batch 0360 | loss=0.4076 | acc=0.922
[F2] [E11] batch 0380 | loss=0.2979 | acc=0.984
[F2] [E11] batch 0400 | loss=0.2690 | acc=0.969
[F2] [E11] batch 0420 | loss=0.3664 | acc=0.953
[F2] [E11] batch 0440 | loss=0.2549 | acc=0.984
[F2] [E11] batch 0460 | loss=0.3376 | acc=0.938
[F2] [E11] batch 0480 | loss=0.2980 | acc=0.953
[F2] [E11] batch 0500 | loss=0.3654 | acc=0.938
[F2] [E11] batch 0520 | loss=0.3205 | acc=0.953
[F2] [E11] batch 0540 | loss=0.3238 | acc=0.953
[F2] [E11] batch 0560 | loss=0.3593 | acc=0.922
[F2] [E11] batch 0580 | loss=0.3136 | acc=0.953
[F2] [E11] batch 0600 | loss=0.2794 | acc=0.969
[F2] [E11] batch 0620 | loss=0.2830 | acc=0.969
[F2] [E11] batch 0640 | loss=0.2715 | acc=0.969
[F2] [E11] batch 0660 | loss=0.3383 | acc=0.953
[F2] [E11] batch 0680 | loss=0.2566 | acc=1.000
[F2] [E11] batch 0700 | loss=0.3511 | acc=0.953
[F2] [E11] batch 0720 | loss=0.3158 | acc=0.938
[F2] [E11] batch 0740 | loss=0.3121 | acc=0.969
[F2] [E11] batch 0760 | loss=0.2697 | acc=0.984
[F2] [E11] batch 0780 | loss=0.2481 | acc=1.000
[F2] [E11] batch 0800 | loss=0.3771 | acc=0.938
[F2] [E11] batch 0820 | loss=0.3994 | acc=0.906
[F2] [E11] batch 0840 | loss=0.2751 | acc=0.984
[F2] [E11] batch 0860 | loss=0.2909 | acc=0.984
[F2] [E11] batch 0880 | loss=0.3331 | acc=0.953
[F2] [E11] batch 0900 | loss=0.3046 | acc=0.953
[F2] [E11] batch 0920 | loss=0.3852 | acc=0.938
[F2] [E11] batch 0940 | loss=0.4028 | acc=0.906
[F2] [E11] batch 0960 | loss=0.3371 | acc=0.922
[F2] [E11] batch 0980 | loss=0.3666 | acc=0.953
[F2] [E11] batch 1000 | loss=0.3319 | acc=0.969
[F2] [E11] batch 1020 | loss=0.3324 | acc=0.969
[F2] [E11] batch 1040 | loss=0.2903 | acc=0.953
[F2] [E11] batch 1060 | loss=0.2850 | acc=0.984
[F2] [E11] batch 1080 | loss=0.3171 | acc=0.953
[F2] [E11] batch 1100 | loss=0.3412 | acc=0.953
[F2] [E11] batch 1120 | loss=0.2673 | acc=0.969
[F2] [E11] batch 1140 | loss=0.3137 | acc=0.969
[F2] [E11] batch 1160 | loss=0.2975 | acc=0.984
[F2] [E11] batch 1180 | loss=0.3287 | acc=0.953
[F2] [E11] batch 1200 | loss=0.2565 | acc=0.969
[F2] [E11] batch 1220 | loss=0.3041 | acc=0.969
[F2] [E11] batch 1240 | loss=0.3347 | acc=0.969
[F2] [E11] batch 1260 | loss=0.3335 | acc=0.969
[F2] [E11] batch 1280 | loss=0.3411 | acc=0.938
[F2] [E11] batch 1300 | loss=0.3436 | acc=0.953
[F2] [E11] batch 1320 | loss=0.3644 | acc=0.938
[F2] [E11] batch 1340 | loss=0.3894 | acc=0.938
[F2] [E11] batch 1360 | loss=0.3793 | acc=0.953
[F2] [E11] batch 1380 | loss=0.3795 | acc=0.922
[F2] [E11] batch 1400 | loss=0.3316 | acc=0.953
[F2] [E11] batch 1420 | loss=0.2645 | acc=0.984
[F2] [E11] batch 1440 | loss=0.2916 | acc=0.984
[F2] [E11] batch 1460 | loss=0.3146 | acc=0.953
[F2] [E11] batch 1480 | loss=0.2710 | acc=0.969
[F2] [E11] batch 1500 | loss=0.3847 | acc=0.922
[F2] [E11] batch 1520 | loss=0.3113 | acc=0.969
[F2] [E11] batch 1540 | loss=0.2975 | acc=0.953
[F2] [E11] batch 1560 | loss=0.3198 | acc=0.953
[F2] [E11] batch 1580 | loss=0.3328 | acc=0.953
[F2] [E11] batch 1600 | loss=0.2922 | acc=0.969
[F2] [E11] batch 1620 | loss=0.2668 | acc=0.984
[F2] [E11] batch 1640 | loss=0.2701 | acc=1.000
[F2] [E11] batch 1660 | loss=0.2968 | acc=0.969
[F2] [E11] batch 1680 | loss=0.3255 | acc=0.938
[F2] [E11] batch 1700 | loss=0.2660 | acc=1.000
[F2] [E11] batch 1720 | loss=0.2759 | acc=0.984
[F2] [E11] batch 1740 | loss=0.2854 | acc=0.984
[F2] [E11] batch 1760 | loss=0.3646 | acc=0.938
[F2] [E11] batch 1780 | loss=0.3221 | acc=0.969
[F2] [E11] batch 1800 | loss=0.3011 | acc=0.969
[F2] [E11] batch 1820 | loss=0.4370 | acc=0.922
[F2] [E11] batch 1840 | loss=0.2940 | acc=0.969
[F2] [E11] batch 1860 | loss=0.3153 | acc=0.969
[F2] [E11] batch 1880 | loss=0.3019 | acc=0.953
[F2] [E11] batch 1900 | loss=0.3379 | acc=0.969
[F2] [E11] total_loss=598.994 | VAL acc=0.961 | F1=0.835 | kappa=0.906
[F2] [E12] batch 0000 | loss=0.3349 | acc=0.969
[F2] [E12] batch 0020 | loss=0.3631 | acc=0.891
[F2] [E12] batch 0040 | loss=0.2834 | acc=0.969
[F2] [E12] batch 0060 | loss=0.2640 | acc=0.969
[F2] [E12] batch 0080 | loss=0.2845 | acc=0.953
[F2] [E12] batch 0100 | loss=0.2703 | acc=0.984
[F2] [E12] batch 0120 | loss=0.3011 | acc=0.984
[F2] [E12] batch 0140 | loss=0.4083 | acc=0.906
[F2] [E12] batch 0160 | loss=0.3144 | acc=0.969
[F2] [E12] batch 0180 | loss=0.2945 | acc=0.969
[F2] [E12] batch 0200 | loss=0.3056 | acc=0.953
[F2] [E12] batch 0220 | loss=0.3331 | acc=0.969
[F2] [E12] batch 0240 | loss=0.2726 | acc=0.984
[F2] [E12] batch 0260 | loss=0.3349 | acc=0.984
[F2] [E12] batch 0280 | loss=0.3625 | acc=0.906
[F2] [E12] batch 0300 | loss=0.3645 | acc=0.938
[F2] [E12] batch 0320 | loss=0.3436 | acc=0.938
[F2] [E12] batch 0340 | loss=0.2785 | acc=0.969
[F2] [E12] batch 0360 | loss=0.2648 | acc=0.984
[F2] [E12] batch 0380 | loss=0.2687 | acc=0.969
[F2] [E12] batch 0400 | loss=0.2518 | acc=0.984
[F2] [E12] batch 0420 | loss=0.4301 | acc=0.938
[F2] [E12] batch 0440 | loss=0.3221 | acc=0.953
[F2] [E12] batch 0460 | loss=0.2557 | acc=0.984
[F2] [E12] batch 0480 | loss=0.3800 | acc=0.906
[F2] [E12] batch 0500 | loss=0.3664 | acc=0.906
[F2] [E12] batch 0520 | loss=0.2895 | acc=0.953
[F2] [E12] batch 0540 | loss=0.2935 | acc=0.969
[F2] [E12] batch 0560 | loss=0.2447 | acc=1.000
[F2] [E12] batch 0580 | loss=0.3530 | acc=0.938
[F2] [E12] batch 0600 | loss=0.2474 | acc=1.000
[F2] [E12] batch 0620 | loss=0.3040 | acc=0.953
[F2] [E12] batch 0640 | loss=0.3110 | acc=0.953
[F2] [E12] batch 0660 | loss=0.2766 | acc=0.984
[F2] [E12] batch 0680 | loss=0.3661 | acc=0.922
[F2] [E12] batch 0700 | loss=0.3514 | acc=0.953
[F2] [E12] batch 0720 | loss=0.3913 | acc=0.906
[F2] [E12] batch 0740 | loss=0.2502 | acc=0.984
[F2] [E12] batch 0760 | loss=0.3105 | acc=0.953
[F2] [E12] batch 0780 | loss=0.2849 | acc=0.984
[F2] [E12] batch 0800 | loss=0.2892 | acc=0.969
[F2] [E12] batch 0820 | loss=0.2801 | acc=0.984
[F2] [E12] batch 0840 | loss=0.3550 | acc=0.938
[F2] [E12] batch 0860 | loss=0.3523 | acc=0.922
[F2] [E12] batch 0880 | loss=0.2748 | acc=0.984
[F2] [E12] batch 0900 | loss=0.3063 | acc=0.953
[F2] [E12] batch 0920 | loss=0.3123 | acc=0.953
[F2] [E12] batch 0940 | loss=0.2931 | acc=0.969
[F2] [E12] batch 0960 | loss=0.2758 | acc=0.984
[F2] [E12] batch 0980 | loss=0.2715 | acc=0.969
[F2] [E12] batch 1000 | loss=0.2738 | acc=0.984
[F2] [E12] batch 1020 | loss=0.2652 | acc=0.984
[F2] [E12] batch 1040 | loss=0.4317 | acc=0.906
[F2] [E12] batch 1060 | loss=0.3017 | acc=0.984
[F2] [E12] batch 1080 | loss=0.3382 | acc=0.953
[F2] [E12] batch 1100 | loss=0.3334 | acc=0.938
[F2] [E12] batch 1120 | loss=0.2837 | acc=0.969
[F2] [E12] batch 1140 | loss=0.2638 | acc=0.984
[F2] [E12] batch 1160 | loss=0.2909 | acc=0.969
[F2] [E12] batch 1180 | loss=0.3294 | acc=0.953
[F2] [E12] batch 1200 | loss=0.2671 | acc=0.969
[F2] [E12] batch 1220 | loss=0.3004 | acc=0.984
[F2] [E12] batch 1240 | loss=0.3281 | acc=0.953
[F2] [E12] batch 1260 | loss=0.2501 | acc=1.000
[F2] [E12] batch 1280 | loss=0.2715 | acc=0.984
[F2] [E12] batch 1300 | loss=0.4010 | acc=0.922
[F2] [E12] batch 1320 | loss=0.3178 | acc=0.953
[F2] [E12] batch 1340 | loss=0.2984 | acc=0.969
[F2] [E12] batch 1360 | loss=0.3248 | acc=0.953
[F2] [E12] batch 1380 | loss=0.2683 | acc=0.984
[F2] [E12] batch 1400 | loss=0.2763 | acc=0.984
[F2] [E12] batch 1420 | loss=0.3484 | acc=0.953
[F2] [E12] batch 1440 | loss=0.2663 | acc=0.969
[F2] [E12] batch 1460 | loss=0.3229 | acc=0.938
[F2] [E12] batch 1480 | loss=0.2711 | acc=0.984
[F2] [E12] batch 1500 | loss=0.3514 | acc=0.938
[F2] [E12] batch 1520 | loss=0.2622 | acc=0.984
[F2] [E12] batch 1540 | loss=0.2618 | acc=0.969
[F2] [E12] batch 1560 | loss=0.2841 | acc=0.984
[F2] [E12] batch 1580 | loss=0.2648 | acc=1.000
[F2] [E12] batch 1600 | loss=0.3447 | acc=0.969
[F2] [E12] batch 1620 | loss=0.4346 | acc=0.891
[F2] [E12] batch 1640 | loss=0.2682 | acc=0.969
[F2] [E12] batch 1660 | loss=0.3259 | acc=0.922
[F2] [E12] batch 1680 | loss=0.3021 | acc=0.938
[F2] [E12] batch 1700 | loss=0.3389 | acc=0.938
[F2] [E12] batch 1720 | loss=0.2840 | acc=0.984
[F2] [E12] batch 1740 | loss=0.3578 | acc=0.938
[F2] [E12] batch 1760 | loss=0.2752 | acc=0.953
[F2] [E12] batch 1780 | loss=0.3281 | acc=0.953
[F2] [E12] batch 1800 | loss=0.3066 | acc=0.969
[F2] [E12] batch 1820 | loss=0.2706 | acc=0.984
[F2] [E12] batch 1840 | loss=0.3225 | acc=0.969
[F2] [E12] batch 1860 | loss=0.2788 | acc=0.969
[F2] [E12] batch 1880 | loss=0.2953 | acc=0.969
[F2] [E12] batch 1900 | loss=0.3689 | acc=0.922
[F2] [E12] total_loss=595.035 | VAL acc=0.959 | F1=0.812 | kappa=0.901
[F2] [E13] batch 0000 | loss=0.3033 | acc=0.953
[F2] [E13] batch 0020 | loss=0.2928 | acc=0.953
[F2] [E13] batch 0040 | loss=0.3049 | acc=0.969
[F2] [E13] batch 0060 | loss=0.3433 | acc=0.922
[F2] [E13] batch 0080 | loss=0.2591 | acc=0.984
[F2] [E13] batch 0100 | loss=0.3106 | acc=0.953
[F2] [E13] batch 0120 | loss=0.3089 | acc=0.969
[F2] [E13] batch 0140 | loss=0.2621 | acc=0.984
[F2] [E13] batch 0160 | loss=0.3433 | acc=0.938
[F2] [E13] batch 0180 | loss=0.2550 | acc=1.000
[F2] [E13] batch 0200 | loss=0.3265 | acc=0.938
[F2] [E13] batch 0220 | loss=0.2846 | acc=0.953
[F2] [E13] batch 0240 | loss=0.3089 | acc=0.969
[F2] [E13] batch 0260 | loss=0.2902 | acc=0.969
[F2] [E13] batch 0280 | loss=0.3098 | acc=0.969
[F2] [E13] batch 0300 | loss=0.2913 | acc=0.953
[F2] [E13] batch 0320 | loss=0.3030 | acc=0.984
[F2] [E13] batch 0340 | loss=0.3199 | acc=0.953
[F2] [E13] batch 0360 | loss=0.3224 | acc=0.953
[F2] [E13] batch 0380 | loss=0.2803 | acc=0.969
[F2] [E13] batch 0400 | loss=0.2462 | acc=1.000
[F2] [E13] batch 0420 | loss=0.3318 | acc=0.938
[F2] [E13] batch 0440 | loss=0.3248 | acc=0.953
[F2] [E13] batch 0460 | loss=0.3139 | acc=0.969
[F2] [E13] batch 0480 | loss=0.3089 | acc=0.953
[F2] [E13] batch 0500 | loss=0.3341 | acc=0.953
[F2] [E13] batch 0520 | loss=0.3648 | acc=0.922
[F2] [E13] batch 0540 | loss=0.2834 | acc=0.953
[F2] [E13] batch 0560 | loss=0.3143 | acc=0.953
[F2] [E13] batch 0580 | loss=0.2815 | acc=0.969
[F2] [E13] batch 0600 | loss=0.3359 | acc=0.953
[F2] [E13] batch 0620 | loss=0.3017 | acc=0.953
[F2] [E13] batch 0640 | loss=0.2703 | acc=0.984
[F2] [E13] batch 0660 | loss=0.2746 | acc=0.984
[F2] [E13] batch 0680 | loss=0.3132 | acc=0.953
[F2] [E13] batch 0700 | loss=0.3297 | acc=0.953
[F2] [E13] batch 0720 | loss=0.2714 | acc=0.969
[F2] [E13] batch 0740 | loss=0.3120 | acc=0.969
[F2] [E13] batch 0760 | loss=0.3100 | acc=0.953
[F2] [E13] batch 0780 | loss=0.2405 | acc=1.000
[F2] [E13] batch 0800 | loss=0.3478 | acc=0.906
[F2] [E13] batch 0820 | loss=0.3671 | acc=0.922
[F2] [E13] batch 0840 | loss=0.3335 | acc=0.938
[F2] [E13] batch 0860 | loss=0.3208 | acc=0.969
[F2] [E13] batch 0880 | loss=0.2694 | acc=0.984
[F2] [E13] batch 0900 | loss=0.3092 | acc=0.953
[F2] [E13] batch 0920 | loss=0.3373 | acc=0.938
[F2] [E13] batch 0940 | loss=0.3593 | acc=0.953
[F2] [E13] batch 0960 | loss=0.2884 | acc=0.984
[F2] [E13] batch 0980 | loss=0.3052 | acc=0.953
[F2] [E13] batch 1000 | loss=0.3303 | acc=0.938
[F2] [E13] batch 1020 | loss=0.2843 | acc=0.969
[F2] [E13] batch 1040 | loss=0.3165 | acc=0.953
[F2] [E13] batch 1060 | loss=0.3172 | acc=0.938
[F2] [E13] batch 1080 | loss=0.4585 | acc=0.922
[F2] [E13] batch 1100 | loss=0.2810 | acc=0.969
[F2] [E13] batch 1120 | loss=0.2586 | acc=1.000
[F2] [E13] batch 1140 | loss=0.3418 | acc=0.922
[F2] [E13] batch 1160 | loss=0.3139 | acc=0.953
[F2] [E13] batch 1180 | loss=0.3090 | acc=0.969
[F2] [E13] batch 1200 | loss=0.3035 | acc=0.969
[F2] [E13] batch 1220 | loss=0.3301 | acc=0.938
[F2] [E13] batch 1240 | loss=0.3265 | acc=0.953
[F2] [E13] batch 1260 | loss=0.4736 | acc=0.891
[F2] [E13] batch 1280 | loss=0.2918 | acc=0.953
[F2] [E13] batch 1300 | loss=0.2636 | acc=1.000
[F2] [E13] batch 1320 | loss=0.2953 | acc=0.938
[F2] [E13] batch 1340 | loss=0.2781 | acc=0.969
[F2] [E13] batch 1360 | loss=0.2986 | acc=0.953
[F2] [E13] batch 1380 | loss=0.3490 | acc=0.938
[F2] [E13] batch 1400 | loss=0.3856 | acc=0.922
[F2] [E13] batch 1420 | loss=0.2759 | acc=0.969
[F2] [E13] batch 1440 | loss=0.2823 | acc=0.984
[F2] [E13] batch 1460 | loss=0.2840 | acc=0.969
[F2] [E13] batch 1480 | loss=0.3228 | acc=0.969
[F2] [E13] batch 1500 | loss=0.3411 | acc=0.906
[F2] [E13] batch 1520 | loss=0.3097 | acc=0.969
[F2] [E13] batch 1540 | loss=0.2794 | acc=0.969
[F2] [E13] batch 1560 | loss=0.3440 | acc=0.969
[F2] [E13] batch 1580 | loss=0.3349 | acc=0.953
[F2] [E13] batch 1600 | loss=0.2585 | acc=0.984
[F2] [E13] batch 1620 | loss=0.3571 | acc=0.938
[F2] [E13] batch 1640 | loss=0.3921 | acc=0.906
[F2] [E13] batch 1660 | loss=0.3980 | acc=0.953
[F2] [E13] batch 1680 | loss=0.2754 | acc=0.953
[F2] [E13] batch 1700 | loss=0.3257 | acc=0.938
[F2] [E13] batch 1720 | loss=0.3405 | acc=0.938
[F2] [E13] batch 1740 | loss=0.4102 | acc=0.938
[F2] [E13] batch 1760 | loss=0.2767 | acc=0.969
[F2] [E13] batch 1780 | loss=0.3789 | acc=0.922
[F2] [E13] batch 1800 | loss=0.3878 | acc=0.938
[F2] [E13] batch 1820 | loss=0.2620 | acc=1.000
[F2] [E13] batch 1840 | loss=0.2568 | acc=0.984
[F2] [E13] batch 1860 | loss=0.3957 | acc=0.922
[F2] [E13] batch 1880 | loss=0.2945 | acc=0.984
[F2] [E13] batch 1900 | loss=0.2687 | acc=0.984
[F2] [E13] total_loss=591.303 | VAL acc=0.952 | F1=0.808 | kappa=0.885
[F2] [E14] batch 0000 | loss=0.3482 | acc=0.938
[F2] [E14] batch 0020 | loss=0.2603 | acc=0.984
[F2] [E14] batch 0040 | loss=0.3262 | acc=0.953
[F2] [E14] batch 0060 | loss=0.3435 | acc=0.953
[F2] [E14] batch 0080 | loss=0.2669 | acc=0.969
[F2] [E14] batch 0100 | loss=0.2694 | acc=0.984
[F2] [E14] batch 0120 | loss=0.2720 | acc=0.984
[F2] [E14] batch 0140 | loss=0.2659 | acc=1.000
[F2] [E14] batch 0160 | loss=0.3495 | acc=0.938
[F2] [E14] batch 0180 | loss=0.3162 | acc=0.938
[F2] [E14] batch 0200 | loss=0.2295 | acc=1.000
[F2] [E14] batch 0220 | loss=0.2915 | acc=0.969
[F2] [E14] batch 0240 | loss=0.4271 | acc=0.891
[F2] [E14] batch 0260 | loss=0.3280 | acc=0.938
[F2] [E14] batch 0280 | loss=0.2872 | acc=0.953
[F2] [E14] batch 0300 | loss=0.2525 | acc=1.000
[F2] [E14] batch 0320 | loss=0.3045 | acc=0.953
[F2] [E14] batch 0340 | loss=0.2788 | acc=0.953
[F2] [E14] batch 0360 | loss=0.3660 | acc=0.906
[F2] [E14] batch 0380 | loss=0.4066 | acc=0.922
[F2] [E14] batch 0400 | loss=0.2460 | acc=1.000
[F2] [E14] batch 0420 | loss=0.2801 | acc=0.984
[F2] [E14] batch 0440 | loss=0.2516 | acc=0.984
[F2] [E14] batch 0460 | loss=0.2830 | acc=0.984
[F2] [E14] batch 0480 | loss=0.3091 | acc=0.938
[F2] [E14] batch 0500 | loss=0.3040 | acc=0.953
[F2] [E14] batch 0520 | loss=0.3584 | acc=0.953
[F2] [E14] batch 0540 | loss=0.2712 | acc=0.984
[F2] [E14] batch 0560 | loss=0.2910 | acc=0.953
[F2] [E14] batch 0580 | loss=0.3620 | acc=0.953
[F2] [E14] batch 0600 | loss=0.3100 | acc=0.969
[F2] [E14] batch 0620 | loss=0.2765 | acc=0.984
[F2] [E14] batch 0640 | loss=0.2784 | acc=0.969
[F2] [E14] batch 0660 | loss=0.3941 | acc=0.906
[F2] [E14] batch 0680 | loss=0.2558 | acc=0.984
[F2] [E14] batch 0700 | loss=0.3097 | acc=0.953
[F2] [E14] batch 0720 | loss=0.3487 | acc=0.922
[F2] [E14] batch 0740 | loss=0.2758 | acc=0.984
[F2] [E14] batch 0760 | loss=0.3153 | acc=0.969
[F2] [E14] batch 0780 | loss=0.3393 | acc=0.938
[F2] [E14] batch 0800 | loss=0.2318 | acc=1.000
[F2] [E14] batch 0820 | loss=0.2783 | acc=0.984
[F2] [E14] batch 0840 | loss=0.2434 | acc=1.000
[F2] [E14] batch 0860 | loss=0.2826 | acc=0.953
[F2] [E14] batch 0880 | loss=0.3266 | acc=0.953
[F2] [E14] batch 0900 | loss=0.3557 | acc=0.922
[F2] [E14] batch 0920 | loss=0.3385 | acc=0.953
[F2] [E14] batch 0940 | loss=0.2842 | acc=0.953
[F2] [E14] batch 0960 | loss=0.4068 | acc=0.922
[F2] [E14] batch 0980 | loss=0.3503 | acc=0.953
[F2] [E14] batch 1000 | loss=0.3235 | acc=0.938
[F2] [E14] batch 1020 | loss=0.2747 | acc=0.984
[F2] [E14] batch 1040 | loss=0.3672 | acc=0.922
[F2] [E14] batch 1060 | loss=0.3235 | acc=0.922
[F2] [E14] batch 1080 | loss=0.3697 | acc=0.938
[F2] [E14] batch 1100 | loss=0.3065 | acc=0.969
[F2] [E14] batch 1120 | loss=0.3153 | acc=0.984
[F2] [E14] batch 1140 | loss=0.3284 | acc=0.969
[F2] [E14] batch 1160 | loss=0.2550 | acc=0.984
[F2] [E14] batch 1180 | loss=0.2956 | acc=0.969
[F2] [E14] batch 1200 | loss=0.3185 | acc=0.938
[F2] [E14] batch 1220 | loss=0.2851 | acc=0.984
[F2] [E14] batch 1240 | loss=0.2446 | acc=0.984
[F2] [E14] batch 1260 | loss=0.2936 | acc=0.953
[F2] [E14] batch 1280 | loss=0.3048 | acc=0.938
[F2] [E14] batch 1300 | loss=0.2638 | acc=0.969
[F2] [E14] batch 1320 | loss=0.3367 | acc=0.938
[F2] [E14] batch 1340 | loss=0.3032 | acc=0.969
[F2] [E14] batch 1360 | loss=0.2944 | acc=0.969
[F2] [E14] batch 1380 | loss=0.3177 | acc=0.938
[F2] [E14] batch 1400 | loss=0.3269 | acc=0.953
[F2] [E14] batch 1420 | loss=0.2730 | acc=0.984
[F2] [E14] batch 1440 | loss=0.2561 | acc=1.000
[F2] [E14] batch 1460 | loss=0.4098 | acc=0.938
[F2] [E14] batch 1480 | loss=0.2626 | acc=0.984
[F2] [E14] batch 1500 | loss=0.2626 | acc=0.984
[F2] [E14] batch 1520 | loss=0.3184 | acc=0.953
[F2] [E14] batch 1540 | loss=0.3025 | acc=0.953
[F2] [E14] batch 1560 | loss=0.3092 | acc=0.969
[F2] [E14] batch 1580 | loss=0.2606 | acc=0.969
[F2] [E14] batch 1600 | loss=0.2856 | acc=0.984
[F2] [E14] batch 1620 | loss=0.3366 | acc=0.938
[F2] [E14] batch 1640 | loss=0.3037 | acc=0.953
[F2] [E14] batch 1660 | loss=0.2728 | acc=0.984
[F2] [E14] batch 1680 | loss=0.2454 | acc=1.000
[F2] [E14] batch 1700 | loss=0.4535 | acc=0.891
[F2] [E14] batch 1720 | loss=0.2452 | acc=0.984
[F2] [E14] batch 1740 | loss=0.3084 | acc=0.984
[F2] [E14] batch 1760 | loss=0.2562 | acc=0.984
[F2] [E14] batch 1780 | loss=0.3257 | acc=0.953
[F2] [E14] batch 1800 | loss=0.2458 | acc=0.984
[F2] [E14] batch 1820 | loss=0.2360 | acc=1.000
[F2] [E14] batch 1840 | loss=0.2469 | acc=1.000
[F2] [E14] batch 1860 | loss=0.2829 | acc=0.984
[F2] [E14] batch 1880 | loss=0.3122 | acc=0.953
[F2] [E14] batch 1900 | loss=0.3512 | acc=0.938
[F2] [E14] total_loss=578.284 | VAL acc=0.963 | F1=0.837 | kappa=0.911
[F2] [E15] batch 0000 | loss=0.3119 | acc=0.953
[F2] [E15] batch 0020 | loss=0.3133 | acc=0.938
[F2] [E15] batch 0040 | loss=0.3953 | acc=0.906
[F2] [E15] batch 0060 | loss=0.2724 | acc=0.984
[F2] [E15] batch 0080 | loss=0.3152 | acc=0.953
[F2] [E15] batch 0100 | loss=0.3124 | acc=0.969
[F2] [E15] batch 0120 | loss=0.3128 | acc=0.938
[F2] [E15] batch 0140 | loss=0.3038 | acc=0.953
[F2] [E15] batch 0160 | loss=0.3817 | acc=0.906
[F2] [E15] batch 0180 | loss=0.2895 | acc=0.953
[F2] [E15] batch 0200 | loss=0.2811 | acc=0.969
[F2] [E15] batch 0220 | loss=0.2524 | acc=1.000
[F2] [E15] batch 0240 | loss=0.3551 | acc=0.953
[F2] [E15] batch 0260 | loss=0.3077 | acc=0.953
[F2] [E15] batch 0280 | loss=0.2990 | acc=0.984
[F2] [E15] batch 0300 | loss=0.2636 | acc=0.984
[F2] [E15] batch 0320 | loss=0.4563 | acc=0.922
[F2] [E15] batch 0340 | loss=0.2574 | acc=0.984
[F2] [E15] batch 0360 | loss=0.3229 | acc=0.938
[F2] [E15] batch 0380 | loss=0.2968 | acc=0.953
[F2] [E15] batch 0400 | loss=0.3356 | acc=0.938
[F2] [E15] batch 0420 | loss=0.3683 | acc=0.938
[F2] [E15] batch 0440 | loss=0.2846 | acc=0.969
[F2] [E15] batch 0460 | loss=0.2455 | acc=1.000
[F2] [E15] batch 0480 | loss=0.2569 | acc=0.984
[F2] [E15] batch 0500 | loss=0.2856 | acc=0.984
[F2] [E15] batch 0520 | loss=0.3108 | acc=0.969
[F2] [E15] batch 0540 | loss=0.2784 | acc=0.984
[F2] [E15] batch 0560 | loss=0.3105 | acc=0.969
[F2] [E15] batch 0580 | loss=0.3046 | acc=0.969
[F2] [E15] batch 0600 | loss=0.3247 | acc=0.938
[F2] [E15] batch 0620 | loss=0.2712 | acc=0.969
[F2] [E15] batch 0640 | loss=0.2514 | acc=0.984
[F2] [E15] batch 0660 | loss=0.3685 | acc=0.938
[F2] [E15] batch 0680 | loss=0.2707 | acc=0.969
[F2] [E15] batch 0700 | loss=0.3239 | acc=0.922
[F2] [E15] batch 0720 | loss=0.2465 | acc=1.000
[F2] [E15] batch 0740 | loss=0.3628 | acc=0.953
[F2] [E15] batch 0760 | loss=0.3956 | acc=0.906
[F2] [E15] batch 0780 | loss=0.2903 | acc=0.984
[F2] [E15] batch 0800 | loss=0.3146 | acc=0.938
[F2] [E15] batch 0820 | loss=0.3005 | acc=0.969
[F2] [E15] batch 0840 | loss=0.2651 | acc=1.000
[F2] [E15] batch 0860 | loss=0.2762 | acc=0.984
[F2] [E15] batch 0880 | loss=0.2399 | acc=1.000
[F2] [E15] batch 0900 | loss=0.2877 | acc=0.984
[F2] [E15] batch 0920 | loss=0.3390 | acc=0.906
[F2] [E15] batch 0940 | loss=0.2539 | acc=1.000
[F2] [E15] batch 0960 | loss=0.3670 | acc=0.906
[F2] [E15] batch 0980 | loss=0.2808 | acc=0.953
[F2] [E15] batch 1000 | loss=0.2779 | acc=0.984
[F2] [E15] batch 1020 | loss=0.2470 | acc=1.000
[F2] [E15] batch 1040 | loss=0.2899 | acc=0.969
[F2] [E15] batch 1060 | loss=0.4132 | acc=0.906
[F2] [E15] batch 1080 | loss=0.2917 | acc=0.969
[F2] [E15] batch 1100 | loss=0.2719 | acc=0.969
[F2] [E15] batch 1120 | loss=0.3375 | acc=0.953
[F2] [E15] batch 1140 | loss=0.2783 | acc=1.000
[F2] [E15] batch 1160 | loss=0.2952 | acc=0.953
[F2] [E15] batch 1180 | loss=0.2739 | acc=0.969
[F2] [E15] batch 1200 | loss=0.3042 | acc=0.953
[F2] [E15] batch 1220 | loss=0.3124 | acc=0.922
[F2] [E15] batch 1240 | loss=0.3287 | acc=0.938
[F2] [E15] batch 1260 | loss=0.2534 | acc=0.984
[F2] [E15] batch 1280 | loss=0.2770 | acc=0.953
[F2] [E15] batch 1300 | loss=0.2699 | acc=0.953
[F2] [E15] batch 1320 | loss=0.3060 | acc=0.953
[F2] [E15] batch 1340 | loss=0.3874 | acc=0.922
[F2] [E15] batch 1360 | loss=0.2699 | acc=0.953
[F2] [E15] batch 1380 | loss=0.3198 | acc=0.953
[F2] [E15] batch 1400 | loss=0.2491 | acc=1.000
[F2] [E15] batch 1420 | loss=0.2588 | acc=0.984
[F2] [E15] batch 1440 | loss=0.3046 | acc=0.938
[F2] [E15] batch 1460 | loss=0.2804 | acc=0.953
[F2] [E15] batch 1480 | loss=0.2986 | acc=0.969
[F2] [E15] batch 1500 | loss=0.3007 | acc=0.953
[F2] [E15] batch 1520 | loss=0.2687 | acc=0.984
[F2] [E15] batch 1540 | loss=0.2937 | acc=0.953
[F2] [E15] batch 1560 | loss=0.3906 | acc=0.922
[F2] [E15] batch 1580 | loss=0.3204 | acc=0.969
[F2] [E15] batch 1600 | loss=0.2848 | acc=0.969
[F2] [E15] batch 1620 | loss=0.2790 | acc=0.969
[F2] [E15] batch 1640 | loss=0.2990 | acc=0.953
[F2] [E15] batch 1660 | loss=0.3005 | acc=0.969
[F2] [E15] batch 1680 | loss=0.2716 | acc=1.000
[F2] [E15] batch 1700 | loss=0.2692 | acc=0.984
[F2] [E15] batch 1720 | loss=0.2911 | acc=0.938
[F2] [E15] batch 1740 | loss=0.3308 | acc=0.953
[F2] [E15] batch 1760 | loss=0.2301 | acc=1.000
[F2] [E15] batch 1780 | loss=0.2830 | acc=0.969
[F2] [E15] batch 1800 | loss=0.2707 | acc=0.969
[F2] [E15] batch 1820 | loss=0.3477 | acc=0.922
[F2] [E15] batch 1840 | loss=0.2778 | acc=0.984
[F2] [E15] batch 1860 | loss=0.2759 | acc=0.984
[F2] [E15] batch 1880 | loss=0.2934 | acc=0.969
[F2] [E15] batch 1900 | loss=0.2540 | acc=1.000
[F2] [E15] total_loss=573.408 | VAL acc=0.961 | F1=0.824 | kappa=0.905
[F2] [E16] batch 0000 | loss=0.2800 | acc=0.969
[F2] [E16] batch 0020 | loss=0.2706 | acc=0.984
[F2] [E16] batch 0040 | loss=0.2736 | acc=0.984
[F2] [E16] batch 0060 | loss=0.2751 | acc=0.984
[F2] [E16] batch 0080 | loss=0.2847 | acc=0.969
[F2] [E16] batch 0100 | loss=0.2651 | acc=0.969
[F2] [E16] batch 0120 | loss=0.2993 | acc=0.969
[F2] [E16] batch 0140 | loss=0.2862 | acc=0.969
[F2] [E16] batch 0160 | loss=0.2320 | acc=1.000
[F2] [E16] batch 0180 | loss=0.2706 | acc=0.984
[F2] [E16] batch 0200 | loss=0.3944 | acc=0.922
[F2] [E16] batch 0220 | loss=0.3341 | acc=0.953
[F2] [E16] batch 0240 | loss=0.2611 | acc=0.984
[F2] [E16] batch 0260 | loss=0.2953 | acc=0.984
[F2] [E16] batch 0280 | loss=0.2932 | acc=0.969
[F2] [E16] batch 0300 | loss=0.2413 | acc=1.000
[F2] [E16] batch 0320 | loss=0.2971 | acc=0.953
[F2] [E16] batch 0340 | loss=0.2950 | acc=0.953
[F2] [E16] batch 0360 | loss=0.3014 | acc=0.969
[F2] [E16] batch 0380 | loss=0.2870 | acc=0.969
[F2] [E16] batch 0400 | loss=0.2898 | acc=0.953
[F2] [E16] batch 0420 | loss=0.3255 | acc=0.953
[F2] [E16] batch 0440 | loss=0.2440 | acc=1.000
[F2] [E16] batch 0460 | loss=0.3604 | acc=0.922
[F2] [E16] batch 0480 | loss=0.2917 | acc=0.984
[F2] [E16] batch 0500 | loss=0.2795 | acc=0.984
[F2] [E16] batch 0520 | loss=0.2896 | acc=0.984
[F2] [E16] batch 0540 | loss=0.2574 | acc=0.984
[F2] [E16] batch 0560 | loss=0.3087 | acc=0.938
[F2] [E16] batch 0580 | loss=0.2692 | acc=0.984
[F2] [E16] batch 0600 | loss=0.3008 | acc=0.953
[F2] [E16] batch 0620 | loss=0.3038 | acc=0.953
[F2] [E16] batch 0640 | loss=0.3583 | acc=0.953
[F2] [E16] batch 0660 | loss=0.2814 | acc=0.969
[F2] [E16] batch 0680 | loss=0.3270 | acc=0.953
[F2] [E16] batch 0700 | loss=0.3099 | acc=0.953
[F2] [E16] batch 0720 | loss=0.3135 | acc=0.953
[F2] [E16] batch 0740 | loss=0.3645 | acc=0.938
[F2] [E16] batch 0760 | loss=0.3027 | acc=0.953
[F2] [E16] batch 0780 | loss=0.2637 | acc=0.984
[F2] [E16] batch 0800 | loss=0.3179 | acc=0.969
[F2] [E16] batch 0820 | loss=0.3709 | acc=0.938
[F2] [E16] batch 0840 | loss=0.3001 | acc=0.984
[F2] [E16] batch 0860 | loss=0.3503 | acc=0.922
[F2] [E16] batch 0880 | loss=0.2892 | acc=0.984
[F2] [E16] batch 0900 | loss=0.3346 | acc=0.953
[F2] [E16] batch 0920 | loss=0.3115 | acc=0.984
[F2] [E16] batch 0940 | loss=0.3350 | acc=0.953
[F2] [E16] batch 0960 | loss=0.2578 | acc=0.984
[F2] [E16] batch 0980 | loss=0.2566 | acc=0.984
[F2] [E16] batch 1000 | loss=0.3358 | acc=0.938
[F2] [E16] batch 1020 | loss=0.3463 | acc=0.938
[F2] [E16] batch 1040 | loss=0.3085 | acc=0.953
[F2] [E16] batch 1060 | loss=0.2983 | acc=0.969
[F2] [E16] batch 1080 | loss=0.3103 | acc=0.969
[F2] [E16] batch 1100 | loss=0.2657 | acc=0.984
[F2] [E16] batch 1120 | loss=0.3720 | acc=0.922
[F2] [E16] batch 1140 | loss=0.3395 | acc=0.922
[F2] [E16] batch 1160 | loss=0.2681 | acc=1.000
[F2] [E16] batch 1180 | loss=0.2781 | acc=0.969
[F2] [E16] batch 1200 | loss=0.3046 | acc=0.953
[F2] [E16] batch 1220 | loss=0.3225 | acc=0.969
[F2] [E16] batch 1240 | loss=0.2853 | acc=0.953
[F2] [E16] batch 1260 | loss=0.3200 | acc=0.953
[F2] [E16] batch 1280 | loss=0.2732 | acc=0.969
[F2] [E16] batch 1300 | loss=0.2474 | acc=1.000
[F2] [E16] batch 1320 | loss=0.3447 | acc=0.922
[F2] [E16] batch 1340 | loss=0.2901 | acc=0.984
[F2] [E16] batch 1360 | loss=0.3239 | acc=0.906
[F2] [E16] batch 1380 | loss=0.2867 | acc=0.984
[F2] [E16] batch 1400 | loss=0.3031 | acc=0.984
[F2] [E16] batch 1420 | loss=0.2851 | acc=0.969
[F2] [E16] batch 1440 | loss=0.2843 | acc=0.969
[F2] [E16] batch 1460 | loss=0.2685 | acc=0.984
[F2] [E16] batch 1480 | loss=0.3797 | acc=0.922
[F2] [E16] batch 1500 | loss=0.2835 | acc=0.969
[F2] [E16] batch 1520 | loss=0.2740 | acc=0.969
[F2] [E16] batch 1540 | loss=0.2993 | acc=0.969
[F2] [E16] batch 1560 | loss=0.2784 | acc=0.984
[F2] [E16] batch 1580 | loss=0.3146 | acc=0.969
[F2] [E16] batch 1600 | loss=0.3407 | acc=0.953
[F2] [E16] batch 1620 | loss=0.3024 | acc=0.953
[F2] [E16] batch 1640 | loss=0.4136 | acc=0.953
[F2] [E16] batch 1660 | loss=0.2517 | acc=0.984
[F2] [E16] batch 1680 | loss=0.3454 | acc=0.938
[F2] [E16] batch 1700 | loss=0.2735 | acc=0.984
[F2] [E16] batch 1720 | loss=0.2505 | acc=1.000
[F2] [E16] batch 1740 | loss=0.2665 | acc=0.984
[F2] [E16] batch 1760 | loss=0.3023 | acc=0.953
[F2] [E16] batch 1780 | loss=0.3143 | acc=0.953
[F2] [E16] batch 1800 | loss=0.3026 | acc=0.969
[F2] [E16] batch 1820 | loss=0.2692 | acc=0.984
[F2] [E16] batch 1840 | loss=0.4156 | acc=0.891
[F2] [E16] batch 1860 | loss=0.3619 | acc=0.922
[F2] [E16] batch 1880 | loss=0.3607 | acc=0.938
[F2] [E16] batch 1900 | loss=0.2616 | acc=0.969
[F2] [E16] total_loss=570.317 | VAL acc=0.962 | F1=0.835 | kappa=0.906
[F2] [E17] batch 0000 | loss=0.2908 | acc=0.984
[F2] [E17] batch 0020 | loss=0.2994 | acc=0.938
[F2] [E17] batch 0040 | loss=0.2639 | acc=0.984
[F2] [E17] batch 0060 | loss=0.2901 | acc=0.953
[F2] [E17] batch 0080 | loss=0.2916 | acc=0.953
[F2] [E17] batch 0100 | loss=0.4234 | acc=0.906
[F2] [E17] batch 0120 | loss=0.4535 | acc=0.906
[F2] [E17] batch 0140 | loss=0.2595 | acc=0.969
[F2] [E17] batch 0160 | loss=0.3388 | acc=0.922
[F2] [E17] batch 0180 | loss=0.3030 | acc=0.969
[F2] [E17] batch 0200 | loss=0.2498 | acc=0.984
[F2] [E17] batch 0220 | loss=0.2750 | acc=0.984
[F2] [E17] batch 0240 | loss=0.3059 | acc=0.969
[F2] [E17] batch 0260 | loss=0.3095 | acc=0.953
[F2] [E17] batch 0280 | loss=0.2576 | acc=0.984
[F2] [E17] batch 0300 | loss=0.3065 | acc=0.938
[F2] [E17] batch 0320 | loss=0.3738 | acc=0.938
[F2] [E17] batch 0340 | loss=0.3637 | acc=0.938
[F2] [E17] batch 0360 | loss=0.2920 | acc=0.953
[F2] [E17] batch 0380 | loss=0.2904 | acc=0.969
[F2] [E17] batch 0400 | loss=0.3388 | acc=0.953
[F2] [E17] batch 0420 | loss=0.2666 | acc=0.969
[F2] [E17] batch 0440 | loss=0.2523 | acc=0.984
[F2] [E17] batch 0460 | loss=0.2554 | acc=1.000
[F2] [E17] batch 0480 | loss=0.2821 | acc=0.984
[F2] [E17] batch 0500 | loss=0.3318 | acc=0.953
[F2] [E17] batch 0520 | loss=0.2494 | acc=0.984
[F2] [E17] batch 0540 | loss=0.2660 | acc=0.984
[F2] [E17] batch 0560 | loss=0.3080 | acc=0.969
[F2] [E17] batch 0580 | loss=0.2744 | acc=0.984
[F2] [E17] batch 0600 | loss=0.2805 | acc=0.969
[F2] [E17] batch 0620 | loss=0.3260 | acc=0.938
[F2] [E17] batch 0640 | loss=0.3797 | acc=0.938
[F2] [E17] batch 0660 | loss=0.2550 | acc=0.984
[F2] [E17] batch 0680 | loss=0.2698 | acc=0.984
[F2] [E17] batch 0700 | loss=0.2888 | acc=0.953
[F2] [E17] batch 0720 | loss=0.2548 | acc=0.984
[F2] [E17] batch 0740 | loss=0.2765 | acc=0.984
[F2] [E17] batch 0760 | loss=0.2981 | acc=0.969
[F2] [E17] batch 0780 | loss=0.2364 | acc=1.000
[F2] [E17] batch 0800 | loss=0.4473 | acc=0.922
[F2] [E17] batch 0820 | loss=0.3043 | acc=0.969
[F2] [E17] batch 0840 | loss=0.2733 | acc=0.984
[F2] [E17] batch 0860 | loss=0.2885 | acc=0.953
[F2] [E17] batch 0880 | loss=0.2701 | acc=0.984
[F2] [E17] batch 0900 | loss=0.2891 | acc=0.969
[F2] [E17] batch 0920 | loss=0.2543 | acc=0.984
[F2] [E17] batch 0940 | loss=0.2635 | acc=0.969
[F2] [E17] batch 0960 | loss=0.3241 | acc=0.938
[F2] [E17] batch 0980 | loss=0.4274 | acc=0.906
[F2] [E17] batch 1000 | loss=0.3903 | acc=0.922
[F2] [E17] batch 1020 | loss=0.3025 | acc=0.953
[F2] [E17] batch 1040 | loss=0.2840 | acc=0.969
[F2] [E17] batch 1060 | loss=0.3406 | acc=0.938
[F2] [E17] batch 1080 | loss=0.2395 | acc=1.000
[F2] [E17] batch 1100 | loss=0.2643 | acc=0.984
[F2] [E17] batch 1120 | loss=0.2528 | acc=1.000
[F2] [E17] batch 1140 | loss=0.2832 | acc=0.984
[F2] [E17] batch 1160 | loss=0.2427 | acc=0.984
[F2] [E17] batch 1180 | loss=0.2766 | acc=0.984
[F2] [E17] batch 1200 | loss=0.2628 | acc=0.984
[F2] [E17] batch 1220 | loss=0.2874 | acc=0.953
[F2] [E17] batch 1240 | loss=0.2670 | acc=0.984
[F2] [E17] batch 1260 | loss=0.2862 | acc=0.953
[F2] [E17] batch 1280 | loss=0.3001 | acc=0.984
[F2] [E17] batch 1300 | loss=0.3199 | acc=0.922
[F2] [E17] batch 1320 | loss=0.2605 | acc=1.000
[F2] [E17] batch 1340 | loss=0.2509 | acc=1.000
[F2] [E17] batch 1360 | loss=0.2436 | acc=1.000
[F2] [E17] batch 1380 | loss=0.2936 | acc=0.984
[F2] [E17] batch 1400 | loss=0.2740 | acc=0.969
[F2] [E17] batch 1420 | loss=0.2778 | acc=0.984
[F2] [E17] batch 1440 | loss=0.2715 | acc=0.984
[F2] [E17] batch 1460 | loss=0.4196 | acc=0.938
[F2] [E17] batch 1480 | loss=0.2689 | acc=0.984
[F2] [E17] batch 1500 | loss=0.2737 | acc=0.984
[F2] [E17] batch 1520 | loss=0.3594 | acc=0.953
[F2] [E17] batch 1540 | loss=0.2708 | acc=0.969
[F2] [E17] batch 1560 | loss=0.3444 | acc=0.953
[F2] [E17] batch 1580 | loss=0.2852 | acc=0.984
[F2] [E17] batch 1600 | loss=0.3048 | acc=0.953
[F2] [E17] batch 1620 | loss=0.3526 | acc=0.891
[F2] [E17] batch 1640 | loss=0.2964 | acc=0.953
[F2] [E17] batch 1660 | loss=0.3229 | acc=0.953
[F2] [E17] batch 1680 | loss=0.2366 | acc=1.000
[F2] [E17] batch 1700 | loss=0.3166 | acc=0.953
[F2] [E17] batch 1720 | loss=0.3252 | acc=0.969
[F2] [E17] batch 1740 | loss=0.2962 | acc=0.984
[F2] [E17] batch 1760 | loss=0.2518 | acc=0.984
[F2] [E17] batch 1780 | loss=0.2627 | acc=0.969
[F2] [E17] batch 1800 | loss=0.3188 | acc=0.938
[F2] [E17] batch 1820 | loss=0.2908 | acc=0.984
[F2] [E17] batch 1840 | loss=0.3248 | acc=0.953
[F2] [E17] batch 1860 | loss=0.2654 | acc=0.984
[F2] [E17] batch 1880 | loss=0.3186 | acc=0.938
[F2] [E17] batch 1900 | loss=0.2719 | acc=0.984
[F2] [E17] total_loss=567.263 | VAL acc=0.964 | F1=0.831 | kappa=0.913
[F2] [E18] batch 0000 | loss=0.2855 | acc=0.969
[F2] [E18] batch 0020 | loss=0.2751 | acc=0.969
[F2] [E18] batch 0040 | loss=0.2467 | acc=1.000
[F2] [E18] batch 0060 | loss=0.3387 | acc=0.953
[F2] [E18] batch 0080 | loss=0.2983 | acc=0.969
[F2] [E18] batch 0100 | loss=0.2968 | acc=0.969
[F2] [E18] batch 0120 | loss=0.3904 | acc=0.953
[F2] [E18] batch 0140 | loss=0.2762 | acc=0.953
[F2] [E18] batch 0160 | loss=0.3162 | acc=0.984
[F2] [E18] batch 0180 | loss=0.2942 | acc=0.969
[F2] [E18] batch 0200 | loss=0.3017 | acc=0.953
[F2] [E18] batch 0220 | loss=0.2730 | acc=0.969
[F2] [E18] batch 0240 | loss=0.2611 | acc=0.984
[F2] [E18] batch 0260 | loss=0.4079 | acc=0.938
[F2] [E18] batch 0280 | loss=0.3388 | acc=0.953
[F2] [E18] batch 0300 | loss=0.3109 | acc=0.938
[F2] [E18] batch 0320 | loss=0.2734 | acc=0.969
[F2] [E18] batch 0340 | loss=0.2560 | acc=0.984
[F2] [E18] batch 0360 | loss=0.3395 | acc=0.969
[F2] [E18] batch 0380 | loss=0.3210 | acc=0.922
[F2] [E18] batch 0400 | loss=0.2908 | acc=0.969
[F2] [E18] batch 0420 | loss=0.2843 | acc=0.984
[F2] [E18] batch 0440 | loss=0.2774 | acc=0.984
[F2] [E18] batch 0460 | loss=0.2838 | acc=0.969
[F2] [E18] batch 0480 | loss=0.2702 | acc=0.984
[F2] [E18] batch 0500 | loss=0.3175 | acc=0.969
[F2] [E18] batch 0520 | loss=0.2711 | acc=0.969
[F2] [E18] batch 0540 | loss=0.2809 | acc=0.984
[F2] [E18] batch 0560 | loss=0.2571 | acc=1.000
[F2] [E18] batch 0580 | loss=0.2496 | acc=1.000
[F2] [E18] batch 0600 | loss=0.3122 | acc=0.953
[F2] [E18] batch 0620 | loss=0.4161 | acc=0.922
[F2] [E18] batch 0640 | loss=0.2778 | acc=0.984
[F2] [E18] batch 0660 | loss=0.2362 | acc=1.000
[F2] [E18] batch 0680 | loss=0.2411 | acc=1.000
[F2] [E18] batch 0700 | loss=0.2643 | acc=0.984
[F2] [E18] batch 0720 | loss=0.2606 | acc=1.000
[F2] [E18] batch 0740 | loss=0.2714 | acc=0.969
[F2] [E18] batch 0760 | loss=0.2547 | acc=0.984
[F2] [E18] batch 0780 | loss=0.2606 | acc=0.984
[F2] [E18] batch 0800 | loss=0.2459 | acc=1.000
[F2] [E18] batch 0820 | loss=0.2796 | acc=0.984
[F2] [E18] batch 0840 | loss=0.3779 | acc=0.953
[F2] [E18] batch 0860 | loss=0.2889 | acc=0.969
[F2] [E18] batch 0880 | loss=0.3243 | acc=0.938
[F2] [E18] batch 0900 | loss=0.3051 | acc=0.953
[F2] [E18] batch 0920 | loss=0.2568 | acc=0.984
[F2] [E18] batch 0940 | loss=0.2500 | acc=1.000
[F2] [E18] batch 0960 | loss=0.2531 | acc=1.000
[F2] [E18] batch 0980 | loss=0.2414 | acc=1.000
[F2] [E18] batch 1000 | loss=0.2379 | acc=1.000
[F2] [E18] batch 1020 | loss=0.3114 | acc=0.953
[F2] [E18] batch 1040 | loss=0.3558 | acc=0.953
[F2] [E18] batch 1060 | loss=0.2980 | acc=0.969
[F2] [E18] batch 1080 | loss=0.2910 | acc=0.969
[F2] [E18] batch 1100 | loss=0.3171 | acc=0.938
[F2] [E18] batch 1120 | loss=0.3167 | acc=0.953
[F2] [E18] batch 1140 | loss=0.3807 | acc=0.922
[F2] [E18] batch 1160 | loss=0.3184 | acc=0.938
[F2] [E18] batch 1180 | loss=0.3070 | acc=0.969
[F2] [E18] batch 1200 | loss=0.3355 | acc=0.938
[F2] [E18] batch 1220 | loss=0.2914 | acc=0.969
[F2] [E18] batch 1240 | loss=0.2384 | acc=1.000
[F2] [E18] batch 1260 | loss=0.2690 | acc=0.984
[F2] [E18] batch 1280 | loss=0.2533 | acc=0.984
[F2] [E18] batch 1300 | loss=0.2971 | acc=0.969
[F2] [E18] batch 1320 | loss=0.2972 | acc=0.969
[F2] [E18] batch 1340 | loss=0.2975 | acc=0.969
[F2] [E18] batch 1360 | loss=0.3224 | acc=0.953
[F2] [E18] batch 1380 | loss=0.2701 | acc=0.984
[F2] [E18] batch 1400 | loss=0.2743 | acc=0.969
[F2] [E18] batch 1420 | loss=0.3033 | acc=0.953
[F2] [E18] batch 1440 | loss=0.2542 | acc=0.984
[F2] [E18] batch 1460 | loss=0.2492 | acc=0.984
[F2] [E18] batch 1480 | loss=0.3104 | acc=0.969
[F2] [E18] batch 1500 | loss=0.2437 | acc=0.984
[F2] [E18] batch 1520 | loss=0.3257 | acc=0.969
[F2] [E18] batch 1540 | loss=0.3240 | acc=0.953
[F2] [E18] batch 1560 | loss=0.3112 | acc=0.938
[F2] [E18] batch 1580 | loss=0.2387 | acc=1.000
[F2] [E18] batch 1600 | loss=0.2419 | acc=1.000
[F2] [E18] batch 1620 | loss=0.2869 | acc=0.984
[F2] [E18] batch 1640 | loss=0.2712 | acc=0.969
[F2] [E18] batch 1660 | loss=0.2518 | acc=0.984
[F2] [E18] batch 1680 | loss=0.3772 | acc=0.938
[F2] [E18] batch 1700 | loss=0.2807 | acc=0.969
[F2] [E18] batch 1720 | loss=0.3556 | acc=0.906
[F2] [E18] batch 1740 | loss=0.2833 | acc=0.969
[F2] [E18] batch 1760 | loss=0.2865 | acc=0.969
[F2] [E18] batch 1780 | loss=0.2886 | acc=0.938
[F2] [E18] batch 1800 | loss=0.2430 | acc=1.000
[F2] [E18] batch 1820 | loss=0.2662 | acc=0.969
[F2] [E18] batch 1840 | loss=0.2579 | acc=0.984
[F2] [E18] batch 1860 | loss=0.3416 | acc=0.938
[F2] [E18] batch 1880 | loss=0.3107 | acc=0.969
[F2] [E18] batch 1900 | loss=0.2764 | acc=0.969
[F2] [E18] total_loss=559.496 | VAL acc=0.963 | F1=0.838 | kappa=0.911
[F2] [E19] batch 0000 | loss=0.2853 | acc=0.953
[F2] [E19] batch 0020 | loss=0.2600 | acc=0.984
[F2] [E19] batch 0040 | loss=0.3721 | acc=0.938
[F2] [E19] batch 0060 | loss=0.2674 | acc=0.984
[F2] [E19] batch 0080 | loss=0.2726 | acc=0.969
[F2] [E19] batch 0100 | loss=0.2553 | acc=1.000
[F2] [E19] batch 0120 | loss=0.2622 | acc=0.969
[F2] [E19] batch 0140 | loss=0.3045 | acc=0.969
[F2] [E19] batch 0160 | loss=0.2780 | acc=0.969
[F2] [E19] batch 0180 | loss=0.2669 | acc=0.969
[F2] [E19] batch 0200 | loss=0.4045 | acc=0.953
[F2] [E19] batch 0220 | loss=0.3072 | acc=0.969
[F2] [E19] batch 0240 | loss=0.2503 | acc=0.984
[F2] [E19] batch 0260 | loss=0.2399 | acc=0.984
[F2] [E19] batch 0280 | loss=0.3552 | acc=0.922
[F2] [E19] batch 0300 | loss=0.2775 | acc=0.969
[F2] [E19] batch 0320 | loss=0.3288 | acc=0.938
[F2] [E19] batch 0340 | loss=0.2801 | acc=0.953
[F2] [E19] batch 0360 | loss=0.3045 | acc=0.953
[F2] [E19] batch 0380 | loss=0.2510 | acc=0.984
[F2] [E19] batch 0400 | loss=0.2694 | acc=0.984
[F2] [E19] batch 0420 | loss=0.2666 | acc=0.984
[F2] [E19] batch 0440 | loss=0.3234 | acc=0.953
[F2] [E19] batch 0460 | loss=0.3165 | acc=0.938
[F2] [E19] batch 0480 | loss=0.2705 | acc=0.984
[F2] [E19] batch 0500 | loss=0.2880 | acc=0.969
[F2] [E19] batch 0520 | loss=0.2969 | acc=0.953
[F2] [E19] batch 0540 | loss=0.3038 | acc=0.984
[F2] [E19] batch 0560 | loss=0.2711 | acc=0.984
[F2] [E19] batch 0580 | loss=0.3631 | acc=0.938
[F2] [E19] batch 0600 | loss=0.2911 | acc=0.969
[F2] [E19] batch 0620 | loss=0.2481 | acc=0.984
[F2] [E19] batch 0640 | loss=0.2333 | acc=1.000
[F2] [E19] batch 0660 | loss=0.2635 | acc=0.969
[F2] [E19] batch 0680 | loss=0.3020 | acc=0.969
[F2] [E19] batch 0700 | loss=0.2933 | acc=0.953
[F2] [E19] batch 0720 | loss=0.2838 | acc=0.984
[F2] [E19] batch 0740 | loss=0.2833 | acc=0.969
[F2] [E19] batch 0760 | loss=0.3354 | acc=0.938
[F2] [E19] batch 0780 | loss=0.2787 | acc=0.969
[F2] [E19] batch 0800 | loss=0.3529 | acc=0.922
[F2] [E19] batch 0820 | loss=0.2465 | acc=1.000
[F2] [E19] batch 0840 | loss=0.2844 | acc=0.969
[F2] [E19] batch 0860 | loss=0.3362 | acc=0.938
[F2] [E19] batch 0880 | loss=0.2790 | acc=0.984
[F2] [E19] batch 0900 | loss=0.2508 | acc=0.984
[F2] [E19] batch 0920 | loss=0.2531 | acc=0.984
[F2] [E19] batch 0940 | loss=0.2986 | acc=0.969
[F2] [E19] batch 0960 | loss=0.2824 | acc=0.953
[F2] [E19] batch 0980 | loss=0.2727 | acc=0.969
[F2] [E19] batch 1000 | loss=0.2857 | acc=0.953
[F2] [E19] batch 1020 | loss=0.2582 | acc=1.000
[F2] [E19] batch 1040 | loss=0.3102 | acc=0.969
[F2] [E19] batch 1060 | loss=0.2635 | acc=0.984
[F2] [E19] batch 1080 | loss=0.3080 | acc=0.969
[F2] [E19] batch 1100 | loss=0.4102 | acc=0.891
[F2] [E19] batch 1120 | loss=0.2604 | acc=1.000
[F2] [E19] batch 1140 | loss=0.2633 | acc=0.984
[F2] [E19] batch 1160 | loss=0.3751 | acc=0.953
[F2] [E19] batch 1180 | loss=0.2601 | acc=0.984
[F2] [E19] batch 1200 | loss=0.2324 | acc=1.000
[F2] [E19] batch 1220 | loss=0.2746 | acc=0.984
[F2] [E19] batch 1240 | loss=0.2638 | acc=0.984
[F2] [E19] batch 1260 | loss=0.2532 | acc=0.984
[F2] [E19] batch 1280 | loss=0.2903 | acc=0.953
[F2] [E19] batch 1300 | loss=0.2938 | acc=0.984
[F2] [E19] batch 1320 | loss=0.2780 | acc=0.969
[F2] [E19] batch 1340 | loss=0.3500 | acc=0.938
[F2] [E19] batch 1360 | loss=0.2674 | acc=1.000
[F2] [E19] batch 1380 | loss=0.3914 | acc=0.922
[F2] [E19] batch 1400 | loss=0.3490 | acc=0.938
[F2] [E19] batch 1420 | loss=0.2456 | acc=1.000
[F2] [E19] batch 1440 | loss=0.2904 | acc=0.969
[F2] [E19] batch 1460 | loss=0.2756 | acc=0.969
[F2] [E19] batch 1480 | loss=0.2888 | acc=0.984
[F2] [E19] batch 1500 | loss=0.2574 | acc=0.984
[F2] [E19] batch 1520 | loss=0.3593 | acc=0.938
[F2] [E19] batch 1540 | loss=0.2995 | acc=0.969
[F2] [E19] batch 1560 | loss=0.2620 | acc=0.984
[F2] [E19] batch 1580 | loss=0.2931 | acc=0.969
[F2] [E19] batch 1600 | loss=0.2772 | acc=0.969
[F2] [E19] batch 1620 | loss=0.2707 | acc=0.969
[F2] [E19] batch 1640 | loss=0.2917 | acc=0.953
[F2] [E19] batch 1660 | loss=0.3046 | acc=0.938
[F2] [E19] batch 1680 | loss=0.3293 | acc=0.938
[F2] [E19] batch 1700 | loss=0.2546 | acc=0.984
[F2] [E19] batch 1720 | loss=0.2668 | acc=0.984
[F2] [E19] batch 1740 | loss=0.2888 | acc=0.953
[F2] [E19] batch 1760 | loss=0.2854 | acc=0.969
[F2] [E19] batch 1780 | loss=0.3232 | acc=0.953
[F2] [E19] batch 1800 | loss=0.4420 | acc=0.922
[F2] [E19] batch 1820 | loss=0.2625 | acc=0.984
[F2] [E19] batch 1840 | loss=0.2927 | acc=0.953
[F2] [E19] batch 1860 | loss=0.2902 | acc=0.953
[F2] [E19] batch 1880 | loss=0.2477 | acc=1.000
[F2] [E19] batch 1900 | loss=0.3010 | acc=0.984
[F2] [E19] total_loss=559.183 | VAL acc=0.965 | F1=0.832 | kappa=0.914
[STOP] Early stopping fold=2
[F2] TEST acc=0.943 | macro-F1=0.811 | kappa=0.886
[F2] time=23.2 min
[SAVE] /scratch/lustre/home/viju8335/projects/sleep-staging-bsc/results/cv_seqtransformer_fold2.json
END: Wed Dec 24 23:55:28 EET 2025
